2020-05-23 21:57:36,013 INFO - Initialize application (at simulation time 10.000,000,000 s)
2020-05-23 21:57:36,014 INFO - Activated Cell Module (at simulation time 10.000,000,000 s)
2020-05-23 21:57:36,014 DEBUG - No Sensor/Event detected (at simulation time 10.000,000,000 s)
2020-05-23 21:57:36,034 INFO - Received message from cell from WeatherServer (at simulation time 10.573,729,185 s)
2020-05-23 21:57:36,034 INFO - Processing DEN message (at simulation time 10.573,729,185 s)
2020-05-23 21:57:36,034 DEBUG - Handle Environment Warning Message. Processing...
2020-05-23 21:57:36,034 DEBUG - DENM content: Sensor Type: Ice (at simulation time 10.573,729,185 s)
2020-05-23 21:57:36,034 DEBUG - DENM content: Event position: GeoPoint{lat|lon=[40.810904,-73.961969]} (at simulation time 10.573,729,185 s)
2020-05-23 21:57:36,035 DEBUG - DENM content: Event Strength: 0 (at simulation time 10.573,729,185 s)
2020-05-23 21:57:36,035 DEBUG - DENM content: Road Id of the Sender: 195743140_42428844_1506591536 (at simulation time 10.573,729,185 s)
2020-05-23 21:57:36,035 DEBUG - CurrVehicle: position: com.dcaiti.vsimrti.lib.routing.scenariodatabase.road.ScenarioDatabaseRoadPosition@54ddef9 (at simulation time 10.573,729,185 s)
2020-05-23 21:57:36,035 DEBUG - CurrVehicle: route: 1 (at simulation time 10.573,729,185 s)
2020-05-23 21:57:36,035 INFO - The Event is on the vehicle's route 195743140_42428844_1506591536 = 195743140_42428844_1506591536 (at simulation time 10.573,729,185 s)
2020-05-23 21:57:36,065 INFO - Sending Change Route Command at position: GeoPoint{lat|lon=[40.805107,-73.959934]} (at simulation time 10.573,729,185 s)
2020-05-23 21:57:36,076 DEBUG - No Sensor/Event detected (at simulation time 11.000,000,000 s)
2020-05-23 21:57:36,182 DEBUG - No Sensor/Event detected (at simulation time 12.000,000,000 s)
2020-05-23 21:57:36,270 INFO - Received message from cell from WeatherServer (at simulation time 12.181,405,998 s)
2020-05-23 21:57:36,272 INFO - Processing DEN message (at simulation time 12.181,405,998 s)
2020-05-23 21:57:36,273 DEBUG - Handle Environment Warning Message. Processing...
2020-05-23 21:57:36,273 INFO - Route already changed (at simulation time 12.181,405,998 s)
2020-05-23 21:57:36,280 DEBUG - No Sensor/Event detected (at simulation time 13.000,000,000 s)
2020-05-23 21:57:36,325 DEBUG - No Sensor/Event detected (at simulation time 14.000,000,000 s)
2020-05-23 21:57:36,440 INFO - Received message from cell from WeatherServer (at simulation time 14.291,500,248 s)
2020-05-23 21:57:36,440 INFO - Processing DEN message (at simulation time 14.291,500,248 s)
2020-05-23 21:57:36,440 DEBUG - Handle Environment Warning Message. Processing...
2020-05-23 21:57:36,440 INFO - Route already changed (at simulation time 14.291,500,248 s)
2020-05-23 21:57:36,448 DEBUG - No Sensor/Event detected (at simulation time 15.000,000,000 s)
2020-05-23 21:57:36,503 DEBUG - No Sensor/Event detected (at simulation time 16.000,000,000 s)
2020-05-23 21:57:36,532 INFO - Received message from cell from WeatherServer (at simulation time 16.362,121,723 s)
2020-05-23 21:57:36,532 INFO - Processing DEN message (at simulation time 16.362,121,723 s)
2020-05-23 21:57:36,532 DEBUG - Handle Environment Warning Message. Processing...
2020-05-23 21:57:36,532 INFO - Route already changed (at simulation time 16.362,121,723 s)
2020-05-23 21:57:36,539 DEBUG - No Sensor/Event detected (at simulation time 17.000,000,000 s)
2020-05-23 21:57:36,567 DEBUG - No Sensor/Event detected (at simulation time 18.000,000,000 s)
2020-05-23 21:57:36,585 INFO - Received message from cell from WeatherServer (at simulation time 18.295,448,609 s)
2020-05-23 21:57:36,587 INFO - Processing DEN message (at simulation time 18.295,448,609 s)
2020-05-23 21:57:36,587 DEBUG - Handle Environment Warning Message. Processing...
2020-05-23 21:57:36,588 INFO - Route already changed (at simulation time 18.295,448,609 s)
2020-05-23 21:57:36,595 DEBUG - No Sensor/Event detected (at simulation time 19.000,000,000 s)
2020-05-23 21:57:36,614 DEBUG - No Sensor/Event detected (at simulation time 20.000,000,000 s)
2020-05-23 21:57:36,656 INFO - Received message from cell from WeatherServer (at simulation time 20.252,426,125 s)
2020-05-23 21:57:36,671 INFO - Processing DEN message (at simulation time 20.252,426,125 s)
2020-05-23 21:57:36,674 DEBUG - Handle Environment Warning Message. Processing...
2020-05-23 21:57:36,674 INFO - Route already changed (at simulation time 20.252,426,125 s)
2020-05-23 21:57:36,706 DEBUG - No Sensor/Event detected (at simulation time 21.000,000,000 s)
2020-05-23 21:57:36,722 DEBUG - No Sensor/Event detected (at simulation time 22.000,000,000 s)
2020-05-23 21:57:36,736 INFO - Received message from cell from WeatherServer (at simulation time 22.209,127,127 s)
2020-05-23 21:57:36,736 INFO - Processing DEN message (at simulation time 22.209,127,127 s)
2020-05-23 21:57:36,736 DEBUG - Handle Environment Warning Message. Processing...
2020-05-23 21:57:36,736 INFO - Route already changed (at simulation time 22.209,127,127 s)
2020-05-23 21:57:36,743 DEBUG - No Sensor/Event detected (at simulation time 23.000,000,000 s)
2020-05-23 21:57:36,749 DEBUG - No Sensor/Event detected (at simulation time 24.000,000,000 s)
2020-05-23 21:57:36,786 INFO - Received message from cell from WeatherServer (at simulation time 24.176,001,237 s)
2020-05-23 21:57:36,786 INFO - Processing DEN message (at simulation time 24.176,001,237 s)
2020-05-23 21:57:36,786 DEBUG - Handle Environment Warning Message. Processing...
2020-05-23 21:57:36,786 INFO - Route already changed (at simulation time 24.176,001,237 s)
2020-05-23 21:57:36,790 DEBUG - No Sensor/Event detected (at simulation time 25.000,000,000 s)
2020-05-23 21:57:36,801 DEBUG - No Sensor/Event detected (at simulation time 26.000,000,000 s)
2020-05-23 21:57:36,810 INFO - Received message from cell from WeatherServer (at simulation time 26.230,722,175 s)
2020-05-23 21:57:36,811 INFO - Processing DEN message (at simulation time 26.230,722,175 s)
2020-05-23 21:57:36,811 DEBUG - Handle Environment Warning Message. Processing...
2020-05-23 21:57:36,811 INFO - Route already changed (at simulation time 26.230,722,175 s)
2020-05-23 21:57:36,817 DEBUG - No Sensor/Event detected (at simulation time 27.000,000,000 s)
2020-05-23 21:57:36,822 DEBUG - No Sensor/Event detected (at simulation time 28.000,000,000 s)
2020-05-23 21:57:36,833 INFO - Received message from cell from WeatherServer (at simulation time 28.409,253,711 s)
2020-05-23 21:57:36,833 INFO - Processing DEN message (at simulation time 28.409,253,711 s)
2020-05-23 21:57:36,833 DEBUG - Handle Environment Warning Message. Processing...
2020-05-23 21:57:36,833 INFO - Route already changed (at simulation time 28.409,253,711 s)
2020-05-23 21:57:36,837 DEBUG - No Sensor/Event detected (at simulation time 29.000,000,000 s)
2020-05-23 21:57:36,849 DEBUG - No Sensor/Event detected (at simulation time 30.000,000,000 s)
2020-05-23 21:57:36,939 INFO - Received message from cell from WeatherServer (at simulation time 30.251,460,826 s)
2020-05-23 21:57:36,939 INFO - Processing DEN message (at simulation time 30.251,460,826 s)
2020-05-23 21:57:36,939 DEBUG - Handle Environment Warning Message. Processing...
2020-05-23 21:57:36,939 INFO - Route already changed (at simulation time 30.251,460,826 s)
2020-05-23 21:57:36,945 DEBUG - No Sensor/Event detected (at simulation time 31.000,000,000 s)
2020-05-23 21:57:36,959 DEBUG - No Sensor/Event detected (at simulation time 32.000,000,000 s)
2020-05-23 21:57:36,972 INFO - Received message from cell from WeatherServer (at simulation time 32.185,978,617 s)
2020-05-23 21:57:36,972 INFO - Processing DEN message (at simulation time 32.185,978,617 s)
2020-05-23 21:57:36,972 DEBUG - Handle Environment Warning Message. Processing...
2020-05-23 21:57:36,972 INFO - Route already changed (at simulation time 32.185,978,617 s)
2020-05-23 21:57:36,987 DEBUG - No Sensor/Event detected (at simulation time 33.000,000,000 s)
2020-05-23 21:57:36,993 DEBUG - No Sensor/Event detected (at simulation time 34.000,000,000 s)
2020-05-23 21:57:37,002 INFO - Received message from cell from WeatherServer (at simulation time 34.293,522,570 s)
2020-05-23 21:57:37,002 INFO - Processing DEN message (at simulation time 34.293,522,570 s)
2020-05-23 21:57:37,002 DEBUG - Handle Environment Warning Message. Processing...
2020-05-23 21:57:37,002 INFO - Route already changed (at simulation time 34.293,522,570 s)
2020-05-23 21:57:37,012 DEBUG - No Sensor/Event detected (at simulation time 35.000,000,000 s)
2020-05-23 21:57:37,019 DEBUG - No Sensor/Event detected (at simulation time 36.000,000,000 s)
2020-05-23 21:57:37,029 INFO - Received message from cell from WeatherServer (at simulation time 36.346,424,894 s)
2020-05-23 21:57:37,029 INFO - Processing DEN message (at simulation time 36.346,424,894 s)
2020-05-23 21:57:37,029 DEBUG - Handle Environment Warning Message. Processing...
2020-05-23 21:57:37,029 INFO - Route already changed (at simulation time 36.346,424,894 s)
2020-05-23 21:57:37,043 DEBUG - No Sensor/Event detected (at simulation time 37.000,000,000 s)
2020-05-23 21:57:37,057 DEBUG - No Sensor/Event detected (at simulation time 38.000,000,000 s)
2020-05-23 21:57:37,090 INFO - Received message from cell from WeatherServer (at simulation time 38.178,603,638 s)
2020-05-23 21:57:37,090 INFO - Processing DEN message (at simulation time 38.178,603,638 s)
2020-05-23 21:57:37,090 DEBUG - Handle Environment Warning Message. Processing...
2020-05-23 21:57:37,090 INFO - Route already changed (at simulation time 38.178,603,638 s)
2020-05-23 21:57:37,103 DEBUG - No Sensor/Event detected (at simulation time 39.000,000,000 s)
2020-05-23 21:57:37,112 DEBUG - No Sensor/Event detected (at simulation time 40.000,000,000 s)
2020-05-23 21:57:37,128 INFO - Received message from cell from WeatherServer (at simulation time 40.269,367,171 s)
2020-05-23 21:57:37,128 INFO - Processing DEN message (at simulation time 40.269,367,171 s)
2020-05-23 21:57:37,128 DEBUG - Handle Environment Warning Message. Processing...
2020-05-23 21:57:37,128 INFO - Route already changed (at simulation time 40.269,367,171 s)
2020-05-23 21:57:37,134 DEBUG - No Sensor/Event detected (at simulation time 41.000,000,000 s)
2020-05-23 21:57:37,144 DEBUG - No Sensor/Event detected (at simulation time 42.000,000,000 s)
2020-05-23 21:57:37,159 INFO - Received message from cell from WeatherServer (at simulation time 42.854,272,804 s)
2020-05-23 21:57:37,159 INFO - Processing DEN message (at simulation time 42.854,272,804 s)
2020-05-23 21:57:37,159 DEBUG - Handle Environment Warning Message. Processing...
2020-05-23 21:57:37,159 INFO - Route already changed (at simulation time 42.854,272,804 s)
2020-05-23 21:57:37,162 DEBUG - No Sensor/Event detected (at simulation time 43.000,000,000 s)
2020-05-23 21:57:37,169 DEBUG - No Sensor/Event detected (at simulation time 44.000,000,000 s)
2020-05-23 21:57:37,179 INFO - Received message from cell from WeatherServer (at simulation time 44.353,256,193 s)
2020-05-23 21:57:37,179 INFO - Processing DEN message (at simulation time 44.353,256,193 s)
2020-05-23 21:57:37,179 DEBUG - Handle Environment Warning Message. Processing...
2020-05-23 21:57:37,179 INFO - Route already changed (at simulation time 44.353,256,193 s)
2020-05-23 21:57:37,186 DEBUG - No Sensor/Event detected (at simulation time 45.000,000,000 s)
2020-05-23 21:57:37,194 DEBUG - No Sensor/Event detected (at simulation time 46.000,000,000 s)
2020-05-23 21:57:37,202 INFO - Received message from cell from WeatherServer (at simulation time 46.251,655,100 s)
2020-05-23 21:57:37,202 INFO - Processing DEN message (at simulation time 46.251,655,100 s)
2020-05-23 21:57:37,202 DEBUG - Handle Environment Warning Message. Processing...
2020-05-23 21:57:37,202 INFO - Route already changed (at simulation time 46.251,655,100 s)
2020-05-23 21:57:37,215 DEBUG - No Sensor/Event detected (at simulation time 47.000,000,000 s)
2020-05-23 21:57:37,222 DEBUG - No Sensor/Event detected (at simulation time 48.000,000,000 s)
2020-05-23 21:57:37,243 INFO - Received message from cell from WeatherServer (at simulation time 48.300,937,214 s)
2020-05-23 21:57:37,243 INFO - Processing DEN message (at simulation time 48.300,937,214 s)
2020-05-23 21:57:37,243 DEBUG - Handle Environment Warning Message. Processing...
2020-05-23 21:57:37,243 INFO - Route already changed (at simulation time 48.300,937,214 s)
2020-05-23 21:57:37,258 DEBUG - No Sensor/Event detected (at simulation time 49.000,000,000 s)
2020-05-23 21:57:37,320 DEBUG - No Sensor/Event detected (at simulation time 50.000,000,000 s)
2020-05-23 21:57:37,348 INFO - Processing DEN message (at simulation time 50.259,733,487 s)
2020-05-23 21:57:37,348 DEBUG - Handle Environment Warning Message. Processing...
2020-05-23 21:57:37,348 INFO - Route already changed (at simulation time 50.259,733,487 s)
2020-05-23 21:57:37,349 INFO - Received message from cell from WeatherServer (at simulation time 50.289,114,144 s)
2020-05-23 21:57:37,349 INFO - Processing DEN message (at simulation time 50.289,114,144 s)
2020-05-23 21:57:37,349 DEBUG - Handle Environment Warning Message. Processing...
2020-05-23 21:57:37,349 INFO - Route already changed (at simulation time 50.289,114,144 s)
2020-05-23 21:57:37,353 DEBUG - No Sensor/Event detected (at simulation time 51.000,000,000 s)
2020-05-23 21:57:37,358 INFO - Processing DEN message (at simulation time 51.352,041,142 s)
2020-05-23 21:57:37,358 DEBUG - Handle Environment Warning Message. Processing...
2020-05-23 21:57:37,358 INFO - Route already changed (at simulation time 51.352,041,142 s)
2020-05-23 21:57:37,363 DEBUG - No Sensor/Event detected (at simulation time 52.000,000,000 s)
2020-05-23 21:57:37,378 INFO - Processing DEN message (at simulation time 52.249,264,873 s)
2020-05-23 21:57:37,378 DEBUG - Handle Environment Warning Message. Processing...
2020-05-23 21:57:37,378 INFO - Route already changed (at simulation time 52.249,264,873 s)
2020-05-23 21:57:37,380 INFO - Received message from cell from WeatherServer (at simulation time 52.375,966,124 s)
2020-05-23 21:57:37,380 INFO - Processing DEN message (at simulation time 52.375,966,124 s)
2020-05-23 21:57:37,380 DEBUG - Handle Environment Warning Message. Processing...
2020-05-23 21:57:37,380 INFO - Route already changed (at simulation time 52.375,966,124 s)
2020-05-23 21:57:37,383 DEBUG - No Sensor/Event detected (at simulation time 53.000,000,000 s)
2020-05-23 21:57:37,388 INFO - Processing DEN message (at simulation time 53.398,632,414 s)
2020-05-23 21:57:37,388 DEBUG - Handle Environment Warning Message. Processing...
2020-05-23 21:57:37,388 INFO - Route already changed (at simulation time 53.398,632,414 s)
2020-05-23 21:57:37,392 DEBUG - No Sensor/Event detected (at simulation time 54.000,000,000 s)
2020-05-23 21:57:37,401 INFO - Received message from cell from WeatherServer (at simulation time 54.340,294,388 s)
2020-05-23 21:57:37,401 INFO - Processing DEN message (at simulation time 54.340,294,388 s)
2020-05-23 21:57:37,401 DEBUG - Handle Environment Warning Message. Processing...
2020-05-23 21:57:37,401 INFO - Route already changed (at simulation time 54.340,294,388 s)
2020-05-23 21:57:37,406 DEBUG - No Sensor/Event detected (at simulation time 55.000,000,000 s)
2020-05-23 21:57:37,415 DEBUG - No Sensor/Event detected (at simulation time 56.000,000,000 s)
2020-05-23 21:57:37,436 INFO - Received message from cell from WeatherServer (at simulation time 56.230,653,241 s)
2020-05-23 21:57:37,436 INFO - Processing DEN message (at simulation time 56.230,653,241 s)
2020-05-23 21:57:37,436 DEBUG - Handle Environment Warning Message. Processing...
2020-05-23 21:57:37,436 INFO - Route already changed (at simulation time 56.230,653,241 s)
2020-05-23 21:57:37,525 DEBUG - No Sensor/Event detected (at simulation time 57.000,000,000 s)
2020-05-23 21:57:37,531 DEBUG - No Sensor/Event detected (at simulation time 58.000,000,000 s)
2020-05-23 21:57:37,543 INFO - Received message from cell from WeatherServer (at simulation time 58.356,281,637 s)
2020-05-23 21:57:37,543 INFO - Processing DEN message (at simulation time 58.356,281,637 s)
2020-05-23 21:57:37,543 DEBUG - Handle Environment Warning Message. Processing...
2020-05-23 21:57:37,543 INFO - Route already changed (at simulation time 58.356,281,637 s)
2020-05-23 21:57:37,549 DEBUG - No Sensor/Event detected (at simulation time 59.000,000,000 s)
2020-05-23 21:57:37,558 DEBUG - No Sensor/Event detected (at simulation time 60.000,000,000 s)
2020-05-23 21:57:37,566 INFO - Received message from cell from WeatherServer (at simulation time 60.338,492,796 s)
2020-05-23 21:57:37,566 INFO - Processing DEN message (at simulation time 60.338,492,796 s)
2020-05-23 21:57:37,566 DEBUG - Handle Environment Warning Message. Processing...
2020-05-23 21:57:37,566 INFO - Route already changed (at simulation time 60.338,492,796 s)
2020-05-23 21:57:37,570 DEBUG - No Sensor/Event detected (at simulation time 61.000,000,000 s)
2020-05-23 21:57:37,576 DEBUG - No Sensor/Event detected (at simulation time 62.000,000,000 s)
2020-05-23 21:57:37,582 INFO - Received message from cell from WeatherServer (at simulation time 62.349,343,750 s)
2020-05-23 21:57:37,582 INFO - Processing DEN message (at simulation time 62.349,343,750 s)
2020-05-23 21:57:37,582 DEBUG - Handle Environment Warning Message. Processing...
2020-05-23 21:57:37,582 INFO - Route already changed (at simulation time 62.349,343,750 s)
2020-05-23 21:57:37,585 INFO - Sensor Ice event detected (at simulation time 63.000,000,000 s)
2020-05-23 21:57:37,586 DEBUG - Position: GeoPoint{lat|lon=[40.811869,-73.961261]} (at simulation time 63.000,000,000 s)
2020-05-23 21:57:37,586 DEBUG - Event strength to: 1 (at simulation time 63.000,000,000 s)
2020-05-23 21:57:37,586 DEBUG - SensorType to: Ice (at simulation time 63.000,000,000 s)
2020-05-23 21:57:37,586 DEBUG - RoadId on which the event take place: 195743140_42421857_1506591534 (at simulation time 63.000,000,000 s)
2020-05-23 21:57:37,586 INFO - Sending DENM (at simulation time 63.000,000,000 s)
2020-05-23 21:57:37,592 INFO - Processing DEN message (at simulation time 63.297,028,739 s)
2020-05-23 21:57:37,592 DEBUG - Handle Environment Warning Message. Processing...
2020-05-23 21:57:37,592 INFO - Route already changed (at simulation time 63.297,028,739 s)
2020-05-23 21:57:37,597 INFO - Sensor Ice event detected (at simulation time 64.000,000,000 s)
2020-05-23 21:57:37,598 DEBUG - Position: GeoPoint{lat|lon=[40.811796,-73.961314]} (at simulation time 64.000,000,000 s)
2020-05-23 21:57:37,598 DEBUG - Event strength to: 1 (at simulation time 64.000,000,000 s)
2020-05-23 21:57:37,598 DEBUG - SensorType to: Ice (at simulation time 64.000,000,000 s)
2020-05-23 21:57:37,598 DEBUG - RoadId on which the event take place: 195743140_1506591534_42428844 (at simulation time 64.000,000,000 s)
2020-05-23 21:57:37,598 INFO - Sending DENM (at simulation time 64.000,000,000 s)
2020-05-23 21:57:37,608 INFO - Processing DEN message (at simulation time 64.253,565,489 s)
2020-05-23 21:57:37,608 DEBUG - Handle Environment Warning Message. Processing...
2020-05-23 21:57:37,608 INFO - Route already changed (at simulation time 64.253,565,489 s)
2020-05-23 21:57:37,609 INFO - Received message from cell from WeatherServer (at simulation time 64.395,975,282 s)
2020-05-23 21:57:37,609 INFO - Processing DEN message (at simulation time 64.395,975,282 s)
2020-05-23 21:57:37,609 DEBUG - Handle Environment Warning Message. Processing...
2020-05-23 21:57:37,609 INFO - Route already changed (at simulation time 64.395,975,282 s)
2020-05-23 21:57:37,612 INFO - Sensor Ice event detected (at simulation time 65.000,000,000 s)
2020-05-23 21:57:37,612 DEBUG - Position: GeoPoint{lat|lon=[40.811727,-73.961364]} (at simulation time 65.000,000,000 s)
2020-05-23 21:57:37,612 DEBUG - Event strength to: 1 (at simulation time 65.000,000,000 s)
2020-05-23 21:57:37,612 DEBUG - SensorType to: Ice (at simulation time 65.000,000,000 s)
2020-05-23 21:57:37,612 DEBUG - RoadId on which the event take place: 195743140_1506591534_42428844 (at simulation time 65.000,000,000 s)
2020-05-23 21:57:37,613 INFO - Sending DENM (at simulation time 65.000,000,000 s)
2020-05-23 21:57:37,619 INFO - Processing DEN message (at simulation time 65.226,313,536 s)
2020-05-23 21:57:37,619 DEBUG - Handle Environment Warning Message. Processing...
2020-05-23 21:57:37,619 INFO - Route already changed (at simulation time 65.226,313,536 s)
2020-05-23 21:57:37,621 DEBUG - No Sensor/Event detected (at simulation time 66.000,000,000 s)
2020-05-23 21:57:37,628 INFO - Received message from cell from WeatherServer (at simulation time 66.264,886,129 s)
2020-05-23 21:57:37,628 INFO - Processing DEN message (at simulation time 66.264,886,129 s)
2020-05-23 21:57:37,628 DEBUG - Handle Environment Warning Message. Processing...
2020-05-23 21:57:37,628 INFO - Route already changed (at simulation time 66.264,886,129 s)
2020-05-23 21:57:37,639 DEBUG - No Sensor/Event detected (at simulation time 67.000,000,000 s)
2020-05-23 21:57:37,654 DEBUG - No Sensor/Event detected (at simulation time 68.000,000,000 s)
2020-05-23 21:57:37,749 INFO - Received message from cell from WeatherServer (at simulation time 68.290,485,922 s)
2020-05-23 21:57:37,749 INFO - Processing DEN message (at simulation time 68.290,485,922 s)
2020-05-23 21:57:37,749 DEBUG - Handle Environment Warning Message. Processing...
2020-05-23 21:57:37,749 INFO - Route already changed (at simulation time 68.290,485,922 s)
2020-05-23 21:57:37,752 DEBUG - No Sensor/Event detected (at simulation time 69.000,000,000 s)
2020-05-23 21:57:37,760 DEBUG - No Sensor/Event detected (at simulation time 70.000,000,000 s)
2020-05-23 21:57:37,768 INFO - Received message from cell from WeatherServer (at simulation time 70.354,185,732 s)
2020-05-23 21:57:37,768 INFO - Processing DEN message (at simulation time 70.354,185,732 s)
2020-05-23 21:57:37,768 DEBUG - Handle Environment Warning Message. Processing...
2020-05-23 21:57:37,768 INFO - Route already changed (at simulation time 70.354,185,732 s)
2020-05-23 21:57:37,773 DEBUG - No Sensor/Event detected (at simulation time 71.000,000,000 s)
2020-05-23 21:57:37,777 DEBUG - No Sensor/Event detected (at simulation time 72.000,000,000 s)
2020-05-23 21:57:37,783 INFO - Received message from cell from WeatherServer (at simulation time 72.195,350,611 s)
2020-05-23 21:57:37,783 INFO - Processing DEN message (at simulation time 72.195,350,611 s)
2020-05-23 21:57:37,783 DEBUG - Handle Environment Warning Message. Processing...
2020-05-23 21:57:37,783 INFO - Route already changed (at simulation time 72.195,350,611 s)
2020-05-23 21:57:37,788 DEBUG - No Sensor/Event detected (at simulation time 73.000,000,000 s)
2020-05-23 21:57:37,797 DEBUG - No Sensor/Event detected (at simulation time 74.000,000,000 s)
2020-05-23 21:57:37,804 INFO - Received message from cell from WeatherServer (at simulation time 74.286,581,512 s)
2020-05-23 21:57:37,804 INFO - Processing DEN message (at simulation time 74.286,581,512 s)
2020-05-23 21:57:37,804 DEBUG - Handle Environment Warning Message. Processing...
2020-05-23 21:57:37,804 INFO - Route already changed (at simulation time 74.286,581,512 s)
2020-05-23 21:57:37,809 DEBUG - No Sensor/Event detected (at simulation time 75.000,000,000 s)
2020-05-23 21:57:37,814 DEBUG - No Sensor/Event detected (at simulation time 76.000,000,000 s)
2020-05-23 21:57:37,818 INFO - Received message from cell from WeatherServer (at simulation time 76.246,621,462 s)
2020-05-23 21:57:37,818 INFO - Processing DEN message (at simulation time 76.246,621,462 s)
2020-05-23 21:57:37,818 DEBUG - Handle Environment Warning Message. Processing...
2020-05-23 21:57:37,818 INFO - Route already changed (at simulation time 76.246,621,462 s)
2020-05-23 21:57:37,825 DEBUG - No Sensor/Event detected (at simulation time 77.000,000,000 s)
2020-05-23 21:57:37,830 INFO - Processing DEN message (at simulation time 77.291,392,003 s)
2020-05-23 21:57:37,830 DEBUG - Handle Environment Warning Message. Processing...
2020-05-23 21:57:37,830 INFO - Route already changed (at simulation time 77.291,392,003 s)
2020-05-23 21:57:37,834 DEBUG - No Sensor/Event detected (at simulation time 78.000,000,000 s)
2020-05-23 21:57:37,893 INFO - Processing DEN message (at simulation time 78.151,674,610 s)
2020-05-23 21:57:37,893 DEBUG - Handle Environment Warning Message. Processing...
2020-05-23 21:57:37,893 INFO - Route already changed (at simulation time 78.151,674,610 s)
2020-05-23 21:57:37,897 INFO - Received message from cell from WeatherServer (at simulation time 78.250,155,829 s)
2020-05-23 21:57:37,897 INFO - Processing DEN message (at simulation time 78.250,155,829 s)
2020-05-23 21:57:37,897 DEBUG - Handle Environment Warning Message. Processing...
2020-05-23 21:57:37,897 INFO - Route already changed (at simulation time 78.250,155,829 s)
2020-05-23 21:57:37,911 DEBUG - No Sensor/Event detected (at simulation time 79.000,000,000 s)
2020-05-23 21:57:37,916 INFO - Processing DEN message (at simulation time 79.423,603,964 s)
2020-05-23 21:57:37,916 DEBUG - Handle Environment Warning Message. Processing...
2020-05-23 21:57:37,916 INFO - Route already changed (at simulation time 79.423,603,964 s)
2020-05-23 21:57:37,918 DEBUG - No Sensor/Event detected (at simulation time 80.000,000,000 s)
2020-05-23 21:57:37,928 INFO - Received message from cell from WeatherServer (at simulation time 80.340,758,086 s)
2020-05-23 21:57:37,928 INFO - Processing DEN message (at simulation time 80.340,758,086 s)
2020-05-23 21:57:37,928 DEBUG - Handle Environment Warning Message. Processing...
2020-05-23 21:57:37,928 INFO - Route already changed (at simulation time 80.340,758,086 s)
2020-05-23 21:57:37,934 DEBUG - No Sensor/Event detected (at simulation time 81.000,000,000 s)
2020-05-23 21:57:37,939 DEBUG - No Sensor/Event detected (at simulation time 82.000,000,000 s)
2020-05-23 21:57:37,946 INFO - Received message from cell from WeatherServer (at simulation time 82.271,563,603 s)
2020-05-23 21:57:37,946 INFO - Processing DEN message (at simulation time 82.271,563,603 s)
2020-05-23 21:57:37,946 DEBUG - Handle Environment Warning Message. Processing...
2020-05-23 21:57:37,946 INFO - Route already changed (at simulation time 82.271,563,603 s)
2020-05-23 21:57:37,949 DEBUG - No Sensor/Event detected (at simulation time 83.000,000,000 s)
2020-05-23 21:57:37,954 INFO - Processing DEN message (at simulation time 83.162,549,874 s)
2020-05-23 21:57:37,954 DEBUG - Handle Environment Warning Message. Processing...
2020-05-23 21:57:37,954 INFO - Route already changed (at simulation time 83.162,549,874 s)
2020-05-23 21:57:37,959 DEBUG - No Sensor/Event detected (at simulation time 84.000,000,000 s)
2020-05-23 21:57:37,964 INFO - Received message from cell from WeatherServer (at simulation time 84.250,991,477 s)
2020-05-23 21:57:37,964 INFO - Processing DEN message (at simulation time 84.250,991,477 s)
2020-05-23 21:57:37,965 DEBUG - Handle Environment Warning Message. Processing...
2020-05-23 21:57:37,965 INFO - Route already changed (at simulation time 84.250,991,477 s)
2020-05-23 21:57:37,965 INFO - Processing DEN message (at simulation time 84.321,121,465 s)
2020-05-23 21:57:37,965 DEBUG - Handle Environment Warning Message. Processing...
2020-05-23 21:57:37,965 INFO - Route already changed (at simulation time 84.321,121,465 s)
2020-05-23 21:57:37,967 DEBUG - No Sensor/Event detected (at simulation time 85.000,000,000 s)
2020-05-23 21:57:37,973 INFO - Processing DEN message (at simulation time 85.358,549,682 s)
2020-05-23 21:57:37,973 DEBUG - Handle Environment Warning Message. Processing...
2020-05-23 21:57:37,973 INFO - Route already changed (at simulation time 85.358,549,682 s)
2020-05-23 21:57:37,975 DEBUG - No Sensor/Event detected (at simulation time 86.000,000,000 s)
2020-05-23 21:57:37,980 INFO - Received message from cell from WeatherServer (at simulation time 86.527,386,276 s)
2020-05-23 21:57:37,980 INFO - Processing DEN message (at simulation time 86.527,386,276 s)
2020-05-23 21:57:37,980 DEBUG - Handle Environment Warning Message. Processing...
2020-05-23 21:57:37,980 INFO - Route already changed (at simulation time 86.527,386,276 s)
2020-05-23 21:57:37,982 DEBUG - No Sensor/Event detected (at simulation time 87.000,000,000 s)
2020-05-23 21:57:37,986 INFO - Shutdown application (at simulation time 88.000,000,000 s)
