2020-05-23 21:57:36,009 WARN - Could not check operating system of Application. Skipping check.
2020-05-23 21:57:36,012 DEBUG - Successfully instantiated the class com.columbia.vsimrti.applications.lasalle.vehicle.LasalleWeatherWarningAppCell
2020-05-23 21:57:36,013 DEBUG - Successfully instantiated the class com.columbia.vsimrti.applications.lasalle.vehicle.LasalleSlowDownApp
2020-05-23 21:57:36,013 DEBUG - #tearUp at simulation time 10.000,000,000 s
2020-05-23 21:57:36,014 DEBUG - #preProcessEvent at simulation time 10.000,000,000 s with resource class VehicleInfo and nice -99999900
2020-05-23 21:57:36,034 DEBUG - #preProcessEvent at simulation time 10.573,729,185 s with resource class ReceivedV2XMessage and nice -99999100
2020-05-23 21:57:36,035 DEBUG - NavigationModule#calculateRoutes: Calculate routes to [RoutingPosition [position=GeoPoint{lat|lon=[40.810505,-73.961977]}, connectionID=null, nodeID=null, heading=null]] with params [RoutingParameters [numAlternativeRoutes=0, routingCostFunction=com.dcaiti.vsimrti.lib.routing.util.ReRouteSpecificConnectionsCostFunction@3407aa4f, considerTurnCosts=false]]
2020-05-23 21:57:36,065 DEBUG - NavigationModule#switchRoute: Initiated route switch to [5481847054,5481847055,6791817303,6791817302,6791817304,561035342,2541754741,42421857,1506616204,42428850,6886295091,1506591534,42428844,1506591536,1504153604]
2020-05-23 21:57:36,065 INFO - NavigationModule#switchRoute: Stay on route 1
2020-05-23 21:57:36,076 DEBUG - #preProcessEvent at simulation time 11.000,000,000 s with resource class VehicleInfo and nice -99999800
2020-05-23 21:57:36,181 DEBUG - #preProcessEvent at simulation time 12.000,000,000 s with resource class VehicleInfo and nice -99999800
2020-05-23 21:57:36,270 DEBUG - #preProcessEvent at simulation time 12.181,405,998 s with resource class ReceivedV2XMessage and nice -99999100
2020-05-23 21:57:36,280 DEBUG - #preProcessEvent at simulation time 13.000,000,000 s with resource class VehicleInfo and nice -99999800
2020-05-23 21:57:36,325 DEBUG - #preProcessEvent at simulation time 14.000,000,000 s with resource class VehicleInfo and nice -99999800
2020-05-23 21:57:36,440 DEBUG - #preProcessEvent at simulation time 14.291,500,248 s with resource class ReceivedV2XMessage and nice -99999100
2020-05-23 21:57:36,448 DEBUG - #preProcessEvent at simulation time 15.000,000,000 s with resource class VehicleInfo and nice -99999800
2020-05-23 21:57:36,503 DEBUG - #preProcessEvent at simulation time 16.000,000,000 s with resource class VehicleInfo and nice -99999800
2020-05-23 21:57:36,532 DEBUG - #preProcessEvent at simulation time 16.362,121,723 s with resource class ReceivedV2XMessage and nice -99999100
2020-05-23 21:57:36,538 DEBUG - #preProcessEvent at simulation time 17.000,000,000 s with resource class VehicleInfo and nice -99999800
2020-05-23 21:57:36,567 DEBUG - #preProcessEvent at simulation time 18.000,000,000 s with resource class VehicleInfo and nice -99999800
2020-05-23 21:57:36,585 DEBUG - #preProcessEvent at simulation time 18.295,448,609 s with resource class ReceivedV2XMessage and nice -99999100
2020-05-23 21:57:36,595 DEBUG - #preProcessEvent at simulation time 19.000,000,000 s with resource class VehicleInfo and nice -99999800
2020-05-23 21:57:36,614 DEBUG - #preProcessEvent at simulation time 20.000,000,000 s with resource class VehicleInfo and nice -99999800
2020-05-23 21:57:36,654 DEBUG - #preProcessEvent at simulation time 20.252,426,125 s with resource class ReceivedV2XMessage and nice -99999100
2020-05-23 21:57:36,706 DEBUG - #preProcessEvent at simulation time 21.000,000,000 s with resource class VehicleInfo and nice -99999800
2020-05-23 21:57:36,722 DEBUG - #preProcessEvent at simulation time 22.000,000,000 s with resource class VehicleInfo and nice -99999800
2020-05-23 21:57:36,736 DEBUG - #preProcessEvent at simulation time 22.209,127,127 s with resource class ReceivedV2XMessage and nice -99999100
2020-05-23 21:57:36,743 DEBUG - #preProcessEvent at simulation time 23.000,000,000 s with resource class VehicleInfo and nice -99999800
2020-05-23 21:57:36,749 DEBUG - #preProcessEvent at simulation time 24.000,000,000 s with resource class VehicleInfo and nice -99999800
2020-05-23 21:57:36,786 DEBUG - #preProcessEvent at simulation time 24.176,001,237 s with resource class ReceivedV2XMessage and nice -99999100
2020-05-23 21:57:36,790 DEBUG - #preProcessEvent at simulation time 25.000,000,000 s with resource class VehicleInfo and nice -99999800
2020-05-23 21:57:36,801 DEBUG - #preProcessEvent at simulation time 26.000,000,000 s with resource class VehicleInfo and nice -99999800
2020-05-23 21:57:36,810 DEBUG - #preProcessEvent at simulation time 26.230,722,175 s with resource class ReceivedV2XMessage and nice -99999100
2020-05-23 21:57:36,817 DEBUG - #preProcessEvent at simulation time 27.000,000,000 s with resource class VehicleInfo and nice -99999800
2020-05-23 21:57:36,822 DEBUG - #preProcessEvent at simulation time 28.000,000,000 s with resource class VehicleInfo and nice -99999800
2020-05-23 21:57:36,833 DEBUG - #preProcessEvent at simulation time 28.409,253,711 s with resource class ReceivedV2XMessage and nice -99999100
2020-05-23 21:57:36,836 DEBUG - #preProcessEvent at simulation time 29.000,000,000 s with resource class VehicleInfo and nice -99999800
2020-05-23 21:57:36,848 DEBUG - #preProcessEvent at simulation time 30.000,000,000 s with resource class VehicleInfo and nice -99999800
2020-05-23 21:57:36,938 DEBUG - #preProcessEvent at simulation time 30.251,460,826 s with resource class ReceivedV2XMessage and nice -99999100
2020-05-23 21:57:36,945 DEBUG - #preProcessEvent at simulation time 31.000,000,000 s with resource class VehicleInfo and nice -99999800
2020-05-23 21:57:36,959 DEBUG - #preProcessEvent at simulation time 32.000,000,000 s with resource class VehicleInfo and nice -99999800
2020-05-23 21:57:36,972 DEBUG - #preProcessEvent at simulation time 32.185,978,617 s with resource class ReceivedV2XMessage and nice -99999100
2020-05-23 21:57:36,987 DEBUG - #preProcessEvent at simulation time 33.000,000,000 s with resource class VehicleInfo and nice -99999800
2020-05-23 21:57:36,992 DEBUG - #preProcessEvent at simulation time 34.000,000,000 s with resource class VehicleInfo and nice -99999800
2020-05-23 21:57:37,002 DEBUG - #preProcessEvent at simulation time 34.293,522,570 s with resource class ReceivedV2XMessage and nice -99999100
2020-05-23 21:57:37,012 DEBUG - #preProcessEvent at simulation time 35.000,000,000 s with resource class VehicleInfo and nice -99999800
2020-05-23 21:57:37,019 DEBUG - #preProcessEvent at simulation time 36.000,000,000 s with resource class VehicleInfo and nice -99999800
2020-05-23 21:57:37,029 DEBUG - #preProcessEvent at simulation time 36.346,424,894 s with resource class ReceivedV2XMessage and nice -99999100
2020-05-23 21:57:37,043 DEBUG - #preProcessEvent at simulation time 37.000,000,000 s with resource class VehicleInfo and nice -99999800
2020-05-23 21:57:37,057 DEBUG - #preProcessEvent at simulation time 38.000,000,000 s with resource class VehicleInfo and nice -99999800
2020-05-23 21:57:37,090 DEBUG - #preProcessEvent at simulation time 38.178,603,638 s with resource class ReceivedV2XMessage and nice -99999100
2020-05-23 21:57:37,101 DEBUG - #preProcessEvent at simulation time 39.000,000,000 s with resource class VehicleInfo and nice -99999800
2020-05-23 21:57:37,111 DEBUG - #preProcessEvent at simulation time 40.000,000,000 s with resource class VehicleInfo and nice -99999800
2020-05-23 21:57:37,128 DEBUG - #preProcessEvent at simulation time 40.269,367,171 s with resource class ReceivedV2XMessage and nice -99999100
2020-05-23 21:57:37,133 DEBUG - #preProcessEvent at simulation time 41.000,000,000 s with resource class VehicleInfo and nice -99999800
2020-05-23 21:57:37,144 DEBUG - #preProcessEvent at simulation time 42.000,000,000 s with resource class VehicleInfo and nice -99999800
2020-05-23 21:57:37,159 DEBUG - #preProcessEvent at simulation time 42.854,272,804 s with resource class ReceivedV2XMessage and nice -99999100
2020-05-23 21:57:37,162 DEBUG - #preProcessEvent at simulation time 43.000,000,000 s with resource class VehicleInfo and nice -99999800
2020-05-23 21:57:37,169 DEBUG - #preProcessEvent at simulation time 44.000,000,000 s with resource class VehicleInfo and nice -99999800
2020-05-23 21:57:37,179 DEBUG - #preProcessEvent at simulation time 44.353,256,193 s with resource class ReceivedV2XMessage and nice -99999100
2020-05-23 21:57:37,186 DEBUG - #preProcessEvent at simulation time 45.000,000,000 s with resource class VehicleInfo and nice -99999800
2020-05-23 21:57:37,194 DEBUG - #preProcessEvent at simulation time 46.000,000,000 s with resource class VehicleInfo and nice -99999800
2020-05-23 21:57:37,202 DEBUG - #preProcessEvent at simulation time 46.251,655,100 s with resource class ReceivedV2XMessage and nice -99999100
2020-05-23 21:57:37,215 DEBUG - #preProcessEvent at simulation time 47.000,000,000 s with resource class VehicleInfo and nice -99999800
2020-05-23 21:57:37,222 DEBUG - #preProcessEvent at simulation time 48.000,000,000 s with resource class VehicleInfo and nice -99999800
2020-05-23 21:57:37,243 DEBUG - #preProcessEvent at simulation time 48.300,937,214 s with resource class ReceivedV2XMessage and nice -99999100
2020-05-23 21:57:37,258 DEBUG - #preProcessEvent at simulation time 49.000,000,000 s with resource class VehicleInfo and nice -99999800
2020-05-23 21:57:37,320 DEBUG - #preProcessEvent at simulation time 50.000,000,000 s with resource class VehicleInfo and nice -99999800
2020-05-23 21:57:37,348 DEBUG - #preProcessEvent at simulation time 50.259,733,487 s with resource class ReceivedV2XMessage and nice -99999100
2020-05-23 21:57:37,348 DEBUG - #preProcessEvent at simulation time 50.289,114,144 s with resource class ReceivedV2XMessage and nice -99999100
2020-05-23 21:57:37,352 DEBUG - #preProcessEvent at simulation time 51.000,000,000 s with resource class VehicleInfo and nice -99999800
2020-05-23 21:57:37,358 DEBUG - #preProcessEvent at simulation time 51.352,041,142 s with resource class ReceivedV2XMessage and nice -99999100
2020-05-23 21:57:37,363 DEBUG - #preProcessEvent at simulation time 52.000,000,000 s with resource class VehicleInfo and nice -99999800
2020-05-23 21:57:37,378 DEBUG - #preProcessEvent at simulation time 52.249,264,873 s with resource class ReceivedV2XMessage and nice -99999100
2020-05-23 21:57:37,380 DEBUG - #preProcessEvent at simulation time 52.375,966,124 s with resource class ReceivedV2XMessage and nice -99999100
2020-05-23 21:57:37,383 DEBUG - #preProcessEvent at simulation time 53.000,000,000 s with resource class VehicleInfo and nice -99999800
2020-05-23 21:57:37,388 DEBUG - #preProcessEvent at simulation time 53.398,632,414 s with resource class ReceivedV2XMessage and nice -99999100
2020-05-23 21:57:37,392 DEBUG - #preProcessEvent at simulation time 54.000,000,000 s with resource class VehicleInfo and nice -99999800
2020-05-23 21:57:37,401 DEBUG - #preProcessEvent at simulation time 54.340,294,388 s with resource class ReceivedV2XMessage and nice -99999100
2020-05-23 21:57:37,406 DEBUG - #preProcessEvent at simulation time 55.000,000,000 s with resource class VehicleInfo and nice -99999800
2020-05-23 21:57:37,415 DEBUG - #preProcessEvent at simulation time 56.000,000,000 s with resource class VehicleInfo and nice -99999800
2020-05-23 21:57:37,436 DEBUG - #preProcessEvent at simulation time 56.230,653,241 s with resource class ReceivedV2XMessage and nice -99999100
2020-05-23 21:57:37,524 DEBUG - #preProcessEvent at simulation time 57.000,000,000 s with resource class VehicleInfo and nice -99999800
2020-05-23 21:57:37,531 DEBUG - #preProcessEvent at simulation time 58.000,000,000 s with resource class VehicleInfo and nice -99999800
2020-05-23 21:57:37,543 DEBUG - #preProcessEvent at simulation time 58.356,281,637 s with resource class ReceivedV2XMessage and nice -99999100
2020-05-23 21:57:37,549 DEBUG - #preProcessEvent at simulation time 59.000,000,000 s with resource class VehicleInfo and nice -99999800
2020-05-23 21:57:37,558 DEBUG - #preProcessEvent at simulation time 60.000,000,000 s with resource class VehicleInfo and nice -99999800
2020-05-23 21:57:37,566 DEBUG - #preProcessEvent at simulation time 60.338,492,796 s with resource class ReceivedV2XMessage and nice -99999100
2020-05-23 21:57:37,570 DEBUG - #preProcessEvent at simulation time 61.000,000,000 s with resource class VehicleInfo and nice -99999800
2020-05-23 21:57:37,576 DEBUG - #preProcessEvent at simulation time 62.000,000,000 s with resource class VehicleInfo and nice -99999800
2020-05-23 21:57:37,582 DEBUG - #preProcessEvent at simulation time 62.349,343,750 s with resource class ReceivedV2XMessage and nice -99999100
2020-05-23 21:57:37,585 DEBUG - #preProcessEvent at simulation time 63.000,000,000 s with resource class VehicleInfo and nice -99999800
2020-05-23 21:57:37,592 DEBUG - #preProcessEvent at simulation time 63.297,028,739 s with resource class ReceivedV2XMessage and nice -99999100
2020-05-23 21:57:37,597 DEBUG - #preProcessEvent at simulation time 64.000,000,000 s with resource class VehicleInfo and nice -99999800
2020-05-23 21:57:37,608 DEBUG - #preProcessEvent at simulation time 64.253,565,489 s with resource class ReceivedV2XMessage and nice -99999100
2020-05-23 21:57:37,609 DEBUG - #preProcessEvent at simulation time 64.395,975,282 s with resource class ReceivedV2XMessage and nice -99999100
2020-05-23 21:57:37,612 DEBUG - #preProcessEvent at simulation time 65.000,000,000 s with resource class VehicleInfo and nice -99999800
2020-05-23 21:57:37,619 DEBUG - #preProcessEvent at simulation time 65.226,313,536 s with resource class ReceivedV2XMessage and nice -99999100
2020-05-23 21:57:37,621 DEBUG - #preProcessEvent at simulation time 66.000,000,000 s with resource class VehicleInfo and nice -99999800
2020-05-23 21:57:37,628 DEBUG - #preProcessEvent at simulation time 66.264,886,129 s with resource class ReceivedV2XMessage and nice -99999100
2020-05-23 21:57:37,639 DEBUG - #preProcessEvent at simulation time 67.000,000,000 s with resource class VehicleInfo and nice -99999800
2020-05-23 21:57:37,654 DEBUG - #preProcessEvent at simulation time 68.000,000,000 s with resource class VehicleInfo and nice -99999800
2020-05-23 21:57:37,749 DEBUG - #preProcessEvent at simulation time 68.290,485,922 s with resource class ReceivedV2XMessage and nice -99999100
2020-05-23 21:57:37,752 DEBUG - #preProcessEvent at simulation time 69.000,000,000 s with resource class VehicleInfo and nice -99999800
2020-05-23 21:57:37,760 DEBUG - #preProcessEvent at simulation time 70.000,000,000 s with resource class VehicleInfo and nice -99999800
2020-05-23 21:57:37,768 DEBUG - #preProcessEvent at simulation time 70.354,185,732 s with resource class ReceivedV2XMessage and nice -99999100
2020-05-23 21:57:37,773 DEBUG - #preProcessEvent at simulation time 71.000,000,000 s with resource class VehicleInfo and nice -99999800
2020-05-23 21:57:37,777 DEBUG - #preProcessEvent at simulation time 72.000,000,000 s with resource class VehicleInfo and nice -99999800
2020-05-23 21:57:37,783 DEBUG - #preProcessEvent at simulation time 72.195,350,611 s with resource class ReceivedV2XMessage and nice -99999100
2020-05-23 21:57:37,788 DEBUG - #preProcessEvent at simulation time 73.000,000,000 s with resource class VehicleInfo and nice -99999800
2020-05-23 21:57:37,797 DEBUG - #preProcessEvent at simulation time 74.000,000,000 s with resource class VehicleInfo and nice -99999800
2020-05-23 21:57:37,803 DEBUG - #preProcessEvent at simulation time 74.286,581,512 s with resource class ReceivedV2XMessage and nice -99999100
2020-05-23 21:57:37,809 DEBUG - #preProcessEvent at simulation time 75.000,000,000 s with resource class VehicleInfo and nice -99999800
2020-05-23 21:57:37,814 DEBUG - #preProcessEvent at simulation time 76.000,000,000 s with resource class VehicleInfo and nice -99999800
2020-05-23 21:57:37,818 DEBUG - #preProcessEvent at simulation time 76.246,621,462 s with resource class ReceivedV2XMessage and nice -99999100
2020-05-23 21:57:37,825 DEBUG - #preProcessEvent at simulation time 77.000,000,000 s with resource class VehicleInfo and nice -99999800
2020-05-23 21:57:37,830 DEBUG - #preProcessEvent at simulation time 77.291,392,003 s with resource class ReceivedV2XMessage and nice -99999100
2020-05-23 21:57:37,834 DEBUG - #preProcessEvent at simulation time 78.000,000,000 s with resource class VehicleInfo and nice -99999800
2020-05-23 21:57:37,890 DEBUG - #preProcessEvent at simulation time 78.151,674,610 s with resource class ReceivedV2XMessage and nice -99999100
2020-05-23 21:57:37,897 DEBUG - #preProcessEvent at simulation time 78.250,155,829 s with resource class ReceivedV2XMessage and nice -99999100
2020-05-23 21:57:37,911 DEBUG - #preProcessEvent at simulation time 79.000,000,000 s with resource class VehicleInfo and nice -99999800
2020-05-23 21:57:37,916 DEBUG - #preProcessEvent at simulation time 79.423,603,964 s with resource class ReceivedV2XMessage and nice -99999100
2020-05-23 21:57:37,918 DEBUG - #preProcessEvent at simulation time 80.000,000,000 s with resource class VehicleInfo and nice -99999800
2020-05-23 21:57:37,928 DEBUG - #preProcessEvent at simulation time 80.340,758,086 s with resource class ReceivedV2XMessage and nice -99999100
2020-05-23 21:57:37,934 DEBUG - #preProcessEvent at simulation time 81.000,000,000 s with resource class VehicleInfo and nice -99999800
2020-05-23 21:57:37,939 DEBUG - #preProcessEvent at simulation time 82.000,000,000 s with resource class VehicleInfo and nice -99999800
2020-05-23 21:57:37,945 DEBUG - #preProcessEvent at simulation time 82.271,563,603 s with resource class ReceivedV2XMessage and nice -99999100
2020-05-23 21:57:37,949 DEBUG - #preProcessEvent at simulation time 83.000,000,000 s with resource class VehicleInfo and nice -99999800
2020-05-23 21:57:37,954 DEBUG - #preProcessEvent at simulation time 83.162,549,874 s with resource class ReceivedV2XMessage and nice -99999100
2020-05-23 21:57:37,959 DEBUG - #preProcessEvent at simulation time 84.000,000,000 s with resource class VehicleInfo and nice -99999800
2020-05-23 21:57:37,964 DEBUG - #preProcessEvent at simulation time 84.250,991,477 s with resource class ReceivedV2XMessage and nice -99999100
2020-05-23 21:57:37,965 DEBUG - #preProcessEvent at simulation time 84.321,121,465 s with resource class ReceivedV2XMessage and nice -99999100
2020-05-23 21:57:37,967 DEBUG - #preProcessEvent at simulation time 85.000,000,000 s with resource class VehicleInfo and nice -99999800
2020-05-23 21:57:37,973 DEBUG - #preProcessEvent at simulation time 85.358,549,682 s with resource class ReceivedV2XMessage and nice -99999100
2020-05-23 21:57:37,975 DEBUG - #preProcessEvent at simulation time 86.000,000,000 s with resource class VehicleInfo and nice -99999800
2020-05-23 21:57:37,980 DEBUG - #preProcessEvent at simulation time 86.527,386,276 s with resource class ReceivedV2XMessage and nice -99999100
2020-05-23 21:57:37,982 DEBUG - #preProcessEvent at simulation time 87.000,000,000 s with resource class VehicleInfo and nice -99999800
2020-05-23 21:57:37,986 DEBUG - #tearDown at simulation time 88.000,000,000 s
