2020-05-23 22:01:40,346 INFO  EventserverAmbassador - File found, read successfully.
The following object was created (This is the created, internal JSON data object and might differ from the initial JSON-String read).
The normal string representation.
{"events":[{"type":"Obstacle","rectangle":{"a":{"longitude":13.325493335723877,"latitude":52.51456075310111},"b":{"longitude":13.337509632110596,"latitude":52.511596424357414}},"strength":1,"time":{"start":0,"end":60}},{"type":"Ice","rectangle":{"a":{"longitude":-73.961358,"latitude":40.812033},"b":{"longitude":-73.961219,"latitude":40.811278}},"strength":1,"time":{"start":0,"end":1220}}],"parkingLots":[]}
The pretty string representation.
{
  "events": [
    {
      "type": "Obstacle",
      "rectangle": {
        "a": {
          "longitude": 13.325493335723877,
          "latitude": 52.51456075310111
        },
        "b": {
          "longitude": 13.337509632110596,
          "latitude": 52.511596424357414
        }
      },
      "strength": 1,
      "time": {
        "start": 0,
        "end": 60
      }
    },
    {
      "type": "Ice",
      "rectangle": {
        "a": {
          "longitude": -73.961358,
          "latitude": 40.812033
        },
        "b": {
          "longitude": -73.961219,
          "latitude": 40.811278
        }
      },
      "strength": 1,
      "time": {
        "start": 0,
        "end": 1220
      }
    }
  ],
  "parkingLots": []
}
2020-05-23 22:01:50,511 INFO  EventserverAmbassador - Registered for sensor information: id=rsu_0 at time 0.000,000,000 s
2020-05-23 22:01:50,571 INFO  EventserverAmbassador - Registered for sensor information: id=veh_0 at time 6.000,000,000 s
2020-05-23 22:01:50,607 INFO  EventserverAmbassador - Registered for sensor information: id=veh_1 at time 8.000,000,000 s
2020-05-23 22:01:50,636 INFO  EventserverAmbassador - Registered for sensor information: id=veh_2 at time 10.000,000,000 s
2020-05-23 22:01:50,665 INFO  EventserverAmbassador - Registered for sensor information: id=veh_3 at time 12.000,000,000 s
2020-05-23 22:01:50,687 INFO  EventserverAmbassador - Registered for sensor information: id=veh_4 at time 14.000,000,000 s
2020-05-23 22:01:50,719 INFO  EventserverAmbassador - Registered for sensor information: id=veh_5 at time 16.000,000,000 s
2020-05-23 22:01:50,738 INFO  EventserverAmbassador - Registered for sensor information: id=veh_6 at time 18.000,000,000 s
2020-05-23 22:01:50,779 INFO  EventserverAmbassador - Registered for sensor information: id=veh_7 at time 20.000,000,000 s
2020-05-23 22:01:51,343 INFO  EventserverAmbassador - SimTime 50000000000: Emitted sensor data to 1 vehicles
2020-05-23 22:01:51,647 INFO  EventserverAmbassador - SimTime 51000000000: Emitted sensor data to 1 vehicles
2020-05-23 22:01:51,658 INFO  EventserverAmbassador - SimTime 52000000000: Emitted sensor data to 1 vehicles
2020-05-23 22:01:51,698 INFO  EventserverAmbassador - SimTime 56000000000: Emitted sensor data to 1 vehicles
2020-05-23 22:01:51,712 INFO  EventserverAmbassador - SimTime 57000000000: Emitted sensor data to 1 vehicles
2020-05-23 22:01:51,717 INFO  EventserverAmbassador - SimTime 58000000000: Emitted sensor data to 1 vehicles
2020-05-23 22:01:51,742 INFO  EventserverAmbassador - SimTime 63000000000: Emitted sensor data to 1 vehicles
2020-05-23 22:01:51,756 INFO  EventserverAmbassador - SimTime 64000000000: Emitted sensor data to 1 vehicles
2020-05-23 22:01:51,903 INFO  EventserverAmbassador - SimTime 69000000000: Emitted sensor data to 1 vehicles
2020-05-23 22:01:51,906 INFO  EventserverAmbassador - SimTime 70000000000: Emitted sensor data to 1 vehicles
2020-05-23 22:01:51,914 INFO  EventserverAmbassador - SimTime 71000000000: Emitted sensor data to 1 vehicles
2020-05-23 22:01:51,973 INFO  EventserverAmbassador - SimTime 77000000000: Emitted sensor data to 1 vehicles
2020-05-23 22:01:52,021 INFO  EventserverAmbassador - SimTime 78000000000: Emitted sensor data to 1 vehicles
2020-05-23 22:01:52,097 INFO  EventserverAmbassador - SimTime 89000000000: Emitted sensor data to 1 vehicles
2020-05-23 22:01:52,100 INFO  EventserverAmbassador - SimTime 90000000000: Emitted sensor data to 1 vehicles
2020-05-23 22:01:52,238 INFO  EventserverAmbassador - SimTime 109000000000: Emitted sensor data to 1 vehicles
2020-05-23 22:01:52,246 INFO  EventserverAmbassador - SimTime 110000000000: Emitted sensor data to 1 vehicles
2020-05-23 22:01:52,256 INFO  EventserverAmbassador - SimTime 111000000000: Emitted sensor data to 1 vehicles
2020-05-23 22:01:52,287 INFO  EventserverAmbassador - SimTime 122000000000: Emitted sensor data to 1 vehicles
2020-05-23 22:01:52,296 INFO  EventserverAmbassador - SimTime 123000000000: Emitted sensor data to 1 vehicles
2020-05-23 22:01:52,301 INFO  EventserverAmbassador - SimTime 124000000000: Emitted sensor data to 1 vehicles
