2020-05-23 21:56:20,086 DEBUG - Successfully instantiated the class com.dcaiti.vsimrti.app.tutorials.barnim.WeatherWarningApp
2020-05-23 21:56:20,087 DEBUG - Successfully instantiated the class com.dcaiti.vsimrti.app.tutorials.barnim.SlowDownApp
2020-05-23 21:56:20,087 DEBUG - #tearUp at simulation time 240.000,000,000 s
2020-05-23 21:56:20,089 DEBUG - #preProcessEvent at simulation time 240.000,000,000 s with resource class VehicleInfo and nice -99999900
2020-05-23 21:56:20,185 DEBUG - #preProcessEvent at simulation time 241.000,000,000 s with resource class VehicleInfo and nice -99999800
2020-05-23 21:56:20,304 DEBUG - #preProcessEvent at simulation time 242.000,000,000 s with resource class VehicleInfo and nice -99999800
2020-05-23 21:56:20,413 DEBUG - #preProcessEvent at simulation time 243.000,000,000 s with resource class VehicleInfo and nice -99999800
2020-05-23 21:56:20,468 DEBUG - #preProcessEvent at simulation time 244.000,000,000 s with resource class VehicleInfo and nice -99999800
2020-05-23 21:56:20,508 DEBUG - #preProcessEvent at simulation time 245.000,000,000 s with resource class VehicleInfo and nice -99999800
2020-05-23 21:56:20,796 DEBUG - #preProcessEvent at simulation time 246.000,000,000 s with resource class VehicleInfo and nice -99999800
2020-05-23 21:56:20,874 DEBUG - #preProcessEvent at simulation time 247.000,000,000 s with resource class VehicleInfo and nice -99999800
2020-05-23 21:56:20,918 DEBUG - #preProcessEvent at simulation time 248.000,000,000 s with resource class VehicleInfo and nice -99999800
2020-05-23 21:56:21,068 DEBUG - #preProcessEvent at simulation time 249.000,000,000 s with resource class VehicleInfo and nice -99999800
2020-05-23 21:56:21,110 DEBUG - #preProcessEvent at simulation time 250.000,000,000 s with resource class VehicleInfo and nice -99999800
2020-05-23 21:56:21,310 DEBUG - #preProcessEvent at simulation time 251.000,000,000 s with resource class VehicleInfo and nice -99999800
2020-05-23 21:56:21,388 DEBUG - #preProcessEvent at simulation time 252.000,000,000 s with resource class VehicleInfo and nice -99999800
2020-05-23 21:56:21,430 DEBUG - #preProcessEvent at simulation time 253.000,000,000 s with resource class VehicleInfo and nice -99999800
2020-05-23 21:56:21,466 DEBUG - #preProcessEvent at simulation time 254.000,000,000 s with resource class VehicleInfo and nice -99999800
2020-05-23 21:56:21,536 DEBUG - #preProcessEvent at simulation time 255.000,000,000 s with resource class VehicleInfo and nice -99999800
2020-05-23 21:56:21,794 DEBUG - #preProcessEvent at simulation time 256.000,000,000 s with resource class VehicleInfo and nice -99999800
2020-05-23 21:56:21,874 DEBUG - #preProcessEvent at simulation time 257.000,000,000 s with resource class VehicleInfo and nice -99999800
2020-05-23 21:56:21,922 DEBUG - #preProcessEvent at simulation time 258.000,000,000 s with resource class VehicleInfo and nice -99999800
2020-05-23 21:56:22,295 DEBUG - #preProcessEvent at simulation time 258.005,900,000 s with resource class ReceivedV2XMessage and nice -99999100
2020-05-23 21:56:22,295 DEBUG - NavigationModule#calculateRoutes: Calculate routes to [RoutingPosition [position=GeoPoint{lat|lon=[52.609476,13.531040]}, connectionID=null, nodeID=null, heading=null]] with params [RoutingParameters [numAlternativeRoutes=0, routingCostFunction=com.dcaiti.vsimrti.lib.routing.util.ReRouteSpecificConnectionsCostFunction@e7d0db2, considerTurnCosts=false]]
2020-05-23 21:56:22,341 DEBUG - NavigationModule#switchRoute: Initiated route switch to [267925251,599826230,3290027832,39933927,39934065,267923737,4340140648,267923739,267923741,4340202391,4935859680,335376891,39933917,564006580,4340202390,75666594,76565701,739356847,21508748,739356839,75673057,739356830,303184519,1781963887,5001541064,5001541067,5057062620,5057069724,73586268,5057068542,75679644,21508747,765965509,2625982333,2621153010,2621153009,2621153003,2621152999,73586264,3139039273,21508756,2621152986,2621152983,2621152977,2621152975,2621152974,2621152972,601059352,1600991158,3139039266,3139039265,3139039264,1600991160,21508746,5635597017,5635596999,1600991159,5635596990,5635597002,3398715923,3398715912,3398715902,3398715895,1600991155,3398710285,2377050402,1600991157,416065959,1600991154,3139039262,661749237,2377350742,1600991156,1587700342,2510564804,5057068565,3770651725,4625871169,27031232,27031229,2917688618,4625871158,4625871159,866613841,5057069848,5057069849,5057069850,866614578,866613506,866613555,2389986818,866613905,5894186908,1313885532,1313885431,2026362827,2026362821,2026362814,2510575567,692755381]
2020-05-23 21:56:22,341 INFO - NavigationModule#switchRoute: Switched to route 4 [267925251,599826230,3290027832,39933927,39934065,267923737,4340140648,267923739,267923741,4340202391,4935859680,335376891,39933917,564006580,4340202390,75666594,76565701,739356847,21508748,739356839,75673057,739356830,303184519,1781963887,5001541064,5001541067,5057062620,5057069724,73586268,5057068542,75679644,21508747,765965509,2625982333,2621153010,2621153009,2621153003,2621152999,73586264,3139039273,21508756,2621152986,2621152983,2621152977,2621152975,2621152974,2621152972,601059352,1600991158,3139039266,3139039265,3139039264,1600991160,21508746,5635597017,5635596999,1600991159,5635596990,5635597002,3398715923,3398715912,3398715902,3398715895,1600991155,3398710285,2377050402,1600991157,416065959,1600991154,3139039262,661749237,2377350742,1600991156,1587700342,2510564804,5057068565,3770651725,4625871169,27031232,27031229,2917688618,4625871158,4625871159,866613841,5057069848,5057069849,5057069850,866614578,866613506,866613555,2389986818,866613905,5894186908,1313885532,1313885431,2026362827,2026362821,2026362814,2510575567,692755381]
2020-05-23 21:56:22,346 DEBUG - #preProcessEvent at simulation time 258.009,400,000 s with resource class ReceivedV2XMessage and nice -99999100
2020-05-23 21:56:22,346 DEBUG - #preProcessEvent at simulation time 258.010,000,000 s with resource class ReceivedV2XMessage and nice -99999100
2020-05-23 21:56:22,390 DEBUG - #preProcessEvent at simulation time 259.000,000,000 s with resource class VehicleInfo and nice -99999800
2020-05-23 21:56:22,444 DEBUG - #preProcessEvent at simulation time 259.007,500,000 s with resource class ReceivedV2XMessage and nice -99999100
2020-05-23 21:56:22,445 DEBUG - #preProcessEvent at simulation time 259.008,400,000 s with resource class ReceivedV2XMessage and nice -99999100
2020-05-23 21:56:22,446 DEBUG - #preProcessEvent at simulation time 259.008,900,000 s with resource class ReceivedV2XMessage and nice -99999100
2020-05-23 21:56:22,446 DEBUG - #preProcessEvent at simulation time 259.008,900,000 s with resource class ReceivedV2XMessage and nice -99999100
2020-05-23 21:56:22,490 DEBUG - #preProcessEvent at simulation time 260.000,000,000 s with resource class VehicleInfo and nice -99999800
2020-05-23 21:56:22,758 DEBUG - #preProcessEvent at simulation time 260.007,000,000 s with resource class ReceivedV2XMessage and nice -99999100
2020-05-23 21:56:22,762 DEBUG - #preProcessEvent at simulation time 260.007,900,000 s with resource class ReceivedV2XMessage and nice -99999100
2020-05-23 21:56:22,762 DEBUG - #preProcessEvent at simulation time 260.008,500,000 s with resource class ReceivedV2XMessage and nice -99999100
2020-05-23 21:56:22,762 DEBUG - #preProcessEvent at simulation time 260.009,400,000 s with resource class ReceivedV2XMessage and nice -99999100
2020-05-23 21:56:22,804 DEBUG - #preProcessEvent at simulation time 261.000,000,000 s with resource class VehicleInfo and nice -99999800
2020-05-23 21:56:22,893 DEBUG - #preProcessEvent at simulation time 261.006,000,000 s with resource class ReceivedV2XMessage and nice -99999100
2020-05-23 21:56:22,902 DEBUG - #preProcessEvent at simulation time 261.006,900,000 s with resource class ReceivedV2XMessage and nice -99999100
2020-05-23 21:56:22,902 DEBUG - #preProcessEvent at simulation time 261.007,000,000 s with resource class ReceivedV2XMessage and nice -99999100
2020-05-23 21:56:22,905 DEBUG - #preProcessEvent at simulation time 261.009,900,000 s with resource class ReceivedV2XMessage and nice -99999100
2020-05-23 21:56:23,069 DEBUG - #preProcessEvent at simulation time 262.000,000,000 s with resource class VehicleInfo and nice -99999800
2020-05-23 21:56:23,179 DEBUG - #preProcessEvent at simulation time 262.007,800,000 s with resource class ReceivedV2XMessage and nice -99999100
2020-05-23 21:56:23,179 DEBUG - #preProcessEvent at simulation time 262.007,800,000 s with resource class ReceivedV2XMessage and nice -99999100
2020-05-23 21:56:23,179 DEBUG - #preProcessEvent at simulation time 262.007,900,000 s with resource class ReceivedV2XMessage and nice -99999100
2020-05-23 21:56:23,181 DEBUG - #preProcessEvent at simulation time 262.008,400,000 s with resource class ReceivedV2XMessage and nice -99999100
2020-05-23 21:56:23,181 DEBUG - #preProcessEvent at simulation time 262.008,800,000 s with resource class ReceivedV2XMessage and nice -99999100
2020-05-23 21:56:23,232 DEBUG - #preProcessEvent at simulation time 263.000,000,000 s with resource class VehicleInfo and nice -99999800
2020-05-23 21:56:23,385 DEBUG - #preProcessEvent at simulation time 263.005,900,000 s with resource class ReceivedV2XMessage and nice -99999100
2020-05-23 21:56:23,386 DEBUG - #preProcessEvent at simulation time 263.006,500,000 s with resource class ReceivedV2XMessage and nice -99999100
2020-05-23 21:56:23,386 DEBUG - #preProcessEvent at simulation time 263.006,500,000 s with resource class ReceivedV2XMessage and nice -99999100
2020-05-23 21:56:23,387 DEBUG - #preProcessEvent at simulation time 263.007,500,000 s with resource class ReceivedV2XMessage and nice -99999100
2020-05-23 21:56:23,389 DEBUG - #preProcessEvent at simulation time 263.009,900,000 s with resource class ReceivedV2XMessage and nice -99999100
2020-05-23 21:56:23,498 DEBUG - #preProcessEvent at simulation time 264.000,000,000 s with resource class VehicleInfo and nice -99999800
2020-05-23 21:56:23,572 DEBUG - #preProcessEvent at simulation time 264.006,000,000 s with resource class ReceivedV2XMessage and nice -99999100
2020-05-23 21:56:23,574 DEBUG - #preProcessEvent at simulation time 264.007,900,000 s with resource class ReceivedV2XMessage and nice -99999100
2020-05-23 21:56:23,574 DEBUG - #preProcessEvent at simulation time 264.008,400,000 s with resource class ReceivedV2XMessage and nice -99999100
2020-05-23 21:56:23,575 DEBUG - #preProcessEvent at simulation time 264.009,000,000 s with resource class ReceivedV2XMessage and nice -99999100
2020-05-23 21:56:23,575 DEBUG - #preProcessEvent at simulation time 264.009,100,000 s with resource class ReceivedV2XMessage and nice -99999100
2020-05-23 21:56:23,577 DEBUG - #preProcessEvent at simulation time 264.010,000,000 s with resource class ReceivedV2XMessage and nice -99999100
2020-05-23 21:56:23,578 DEBUG - #preProcessEvent at simulation time 264.012,400,000 s with resource class ReceivedV2XMessage and nice -99999100
2020-05-23 21:56:23,626 DEBUG - #preProcessEvent at simulation time 265.000,000,000 s with resource class VehicleInfo and nice -99999800
2020-05-23 21:56:23,832 DEBUG - #preProcessEvent at simulation time 265.005,500,000 s with resource class ReceivedV2XMessage and nice -99999100
2020-05-23 21:56:23,832 DEBUG - #preProcessEvent at simulation time 265.005,500,000 s with resource class ReceivedV2XMessage and nice -99999100
2020-05-23 21:56:23,832 DEBUG - #preProcessEvent at simulation time 265.005,600,000 s with resource class ReceivedV2XMessage and nice -99999100
2020-05-23 21:56:23,834 DEBUG - #preProcessEvent at simulation time 265.005,900,000 s with resource class ReceivedV2XMessage and nice -99999100
2020-05-23 21:56:23,834 DEBUG - #preProcessEvent at simulation time 265.006,400,000 s with resource class ReceivedV2XMessage and nice -99999100
2020-05-23 21:56:23,835 DEBUG - #preProcessEvent at simulation time 265.007,000,000 s with resource class ReceivedV2XMessage and nice -99999100
2020-05-23 21:56:23,838 DEBUG - #preProcessEvent at simulation time 265.008,400,000 s with resource class ReceivedV2XMessage and nice -99999100
2020-05-23 21:56:23,918 DEBUG - #preProcessEvent at simulation time 266.000,000,000 s with resource class VehicleInfo and nice -99999800
2020-05-23 21:56:23,986 DEBUG - #preProcessEvent at simulation time 266.005,100,000 s with resource class ReceivedV2XMessage and nice -99999100
2020-05-23 21:56:23,988 DEBUG - #preProcessEvent at simulation time 266.006,500,000 s with resource class ReceivedV2XMessage and nice -99999100
2020-05-23 21:56:23,988 DEBUG - #preProcessEvent at simulation time 266.006,500,000 s with resource class ReceivedV2XMessage and nice -99999100
2020-05-23 21:56:23,988 DEBUG - #preProcessEvent at simulation time 266.006,900,000 s with resource class ReceivedV2XMessage and nice -99999100
2020-05-23 21:56:23,988 DEBUG - #preProcessEvent at simulation time 266.007,000,000 s with resource class ReceivedV2XMessage and nice -99999100
2020-05-23 21:56:23,989 DEBUG - #preProcessEvent at simulation time 266.008,400,000 s with resource class ReceivedV2XMessage and nice -99999100
2020-05-23 21:56:23,989 DEBUG - #preProcessEvent at simulation time 266.009,400,000 s with resource class ReceivedV2XMessage and nice -99999100
2020-05-23 21:56:24,038 DEBUG - #preProcessEvent at simulation time 267.000,000,000 s with resource class VehicleInfo and nice -99999800
2020-05-23 21:56:24,106 DEBUG - #preProcessEvent at simulation time 267.004,500,000 s with resource class ReceivedV2XMessage and nice -99999100
2020-05-23 21:56:24,106 DEBUG - #preProcessEvent at simulation time 267.004,500,000 s with resource class ReceivedV2XMessage and nice -99999100
2020-05-23 21:56:24,127 DEBUG - #preProcessEvent at simulation time 267.007,400,000 s with resource class ReceivedV2XMessage and nice -99999100
2020-05-23 21:56:24,127 DEBUG - #preProcessEvent at simulation time 267.007,400,000 s with resource class ReceivedV2XMessage and nice -99999100
2020-05-23 21:56:24,128 DEBUG - #preProcessEvent at simulation time 267.007,500,000 s with resource class ReceivedV2XMessage and nice -99999100
2020-05-23 21:56:24,128 DEBUG - #preProcessEvent at simulation time 267.007,600,000 s with resource class ReceivedV2XMessage and nice -99999100
2020-05-23 21:56:24,129 DEBUG - #preProcessEvent at simulation time 267.008,400,000 s with resource class ReceivedV2XMessage and nice -99999100
2020-05-23 21:56:24,130 DEBUG - #preProcessEvent at simulation time 267.008,900,000 s with resource class ReceivedV2XMessage and nice -99999100
2020-05-23 21:56:24,320 DEBUG - #preProcessEvent at simulation time 268.000,000,000 s with resource class VehicleInfo and nice -99999800
2020-05-23 21:56:24,388 DEBUG - #preProcessEvent at simulation time 268.005,100,000 s with resource class ReceivedV2XMessage and nice -99999100
2020-05-23 21:56:24,389 DEBUG - #preProcessEvent at simulation time 268.005,900,000 s with resource class ReceivedV2XMessage and nice -99999100
2020-05-23 21:56:24,390 DEBUG - #preProcessEvent at simulation time 268.006,500,000 s with resource class ReceivedV2XMessage and nice -99999100
2020-05-23 21:56:24,393 DEBUG - #preProcessEvent at simulation time 268.007,900,000 s with resource class ReceivedV2XMessage and nice -99999100
2020-05-23 21:56:24,393 DEBUG - #preProcessEvent at simulation time 268.008,000,000 s with resource class ReceivedV2XMessage and nice -99999100
2020-05-23 21:56:24,393 DEBUG - #preProcessEvent at simulation time 268.008,400,000 s with resource class ReceivedV2XMessage and nice -99999100
2020-05-23 21:56:24,393 DEBUG - #preProcessEvent at simulation time 268.008,500,000 s with resource class ReceivedV2XMessage and nice -99999100
2020-05-23 21:56:24,394 DEBUG - #preProcessEvent at simulation time 268.011,400,000 s with resource class ReceivedV2XMessage and nice -99999100
2020-05-23 21:56:24,431 DEBUG - #preProcessEvent at simulation time 269.000,000,000 s with resource class VehicleInfo and nice -99999800
2020-05-23 21:56:24,482 DEBUG - #preProcessEvent at simulation time 269.004,100,000 s with resource class ReceivedV2XMessage and nice -99999100
2020-05-23 21:56:24,485 DEBUG - #preProcessEvent at simulation time 269.007,000,000 s with resource class ReceivedV2XMessage and nice -99999100
2020-05-23 21:56:24,486 DEBUG - #preProcessEvent at simulation time 269.008,000,000 s with resource class ReceivedV2XMessage and nice -99999100
2020-05-23 21:56:24,486 DEBUG - #preProcessEvent at simulation time 269.008,400,000 s with resource class ReceivedV2XMessage and nice -99999100
2020-05-23 21:56:24,487 DEBUG - #preProcessEvent at simulation time 269.009,900,000 s with resource class ReceivedV2XMessage and nice -99999100
2020-05-23 21:56:24,488 DEBUG - #preProcessEvent at simulation time 269.010,000,000 s with resource class ReceivedV2XMessage and nice -99999100
2020-05-23 21:56:24,488 DEBUG - #preProcessEvent at simulation time 269.010,900,000 s with resource class ReceivedV2XMessage and nice -99999100
2020-05-23 21:56:24,489 DEBUG - #preProcessEvent at simulation time 269.012,400,000 s with resource class ReceivedV2XMessage and nice -99999100
2020-05-23 21:56:24,736 DEBUG - #preProcessEvent at simulation time 270.000,000,000 s with resource class VehicleInfo and nice -99999800
2020-05-23 21:56:24,787 DEBUG - #preProcessEvent at simulation time 270.005,400,000 s with resource class ReceivedV2XMessage and nice -99999100
2020-05-23 21:56:24,789 DEBUG - #preProcessEvent at simulation time 270.007,000,000 s with resource class ReceivedV2XMessage and nice -99999100
2020-05-23 21:56:24,789 DEBUG - #preProcessEvent at simulation time 270.007,100,000 s with resource class ReceivedV2XMessage and nice -99999100
2020-05-23 21:56:24,790 DEBUG - #preProcessEvent at simulation time 270.007,500,000 s with resource class ReceivedV2XMessage and nice -99999100
2020-05-23 21:56:24,790 DEBUG - #preProcessEvent at simulation time 270.008,000,000 s with resource class ReceivedV2XMessage and nice -99999100
2020-05-23 21:56:24,790 DEBUG - #preProcessEvent at simulation time 270.008,400,000 s with resource class ReceivedV2XMessage and nice -99999100
2020-05-23 21:56:24,791 DEBUG - #preProcessEvent at simulation time 270.008,900,000 s with resource class ReceivedV2XMessage and nice -99999100
2020-05-23 21:56:24,792 DEBUG - #preProcessEvent at simulation time 270.010,900,000 s with resource class ReceivedV2XMessage and nice -99999100
2020-05-23 21:56:24,833 DEBUG - #preProcessEvent at simulation time 271.000,000,000 s with resource class VehicleInfo and nice -99999800
2020-05-23 21:56:24,884 DEBUG - #preProcessEvent at simulation time 271.003,500,000 s with resource class ReceivedV2XMessage and nice -99999100
2020-05-23 21:56:24,890 DEBUG - #preProcessEvent at simulation time 271.004,600,000 s with resource class ReceivedV2XMessage and nice -99999100
2020-05-23 21:56:24,893 DEBUG - #preProcessEvent at simulation time 271.006,000,000 s with resource class ReceivedV2XMessage and nice -99999100
2020-05-23 21:56:24,893 DEBUG - #preProcessEvent at simulation time 271.006,100,000 s with resource class ReceivedV2XMessage and nice -99999100
2020-05-23 21:56:24,895 DEBUG - #preProcessEvent at simulation time 271.007,400,000 s with resource class ReceivedV2XMessage and nice -99999100
2020-05-23 21:56:24,895 DEBUG - #preProcessEvent at simulation time 271.007,500,000 s with resource class ReceivedV2XMessage and nice -99999100
2020-05-23 21:56:24,896 DEBUG - #preProcessEvent at simulation time 271.008,500,000 s with resource class ReceivedV2XMessage and nice -99999100
2020-05-23 21:56:24,897 DEBUG - #preProcessEvent at simulation time 271.010,500,000 s with resource class ReceivedV2XMessage and nice -99999100
2020-05-23 21:56:25,052 DEBUG - #preProcessEvent at simulation time 272.000,000,000 s with resource class VehicleInfo and nice -99999800
2020-05-23 21:56:25,135 DEBUG - #preProcessEvent at simulation time 272.004,500,000 s with resource class ReceivedV2XMessage and nice -99999100
2020-05-23 21:56:25,137 DEBUG - #preProcessEvent at simulation time 272.005,100,000 s with resource class ReceivedV2XMessage and nice -99999100
2020-05-23 21:56:25,137 DEBUG - #preProcessEvent at simulation time 272.005,600,000 s with resource class ReceivedV2XMessage and nice -99999100
2020-05-23 21:56:25,138 DEBUG - #preProcessEvent at simulation time 272.006,000,000 s with resource class ReceivedV2XMessage and nice -99999100
2020-05-23 21:56:25,140 DEBUG - #preProcessEvent at simulation time 272.008,000,000 s with resource class ReceivedV2XMessage and nice -99999100
2020-05-23 21:56:25,141 DEBUG - #preProcessEvent at simulation time 272.009,000,000 s with resource class ReceivedV2XMessage and nice -99999100
2020-05-23 21:56:25,142 DEBUG - #preProcessEvent at simulation time 272.009,500,000 s with resource class ReceivedV2XMessage and nice -99999100
2020-05-23 21:56:25,143 DEBUG - #preProcessEvent at simulation time 272.010,400,000 s with resource class ReceivedV2XMessage and nice -99999100
2020-05-23 21:56:25,185 DEBUG - #preProcessEvent at simulation time 273.000,000,000 s with resource class VehicleInfo and nice -99999800
2020-05-23 21:56:25,265 DEBUG - #preProcessEvent at simulation time 273.002,600,000 s with resource class ReceivedV2XMessage and nice -99999100
2020-05-23 21:56:25,266 DEBUG - #preProcessEvent at simulation time 273.003,600,000 s with resource class ReceivedV2XMessage and nice -99999100
2020-05-23 21:56:25,266 DEBUG - #preProcessEvent at simulation time 273.003,600,000 s with resource class ReceivedV2XMessage and nice -99999100
2020-05-23 21:56:25,268 DEBUG - #preProcessEvent at simulation time 273.005,000,000 s with resource class ReceivedV2XMessage and nice -99999100
2020-05-23 21:56:25,272 DEBUG - #preProcessEvent at simulation time 273.007,500,000 s with resource class ReceivedV2XMessage and nice -99999100
2020-05-23 21:56:25,273 DEBUG - #preProcessEvent at simulation time 273.008,000,000 s with resource class ReceivedV2XMessage and nice -99999100
2020-05-23 21:56:25,273 DEBUG - #preProcessEvent at simulation time 273.008,500,000 s with resource class ReceivedV2XMessage and nice -99999100
2020-05-23 21:56:25,273 DEBUG - #preProcessEvent at simulation time 273.008,500,000 s with resource class ReceivedV2XMessage and nice -99999100
2020-05-23 21:56:25,335 DEBUG - #preProcessEvent at simulation time 274.000,000,000 s with resource class VehicleInfo and nice -99999800
2020-05-23 21:56:25,431 DEBUG - #preProcessEvent at simulation time 274.004,100,000 s with resource class ReceivedV2XMessage and nice -99999100
2020-05-23 21:56:25,432 DEBUG - #preProcessEvent at simulation time 274.004,600,000 s with resource class ReceivedV2XMessage and nice -99999100
2020-05-23 21:56:25,433 DEBUG - #preProcessEvent at simulation time 274.005,200,000 s with resource class ReceivedV2XMessage and nice -99999100
2020-05-23 21:56:25,434 DEBUG - #preProcessEvent at simulation time 274.006,000,000 s with resource class ReceivedV2XMessage and nice -99999100
2020-05-23 21:56:25,438 DEBUG - #preProcessEvent at simulation time 274.006,600,000 s with resource class ReceivedV2XMessage and nice -99999100
2020-05-23 21:56:25,440 DEBUG - #preProcessEvent at simulation time 274.007,500,000 s with resource class ReceivedV2XMessage and nice -99999100
2020-05-23 21:56:25,440 DEBUG - #preProcessEvent at simulation time 274.007,500,000 s with resource class ReceivedV2XMessage and nice -99999100
2020-05-23 21:56:25,440 DEBUG - #preProcessEvent at simulation time 274.008,000,000 s with resource class ReceivedV2XMessage and nice -99999100
2020-05-23 21:56:25,440 DEBUG - #preProcessEvent at simulation time 274.008,000,000 s with resource class ReceivedV2XMessage and nice -99999100
2020-05-23 21:56:25,589 DEBUG - #preProcessEvent at simulation time 275.000,000,000 s with resource class VehicleInfo and nice -99999800
2020-05-23 21:56:25,647 DEBUG - #preProcessEvent at simulation time 275.003,600,000 s with resource class ReceivedV2XMessage and nice -99999100
2020-05-23 21:56:25,647 DEBUG - #preProcessEvent at simulation time 275.003,700,000 s with resource class ReceivedV2XMessage and nice -99999100
2020-05-23 21:56:25,650 DEBUG - #preProcessEvent at simulation time 275.005,600,000 s with resource class ReceivedV2XMessage and nice -99999100
2020-05-23 21:56:25,651 DEBUG - #preProcessEvent at simulation time 275.006,000,000 s with resource class ReceivedV2XMessage and nice -99999100
2020-05-23 21:56:25,653 DEBUG - #preProcessEvent at simulation time 275.007,500,000 s with resource class ReceivedV2XMessage and nice -99999100
2020-05-23 21:56:25,653 DEBUG - #preProcessEvent at simulation time 275.007,600,000 s with resource class ReceivedV2XMessage and nice -99999100
2020-05-23 21:56:25,654 DEBUG - #preProcessEvent at simulation time 275.008,500,000 s with resource class ReceivedV2XMessage and nice -99999100
2020-05-23 21:56:25,654 DEBUG - #preProcessEvent at simulation time 275.009,000,000 s with resource class ReceivedV2XMessage and nice -99999100
2020-05-23 21:56:25,654 DEBUG - #preProcessEvent at simulation time 275.009,500,000 s with resource class ReceivedV2XMessage and nice -99999100
2020-05-23 21:56:25,706 DEBUG - #preProcessEvent at simulation time 276.000,000,000 s with resource class VehicleInfo and nice -99999800
2020-05-23 21:56:25,876 DEBUG - #preProcessEvent at simulation time 276.004,100,000 s with resource class ReceivedV2XMessage and nice -99999100
2020-05-23 21:56:25,878 DEBUG - #preProcessEvent at simulation time 276.005,000,000 s with resource class ReceivedV2XMessage and nice -99999100
2020-05-23 21:56:25,879 DEBUG - #preProcessEvent at simulation time 276.005,600,000 s with resource class ReceivedV2XMessage and nice -99999100
2020-05-23 21:56:25,879 DEBUG - #preProcessEvent at simulation time 276.005,700,000 s with resource class ReceivedV2XMessage and nice -99999100
2020-05-23 21:56:25,879 DEBUG - #preProcessEvent at simulation time 276.006,000,000 s with resource class ReceivedV2XMessage and nice -99999100
2020-05-23 21:56:25,880 DEBUG - #preProcessEvent at simulation time 276.006,100,000 s with resource class ReceivedV2XMessage and nice -99999100
2020-05-23 21:56:25,881 DEBUG - #preProcessEvent at simulation time 276.006,500,000 s with resource class ReceivedV2XMessage and nice -99999100
2020-05-23 21:56:25,882 DEBUG - #preProcessEvent at simulation time 276.007,000,000 s with resource class ReceivedV2XMessage and nice -99999100
2020-05-23 21:56:25,885 DEBUG - #preProcessEvent at simulation time 276.009,000,000 s with resource class ReceivedV2XMessage and nice -99999100
2020-05-23 21:56:25,919 DEBUG - #preProcessEvent at simulation time 277.000,000,000 s with resource class VehicleInfo and nice -99999800
2020-05-23 21:56:26,053 DEBUG - #preProcessEvent at simulation time 277.005,100,000 s with resource class ReceivedV2XMessage and nice -99999100
2020-05-23 21:56:26,053 DEBUG - #preProcessEvent at simulation time 277.005,100,000 s with resource class ReceivedV2XMessage and nice -99999100
2020-05-23 21:56:26,056 DEBUG - #preProcessEvent at simulation time 277.006,000,000 s with resource class ReceivedV2XMessage and nice -99999100
2020-05-23 21:56:26,056 DEBUG - #preProcessEvent at simulation time 277.006,000,000 s with resource class ReceivedV2XMessage and nice -99999100
2020-05-23 21:56:26,057 DEBUG - #preProcessEvent at simulation time 277.006,100,000 s with resource class ReceivedV2XMessage and nice -99999100
2020-05-23 21:56:26,057 DEBUG - #preProcessEvent at simulation time 277.006,200,000 s with resource class ReceivedV2XMessage and nice -99999100
2020-05-23 21:56:26,060 DEBUG - #preProcessEvent at simulation time 277.007,500,000 s with resource class ReceivedV2XMessage and nice -99999100
2020-05-23 21:56:26,063 DEBUG - #preProcessEvent at simulation time 277.008,100,000 s with resource class ReceivedV2XMessage and nice -99999100
2020-05-23 21:56:26,063 DEBUG - #preProcessEvent at simulation time 277.009,000,000 s with resource class ReceivedV2XMessage and nice -99999100
2020-05-23 21:56:26,104 DEBUG - #preProcessEvent at simulation time 278.000,000,000 s with resource class VehicleInfo and nice -99999800
2020-05-23 21:56:26,261 DEBUG - #preProcessEvent at simulation time 279.000,000,000 s with resource class VehicleInfo and nice -99999800
2020-05-23 21:56:26,504 DEBUG - #preProcessEvent at simulation time 280.000,000,000 s with resource class VehicleInfo and nice -99999800
2020-05-23 21:56:26,619 DEBUG - #preProcessEvent at simulation time 281.000,000,000 s with resource class VehicleInfo and nice -99999800
2020-05-23 21:56:26,707 DEBUG - #preProcessEvent at simulation time 282.000,000,000 s with resource class VehicleInfo and nice -99999800
2020-05-23 21:56:26,965 DEBUG - #preProcessEvent at simulation time 283.000,000,000 s with resource class VehicleInfo and nice -99999800
2020-05-23 21:56:27,224 DEBUG - #preProcessEvent at simulation time 284.000,000,000 s with resource class VehicleInfo and nice -99999800
2020-05-23 21:56:27,426 DEBUG - #preProcessEvent at simulation time 285.000,000,000 s with resource class VehicleInfo and nice -99999800
2020-05-23 21:56:27,635 DEBUG - #preProcessEvent at simulation time 286.000,000,000 s with resource class VehicleInfo and nice -99999800
2020-05-23 21:56:27,819 DEBUG - #preProcessEvent at simulation time 287.000,000,000 s with resource class VehicleInfo and nice -99999800
2020-05-23 21:56:27,967 DEBUG - #preProcessEvent at simulation time 288.000,000,000 s with resource class VehicleInfo and nice -99999800
2020-05-23 21:56:28,136 DEBUG - #preProcessEvent at simulation time 289.000,000,000 s with resource class VehicleInfo and nice -99999800
2020-05-23 21:56:28,408 DEBUG - #preProcessEvent at simulation time 290.000,000,000 s with resource class VehicleInfo and nice -99999800
2020-05-23 21:56:28,511 DEBUG - #preProcessEvent at simulation time 291.000,000,000 s with resource class VehicleInfo and nice -99999800
2020-05-23 21:56:28,674 DEBUG - #preProcessEvent at simulation time 292.000,000,000 s with resource class VehicleInfo and nice -99999800
2020-05-23 21:56:28,854 DEBUG - #preProcessEvent at simulation time 293.000,000,000 s with resource class VehicleInfo and nice -99999800
2020-05-23 21:56:28,919 DEBUG - #preProcessEvent at simulation time 294.000,000,000 s with resource class VehicleInfo and nice -99999800
2020-05-23 21:56:29,162 DEBUG - #preProcessEvent at simulation time 295.000,000,000 s with resource class VehicleInfo and nice -99999800
2020-05-23 21:56:29,365 DEBUG - #preProcessEvent at simulation time 296.000,000,000 s with resource class VehicleInfo and nice -99999800
2020-05-23 21:56:29,446 DEBUG - #preProcessEvent at simulation time 297.000,000,000 s with resource class VehicleInfo and nice -99999800
2020-05-23 21:56:29,662 DEBUG - #preProcessEvent at simulation time 298.000,000,000 s with resource class VehicleInfo and nice -99999800
2020-05-23 21:56:29,766 DEBUG - #preProcessEvent at simulation time 299.000,000,000 s with resource class VehicleInfo and nice -99999800
2020-05-23 21:56:29,835 DEBUG - #preProcessEvent at simulation time 300.000,000,000 s with resource class VehicleInfo and nice -99999800
2020-05-23 21:56:30,082 DEBUG - #preProcessEvent at simulation time 301.000,000,000 s with resource class VehicleInfo and nice -99999800
2020-05-23 21:56:30,159 DEBUG - #preProcessEvent at simulation time 302.000,000,000 s with resource class VehicleInfo and nice -99999800
2020-05-23 21:56:30,221 DEBUG - #preProcessEvent at simulation time 303.000,000,000 s with resource class VehicleInfo and nice -99999800
2020-05-23 21:56:30,277 DEBUG - #preProcessEvent at simulation time 304.000,000,000 s with resource class VehicleInfo and nice -99999800
2020-05-23 21:56:30,420 DEBUG - #preProcessEvent at simulation time 305.000,000,000 s with resource class VehicleInfo and nice -99999800
2020-05-23 21:56:30,615 DEBUG - #preProcessEvent at simulation time 306.000,000,000 s with resource class VehicleInfo and nice -99999800
2020-05-23 21:56:30,763 DEBUG - #preProcessEvent at simulation time 307.000,000,000 s with resource class VehicleInfo and nice -99999800
2020-05-23 21:56:30,887 DEBUG - #preProcessEvent at simulation time 308.000,000,000 s with resource class VehicleInfo and nice -99999800
2020-05-23 21:56:30,949 DEBUG - #preProcessEvent at simulation time 309.000,000,000 s with resource class VehicleInfo and nice -99999800
2020-05-23 21:56:31,144 DEBUG - #preProcessEvent at simulation time 310.000,000,000 s with resource class VehicleInfo and nice -99999800
2020-05-23 21:56:31,312 DEBUG - #preProcessEvent at simulation time 311.000,000,000 s with resource class VehicleInfo and nice -99999800
2020-05-23 21:56:31,368 DEBUG - #preProcessEvent at simulation time 312.000,000,000 s with resource class VehicleInfo and nice -99999800
2020-05-23 21:56:31,434 DEBUG - #preProcessEvent at simulation time 313.000,000,000 s with resource class VehicleInfo and nice -99999800
2020-05-23 21:56:31,482 DEBUG - #preProcessEvent at simulation time 314.000,000,000 s with resource class VehicleInfo and nice -99999800
2020-05-23 21:56:31,762 DEBUG - #preProcessEvent at simulation time 315.000,000,000 s with resource class VehicleInfo and nice -99999800
2020-05-23 21:56:31,888 DEBUG - #preProcessEvent at simulation time 316.000,000,000 s with resource class VehicleInfo and nice -99999800
2020-05-23 21:56:31,970 DEBUG - #preProcessEvent at simulation time 317.000,000,000 s with resource class VehicleInfo and nice -99999800
2020-05-23 21:56:32,091 DEBUG - #preProcessEvent at simulation time 318.000,000,000 s with resource class VehicleInfo and nice -99999800
2020-05-23 21:56:32,194 DEBUG - #preProcessEvent at simulation time 319.000,000,000 s with resource class VehicleInfo and nice -99999800
2020-05-23 21:56:32,346 DEBUG - #preProcessEvent at simulation time 320.000,000,000 s with resource class VehicleInfo and nice -99999800
2020-05-23 21:56:32,490 DEBUG - #preProcessEvent at simulation time 321.000,000,000 s with resource class VehicleInfo and nice -99999800
2020-05-23 21:56:32,589 DEBUG - #preProcessEvent at simulation time 322.000,000,000 s with resource class VehicleInfo and nice -99999800
2020-05-23 21:56:32,685 DEBUG - #preProcessEvent at simulation time 323.000,000,000 s with resource class VehicleInfo and nice -99999800
2020-05-23 21:56:32,740 DEBUG - #preProcessEvent at simulation time 324.000,000,000 s with resource class VehicleInfo and nice -99999800
2020-05-23 21:56:32,914 DEBUG - #preProcessEvent at simulation time 325.000,000,000 s with resource class VehicleInfo and nice -99999800
2020-05-23 21:56:33,033 DEBUG - #preProcessEvent at simulation time 326.000,000,000 s with resource class VehicleInfo and nice -99999800
2020-05-23 21:56:33,167 DEBUG - #preProcessEvent at simulation time 327.000,000,000 s with resource class VehicleInfo and nice -99999800
2020-05-23 21:56:33,267 DEBUG - #preProcessEvent at simulation time 328.000,000,000 s with resource class VehicleInfo and nice -99999800
2020-05-23 21:56:33,316 DEBUG - #preProcessEvent at simulation time 329.000,000,000 s with resource class VehicleInfo and nice -99999800
2020-05-23 21:56:33,484 DEBUG - #preProcessEvent at simulation time 330.000,000,000 s with resource class VehicleInfo and nice -99999800
2020-05-23 21:56:33,598 DEBUG - #preProcessEvent at simulation time 331.000,000,000 s with resource class VehicleInfo and nice -99999800
2020-05-23 21:56:33,666 DEBUG - #preProcessEvent at simulation time 332.000,000,000 s with resource class VehicleInfo and nice -99999800
2020-05-23 21:56:33,736 DEBUG - #preProcessEvent at simulation time 333.000,000,000 s with resource class VehicleInfo and nice -99999800
2020-05-23 21:56:33,840 DEBUG - #preProcessEvent at simulation time 334.000,000,000 s with resource class VehicleInfo and nice -99999800
2020-05-23 21:56:33,893 DEBUG - #preProcessEvent at simulation time 335.000,000,000 s with resource class VehicleInfo and nice -99999800
2020-05-23 21:56:34,095 DEBUG - #preProcessEvent at simulation time 336.000,000,000 s with resource class VehicleInfo and nice -99999800
2020-05-23 21:56:34,188 DEBUG - #preProcessEvent at simulation time 337.000,000,000 s with resource class VehicleInfo and nice -99999800
2020-05-23 21:56:34,245 DEBUG - #preProcessEvent at simulation time 338.000,000,000 s with resource class VehicleInfo and nice -99999800
2020-05-23 21:56:34,298 DEBUG - #preProcessEvent at simulation time 339.000,000,000 s with resource class VehicleInfo and nice -99999800
2020-05-23 21:56:34,548 DEBUG - #preProcessEvent at simulation time 340.000,000,000 s with resource class VehicleInfo and nice -99999800
2020-05-23 21:56:34,689 DEBUG - #preProcessEvent at simulation time 341.000,000,000 s with resource class VehicleInfo and nice -99999800
2020-05-23 21:56:34,906 DEBUG - #preProcessEvent at simulation time 342.000,000,000 s with resource class VehicleInfo and nice -99999800
2020-05-23 21:56:34,979 DEBUG - #preProcessEvent at simulation time 343.000,000,000 s with resource class VehicleInfo and nice -99999800
2020-05-23 21:56:35,138 DEBUG - #preProcessEvent at simulation time 344.000,000,000 s with resource class VehicleInfo and nice -99999800
2020-05-23 21:56:35,258 DEBUG - #preProcessEvent at simulation time 345.000,000,000 s with resource class VehicleInfo and nice -99999800
2020-05-23 21:56:35,330 DEBUG - #preProcessEvent at simulation time 346.000,000,000 s with resource class VehicleInfo and nice -99999800
2020-05-23 21:56:35,400 DEBUG - #preProcessEvent at simulation time 347.000,000,000 s with resource class VehicleInfo and nice -99999800
2020-05-23 21:56:35,443 DEBUG - #preProcessEvent at simulation time 348.000,000,000 s with resource class VehicleInfo and nice -99999800
2020-05-23 21:56:35,477 DEBUG - #preProcessEvent at simulation time 349.000,000,000 s with resource class VehicleInfo and nice -99999800
2020-05-23 21:56:35,534 DEBUG - #preProcessEvent at simulation time 350.000,000,000 s with resource class VehicleInfo and nice -99999800
2020-05-23 21:56:35,785 DEBUG - #preProcessEvent at simulation time 351.000,000,000 s with resource class VehicleInfo and nice -99999800
2020-05-23 21:56:35,838 DEBUG - #preProcessEvent at simulation time 352.000,000,000 s with resource class VehicleInfo and nice -99999800
2020-05-23 21:56:35,879 DEBUG - #preProcessEvent at simulation time 353.000,000,000 s with resource class VehicleInfo and nice -99999800
2020-05-23 21:56:35,963 DEBUG - #preProcessEvent at simulation time 354.000,000,000 s with resource class VehicleInfo and nice -99999800
2020-05-23 21:56:36,124 DEBUG - #preProcessEvent at simulation time 355.000,000,000 s with resource class VehicleInfo and nice -99999800
2020-05-23 21:56:36,260 DEBUG - #preProcessEvent at simulation time 356.000,000,000 s with resource class VehicleInfo and nice -99999800
2020-05-23 21:56:36,308 DEBUG - #preProcessEvent at simulation time 357.000,000,000 s with resource class VehicleInfo and nice -99999800
2020-05-23 21:56:36,458 DEBUG - #preProcessEvent at simulation time 358.000,000,000 s with resource class VehicleInfo and nice -99999800
2020-05-23 21:56:36,496 DEBUG - #preProcessEvent at simulation time 359.000,000,000 s with resource class VehicleInfo and nice -99999800
2020-05-23 21:56:36,682 DEBUG - #preProcessEvent at simulation time 360.000,000,000 s with resource class VehicleInfo and nice -99999800
2020-05-23 21:56:36,915 DEBUG - #preProcessEvent at simulation time 361.000,000,000 s with resource class VehicleInfo and nice -99999800
2020-05-23 21:56:36,964 DEBUG - #preProcessEvent at simulation time 362.000,000,000 s with resource class VehicleInfo and nice -99999800
2020-05-23 21:56:37,146 DEBUG - #preProcessEvent at simulation time 363.000,000,000 s with resource class VehicleInfo and nice -99999800
2020-05-23 21:56:37,288 DEBUG - #preProcessEvent at simulation time 364.000,000,000 s with resource class VehicleInfo and nice -99999800
2020-05-23 21:56:37,338 DEBUG - #preProcessEvent at simulation time 365.000,000,000 s with resource class VehicleInfo and nice -99999800
2020-05-23 21:56:37,560 DEBUG - #preProcessEvent at simulation time 366.000,000,000 s with resource class VehicleInfo and nice -99999800
2020-05-23 21:56:37,654 DEBUG - #preProcessEvent at simulation time 367.000,000,000 s with resource class VehicleInfo and nice -99999800
2020-05-23 21:56:37,768 DEBUG - #preProcessEvent at simulation time 368.000,000,000 s with resource class VehicleInfo and nice -99999800
2020-05-23 21:56:37,849 DEBUG - #preProcessEvent at simulation time 369.000,000,000 s with resource class VehicleInfo and nice -99999800
2020-05-23 21:56:37,887 DEBUG - #preProcessEvent at simulation time 370.000,000,000 s with resource class VehicleInfo and nice -99999800
2020-05-23 21:56:38,107 DEBUG - #preProcessEvent at simulation time 371.000,000,000 s with resource class VehicleInfo and nice -99999800
2020-05-23 21:56:38,229 DEBUG - #preProcessEvent at simulation time 372.000,000,000 s with resource class VehicleInfo and nice -99999800
2020-05-23 21:56:38,322 DEBUG - #preProcessEvent at simulation time 373.000,000,000 s with resource class VehicleInfo and nice -99999800
2020-05-23 21:56:38,487 DEBUG - #preProcessEvent at simulation time 374.000,000,000 s with resource class VehicleInfo and nice -99999800
2020-05-23 21:56:38,548 DEBUG - #preProcessEvent at simulation time 375.000,000,000 s with resource class VehicleInfo and nice -99999800
2020-05-23 21:56:38,686 DEBUG - #preProcessEvent at simulation time 376.000,000,000 s with resource class VehicleInfo and nice -99999800
2020-05-23 21:56:38,821 DEBUG - #preProcessEvent at simulation time 377.000,000,000 s with resource class VehicleInfo and nice -99999800
2020-05-23 21:56:38,902 DEBUG - #preProcessEvent at simulation time 378.000,000,000 s with resource class VehicleInfo and nice -99999800
2020-05-23 21:56:38,966 DEBUG - #preProcessEvent at simulation time 379.000,000,000 s with resource class VehicleInfo and nice -99999800
2020-05-23 21:56:39,116 DEBUG - #preProcessEvent at simulation time 380.000,000,000 s with resource class VehicleInfo and nice -99999800
2020-05-23 21:56:39,198 DEBUG - #preProcessEvent at simulation time 381.000,000,000 s with resource class VehicleInfo and nice -99999800
2020-05-23 21:56:39,402 DEBUG - #preProcessEvent at simulation time 382.000,000,000 s with resource class VehicleInfo and nice -99999800
2020-05-23 21:56:39,476 DEBUG - #preProcessEvent at simulation time 383.000,000,000 s with resource class VehicleInfo and nice -99999800
2020-05-23 21:56:39,519 DEBUG - #preProcessEvent at simulation time 384.000,000,000 s with resource class VehicleInfo and nice -99999800
2020-05-23 21:56:39,680 DEBUG - #preProcessEvent at simulation time 385.000,000,000 s with resource class VehicleInfo and nice -99999800
2020-05-23 21:56:39,749 DEBUG - #preProcessEvent at simulation time 386.000,000,000 s with resource class VehicleInfo and nice -99999800
2020-05-23 21:56:39,903 DEBUG - #preProcessEvent at simulation time 387.000,000,000 s with resource class VehicleInfo and nice -99999800
2020-05-23 21:56:39,989 DEBUG - #preProcessEvent at simulation time 388.000,000,000 s with resource class VehicleInfo and nice -99999800
2020-05-23 21:56:40,121 DEBUG - #preProcessEvent at simulation time 389.000,000,000 s with resource class VehicleInfo and nice -99999800
2020-05-23 21:56:40,164 DEBUG - #preProcessEvent at simulation time 390.000,000,000 s with resource class VehicleInfo and nice -99999800
2020-05-23 21:56:40,300 DEBUG - #preProcessEvent at simulation time 391.000,000,000 s with resource class VehicleInfo and nice -99999800
2020-05-23 21:56:40,345 DEBUG - #preProcessEvent at simulation time 392.000,000,000 s with resource class VehicleInfo and nice -99999800
2020-05-23 21:56:40,397 DEBUG - #preProcessEvent at simulation time 393.000,000,000 s with resource class VehicleInfo and nice -99999800
2020-05-23 21:56:40,447 DEBUG - #preProcessEvent at simulation time 394.000,000,000 s with resource class VehicleInfo and nice -99999800
2020-05-23 21:56:40,549 DEBUG - #preProcessEvent at simulation time 395.000,000,000 s with resource class VehicleInfo and nice -99999800
2020-05-23 21:56:40,841 DEBUG - #preProcessEvent at simulation time 396.000,000,000 s with resource class VehicleInfo and nice -99999800
2020-05-23 21:56:40,885 DEBUG - #preProcessEvent at simulation time 397.000,000,000 s with resource class VehicleInfo and nice -99999800
2020-05-23 21:56:41,046 DEBUG - #preProcessEvent at simulation time 398.000,000,000 s with resource class VehicleInfo and nice -99999800
2020-05-23 21:56:41,091 DEBUG - #preProcessEvent at simulation time 399.000,000,000 s with resource class VehicleInfo and nice -99999800
2020-05-23 21:56:41,184 DEBUG - #preProcessEvent at simulation time 400.000,000,000 s with resource class VehicleInfo and nice -99999800
2020-05-23 21:56:41,361 DEBUG - #preProcessEvent at simulation time 401.000,000,000 s with resource class VehicleInfo and nice -99999800
2020-05-23 21:56:41,485 DEBUG - #preProcessEvent at simulation time 402.000,000,000 s with resource class VehicleInfo and nice -99999800
2020-05-23 21:56:41,551 DEBUG - #preProcessEvent at simulation time 403.000,000,000 s with resource class VehicleInfo and nice -99999800
2020-05-23 21:56:41,641 DEBUG - #preProcessEvent at simulation time 404.000,000,000 s with resource class VehicleInfo and nice -99999800
2020-05-23 21:56:41,672 DEBUG - #preProcessEvent at simulation time 405.000,000,000 s with resource class VehicleInfo and nice -99999800
2020-05-23 21:56:41,749 DEBUG - #preProcessEvent at simulation time 406.000,000,000 s with resource class VehicleInfo and nice -99999800
2020-05-23 21:56:41,815 DEBUG - #preProcessEvent at simulation time 407.000,000,000 s with resource class VehicleInfo and nice -99999800
2020-05-23 21:56:41,852 DEBUG - #preProcessEvent at simulation time 408.000,000,000 s with resource class VehicleInfo and nice -99999800
2020-05-23 21:56:41,930 DEBUG - #preProcessEvent at simulation time 409.000,000,000 s with resource class VehicleInfo and nice -99999800
2020-05-23 21:56:42,063 DEBUG - #preProcessEvent at simulation time 410.000,000,000 s with resource class VehicleInfo and nice -99999800
2020-05-23 21:56:42,133 DEBUG - #preProcessEvent at simulation time 411.000,000,000 s with resource class VehicleInfo and nice -99999800
2020-05-23 21:56:42,182 DEBUG - #preProcessEvent at simulation time 412.000,000,000 s with resource class VehicleInfo and nice -99999800
2020-05-23 21:56:42,215 DEBUG - #preProcessEvent at simulation time 413.000,000,000 s with resource class VehicleInfo and nice -99999800
2020-05-23 21:56:42,273 DEBUG - #preProcessEvent at simulation time 414.000,000,000 s with resource class VehicleInfo and nice -99999800
2020-05-23 21:56:42,355 DEBUG - #preProcessEvent at simulation time 415.000,000,000 s with resource class VehicleInfo and nice -99999800
2020-05-23 21:56:42,487 DEBUG - #preProcessEvent at simulation time 416.000,000,000 s with resource class VehicleInfo and nice -99999800
2020-05-23 21:56:42,548 DEBUG - #preProcessEvent at simulation time 417.000,000,000 s with resource class VehicleInfo and nice -99999800
2020-05-23 21:56:42,598 DEBUG - #preProcessEvent at simulation time 418.000,000,000 s with resource class VehicleInfo and nice -99999800
2020-05-23 21:56:42,630 DEBUG - #preProcessEvent at simulation time 419.000,000,000 s with resource class VehicleInfo and nice -99999800
2020-05-23 21:56:42,680 DEBUG - #preProcessEvent at simulation time 420.000,000,000 s with resource class VehicleInfo and nice -99999800
2020-05-23 21:56:42,813 DEBUG - #preProcessEvent at simulation time 421.000,000,000 s with resource class VehicleInfo and nice -99999800
2020-05-23 21:56:42,854 DEBUG - #preProcessEvent at simulation time 422.000,000,000 s with resource class VehicleInfo and nice -99999800
2020-05-23 21:56:42,901 DEBUG - #preProcessEvent at simulation time 423.000,000,000 s with resource class VehicleInfo and nice -99999800
2020-05-23 21:56:42,988 DEBUG - #preProcessEvent at simulation time 424.000,000,000 s with resource class VehicleInfo and nice -99999800
2020-05-23 21:56:43,020 DEBUG - #preProcessEvent at simulation time 425.000,000,000 s with resource class VehicleInfo and nice -99999800
2020-05-23 21:56:43,103 DEBUG - #preProcessEvent at simulation time 426.000,000,000 s with resource class VehicleInfo and nice -99999800
2020-05-23 21:56:43,209 DEBUG - #preProcessEvent at simulation time 427.000,000,000 s with resource class VehicleInfo and nice -99999800
2020-05-23 21:56:43,244 DEBUG - #preProcessEvent at simulation time 428.000,000,000 s with resource class VehicleInfo and nice -99999800
2020-05-23 21:56:43,273 DEBUG - #preProcessEvent at simulation time 429.000,000,000 s with resource class VehicleInfo and nice -99999800
2020-05-23 21:56:43,338 DEBUG - #preProcessEvent at simulation time 430.000,000,000 s with resource class VehicleInfo and nice -99999800
2020-05-23 21:56:43,412 DEBUG - #preProcessEvent at simulation time 431.000,000,000 s with resource class VehicleInfo and nice -99999800
2020-05-23 21:56:43,455 DEBUG - #preProcessEvent at simulation time 432.000,000,000 s with resource class VehicleInfo and nice -99999800
2020-05-23 21:56:43,573 DEBUG - #preProcessEvent at simulation time 433.000,000,000 s with resource class VehicleInfo and nice -99999800
2020-05-23 21:56:43,641 DEBUG - #preProcessEvent at simulation time 434.000,000,000 s with resource class VehicleInfo and nice -99999800
2020-05-23 21:56:43,685 DEBUG - #preProcessEvent at simulation time 435.000,000,000 s with resource class VehicleInfo and nice -99999800
2020-05-23 21:56:43,763 DEBUG - #preProcessEvent at simulation time 436.000,000,000 s with resource class VehicleInfo and nice -99999800
2020-05-23 21:56:43,848 DEBUG - #preProcessEvent at simulation time 437.000,000,000 s with resource class VehicleInfo and nice -99999800
2020-05-23 21:56:43,883 DEBUG - #preProcessEvent at simulation time 438.000,000,000 s with resource class VehicleInfo and nice -99999800
2020-05-23 21:56:43,970 DEBUG - #preProcessEvent at simulation time 439.000,000,000 s with resource class VehicleInfo and nice -99999800
2020-05-23 21:56:44,028 DEBUG - #preProcessEvent at simulation time 440.000,000,000 s with resource class VehicleInfo and nice -99999800
2020-05-23 21:56:44,073 DEBUG - #preProcessEvent at simulation time 441.000,000,000 s with resource class VehicleInfo and nice -99999800
2020-05-23 21:56:44,182 DEBUG - #preProcessEvent at simulation time 442.000,000,000 s with resource class VehicleInfo and nice -99999800
2020-05-23 21:56:44,220 DEBUG - #preProcessEvent at simulation time 443.000,000,000 s with resource class VehicleInfo and nice -99999800
2020-05-23 21:56:44,249 DEBUG - #preProcessEvent at simulation time 444.000,000,000 s with resource class VehicleInfo and nice -99999800
2020-05-23 21:56:44,280 DEBUG - #preProcessEvent at simulation time 445.000,000,000 s with resource class VehicleInfo and nice -99999800
2020-05-23 21:56:44,401 DEBUG - #preProcessEvent at simulation time 446.000,000,000 s with resource class VehicleInfo and nice -99999800
2020-05-23 21:56:44,453 DEBUG - #preProcessEvent at simulation time 447.000,000,000 s with resource class VehicleInfo and nice -99999800
2020-05-23 21:56:44,513 DEBUG - #preProcessEvent at simulation time 448.000,000,000 s with resource class VehicleInfo and nice -99999800
2020-05-23 21:56:44,650 DEBUG - #preProcessEvent at simulation time 449.000,000,000 s with resource class VehicleInfo and nice -99999800
2020-05-23 21:56:44,705 DEBUG - #preProcessEvent at simulation time 450.000,000,000 s with resource class VehicleInfo and nice -99999800
2020-05-23 21:56:44,808 DEBUG - #preProcessEvent at simulation time 451.000,000,000 s with resource class VehicleInfo and nice -99999800
2020-05-23 21:56:44,847 DEBUG - #preProcessEvent at simulation time 452.000,000,000 s with resource class VehicleInfo and nice -99999800
2020-05-23 21:56:44,923 DEBUG - #preProcessEvent at simulation time 453.000,000,000 s with resource class VehicleInfo and nice -99999800
2020-05-23 21:56:44,994 DEBUG - #preProcessEvent at simulation time 454.000,000,000 s with resource class VehicleInfo and nice -99999800
2020-05-23 21:56:45,026 DEBUG - #preProcessEvent at simulation time 455.000,000,000 s with resource class VehicleInfo and nice -99999800
2020-05-23 21:56:45,080 DEBUG - #preProcessEvent at simulation time 456.000,000,000 s with resource class VehicleInfo and nice -99999800
2020-05-23 21:56:45,216 DEBUG - #preProcessEvent at simulation time 457.000,000,000 s with resource class VehicleInfo and nice -99999800
2020-05-23 21:56:45,252 DEBUG - #preProcessEvent at simulation time 458.000,000,000 s with resource class VehicleInfo and nice -99999800
2020-05-23 21:56:45,280 DEBUG - #preProcessEvent at simulation time 459.000,000,000 s with resource class VehicleInfo and nice -99999800
2020-05-23 21:56:45,333 DEBUG - #preProcessEvent at simulation time 460.000,000,000 s with resource class VehicleInfo and nice -99999800
2020-05-23 21:56:45,425 DEBUG - #preProcessEvent at simulation time 461.000,000,000 s with resource class VehicleInfo and nice -99999800
2020-05-23 21:56:45,455 DEBUG - #preProcessEvent at simulation time 462.000,000,000 s with resource class VehicleInfo and nice -99999800
2020-05-23 21:56:45,481 DEBUG - #preProcessEvent at simulation time 463.000,000,000 s with resource class VehicleInfo and nice -99999800
2020-05-23 21:56:45,513 DEBUG - #preProcessEvent at simulation time 464.000,000,000 s with resource class VehicleInfo and nice -99999800
2020-05-23 21:56:45,611 DEBUG - #preProcessEvent at simulation time 465.000,000,000 s with resource class VehicleInfo and nice -99999800
2020-05-23 21:56:45,723 DEBUG - #preProcessEvent at simulation time 466.000,000,000 s with resource class VehicleInfo and nice -99999800
2020-05-23 21:56:45,812 DEBUG - #preProcessEvent at simulation time 467.000,000,000 s with resource class VehicleInfo and nice -99999800
2020-05-23 21:56:45,844 DEBUG - #preProcessEvent at simulation time 468.000,000,000 s with resource class VehicleInfo and nice -99999800
2020-05-23 21:56:45,886 DEBUG - #preProcessEvent at simulation time 469.000,000,000 s with resource class VehicleInfo and nice -99999800
2020-05-23 21:56:45,936 DEBUG - #preProcessEvent at simulation time 470.000,000,000 s with resource class VehicleInfo and nice -99999800
2020-05-23 21:56:46,051 DEBUG - #preProcessEvent at simulation time 471.000,000,000 s with resource class VehicleInfo and nice -99999800
2020-05-23 21:56:46,079 DEBUG - #preProcessEvent at simulation time 472.000,000,000 s with resource class VehicleInfo and nice -99999800
2020-05-23 21:56:46,118 DEBUG - #preProcessEvent at simulation time 473.000,000,000 s with resource class VehicleInfo and nice -99999800
2020-05-23 21:56:46,185 DEBUG - #preProcessEvent at simulation time 474.000,000,000 s with resource class VehicleInfo and nice -99999800
2020-05-23 21:56:46,225 DEBUG - #preProcessEvent at simulation time 475.000,000,000 s with resource class VehicleInfo and nice -99999800
2020-05-23 21:56:46,271 DEBUG - #preProcessEvent at simulation time 476.000,000,000 s with resource class VehicleInfo and nice -99999800
2020-05-23 21:56:46,303 DEBUG - #preProcessEvent at simulation time 477.000,000,000 s with resource class VehicleInfo and nice -99999800
2020-05-23 21:56:46,391 DEBUG - #preProcessEvent at simulation time 478.000,000,000 s with resource class VehicleInfo and nice -99999800
2020-05-23 21:56:46,421 DEBUG - #preProcessEvent at simulation time 479.000,000,000 s with resource class VehicleInfo and nice -99999800
2020-05-23 21:56:46,453 DEBUG - #preProcessEvent at simulation time 480.000,000,000 s with resource class VehicleInfo and nice -99999800
2020-05-23 21:56:46,496 DEBUG - #preProcessEvent at simulation time 481.000,000,000 s with resource class VehicleInfo and nice -99999800
2020-05-23 21:56:46,556 DEBUG - #preProcessEvent at simulation time 482.000,000,000 s with resource class VehicleInfo and nice -99999800
2020-05-23 21:56:46,584 DEBUG - #preProcessEvent at simulation time 483.000,000,000 s with resource class VehicleInfo and nice -99999800
2020-05-23 21:56:46,614 DEBUG - #preProcessEvent at simulation time 484.000,000,000 s with resource class VehicleInfo and nice -99999800
2020-05-23 21:56:46,651 DEBUG - #preProcessEvent at simulation time 485.000,000,000 s with resource class VehicleInfo and nice -99999800
2020-05-23 21:56:46,694 DEBUG - #preProcessEvent at simulation time 486.000,000,000 s with resource class VehicleInfo and nice -99999800
2020-05-23 21:56:46,747 DEBUG - #preProcessEvent at simulation time 487.000,000,000 s with resource class VehicleInfo and nice -99999800
2020-05-23 21:56:46,825 DEBUG - #preProcessEvent at simulation time 488.000,000,000 s with resource class VehicleInfo and nice -99999800
2020-05-23 21:56:46,857 DEBUG - #preProcessEvent at simulation time 489.000,000,000 s with resource class VehicleInfo and nice -99999800
2020-05-23 21:56:46,885 DEBUG - #preProcessEvent at simulation time 490.000,000,000 s with resource class VehicleInfo and nice -99999800
2020-05-23 21:56:46,952 DEBUG - #preProcessEvent at simulation time 491.000,000,000 s with resource class VehicleInfo and nice -99999800
2020-05-23 21:56:46,982 DEBUG - #preProcessEvent at simulation time 492.000,000,000 s with resource class VehicleInfo and nice -99999800
2020-05-23 21:56:47,004 DEBUG - #preProcessEvent at simulation time 493.000,000,000 s with resource class VehicleInfo and nice -99999800
2020-05-23 21:56:47,029 DEBUG - #preProcessEvent at simulation time 494.000,000,000 s with resource class VehicleInfo and nice -99999800
2020-05-23 21:56:47,054 DEBUG - #preProcessEvent at simulation time 495.000,000,000 s with resource class VehicleInfo and nice -99999800
2020-05-23 21:56:47,100 DEBUG - #preProcessEvent at simulation time 496.000,000,000 s with resource class VehicleInfo and nice -99999800
2020-05-23 21:56:47,154 DEBUG - #preProcessEvent at simulation time 497.000,000,000 s with resource class VehicleInfo and nice -99999800
2020-05-23 21:56:47,184 DEBUG - #preProcessEvent at simulation time 498.000,000,000 s with resource class VehicleInfo and nice -99999800
2020-05-23 21:56:47,216 DEBUG - #preProcessEvent at simulation time 499.000,000,000 s with resource class VehicleInfo and nice -99999800
2020-05-23 21:56:47,244 DEBUG - #preProcessEvent at simulation time 500.000,000,000 s with resource class VehicleInfo and nice -99999800
2020-05-23 21:56:47,333 DEBUG - #preProcessEvent at simulation time 501.000,000,000 s with resource class VehicleInfo and nice -99999800
2020-05-23 21:56:47,364 DEBUG - #preProcessEvent at simulation time 502.000,000,000 s with resource class VehicleInfo and nice -99999800
2020-05-23 21:56:47,389 DEBUG - #preProcessEvent at simulation time 503.000,000,000 s with resource class VehicleInfo and nice -99999800
2020-05-23 21:56:47,412 DEBUG - #preProcessEvent at simulation time 504.000,000,000 s with resource class VehicleInfo and nice -99999800
2020-05-23 21:56:47,435 DEBUG - #preProcessEvent at simulation time 505.000,000,000 s with resource class VehicleInfo and nice -99999800
2020-05-23 21:56:47,466 DEBUG - #preProcessEvent at simulation time 506.000,000,000 s with resource class VehicleInfo and nice -99999800
2020-05-23 21:56:47,488 DEBUG - #preProcessEvent at simulation time 507.000,000,000 s with resource class VehicleInfo and nice -99999800
2020-05-23 21:56:47,528 DEBUG - #preProcessEvent at simulation time 508.000,000,000 s with resource class VehicleInfo and nice -99999800
2020-05-23 21:56:47,556 DEBUG - #preProcessEvent at simulation time 509.000,000,000 s with resource class VehicleInfo and nice -99999800
2020-05-23 21:56:47,578 DEBUG - #preProcessEvent at simulation time 510.000,000,000 s with resource class VehicleInfo and nice -99999800
2020-05-23 21:56:47,608 DEBUG - #preProcessEvent at simulation time 511.000,000,000 s with resource class VehicleInfo and nice -99999800
2020-05-23 21:56:47,630 DEBUG - #preProcessEvent at simulation time 512.000,000,000 s with resource class VehicleInfo and nice -99999800
2020-05-23 21:56:47,653 DEBUG - #preProcessEvent at simulation time 513.000,000,000 s with resource class VehicleInfo and nice -99999800
2020-05-23 21:56:47,672 DEBUG - #preProcessEvent at simulation time 514.000,000,000 s with resource class VehicleInfo and nice -99999800
2020-05-23 21:56:47,695 DEBUG - #preProcessEvent at simulation time 515.000,000,000 s with resource class VehicleInfo and nice -99999800
2020-05-23 21:56:47,753 DEBUG - #preProcessEvent at simulation time 516.000,000,000 s with resource class VehicleInfo and nice -99999800
2020-05-23 21:56:47,777 DEBUG - #preProcessEvent at simulation time 517.000,000,000 s with resource class VehicleInfo and nice -99999800
2020-05-23 21:56:47,799 DEBUG - #preProcessEvent at simulation time 518.000,000,000 s with resource class VehicleInfo and nice -99999800
2020-05-23 21:56:47,817 DEBUG - #preProcessEvent at simulation time 519.000,000,000 s with resource class VehicleInfo and nice -99999800
2020-05-23 21:56:47,836 DEBUG - #preProcessEvent at simulation time 520.000,000,000 s with resource class VehicleInfo and nice -99999800
2020-05-23 21:56:47,863 DEBUG - #preProcessEvent at simulation time 521.000,000,000 s with resource class VehicleInfo and nice -99999800
2020-05-23 21:56:47,881 DEBUG - #preProcessEvent at simulation time 522.000,000,000 s with resource class VehicleInfo and nice -99999800
2020-05-23 21:56:47,905 DEBUG - #preProcessEvent at simulation time 523.000,000,000 s with resource class VehicleInfo and nice -99999800
2020-05-23 21:56:47,930 DEBUG - #preProcessEvent at simulation time 524.000,000,000 s with resource class VehicleInfo and nice -99999800
2020-05-23 21:56:47,951 DEBUG - #preProcessEvent at simulation time 525.000,000,000 s with resource class VehicleInfo and nice -99999800
2020-05-23 21:56:47,979 DEBUG - #preProcessEvent at simulation time 526.000,000,000 s with resource class VehicleInfo and nice -99999800
2020-05-23 21:56:47,993 DEBUG - #preProcessEvent at simulation time 527.000,000,000 s with resource class VehicleInfo and nice -99999800
2020-05-23 21:56:48,017 DEBUG - #preProcessEvent at simulation time 528.000,000,000 s with resource class VehicleInfo and nice -99999800
2020-05-23 21:56:48,033 DEBUG - #preProcessEvent at simulation time 529.000,000,000 s with resource class VehicleInfo and nice -99999800
2020-05-23 21:56:48,047 DEBUG - #preProcessEvent at simulation time 530.000,000,000 s with resource class VehicleInfo and nice -99999800
2020-05-23 21:56:48,078 DEBUG - #preProcessEvent at simulation time 531.000,000,000 s with resource class VehicleInfo and nice -99999800
2020-05-23 21:56:48,090 DEBUG - #preProcessEvent at simulation time 532.000,000,000 s with resource class VehicleInfo and nice -99999800
2020-05-23 21:56:48,116 DEBUG - #preProcessEvent at simulation time 533.000,000,000 s with resource class VehicleInfo and nice -99999800
2020-05-23 21:56:48,130 DEBUG - #preProcessEvent at simulation time 534.000,000,000 s with resource class VehicleInfo and nice -99999800
2020-05-23 21:56:48,147 DEBUG - #preProcessEvent at simulation time 535.000,000,000 s with resource class VehicleInfo and nice -99999800
2020-05-23 21:56:48,171 DEBUG - #preProcessEvent at simulation time 536.000,000,000 s with resource class VehicleInfo and nice -99999800
2020-05-23 21:56:48,183 DEBUG - #preProcessEvent at simulation time 537.000,000,000 s with resource class VehicleInfo and nice -99999800
2020-05-23 21:56:48,195 DEBUG - #preProcessEvent at simulation time 538.000,000,000 s with resource class VehicleInfo and nice -99999800
2020-05-23 21:56:48,214 DEBUG - #preProcessEvent at simulation time 539.000,000,000 s with resource class VehicleInfo and nice -99999800
2020-05-23 21:56:48,232 DEBUG - #preProcessEvent at simulation time 540.000,000,000 s with resource class VehicleInfo and nice -99999800
2020-05-23 21:56:48,254 DEBUG - #preProcessEvent at simulation time 541.000,000,000 s with resource class VehicleInfo and nice -99999800
2020-05-23 21:56:48,272 DEBUG - #preProcessEvent at simulation time 542.000,000,000 s with resource class VehicleInfo and nice -99999800
2020-05-23 21:56:48,285 DEBUG - #preProcessEvent at simulation time 543.000,000,000 s with resource class VehicleInfo and nice -99999800
2020-05-23 21:56:48,298 DEBUG - #preProcessEvent at simulation time 544.000,000,000 s with resource class VehicleInfo and nice -99999800
2020-05-23 21:56:48,321 DEBUG - #preProcessEvent at simulation time 545.000,000,000 s with resource class VehicleInfo and nice -99999800
2020-05-23 21:56:48,343 DEBUG - #preProcessEvent at simulation time 546.000,000,000 s with resource class VehicleInfo and nice -99999800
2020-05-23 21:56:48,360 DEBUG - #preProcessEvent at simulation time 547.000,000,000 s with resource class VehicleInfo and nice -99999800
2020-05-23 21:56:48,373 DEBUG - #preProcessEvent at simulation time 548.000,000,000 s with resource class VehicleInfo and nice -99999800
2020-05-23 21:56:48,387 DEBUG - #preProcessEvent at simulation time 549.000,000,000 s with resource class VehicleInfo and nice -99999800
2020-05-23 21:56:48,399 DEBUG - #preProcessEvent at simulation time 550.000,000,000 s with resource class VehicleInfo and nice -99999800
2020-05-23 21:56:48,421 DEBUG - #preProcessEvent at simulation time 551.000,000,000 s with resource class VehicleInfo and nice -99999800
2020-05-23 21:56:48,432 DEBUG - #preProcessEvent at simulation time 552.000,000,000 s with resource class VehicleInfo and nice -99999800
2020-05-23 21:56:48,442 DEBUG - #preProcessEvent at simulation time 553.000,000,000 s with resource class VehicleInfo and nice -99999800
2020-05-23 21:56:48,454 DEBUG - #preProcessEvent at simulation time 554.000,000,000 s with resource class VehicleInfo and nice -99999800
2020-05-23 21:56:48,466 DEBUG - #preProcessEvent at simulation time 555.000,000,000 s with resource class VehicleInfo and nice -99999800
2020-05-23 21:56:48,485 DEBUG - #preProcessEvent at simulation time 556.000,000,000 s with resource class VehicleInfo and nice -99999800
2020-05-23 21:56:48,501 DEBUG - #preProcessEvent at simulation time 557.000,000,000 s with resource class VehicleInfo and nice -99999800
2020-05-23 21:56:48,524 DEBUG - #preProcessEvent at simulation time 558.000,000,000 s with resource class VehicleInfo and nice -99999800
2020-05-23 21:56:48,541 DEBUG - #preProcessEvent at simulation time 559.000,000,000 s with resource class VehicleInfo and nice -99999800
2020-05-23 21:56:48,556 DEBUG - #preProcessEvent at simulation time 560.000,000,000 s with resource class VehicleInfo and nice -99999800
2020-05-23 21:56:48,574 DEBUG - #preProcessEvent at simulation time 561.000,000,000 s with resource class VehicleInfo and nice -99999800
2020-05-23 21:56:48,587 DEBUG - #preProcessEvent at simulation time 562.000,000,000 s with resource class VehicleInfo and nice -99999800
2020-05-23 21:56:48,599 DEBUG - #preProcessEvent at simulation time 563.000,000,000 s with resource class VehicleInfo and nice -99999800
2020-05-23 21:56:48,617 DEBUG - #preProcessEvent at simulation time 564.000,000,000 s with resource class VehicleInfo and nice -99999800
2020-05-23 21:56:48,632 DEBUG - #preProcessEvent at simulation time 565.000,000,000 s with resource class VehicleInfo and nice -99999800
2020-05-23 21:56:48,656 DEBUG - #preProcessEvent at simulation time 566.000,000,000 s with resource class VehicleInfo and nice -99999800
2020-05-23 21:56:48,672 DEBUG - #preProcessEvent at simulation time 567.000,000,000 s with resource class VehicleInfo and nice -99999800
2020-05-23 21:56:48,687 DEBUG - #preProcessEvent at simulation time 568.000,000,000 s with resource class VehicleInfo and nice -99999800
2020-05-23 21:56:48,704 DEBUG - #preProcessEvent at simulation time 569.000,000,000 s with resource class VehicleInfo and nice -99999800
2020-05-23 21:56:48,737 DEBUG - #preProcessEvent at simulation time 570.000,000,000 s with resource class VehicleInfo and nice -99999800
2020-05-23 21:56:48,766 DEBUG - #preProcessEvent at simulation time 571.000,000,000 s with resource class VehicleInfo and nice -99999800
2020-05-23 21:56:48,786 DEBUG - #preProcessEvent at simulation time 572.000,000,000 s with resource class VehicleInfo and nice -99999800
2020-05-23 21:56:48,803 DEBUG - #preProcessEvent at simulation time 573.000,000,000 s with resource class VehicleInfo and nice -99999800
2020-05-23 21:56:48,821 DEBUG - #preProcessEvent at simulation time 574.000,000,000 s with resource class VehicleInfo and nice -99999800
2020-05-23 21:56:48,835 DEBUG - #preProcessEvent at simulation time 575.000,000,000 s with resource class VehicleInfo and nice -99999800
2020-05-23 21:56:48,861 DEBUG - #preProcessEvent at simulation time 576.000,000,000 s with resource class VehicleInfo and nice -99999800
2020-05-23 21:56:48,875 DEBUG - #preProcessEvent at simulation time 577.000,000,000 s with resource class VehicleInfo and nice -99999800
2020-05-23 21:56:48,897 DEBUG - #preProcessEvent at simulation time 578.000,000,000 s with resource class VehicleInfo and nice -99999800
2020-05-23 21:56:48,925 DEBUG - #preProcessEvent at simulation time 579.000,000,000 s with resource class VehicleInfo and nice -99999800
2020-05-23 21:56:48,938 DEBUG - #preProcessEvent at simulation time 580.000,000,000 s with resource class VehicleInfo and nice -99999800
2020-05-23 21:56:48,969 DEBUG - #preProcessEvent at simulation time 581.000,000,000 s with resource class VehicleInfo and nice -99999800
2020-05-23 21:56:48,991 DEBUG - #preProcessEvent at simulation time 582.000,000,000 s with resource class VehicleInfo and nice -99999800
2020-05-23 21:56:49,010 DEBUG - #preProcessEvent at simulation time 583.000,000,000 s with resource class VehicleInfo and nice -99999800
2020-05-23 21:56:49,034 DEBUG - #preProcessEvent at simulation time 584.000,000,000 s with resource class VehicleInfo and nice -99999800
2020-05-23 21:56:49,052 DEBUG - #preProcessEvent at simulation time 585.000,000,000 s with resource class VehicleInfo and nice -99999800
2020-05-23 21:56:49,095 DEBUG - #preProcessEvent at simulation time 586.000,000,000 s with resource class VehicleInfo and nice -99999800
2020-05-23 21:56:49,120 DEBUG - #preProcessEvent at simulation time 587.000,000,000 s with resource class VehicleInfo and nice -99999800
2020-05-23 21:56:49,139 DEBUG - #preProcessEvent at simulation time 588.000,000,000 s with resource class VehicleInfo and nice -99999800
2020-05-23 21:56:49,154 DEBUG - #preProcessEvent at simulation time 589.000,000,000 s with resource class VehicleInfo and nice -99999800
2020-05-23 21:56:49,169 DEBUG - #preProcessEvent at simulation time 590.000,000,000 s with resource class VehicleInfo and nice -99999800
2020-05-23 21:56:49,190 DEBUG - #preProcessEvent at simulation time 591.000,000,000 s with resource class VehicleInfo and nice -99999800
2020-05-23 21:56:49,206 DEBUG - #preProcessEvent at simulation time 592.000,000,000 s with resource class VehicleInfo and nice -99999800
2020-05-23 21:56:49,224 DEBUG - #preProcessEvent at simulation time 593.000,000,000 s with resource class VehicleInfo and nice -99999800
2020-05-23 21:56:49,243 DEBUG - #preProcessEvent at simulation time 594.000,000,000 s with resource class VehicleInfo and nice -99999800
2020-05-23 21:56:49,258 DEBUG - #preProcessEvent at simulation time 595.000,000,000 s with resource class VehicleInfo and nice -99999800
2020-05-23 21:56:49,284 DEBUG - #preProcessEvent at simulation time 596.000,000,000 s with resource class VehicleInfo and nice -99999800
2020-05-23 21:56:49,298 DEBUG - #preProcessEvent at simulation time 597.000,000,000 s with resource class VehicleInfo and nice -99999800
2020-05-23 21:56:49,323 DEBUG - #preProcessEvent at simulation time 598.000,000,000 s with resource class VehicleInfo and nice -99999800
2020-05-23 21:56:49,336 DEBUG - #preProcessEvent at simulation time 599.000,000,000 s with resource class VehicleInfo and nice -99999800
2020-05-23 21:56:49,349 DEBUG - #preProcessEvent at simulation time 600.000,000,000 s with resource class VehicleInfo and nice -99999800
2020-05-23 21:56:49,375 DEBUG - #preProcessEvent at simulation time 601.000,000,000 s with resource class VehicleInfo and nice -99999800
2020-05-23 21:56:49,389 DEBUG - #preProcessEvent at simulation time 602.000,000,000 s with resource class VehicleInfo and nice -99999800
2020-05-23 21:56:49,406 DEBUG - #preProcessEvent at simulation time 603.000,000,000 s with resource class VehicleInfo and nice -99999800
2020-05-23 21:56:49,417 DEBUG - #preProcessEvent at simulation time 604.000,000,000 s with resource class VehicleInfo and nice -99999800
2020-05-23 21:56:49,430 DEBUG - #preProcessEvent at simulation time 605.000,000,000 s with resource class VehicleInfo and nice -99999800
2020-05-23 21:56:49,458 DEBUG - #preProcessEvent at simulation time 606.000,000,000 s with resource class VehicleInfo and nice -99999800
2020-05-23 21:56:49,472 DEBUG - #preProcessEvent at simulation time 607.000,000,000 s with resource class VehicleInfo and nice -99999800
2020-05-23 21:56:49,484 DEBUG - #preProcessEvent at simulation time 608.000,000,000 s with resource class VehicleInfo and nice -99999800
2020-05-23 21:56:49,510 DEBUG - #preProcessEvent at simulation time 609.000,000,000 s with resource class VehicleInfo and nice -99999800
2020-05-23 21:56:49,523 DEBUG - #preProcessEvent at simulation time 610.000,000,000 s with resource class VehicleInfo and nice -99999800
2020-05-23 21:56:49,543 DEBUG - #preProcessEvent at simulation time 611.000,000,000 s with resource class VehicleInfo and nice -99999800
2020-05-23 21:56:49,557 DEBUG - #preProcessEvent at simulation time 612.000,000,000 s with resource class VehicleInfo and nice -99999800
2020-05-23 21:56:49,568 DEBUG - #preProcessEvent at simulation time 613.000,000,000 s with resource class VehicleInfo and nice -99999800
2020-05-23 21:56:49,579 DEBUG - #preProcessEvent at simulation time 614.000,000,000 s with resource class VehicleInfo and nice -99999800
2020-05-23 21:56:49,593 DEBUG - #preProcessEvent at simulation time 615.000,000,000 s with resource class VehicleInfo and nice -99999800
2020-05-23 21:56:49,611 DEBUG - #preProcessEvent at simulation time 616.000,000,000 s with resource class VehicleInfo and nice -99999800
2020-05-23 21:56:49,622 DEBUG - #preProcessEvent at simulation time 617.000,000,000 s with resource class VehicleInfo and nice -99999800
2020-05-23 21:56:49,634 DEBUG - #preProcessEvent at simulation time 618.000,000,000 s with resource class VehicleInfo and nice -99999800
2020-05-23 21:56:49,644 DEBUG - #preProcessEvent at simulation time 619.000,000,000 s with resource class VehicleInfo and nice -99999800
2020-05-23 21:56:49,659 DEBUG - #preProcessEvent at simulation time 620.000,000,000 s with resource class VehicleInfo and nice -99999800
2020-05-23 21:56:49,673 DEBUG - #preProcessEvent at simulation time 621.000,000,000 s with resource class VehicleInfo and nice -99999800
2020-05-23 21:56:49,682 DEBUG - #preProcessEvent at simulation time 622.000,000,000 s with resource class VehicleInfo and nice -99999800
2020-05-23 21:56:49,693 DEBUG - #preProcessEvent at simulation time 623.000,000,000 s with resource class VehicleInfo and nice -99999800
2020-05-23 21:56:49,705 DEBUG - #preProcessEvent at simulation time 624.000,000,000 s with resource class VehicleInfo and nice -99999800
2020-05-23 21:56:49,733 DEBUG - #preProcessEvent at simulation time 625.000,000,000 s with resource class VehicleInfo and nice -99999800
2020-05-23 21:56:49,751 DEBUG - #preProcessEvent at simulation time 626.000,000,000 s with resource class VehicleInfo and nice -99999800
2020-05-23 21:56:49,761 DEBUG - #preProcessEvent at simulation time 627.000,000,000 s with resource class VehicleInfo and nice -99999800
2020-05-23 21:56:49,771 DEBUG - #tearDown at simulation time 628.000,000,000 s
