2020-05-23 21:56:05,328 WARN - Could not check operating system of Application. Skipping check.
2020-05-23 21:56:05,331 DEBUG - Successfully instantiated the class com.dcaiti.vsimrti.app.tutorials.barnim.WeatherWarningAppCell
2020-05-23 21:56:05,331 DEBUG - Successfully instantiated the class com.dcaiti.vsimrti.app.tutorials.barnim.SlowDownApp
2020-05-23 21:56:05,331 DEBUG - #tearUp at simulation time 86.000,000,000 s
2020-05-23 21:56:05,333 DEBUG - #preProcessEvent at simulation time 86.000,000,000 s with resource class VehicleInfo and nice -99999900
2020-05-23 21:56:05,378 DEBUG - #preProcessEvent at simulation time 87.000,000,000 s with resource class VehicleInfo and nice -99999800
2020-05-23 21:56:05,401 DEBUG - #preProcessEvent at simulation time 88.000,000,000 s with resource class VehicleInfo and nice -99999800
2020-05-23 21:56:05,419 DEBUG - #preProcessEvent at simulation time 89.000,000,000 s with resource class VehicleInfo and nice -99999800
2020-05-23 21:56:05,455 DEBUG - #preProcessEvent at simulation time 90.000,000,000 s with resource class VehicleInfo and nice -99999800
2020-05-23 21:56:05,580 DEBUG - #preProcessEvent at simulation time 91.000,000,000 s with resource class VehicleInfo and nice -99999800
2020-05-23 21:56:05,650 DEBUG - #preProcessEvent at simulation time 92.000,000,000 s with resource class VehicleInfo and nice -99999800
2020-05-23 21:56:05,681 DEBUG - #preProcessEvent at simulation time 93.000,000,000 s with resource class VehicleInfo and nice -99999800
2020-05-23 21:56:05,811 DEBUG - #preProcessEvent at simulation time 94.000,000,000 s with resource class VehicleInfo and nice -99999800
2020-05-23 21:56:05,849 DEBUG - #preProcessEvent at simulation time 95.000,000,000 s with resource class VehicleInfo and nice -99999800
2020-05-23 21:56:06,029 DEBUG - #preProcessEvent at simulation time 96.000,000,000 s with resource class VehicleInfo and nice -99999800
2020-05-23 21:56:06,069 DEBUG - #preProcessEvent at simulation time 97.000,000,000 s with resource class VehicleInfo and nice -99999800
2020-05-23 21:56:06,092 DEBUG - #preProcessEvent at simulation time 98.000,000,000 s with resource class VehicleInfo and nice -99999800
2020-05-23 21:56:06,227 DEBUG - #preProcessEvent at simulation time 99.000,000,000 s with resource class VehicleInfo and nice -99999800
2020-05-23 21:56:06,267 DEBUG - #preProcessEvent at simulation time 100.000,000,000 s with resource class VehicleInfo and nice -99999800
2020-05-23 21:56:06,308 DEBUG - #preProcessEvent at simulation time 101.000,000,000 s with resource class VehicleInfo and nice -99999800
2020-05-23 21:56:06,390 DEBUG - #preProcessEvent at simulation time 102.000,000,000 s with resource class VehicleInfo and nice -99999800
2020-05-23 21:56:06,413 DEBUG - #preProcessEvent at simulation time 103.000,000,000 s with resource class VehicleInfo and nice -99999800
2020-05-23 21:56:06,434 DEBUG - #preProcessEvent at simulation time 104.000,000,000 s with resource class VehicleInfo and nice -99999800
2020-05-23 21:56:06,475 DEBUG - #preProcessEvent at simulation time 105.000,000,000 s with resource class VehicleInfo and nice -99999800
2020-05-23 21:56:06,541 DEBUG - #preProcessEvent at simulation time 106.000,000,000 s with resource class VehicleInfo and nice -99999800
2020-05-23 21:56:06,640 DEBUG - #preProcessEvent at simulation time 107.000,000,000 s with resource class VehicleInfo and nice -99999800
2020-05-23 21:56:06,676 DEBUG - #preProcessEvent at simulation time 108.000,000,000 s with resource class VehicleInfo and nice -99999800
2020-05-23 21:56:06,705 DEBUG - #preProcessEvent at simulation time 109.000,000,000 s with resource class VehicleInfo and nice -99999800
2020-05-23 21:56:06,818 DEBUG - #preProcessEvent at simulation time 110.000,000,000 s with resource class VehicleInfo and nice -99999800
2020-05-23 21:56:06,873 DEBUG - #preProcessEvent at simulation time 111.000,000,000 s with resource class VehicleInfo and nice -99999800
2020-05-23 21:56:06,952 DEBUG - #preProcessEvent at simulation time 112.000,000,000 s with resource class VehicleInfo and nice -99999800
2020-05-23 21:56:07,009 DEBUG - #preProcessEvent at simulation time 113.000,000,000 s with resource class VehicleInfo and nice -99999800
2020-05-23 21:56:07,041 DEBUG - #preProcessEvent at simulation time 114.000,000,000 s with resource class VehicleInfo and nice -99999800
2020-05-23 21:56:07,069 DEBUG - #preProcessEvent at simulation time 115.000,000,000 s with resource class VehicleInfo and nice -99999800
2020-05-23 21:56:07,135 DEBUG - #preProcessEvent at simulation time 116.000,000,000 s with resource class VehicleInfo and nice -99999800
2020-05-23 21:56:07,241 DEBUG - #preProcessEvent at simulation time 117.000,000,000 s with resource class VehicleInfo and nice -99999800
2020-05-23 21:56:07,276 DEBUG - #preProcessEvent at simulation time 118.000,000,000 s with resource class VehicleInfo and nice -99999800
2020-05-23 21:56:07,335 DEBUG - #preProcessEvent at simulation time 119.000,000,000 s with resource class VehicleInfo and nice -99999800
2020-05-23 21:56:07,453 DEBUG - #preProcessEvent at simulation time 120.000,000,000 s with resource class VehicleInfo and nice -99999800
2020-05-23 21:56:07,501 DEBUG - #preProcessEvent at simulation time 121.000,000,000 s with resource class VehicleInfo and nice -99999800
2020-05-23 21:56:07,533 DEBUG - #preProcessEvent at simulation time 122.000,000,000 s with resource class VehicleInfo and nice -99999800
2020-05-23 21:56:07,647 DEBUG - #preProcessEvent at simulation time 123.000,000,000 s with resource class VehicleInfo and nice -99999800
2020-05-23 21:56:07,693 DEBUG - #preProcessEvent at simulation time 124.000,000,000 s with resource class VehicleInfo and nice -99999800
2020-05-23 21:56:07,818 DEBUG - #preProcessEvent at simulation time 125.000,000,000 s with resource class VehicleInfo and nice -99999800
2020-05-23 21:56:07,997 DEBUG - #preProcessEvent at simulation time 126.000,000,000 s with resource class VehicleInfo and nice -99999800
2020-05-23 21:56:08,053 DEBUG - #preProcessEvent at simulation time 127.000,000,000 s with resource class VehicleInfo and nice -99999800
2020-05-23 21:56:08,140 DEBUG - #preProcessEvent at simulation time 128.000,000,000 s with resource class VehicleInfo and nice -99999800
2020-05-23 21:56:08,165 DEBUG - #preProcessEvent at simulation time 129.000,000,000 s with resource class VehicleInfo and nice -99999800
2020-05-23 21:56:08,214 DEBUG - #preProcessEvent at simulation time 130.000,000,000 s with resource class VehicleInfo and nice -99999800
2020-05-23 21:56:08,360 DEBUG - #preProcessEvent at simulation time 131.000,000,000 s with resource class VehicleInfo and nice -99999800
2020-05-23 21:56:08,392 DEBUG - #preProcessEvent at simulation time 132.000,000,000 s with resource class VehicleInfo and nice -99999800
2020-05-23 21:56:08,497 DEBUG - #preProcessEvent at simulation time 133.000,000,000 s with resource class VehicleInfo and nice -99999800
2020-05-23 21:56:08,541 DEBUG - #preProcessEvent at simulation time 134.000,000,000 s with resource class VehicleInfo and nice -99999800
2020-05-23 21:56:08,644 DEBUG - #preProcessEvent at simulation time 135.000,000,000 s with resource class VehicleInfo and nice -99999800
2020-05-23 21:56:08,717 DEBUG - #preProcessEvent at simulation time 136.000,000,000 s with resource class VehicleInfo and nice -99999800
2020-05-23 21:56:08,862 DEBUG - #preProcessEvent at simulation time 137.000,000,000 s with resource class VehicleInfo and nice -99999800
2020-05-23 21:56:08,910 DEBUG - #preProcessEvent at simulation time 138.000,000,000 s with resource class VehicleInfo and nice -99999800
2020-05-23 21:56:08,964 DEBUG - #preProcessEvent at simulation time 139.000,000,000 s with resource class VehicleInfo and nice -99999800
2020-05-23 21:56:09,097 DEBUG - #preProcessEvent at simulation time 140.000,000,000 s with resource class VehicleInfo and nice -99999800
2020-05-23 21:56:09,160 DEBUG - #preProcessEvent at simulation time 141.000,000,000 s with resource class VehicleInfo and nice -99999800
2020-05-23 21:56:09,283 DEBUG - #preProcessEvent at simulation time 142.000,000,000 s with resource class VehicleInfo and nice -99999800
2020-05-23 21:56:09,315 DEBUG - #preProcessEvent at simulation time 143.000,000,000 s with resource class VehicleInfo and nice -99999800
2020-05-23 21:56:09,394 DEBUG - #preProcessEvent at simulation time 144.000,000,000 s with resource class VehicleInfo and nice -99999800
2020-05-23 21:56:09,420 DEBUG - #preProcessEvent at simulation time 145.000,000,000 s with resource class VehicleInfo and nice -99999800
2020-05-23 21:56:09,476 DEBUG - #preProcessEvent at simulation time 146.000,000,000 s with resource class VehicleInfo and nice -99999800
2020-05-23 21:56:09,509 DEBUG - #preProcessEvent at simulation time 147.000,000,000 s with resource class VehicleInfo and nice -99999800
2020-05-23 21:56:09,592 DEBUG - #preProcessEvent at simulation time 148.000,000,000 s with resource class VehicleInfo and nice -99999800
2020-05-23 21:56:09,740 DEBUG - #preProcessEvent at simulation time 149.000,000,000 s with resource class VehicleInfo and nice -99999800
2020-05-23 21:56:09,814 DEBUG - #preProcessEvent at simulation time 150.000,000,000 s with resource class VehicleInfo and nice -99999800
2020-05-23 21:56:10,000 DEBUG - #preProcessEvent at simulation time 151.000,000,000 s with resource class VehicleInfo and nice -99999800
2020-05-23 21:56:10,102 DEBUG - #preProcessEvent at simulation time 152.000,000,000 s with resource class VehicleInfo and nice -99999800
2020-05-23 21:56:10,162 DEBUG - #preProcessEvent at simulation time 153.000,000,000 s with resource class VehicleInfo and nice -99999800
2020-05-23 21:56:10,254 DEBUG - #preProcessEvent at simulation time 154.000,000,000 s with resource class VehicleInfo and nice -99999800
2020-05-23 21:56:10,281 DEBUG - #preProcessEvent at simulation time 155.000,000,000 s with resource class VehicleInfo and nice -99999800
2020-05-23 21:56:10,362 DEBUG - #preProcessEvent at simulation time 156.000,000,000 s with resource class VehicleInfo and nice -99999800
2020-05-23 21:56:10,425 DEBUG - #preProcessEvent at simulation time 157.000,000,000 s with resource class VehicleInfo and nice -99999800
2020-05-23 21:56:10,463 DEBUG - #preProcessEvent at simulation time 158.000,000,000 s with resource class VehicleInfo and nice -99999800
2020-05-23 21:56:10,489 DEBUG - #preProcessEvent at simulation time 159.000,000,000 s with resource class VehicleInfo and nice -99999800
2020-05-23 21:56:10,610 DEBUG - #preProcessEvent at simulation time 160.000,000,000 s with resource class VehicleInfo and nice -99999800
2020-05-23 21:56:10,740 DEBUG - #preProcessEvent at simulation time 161.000,000,000 s with resource class VehicleInfo and nice -99999800
2020-05-23 21:56:10,847 DEBUG - #preProcessEvent at simulation time 162.000,000,000 s with resource class VehicleInfo and nice -99999800
2020-05-23 21:56:10,935 DEBUG - #preProcessEvent at simulation time 163.000,000,000 s with resource class VehicleInfo and nice -99999800
2020-05-23 21:56:11,031 DEBUG - #preProcessEvent at simulation time 164.000,000,000 s with resource class VehicleInfo and nice -99999800
2020-05-23 21:56:11,139 DEBUG - #preProcessEvent at simulation time 165.000,000,000 s with resource class VehicleInfo and nice -99999800
2020-05-23 21:56:11,249 DEBUG - #preProcessEvent at simulation time 166.000,000,000 s with resource class VehicleInfo and nice -99999800
2020-05-23 21:56:11,599 DEBUG - #preProcessEvent at simulation time 167.000,000,000 s with resource class VehicleInfo and nice -99999800
2020-05-23 21:56:11,638 DEBUG - #preProcessEvent at simulation time 168.000,000,000 s with resource class VehicleInfo and nice -99999800
2020-05-23 21:56:11,691 DEBUG - #preProcessEvent at simulation time 169.000,000,000 s with resource class VehicleInfo and nice -99999800
2020-05-23 21:56:11,930 DEBUG - #preProcessEvent at simulation time 170.000,000,000 s with resource class VehicleInfo and nice -99999800
2020-05-23 21:56:12,107 DEBUG - #preProcessEvent at simulation time 171.000,000,000 s with resource class VehicleInfo and nice -99999800
2020-05-23 21:56:12,212 DEBUG - #preProcessEvent at simulation time 172.000,000,000 s with resource class VehicleInfo and nice -99999800
2020-05-23 21:56:12,289 DEBUG - #preProcessEvent at simulation time 173.000,000,000 s with resource class VehicleInfo and nice -99999800
2020-05-23 21:56:12,534 DEBUG - #preProcessEvent at simulation time 174.000,000,000 s with resource class VehicleInfo and nice -99999800
2020-05-23 21:56:12,641 DEBUG - #preProcessEvent at simulation time 175.000,000,000 s with resource class VehicleInfo and nice -99999800
2020-05-23 21:56:12,797 DEBUG - #preProcessEvent at simulation time 176.000,000,000 s with resource class VehicleInfo and nice -99999800
2020-05-23 21:56:12,887 DEBUG - #preProcessEvent at simulation time 177.000,000,000 s with resource class VehicleInfo and nice -99999800
2020-05-23 21:56:13,022 DEBUG - #preProcessEvent at simulation time 178.000,000,000 s with resource class VehicleInfo and nice -99999800
2020-05-23 21:56:13,178 DEBUG - #preProcessEvent at simulation time 179.000,000,000 s with resource class VehicleInfo and nice -99999800
2020-05-23 21:56:13,271 DEBUG - #preProcessEvent at simulation time 180.000,000,000 s with resource class VehicleInfo and nice -99999800
2020-05-23 21:56:13,495 DEBUG - #preProcessEvent at simulation time 181.000,000,000 s with resource class VehicleInfo and nice -99999800
2020-05-23 21:56:13,675 DEBUG - #preProcessEvent at simulation time 182.000,000,000 s with resource class VehicleInfo and nice -99999800
2020-05-23 21:56:13,798 DEBUG - #preProcessEvent at simulation time 183.000,000,000 s with resource class VehicleInfo and nice -99999800
2020-05-23 21:56:13,892 DEBUG - #preProcessEvent at simulation time 184.000,000,000 s with resource class VehicleInfo and nice -99999800
2020-05-23 21:56:14,048 DEBUG - #preProcessEvent at simulation time 185.000,000,000 s with resource class VehicleInfo and nice -99999800
2020-05-23 21:56:14,242 DEBUG - #preProcessEvent at simulation time 186.000,000,000 s with resource class VehicleInfo and nice -99999800
2020-05-23 21:56:14,330 DEBUG - #preProcessEvent at simulation time 187.000,000,000 s with resource class VehicleInfo and nice -99999800
2020-05-23 21:56:14,442 DEBUG - #preProcessEvent at simulation time 188.000,000,000 s with resource class VehicleInfo and nice -99999800
2020-05-23 21:56:14,510 DEBUG - #preProcessEvent at simulation time 189.000,000,000 s with resource class VehicleInfo and nice -99999800
2020-05-23 21:56:14,637 DEBUG - #preProcessEvent at simulation time 190.000,000,000 s with resource class VehicleInfo and nice -99999800
2020-05-23 21:56:14,813 DEBUG - #preProcessEvent at simulation time 191.000,000,000 s with resource class VehicleInfo and nice -99999800
2020-05-23 21:56:14,973 DEBUG - #preProcessEvent at simulation time 192.000,000,000 s with resource class VehicleInfo and nice -99999800
2020-05-23 21:56:15,027 DEBUG - #preProcessEvent at simulation time 193.000,000,000 s with resource class VehicleInfo and nice -99999800
2020-05-23 21:56:15,180 DEBUG - #preProcessEvent at simulation time 194.000,000,000 s with resource class VehicleInfo and nice -99999800
2020-05-23 21:56:15,251 DEBUG - #preProcessEvent at simulation time 195.000,000,000 s with resource class VehicleInfo and nice -99999800
2020-05-23 21:56:15,417 DEBUG - #preProcessEvent at simulation time 196.000,000,000 s with resource class VehicleInfo and nice -99999800
2020-05-23 21:56:15,499 DEBUG - #preProcessEvent at simulation time 197.000,000,000 s with resource class VehicleInfo and nice -99999800
2020-05-23 21:56:15,583 DEBUG - #preProcessEvent at simulation time 198.000,000,000 s with resource class VehicleInfo and nice -99999800
2020-05-23 21:56:15,687 DEBUG - #preProcessEvent at simulation time 199.000,000,000 s with resource class VehicleInfo and nice -99999800
2020-05-23 21:56:15,765 DEBUG - #preProcessEvent at simulation time 200.000,000,000 s with resource class VehicleInfo and nice -99999800
2020-05-23 21:56:15,966 DEBUG - #preProcessEvent at simulation time 201.000,000,000 s with resource class VehicleInfo and nice -99999800
2020-05-23 21:56:16,087 DEBUG - #preProcessEvent at simulation time 202.000,000,000 s with resource class VehicleInfo and nice -99999800
2020-05-23 21:56:16,144 DEBUG - #preProcessEvent at simulation time 203.000,000,000 s with resource class VehicleInfo and nice -99999800
2020-05-23 21:56:16,303 DEBUG - #preProcessEvent at simulation time 204.000,000,000 s with resource class VehicleInfo and nice -99999800
2020-05-23 21:56:16,381 DEBUG - #preProcessEvent at simulation time 205.000,000,000 s with resource class VehicleInfo and nice -99999800
2020-05-23 21:56:16,578 DEBUG - #preProcessEvent at simulation time 206.000,000,000 s with resource class VehicleInfo and nice -99999800
2020-05-23 21:56:16,628 DEBUG - #preProcessEvent at simulation time 207.000,000,000 s with resource class VehicleInfo and nice -99999800
2020-05-23 21:56:16,692 DEBUG - #preProcessEvent at simulation time 208.000,000,000 s with resource class VehicleInfo and nice -99999800
2020-05-23 21:56:16,814 DEBUG - #preProcessEvent at simulation time 209.000,000,000 s with resource class VehicleInfo and nice -99999800
2020-05-23 21:56:16,958 DEBUG - #preProcessEvent at simulation time 210.000,000,000 s with resource class VehicleInfo and nice -99999800
2020-05-23 21:56:17,129 DEBUG - #preProcessEvent at simulation time 211.000,000,000 s with resource class VehicleInfo and nice -99999800
2020-05-23 21:56:17,229 DEBUG - #preProcessEvent at simulation time 212.000,000,000 s with resource class VehicleInfo and nice -99999800
2020-05-23 21:56:17,269 DEBUG - #preProcessEvent at simulation time 213.000,000,000 s with resource class VehicleInfo and nice -99999800
2020-05-23 21:56:17,355 DEBUG - #preProcessEvent at simulation time 214.000,000,000 s with resource class VehicleInfo and nice -99999800
2020-05-23 21:56:17,487 DEBUG - #preProcessEvent at simulation time 215.000,000,000 s with resource class VehicleInfo and nice -99999800
2020-05-23 21:56:17,635 DEBUG - #preProcessEvent at simulation time 216.000,000,000 s with resource class VehicleInfo and nice -99999800
2020-05-23 21:56:17,675 DEBUG - #preProcessEvent at simulation time 217.000,000,000 s with resource class VehicleInfo and nice -99999800
2020-05-23 21:56:17,754 DEBUG - #preProcessEvent at simulation time 218.000,000,000 s with resource class VehicleInfo and nice -99999800
2020-05-23 21:56:17,858 DEBUG - #preProcessEvent at simulation time 219.000,000,000 s with resource class VehicleInfo and nice -99999800
2020-05-23 21:56:17,912 DEBUG - #preProcessEvent at simulation time 220.000,000,000 s with resource class VehicleInfo and nice -99999800
2020-05-23 21:56:18,117 DEBUG - #preProcessEvent at simulation time 221.000,000,000 s with resource class VehicleInfo and nice -99999800
2020-05-23 21:56:18,177 DEBUG - #preProcessEvent at simulation time 222.000,000,000 s with resource class VehicleInfo and nice -99999800
2020-05-23 21:56:18,297 DEBUG - #preProcessEvent at simulation time 223.000,000,000 s with resource class VehicleInfo and nice -99999800
2020-05-23 21:56:18,364 DEBUG - #preProcessEvent at simulation time 224.000,000,000 s with resource class VehicleInfo and nice -99999800
2020-05-23 21:56:18,538 DEBUG - #preProcessEvent at simulation time 225.000,000,000 s with resource class VehicleInfo and nice -99999800
2020-05-23 21:56:18,688 DEBUG - #preProcessEvent at simulation time 226.000,000,000 s with resource class VehicleInfo and nice -99999800
2020-05-23 21:56:18,810 DEBUG - #preProcessEvent at simulation time 227.000,000,000 s with resource class VehicleInfo and nice -99999800
2020-05-23 21:56:18,905 DEBUG - #preProcessEvent at simulation time 228.000,000,000 s with resource class VehicleInfo and nice -99999800
2020-05-23 21:56:18,964 DEBUG - #preProcessEvent at simulation time 229.000,000,000 s with resource class VehicleInfo and nice -99999800
2020-05-23 21:56:19,113 DEBUG - #preProcessEvent at simulation time 230.000,000,000 s with resource class VehicleInfo and nice -99999800
2020-05-23 21:56:19,199 DEBUG - #preProcessEvent at simulation time 231.000,000,000 s with resource class VehicleInfo and nice -99999800
2020-05-23 21:56:19,372 DEBUG - #preProcessEvent at simulation time 232.000,000,000 s with resource class VehicleInfo and nice -99999800
2020-05-23 21:56:19,462 DEBUG - #preProcessEvent at simulation time 233.000,000,000 s with resource class VehicleInfo and nice -99999800
2020-05-23 21:56:19,510 DEBUG - #preProcessEvent at simulation time 234.000,000,000 s with resource class VehicleInfo and nice -99999800
2020-05-23 21:56:19,653 DEBUG - #preProcessEvent at simulation time 235.000,000,000 s with resource class VehicleInfo and nice -99999800
2020-05-23 21:56:19,802 DEBUG - #preProcessEvent at simulation time 236.000,000,000 s with resource class VehicleInfo and nice -99999800
2020-05-23 21:56:19,847 DEBUG - #preProcessEvent at simulation time 237.000,000,000 s with resource class VehicleInfo and nice -99999800
2020-05-23 21:56:19,886 DEBUG - #preProcessEvent at simulation time 238.000,000,000 s with resource class VehicleInfo and nice -99999800
2020-05-23 21:56:19,963 DEBUG - #preProcessEvent at simulation time 239.000,000,000 s with resource class VehicleInfo and nice -99999800
2020-05-23 21:56:20,108 DEBUG - #preProcessEvent at simulation time 240.000,000,000 s with resource class VehicleInfo and nice -99999800
2020-05-23 21:56:20,199 DEBUG - #preProcessEvent at simulation time 241.000,000,000 s with resource class VehicleInfo and nice -99999800
2020-05-23 21:56:20,332 DEBUG - #preProcessEvent at simulation time 242.000,000,000 s with resource class VehicleInfo and nice -99999800
2020-05-23 21:56:20,429 DEBUG - #preProcessEvent at simulation time 243.000,000,000 s with resource class VehicleInfo and nice -99999800
2020-05-23 21:56:20,478 DEBUG - #preProcessEvent at simulation time 244.000,000,000 s with resource class VehicleInfo and nice -99999800
2020-05-23 21:56:20,548 DEBUG - #preProcessEvent at simulation time 245.000,000,000 s with resource class VehicleInfo and nice -99999800
2020-05-23 21:56:20,810 DEBUG - #preProcessEvent at simulation time 246.000,000,000 s with resource class VehicleInfo and nice -99999800
2020-05-23 21:56:20,886 DEBUG - #preProcessEvent at simulation time 247.000,000,000 s with resource class VehicleInfo and nice -99999800
2020-05-23 21:56:20,946 DEBUG - #preProcessEvent at simulation time 248.000,000,000 s with resource class VehicleInfo and nice -99999800
2020-05-23 21:56:21,079 DEBUG - #preProcessEvent at simulation time 249.000,000,000 s with resource class VehicleInfo and nice -99999800
2020-05-23 21:56:21,134 DEBUG - #preProcessEvent at simulation time 250.000,000,000 s with resource class VehicleInfo and nice -99999800
2020-05-23 21:56:21,318 DEBUG - #preProcessEvent at simulation time 251.000,000,000 s with resource class VehicleInfo and nice -99999800
2020-05-23 21:56:21,402 DEBUG - #preProcessEvent at simulation time 252.000,000,000 s with resource class VehicleInfo and nice -99999800
2020-05-23 21:56:21,441 DEBUG - #preProcessEvent at simulation time 253.000,000,000 s with resource class VehicleInfo and nice -99999800
2020-05-23 21:56:21,474 DEBUG - #preProcessEvent at simulation time 254.000,000,000 s with resource class VehicleInfo and nice -99999800
2020-05-23 21:56:21,562 DEBUG - #preProcessEvent at simulation time 255.000,000,000 s with resource class VehicleInfo and nice -99999800
2020-05-23 21:56:21,808 DEBUG - #preProcessEvent at simulation time 256.000,000,000 s with resource class VehicleInfo and nice -99999800
2020-05-23 21:56:21,886 DEBUG - #preProcessEvent at simulation time 257.000,000,000 s with resource class VehicleInfo and nice -99999800
2020-05-23 21:56:22,035 DEBUG - #preProcessEvent at simulation time 258.000,000,000 s with resource class VehicleInfo and nice -99999800
2020-05-23 21:56:22,417 DEBUG - #preProcessEvent at simulation time 259.000,000,000 s with resource class VehicleInfo and nice -99999800
2020-05-23 21:56:22,520 DEBUG - #preProcessEvent at simulation time 260.000,000,000 s with resource class VehicleInfo and nice -99999800
2020-05-23 21:56:22,875 DEBUG - #preProcessEvent at simulation time 261.000,000,000 s with resource class VehicleInfo and nice -99999800
2020-05-23 21:56:23,135 DEBUG - #preProcessEvent at simulation time 262.000,000,000 s with resource class VehicleInfo and nice -99999800
2020-05-23 21:56:23,366 DEBUG - #preProcessEvent at simulation time 263.000,000,000 s with resource class VehicleInfo and nice -99999800
2020-05-23 21:56:23,563 DEBUG - #preProcessEvent at simulation time 264.000,000,000 s with resource class VehicleInfo and nice -99999800
2020-05-23 21:56:23,661 DEBUG - #preProcessEvent at simulation time 265.000,000,000 s with resource class VehicleInfo and nice -99999800
2020-05-23 21:56:23,977 DEBUG - #preProcessEvent at simulation time 266.000,000,000 s with resource class VehicleInfo and nice -99999800
2020-05-23 21:56:24,093 DEBUG - #preProcessEvent at simulation time 267.000,000,000 s with resource class VehicleInfo and nice -99999800
2020-05-23 21:56:24,378 DEBUG - #preProcessEvent at simulation time 268.000,000,000 s with resource class VehicleInfo and nice -99999800
2020-05-23 21:56:24,475 DEBUG - #preProcessEvent at simulation time 269.000,000,000 s with resource class VehicleInfo and nice -99999800
2020-05-23 21:56:24,773 DEBUG - #preProcessEvent at simulation time 270.000,000,000 s with resource class VehicleInfo and nice -99999800
2020-05-23 21:56:24,876 DEBUG - #preProcessEvent at simulation time 271.000,000,000 s with resource class VehicleInfo and nice -99999800
2020-05-23 21:56:25,105 DEBUG - #preProcessEvent at simulation time 272.000,000,000 s with resource class VehicleInfo and nice -99999800
2020-05-23 21:56:25,230 DEBUG - #preProcessEvent at simulation time 273.000,000,000 s with resource class VehicleInfo and nice -99999800
2020-05-23 21:56:25,420 DEBUG - #preProcessEvent at simulation time 274.000,000,000 s with resource class VehicleInfo and nice -99999800
2020-05-23 21:56:25,636 DEBUG - #preProcessEvent at simulation time 275.000,000,000 s with resource class VehicleInfo and nice -99999800
2020-05-23 21:56:25,801 DEBUG - #preProcessEvent at simulation time 276.000,000,000 s with resource class VehicleInfo and nice -99999800
2020-05-23 21:56:26,020 DEBUG - #preProcessEvent at simulation time 277.000,000,000 s with resource class VehicleInfo and nice -99999800
2020-05-23 21:56:26,207 DEBUG - #preProcessEvent at simulation time 278.000,000,000 s with resource class VehicleInfo and nice -99999800
2020-05-23 21:56:26,315 DEBUG - #preProcessEvent at simulation time 279.000,000,000 s with resource class VehicleInfo and nice -99999800
2020-05-23 21:56:26,546 DEBUG - #preProcessEvent at simulation time 280.000,000,000 s with resource class VehicleInfo and nice -99999800
2020-05-23 21:56:26,654 DEBUG - #preProcessEvent at simulation time 281.000,000,000 s with resource class VehicleInfo and nice -99999800
2020-05-23 21:56:26,900 DEBUG - #preProcessEvent at simulation time 282.000,000,000 s with resource class VehicleInfo and nice -99999800
2020-05-23 21:56:27,083 DEBUG - #preProcessEvent at simulation time 283.000,000,000 s with resource class VehicleInfo and nice -99999800
2020-05-23 21:56:27,263 DEBUG - #preProcessEvent at simulation time 284.000,000,000 s with resource class VehicleInfo and nice -99999800
2020-05-23 21:56:27,461 DEBUG - #preProcessEvent at simulation time 285.000,000,000 s with resource class VehicleInfo and nice -99999800
2020-05-23 21:56:27,664 DEBUG - #preProcessEvent at simulation time 286.000,000,000 s with resource class VehicleInfo and nice -99999800
2020-05-23 21:56:27,853 DEBUG - #preProcessEvent at simulation time 287.000,000,000 s with resource class VehicleInfo and nice -99999800
2020-05-23 21:56:28,047 DEBUG - #preProcessEvent at simulation time 288.000,000,000 s with resource class VehicleInfo and nice -99999800
2020-05-23 21:56:28,206 DEBUG - #preProcessEvent at simulation time 289.000,000,000 s with resource class VehicleInfo and nice -99999800
2020-05-23 21:56:28,435 DEBUG - #preProcessEvent at simulation time 290.000,000,000 s with resource class VehicleInfo and nice -99999800
2020-05-23 21:56:28,629 DEBUG - #preProcessEvent at simulation time 291.000,000,000 s with resource class VehicleInfo and nice -99999800
2020-05-23 21:56:28,770 DEBUG - #preProcessEvent at simulation time 292.000,000,000 s with resource class VehicleInfo and nice -99999800
2020-05-23 21:56:28,872 DEBUG - #preProcessEvent at simulation time 293.000,000,000 s with resource class VehicleInfo and nice -99999800
2020-05-23 21:56:28,971 DEBUG - #preProcessEvent at simulation time 294.000,000,000 s with resource class VehicleInfo and nice -99999800
2020-05-23 21:56:29,177 DEBUG - #preProcessEvent at simulation time 295.000,000,000 s with resource class VehicleInfo and nice -99999800
2020-05-23 21:56:29,409 DEBUG - #preProcessEvent at simulation time 296.000,000,000 s with resource class VehicleInfo and nice -99999800
2020-05-23 21:56:29,465 DEBUG - #preProcessEvent at simulation time 297.000,000,000 s with resource class VehicleInfo and nice -99999800
2020-05-23 21:56:29,677 DEBUG - #preProcessEvent at simulation time 298.000,000,000 s with resource class VehicleInfo and nice -99999800
2020-05-23 21:56:29,789 DEBUG - #preProcessEvent at simulation time 299.000,000,000 s with resource class VehicleInfo and nice -99999800
2020-05-23 21:56:29,853 DEBUG - #preProcessEvent at simulation time 300.000,000,000 s with resource class VehicleInfo and nice -99999800
2020-05-23 21:56:30,120 DEBUG - #preProcessEvent at simulation time 301.000,000,000 s with resource class VehicleInfo and nice -99999800
2020-05-23 21:56:30,173 DEBUG - #preProcessEvent at simulation time 302.000,000,000 s with resource class VehicleInfo and nice -99999800
2020-05-23 21:56:30,238 DEBUG - #preProcessEvent at simulation time 303.000,000,000 s with resource class VehicleInfo and nice -99999800
2020-05-23 21:56:30,296 DEBUG - #preProcessEvent at simulation time 304.000,000,000 s with resource class VehicleInfo and nice -99999800
2020-05-23 21:56:30,450 DEBUG - #preProcessEvent at simulation time 305.000,000,000 s with resource class VehicleInfo and nice -99999800
2020-05-23 21:56:30,639 DEBUG - #preProcessEvent at simulation time 306.000,000,000 s with resource class VehicleInfo and nice -99999800
2020-05-23 21:56:30,797 DEBUG - #preProcessEvent at simulation time 307.000,000,000 s with resource class VehicleInfo and nice -99999800
2020-05-23 21:56:30,903 DEBUG - #preProcessEvent at simulation time 308.000,000,000 s with resource class VehicleInfo and nice -99999800
2020-05-23 21:56:30,973 DEBUG - #preProcessEvent at simulation time 309.000,000,000 s with resource class VehicleInfo and nice -99999800
2020-05-23 21:56:31,159 DEBUG - #preProcessEvent at simulation time 310.000,000,000 s with resource class VehicleInfo and nice -99999800
2020-05-23 21:56:31,327 DEBUG - #preProcessEvent at simulation time 311.000,000,000 s with resource class VehicleInfo and nice -99999800
2020-05-23 21:56:31,389 DEBUG - #preProcessEvent at simulation time 312.000,000,000 s with resource class VehicleInfo and nice -99999800
2020-05-23 21:56:31,445 DEBUG - #preProcessEvent at simulation time 313.000,000,000 s with resource class VehicleInfo and nice -99999800
2020-05-23 21:56:31,504 DEBUG - #preProcessEvent at simulation time 314.000,000,000 s with resource class VehicleInfo and nice -99999800
2020-05-23 21:56:31,771 DEBUG - #preProcessEvent at simulation time 315.000,000,000 s with resource class VehicleInfo and nice -99999800
2020-05-23 21:56:31,910 DEBUG - #preProcessEvent at simulation time 316.000,000,000 s with resource class VehicleInfo and nice -99999800
2020-05-23 21:56:32,017 DEBUG - #preProcessEvent at simulation time 317.000,000,000 s with resource class VehicleInfo and nice -99999800
2020-05-23 21:56:32,112 DEBUG - #preProcessEvent at simulation time 318.000,000,000 s with resource class VehicleInfo and nice -99999800
2020-05-23 21:56:32,210 DEBUG - #preProcessEvent at simulation time 319.000,000,000 s with resource class VehicleInfo and nice -99999800
2020-05-23 21:56:32,358 DEBUG - #preProcessEvent at simulation time 320.000,000,000 s with resource class VehicleInfo and nice -99999800
2020-05-23 21:56:32,515 DEBUG - #preProcessEvent at simulation time 321.000,000,000 s with resource class VehicleInfo and nice -99999800
2020-05-23 21:56:32,610 DEBUG - #preProcessEvent at simulation time 322.000,000,000 s with resource class VehicleInfo and nice -99999800
2020-05-23 21:56:32,697 DEBUG - #preProcessEvent at simulation time 323.000,000,000 s with resource class VehicleInfo and nice -99999800
2020-05-23 21:56:32,853 DEBUG - #preProcessEvent at simulation time 324.000,000,000 s with resource class VehicleInfo and nice -99999800
2020-05-23 21:56:32,922 DEBUG - #preProcessEvent at simulation time 325.000,000,000 s with resource class VehicleInfo and nice -99999800
2020-05-23 21:56:33,065 DEBUG - #preProcessEvent at simulation time 326.000,000,000 s with resource class VehicleInfo and nice -99999800
2020-05-23 21:56:33,185 DEBUG - #preProcessEvent at simulation time 327.000,000,000 s with resource class VehicleInfo and nice -99999800
2020-05-23 21:56:33,275 DEBUG - #preProcessEvent at simulation time 328.000,000,000 s with resource class VehicleInfo and nice -99999800
2020-05-23 21:56:33,334 DEBUG - #preProcessEvent at simulation time 329.000,000,000 s with resource class VehicleInfo and nice -99999800
2020-05-23 21:56:33,494 DEBUG - #preProcessEvent at simulation time 330.000,000,000 s with resource class VehicleInfo and nice -99999800
2020-05-23 21:56:33,613 DEBUG - #preProcessEvent at simulation time 331.000,000,000 s with resource class VehicleInfo and nice -99999800
2020-05-23 21:56:33,679 DEBUG - #preProcessEvent at simulation time 332.000,000,000 s with resource class VehicleInfo and nice -99999800
2020-05-23 21:56:33,789 DEBUG - #preProcessEvent at simulation time 333.000,000,000 s with resource class VehicleInfo and nice -99999800
2020-05-23 21:56:33,852 DEBUG - #preProcessEvent at simulation time 334.000,000,000 s with resource class VehicleInfo and nice -99999800
2020-05-23 21:56:33,911 DEBUG - #preProcessEvent at simulation time 335.000,000,000 s with resource class VehicleInfo and nice -99999800
2020-05-23 21:56:34,104 DEBUG - #preProcessEvent at simulation time 336.000,000,000 s with resource class VehicleInfo and nice -99999800
2020-05-23 21:56:34,203 DEBUG - #preProcessEvent at simulation time 337.000,000,000 s with resource class VehicleInfo and nice -99999800
2020-05-23 21:56:34,255 DEBUG - #preProcessEvent at simulation time 338.000,000,000 s with resource class VehicleInfo and nice -99999800
2020-05-23 21:56:34,309 DEBUG - #preProcessEvent at simulation time 339.000,000,000 s with resource class VehicleInfo and nice -99999800
2020-05-23 21:56:34,562 DEBUG - #preProcessEvent at simulation time 340.000,000,000 s with resource class VehicleInfo and nice -99999800
2020-05-23 21:56:34,730 DEBUG - #preProcessEvent at simulation time 341.000,000,000 s with resource class VehicleInfo and nice -99999800
2020-05-23 21:56:34,937 DEBUG - #preProcessEvent at simulation time 342.000,000,000 s with resource class VehicleInfo and nice -99999800
2020-05-23 21:56:34,988 DEBUG - #preProcessEvent at simulation time 343.000,000,000 s with resource class VehicleInfo and nice -99999800
2020-05-23 21:56:35,147 DEBUG - #preProcessEvent at simulation time 344.000,000,000 s with resource class VehicleInfo and nice -99999800
2020-05-23 21:56:35,266 DEBUG - #preProcessEvent at simulation time 345.000,000,000 s with resource class VehicleInfo and nice -99999800
2020-05-23 21:56:35,339 DEBUG - #preProcessEvent at simulation time 346.000,000,000 s with resource class VehicleInfo and nice -99999800
2020-05-23 21:56:35,410 DEBUG - #preProcessEvent at simulation time 347.000,000,000 s with resource class VehicleInfo and nice -99999800
2020-05-23 21:56:35,452 DEBUG - #preProcessEvent at simulation time 348.000,000,000 s with resource class VehicleInfo and nice -99999800
2020-05-23 21:56:35,484 DEBUG - #preProcessEvent at simulation time 349.000,000,000 s with resource class VehicleInfo and nice -99999800
2020-05-23 21:56:35,551 DEBUG - #preProcessEvent at simulation time 350.000,000,000 s with resource class VehicleInfo and nice -99999800
2020-05-23 21:56:35,803 DEBUG - #preProcessEvent at simulation time 351.000,000,000 s with resource class VehicleInfo and nice -99999800
2020-05-23 21:56:35,845 DEBUG - #preProcessEvent at simulation time 352.000,000,000 s with resource class VehicleInfo and nice -99999800
2020-05-23 21:56:35,887 DEBUG - #preProcessEvent at simulation time 353.000,000,000 s with resource class VehicleInfo and nice -99999800
2020-05-23 21:56:35,987 DEBUG - #preProcessEvent at simulation time 354.000,000,000 s with resource class VehicleInfo and nice -99999800
2020-05-23 21:56:36,132 DEBUG - #preProcessEvent at simulation time 355.000,000,000 s with resource class VehicleInfo and nice -99999800
2020-05-23 21:56:36,268 DEBUG - #preProcessEvent at simulation time 356.000,000,000 s with resource class VehicleInfo and nice -99999800
2020-05-23 21:56:36,331 DEBUG - #preProcessEvent at simulation time 357.000,000,000 s with resource class VehicleInfo and nice -99999800
2020-05-23 21:56:36,466 DEBUG - #preProcessEvent at simulation time 358.000,000,000 s with resource class VehicleInfo and nice -99999800
2020-05-23 21:56:36,534 DEBUG - #preProcessEvent at simulation time 359.000,000,000 s with resource class VehicleInfo and nice -99999800
2020-05-23 21:56:36,694 DEBUG - #preProcessEvent at simulation time 360.000,000,000 s with resource class VehicleInfo and nice -99999800
2020-05-23 21:56:36,927 DEBUG - #preProcessEvent at simulation time 361.000,000,000 s with resource class VehicleInfo and nice -99999800
2020-05-23 21:56:37,058 DEBUG - #preProcessEvent at simulation time 362.000,000,000 s with resource class VehicleInfo and nice -99999800
2020-05-23 21:56:37,171 DEBUG - #preProcessEvent at simulation time 363.000,000,000 s with resource class VehicleInfo and nice -99999800
2020-05-23 21:56:37,300 DEBUG - #preProcessEvent at simulation time 364.000,000,000 s with resource class VehicleInfo and nice -99999800
2020-05-23 21:56:37,346 DEBUG - #preProcessEvent at simulation time 365.000,000,000 s with resource class VehicleInfo and nice -99999800
2020-05-23 21:56:37,572 DEBUG - #preProcessEvent at simulation time 366.000,000,000 s with resource class VehicleInfo and nice -99999800
2020-05-23 21:56:37,670 DEBUG - #preProcessEvent at simulation time 367.000,000,000 s with resource class VehicleInfo and nice -99999800
2020-05-23 21:56:37,805 DEBUG - #preProcessEvent at simulation time 368.000,000,000 s with resource class VehicleInfo and nice -99999800
2020-05-23 21:56:37,858 DEBUG - #preProcessEvent at simulation time 369.000,000,000 s with resource class VehicleInfo and nice -99999800
2020-05-23 21:56:37,948 DEBUG - #preProcessEvent at simulation time 370.000,000,000 s with resource class VehicleInfo and nice -99999800
2020-05-23 21:56:38,118 DEBUG - #preProcessEvent at simulation time 371.000,000,000 s with resource class VehicleInfo and nice -99999800
2020-05-23 21:56:38,245 DEBUG - #preProcessEvent at simulation time 372.000,000,000 s with resource class VehicleInfo and nice -99999800
2020-05-23 21:56:38,333 DEBUG - #preProcessEvent at simulation time 373.000,000,000 s with resource class VehicleInfo and nice -99999800
2020-05-23 21:56:38,498 DEBUG - #preProcessEvent at simulation time 374.000,000,000 s with resource class VehicleInfo and nice -99999800
2020-05-23 21:56:38,561 DEBUG - #preProcessEvent at simulation time 375.000,000,000 s with resource class VehicleInfo and nice -99999800
2020-05-23 21:56:38,718 DEBUG - #preProcessEvent at simulation time 376.000,000,000 s with resource class VehicleInfo and nice -99999800
2020-05-23 21:56:38,833 DEBUG - #preProcessEvent at simulation time 377.000,000,000 s with resource class VehicleInfo and nice -99999800
2020-05-23 21:56:38,912 DEBUG - #preProcessEvent at simulation time 378.000,000,000 s with resource class VehicleInfo and nice -99999800
2020-05-23 21:56:38,978 DEBUG - #preProcessEvent at simulation time 379.000,000,000 s with resource class VehicleInfo and nice -99999800
2020-05-23 21:56:39,136 DEBUG - #preProcessEvent at simulation time 380.000,000,000 s with resource class VehicleInfo and nice -99999800
2020-05-23 21:56:39,207 DEBUG - #preProcessEvent at simulation time 381.000,000,000 s with resource class VehicleInfo and nice -99999800
2020-05-23 21:56:39,429 DEBUG - #preProcessEvent at simulation time 382.000,000,000 s with resource class VehicleInfo and nice -99999800
2020-05-23 21:56:39,484 DEBUG - #preProcessEvent at simulation time 383.000,000,000 s with resource class VehicleInfo and nice -99999800
2020-05-23 21:56:39,532 DEBUG - #preProcessEvent at simulation time 384.000,000,000 s with resource class VehicleInfo and nice -99999800
2020-05-23 21:56:39,687 DEBUG - #preProcessEvent at simulation time 385.000,000,000 s with resource class VehicleInfo and nice -99999800
2020-05-23 21:56:39,781 DEBUG - #preProcessEvent at simulation time 386.000,000,000 s with resource class VehicleInfo and nice -99999800
2020-05-23 21:56:39,912 DEBUG - #preProcessEvent at simulation time 387.000,000,000 s with resource class VehicleInfo and nice -99999800
2020-05-23 21:56:40,001 DEBUG - #preProcessEvent at simulation time 388.000,000,000 s with resource class VehicleInfo and nice -99999800
2020-05-23 21:56:40,129 DEBUG - #preProcessEvent at simulation time 389.000,000,000 s with resource class VehicleInfo and nice -99999800
2020-05-23 21:56:40,181 DEBUG - #preProcessEvent at simulation time 390.000,000,000 s with resource class VehicleInfo and nice -99999800
2020-05-23 21:56:40,304 DEBUG - #preProcessEvent at simulation time 391.000,000,000 s with resource class VehicleInfo and nice -99999800
2020-05-23 21:56:40,352 DEBUG - #preProcessEvent at simulation time 392.000,000,000 s with resource class VehicleInfo and nice -99999800
2020-05-23 21:56:40,406 DEBUG - #preProcessEvent at simulation time 393.000,000,000 s with resource class VehicleInfo and nice -99999800
2020-05-23 21:56:40,453 DEBUG - #preProcessEvent at simulation time 394.000,000,000 s with resource class VehicleInfo and nice -99999800
2020-05-23 21:56:40,556 DEBUG - #preProcessEvent at simulation time 395.000,000,000 s with resource class VehicleInfo and nice -99999800
2020-05-23 21:56:40,848 DEBUG - #preProcessEvent at simulation time 396.000,000,000 s with resource class VehicleInfo and nice -99999800
2020-05-23 21:56:40,900 DEBUG - #preProcessEvent at simulation time 397.000,000,000 s with resource class VehicleInfo and nice -99999800
2020-05-23 21:56:41,054 DEBUG - #preProcessEvent at simulation time 398.000,000,000 s with resource class VehicleInfo and nice -99999800
2020-05-23 21:56:41,096 DEBUG - #preProcessEvent at simulation time 399.000,000,000 s with resource class VehicleInfo and nice -99999800
2020-05-23 21:56:41,192 DEBUG - #preProcessEvent at simulation time 400.000,000,000 s with resource class VehicleInfo and nice -99999800
2020-05-23 21:56:41,371 DEBUG - #preProcessEvent at simulation time 401.000,000,000 s with resource class VehicleInfo and nice -99999800
2020-05-23 21:56:41,500 DEBUG - #preProcessEvent at simulation time 402.000,000,000 s with resource class VehicleInfo and nice -99999800
2020-05-23 21:56:41,559 DEBUG - #preProcessEvent at simulation time 403.000,000,000 s with resource class VehicleInfo and nice -99999800
2020-05-23 21:56:41,645 DEBUG - #preProcessEvent at simulation time 404.000,000,000 s with resource class VehicleInfo and nice -99999800
2020-05-23 21:56:41,680 DEBUG - #preProcessEvent at simulation time 405.000,000,000 s with resource class VehicleInfo and nice -99999800
2020-05-23 21:56:41,779 DEBUG - #preProcessEvent at simulation time 406.000,000,000 s with resource class VehicleInfo and nice -99999800
2020-05-23 21:56:41,820 DEBUG - #preProcessEvent at simulation time 407.000,000,000 s with resource class VehicleInfo and nice -99999800
2020-05-23 21:56:41,858 DEBUG - #preProcessEvent at simulation time 408.000,000,000 s with resource class VehicleInfo and nice -99999800
2020-05-23 21:56:41,957 DEBUG - #preProcessEvent at simulation time 409.000,000,000 s with resource class VehicleInfo and nice -99999800
2020-05-23 21:56:42,073 DEBUG - #preProcessEvent at simulation time 410.000,000,000 s with resource class VehicleInfo and nice -99999800
2020-05-23 21:56:42,150 DEBUG - #preProcessEvent at simulation time 411.000,000,000 s with resource class VehicleInfo and nice -99999800
2020-05-23 21:56:42,187 DEBUG - #preProcessEvent at simulation time 412.000,000,000 s with resource class VehicleInfo and nice -99999800
2020-05-23 21:56:42,222 DEBUG - #preProcessEvent at simulation time 413.000,000,000 s with resource class VehicleInfo and nice -99999800
2020-05-23 21:56:42,282 DEBUG - #preProcessEvent at simulation time 414.000,000,000 s with resource class VehicleInfo and nice -99999800
2020-05-23 21:56:42,381 DEBUG - #preProcessEvent at simulation time 415.000,000,000 s with resource class VehicleInfo and nice -99999800
2020-05-23 21:56:42,494 DEBUG - #preProcessEvent at simulation time 416.000,000,000 s with resource class VehicleInfo and nice -99999800
2020-05-23 21:56:42,563 DEBUG - #preProcessEvent at simulation time 417.000,000,000 s with resource class VehicleInfo and nice -99999800
2020-05-23 21:56:42,603 DEBUG - #preProcessEvent at simulation time 418.000,000,000 s with resource class VehicleInfo and nice -99999800
2020-05-23 21:56:42,635 DEBUG - #preProcessEvent at simulation time 419.000,000,000 s with resource class VehicleInfo and nice -99999800
2020-05-23 21:56:42,684 DEBUG - #preProcessEvent at simulation time 420.000,000,000 s with resource class VehicleInfo and nice -99999800
2020-05-23 21:56:42,821 DEBUG - #preProcessEvent at simulation time 421.000,000,000 s with resource class VehicleInfo and nice -99999800
2020-05-23 21:56:42,861 DEBUG - #preProcessEvent at simulation time 422.000,000,000 s with resource class VehicleInfo and nice -99999800
2020-05-23 21:56:42,906 DEBUG - #preProcessEvent at simulation time 423.000,000,000 s with resource class VehicleInfo and nice -99999800
2020-05-23 21:56:42,994 DEBUG - #preProcessEvent at simulation time 424.000,000,000 s with resource class VehicleInfo and nice -99999800
2020-05-23 21:56:43,031 DEBUG - #preProcessEvent at simulation time 425.000,000,000 s with resource class VehicleInfo and nice -99999800
2020-05-23 21:56:43,112 DEBUG - #preProcessEvent at simulation time 426.000,000,000 s with resource class VehicleInfo and nice -99999800
2020-05-23 21:56:43,217 DEBUG - #preProcessEvent at simulation time 427.000,000,000 s with resource class VehicleInfo and nice -99999800
2020-05-23 21:56:43,250 DEBUG - #preProcessEvent at simulation time 428.000,000,000 s with resource class VehicleInfo and nice -99999800
2020-05-23 21:56:43,278 DEBUG - #preProcessEvent at simulation time 429.000,000,000 s with resource class VehicleInfo and nice -99999800
2020-05-23 21:56:43,358 DEBUG - #preProcessEvent at simulation time 430.000,000,000 s with resource class VehicleInfo and nice -99999800
2020-05-23 21:56:43,418 DEBUG - #preProcessEvent at simulation time 431.000,000,000 s with resource class VehicleInfo and nice -99999800
2020-05-23 21:56:43,466 DEBUG - #preProcessEvent at simulation time 432.000,000,000 s with resource class VehicleInfo and nice -99999800
2020-05-23 21:56:43,583 DEBUG - #preProcessEvent at simulation time 433.000,000,000 s with resource class VehicleInfo and nice -99999800
2020-05-23 21:56:43,648 DEBUG - #preProcessEvent at simulation time 434.000,000,000 s with resource class VehicleInfo and nice -99999800
2020-05-23 21:56:43,691 DEBUG - #preProcessEvent at simulation time 435.000,000,000 s with resource class VehicleInfo and nice -99999800
2020-05-23 21:56:43,814 DEBUG - #preProcessEvent at simulation time 436.000,000,000 s with resource class VehicleInfo and nice -99999800
2020-05-23 21:56:43,853 DEBUG - #preProcessEvent at simulation time 437.000,000,000 s with resource class VehicleInfo and nice -99999800
2020-05-23 21:56:43,890 DEBUG - #preProcessEvent at simulation time 438.000,000,000 s with resource class VehicleInfo and nice -99999800
2020-05-23 21:56:43,979 DEBUG - #preProcessEvent at simulation time 439.000,000,000 s with resource class VehicleInfo and nice -99999800
2020-05-23 21:56:44,032 DEBUG - #preProcessEvent at simulation time 440.000,000,000 s with resource class VehicleInfo and nice -99999800
2020-05-23 21:56:44,079 DEBUG - #preProcessEvent at simulation time 441.000,000,000 s with resource class VehicleInfo and nice -99999800
2020-05-23 21:56:44,189 DEBUG - #preProcessEvent at simulation time 442.000,000,000 s with resource class VehicleInfo and nice -99999800
2020-05-23 21:56:44,224 DEBUG - #preProcessEvent at simulation time 443.000,000,000 s with resource class VehicleInfo and nice -99999800
2020-05-23 21:56:44,254 DEBUG - #preProcessEvent at simulation time 444.000,000,000 s with resource class VehicleInfo and nice -99999800
2020-05-23 21:56:44,285 DEBUG - #preProcessEvent at simulation time 445.000,000,000 s with resource class VehicleInfo and nice -99999800
2020-05-23 21:56:44,407 DEBUG - #preProcessEvent at simulation time 446.000,000,000 s with resource class VehicleInfo and nice -99999800
2020-05-23 21:56:44,471 DEBUG - #preProcessEvent at simulation time 447.000,000,000 s with resource class VehicleInfo and nice -99999800
2020-05-23 21:56:44,531 DEBUG - #preProcessEvent at simulation time 448.000,000,000 s with resource class VehicleInfo and nice -99999800
2020-05-23 21:56:44,654 DEBUG - #preProcessEvent at simulation time 449.000,000,000 s with resource class VehicleInfo and nice -99999800
2020-05-23 21:56:44,717 DEBUG - #preProcessEvent at simulation time 450.000,000,000 s with resource class VehicleInfo and nice -99999800
2020-05-23 21:56:44,813 DEBUG - #preProcessEvent at simulation time 451.000,000,000 s with resource class VehicleInfo and nice -99999800
2020-05-23 21:56:44,851 DEBUG - #preProcessEvent at simulation time 452.000,000,000 s with resource class VehicleInfo and nice -99999800
2020-05-23 21:56:44,931 DEBUG - #preProcessEvent at simulation time 453.000,000,000 s with resource class VehicleInfo and nice -99999800
2020-05-23 21:56:45,000 DEBUG - #preProcessEvent at simulation time 454.000,000,000 s with resource class VehicleInfo and nice -99999800
2020-05-23 21:56:45,028 DEBUG - #preProcessEvent at simulation time 455.000,000,000 s with resource class VehicleInfo and nice -99999800
2020-05-23 21:56:45,084 DEBUG - #preProcessEvent at simulation time 456.000,000,000 s with resource class VehicleInfo and nice -99999800
2020-05-23 21:56:45,221 DEBUG - #preProcessEvent at simulation time 457.000,000,000 s with resource class VehicleInfo and nice -99999800
2020-05-23 21:56:45,255 DEBUG - #preProcessEvent at simulation time 458.000,000,000 s with resource class VehicleInfo and nice -99999800
2020-05-23 21:56:45,283 DEBUG - #preProcessEvent at simulation time 459.000,000,000 s with resource class VehicleInfo and nice -99999800
2020-05-23 21:56:45,374 DEBUG - #preProcessEvent at simulation time 460.000,000,000 s with resource class VehicleInfo and nice -99999800
2020-05-23 21:56:45,431 DEBUG - #preProcessEvent at simulation time 461.000,000,000 s with resource class VehicleInfo and nice -99999800
2020-05-23 21:56:45,459 DEBUG - #preProcessEvent at simulation time 462.000,000,000 s with resource class VehicleInfo and nice -99999800
2020-05-23 21:56:45,485 DEBUG - #preProcessEvent at simulation time 463.000,000,000 s with resource class VehicleInfo and nice -99999800
2020-05-23 21:56:45,521 DEBUG - #preProcessEvent at simulation time 464.000,000,000 s with resource class VehicleInfo and nice -99999800
2020-05-23 21:56:45,615 DEBUG - #preProcessEvent at simulation time 465.000,000,000 s with resource class VehicleInfo and nice -99999800
2020-05-23 21:56:45,779 DEBUG - #preProcessEvent at simulation time 466.000,000,000 s with resource class VehicleInfo and nice -99999800
2020-05-23 21:56:45,815 DEBUG - #preProcessEvent at simulation time 467.000,000,000 s with resource class VehicleInfo and nice -99999800
2020-05-23 21:56:45,848 DEBUG - #preProcessEvent at simulation time 468.000,000,000 s with resource class VehicleInfo and nice -99999800
2020-05-23 21:56:45,890 DEBUG - #preProcessEvent at simulation time 469.000,000,000 s with resource class VehicleInfo and nice -99999800
2020-05-23 21:56:45,948 DEBUG - #preProcessEvent at simulation time 470.000,000,000 s with resource class VehicleInfo and nice -99999800
2020-05-23 21:56:46,054 DEBUG - #preProcessEvent at simulation time 471.000,000,000 s with resource class VehicleInfo and nice -99999800
2020-05-23 21:56:46,084 DEBUG - #preProcessEvent at simulation time 472.000,000,000 s with resource class VehicleInfo and nice -99999800
2020-05-23 21:56:46,123 DEBUG - #preProcessEvent at simulation time 473.000,000,000 s with resource class VehicleInfo and nice -99999800
2020-05-23 21:56:46,190 DEBUG - #preProcessEvent at simulation time 474.000,000,000 s with resource class VehicleInfo and nice -99999800
2020-05-23 21:56:46,229 DEBUG - #preProcessEvent at simulation time 475.000,000,000 s with resource class VehicleInfo and nice -99999800
2020-05-23 21:56:46,276 DEBUG - #preProcessEvent at simulation time 476.000,000,000 s with resource class VehicleInfo and nice -99999800
2020-05-23 21:56:46,309 DEBUG - #preProcessEvent at simulation time 477.000,000,000 s with resource class VehicleInfo and nice -99999800
2020-05-23 21:56:46,396 DEBUG - #preProcessEvent at simulation time 478.000,000,000 s with resource class VehicleInfo and nice -99999800
2020-05-23 21:56:46,423 DEBUG - #preProcessEvent at simulation time 479.000,000,000 s with resource class VehicleInfo and nice -99999800
2020-05-23 21:56:46,456 DEBUG - #preProcessEvent at simulation time 480.000,000,000 s with resource class VehicleInfo and nice -99999800
2020-05-23 21:56:46,500 DEBUG - #preProcessEvent at simulation time 481.000,000,000 s with resource class VehicleInfo and nice -99999800
2020-05-23 21:56:46,559 DEBUG - #preProcessEvent at simulation time 482.000,000,000 s with resource class VehicleInfo and nice -99999800
2020-05-23 21:56:46,586 DEBUG - #preProcessEvent at simulation time 483.000,000,000 s with resource class VehicleInfo and nice -99999800
2020-05-23 21:56:46,619 DEBUG - #preProcessEvent at simulation time 484.000,000,000 s with resource class VehicleInfo and nice -99999800
2020-05-23 21:56:46,653 DEBUG - #preProcessEvent at simulation time 485.000,000,000 s with resource class VehicleInfo and nice -99999800
2020-05-23 21:56:46,698 DEBUG - #preProcessEvent at simulation time 486.000,000,000 s with resource class VehicleInfo and nice -99999800
2020-05-23 21:56:46,761 DEBUG - #preProcessEvent at simulation time 487.000,000,000 s with resource class VehicleInfo and nice -99999800
2020-05-23 21:56:46,827 DEBUG - #preProcessEvent at simulation time 488.000,000,000 s with resource class VehicleInfo and nice -99999800
2020-05-23 21:56:46,860 DEBUG - #preProcessEvent at simulation time 489.000,000,000 s with resource class VehicleInfo and nice -99999800
2020-05-23 21:56:46,887 DEBUG - #preProcessEvent at simulation time 490.000,000,000 s with resource class VehicleInfo and nice -99999800
2020-05-23 21:56:46,955 DEBUG - #preProcessEvent at simulation time 491.000,000,000 s with resource class VehicleInfo and nice -99999800
2020-05-23 21:56:46,984 DEBUG - #preProcessEvent at simulation time 492.000,000,000 s with resource class VehicleInfo and nice -99999800
2020-05-23 21:56:47,006 DEBUG - #preProcessEvent at simulation time 493.000,000,000 s with resource class VehicleInfo and nice -99999800
2020-05-23 21:56:47,031 DEBUG - #preProcessEvent at simulation time 494.000,000,000 s with resource class VehicleInfo and nice -99999800
2020-05-23 21:56:47,056 DEBUG - #preProcessEvent at simulation time 495.000,000,000 s with resource class VehicleInfo and nice -99999800
2020-05-23 21:56:47,103 DEBUG - #preProcessEvent at simulation time 496.000,000,000 s with resource class VehicleInfo and nice -99999800
2020-05-23 21:56:47,157 DEBUG - #preProcessEvent at simulation time 497.000,000,000 s with resource class VehicleInfo and nice -99999800
2020-05-23 21:56:47,186 DEBUG - #preProcessEvent at simulation time 498.000,000,000 s with resource class VehicleInfo and nice -99999800
2020-05-23 21:56:47,219 DEBUG - #preProcessEvent at simulation time 499.000,000,000 s with resource class VehicleInfo and nice -99999800
2020-05-23 21:56:47,248 DEBUG - #preProcessEvent at simulation time 500.000,000,000 s with resource class VehicleInfo and nice -99999800
2020-05-23 21:56:47,335 DEBUG - #preProcessEvent at simulation time 501.000,000,000 s with resource class VehicleInfo and nice -99999800
2020-05-23 21:56:47,365 DEBUG - #preProcessEvent at simulation time 502.000,000,000 s with resource class VehicleInfo and nice -99999800
2020-05-23 21:56:47,390 DEBUG - #preProcessEvent at simulation time 503.000,000,000 s with resource class VehicleInfo and nice -99999800
2020-05-23 21:56:47,414 DEBUG - #preProcessEvent at simulation time 504.000,000,000 s with resource class VehicleInfo and nice -99999800
2020-05-23 21:56:47,436 DEBUG - #preProcessEvent at simulation time 505.000,000,000 s with resource class VehicleInfo and nice -99999800
2020-05-23 21:56:47,467 DEBUG - #preProcessEvent at simulation time 506.000,000,000 s with resource class VehicleInfo and nice -99999800
2020-05-23 21:56:47,490 DEBUG - #preProcessEvent at simulation time 507.000,000,000 s with resource class VehicleInfo and nice -99999800
2020-05-23 21:56:47,530 DEBUG - #preProcessEvent at simulation time 508.000,000,000 s with resource class VehicleInfo and nice -99999800
2020-05-23 21:56:47,558 DEBUG - #preProcessEvent at simulation time 509.000,000,000 s with resource class VehicleInfo and nice -99999800
2020-05-23 21:56:47,580 DEBUG - #preProcessEvent at simulation time 510.000,000,000 s with resource class VehicleInfo and nice -99999800
2020-05-23 21:56:47,611 DEBUG - #preProcessEvent at simulation time 511.000,000,000 s with resource class VehicleInfo and nice -99999800
2020-05-23 21:56:47,632 DEBUG - #preProcessEvent at simulation time 512.000,000,000 s with resource class VehicleInfo and nice -99999800
2020-05-23 21:56:47,654 DEBUG - #preProcessEvent at simulation time 513.000,000,000 s with resource class VehicleInfo and nice -99999800
2020-05-23 21:56:47,674 DEBUG - #preProcessEvent at simulation time 514.000,000,000 s with resource class VehicleInfo and nice -99999800
2020-05-23 21:56:47,696 DEBUG - #preProcessEvent at simulation time 515.000,000,000 s with resource class VehicleInfo and nice -99999800
2020-05-23 21:56:47,759 DEBUG - #preProcessEvent at simulation time 516.000,000,000 s with resource class VehicleInfo and nice -99999800
2020-05-23 21:56:47,778 DEBUG - #preProcessEvent at simulation time 517.000,000,000 s with resource class VehicleInfo and nice -99999800
2020-05-23 21:56:47,800 DEBUG - #preProcessEvent at simulation time 518.000,000,000 s with resource class VehicleInfo and nice -99999800
2020-05-23 21:56:47,819 DEBUG - #preProcessEvent at simulation time 519.000,000,000 s with resource class VehicleInfo and nice -99999800
2020-05-23 21:56:47,837 DEBUG - #preProcessEvent at simulation time 520.000,000,000 s with resource class VehicleInfo and nice -99999800
2020-05-23 21:56:47,865 DEBUG - #preProcessEvent at simulation time 521.000,000,000 s with resource class VehicleInfo and nice -99999800
2020-05-23 21:56:47,882 DEBUG - #preProcessEvent at simulation time 522.000,000,000 s with resource class VehicleInfo and nice -99999800
2020-05-23 21:56:47,906 DEBUG - #preProcessEvent at simulation time 523.000,000,000 s with resource class VehicleInfo and nice -99999800
2020-05-23 21:56:47,931 DEBUG - #preProcessEvent at simulation time 524.000,000,000 s with resource class VehicleInfo and nice -99999800
2020-05-23 21:56:47,952 DEBUG - #preProcessEvent at simulation time 525.000,000,000 s with resource class VehicleInfo and nice -99999800
2020-05-23 21:56:47,980 DEBUG - #preProcessEvent at simulation time 526.000,000,000 s with resource class VehicleInfo and nice -99999800
2020-05-23 21:56:47,996 DEBUG - #preProcessEvent at simulation time 527.000,000,000 s with resource class VehicleInfo and nice -99999800
2020-05-23 21:56:48,019 DEBUG - #preProcessEvent at simulation time 528.000,000,000 s with resource class VehicleInfo and nice -99999800
2020-05-23 21:56:48,034 DEBUG - #preProcessEvent at simulation time 529.000,000,000 s with resource class VehicleInfo and nice -99999800
2020-05-23 21:56:48,048 DEBUG - #preProcessEvent at simulation time 530.000,000,000 s with resource class VehicleInfo and nice -99999800
2020-05-23 21:56:48,079 DEBUG - #preProcessEvent at simulation time 531.000,000,000 s with resource class VehicleInfo and nice -99999800
2020-05-23 21:56:48,092 DEBUG - #preProcessEvent at simulation time 532.000,000,000 s with resource class VehicleInfo and nice -99999800
2020-05-23 21:56:48,117 DEBUG - #preProcessEvent at simulation time 533.000,000,000 s with resource class VehicleInfo and nice -99999800
2020-05-23 21:56:48,132 DEBUG - #preProcessEvent at simulation time 534.000,000,000 s with resource class VehicleInfo and nice -99999800
2020-05-23 21:56:48,148 DEBUG - #preProcessEvent at simulation time 535.000,000,000 s with resource class VehicleInfo and nice -99999800
2020-05-23 21:56:48,172 DEBUG - #preProcessEvent at simulation time 536.000,000,000 s with resource class VehicleInfo and nice -99999800
2020-05-23 21:56:48,183 DEBUG - #preProcessEvent at simulation time 537.000,000,000 s with resource class VehicleInfo and nice -99999800
2020-05-23 21:56:48,196 DEBUG - #preProcessEvent at simulation time 538.000,000,000 s with resource class VehicleInfo and nice -99999800
2020-05-23 21:56:48,215 DEBUG - #preProcessEvent at simulation time 539.000,000,000 s with resource class VehicleInfo and nice -99999800
2020-05-23 21:56:48,234 DEBUG - #preProcessEvent at simulation time 540.000,000,000 s with resource class VehicleInfo and nice -99999800
2020-05-23 21:56:48,256 DEBUG - #preProcessEvent at simulation time 541.000,000,000 s with resource class VehicleInfo and nice -99999800
2020-05-23 21:56:48,272 DEBUG - #preProcessEvent at simulation time 542.000,000,000 s with resource class VehicleInfo and nice -99999800
2020-05-23 21:56:48,285 DEBUG - #preProcessEvent at simulation time 543.000,000,000 s with resource class VehicleInfo and nice -99999800
2020-05-23 21:56:48,299 DEBUG - #preProcessEvent at simulation time 544.000,000,000 s with resource class VehicleInfo and nice -99999800
2020-05-23 21:56:48,322 DEBUG - #preProcessEvent at simulation time 545.000,000,000 s with resource class VehicleInfo and nice -99999800
2020-05-23 21:56:48,344 DEBUG - #preProcessEvent at simulation time 546.000,000,000 s with resource class VehicleInfo and nice -99999800
2020-05-23 21:56:48,361 DEBUG - #preProcessEvent at simulation time 547.000,000,000 s with resource class VehicleInfo and nice -99999800
2020-05-23 21:56:48,374 DEBUG - #preProcessEvent at simulation time 548.000,000,000 s with resource class VehicleInfo and nice -99999800
2020-05-23 21:56:48,388 DEBUG - #preProcessEvent at simulation time 549.000,000,000 s with resource class VehicleInfo and nice -99999800
2020-05-23 21:56:48,400 DEBUG - #preProcessEvent at simulation time 550.000,000,000 s with resource class VehicleInfo and nice -99999800
2020-05-23 21:56:48,422 DEBUG - #preProcessEvent at simulation time 551.000,000,000 s with resource class VehicleInfo and nice -99999800
2020-05-23 21:56:48,433 DEBUG - #preProcessEvent at simulation time 552.000,000,000 s with resource class VehicleInfo and nice -99999800
2020-05-23 21:56:48,443 DEBUG - #preProcessEvent at simulation time 553.000,000,000 s with resource class VehicleInfo and nice -99999800
2020-05-23 21:56:48,455 DEBUG - #preProcessEvent at simulation time 554.000,000,000 s with resource class VehicleInfo and nice -99999800
2020-05-23 21:56:48,467 DEBUG - #preProcessEvent at simulation time 555.000,000,000 s with resource class VehicleInfo and nice -99999800
2020-05-23 21:56:48,486 DEBUG - #preProcessEvent at simulation time 556.000,000,000 s with resource class VehicleInfo and nice -99999800
2020-05-23 21:56:48,502 DEBUG - #preProcessEvent at simulation time 557.000,000,000 s with resource class VehicleInfo and nice -99999800
2020-05-23 21:56:48,525 DEBUG - #preProcessEvent at simulation time 558.000,000,000 s with resource class VehicleInfo and nice -99999800
2020-05-23 21:56:48,541 DEBUG - #preProcessEvent at simulation time 559.000,000,000 s with resource class VehicleInfo and nice -99999800
2020-05-23 21:56:48,557 DEBUG - #preProcessEvent at simulation time 560.000,000,000 s with resource class VehicleInfo and nice -99999800
2020-05-23 21:56:48,575 DEBUG - #preProcessEvent at simulation time 561.000,000,000 s with resource class VehicleInfo and nice -99999800
2020-05-23 21:56:48,588 DEBUG - #preProcessEvent at simulation time 562.000,000,000 s with resource class VehicleInfo and nice -99999800
2020-05-23 21:56:48,600 DEBUG - #preProcessEvent at simulation time 563.000,000,000 s with resource class VehicleInfo and nice -99999800
2020-05-23 21:56:48,618 DEBUG - #preProcessEvent at simulation time 564.000,000,000 s with resource class VehicleInfo and nice -99999800
2020-05-23 21:56:48,633 DEBUG - #preProcessEvent at simulation time 565.000,000,000 s with resource class VehicleInfo and nice -99999800
2020-05-23 21:56:48,657 DEBUG - #preProcessEvent at simulation time 566.000,000,000 s with resource class VehicleInfo and nice -99999800
2020-05-23 21:56:48,673 DEBUG - #preProcessEvent at simulation time 567.000,000,000 s with resource class VehicleInfo and nice -99999800
2020-05-23 21:56:48,687 DEBUG - #preProcessEvent at simulation time 568.000,000,000 s with resource class VehicleInfo and nice -99999800
2020-05-23 21:56:48,709 DEBUG - #preProcessEvent at simulation time 569.000,000,000 s with resource class VehicleInfo and nice -99999800
2020-05-23 21:56:48,738 DEBUG - #preProcessEvent at simulation time 570.000,000,000 s with resource class VehicleInfo and nice -99999800
2020-05-23 21:56:48,768 DEBUG - #preProcessEvent at simulation time 571.000,000,000 s with resource class VehicleInfo and nice -99999800
2020-05-23 21:56:48,787 DEBUG - #preProcessEvent at simulation time 572.000,000,000 s with resource class VehicleInfo and nice -99999800
2020-05-23 21:56:48,804 DEBUG - #preProcessEvent at simulation time 573.000,000,000 s with resource class VehicleInfo and nice -99999800
2020-05-23 21:56:48,822 DEBUG - #preProcessEvent at simulation time 574.000,000,000 s with resource class VehicleInfo and nice -99999800
2020-05-23 21:56:48,836 DEBUG - #tearDown at simulation time 575.000,000,000 s
