2020-05-23 21:57:36,607 INFO - Initialize application (at simulation time 20.000,000,000 s)
2020-05-23 21:57:36,613 INFO - Activated Cell Module (at simulation time 20.000,000,000 s)
2020-05-23 21:57:36,614 DEBUG - No Sensor/Event detected (at simulation time 20.000,000,000 s)
2020-05-23 21:57:36,686 INFO - Received message from cell from WeatherServer (at simulation time 20.359,612,786 s)
2020-05-23 21:57:36,686 INFO - Processing DEN message (at simulation time 20.359,612,786 s)
2020-05-23 21:57:36,687 DEBUG - Handle Environment Warning Message. Processing...
2020-05-23 21:57:36,687 DEBUG - DENM content: Sensor Type: Ice (at simulation time 20.359,612,786 s)
2020-05-23 21:57:36,687 DEBUG - DENM content: Event position: GeoPoint{lat|lon=[40.810904,-73.961969]} (at simulation time 20.359,612,786 s)
2020-05-23 21:57:36,687 DEBUG - DENM content: Event Strength: 0 (at simulation time 20.359,612,786 s)
2020-05-23 21:57:36,687 DEBUG - DENM content: Road Id of the Sender: 195743140_42428844_1506591536 (at simulation time 20.359,612,786 s)
2020-05-23 21:57:36,687 DEBUG - CurrVehicle: position: com.dcaiti.vsimrti.lib.routing.scenariodatabase.road.ScenarioDatabaseRoadPosition@54ddef9 (at simulation time 20.359,612,786 s)
2020-05-23 21:57:36,687 DEBUG - CurrVehicle: route: 1 (at simulation time 20.359,612,786 s)
2020-05-23 21:57:36,688 INFO - The Event is on the vehicle's route 195743140_42428844_1506591536 = 195743140_42428844_1506591536 (at simulation time 20.359,612,786 s)
2020-05-23 21:57:36,698 INFO - Sending Change Route Command at position: GeoPoint{lat|lon=[40.805107,-73.959934]} (at simulation time 20.359,612,786 s)
2020-05-23 21:57:36,716 DEBUG - No Sensor/Event detected (at simulation time 21.000,000,000 s)
2020-05-23 21:57:36,725 DEBUG - No Sensor/Event detected (at simulation time 22.000,000,000 s)
2020-05-23 21:57:36,735 INFO - Received message from cell from WeatherServer (at simulation time 22.174,893,274 s)
2020-05-23 21:57:36,735 INFO - Processing DEN message (at simulation time 22.174,893,274 s)
2020-05-23 21:57:36,736 DEBUG - Handle Environment Warning Message. Processing...
2020-05-23 21:57:36,736 INFO - Route already changed (at simulation time 22.174,893,274 s)
2020-05-23 21:57:36,744 DEBUG - No Sensor/Event detected (at simulation time 23.000,000,000 s)
2020-05-23 21:57:36,751 DEBUG - No Sensor/Event detected (at simulation time 24.000,000,000 s)
2020-05-23 21:57:36,786 INFO - Received message from cell from WeatherServer (at simulation time 24.137,686,235 s)
2020-05-23 21:57:36,786 INFO - Processing DEN message (at simulation time 24.137,686,235 s)
2020-05-23 21:57:36,786 DEBUG - Handle Environment Warning Message. Processing...
2020-05-23 21:57:36,786 INFO - Route already changed (at simulation time 24.137,686,235 s)
2020-05-23 21:57:36,792 DEBUG - No Sensor/Event detected (at simulation time 25.000,000,000 s)
2020-05-23 21:57:36,802 DEBUG - No Sensor/Event detected (at simulation time 26.000,000,000 s)
2020-05-23 21:57:36,812 INFO - Received message from cell from WeatherServer (at simulation time 26.297,250,512 s)
2020-05-23 21:57:36,812 INFO - Processing DEN message (at simulation time 26.297,250,512 s)
2020-05-23 21:57:36,812 DEBUG - Handle Environment Warning Message. Processing...
2020-05-23 21:57:36,812 INFO - Route already changed (at simulation time 26.297,250,512 s)
2020-05-23 21:57:36,817 DEBUG - No Sensor/Event detected (at simulation time 27.000,000,000 s)
2020-05-23 21:57:36,823 DEBUG - No Sensor/Event detected (at simulation time 28.000,000,000 s)
2020-05-23 21:57:36,832 INFO - Received message from cell from WeatherServer (at simulation time 28.265,743,863 s)
2020-05-23 21:57:36,832 INFO - Processing DEN message (at simulation time 28.265,743,863 s)
2020-05-23 21:57:36,832 DEBUG - Handle Environment Warning Message. Processing...
2020-05-23 21:57:36,832 INFO - Route already changed (at simulation time 28.265,743,863 s)
2020-05-23 21:57:36,837 DEBUG - No Sensor/Event detected (at simulation time 29.000,000,000 s)
2020-05-23 21:57:36,853 DEBUG - No Sensor/Event detected (at simulation time 30.000,000,000 s)
2020-05-23 21:57:36,938 INFO - Received message from cell from WeatherServer (at simulation time 30.217,259,709 s)
2020-05-23 21:57:36,938 INFO - Processing DEN message (at simulation time 30.217,259,709 s)
2020-05-23 21:57:36,938 DEBUG - Handle Environment Warning Message. Processing...
2020-05-23 21:57:36,938 INFO - Route already changed (at simulation time 30.217,259,709 s)
2020-05-23 21:57:36,947 DEBUG - No Sensor/Event detected (at simulation time 31.000,000,000 s)
2020-05-23 21:57:36,961 DEBUG - No Sensor/Event detected (at simulation time 32.000,000,000 s)
2020-05-23 21:57:36,972 INFO - Received message from cell from WeatherServer (at simulation time 32.177,002,659 s)
2020-05-23 21:57:36,972 INFO - Processing DEN message (at simulation time 32.177,002,659 s)
2020-05-23 21:57:36,972 DEBUG - Handle Environment Warning Message. Processing...
2020-05-23 21:57:36,972 INFO - Route already changed (at simulation time 32.177,002,659 s)
2020-05-23 21:57:36,988 DEBUG - No Sensor/Event detected (at simulation time 33.000,000,000 s)
2020-05-23 21:57:36,994 DEBUG - No Sensor/Event detected (at simulation time 34.000,000,000 s)
2020-05-23 21:57:37,001 INFO - Received message from cell from WeatherServer (at simulation time 34.237,559,777 s)
2020-05-23 21:57:37,001 INFO - Processing DEN message (at simulation time 34.237,559,777 s)
2020-05-23 21:57:37,001 DEBUG - Handle Environment Warning Message. Processing...
2020-05-23 21:57:37,001 INFO - Route already changed (at simulation time 34.237,559,777 s)
2020-05-23 21:57:37,013 DEBUG - No Sensor/Event detected (at simulation time 35.000,000,000 s)
2020-05-23 21:57:37,021 DEBUG - No Sensor/Event detected (at simulation time 36.000,000,000 s)
2020-05-23 21:57:37,028 INFO - Received message from cell from WeatherServer (at simulation time 36.232,549,447 s)
2020-05-23 21:57:37,028 INFO - Processing DEN message (at simulation time 36.232,549,447 s)
2020-05-23 21:57:37,028 DEBUG - Handle Environment Warning Message. Processing...
2020-05-23 21:57:37,028 INFO - Route already changed (at simulation time 36.232,549,447 s)
2020-05-23 21:57:37,043 DEBUG - No Sensor/Event detected (at simulation time 37.000,000,000 s)
2020-05-23 21:57:37,060 DEBUG - No Sensor/Event detected (at simulation time 38.000,000,000 s)
2020-05-23 21:57:37,090 INFO - Received message from cell from WeatherServer (at simulation time 38.199,567,135 s)
2020-05-23 21:57:37,090 INFO - Processing DEN message (at simulation time 38.199,567,135 s)
2020-05-23 21:57:37,090 DEBUG - Handle Environment Warning Message. Processing...
2020-05-23 21:57:37,090 INFO - Route already changed (at simulation time 38.199,567,135 s)
2020-05-23 21:57:37,107 DEBUG - No Sensor/Event detected (at simulation time 39.000,000,000 s)
2020-05-23 21:57:37,112 DEBUG - No Sensor/Event detected (at simulation time 40.000,000,000 s)
2020-05-23 21:57:37,128 INFO - Received message from cell from WeatherServer (at simulation time 40.308,668,994 s)
2020-05-23 21:57:37,128 INFO - Processing DEN message (at simulation time 40.308,668,994 s)
2020-05-23 21:57:37,128 DEBUG - Handle Environment Warning Message. Processing...
2020-05-23 21:57:37,128 INFO - Route already changed (at simulation time 40.308,668,994 s)
2020-05-23 21:57:37,137 DEBUG - No Sensor/Event detected (at simulation time 41.000,000,000 s)
2020-05-23 21:57:37,145 DEBUG - No Sensor/Event detected (at simulation time 42.000,000,000 s)
2020-05-23 21:57:37,157 INFO - Received message from cell from WeatherServer (at simulation time 42.642,742,682 s)
2020-05-23 21:57:37,157 INFO - Processing DEN message (at simulation time 42.642,742,682 s)
2020-05-23 21:57:37,157 DEBUG - Handle Environment Warning Message. Processing...
2020-05-23 21:57:37,157 INFO - Route already changed (at simulation time 42.642,742,682 s)
2020-05-23 21:57:37,163 DEBUG - No Sensor/Event detected (at simulation time 43.000,000,000 s)
2020-05-23 21:57:37,170 DEBUG - No Sensor/Event detected (at simulation time 44.000,000,000 s)
2020-05-23 21:57:37,179 INFO - Received message from cell from WeatherServer (at simulation time 44.256,067,413 s)
2020-05-23 21:57:37,179 INFO - Processing DEN message (at simulation time 44.256,067,413 s)
2020-05-23 21:57:37,179 DEBUG - Handle Environment Warning Message. Processing...
2020-05-23 21:57:37,179 INFO - Route already changed (at simulation time 44.256,067,413 s)
2020-05-23 21:57:37,186 DEBUG - No Sensor/Event detected (at simulation time 45.000,000,000 s)
2020-05-23 21:57:37,195 DEBUG - No Sensor/Event detected (at simulation time 46.000,000,000 s)
2020-05-23 21:57:37,203 INFO - Received message from cell from WeatherServer (at simulation time 46.380,026,177 s)
2020-05-23 21:57:37,203 INFO - Processing DEN message (at simulation time 46.380,026,177 s)
2020-05-23 21:57:37,203 DEBUG - Handle Environment Warning Message. Processing...
2020-05-23 21:57:37,203 INFO - Route already changed (at simulation time 46.380,026,177 s)
2020-05-23 21:57:37,217 DEBUG - No Sensor/Event detected (at simulation time 47.000,000,000 s)
2020-05-23 21:57:37,224 DEBUG - No Sensor/Event detected (at simulation time 48.000,000,000 s)
2020-05-23 21:57:37,233 INFO - Received message from cell from WeatherServer (at simulation time 48.184,635,365 s)
2020-05-23 21:57:37,233 INFO - Processing DEN message (at simulation time 48.184,635,365 s)
2020-05-23 21:57:37,233 DEBUG - Handle Environment Warning Message. Processing...
2020-05-23 21:57:37,233 INFO - Route already changed (at simulation time 48.184,635,365 s)
2020-05-23 21:57:37,259 DEBUG - No Sensor/Event detected (at simulation time 49.000,000,000 s)
2020-05-23 21:57:37,322 DEBUG - No Sensor/Event detected (at simulation time 50.000,000,000 s)
2020-05-23 21:57:37,346 INFO - Received message from cell from WeatherServer (at simulation time 50.189,328,001 s)
2020-05-23 21:57:37,346 INFO - Processing DEN message (at simulation time 50.189,328,001 s)
2020-05-23 21:57:37,346 DEBUG - Handle Environment Warning Message. Processing...
2020-05-23 21:57:37,346 INFO - Route already changed (at simulation time 50.189,328,001 s)
2020-05-23 21:57:37,348 INFO - Processing DEN message (at simulation time 50.242,879,762 s)
2020-05-23 21:57:37,348 DEBUG - Handle Environment Warning Message. Processing...
2020-05-23 21:57:37,348 INFO - Route already changed (at simulation time 50.242,879,762 s)
2020-05-23 21:57:37,354 DEBUG - No Sensor/Event detected (at simulation time 51.000,000,000 s)
2020-05-23 21:57:37,358 INFO - Processing DEN message (at simulation time 51.408,018,626 s)
2020-05-23 21:57:37,359 DEBUG - Handle Environment Warning Message. Processing...
2020-05-23 21:57:37,359 INFO - Route already changed (at simulation time 51.408,018,626 s)
2020-05-23 21:57:37,365 DEBUG - No Sensor/Event detected (at simulation time 52.000,000,000 s)
2020-05-23 21:57:37,375 INFO - Processing DEN message (at simulation time 52.220,061,151 s)
2020-05-23 21:57:37,375 DEBUG - Handle Environment Warning Message. Processing...
2020-05-23 21:57:37,375 INFO - Route already changed (at simulation time 52.220,061,151 s)
2020-05-23 21:57:37,380 INFO - Received message from cell from WeatherServer (at simulation time 52.433,480,617 s)
2020-05-23 21:57:37,380 INFO - Processing DEN message (at simulation time 52.433,480,617 s)
2020-05-23 21:57:37,380 DEBUG - Handle Environment Warning Message. Processing...
2020-05-23 21:57:37,380 INFO - Route already changed (at simulation time 52.433,480,617 s)
2020-05-23 21:57:37,384 DEBUG - No Sensor/Event detected (at simulation time 53.000,000,000 s)
2020-05-23 21:57:37,387 INFO - Processing DEN message (at simulation time 53.184,540,560 s)
2020-05-23 21:57:37,387 DEBUG - Handle Environment Warning Message. Processing...
2020-05-23 21:57:37,387 INFO - Route already changed (at simulation time 53.184,540,560 s)
2020-05-23 21:57:37,393 DEBUG - No Sensor/Event detected (at simulation time 54.000,000,000 s)
2020-05-23 21:57:37,400 INFO - Received message from cell from WeatherServer (at simulation time 54.159,114,511 s)
2020-05-23 21:57:37,400 INFO - Processing DEN message (at simulation time 54.159,114,511 s)
2020-05-23 21:57:37,400 DEBUG - Handle Environment Warning Message. Processing...
2020-05-23 21:57:37,400 INFO - Route already changed (at simulation time 54.159,114,511 s)
2020-05-23 21:57:37,407 DEBUG - No Sensor/Event detected (at simulation time 55.000,000,000 s)
2020-05-23 21:57:37,417 DEBUG - No Sensor/Event detected (at simulation time 56.000,000,000 s)
2020-05-23 21:57:37,459 INFO - Received message from cell from WeatherServer (at simulation time 56.245,554,852 s)
2020-05-23 21:57:37,459 INFO - Processing DEN message (at simulation time 56.245,554,852 s)
2020-05-23 21:57:37,459 DEBUG - Handle Environment Warning Message. Processing...
2020-05-23 21:57:37,459 INFO - Route already changed (at simulation time 56.245,554,852 s)
2020-05-23 21:57:37,525 DEBUG - No Sensor/Event detected (at simulation time 57.000,000,000 s)
2020-05-23 21:57:37,531 DEBUG - No Sensor/Event detected (at simulation time 58.000,000,000 s)
2020-05-23 21:57:37,544 INFO - Received message from cell from WeatherServer (at simulation time 58.376,030,316 s)
2020-05-23 21:57:37,544 INFO - Processing DEN message (at simulation time 58.376,030,316 s)
2020-05-23 21:57:37,544 DEBUG - Handle Environment Warning Message. Processing...
2020-05-23 21:57:37,544 INFO - Route already changed (at simulation time 58.376,030,316 s)
2020-05-23 21:57:37,550 DEBUG - No Sensor/Event detected (at simulation time 59.000,000,000 s)
2020-05-23 21:57:37,558 DEBUG - No Sensor/Event detected (at simulation time 60.000,000,000 s)
2020-05-23 21:57:37,566 INFO - Received message from cell from WeatherServer (at simulation time 60.284,900,117 s)
2020-05-23 21:57:37,566 INFO - Processing DEN message (at simulation time 60.284,900,117 s)
2020-05-23 21:57:37,566 DEBUG - Handle Environment Warning Message. Processing...
2020-05-23 21:57:37,566 INFO - Route already changed (at simulation time 60.284,900,117 s)
2020-05-23 21:57:37,572 DEBUG - No Sensor/Event detected (at simulation time 61.000,000,000 s)
2020-05-23 21:57:37,577 DEBUG - No Sensor/Event detected (at simulation time 62.000,000,000 s)
2020-05-23 21:57:37,582 INFO - Received message from cell from WeatherServer (at simulation time 62.388,896,195 s)
2020-05-23 21:57:37,582 INFO - Processing DEN message (at simulation time 62.388,896,195 s)
2020-05-23 21:57:37,582 DEBUG - Handle Environment Warning Message. Processing...
2020-05-23 21:57:37,582 INFO - Route already changed (at simulation time 62.388,896,195 s)
2020-05-23 21:57:37,587 DEBUG - No Sensor/Event detected (at simulation time 63.000,000,000 s)
2020-05-23 21:57:37,592 INFO - Processing DEN message (at simulation time 63.253,474,048 s)
2020-05-23 21:57:37,592 DEBUG - Handle Environment Warning Message. Processing...
2020-05-23 21:57:37,592 INFO - Route already changed (at simulation time 63.253,474,048 s)
2020-05-23 21:57:37,599 DEBUG - No Sensor/Event detected (at simulation time 64.000,000,000 s)
2020-05-23 21:57:37,608 INFO - Received message from cell from WeatherServer (at simulation time 64.347,373,503 s)
2020-05-23 21:57:37,608 INFO - Processing DEN message (at simulation time 64.347,373,503 s)
2020-05-23 21:57:37,609 DEBUG - Handle Environment Warning Message. Processing...
2020-05-23 21:57:37,609 INFO - Route already changed (at simulation time 64.347,373,503 s)
2020-05-23 21:57:37,609 INFO - Processing DEN message (at simulation time 64.402,401,398 s)
2020-05-23 21:57:37,609 DEBUG - Handle Environment Warning Message. Processing...
2020-05-23 21:57:37,609 INFO - Route already changed (at simulation time 64.402,401,398 s)
2020-05-23 21:57:37,613 DEBUG - No Sensor/Event detected (at simulation time 65.000,000,000 s)
2020-05-23 21:57:37,619 INFO - Processing DEN message (at simulation time 65.251,076,802 s)
2020-05-23 21:57:37,619 DEBUG - Handle Environment Warning Message. Processing...
2020-05-23 21:57:37,619 INFO - Route already changed (at simulation time 65.251,076,802 s)
2020-05-23 21:57:37,623 DEBUG - No Sensor/Event detected (at simulation time 66.000,000,000 s)
2020-05-23 21:57:37,629 INFO - Received message from cell from WeatherServer (at simulation time 66.388,725,275 s)
2020-05-23 21:57:37,629 INFO - Processing DEN message (at simulation time 66.388,725,275 s)
2020-05-23 21:57:37,629 DEBUG - Handle Environment Warning Message. Processing...
2020-05-23 21:57:37,629 INFO - Route already changed (at simulation time 66.388,725,275 s)
2020-05-23 21:57:37,644 DEBUG - No Sensor/Event detected (at simulation time 67.000,000,000 s)
2020-05-23 21:57:37,656 DEBUG - No Sensor/Event detected (at simulation time 68.000,000,000 s)
2020-05-23 21:57:37,748 INFO - Received message from cell from WeatherServer (at simulation time 68.232,813,015 s)
2020-05-23 21:57:37,749 INFO - Processing DEN message (at simulation time 68.232,813,015 s)
2020-05-23 21:57:37,749 DEBUG - Handle Environment Warning Message. Processing...
2020-05-23 21:57:37,749 INFO - Route already changed (at simulation time 68.232,813,015 s)
2020-05-23 21:57:37,752 DEBUG - No Sensor/Event detected (at simulation time 69.000,000,000 s)
2020-05-23 21:57:37,760 DEBUG - No Sensor/Event detected (at simulation time 70.000,000,000 s)
2020-05-23 21:57:37,769 INFO - Received message from cell from WeatherServer (at simulation time 70.399,106,948 s)
2020-05-23 21:57:37,769 INFO - Processing DEN message (at simulation time 70.399,106,948 s)
2020-05-23 21:57:37,769 DEBUG - Handle Environment Warning Message. Processing...
2020-05-23 21:57:37,769 INFO - Route already changed (at simulation time 70.399,106,948 s)
2020-05-23 21:57:37,774 DEBUG - No Sensor/Event detected (at simulation time 71.000,000,000 s)
2020-05-23 21:57:37,778 DEBUG - No Sensor/Event detected (at simulation time 72.000,000,000 s)
2020-05-23 21:57:37,783 INFO - Received message from cell from WeatherServer (at simulation time 72.216,524,261 s)
2020-05-23 21:57:37,783 INFO - Processing DEN message (at simulation time 72.216,524,261 s)
2020-05-23 21:57:37,783 DEBUG - Handle Environment Warning Message. Processing...
2020-05-23 21:57:37,783 INFO - Route already changed (at simulation time 72.216,524,261 s)
2020-05-23 21:57:37,788 DEBUG - No Sensor/Event detected (at simulation time 73.000,000,000 s)
2020-05-23 21:57:37,798 DEBUG - No Sensor/Event detected (at simulation time 74.000,000,000 s)
2020-05-23 21:57:37,804 INFO - Received message from cell from WeatherServer (at simulation time 74.328,079,763 s)
2020-05-23 21:57:37,804 INFO - Processing DEN message (at simulation time 74.328,079,763 s)
2020-05-23 21:57:37,804 DEBUG - Handle Environment Warning Message. Processing...
2020-05-23 21:57:37,804 INFO - Route already changed (at simulation time 74.328,079,763 s)
2020-05-23 21:57:37,810 DEBUG - No Sensor/Event detected (at simulation time 75.000,000,000 s)
2020-05-23 21:57:37,814 DEBUG - No Sensor/Event detected (at simulation time 76.000,000,000 s)
2020-05-23 21:57:37,819 INFO - Received message from cell from WeatherServer (at simulation time 76.272,029,468 s)
2020-05-23 21:57:37,819 INFO - Processing DEN message (at simulation time 76.272,029,468 s)
2020-05-23 21:57:37,819 DEBUG - Handle Environment Warning Message. Processing...
2020-05-23 21:57:37,819 INFO - Route already changed (at simulation time 76.272,029,468 s)
2020-05-23 21:57:37,825 DEBUG - No Sensor/Event detected (at simulation time 77.000,000,000 s)
2020-05-23 21:57:37,830 INFO - Processing DEN message (at simulation time 77.345,499,470 s)
2020-05-23 21:57:37,830 DEBUG - Handle Environment Warning Message. Processing...
2020-05-23 21:57:37,830 INFO - Route already changed (at simulation time 77.345,499,470 s)
2020-05-23 21:57:37,834 DEBUG - No Sensor/Event detected (at simulation time 78.000,000,000 s)
2020-05-23 21:57:37,890 INFO - Processing DEN message (at simulation time 78.138,205,662 s)
2020-05-23 21:57:37,890 DEBUG - Handle Environment Warning Message. Processing...
2020-05-23 21:57:37,890 INFO - Route already changed (at simulation time 78.138,205,662 s)
2020-05-23 21:57:37,904 INFO - Received message from cell from WeatherServer (at simulation time 78.296,062,993 s)
2020-05-23 21:57:37,904 INFO - Processing DEN message (at simulation time 78.296,062,993 s)
2020-05-23 21:57:37,906 DEBUG - Handle Environment Warning Message. Processing...
2020-05-23 21:57:37,907 INFO - Route already changed (at simulation time 78.296,062,993 s)
2020-05-23 21:57:37,911 DEBUG - No Sensor/Event detected (at simulation time 79.000,000,000 s)
2020-05-23 21:57:37,916 INFO - Processing DEN message (at simulation time 79.563,767,252 s)
2020-05-23 21:57:37,916 DEBUG - Handle Environment Warning Message. Processing...
2020-05-23 21:57:37,916 INFO - Route already changed (at simulation time 79.563,767,252 s)
2020-05-23 21:57:37,919 DEBUG - No Sensor/Event detected (at simulation time 80.000,000,000 s)
2020-05-23 21:57:37,929 INFO - Received message from cell from WeatherServer (at simulation time 80.424,479,850 s)
2020-05-23 21:57:37,929 INFO - Processing DEN message (at simulation time 80.424,479,850 s)
2020-05-23 21:57:37,929 DEBUG - Handle Environment Warning Message. Processing...
2020-05-23 21:57:37,929 INFO - Route already changed (at simulation time 80.424,479,850 s)
2020-05-23 21:57:37,934 DEBUG - No Sensor/Event detected (at simulation time 81.000,000,000 s)
2020-05-23 21:57:37,940 DEBUG - No Sensor/Event detected (at simulation time 82.000,000,000 s)
2020-05-23 21:57:37,945 INFO - Received message from cell from WeatherServer (at simulation time 82.235,385,315 s)
2020-05-23 21:57:37,945 INFO - Processing DEN message (at simulation time 82.235,385,315 s)
2020-05-23 21:57:37,945 DEBUG - Handle Environment Warning Message. Processing...
2020-05-23 21:57:37,945 INFO - Route already changed (at simulation time 82.235,385,315 s)
2020-05-23 21:57:37,949 DEBUG - No Sensor/Event detected (at simulation time 83.000,000,000 s)
2020-05-23 21:57:37,954 INFO - Processing DEN message (at simulation time 83.152,871,453 s)
2020-05-23 21:57:37,954 DEBUG - Handle Environment Warning Message. Processing...
2020-05-23 21:57:37,954 INFO - Route already changed (at simulation time 83.152,871,453 s)
2020-05-23 21:57:37,959 DEBUG - No Sensor/Event detected (at simulation time 84.000,000,000 s)
2020-05-23 21:57:37,964 INFO - Processing DEN message (at simulation time 84.225,418,502 s)
2020-05-23 21:57:37,964 DEBUG - Handle Environment Warning Message. Processing...
2020-05-23 21:57:37,964 INFO - Route already changed (at simulation time 84.225,418,502 s)
2020-05-23 21:57:37,964 INFO - Received message from cell from WeatherServer (at simulation time 84.248,026,645 s)
2020-05-23 21:57:37,964 INFO - Processing DEN message (at simulation time 84.248,026,645 s)
2020-05-23 21:57:37,964 DEBUG - Handle Environment Warning Message. Processing...
2020-05-23 21:57:37,964 INFO - Route already changed (at simulation time 84.248,026,645 s)
2020-05-23 21:57:37,967 DEBUG - No Sensor/Event detected (at simulation time 85.000,000,000 s)
2020-05-23 21:57:37,972 INFO - Processing DEN message (at simulation time 85.224,596,261 s)
2020-05-23 21:57:37,972 DEBUG - Handle Environment Warning Message. Processing...
2020-05-23 21:57:37,972 INFO - Route already changed (at simulation time 85.224,596,261 s)
2020-05-23 21:57:37,976 DEBUG - No Sensor/Event detected (at simulation time 86.000,000,000 s)
2020-05-23 21:57:37,980 INFO - Received message from cell from WeatherServer (at simulation time 86.444,605,071 s)
2020-05-23 21:57:37,980 INFO - Processing DEN message (at simulation time 86.444,605,071 s)
2020-05-23 21:57:37,980 DEBUG - Handle Environment Warning Message. Processing...
2020-05-23 21:57:37,980 INFO - Route already changed (at simulation time 86.444,605,071 s)
2020-05-23 21:57:37,982 DEBUG - No Sensor/Event detected (at simulation time 87.000,000,000 s)
2020-05-23 21:57:37,986 DEBUG - No Sensor/Event detected (at simulation time 88.000,000,000 s)
2020-05-23 21:57:37,992 INFO - Received message from cell from WeatherServer (at simulation time 88.434,956,559 s)
2020-05-23 21:57:37,992 INFO - Processing DEN message (at simulation time 88.434,956,559 s)
2020-05-23 21:57:37,992 DEBUG - Handle Environment Warning Message. Processing...
2020-05-23 21:57:37,992 INFO - Route already changed (at simulation time 88.434,956,559 s)
2020-05-23 21:57:37,995 DEBUG - No Sensor/Event detected (at simulation time 89.000,000,000 s)
2020-05-23 21:57:37,998 DEBUG - No Sensor/Event detected (at simulation time 90.000,000,000 s)
2020-05-23 21:57:38,003 INFO - Received message from cell from WeatherServer (at simulation time 90.403,070,202 s)
2020-05-23 21:57:38,003 INFO - Processing DEN message (at simulation time 90.403,070,202 s)
2020-05-23 21:57:38,003 DEBUG - Handle Environment Warning Message. Processing...
2020-05-23 21:57:38,003 INFO - Route already changed (at simulation time 90.403,070,202 s)
2020-05-23 21:57:38,007 DEBUG - No Sensor/Event detected (at simulation time 91.000,000,000 s)
2020-05-23 21:57:38,010 DEBUG - No Sensor/Event detected (at simulation time 92.000,000,000 s)
2020-05-23 21:57:38,012 INFO - Received message from cell from WeatherServer (at simulation time 92.203,015,984 s)
2020-05-23 21:57:38,012 INFO - Processing DEN message (at simulation time 92.203,015,984 s)
2020-05-23 21:57:38,012 DEBUG - Handle Environment Warning Message. Processing...
2020-05-23 21:57:38,012 INFO - Route already changed (at simulation time 92.203,015,984 s)
2020-05-23 21:57:38,014 DEBUG - No Sensor/Event detected (at simulation time 93.000,000,000 s)
2020-05-23 21:57:38,017 DEBUG - No Sensor/Event detected (at simulation time 94.000,000,000 s)
2020-05-23 21:57:38,022 INFO - Received message from cell from WeatherServer (at simulation time 94.414,386,850 s)
2020-05-23 21:57:38,022 INFO - Processing DEN message (at simulation time 94.414,386,850 s)
2020-05-23 21:57:38,022 DEBUG - Handle Environment Warning Message. Processing...
2020-05-23 21:57:38,022 INFO - Route already changed (at simulation time 94.414,386,850 s)
2020-05-23 21:57:38,026 INFO - Sensor Ice event detected (at simulation time 95.000,000,000 s)
2020-05-23 21:57:38,026 DEBUG - Position: GeoPoint{lat|lon=[40.811860,-73.961267]} (at simulation time 95.000,000,000 s)
2020-05-23 21:57:38,026 DEBUG - Event strength to: 1 (at simulation time 95.000,000,000 s)
2020-05-23 21:57:38,027 DEBUG - SensorType to: Ice (at simulation time 95.000,000,000 s)
2020-05-23 21:57:38,027 DEBUG - RoadId on which the event take place: 195743140_42421857_1506591534 (at simulation time 95.000,000,000 s)
2020-05-23 21:57:38,027 INFO - Sending DENM (at simulation time 95.000,000,000 s)
2020-05-23 21:57:38,032 INFO - Processing DEN message (at simulation time 95.205,537,666 s)
2020-05-23 21:57:38,032 DEBUG - Handle Environment Warning Message. Processing...
2020-05-23 21:57:38,032 INFO - Route already changed (at simulation time 95.205,537,666 s)
2020-05-23 21:57:38,076 INFO - Sensor Ice event detected (at simulation time 96.000,000,000 s)
2020-05-23 21:57:38,076 DEBUG - Position: GeoPoint{lat|lon=[40.811787,-73.961321]} (at simulation time 96.000,000,000 s)
2020-05-23 21:57:38,136 DEBUG - Event strength to: 1 (at simulation time 96.000,000,000 s)
2020-05-23 21:57:38,136 DEBUG - SensorType to: Ice (at simulation time 96.000,000,000 s)
2020-05-23 21:57:38,136 DEBUG - RoadId on which the event take place: 195743140_1506591534_42428844 (at simulation time 96.000,000,000 s)
2020-05-23 21:57:38,136 INFO - Sending DENM (at simulation time 96.000,000,000 s)
2020-05-23 21:57:38,148 INFO - Received message from cell from WeatherServer (at simulation time 96.359,008,864 s)
2020-05-23 21:57:38,148 INFO - Processing DEN message (at simulation time 96.359,008,864 s)
2020-05-23 21:57:38,148 DEBUG - Handle Environment Warning Message. Processing...
2020-05-23 21:57:38,148 INFO - Route already changed (at simulation time 96.359,008,864 s)
2020-05-23 21:57:38,151 INFO - Processing DEN message (at simulation time 96.377,914,245 s)
2020-05-23 21:57:38,151 DEBUG - Handle Environment Warning Message. Processing...
2020-05-23 21:57:38,151 INFO - Route already changed (at simulation time 96.377,914,245 s)
2020-05-23 21:57:38,155 INFO - Sensor Ice event detected (at simulation time 97.000,000,000 s)
2020-05-23 21:57:38,155 DEBUG - Position: GeoPoint{lat|lon=[40.811717,-73.961372]} (at simulation time 97.000,000,000 s)
2020-05-23 21:57:38,155 DEBUG - Event strength to: 1 (at simulation time 97.000,000,000 s)
2020-05-23 21:57:38,155 DEBUG - SensorType to: Ice (at simulation time 97.000,000,000 s)
2020-05-23 21:57:38,155 DEBUG - RoadId on which the event take place: 195743140_1506591534_42428844 (at simulation time 97.000,000,000 s)
2020-05-23 21:57:38,155 INFO - Sending DENM (at simulation time 97.000,000,000 s)
2020-05-23 21:57:38,160 INFO - Processing DEN message (at simulation time 97.208,128,602 s)
2020-05-23 21:57:38,160 DEBUG - Handle Environment Warning Message. Processing...
2020-05-23 21:57:38,160 INFO - Route already changed (at simulation time 97.208,128,602 s)
2020-05-23 21:57:38,163 DEBUG - No Sensor/Event detected (at simulation time 98.000,000,000 s)
2020-05-23 21:57:38,168 INFO - Received message from cell from WeatherServer (at simulation time 98.175,225,894 s)
2020-05-23 21:57:38,168 INFO - Processing DEN message (at simulation time 98.175,225,894 s)
2020-05-23 21:57:38,168 DEBUG - Handle Environment Warning Message. Processing...
2020-05-23 21:57:38,168 INFO - Route already changed (at simulation time 98.175,225,894 s)
2020-05-23 21:57:38,172 DEBUG - No Sensor/Event detected (at simulation time 99.000,000,000 s)
2020-05-23 21:57:38,176 DEBUG - No Sensor/Event detected (at simulation time 100.000,000,000 s)
2020-05-23 21:57:38,180 INFO - Received message from cell from WeatherServer (at simulation time 100.358,110,907 s)
2020-05-23 21:57:38,181 INFO - Processing DEN message (at simulation time 100.358,110,907 s)
2020-05-23 21:57:38,181 DEBUG - Handle Environment Warning Message. Processing...
2020-05-23 21:57:38,181 INFO - Route already changed (at simulation time 100.358,110,907 s)
2020-05-23 21:57:38,185 DEBUG - No Sensor/Event detected (at simulation time 101.000,000,000 s)
2020-05-23 21:57:38,187 DEBUG - No Sensor/Event detected (at simulation time 102.000,000,000 s)
2020-05-23 21:57:38,192 INFO - Received message from cell from WeatherServer (at simulation time 102.199,183,791 s)
2020-05-23 21:57:38,192 INFO - Processing DEN message (at simulation time 102.199,183,791 s)
2020-05-23 21:57:38,192 DEBUG - Handle Environment Warning Message. Processing...
2020-05-23 21:57:38,192 INFO - Route already changed (at simulation time 102.199,183,791 s)
2020-05-23 21:57:38,195 DEBUG - No Sensor/Event detected (at simulation time 103.000,000,000 s)
2020-05-23 21:57:38,198 DEBUG - No Sensor/Event detected (at simulation time 104.000,000,000 s)
2020-05-23 21:57:38,202 INFO - Received message from cell from WeatherServer (at simulation time 104.519,880,239 s)
2020-05-23 21:57:38,202 INFO - Processing DEN message (at simulation time 104.519,880,239 s)
2020-05-23 21:57:38,202 DEBUG - Handle Environment Warning Message. Processing...
2020-05-23 21:57:38,202 INFO - Route already changed (at simulation time 104.519,880,239 s)
2020-05-23 21:57:38,203 DEBUG - No Sensor/Event detected (at simulation time 105.000,000,000 s)
2020-05-23 21:57:38,208 DEBUG - No Sensor/Event detected (at simulation time 106.000,000,000 s)
2020-05-23 21:57:38,210 INFO - Received message from cell from WeatherServer (at simulation time 106.212,441,700 s)
2020-05-23 21:57:38,210 INFO - Processing DEN message (at simulation time 106.212,441,700 s)
2020-05-23 21:57:38,210 DEBUG - Handle Environment Warning Message. Processing...
2020-05-23 21:57:38,210 INFO - Route already changed (at simulation time 106.212,441,700 s)
2020-05-23 21:57:38,213 DEBUG - No Sensor/Event detected (at simulation time 107.000,000,000 s)
2020-05-23 21:57:38,215 DEBUG - No Sensor/Event detected (at simulation time 108.000,000,000 s)
2020-05-23 21:57:38,217 INFO - Received message from cell from WeatherServer (at simulation time 108.354,472,393 s)
2020-05-23 21:57:38,217 INFO - Processing DEN message (at simulation time 108.354,472,393 s)
2020-05-23 21:57:38,217 DEBUG - Handle Environment Warning Message. Processing...
2020-05-23 21:57:38,217 INFO - Route already changed (at simulation time 108.354,472,393 s)
2020-05-23 21:57:38,223 DEBUG - No Sensor/Event detected (at simulation time 109.000,000,000 s)
2020-05-23 21:57:38,225 DEBUG - No Sensor/Event detected (at simulation time 110.000,000,000 s)
2020-05-23 21:57:38,228 INFO - Received message from cell from WeatherServer (at simulation time 110.240,007,041 s)
2020-05-23 21:57:38,228 INFO - Processing DEN message (at simulation time 110.240,007,041 s)
2020-05-23 21:57:38,228 DEBUG - Handle Environment Warning Message. Processing...
2020-05-23 21:57:38,228 INFO - Route already changed (at simulation time 110.240,007,041 s)
2020-05-23 21:57:38,229 DEBUG - No Sensor/Event detected (at simulation time 111.000,000,000 s)
2020-05-23 21:57:38,230 DEBUG - No Sensor/Event detected (at simulation time 112.000,000,000 s)
2020-05-23 21:57:38,281 INFO - Received message from cell from WeatherServer (at simulation time 112.290,158,843 s)
2020-05-23 21:57:38,281 INFO - Processing DEN message (at simulation time 112.290,158,843 s)
2020-05-23 21:57:38,281 DEBUG - Handle Environment Warning Message. Processing...
2020-05-23 21:57:38,281 INFO - Route already changed (at simulation time 112.290,158,843 s)
2020-05-23 21:57:38,287 DEBUG - No Sensor/Event detected (at simulation time 113.000,000,000 s)
2020-05-23 21:57:38,306 DEBUG - No Sensor/Event detected (at simulation time 114.000,000,000 s)
2020-05-23 21:57:38,309 INFO - Received message from cell from WeatherServer (at simulation time 114.530,074,760 s)
2020-05-23 21:57:38,309 INFO - Processing DEN message (at simulation time 114.530,074,760 s)
2020-05-23 21:57:38,309 DEBUG - Handle Environment Warning Message. Processing...
2020-05-23 21:57:38,309 INFO - Route already changed (at simulation time 114.530,074,760 s)
2020-05-23 21:57:38,311 DEBUG - No Sensor/Event detected (at simulation time 115.000,000,000 s)
2020-05-23 21:57:38,314 DEBUG - No Sensor/Event detected (at simulation time 116.000,000,000 s)
2020-05-23 21:57:38,318 INFO - Received message from cell from WeatherServer (at simulation time 116.159,508,402 s)
2020-05-23 21:57:38,318 INFO - Processing DEN message (at simulation time 116.159,508,402 s)
2020-05-23 21:57:38,318 DEBUG - Handle Environment Warning Message. Processing...
2020-05-23 21:57:38,318 INFO - Route already changed (at simulation time 116.159,508,402 s)
2020-05-23 21:57:38,320 DEBUG - No Sensor/Event detected (at simulation time 117.000,000,000 s)
2020-05-23 21:57:38,321 DEBUG - No Sensor/Event detected (at simulation time 118.000,000,000 s)
2020-05-23 21:57:38,325 INFO - Received message from cell from WeatherServer (at simulation time 118.301,790,973 s)
2020-05-23 21:57:38,325 INFO - Processing DEN message (at simulation time 118.301,790,973 s)
2020-05-23 21:57:38,325 DEBUG - Handle Environment Warning Message. Processing...
2020-05-23 21:57:38,325 INFO - Route already changed (at simulation time 118.301,790,973 s)
2020-05-23 21:57:38,327 DEBUG - No Sensor/Event detected (at simulation time 119.000,000,000 s)
2020-05-23 21:57:38,328 INFO - Shutdown application (at simulation time 120.000,000,000 s)
