2020-05-23 21:57:36,604 WARN - Could not check operating system of Application. Skipping check.
2020-05-23 21:57:36,607 DEBUG - Successfully instantiated the class com.columbia.vsimrti.applications.lasalle.vehicle.LasalleWeatherWarningAppCell
2020-05-23 21:57:36,607 DEBUG - Successfully instantiated the class com.columbia.vsimrti.applications.lasalle.vehicle.LasalleSlowDownApp
2020-05-23 21:57:36,607 DEBUG - #tearUp at simulation time 20.000,000,000 s
2020-05-23 21:57:36,613 DEBUG - #preProcessEvent at simulation time 20.000,000,000 s with resource class VehicleInfo and nice -99999900
2020-05-23 21:57:36,686 DEBUG - #preProcessEvent at simulation time 20.359,612,786 s with resource class ReceivedV2XMessage and nice -99999100
2020-05-23 21:57:36,688 DEBUG - NavigationModule#calculateRoutes: Calculate routes to [RoutingPosition [position=GeoPoint{lat|lon=[40.810505,-73.961977]}, connectionID=null, nodeID=null, heading=null]] with params [RoutingParameters [numAlternativeRoutes=0, routingCostFunction=com.dcaiti.vsimrti.lib.routing.util.ReRouteSpecificConnectionsCostFunction@ad0bb4e, considerTurnCosts=false]]
2020-05-23 21:57:36,698 DEBUG - NavigationModule#switchRoute: Initiated route switch to [5481847054,5481847055,6791817303,6791817302,6791817304,561035342,2541754741,42421857,1506616204,42428850,6886295091,1506591534,42428844,1506591536,1504153604]
2020-05-23 21:57:36,699 INFO - NavigationModule#switchRoute: Stay on route 1
2020-05-23 21:57:36,716 DEBUG - #preProcessEvent at simulation time 21.000,000,000 s with resource class VehicleInfo and nice -99999800
2020-05-23 21:57:36,725 DEBUG - #preProcessEvent at simulation time 22.000,000,000 s with resource class VehicleInfo and nice -99999800
2020-05-23 21:57:36,735 DEBUG - #preProcessEvent at simulation time 22.174,893,274 s with resource class ReceivedV2XMessage and nice -99999100
2020-05-23 21:57:36,744 DEBUG - #preProcessEvent at simulation time 23.000,000,000 s with resource class VehicleInfo and nice -99999800
2020-05-23 21:57:36,751 DEBUG - #preProcessEvent at simulation time 24.000,000,000 s with resource class VehicleInfo and nice -99999800
2020-05-23 21:57:36,786 DEBUG - #preProcessEvent at simulation time 24.137,686,235 s with resource class ReceivedV2XMessage and nice -99999100
2020-05-23 21:57:36,791 DEBUG - #preProcessEvent at simulation time 25.000,000,000 s with resource class VehicleInfo and nice -99999800
2020-05-23 21:57:36,802 DEBUG - #preProcessEvent at simulation time 26.000,000,000 s with resource class VehicleInfo and nice -99999800
2020-05-23 21:57:36,812 DEBUG - #preProcessEvent at simulation time 26.297,250,512 s with resource class ReceivedV2XMessage and nice -99999100
2020-05-23 21:57:36,817 DEBUG - #preProcessEvent at simulation time 27.000,000,000 s with resource class VehicleInfo and nice -99999800
2020-05-23 21:57:36,823 DEBUG - #preProcessEvent at simulation time 28.000,000,000 s with resource class VehicleInfo and nice -99999800
2020-05-23 21:57:36,832 DEBUG - #preProcessEvent at simulation time 28.265,743,863 s with resource class ReceivedV2XMessage and nice -99999100
2020-05-23 21:57:36,837 DEBUG - #preProcessEvent at simulation time 29.000,000,000 s with resource class VehicleInfo and nice -99999800
2020-05-23 21:57:36,853 DEBUG - #preProcessEvent at simulation time 30.000,000,000 s with resource class VehicleInfo and nice -99999800
2020-05-23 21:57:36,938 DEBUG - #preProcessEvent at simulation time 30.217,259,709 s with resource class ReceivedV2XMessage and nice -99999100
2020-05-23 21:57:36,947 DEBUG - #preProcessEvent at simulation time 31.000,000,000 s with resource class VehicleInfo and nice -99999800
2020-05-23 21:57:36,960 DEBUG - #preProcessEvent at simulation time 32.000,000,000 s with resource class VehicleInfo and nice -99999800
2020-05-23 21:57:36,972 DEBUG - #preProcessEvent at simulation time 32.177,002,659 s with resource class ReceivedV2XMessage and nice -99999100
2020-05-23 21:57:36,988 DEBUG - #preProcessEvent at simulation time 33.000,000,000 s with resource class VehicleInfo and nice -99999800
2020-05-23 21:57:36,994 DEBUG - #preProcessEvent at simulation time 34.000,000,000 s with resource class VehicleInfo and nice -99999800
2020-05-23 21:57:37,001 DEBUG - #preProcessEvent at simulation time 34.237,559,777 s with resource class ReceivedV2XMessage and nice -99999100
2020-05-23 21:57:37,012 DEBUG - #preProcessEvent at simulation time 35.000,000,000 s with resource class VehicleInfo and nice -99999800
2020-05-23 21:57:37,021 DEBUG - #preProcessEvent at simulation time 36.000,000,000 s with resource class VehicleInfo and nice -99999800
2020-05-23 21:57:37,028 DEBUG - #preProcessEvent at simulation time 36.232,549,447 s with resource class ReceivedV2XMessage and nice -99999100
2020-05-23 21:57:37,043 DEBUG - #preProcessEvent at simulation time 37.000,000,000 s with resource class VehicleInfo and nice -99999800
2020-05-23 21:57:37,059 DEBUG - #preProcessEvent at simulation time 38.000,000,000 s with resource class VehicleInfo and nice -99999800
2020-05-23 21:57:37,090 DEBUG - #preProcessEvent at simulation time 38.199,567,135 s with resource class ReceivedV2XMessage and nice -99999100
2020-05-23 21:57:37,107 DEBUG - #preProcessEvent at simulation time 39.000,000,000 s with resource class VehicleInfo and nice -99999800
2020-05-23 21:57:37,112 DEBUG - #preProcessEvent at simulation time 40.000,000,000 s with resource class VehicleInfo and nice -99999800
2020-05-23 21:57:37,128 DEBUG - #preProcessEvent at simulation time 40.308,668,994 s with resource class ReceivedV2XMessage and nice -99999100
2020-05-23 21:57:37,137 DEBUG - #preProcessEvent at simulation time 41.000,000,000 s with resource class VehicleInfo and nice -99999800
2020-05-23 21:57:37,144 DEBUG - #preProcessEvent at simulation time 42.000,000,000 s with resource class VehicleInfo and nice -99999800
2020-05-23 21:57:37,156 DEBUG - #preProcessEvent at simulation time 42.642,742,682 s with resource class ReceivedV2XMessage and nice -99999100
2020-05-23 21:57:37,163 DEBUG - #preProcessEvent at simulation time 43.000,000,000 s with resource class VehicleInfo and nice -99999800
2020-05-23 21:57:37,170 DEBUG - #preProcessEvent at simulation time 44.000,000,000 s with resource class VehicleInfo and nice -99999800
2020-05-23 21:57:37,179 DEBUG - #preProcessEvent at simulation time 44.256,067,413 s with resource class ReceivedV2XMessage and nice -99999100
2020-05-23 21:57:37,186 DEBUG - #preProcessEvent at simulation time 45.000,000,000 s with resource class VehicleInfo and nice -99999800
2020-05-23 21:57:37,195 DEBUG - #preProcessEvent at simulation time 46.000,000,000 s with resource class VehicleInfo and nice -99999800
2020-05-23 21:57:37,202 DEBUG - #preProcessEvent at simulation time 46.380,026,177 s with resource class ReceivedV2XMessage and nice -99999100
2020-05-23 21:57:37,217 DEBUG - #preProcessEvent at simulation time 47.000,000,000 s with resource class VehicleInfo and nice -99999800
2020-05-23 21:57:37,223 DEBUG - #preProcessEvent at simulation time 48.000,000,000 s with resource class VehicleInfo and nice -99999800
2020-05-23 21:57:37,233 DEBUG - #preProcessEvent at simulation time 48.184,635,365 s with resource class ReceivedV2XMessage and nice -99999100
2020-05-23 21:57:37,259 DEBUG - #preProcessEvent at simulation time 49.000,000,000 s with resource class VehicleInfo and nice -99999800
2020-05-23 21:57:37,322 DEBUG - #preProcessEvent at simulation time 50.000,000,000 s with resource class VehicleInfo and nice -99999800
2020-05-23 21:57:37,346 DEBUG - #preProcessEvent at simulation time 50.189,328,001 s with resource class ReceivedV2XMessage and nice -99999100
2020-05-23 21:57:37,347 DEBUG - #preProcessEvent at simulation time 50.242,879,762 s with resource class ReceivedV2XMessage and nice -99999100
2020-05-23 21:57:37,354 DEBUG - #preProcessEvent at simulation time 51.000,000,000 s with resource class VehicleInfo and nice -99999800
2020-05-23 21:57:37,358 DEBUG - #preProcessEvent at simulation time 51.408,018,626 s with resource class ReceivedV2XMessage and nice -99999100
2020-05-23 21:57:37,364 DEBUG - #preProcessEvent at simulation time 52.000,000,000 s with resource class VehicleInfo and nice -99999800
2020-05-23 21:57:37,375 DEBUG - #preProcessEvent at simulation time 52.220,061,151 s with resource class ReceivedV2XMessage and nice -99999100
2020-05-23 21:57:37,380 DEBUG - #preProcessEvent at simulation time 52.433,480,617 s with resource class ReceivedV2XMessage and nice -99999100
2020-05-23 21:57:37,384 DEBUG - #preProcessEvent at simulation time 53.000,000,000 s with resource class VehicleInfo and nice -99999800
2020-05-23 21:57:37,387 DEBUG - #preProcessEvent at simulation time 53.184,540,560 s with resource class ReceivedV2XMessage and nice -99999100
2020-05-23 21:57:37,393 DEBUG - #preProcessEvent at simulation time 54.000,000,000 s with resource class VehicleInfo and nice -99999800
2020-05-23 21:57:37,400 DEBUG - #preProcessEvent at simulation time 54.159,114,511 s with resource class ReceivedV2XMessage and nice -99999100
2020-05-23 21:57:37,407 DEBUG - #preProcessEvent at simulation time 55.000,000,000 s with resource class VehicleInfo and nice -99999800
2020-05-23 21:57:37,417 DEBUG - #preProcessEvent at simulation time 56.000,000,000 s with resource class VehicleInfo and nice -99999800
2020-05-23 21:57:37,459 DEBUG - #preProcessEvent at simulation time 56.245,554,852 s with resource class ReceivedV2XMessage and nice -99999100
2020-05-23 21:57:37,525 DEBUG - #preProcessEvent at simulation time 57.000,000,000 s with resource class VehicleInfo and nice -99999800
2020-05-23 21:57:37,531 DEBUG - #preProcessEvent at simulation time 58.000,000,000 s with resource class VehicleInfo and nice -99999800
2020-05-23 21:57:37,544 DEBUG - #preProcessEvent at simulation time 58.376,030,316 s with resource class ReceivedV2XMessage and nice -99999100
2020-05-23 21:57:37,550 DEBUG - #preProcessEvent at simulation time 59.000,000,000 s with resource class VehicleInfo and nice -99999800
2020-05-23 21:57:37,558 DEBUG - #preProcessEvent at simulation time 60.000,000,000 s with resource class VehicleInfo and nice -99999800
2020-05-23 21:57:37,566 DEBUG - #preProcessEvent at simulation time 60.284,900,117 s with resource class ReceivedV2XMessage and nice -99999100
2020-05-23 21:57:37,572 DEBUG - #preProcessEvent at simulation time 61.000,000,000 s with resource class VehicleInfo and nice -99999800
2020-05-23 21:57:37,577 DEBUG - #preProcessEvent at simulation time 62.000,000,000 s with resource class VehicleInfo and nice -99999800
2020-05-23 21:57:37,582 DEBUG - #preProcessEvent at simulation time 62.388,896,195 s with resource class ReceivedV2XMessage and nice -99999100
2020-05-23 21:57:37,587 DEBUG - #preProcessEvent at simulation time 63.000,000,000 s with resource class VehicleInfo and nice -99999800
2020-05-23 21:57:37,592 DEBUG - #preProcessEvent at simulation time 63.253,474,048 s with resource class ReceivedV2XMessage and nice -99999100
2020-05-23 21:57:37,598 DEBUG - #preProcessEvent at simulation time 64.000,000,000 s with resource class VehicleInfo and nice -99999800
2020-05-23 21:57:37,608 DEBUG - #preProcessEvent at simulation time 64.347,373,503 s with resource class ReceivedV2XMessage and nice -99999100
2020-05-23 21:57:37,609 DEBUG - #preProcessEvent at simulation time 64.402,401,398 s with resource class ReceivedV2XMessage and nice -99999100
2020-05-23 21:57:37,613 DEBUG - #preProcessEvent at simulation time 65.000,000,000 s with resource class VehicleInfo and nice -99999800
2020-05-23 21:57:37,619 DEBUG - #preProcessEvent at simulation time 65.251,076,802 s with resource class ReceivedV2XMessage and nice -99999100
2020-05-23 21:57:37,623 DEBUG - #preProcessEvent at simulation time 66.000,000,000 s with resource class VehicleInfo and nice -99999800
2020-05-23 21:57:37,629 DEBUG - #preProcessEvent at simulation time 66.388,725,275 s with resource class ReceivedV2XMessage and nice -99999100
2020-05-23 21:57:37,644 DEBUG - #preProcessEvent at simulation time 67.000,000,000 s with resource class VehicleInfo and nice -99999800
2020-05-23 21:57:37,656 DEBUG - #preProcessEvent at simulation time 68.000,000,000 s with resource class VehicleInfo and nice -99999800
2020-05-23 21:57:37,748 DEBUG - #preProcessEvent at simulation time 68.232,813,015 s with resource class ReceivedV2XMessage and nice -99999100
2020-05-23 21:57:37,752 DEBUG - #preProcessEvent at simulation time 69.000,000,000 s with resource class VehicleInfo and nice -99999800
2020-05-23 21:57:37,760 DEBUG - #preProcessEvent at simulation time 70.000,000,000 s with resource class VehicleInfo and nice -99999800
2020-05-23 21:57:37,769 DEBUG - #preProcessEvent at simulation time 70.399,106,948 s with resource class ReceivedV2XMessage and nice -99999100
2020-05-23 21:57:37,774 DEBUG - #preProcessEvent at simulation time 71.000,000,000 s with resource class VehicleInfo and nice -99999800
2020-05-23 21:57:37,778 DEBUG - #preProcessEvent at simulation time 72.000,000,000 s with resource class VehicleInfo and nice -99999800
2020-05-23 21:57:37,783 DEBUG - #preProcessEvent at simulation time 72.216,524,261 s with resource class ReceivedV2XMessage and nice -99999100
2020-05-23 21:57:37,788 DEBUG - #preProcessEvent at simulation time 73.000,000,000 s with resource class VehicleInfo and nice -99999800
2020-05-23 21:57:37,798 DEBUG - #preProcessEvent at simulation time 74.000,000,000 s with resource class VehicleInfo and nice -99999800
2020-05-23 21:57:37,804 DEBUG - #preProcessEvent at simulation time 74.328,079,763 s with resource class ReceivedV2XMessage and nice -99999100
2020-05-23 21:57:37,810 DEBUG - #preProcessEvent at simulation time 75.000,000,000 s with resource class VehicleInfo and nice -99999800
2020-05-23 21:57:37,814 DEBUG - #preProcessEvent at simulation time 76.000,000,000 s with resource class VehicleInfo and nice -99999800
2020-05-23 21:57:37,818 DEBUG - #preProcessEvent at simulation time 76.272,029,468 s with resource class ReceivedV2XMessage and nice -99999100
2020-05-23 21:57:37,825 DEBUG - #preProcessEvent at simulation time 77.000,000,000 s with resource class VehicleInfo and nice -99999800
2020-05-23 21:57:37,830 DEBUG - #preProcessEvent at simulation time 77.345,499,470 s with resource class ReceivedV2XMessage and nice -99999100
2020-05-23 21:57:37,834 DEBUG - #preProcessEvent at simulation time 78.000,000,000 s with resource class VehicleInfo and nice -99999800
2020-05-23 21:57:37,890 DEBUG - #preProcessEvent at simulation time 78.138,205,662 s with resource class ReceivedV2XMessage and nice -99999100
2020-05-23 21:57:37,904 DEBUG - #preProcessEvent at simulation time 78.296,062,993 s with resource class ReceivedV2XMessage and nice -99999100
2020-05-23 21:57:37,911 DEBUG - #preProcessEvent at simulation time 79.000,000,000 s with resource class VehicleInfo and nice -99999800
2020-05-23 21:57:37,916 DEBUG - #preProcessEvent at simulation time 79.563,767,252 s with resource class ReceivedV2XMessage and nice -99999100
2020-05-23 21:57:37,919 DEBUG - #preProcessEvent at simulation time 80.000,000,000 s with resource class VehicleInfo and nice -99999800
2020-05-23 21:57:37,928 DEBUG - #preProcessEvent at simulation time 80.424,479,850 s with resource class ReceivedV2XMessage and nice -99999100
2020-05-23 21:57:37,934 DEBUG - #preProcessEvent at simulation time 81.000,000,000 s with resource class VehicleInfo and nice -99999800
2020-05-23 21:57:37,939 DEBUG - #preProcessEvent at simulation time 82.000,000,000 s with resource class VehicleInfo and nice -99999800
2020-05-23 21:57:37,945 DEBUG - #preProcessEvent at simulation time 82.235,385,315 s with resource class ReceivedV2XMessage and nice -99999100
2020-05-23 21:57:37,949 DEBUG - #preProcessEvent at simulation time 83.000,000,000 s with resource class VehicleInfo and nice -99999800
2020-05-23 21:57:37,954 DEBUG - #preProcessEvent at simulation time 83.152,871,453 s with resource class ReceivedV2XMessage and nice -99999100
2020-05-23 21:57:37,959 DEBUG - #preProcessEvent at simulation time 84.000,000,000 s with resource class VehicleInfo and nice -99999800
2020-05-23 21:57:37,964 DEBUG - #preProcessEvent at simulation time 84.225,418,502 s with resource class ReceivedV2XMessage and nice -99999100
2020-05-23 21:57:37,964 DEBUG - #preProcessEvent at simulation time 84.248,026,645 s with resource class ReceivedV2XMessage and nice -99999100
2020-05-23 21:57:37,967 DEBUG - #preProcessEvent at simulation time 85.000,000,000 s with resource class VehicleInfo and nice -99999800
2020-05-23 21:57:37,972 DEBUG - #preProcessEvent at simulation time 85.224,596,261 s with resource class ReceivedV2XMessage and nice -99999100
2020-05-23 21:57:37,975 DEBUG - #preProcessEvent at simulation time 86.000,000,000 s with resource class VehicleInfo and nice -99999800
2020-05-23 21:57:37,980 DEBUG - #preProcessEvent at simulation time 86.444,605,071 s with resource class ReceivedV2XMessage and nice -99999100
2020-05-23 21:57:37,982 DEBUG - #preProcessEvent at simulation time 87.000,000,000 s with resource class VehicleInfo and nice -99999800
2020-05-23 21:57:37,986 DEBUG - #preProcessEvent at simulation time 88.000,000,000 s with resource class VehicleInfo and nice -99999800
2020-05-23 21:57:37,992 DEBUG - #preProcessEvent at simulation time 88.434,956,559 s with resource class ReceivedV2XMessage and nice -99999100
2020-05-23 21:57:37,995 DEBUG - #preProcessEvent at simulation time 89.000,000,000 s with resource class VehicleInfo and nice -99999800
2020-05-23 21:57:37,998 DEBUG - #preProcessEvent at simulation time 90.000,000,000 s with resource class VehicleInfo and nice -99999800
2020-05-23 21:57:38,003 DEBUG - #preProcessEvent at simulation time 90.403,070,202 s with resource class ReceivedV2XMessage and nice -99999100
2020-05-23 21:57:38,007 DEBUG - #preProcessEvent at simulation time 91.000,000,000 s with resource class VehicleInfo and nice -99999800
2020-05-23 21:57:38,010 DEBUG - #preProcessEvent at simulation time 92.000,000,000 s with resource class VehicleInfo and nice -99999800
2020-05-23 21:57:38,012 DEBUG - #preProcessEvent at simulation time 92.203,015,984 s with resource class ReceivedV2XMessage and nice -99999100
2020-05-23 21:57:38,014 DEBUG - #preProcessEvent at simulation time 93.000,000,000 s with resource class VehicleInfo and nice -99999800
2020-05-23 21:57:38,017 DEBUG - #preProcessEvent at simulation time 94.000,000,000 s with resource class VehicleInfo and nice -99999800
2020-05-23 21:57:38,021 DEBUG - #preProcessEvent at simulation time 94.414,386,850 s with resource class ReceivedV2XMessage and nice -99999100
2020-05-23 21:57:38,026 DEBUG - #preProcessEvent at simulation time 95.000,000,000 s with resource class VehicleInfo and nice -99999800
2020-05-23 21:57:38,032 DEBUG - #preProcessEvent at simulation time 95.205,537,666 s with resource class ReceivedV2XMessage and nice -99999100
2020-05-23 21:57:38,076 DEBUG - #preProcessEvent at simulation time 96.000,000,000 s with resource class VehicleInfo and nice -99999800
2020-05-23 21:57:38,148 DEBUG - #preProcessEvent at simulation time 96.359,008,864 s with resource class ReceivedV2XMessage and nice -99999100
2020-05-23 21:57:38,149 DEBUG - #preProcessEvent at simulation time 96.377,914,245 s with resource class ReceivedV2XMessage and nice -99999100
2020-05-23 21:57:38,155 DEBUG - #preProcessEvent at simulation time 97.000,000,000 s with resource class VehicleInfo and nice -99999800
2020-05-23 21:57:38,160 DEBUG - #preProcessEvent at simulation time 97.208,128,602 s with resource class ReceivedV2XMessage and nice -99999100
2020-05-23 21:57:38,163 DEBUG - #preProcessEvent at simulation time 98.000,000,000 s with resource class VehicleInfo and nice -99999800
2020-05-23 21:57:38,168 DEBUG - #preProcessEvent at simulation time 98.175,225,894 s with resource class ReceivedV2XMessage and nice -99999100
2020-05-23 21:57:38,172 DEBUG - #preProcessEvent at simulation time 99.000,000,000 s with resource class VehicleInfo and nice -99999800
2020-05-23 21:57:38,175 DEBUG - #preProcessEvent at simulation time 100.000,000,000 s with resource class VehicleInfo and nice -99999800
2020-05-23 21:57:38,180 DEBUG - #preProcessEvent at simulation time 100.358,110,907 s with resource class ReceivedV2XMessage and nice -99999100
2020-05-23 21:57:38,185 DEBUG - #preProcessEvent at simulation time 101.000,000,000 s with resource class VehicleInfo and nice -99999800
2020-05-23 21:57:38,187 DEBUG - #preProcessEvent at simulation time 102.000,000,000 s with resource class VehicleInfo and nice -99999800
2020-05-23 21:57:38,192 DEBUG - #preProcessEvent at simulation time 102.199,183,791 s with resource class ReceivedV2XMessage and nice -99999100
2020-05-23 21:57:38,195 DEBUG - #preProcessEvent at simulation time 103.000,000,000 s with resource class VehicleInfo and nice -99999800
2020-05-23 21:57:38,198 DEBUG - #preProcessEvent at simulation time 104.000,000,000 s with resource class VehicleInfo and nice -99999800
2020-05-23 21:57:38,202 DEBUG - #preProcessEvent at simulation time 104.519,880,239 s with resource class ReceivedV2XMessage and nice -99999100
2020-05-23 21:57:38,203 DEBUG - #preProcessEvent at simulation time 105.000,000,000 s with resource class VehicleInfo and nice -99999800
2020-05-23 21:57:38,208 DEBUG - #preProcessEvent at simulation time 106.000,000,000 s with resource class VehicleInfo and nice -99999800
2020-05-23 21:57:38,210 DEBUG - #preProcessEvent at simulation time 106.212,441,700 s with resource class ReceivedV2XMessage and nice -99999100
2020-05-23 21:57:38,213 DEBUG - #preProcessEvent at simulation time 107.000,000,000 s with resource class VehicleInfo and nice -99999800
2020-05-23 21:57:38,214 DEBUG - #preProcessEvent at simulation time 108.000,000,000 s with resource class VehicleInfo and nice -99999800
2020-05-23 21:57:38,217 DEBUG - #preProcessEvent at simulation time 108.354,472,393 s with resource class ReceivedV2XMessage and nice -99999100
2020-05-23 21:57:38,223 DEBUG - #preProcessEvent at simulation time 109.000,000,000 s with resource class VehicleInfo and nice -99999800
2020-05-23 21:57:38,225 DEBUG - #preProcessEvent at simulation time 110.000,000,000 s with resource class VehicleInfo and nice -99999800
2020-05-23 21:57:38,228 DEBUG - #preProcessEvent at simulation time 110.240,007,041 s with resource class ReceivedV2XMessage and nice -99999100
2020-05-23 21:57:38,229 DEBUG - #preProcessEvent at simulation time 111.000,000,000 s with resource class VehicleInfo and nice -99999800
2020-05-23 21:57:38,230 DEBUG - #preProcessEvent at simulation time 112.000,000,000 s with resource class VehicleInfo and nice -99999800
2020-05-23 21:57:38,281 DEBUG - #preProcessEvent at simulation time 112.290,158,843 s with resource class ReceivedV2XMessage and nice -99999100
2020-05-23 21:57:38,286 DEBUG - #preProcessEvent at simulation time 113.000,000,000 s with resource class VehicleInfo and nice -99999800
2020-05-23 21:57:38,306 DEBUG - #preProcessEvent at simulation time 114.000,000,000 s with resource class VehicleInfo and nice -99999800
2020-05-23 21:57:38,309 DEBUG - #preProcessEvent at simulation time 114.530,074,760 s with resource class ReceivedV2XMessage and nice -99999100
2020-05-23 21:57:38,311 DEBUG - #preProcessEvent at simulation time 115.000,000,000 s with resource class VehicleInfo and nice -99999800
2020-05-23 21:57:38,313 DEBUG - #preProcessEvent at simulation time 116.000,000,000 s with resource class VehicleInfo and nice -99999800
2020-05-23 21:57:38,318 DEBUG - #preProcessEvent at simulation time 116.159,508,402 s with resource class ReceivedV2XMessage and nice -99999100
2020-05-23 21:57:38,319 DEBUG - #preProcessEvent at simulation time 117.000,000,000 s with resource class VehicleInfo and nice -99999800
2020-05-23 21:57:38,321 DEBUG - #preProcessEvent at simulation time 118.000,000,000 s with resource class VehicleInfo and nice -99999800
2020-05-23 21:57:38,325 DEBUG - #preProcessEvent at simulation time 118.301,790,973 s with resource class ReceivedV2XMessage and nice -99999100
2020-05-23 21:57:38,327 DEBUG - #preProcessEvent at simulation time 119.000,000,000 s with resource class VehicleInfo and nice -99999800
2020-05-23 21:57:38,328 DEBUG - #tearDown at simulation time 120.000,000,000 s
