2020-05-23 22:01:50,580 INFO - Initialize application (at simulation time 6.000,000,000 s)
2020-05-23 22:01:50,585 INFO - Activated Cell Module (at simulation time 6.000,000,000 s)
2020-05-23 22:01:50,587 DEBUG - No Sensor/Event detected (at simulation time 6.000,000,000 s)
2020-05-23 22:01:50,598 DEBUG - No Sensor/Event detected (at simulation time 7.000,000,000 s)
2020-05-23 22:01:50,623 DEBUG - No Sensor/Event detected (at simulation time 8.000,000,000 s)
2020-05-23 22:01:50,628 DEBUG - No Sensor/Event detected (at simulation time 9.000,000,000 s)
2020-05-23 22:01:50,644 DEBUG - No Sensor/Event detected (at simulation time 10.000,000,000 s)
2020-05-23 22:01:50,658 DEBUG - No Sensor/Event detected (at simulation time 11.000,000,000 s)
2020-05-23 22:01:50,672 DEBUG - No Sensor/Event detected (at simulation time 12.000,000,000 s)
2020-05-23 22:01:50,680 DEBUG - No Sensor/Event detected (at simulation time 13.000,000,000 s)
2020-05-23 22:01:50,693 DEBUG - No Sensor/Event detected (at simulation time 14.000,000,000 s)
2020-05-23 22:01:50,706 DEBUG - No Sensor/Event detected (at simulation time 15.000,000,000 s)
2020-05-23 22:01:50,726 DEBUG - No Sensor/Event detected (at simulation time 16.000,000,000 s)
2020-05-23 22:01:50,734 DEBUG - No Sensor/Event detected (at simulation time 17.000,000,000 s)
2020-05-23 22:01:50,745 DEBUG - No Sensor/Event detected (at simulation time 18.000,000,000 s)
2020-05-23 22:01:50,759 DEBUG - No Sensor/Event detected (at simulation time 19.000,000,000 s)
2020-05-23 22:01:50,786 DEBUG - No Sensor/Event detected (at simulation time 20.000,000,000 s)
2020-05-23 22:01:50,829 DEBUG - No Sensor/Event detected (at simulation time 21.000,000,000 s)
2020-05-23 22:01:50,849 DEBUG - No Sensor/Event detected (at simulation time 22.000,000,000 s)
2020-05-23 22:01:50,862 DEBUG - No Sensor/Event detected (at simulation time 23.000,000,000 s)
2020-05-23 22:01:50,881 DEBUG - No Sensor/Event detected (at simulation time 24.000,000,000 s)
2020-05-23 22:01:50,908 DEBUG - No Sensor/Event detected (at simulation time 25.000,000,000 s)
2020-05-23 22:01:50,934 DEBUG - No Sensor/Event detected (at simulation time 26.000,000,000 s)
2020-05-23 22:01:51,050 DEBUG - No Sensor/Event detected (at simulation time 27.000,000,000 s)
2020-05-23 22:01:51,070 DEBUG - No Sensor/Event detected (at simulation time 28.000,000,000 s)
2020-05-23 22:01:51,084 DEBUG - No Sensor/Event detected (at simulation time 29.000,000,000 s)
2020-05-23 22:01:51,093 DEBUG - No Sensor/Event detected (at simulation time 30.000,000,000 s)
2020-05-23 22:01:51,111 DEBUG - No Sensor/Event detected (at simulation time 31.000,000,000 s)
2020-05-23 22:01:51,119 DEBUG - No Sensor/Event detected (at simulation time 32.000,000,000 s)
2020-05-23 22:01:51,136 DEBUG - No Sensor/Event detected (at simulation time 33.000,000,000 s)
2020-05-23 22:01:51,207 DEBUG - No Sensor/Event detected (at simulation time 34.000,000,000 s)
2020-05-23 22:01:51,222 DEBUG - No Sensor/Event detected (at simulation time 35.000,000,000 s)
2020-05-23 22:01:51,234 DEBUG - No Sensor/Event detected (at simulation time 36.000,000,000 s)
2020-05-23 22:01:51,245 DEBUG - No Sensor/Event detected (at simulation time 37.000,000,000 s)
2020-05-23 22:01:51,253 DEBUG - No Sensor/Event detected (at simulation time 38.000,000,000 s)
2020-05-23 22:01:51,261 DEBUG - No Sensor/Event detected (at simulation time 39.000,000,000 s)
2020-05-23 22:01:51,268 DEBUG - No Sensor/Event detected (at simulation time 40.000,000,000 s)
2020-05-23 22:01:51,276 DEBUG - No Sensor/Event detected (at simulation time 41.000,000,000 s)
2020-05-23 22:01:51,280 DEBUG - No Sensor/Event detected (at simulation time 42.000,000,000 s)
2020-05-23 22:01:51,286 DEBUG - No Sensor/Event detected (at simulation time 43.000,000,000 s)
2020-05-23 22:01:51,290 DEBUG - No Sensor/Event detected (at simulation time 44.000,000,000 s)
2020-05-23 22:01:51,321 DEBUG - No Sensor/Event detected (at simulation time 45.000,000,000 s)
2020-05-23 22:01:51,325 DEBUG - No Sensor/Event detected (at simulation time 46.000,000,000 s)
2020-05-23 22:01:51,329 DEBUG - No Sensor/Event detected (at simulation time 47.000,000,000 s)
2020-05-23 22:01:51,334 DEBUG - No Sensor/Event detected (at simulation time 48.000,000,000 s)
2020-05-23 22:01:51,340 DEBUG - No Sensor/Event detected (at simulation time 49.000,000,000 s)
2020-05-23 22:01:51,344 INFO - Sensor Ice event detected (at simulation time 50.000,000,000 s)
2020-05-23 22:01:51,344 DEBUG - Position: GeoPoint{lat|lon=[40.811919,-73.961224]} (at simulation time 50.000,000,000 s)
2020-05-23 22:01:51,344 DEBUG - Event strength to: 1 (at simulation time 50.000,000,000 s)
2020-05-23 22:01:51,344 DEBUG - SensorType to: Ice (at simulation time 50.000,000,000 s)
2020-05-23 22:01:51,344 DEBUG - RoadId on which the event take place: 195743140_42421857_1506591534 (at simulation time 50.000,000,000 s)
2020-05-23 22:01:51,345 INFO - Sending DENM (at simulation time 50.000,000,000 s)
2020-05-23 22:01:51,492 INFO - Processing DEN message (at simulation time 50.255,387,414 s)
2020-05-23 22:01:51,492 DEBUG - Handle Environment Warning Message. Processing...
2020-05-23 22:01:51,492 DEBUG - DENM content: Sensor Type: Ice (at simulation time 50.255,387,414 s)
2020-05-23 22:01:51,493 DEBUG - DENM content: Event position: GeoPoint{lat|lon=[40.811919,-73.961224]} (at simulation time 50.255,387,414 s)
2020-05-23 22:01:51,493 DEBUG - DENM content: Event Strength: 1 (at simulation time 50.255,387,414 s)
2020-05-23 22:01:51,493 DEBUG - DENM content: Road Id of the Sender: 195743140_42421857_1506591534 (at simulation time 50.255,387,414 s)
2020-05-23 22:01:51,493 DEBUG - CurrVehicle: position: com.dcaiti.vsimrti.lib.routing.scenariodatabase.road.ScenarioDatabaseRoadPosition@c1135fa0 (at simulation time 50.255,387,414 s)
2020-05-23 22:01:51,493 DEBUG - CurrVehicle: route: 1 (at simulation time 50.255,387,414 s)
2020-05-23 22:01:51,493 INFO - The Event is on the vehicle's route 195743140_42421857_1506591534 = 195743140_42421857_1506591534 (at simulation time 50.255,387,414 s)
2020-05-23 22:01:51,546 INFO - Sending Change Route Command at position: GeoPoint{lat|lon=[40.811919,-73.961224]} (at simulation time 50.255,387,414 s)
2020-05-23 22:01:51,648 INFO - Sensor Ice event detected (at simulation time 51.000,000,000 s)
2020-05-23 22:01:51,648 DEBUG - Position: GeoPoint{lat|lon=[40.811844,-73.961279]} (at simulation time 51.000,000,000 s)
2020-05-23 22:01:51,648 DEBUG - Event strength to: 1 (at simulation time 51.000,000,000 s)
2020-05-23 22:01:51,648 DEBUG - SensorType to: Ice (at simulation time 51.000,000,000 s)
2020-05-23 22:01:51,648 DEBUG - RoadId on which the event take place: 195743140_42421857_1506591534 (at simulation time 51.000,000,000 s)
2020-05-23 22:01:51,648 INFO - Sending DENM (at simulation time 51.000,000,000 s)
2020-05-23 22:01:51,653 INFO - Processing DEN message (at simulation time 51.191,101,100 s)
2020-05-23 22:01:51,653 DEBUG - Handle Environment Warning Message. Processing...
2020-05-23 22:01:51,653 INFO - Route already changed (at simulation time 51.191,101,100 s)
2020-05-23 22:01:51,659 INFO - Sensor Ice event detected (at simulation time 52.000,000,000 s)
2020-05-23 22:01:51,659 DEBUG - Position: GeoPoint{lat|lon=[40.811774,-73.961330]} (at simulation time 52.000,000,000 s)
2020-05-23 22:01:51,659 DEBUG - Event strength to: 1 (at simulation time 52.000,000,000 s)
2020-05-23 22:01:51,659 DEBUG - SensorType to: Ice (at simulation time 52.000,000,000 s)
2020-05-23 22:01:51,659 DEBUG - RoadId on which the event take place: 195743140_1506591534_42428844 (at simulation time 52.000,000,000 s)
2020-05-23 22:01:51,660 INFO - Sending DENM (at simulation time 52.000,000,000 s)
2020-05-23 22:01:51,668 INFO - Processing DEN message (at simulation time 52.351,037,983 s)
2020-05-23 22:01:51,668 DEBUG - Handle Environment Warning Message. Processing...
2020-05-23 22:01:51,669 INFO - Route already changed (at simulation time 52.351,037,983 s)
2020-05-23 22:01:51,673 INFO - Sensor Ice event detected (at simulation time 53.000,000,000 s)
2020-05-23 22:01:51,673 DEBUG - Position: GeoPoint{lat|lon=[40.811707,-73.961379]} (at simulation time 53.000,000,000 s)
2020-05-23 22:01:51,674 DEBUG - Event strength to: 1 (at simulation time 53.000,000,000 s)
2020-05-23 22:01:51,674 DEBUG - SensorType to: Ice (at simulation time 53.000,000,000 s)
2020-05-23 22:01:51,674 DEBUG - RoadId on which the event take place: 195743140_1506591534_42428844 (at simulation time 53.000,000,000 s)
2020-05-23 22:01:51,674 INFO - Sending DENM (at simulation time 53.000,000,000 s)
2020-05-23 22:01:51,680 INFO - Processing DEN message (at simulation time 53.303,811,170 s)
2020-05-23 22:01:51,680 DEBUG - Handle Environment Warning Message. Processing...
2020-05-23 22:01:51,681 INFO - Route already changed (at simulation time 53.303,811,170 s)
2020-05-23 22:01:51,685 DEBUG - No Sensor/Event detected (at simulation time 54.000,000,000 s)
2020-05-23 22:01:51,692 DEBUG - No Sensor/Event detected (at simulation time 55.000,000,000 s)
2020-05-23 22:01:51,699 DEBUG - No Sensor/Event detected (at simulation time 56.000,000,000 s)
2020-05-23 22:01:51,713 DEBUG - No Sensor/Event detected (at simulation time 57.000,000,000 s)
2020-05-23 22:01:51,718 DEBUG - No Sensor/Event detected (at simulation time 58.000,000,000 s)
2020-05-23 22:01:51,724 DEBUG - No Sensor/Event detected (at simulation time 59.000,000,000 s)
2020-05-23 22:01:51,728 DEBUG - No Sensor/Event detected (at simulation time 60.000,000,000 s)
2020-05-23 22:01:51,735 DEBUG - No Sensor/Event detected (at simulation time 61.000,000,000 s)
2020-05-23 22:01:51,739 DEBUG - No Sensor/Event detected (at simulation time 62.000,000,000 s)
2020-05-23 22:01:51,744 DEBUG - No Sensor/Event detected (at simulation time 63.000,000,000 s)
2020-05-23 22:01:51,752 INFO - Processing DEN message (at simulation time 63.170,910,050 s)
2020-05-23 22:01:51,752 DEBUG - Handle Environment Warning Message. Processing...
2020-05-23 22:01:51,752 INFO - Route already changed (at simulation time 63.170,910,050 s)
2020-05-23 22:01:51,773 DEBUG - No Sensor/Event detected (at simulation time 64.000,000,000 s)
2020-05-23 22:01:51,854 INFO - Processing DEN message (at simulation time 64.283,819,660 s)
2020-05-23 22:01:51,854 DEBUG - Handle Environment Warning Message. Processing...
2020-05-23 22:01:51,854 INFO - Route already changed (at simulation time 64.283,819,660 s)
2020-05-23 22:01:51,861 DEBUG - No Sensor/Event detected (at simulation time 65.000,000,000 s)
2020-05-23 22:01:51,873 INFO - Processing DEN message (at simulation time 65.275,116,523 s)
2020-05-23 22:01:51,873 DEBUG - Handle Environment Warning Message. Processing...
2020-05-23 22:01:51,873 INFO - Route already changed (at simulation time 65.275,116,523 s)
2020-05-23 22:01:51,877 DEBUG - No Sensor/Event detected (at simulation time 66.000,000,000 s)
2020-05-23 22:01:51,890 DEBUG - No Sensor/Event detected (at simulation time 67.000,000,000 s)
2020-05-23 22:01:51,894 DEBUG - No Sensor/Event detected (at simulation time 68.000,000,000 s)
2020-05-23 22:01:51,904 DEBUG - No Sensor/Event detected (at simulation time 69.000,000,000 s)
2020-05-23 22:01:51,907 DEBUG - No Sensor/Event detected (at simulation time 70.000,000,000 s)
2020-05-23 22:01:51,916 DEBUG - No Sensor/Event detected (at simulation time 71.000,000,000 s)
2020-05-23 22:01:51,920 DEBUG - No Sensor/Event detected (at simulation time 72.000,000,000 s)
2020-05-23 22:01:51,925 DEBUG - No Sensor/Event detected (at simulation time 73.000,000,000 s)
2020-05-23 22:01:51,928 DEBUG - No Sensor/Event detected (at simulation time 74.000,000,000 s)
2020-05-23 22:01:51,934 DEBUG - No Sensor/Event detected (at simulation time 75.000,000,000 s)
2020-05-23 22:01:51,942 INFO - Shutdown application (at simulation time 76.000,000,000 s)
