2020-05-23 22:01:50,575 WARN - Could not check operating system of Application. Skipping check.
2020-05-23 22:01:50,578 DEBUG - Successfully instantiated the class com.columbia.vsimrti.applications.lasalle.vehicle.LasalleWeatherWarningAppCell
2020-05-23 22:01:50,579 DEBUG - Successfully instantiated the class com.columbia.vsimrti.applications.lasalle.vehicle.LasalleSlowDownApp
2020-05-23 22:01:50,579 DEBUG - #tearUp at simulation time 6.000,000,000 s
2020-05-23 22:01:50,585 DEBUG - #preProcessEvent at simulation time 6.000,000,000 s with resource class VehicleInfo and nice -99999900
2020-05-23 22:01:50,597 DEBUG - #preProcessEvent at simulation time 7.000,000,000 s with resource class VehicleInfo and nice -99999800
2020-05-23 22:01:50,622 DEBUG - #preProcessEvent at simulation time 8.000,000,000 s with resource class VehicleInfo and nice -99999800
2020-05-23 22:01:50,628 DEBUG - #preProcessEvent at simulation time 9.000,000,000 s with resource class VehicleInfo and nice -99999800
2020-05-23 22:01:50,644 DEBUG - #preProcessEvent at simulation time 10.000,000,000 s with resource class VehicleInfo and nice -99999800
2020-05-23 22:01:50,658 DEBUG - #preProcessEvent at simulation time 11.000,000,000 s with resource class VehicleInfo and nice -99999800
2020-05-23 22:01:50,672 DEBUG - #preProcessEvent at simulation time 12.000,000,000 s with resource class VehicleInfo and nice -99999800
2020-05-23 22:01:50,680 DEBUG - #preProcessEvent at simulation time 13.000,000,000 s with resource class VehicleInfo and nice -99999800
2020-05-23 22:01:50,693 DEBUG - #preProcessEvent at simulation time 14.000,000,000 s with resource class VehicleInfo and nice -99999800
2020-05-23 22:01:50,706 DEBUG - #preProcessEvent at simulation time 15.000,000,000 s with resource class VehicleInfo and nice -99999800
2020-05-23 22:01:50,726 DEBUG - #preProcessEvent at simulation time 16.000,000,000 s with resource class VehicleInfo and nice -99999800
2020-05-23 22:01:50,734 DEBUG - #preProcessEvent at simulation time 17.000,000,000 s with resource class VehicleInfo and nice -99999800
2020-05-23 22:01:50,745 DEBUG - #preProcessEvent at simulation time 18.000,000,000 s with resource class VehicleInfo and nice -99999800
2020-05-23 22:01:50,759 DEBUG - #preProcessEvent at simulation time 19.000,000,000 s with resource class VehicleInfo and nice -99999800
2020-05-23 22:01:50,786 DEBUG - #preProcessEvent at simulation time 20.000,000,000 s with resource class VehicleInfo and nice -99999800
2020-05-23 22:01:50,829 DEBUG - #preProcessEvent at simulation time 21.000,000,000 s with resource class VehicleInfo and nice -99999800
2020-05-23 22:01:50,849 DEBUG - #preProcessEvent at simulation time 22.000,000,000 s with resource class VehicleInfo and nice -99999800
2020-05-23 22:01:50,862 DEBUG - #preProcessEvent at simulation time 23.000,000,000 s with resource class VehicleInfo and nice -99999800
2020-05-23 22:01:50,881 DEBUG - #preProcessEvent at simulation time 24.000,000,000 s with resource class VehicleInfo and nice -99999800
2020-05-23 22:01:50,908 DEBUG - #preProcessEvent at simulation time 25.000,000,000 s with resource class VehicleInfo and nice -99999800
2020-05-23 22:01:50,934 DEBUG - #preProcessEvent at simulation time 26.000,000,000 s with resource class VehicleInfo and nice -99999800
2020-05-23 22:01:51,050 DEBUG - #preProcessEvent at simulation time 27.000,000,000 s with resource class VehicleInfo and nice -99999800
2020-05-23 22:01:51,070 DEBUG - #preProcessEvent at simulation time 28.000,000,000 s with resource class VehicleInfo and nice -99999800
2020-05-23 22:01:51,084 DEBUG - #preProcessEvent at simulation time 29.000,000,000 s with resource class VehicleInfo and nice -99999800
2020-05-23 22:01:51,093 DEBUG - #preProcessEvent at simulation time 30.000,000,000 s with resource class VehicleInfo and nice -99999800
2020-05-23 22:01:51,111 DEBUG - #preProcessEvent at simulation time 31.000,000,000 s with resource class VehicleInfo and nice -99999800
2020-05-23 22:01:51,119 DEBUG - #preProcessEvent at simulation time 32.000,000,000 s with resource class VehicleInfo and nice -99999800
2020-05-23 22:01:51,135 DEBUG - #preProcessEvent at simulation time 33.000,000,000 s with resource class VehicleInfo and nice -99999800
2020-05-23 22:01:51,207 DEBUG - #preProcessEvent at simulation time 34.000,000,000 s with resource class VehicleInfo and nice -99999800
2020-05-23 22:01:51,222 DEBUG - #preProcessEvent at simulation time 35.000,000,000 s with resource class VehicleInfo and nice -99999800
2020-05-23 22:01:51,234 DEBUG - #preProcessEvent at simulation time 36.000,000,000 s with resource class VehicleInfo and nice -99999800
2020-05-23 22:01:51,245 DEBUG - #preProcessEvent at simulation time 37.000,000,000 s with resource class VehicleInfo and nice -99999800
2020-05-23 22:01:51,253 DEBUG - #preProcessEvent at simulation time 38.000,000,000 s with resource class VehicleInfo and nice -99999800
2020-05-23 22:01:51,261 DEBUG - #preProcessEvent at simulation time 39.000,000,000 s with resource class VehicleInfo and nice -99999800
2020-05-23 22:01:51,268 DEBUG - #preProcessEvent at simulation time 40.000,000,000 s with resource class VehicleInfo and nice -99999800
2020-05-23 22:01:51,276 DEBUG - #preProcessEvent at simulation time 41.000,000,000 s with resource class VehicleInfo and nice -99999800
2020-05-23 22:01:51,280 DEBUG - #preProcessEvent at simulation time 42.000,000,000 s with resource class VehicleInfo and nice -99999800
2020-05-23 22:01:51,286 DEBUG - #preProcessEvent at simulation time 43.000,000,000 s with resource class VehicleInfo and nice -99999800
2020-05-23 22:01:51,290 DEBUG - #preProcessEvent at simulation time 44.000,000,000 s with resource class VehicleInfo and nice -99999800
2020-05-23 22:01:51,321 DEBUG - #preProcessEvent at simulation time 45.000,000,000 s with resource class VehicleInfo and nice -99999800
2020-05-23 22:01:51,325 DEBUG - #preProcessEvent at simulation time 46.000,000,000 s with resource class VehicleInfo and nice -99999800
2020-05-23 22:01:51,329 DEBUG - #preProcessEvent at simulation time 47.000,000,000 s with resource class VehicleInfo and nice -99999800
2020-05-23 22:01:51,334 DEBUG - #preProcessEvent at simulation time 48.000,000,000 s with resource class VehicleInfo and nice -99999800
2020-05-23 22:01:51,340 DEBUG - #preProcessEvent at simulation time 49.000,000,000 s with resource class VehicleInfo and nice -99999800
2020-05-23 22:01:51,344 DEBUG - #preProcessEvent at simulation time 50.000,000,000 s with resource class VehicleInfo and nice -99999800
2020-05-23 22:01:51,492 DEBUG - #preProcessEvent at simulation time 50.255,387,414 s with resource class ReceivedV2XMessage and nice -99999100
2020-05-23 22:01:51,494 DEBUG - NavigationModule#calculateRoutes: Calculate routes to [RoutingPosition [position=GeoPoint{lat|lon=[40.810505,-73.961977]}, connectionID=null, nodeID=null, heading=null]] with params [RoutingParameters [numAlternativeRoutes=0, routingCostFunction=com.dcaiti.vsimrti.lib.routing.util.ReRouteSpecificConnectionsCostFunction@6a96d639, considerTurnCosts=false]]
2020-05-23 22:01:51,546 DEBUG - NavigationModule#switchRoute: Initiated route switch to [42428850,6886295091,1506591534,42428844,1506591536,1504153604]
2020-05-23 22:01:51,546 INFO - NavigationModule#switchRoute: Stay on route 1
2020-05-23 22:01:51,648 DEBUG - #preProcessEvent at simulation time 51.000,000,000 s with resource class VehicleInfo and nice -99999800
2020-05-23 22:01:51,653 DEBUG - #preProcessEvent at simulation time 51.191,101,100 s with resource class ReceivedV2XMessage and nice -99999100
2020-05-23 22:01:51,659 DEBUG - #preProcessEvent at simulation time 52.000,000,000 s with resource class VehicleInfo and nice -99999800
2020-05-23 22:01:51,668 DEBUG - #preProcessEvent at simulation time 52.351,037,983 s with resource class ReceivedV2XMessage and nice -99999100
2020-05-23 22:01:51,673 DEBUG - #preProcessEvent at simulation time 53.000,000,000 s with resource class VehicleInfo and nice -99999800
2020-05-23 22:01:51,680 DEBUG - #preProcessEvent at simulation time 53.303,811,170 s with resource class ReceivedV2XMessage and nice -99999100
2020-05-23 22:01:51,685 DEBUG - #preProcessEvent at simulation time 54.000,000,000 s with resource class VehicleInfo and nice -99999800
2020-05-23 22:01:51,692 DEBUG - #preProcessEvent at simulation time 55.000,000,000 s with resource class VehicleInfo and nice -99999800
2020-05-23 22:01:51,699 DEBUG - #preProcessEvent at simulation time 56.000,000,000 s with resource class VehicleInfo and nice -99999800
2020-05-23 22:01:51,713 DEBUG - #preProcessEvent at simulation time 57.000,000,000 s with resource class VehicleInfo and nice -99999800
2020-05-23 22:01:51,718 DEBUG - #preProcessEvent at simulation time 58.000,000,000 s with resource class VehicleInfo and nice -99999800
2020-05-23 22:01:51,724 DEBUG - #preProcessEvent at simulation time 59.000,000,000 s with resource class VehicleInfo and nice -99999800
2020-05-23 22:01:51,728 DEBUG - #preProcessEvent at simulation time 60.000,000,000 s with resource class VehicleInfo and nice -99999800
2020-05-23 22:01:51,735 DEBUG - #preProcessEvent at simulation time 61.000,000,000 s with resource class VehicleInfo and nice -99999800
2020-05-23 22:01:51,739 DEBUG - #preProcessEvent at simulation time 62.000,000,000 s with resource class VehicleInfo and nice -99999800
2020-05-23 22:01:51,744 DEBUG - #preProcessEvent at simulation time 63.000,000,000 s with resource class VehicleInfo and nice -99999800
2020-05-23 22:01:51,752 DEBUG - #preProcessEvent at simulation time 63.170,910,050 s with resource class ReceivedV2XMessage and nice -99999100
2020-05-23 22:01:51,773 DEBUG - #preProcessEvent at simulation time 64.000,000,000 s with resource class VehicleInfo and nice -99999800
2020-05-23 22:01:51,854 DEBUG - #preProcessEvent at simulation time 64.283,819,660 s with resource class ReceivedV2XMessage and nice -99999100
2020-05-23 22:01:51,861 DEBUG - #preProcessEvent at simulation time 65.000,000,000 s with resource class VehicleInfo and nice -99999800
2020-05-23 22:01:51,873 DEBUG - #preProcessEvent at simulation time 65.275,116,523 s with resource class ReceivedV2XMessage and nice -99999100
2020-05-23 22:01:51,877 DEBUG - #preProcessEvent at simulation time 66.000,000,000 s with resource class VehicleInfo and nice -99999800
2020-05-23 22:01:51,890 DEBUG - #preProcessEvent at simulation time 67.000,000,000 s with resource class VehicleInfo and nice -99999800
2020-05-23 22:01:51,894 DEBUG - #preProcessEvent at simulation time 68.000,000,000 s with resource class VehicleInfo and nice -99999800
2020-05-23 22:01:51,904 DEBUG - #preProcessEvent at simulation time 69.000,000,000 s with resource class VehicleInfo and nice -99999800
2020-05-23 22:01:51,907 DEBUG - #preProcessEvent at simulation time 70.000,000,000 s with resource class VehicleInfo and nice -99999800
2020-05-23 22:01:51,916 DEBUG - #preProcessEvent at simulation time 71.000,000,000 s with resource class VehicleInfo and nice -99999800
2020-05-23 22:01:51,920 DEBUG - #preProcessEvent at simulation time 72.000,000,000 s with resource class VehicleInfo and nice -99999800
2020-05-23 22:01:51,925 DEBUG - #preProcessEvent at simulation time 73.000,000,000 s with resource class VehicleInfo and nice -99999800
2020-05-23 22:01:51,928 DEBUG - #preProcessEvent at simulation time 74.000,000,000 s with resource class VehicleInfo and nice -99999800
2020-05-23 22:01:51,934 DEBUG - #preProcessEvent at simulation time 75.000,000,000 s with resource class VehicleInfo and nice -99999800
2020-05-23 22:01:51,942 DEBUG - #tearDown at simulation time 76.000,000,000 s
