2020-05-23 21:57:24,581 INFO  EventserverAmbassador - File found, read successfully.
The following object was created (This is the created, internal JSON data object and might differ from the initial JSON-String read).
The normal string representation.
{"events":[{"type":"Obstacle","rectangle":{"a":{"longitude":13.325493335723877,"latitude":52.51456075310111},"b":{"longitude":13.337509632110596,"latitude":52.511596424357414}},"strength":1,"time":{"start":0,"end":60}},{"type":"Ice","rectangle":{"a":{"longitude":-73.961358,"latitude":40.812033},"b":{"longitude":-73.961219,"latitude":40.811278}},"strength":1,"time":{"start":0,"end":1220}}],"parkingLots":[]}
The pretty string representation.
{
  "events": [
    {
      "type": "Obstacle",
      "rectangle": {
        "a": {
          "longitude": 13.325493335723877,
          "latitude": 52.51456075310111
        },
        "b": {
          "longitude": 13.337509632110596,
          "latitude": 52.511596424357414
        }
      },
      "strength": 1,
      "time": {
        "start": 0,
        "end": 60
      }
    },
    {
      "type": "Ice",
      "rectangle": {
        "a": {
          "longitude": -73.961358,
          "latitude": 40.812033
        },
        "b": {
          "longitude": -73.961219,
          "latitude": 40.811278
        }
      },
      "strength": 1,
      "time": {
        "start": 0,
        "end": 1220
      }
    }
  ],
  "parkingLots": []
}
2020-05-23 21:57:35,691 INFO  EventserverAmbassador - Registered for sensor information: id=rsu_0 at time 0.000,000,000 s
2020-05-23 21:57:35,692 INFO  EventserverAmbassador - Registered for sensor information: id=rsu_1 at time 0.000,000,000 s
2020-05-23 21:57:35,868 INFO  EventserverAmbassador - Registered for sensor information: id=veh_0 at time 6.000,000,000 s
2020-05-23 21:57:35,968 INFO  EventserverAmbassador - Registered for sensor information: id=veh_1 at time 8.000,000,000 s
2020-05-23 21:57:36,007 INFO  EventserverAmbassador - Registered for sensor information: id=veh_2 at time 10.000,000,000 s
2020-05-23 21:57:36,167 INFO  EventserverAmbassador - Registered for sensor information: id=veh_3 at time 12.000,000,000 s
2020-05-23 21:57:36,310 INFO  EventserverAmbassador - Registered for sensor information: id=veh_4 at time 14.000,000,000 s
2020-05-23 21:57:36,496 INFO  EventserverAmbassador - Registered for sensor information: id=veh_5 at time 16.000,000,000 s
2020-05-23 21:57:36,552 INFO  EventserverAmbassador - Registered for sensor information: id=veh_6 at time 18.000,000,000 s
2020-05-23 21:57:36,603 INFO  EventserverAmbassador - Registered for sensor information: id=veh_7 at time 20.000,000,000 s
2020-05-23 21:57:37,318 INFO  EventserverAmbassador - SimTime 50000000000: Emitted sensor data to 1 vehicles
2020-05-23 21:57:37,352 INFO  EventserverAmbassador - SimTime 51000000000: Emitted sensor data to 1 vehicles
2020-05-23 21:57:37,362 INFO  EventserverAmbassador - SimTime 52000000000: Emitted sensor data to 1 vehicles
2020-05-23 21:57:37,414 INFO  EventserverAmbassador - SimTime 56000000000: Emitted sensor data to 1 vehicles
2020-05-23 21:57:37,519 INFO  EventserverAmbassador - SimTime 57000000000: Emitted sensor data to 1 vehicles
2020-05-23 21:57:37,530 INFO  EventserverAmbassador - SimTime 58000000000: Emitted sensor data to 1 vehicles
2020-05-23 21:57:37,585 INFO  EventserverAmbassador - SimTime 63000000000: Emitted sensor data to 1 vehicles
2020-05-23 21:57:37,595 INFO  EventserverAmbassador - SimTime 64000000000: Emitted sensor data to 1 vehicles
2020-05-23 21:57:37,751 INFO  EventserverAmbassador - SimTime 69000000000: Emitted sensor data to 1 vehicles
2020-05-23 21:57:37,759 INFO  EventserverAmbassador - SimTime 70000000000: Emitted sensor data to 1 vehicles
2020-05-23 21:57:37,772 INFO  EventserverAmbassador - SimTime 71000000000: Emitted sensor data to 1 vehicles
2020-05-23 21:57:37,824 INFO  EventserverAmbassador - SimTime 77000000000: Emitted sensor data to 1 vehicles
2020-05-23 21:57:37,833 INFO  EventserverAmbassador - SimTime 78000000000: Emitted sensor data to 1 vehicles
2020-05-23 21:57:37,948 INFO  EventserverAmbassador - SimTime 83000000000: Emitted sensor data to 1 vehicles
2020-05-23 21:57:37,958 INFO  EventserverAmbassador - SimTime 84000000000: Emitted sensor data to 1 vehicles
2020-05-23 21:57:37,986 INFO  EventserverAmbassador - SimTime 88000000000: Emitted sensor data to 1 vehicles
2020-05-23 21:57:37,994 INFO  EventserverAmbassador - SimTime 89000000000: Emitted sensor data to 1 vehicles
2020-05-23 21:57:37,998 INFO  EventserverAmbassador - SimTime 90000000000: Emitted sensor data to 1 vehicles
2020-05-23 21:57:38,024 INFO  EventserverAmbassador - SimTime 95000000000: Emitted sensor data to 1 vehicles
2020-05-23 21:57:38,051 INFO  EventserverAmbassador - SimTime 96000000000: Emitted sensor data to 1 vehicles
