2020-05-23 22:01:50,742 INFO - Initialize application (at simulation time 18.000,000,000 s)
2020-05-23 22:01:50,743 INFO - Activated AdHoc Module (at simulation time 18.000,000,000 s)
2020-05-23 22:01:50,746 INFO - Received event: 18000 (at simulation time IntraVehicleMsg)
2020-05-23 22:01:50,760 INFO - Received event: 19000 (at simulation time IntraVehicleMsg)
2020-05-23 22:01:50,806 INFO - Received event: 20000 (at simulation time IntraVehicleMsg)
2020-05-23 22:01:50,807 INFO - Received V2X Message from rsu_0 (at simulation time 20.002,400,000 s)
2020-05-23 22:01:50,830 INFO - Received event: 21000 (at simulation time IntraVehicleMsg)
2020-05-23 22:01:50,851 INFO - Received event: 22000 (at simulation time IntraVehicleMsg)
2020-05-23 22:01:50,851 INFO - Received V2X Message from rsu_0 (at simulation time 22.000,400,000 s)
2020-05-23 22:01:50,869 INFO - Received event: 23000 (at simulation time IntraVehicleMsg)
2020-05-23 22:01:50,888 INFO - Received event: 24000 (at simulation time IntraVehicleMsg)
2020-05-23 22:01:50,889 INFO - Received V2X Message from rsu_0 (at simulation time 24.000,400,000 s)
2020-05-23 22:01:50,918 INFO - Received event: 25000 (at simulation time IntraVehicleMsg)
2020-05-23 22:01:50,940 INFO - Received event: 26000 (at simulation time IntraVehicleMsg)
2020-05-23 22:01:50,940 INFO - Received V2X Message from rsu_0 (at simulation time 26.000,400,000 s)
2020-05-23 22:01:51,057 INFO - Received event: 27000 (at simulation time IntraVehicleMsg)
2020-05-23 22:01:51,073 INFO - Received event: 28000 (at simulation time IntraVehicleMsg)
2020-05-23 22:01:51,074 INFO - Received V2X Message from rsu_0 (at simulation time 28.001,900,000 s)
2020-05-23 22:01:51,086 INFO - Received event: 29000 (at simulation time IntraVehicleMsg)
2020-05-23 22:01:51,105 INFO - Received event: 30000 (at simulation time IntraVehicleMsg)
2020-05-23 22:01:51,106 INFO - Received V2X Message from rsu_0 (at simulation time 30.000,400,000 s)
2020-05-23 22:01:51,113 INFO - Received event: 31000 (at simulation time IntraVehicleMsg)
2020-05-23 22:01:51,121 INFO - Received event: 32000 (at simulation time IntraVehicleMsg)
2020-05-23 22:01:51,122 INFO - Received V2X Message from rsu_0 (at simulation time 32.000,400,000 s)
2020-05-23 22:01:51,140 INFO - Received event: 33000 (at simulation time IntraVehicleMsg)
2020-05-23 22:01:51,218 INFO - Received event: 34000 (at simulation time IntraVehicleMsg)
2020-05-23 22:01:51,218 INFO - Received V2X Message from rsu_0 (at simulation time 34.000,400,000 s)
2020-05-23 22:01:51,226 INFO - Received event: 35000 (at simulation time IntraVehicleMsg)
2020-05-23 22:01:51,239 INFO - Received event: 36000 (at simulation time IntraVehicleMsg)
2020-05-23 22:01:51,239 INFO - Received V2X Message from rsu_0 (at simulation time 36.001,400,000 s)
2020-05-23 22:01:51,248 INFO - Received event: 37000 (at simulation time IntraVehicleMsg)
2020-05-23 22:01:51,255 INFO - Received event: 38000 (at simulation time IntraVehicleMsg)
2020-05-23 22:01:51,256 INFO - Received V2X Message from rsu_0 (at simulation time 38.000,400,000 s)
2020-05-23 22:01:51,262 INFO - Received event: 39000 (at simulation time IntraVehicleMsg)
2020-05-23 22:01:51,272 INFO - Received event: 40000 (at simulation time IntraVehicleMsg)
2020-05-23 22:01:51,273 INFO - Received V2X Message from rsu_0 (at simulation time 40.001,400,000 s)
2020-05-23 22:01:51,277 INFO - Received event: 41000 (at simulation time IntraVehicleMsg)
2020-05-23 22:01:51,282 INFO - Received event: 42000 (at simulation time IntraVehicleMsg)
2020-05-23 22:01:51,282 INFO - Received V2X Message from rsu_0 (at simulation time 42.001,400,000 s)
2020-05-23 22:01:51,288 INFO - Received event: 43000 (at simulation time IntraVehicleMsg)
2020-05-23 22:01:51,313 INFO - Received event: 44000 (at simulation time IntraVehicleMsg)
2020-05-23 22:01:51,317 INFO - Received V2X Message from rsu_0 (at simulation time 44.001,900,000 s)
2020-05-23 22:01:51,322 INFO - Received event: 45000 (at simulation time IntraVehicleMsg)
2020-05-23 22:01:51,326 INFO - Received event: 46000 (at simulation time IntraVehicleMsg)
2020-05-23 22:01:51,326 INFO - Received V2X Message from rsu_0 (at simulation time 46.002,400,000 s)
2020-05-23 22:01:51,330 INFO - Received event: 47000 (at simulation time IntraVehicleMsg)
2020-05-23 22:01:51,336 INFO - Received event: 48000 (at simulation time IntraVehicleMsg)
2020-05-23 22:01:51,336 INFO - Received V2X Message from rsu_0 (at simulation time 48.001,900,000 s)
2020-05-23 22:01:51,341 INFO - Received event: 49000 (at simulation time IntraVehicleMsg)
2020-05-23 22:01:51,449 INFO - Received event: 50000 (at simulation time IntraVehicleMsg)
2020-05-23 22:01:51,449 INFO - Received V2X Message from rsu_0 (at simulation time 50.001,400,000 s)
2020-05-23 22:01:51,650 INFO - Received event: 51000 (at simulation time IntraVehicleMsg)
2020-05-23 22:01:51,662 INFO - Received event: 52000 (at simulation time IntraVehicleMsg)
2020-05-23 22:01:51,662 INFO - Received V2X Message from rsu_0 (at simulation time 52.001,900,000 s)
2020-05-23 22:01:51,676 INFO - Received event: 53000 (at simulation time IntraVehicleMsg)
2020-05-23 22:01:51,688 INFO - Received event: 54000 (at simulation time IntraVehicleMsg)
2020-05-23 22:01:51,688 INFO - Received V2X Message from rsu_0 (at simulation time 54.001,900,000 s)
2020-05-23 22:01:51,695 INFO - Received event: 55000 (at simulation time IntraVehicleMsg)
2020-05-23 22:01:51,703 INFO - Received event: 56000 (at simulation time IntraVehicleMsg)
2020-05-23 22:01:51,704 INFO - Received V2X Message from rsu_0 (at simulation time 56.000,900,000 s)
2020-05-23 22:01:51,715 INFO - Received event: 57000 (at simulation time IntraVehicleMsg)
2020-05-23 22:01:51,720 INFO - Received event: 58000 (at simulation time IntraVehicleMsg)
2020-05-23 22:01:51,721 INFO - Received V2X Message from rsu_0 (at simulation time 58.002,400,000 s)
2020-05-23 22:01:51,725 INFO - Received event: 59000 (at simulation time IntraVehicleMsg)
2020-05-23 22:01:51,732 INFO - Received event: 60000 (at simulation time IntraVehicleMsg)
2020-05-23 22:01:51,733 INFO - Received V2X Message from rsu_0 (at simulation time 60.002,400,000 s)
2020-05-23 22:01:51,736 INFO - Received event: 61000 (at simulation time IntraVehicleMsg)
2020-05-23 22:01:51,740 INFO - Received event: 62000 (at simulation time IntraVehicleMsg)
2020-05-23 22:01:51,741 INFO - Received V2X Message from rsu_0 (at simulation time 62.000,400,000 s)
2020-05-23 22:01:51,745 INFO - Received event: 63000 (at simulation time IntraVehicleMsg)
2020-05-23 22:01:51,848 INFO - Received event: 64000 (at simulation time IntraVehicleMsg)
2020-05-23 22:01:51,849 INFO - Received V2X Message from rsu_0 (at simulation time 64.000,400,000 s)
2020-05-23 22:01:51,866 INFO - Received event: 65000 (at simulation time IntraVehicleMsg)
2020-05-23 22:01:51,885 INFO - Received event: 66000 (at simulation time IntraVehicleMsg)
2020-05-23 22:01:51,885 INFO - Received V2X Message from rsu_0 (at simulation time 66.001,400,000 s)
2020-05-23 22:01:51,891 INFO - Received event: 67000 (at simulation time IntraVehicleMsg)
2020-05-23 22:01:51,898 INFO - Received event: 68000 (at simulation time IntraVehicleMsg)
2020-05-23 22:01:51,899 INFO - Received V2X Message from rsu_0 (at simulation time 68.001,400,000 s)
2020-05-23 22:01:51,904 INFO - Received event: 69000 (at simulation time IntraVehicleMsg)
2020-05-23 22:01:51,911 INFO - Received event: 70000 (at simulation time IntraVehicleMsg)
2020-05-23 22:01:51,911 INFO - Received V2X Message from rsu_0 (at simulation time 70.000,400,000 s)
2020-05-23 22:01:51,916 INFO - Received event: 71000 (at simulation time IntraVehicleMsg)
2020-05-23 22:01:51,922 INFO - Received event: 72000 (at simulation time IntraVehicleMsg)
2020-05-23 22:01:51,922 INFO - Received V2X Message from rsu_0 (at simulation time 72.001,400,000 s)
2020-05-23 22:01:51,925 INFO - Received event: 73000 (at simulation time IntraVehicleMsg)
2020-05-23 22:01:51,930 INFO - Received event: 74000 (at simulation time IntraVehicleMsg)
2020-05-23 22:01:51,930 INFO - Received V2X Message from rsu_0 (at simulation time 74.001,400,000 s)
2020-05-23 22:01:51,936 INFO - Received event: 75000 (at simulation time IntraVehicleMsg)
2020-05-23 22:01:51,944 INFO - Received event: 76000 (at simulation time IntraVehicleMsg)
2020-05-23 22:01:51,944 INFO - Received V2X Message from rsu_0 (at simulation time 76.001,900,000 s)
2020-05-23 22:01:52,011 INFO - Received event: 77000 (at simulation time IntraVehicleMsg)
2020-05-23 22:01:52,026 INFO - Received event: 78000 (at simulation time IntraVehicleMsg)
2020-05-23 22:01:52,026 INFO - Received V2X Message from rsu_0 (at simulation time 78.002,400,000 s)
2020-05-23 22:01:52,037 INFO - Received event: 79000 (at simulation time IntraVehicleMsg)
2020-05-23 22:01:52,046 INFO - Received event: 80000 (at simulation time IntraVehicleMsg)
2020-05-23 22:01:52,047 INFO - Received V2X Message from rsu_0 (at simulation time 80.000,400,000 s)
2020-05-23 22:01:52,058 INFO - Received event: 81000 (at simulation time IntraVehicleMsg)
2020-05-23 22:01:52,066 INFO - Received event: 82000 (at simulation time IntraVehicleMsg)
2020-05-23 22:01:52,066 INFO - Received V2X Message from rsu_0 (at simulation time 82.000,900,000 s)
2020-05-23 22:01:52,072 INFO - Received event: 83000 (at simulation time IntraVehicleMsg)
2020-05-23 22:01:52,076 INFO - Received event: 84000 (at simulation time IntraVehicleMsg)
2020-05-23 22:01:52,076 INFO - Received V2X Message from rsu_0 (at simulation time 84.001,400,000 s)
2020-05-23 22:01:52,080 INFO - Received event: 85000 (at simulation time IntraVehicleMsg)
2020-05-23 22:01:52,085 INFO - Received event: 86000 (at simulation time IntraVehicleMsg)
2020-05-23 22:01:52,085 INFO - Received V2X Message from rsu_0 (at simulation time 86.000,400,000 s)
2020-05-23 22:01:52,090 INFO - Received event: 87000 (at simulation time IntraVehicleMsg)
2020-05-23 22:01:52,094 INFO - Received event: 88000 (at simulation time IntraVehicleMsg)
2020-05-23 22:01:52,094 INFO - Received V2X Message from rsu_0 (at simulation time 88.002,400,000 s)
2020-05-23 22:01:52,098 INFO - Reading sensor (at simulation time 89.000,000,000 s)
2020-05-23 22:01:52,099 INFO - Received event: 89000 (at simulation time IntraVehicleMsg)
2020-05-23 22:01:52,101 INFO - Reading sensor (at simulation time 90.000,000,000 s)
2020-05-23 22:01:52,103 INFO - Received event: 90000 (at simulation time IntraVehicleMsg)
2020-05-23 22:01:52,103 INFO - Received V2X Message from rsu_0 (at simulation time 90.000,900,000 s)
2020-05-23 22:01:52,105 INFO - Reading sensor (at simulation time 91.000,000,000 s)
2020-05-23 22:01:52,108 INFO - Received event: 91000 (at simulation time IntraVehicleMsg)
2020-05-23 22:01:52,111 INFO - Received event: 92000 (at simulation time IntraVehicleMsg)
2020-05-23 22:01:52,111 INFO - Received V2X Message from rsu_0 (at simulation time 92.001,900,000 s)
2020-05-23 22:01:52,113 INFO - Received event: 93000 (at simulation time IntraVehicleMsg)
2020-05-23 22:01:52,117 INFO - Received event: 94000 (at simulation time IntraVehicleMsg)
2020-05-23 22:01:52,118 INFO - Received V2X Message from rsu_0 (at simulation time 94.002,400,000 s)
2020-05-23 22:01:52,121 INFO - Received event: 95000 (at simulation time IntraVehicleMsg)
2020-05-23 22:01:52,126 INFO - Received event: 96000 (at simulation time IntraVehicleMsg)
2020-05-23 22:01:52,126 INFO - Received V2X Message from rsu_0 (at simulation time 96.000,400,000 s)
2020-05-23 22:01:52,128 INFO - Received event: 97000 (at simulation time IntraVehicleMsg)
2020-05-23 22:01:52,131 INFO - Received event: 98000 (at simulation time IntraVehicleMsg)
2020-05-23 22:01:52,131 INFO - Received V2X Message from rsu_0 (at simulation time 98.001,900,000 s)
2020-05-23 22:01:52,134 INFO - Received event: 99000 (at simulation time IntraVehicleMsg)
2020-05-23 22:01:52,137 INFO - Received event: 100000 (at simulation time IntraVehicleMsg)
2020-05-23 22:01:52,137 INFO - Received V2X Message from rsu_0 (at simulation time 100.002,400,000 s)
2020-05-23 22:01:52,140 INFO - Received event: 101000 (at simulation time IntraVehicleMsg)
2020-05-23 22:01:52,142 INFO - Received event: 102000 (at simulation time IntraVehicleMsg)
2020-05-23 22:01:52,142 INFO - Received V2X Message from rsu_0 (at simulation time 102.000,400,000 s)
2020-05-23 22:01:52,146 INFO - Received event: 103000 (at simulation time IntraVehicleMsg)
2020-05-23 22:01:52,152 INFO - Received event: 104000 (at simulation time IntraVehicleMsg)
2020-05-23 22:01:52,152 INFO - Received V2X Message from rsu_0 (at simulation time 104.002,400,000 s)
2020-05-23 22:01:52,168 INFO - Received event: 105000 (at simulation time IntraVehicleMsg)
2020-05-23 22:01:52,218 INFO - Received event: 106000 (at simulation time IntraVehicleMsg)
2020-05-23 22:01:52,218 INFO - Received V2X Message from rsu_0 (at simulation time 106.001,400,000 s)
2020-05-23 22:01:52,233 INFO - Received event: 107000 (at simulation time IntraVehicleMsg)
2020-05-23 22:01:52,236 INFO - Received event: 108000 (at simulation time IntraVehicleMsg)
2020-05-23 22:01:52,236 INFO - Received V2X Message from rsu_0 (at simulation time 108.001,900,000 s)
2020-05-23 22:01:52,239 INFO - Shutdown application (at simulation time 109.000,000,000 s)
