2020-05-23 22:01:50,740 DEBUG - Successfully instantiated the class com.columbia.vsimrti.applications.lasalle.vehicle.LasalleVehicle
2020-05-23 22:01:50,741 DEBUG - Successfully instantiated the class com.columbia.vsimrti.applications.lasalle.vehicle.LasalleVehicleSlave
2020-05-23 22:01:50,741 DEBUG - #tearUp at simulation time 18.000,000,000 s
2020-05-23 22:01:50,744 DEBUG - #preProcessEvent at simulation time 18.000,000,000 s with resource class VehicleInfo and nice -99999900
2020-05-23 22:01:50,746 DEBUG - #preProcessEvent at simulation time 18.000,000,010 s with resource class Event and nice 0
2020-05-23 22:01:50,746 DEBUG - #preProcessEvent at simulation time 18.000,000,010 s with resource class Event and nice 0
2020-05-23 22:01:50,759 DEBUG - #preProcessEvent at simulation time 19.000,000,000 s with resource class VehicleInfo and nice -99999800
2020-05-23 22:01:50,760 DEBUG - #preProcessEvent at simulation time 19.000,000,010 s with resource class Event and nice 0
2020-05-23 22:01:50,760 DEBUG - #preProcessEvent at simulation time 19.000,000,010 s with resource class Event and nice 0
2020-05-23 22:01:50,786 DEBUG - #preProcessEvent at simulation time 20.000,000,000 s with resource class VehicleInfo and nice -99999800
2020-05-23 22:01:50,806 DEBUG - #preProcessEvent at simulation time 20.000,000,010 s with resource class Event and nice 0
2020-05-23 22:01:50,806 DEBUG - #preProcessEvent at simulation time 20.000,000,010 s with resource class Event and nice 0
2020-05-23 22:01:50,807 DEBUG - #preProcessEvent at simulation time 20.002,400,000 s with resource class ReceivedV2XMessage and nice -99999100
2020-05-23 22:01:50,829 DEBUG - #preProcessEvent at simulation time 21.000,000,000 s with resource class VehicleInfo and nice -99999800
2020-05-23 22:01:50,830 DEBUG - #preProcessEvent at simulation time 21.000,000,010 s with resource class Event and nice 0
2020-05-23 22:01:50,835 DEBUG - #preProcessEvent at simulation time 21.000,000,010 s with resource class Event and nice 0
2020-05-23 22:01:50,849 DEBUG - #preProcessEvent at simulation time 22.000,000,000 s with resource class VehicleInfo and nice -99999800
2020-05-23 22:01:50,851 DEBUG - #preProcessEvent at simulation time 22.000,000,010 s with resource class Event and nice 0
2020-05-23 22:01:50,851 DEBUG - #preProcessEvent at simulation time 22.000,000,010 s with resource class Event and nice 0
2020-05-23 22:01:50,851 DEBUG - #preProcessEvent at simulation time 22.000,400,000 s with resource class ReceivedV2XMessage and nice -99999100
2020-05-23 22:01:50,862 DEBUG - #preProcessEvent at simulation time 23.000,000,000 s with resource class VehicleInfo and nice -99999800
2020-05-23 22:01:50,865 DEBUG - #preProcessEvent at simulation time 23.000,000,010 s with resource class Event and nice 0
2020-05-23 22:01:50,869 DEBUG - #preProcessEvent at simulation time 23.000,000,010 s with resource class Event and nice 0
2020-05-23 22:01:50,881 DEBUG - #preProcessEvent at simulation time 24.000,000,000 s with resource class VehicleInfo and nice -99999800
2020-05-23 22:01:50,888 DEBUG - #preProcessEvent at simulation time 24.000,000,010 s with resource class Event and nice 0
2020-05-23 22:01:50,888 DEBUG - #preProcessEvent at simulation time 24.000,000,010 s with resource class Event and nice 0
2020-05-23 22:01:50,889 DEBUG - #preProcessEvent at simulation time 24.000,400,000 s with resource class ReceivedV2XMessage and nice -99999100
2020-05-23 22:01:50,908 DEBUG - #preProcessEvent at simulation time 25.000,000,000 s with resource class VehicleInfo and nice -99999800
2020-05-23 22:01:50,918 DEBUG - #preProcessEvent at simulation time 25.000,000,010 s with resource class Event and nice 0
2020-05-23 22:01:50,918 DEBUG - #preProcessEvent at simulation time 25.000,000,010 s with resource class Event and nice 0
2020-05-23 22:01:50,935 DEBUG - #preProcessEvent at simulation time 26.000,000,000 s with resource class VehicleInfo and nice -99999800
2020-05-23 22:01:50,940 DEBUG - #preProcessEvent at simulation time 26.000,000,010 s with resource class Event and nice 0
2020-05-23 22:01:50,940 DEBUG - #preProcessEvent at simulation time 26.000,000,010 s with resource class Event and nice 0
2020-05-23 22:01:50,940 DEBUG - #preProcessEvent at simulation time 26.000,400,000 s with resource class ReceivedV2XMessage and nice -99999100
2020-05-23 22:01:51,053 DEBUG - #preProcessEvent at simulation time 27.000,000,000 s with resource class VehicleInfo and nice -99999800
2020-05-23 22:01:51,057 DEBUG - #preProcessEvent at simulation time 27.000,000,010 s with resource class Event and nice 0
2020-05-23 22:01:51,057 DEBUG - #preProcessEvent at simulation time 27.000,000,010 s with resource class Event and nice 0
2020-05-23 22:01:51,071 DEBUG - #preProcessEvent at simulation time 28.000,000,000 s with resource class VehicleInfo and nice -99999800
2020-05-23 22:01:51,073 DEBUG - #preProcessEvent at simulation time 28.000,000,010 s with resource class Event and nice 0
2020-05-23 22:01:51,073 DEBUG - #preProcessEvent at simulation time 28.000,000,010 s with resource class Event and nice 0
2020-05-23 22:01:51,074 DEBUG - #preProcessEvent at simulation time 28.001,900,000 s with resource class ReceivedV2XMessage and nice -99999100
2020-05-23 22:01:51,084 DEBUG - #preProcessEvent at simulation time 29.000,000,000 s with resource class VehicleInfo and nice -99999800
2020-05-23 22:01:51,085 DEBUG - #preProcessEvent at simulation time 29.000,000,010 s with resource class Event and nice 0
2020-05-23 22:01:51,086 DEBUG - #preProcessEvent at simulation time 29.000,000,010 s with resource class Event and nice 0
2020-05-23 22:01:51,093 DEBUG - #preProcessEvent at simulation time 30.000,000,000 s with resource class VehicleInfo and nice -99999800
2020-05-23 22:01:51,105 DEBUG - #preProcessEvent at simulation time 30.000,000,010 s with resource class Event and nice 0
2020-05-23 22:01:51,105 DEBUG - #preProcessEvent at simulation time 30.000,000,010 s with resource class Event and nice 0
2020-05-23 22:01:51,105 DEBUG - #preProcessEvent at simulation time 30.000,400,000 s with resource class ReceivedV2XMessage and nice -99999100
2020-05-23 22:01:51,112 DEBUG - #preProcessEvent at simulation time 31.000,000,000 s with resource class VehicleInfo and nice -99999800
2020-05-23 22:01:51,112 DEBUG - #preProcessEvent at simulation time 31.000,000,010 s with resource class Event and nice 0
2020-05-23 22:01:51,113 DEBUG - #preProcessEvent at simulation time 31.000,000,010 s with resource class Event and nice 0
2020-05-23 22:01:51,119 DEBUG - #preProcessEvent at simulation time 32.000,000,000 s with resource class VehicleInfo and nice -99999800
2020-05-23 22:01:51,121 DEBUG - #preProcessEvent at simulation time 32.000,000,010 s with resource class Event and nice 0
2020-05-23 22:01:51,121 DEBUG - #preProcessEvent at simulation time 32.000,000,010 s with resource class Event and nice 0
2020-05-23 22:01:51,122 DEBUG - #preProcessEvent at simulation time 32.000,400,000 s with resource class ReceivedV2XMessage and nice -99999100
2020-05-23 22:01:51,136 DEBUG - #preProcessEvent at simulation time 33.000,000,000 s with resource class VehicleInfo and nice -99999800
2020-05-23 22:01:51,137 DEBUG - #preProcessEvent at simulation time 33.000,000,010 s with resource class Event and nice 0
2020-05-23 22:01:51,141 DEBUG - #preProcessEvent at simulation time 33.000,000,010 s with resource class Event and nice 0
2020-05-23 22:01:51,208 DEBUG - #preProcessEvent at simulation time 34.000,000,000 s with resource class VehicleInfo and nice -99999800
2020-05-23 22:01:51,218 DEBUG - #preProcessEvent at simulation time 34.000,000,010 s with resource class Event and nice 0
2020-05-23 22:01:51,218 DEBUG - #preProcessEvent at simulation time 34.000,000,010 s with resource class Event and nice 0
2020-05-23 22:01:51,218 DEBUG - #preProcessEvent at simulation time 34.000,400,000 s with resource class ReceivedV2XMessage and nice -99999100
2020-05-23 22:01:51,223 DEBUG - #preProcessEvent at simulation time 35.000,000,000 s with resource class VehicleInfo and nice -99999800
2020-05-23 22:01:51,226 DEBUG - #preProcessEvent at simulation time 35.000,000,010 s with resource class Event and nice 0
2020-05-23 22:01:51,226 DEBUG - #preProcessEvent at simulation time 35.000,000,010 s with resource class Event and nice 0
2020-05-23 22:01:51,234 DEBUG - #preProcessEvent at simulation time 36.000,000,000 s with resource class VehicleInfo and nice -99999800
2020-05-23 22:01:51,239 DEBUG - #preProcessEvent at simulation time 36.000,000,010 s with resource class Event and nice 0
2020-05-23 22:01:51,239 DEBUG - #preProcessEvent at simulation time 36.000,000,010 s with resource class Event and nice 0
2020-05-23 22:01:51,239 DEBUG - #preProcessEvent at simulation time 36.001,400,000 s with resource class ReceivedV2XMessage and nice -99999100
2020-05-23 22:01:51,246 DEBUG - #preProcessEvent at simulation time 37.000,000,000 s with resource class VehicleInfo and nice -99999800
2020-05-23 22:01:51,248 DEBUG - #preProcessEvent at simulation time 37.000,000,010 s with resource class Event and nice 0
2020-05-23 22:01:51,248 DEBUG - #preProcessEvent at simulation time 37.000,000,010 s with resource class Event and nice 0
2020-05-23 22:01:51,253 DEBUG - #preProcessEvent at simulation time 38.000,000,000 s with resource class VehicleInfo and nice -99999800
2020-05-23 22:01:51,255 DEBUG - #preProcessEvent at simulation time 38.000,000,010 s with resource class Event and nice 0
2020-05-23 22:01:51,255 DEBUG - #preProcessEvent at simulation time 38.000,000,010 s with resource class Event and nice 0
2020-05-23 22:01:51,255 DEBUG - #preProcessEvent at simulation time 38.000,400,000 s with resource class ReceivedV2XMessage and nice -99999100
2020-05-23 22:01:51,261 DEBUG - #preProcessEvent at simulation time 39.000,000,000 s with resource class VehicleInfo and nice -99999800
2020-05-23 22:01:51,262 DEBUG - #preProcessEvent at simulation time 39.000,000,010 s with resource class Event and nice 0
2020-05-23 22:01:51,262 DEBUG - #preProcessEvent at simulation time 39.000,000,010 s with resource class Event and nice 0
2020-05-23 22:01:51,268 DEBUG - #preProcessEvent at simulation time 40.000,000,000 s with resource class VehicleInfo and nice -99999800
2020-05-23 22:01:51,272 DEBUG - #preProcessEvent at simulation time 40.000,000,010 s with resource class Event and nice 0
2020-05-23 22:01:51,273 DEBUG - #preProcessEvent at simulation time 40.000,000,010 s with resource class Event and nice 0
2020-05-23 22:01:51,273 DEBUG - #preProcessEvent at simulation time 40.001,400,000 s with resource class ReceivedV2XMessage and nice -99999100
2020-05-23 22:01:51,276 DEBUG - #preProcessEvent at simulation time 41.000,000,000 s with resource class VehicleInfo and nice -99999800
2020-05-23 22:01:51,277 DEBUG - #preProcessEvent at simulation time 41.000,000,010 s with resource class Event and nice 0
2020-05-23 22:01:51,277 DEBUG - #preProcessEvent at simulation time 41.000,000,010 s with resource class Event and nice 0
2020-05-23 22:01:51,280 DEBUG - #preProcessEvent at simulation time 42.000,000,000 s with resource class VehicleInfo and nice -99999800
2020-05-23 22:01:51,282 DEBUG - #preProcessEvent at simulation time 42.000,000,010 s with resource class Event and nice 0
2020-05-23 22:01:51,282 DEBUG - #preProcessEvent at simulation time 42.000,000,010 s with resource class Event and nice 0
2020-05-23 22:01:51,282 DEBUG - #preProcessEvent at simulation time 42.001,400,000 s with resource class ReceivedV2XMessage and nice -99999100
2020-05-23 22:01:51,286 DEBUG - #preProcessEvent at simulation time 43.000,000,000 s with resource class VehicleInfo and nice -99999800
2020-05-23 22:01:51,287 DEBUG - #preProcessEvent at simulation time 43.000,000,010 s with resource class Event and nice 0
2020-05-23 22:01:51,288 DEBUG - #preProcessEvent at simulation time 43.000,000,010 s with resource class Event and nice 0
2020-05-23 22:01:51,291 DEBUG - #preProcessEvent at simulation time 44.000,000,000 s with resource class VehicleInfo and nice -99999800
2020-05-23 22:01:51,313 DEBUG - #preProcessEvent at simulation time 44.000,000,010 s with resource class Event and nice 0
2020-05-23 22:01:51,313 DEBUG - #preProcessEvent at simulation time 44.000,000,010 s with resource class Event and nice 0
2020-05-23 22:01:51,316 DEBUG - #preProcessEvent at simulation time 44.001,900,000 s with resource class ReceivedV2XMessage and nice -99999100
2020-05-23 22:01:51,321 DEBUG - #preProcessEvent at simulation time 45.000,000,000 s with resource class VehicleInfo and nice -99999800
2020-05-23 22:01:51,322 DEBUG - #preProcessEvent at simulation time 45.000,000,010 s with resource class Event and nice 0
2020-05-23 22:01:51,322 DEBUG - #preProcessEvent at simulation time 45.000,000,010 s with resource class Event and nice 0
2020-05-23 22:01:51,325 DEBUG - #preProcessEvent at simulation time 46.000,000,000 s with resource class VehicleInfo and nice -99999800
2020-05-23 22:01:51,326 DEBUG - #preProcessEvent at simulation time 46.000,000,010 s with resource class Event and nice 0
2020-05-23 22:01:51,326 DEBUG - #preProcessEvent at simulation time 46.000,000,010 s with resource class Event and nice 0
2020-05-23 22:01:51,326 DEBUG - #preProcessEvent at simulation time 46.002,400,000 s with resource class ReceivedV2XMessage and nice -99999100
2020-05-23 22:01:51,330 DEBUG - #preProcessEvent at simulation time 47.000,000,000 s with resource class VehicleInfo and nice -99999800
2020-05-23 22:01:51,330 DEBUG - #preProcessEvent at simulation time 47.000,000,010 s with resource class Event and nice 0
2020-05-23 22:01:51,331 DEBUG - #preProcessEvent at simulation time 47.000,000,010 s with resource class Event and nice 0
2020-05-23 22:01:51,335 DEBUG - #preProcessEvent at simulation time 48.000,000,000 s with resource class VehicleInfo and nice -99999800
2020-05-23 22:01:51,336 DEBUG - #preProcessEvent at simulation time 48.000,000,010 s with resource class Event and nice 0
2020-05-23 22:01:51,336 DEBUG - #preProcessEvent at simulation time 48.000,000,010 s with resource class Event and nice 0
2020-05-23 22:01:51,336 DEBUG - #preProcessEvent at simulation time 48.001,900,000 s with resource class ReceivedV2XMessage and nice -99999100
2020-05-23 22:01:51,340 DEBUG - #preProcessEvent at simulation time 49.000,000,000 s with resource class VehicleInfo and nice -99999800
2020-05-23 22:01:51,341 DEBUG - #preProcessEvent at simulation time 49.000,000,010 s with resource class Event and nice 0
2020-05-23 22:01:51,341 DEBUG - #preProcessEvent at simulation time 49.000,000,010 s with resource class Event and nice 0
2020-05-23 22:01:51,345 DEBUG - #preProcessEvent at simulation time 50.000,000,000 s with resource class VehicleInfo and nice -99999800
2020-05-23 22:01:51,449 DEBUG - #preProcessEvent at simulation time 50.000,000,010 s with resource class Event and nice 0
2020-05-23 22:01:51,449 DEBUG - #preProcessEvent at simulation time 50.000,000,010 s with resource class Event and nice 0
2020-05-23 22:01:51,449 DEBUG - #preProcessEvent at simulation time 50.001,400,000 s with resource class ReceivedV2XMessage and nice -99999100
2020-05-23 22:01:51,649 DEBUG - #preProcessEvent at simulation time 51.000,000,000 s with resource class VehicleInfo and nice -99999800
2020-05-23 22:01:51,649 DEBUG - #preProcessEvent at simulation time 51.000,000,010 s with resource class Event and nice 0
2020-05-23 22:01:51,650 DEBUG - #preProcessEvent at simulation time 51.000,000,010 s with resource class Event and nice 0
2020-05-23 22:01:51,660 DEBUG - #preProcessEvent at simulation time 52.000,000,000 s with resource class VehicleInfo and nice -99999800
2020-05-23 22:01:51,662 DEBUG - #preProcessEvent at simulation time 52.000,000,010 s with resource class Event and nice 0
2020-05-23 22:01:51,662 DEBUG - #preProcessEvent at simulation time 52.000,000,010 s with resource class Event and nice 0
2020-05-23 22:01:51,662 DEBUG - #preProcessEvent at simulation time 52.001,900,000 s with resource class ReceivedV2XMessage and nice -99999100
2020-05-23 22:01:51,674 DEBUG - #preProcessEvent at simulation time 53.000,000,000 s with resource class VehicleInfo and nice -99999800
2020-05-23 22:01:51,676 DEBUG - #preProcessEvent at simulation time 53.000,000,010 s with resource class Event and nice 0
2020-05-23 22:01:51,676 DEBUG - #preProcessEvent at simulation time 53.000,000,010 s with resource class Event and nice 0
2020-05-23 22:01:51,686 DEBUG - #preProcessEvent at simulation time 54.000,000,000 s with resource class VehicleInfo and nice -99999800
2020-05-23 22:01:51,688 DEBUG - #preProcessEvent at simulation time 54.000,000,010 s with resource class Event and nice 0
2020-05-23 22:01:51,688 DEBUG - #preProcessEvent at simulation time 54.000,000,010 s with resource class Event and nice 0
2020-05-23 22:01:51,688 DEBUG - #preProcessEvent at simulation time 54.001,900,000 s with resource class ReceivedV2XMessage and nice -99999100
2020-05-23 22:01:51,692 DEBUG - #preProcessEvent at simulation time 55.000,000,000 s with resource class VehicleInfo and nice -99999800
2020-05-23 22:01:51,695 DEBUG - #preProcessEvent at simulation time 55.000,000,010 s with resource class Event and nice 0
2020-05-23 22:01:51,695 DEBUG - #preProcessEvent at simulation time 55.000,000,010 s with resource class Event and nice 0
2020-05-23 22:01:51,700 DEBUG - #preProcessEvent at simulation time 56.000,000,000 s with resource class VehicleInfo and nice -99999800
2020-05-23 22:01:51,703 DEBUG - #preProcessEvent at simulation time 56.000,000,010 s with resource class Event and nice 0
2020-05-23 22:01:51,703 DEBUG - #preProcessEvent at simulation time 56.000,000,010 s with resource class Event and nice 0
2020-05-23 22:01:51,704 DEBUG - #preProcessEvent at simulation time 56.000,900,000 s with resource class ReceivedV2XMessage and nice -99999100
2020-05-23 22:01:51,713 DEBUG - #preProcessEvent at simulation time 57.000,000,000 s with resource class VehicleInfo and nice -99999800
2020-05-23 22:01:51,715 DEBUG - #preProcessEvent at simulation time 57.000,000,010 s with resource class Event and nice 0
2020-05-23 22:01:51,715 DEBUG - #preProcessEvent at simulation time 57.000,000,010 s with resource class Event and nice 0
2020-05-23 22:01:51,718 DEBUG - #preProcessEvent at simulation time 58.000,000,000 s with resource class VehicleInfo and nice -99999800
2020-05-23 22:01:51,720 DEBUG - #preProcessEvent at simulation time 58.000,000,010 s with resource class Event and nice 0
2020-05-23 22:01:51,720 DEBUG - #preProcessEvent at simulation time 58.000,000,010 s with resource class Event and nice 0
2020-05-23 22:01:51,721 DEBUG - #preProcessEvent at simulation time 58.002,400,000 s with resource class ReceivedV2XMessage and nice -99999100
2020-05-23 22:01:51,724 DEBUG - #preProcessEvent at simulation time 59.000,000,000 s with resource class VehicleInfo and nice -99999800
2020-05-23 22:01:51,725 DEBUG - #preProcessEvent at simulation time 59.000,000,010 s with resource class Event and nice 0
2020-05-23 22:01:51,725 DEBUG - #preProcessEvent at simulation time 59.000,000,010 s with resource class Event and nice 0
2020-05-23 22:01:51,728 DEBUG - #preProcessEvent at simulation time 60.000,000,000 s with resource class VehicleInfo and nice -99999800
2020-05-23 22:01:51,732 DEBUG - #preProcessEvent at simulation time 60.000,000,010 s with resource class Event and nice 0
2020-05-23 22:01:51,732 DEBUG - #preProcessEvent at simulation time 60.000,000,010 s with resource class Event and nice 0
2020-05-23 22:01:51,732 DEBUG - #preProcessEvent at simulation time 60.002,400,000 s with resource class ReceivedV2XMessage and nice -99999100
2020-05-23 22:01:51,735 DEBUG - #preProcessEvent at simulation time 61.000,000,000 s with resource class VehicleInfo and nice -99999800
2020-05-23 22:01:51,736 DEBUG - #preProcessEvent at simulation time 61.000,000,010 s with resource class Event and nice 0
2020-05-23 22:01:51,736 DEBUG - #preProcessEvent at simulation time 61.000,000,010 s with resource class Event and nice 0
2020-05-23 22:01:51,739 DEBUG - #preProcessEvent at simulation time 62.000,000,000 s with resource class VehicleInfo and nice -99999800
2020-05-23 22:01:51,740 DEBUG - #preProcessEvent at simulation time 62.000,000,010 s with resource class Event and nice 0
2020-05-23 22:01:51,740 DEBUG - #preProcessEvent at simulation time 62.000,000,010 s with resource class Event and nice 0
2020-05-23 22:01:51,740 DEBUG - #preProcessEvent at simulation time 62.000,400,000 s with resource class ReceivedV2XMessage and nice -99999100
2020-05-23 22:01:51,744 DEBUG - #preProcessEvent at simulation time 63.000,000,000 s with resource class VehicleInfo and nice -99999800
2020-05-23 22:01:51,745 DEBUG - #preProcessEvent at simulation time 63.000,000,010 s with resource class Event and nice 0
2020-05-23 22:01:51,745 DEBUG - #preProcessEvent at simulation time 63.000,000,010 s with resource class Event and nice 0
2020-05-23 22:01:51,774 DEBUG - #preProcessEvent at simulation time 64.000,000,000 s with resource class VehicleInfo and nice -99999800
2020-05-23 22:01:51,848 DEBUG - #preProcessEvent at simulation time 64.000,000,010 s with resource class Event and nice 0
2020-05-23 22:01:51,849 DEBUG - #preProcessEvent at simulation time 64.000,000,010 s with resource class Event and nice 0
2020-05-23 22:01:51,849 DEBUG - #preProcessEvent at simulation time 64.000,400,000 s with resource class ReceivedV2XMessage and nice -99999100
2020-05-23 22:01:51,861 DEBUG - #preProcessEvent at simulation time 65.000,000,000 s with resource class VehicleInfo and nice -99999800
2020-05-23 22:01:51,866 DEBUG - #preProcessEvent at simulation time 65.000,000,010 s with resource class Event and nice 0
2020-05-23 22:01:51,866 DEBUG - #preProcessEvent at simulation time 65.000,000,010 s with resource class Event and nice 0
2020-05-23 22:01:51,877 DEBUG - #preProcessEvent at simulation time 66.000,000,000 s with resource class VehicleInfo and nice -99999800
2020-05-23 22:01:51,885 DEBUG - #preProcessEvent at simulation time 66.000,000,010 s with resource class Event and nice 0
2020-05-23 22:01:51,885 DEBUG - #preProcessEvent at simulation time 66.000,000,010 s with resource class Event and nice 0
2020-05-23 22:01:51,885 DEBUG - #preProcessEvent at simulation time 66.001,400,000 s with resource class ReceivedV2XMessage and nice -99999100
2020-05-23 22:01:51,890 DEBUG - #preProcessEvent at simulation time 67.000,000,000 s with resource class VehicleInfo and nice -99999800
2020-05-23 22:01:51,891 DEBUG - #preProcessEvent at simulation time 67.000,000,010 s with resource class Event and nice 0
2020-05-23 22:01:51,891 DEBUG - #preProcessEvent at simulation time 67.000,000,010 s with resource class Event and nice 0
2020-05-23 22:01:51,894 DEBUG - #preProcessEvent at simulation time 68.000,000,000 s with resource class VehicleInfo and nice -99999800
2020-05-23 22:01:51,898 DEBUG - #preProcessEvent at simulation time 68.000,000,010 s with resource class Event and nice 0
2020-05-23 22:01:51,898 DEBUG - #preProcessEvent at simulation time 68.000,000,010 s with resource class Event and nice 0
2020-05-23 22:01:51,899 DEBUG - #preProcessEvent at simulation time 68.001,400,000 s with resource class ReceivedV2XMessage and nice -99999100
2020-05-23 22:01:51,904 DEBUG - #preProcessEvent at simulation time 69.000,000,000 s with resource class VehicleInfo and nice -99999800
2020-05-23 22:01:51,904 DEBUG - #preProcessEvent at simulation time 69.000,000,010 s with resource class Event and nice 0
2020-05-23 22:01:51,904 DEBUG - #preProcessEvent at simulation time 69.000,000,010 s with resource class Event and nice 0
2020-05-23 22:01:51,907 DEBUG - #preProcessEvent at simulation time 70.000,000,000 s with resource class VehicleInfo and nice -99999800
2020-05-23 22:01:51,911 DEBUG - #preProcessEvent at simulation time 70.000,000,010 s with resource class Event and nice 0
2020-05-23 22:01:51,911 DEBUG - #preProcessEvent at simulation time 70.000,000,010 s with resource class Event and nice 0
2020-05-23 22:01:51,911 DEBUG - #preProcessEvent at simulation time 70.000,400,000 s with resource class ReceivedV2XMessage and nice -99999100
2020-05-23 22:01:51,916 DEBUG - #preProcessEvent at simulation time 71.000,000,000 s with resource class VehicleInfo and nice -99999800
2020-05-23 22:01:51,916 DEBUG - #preProcessEvent at simulation time 71.000,000,010 s with resource class Event and nice 0
2020-05-23 22:01:51,916 DEBUG - #preProcessEvent at simulation time 71.000,000,010 s with resource class Event and nice 0
2020-05-23 22:01:51,920 DEBUG - #preProcessEvent at simulation time 72.000,000,000 s with resource class VehicleInfo and nice -99999800
2020-05-23 22:01:51,922 DEBUG - #preProcessEvent at simulation time 72.000,000,010 s with resource class Event and nice 0
2020-05-23 22:01:51,922 DEBUG - #preProcessEvent at simulation time 72.000,000,010 s with resource class Event and nice 0
2020-05-23 22:01:51,922 DEBUG - #preProcessEvent at simulation time 72.001,400,000 s with resource class ReceivedV2XMessage and nice -99999100
2020-05-23 22:01:51,925 DEBUG - #preProcessEvent at simulation time 73.000,000,000 s with resource class VehicleInfo and nice -99999800
2020-05-23 22:01:51,925 DEBUG - #preProcessEvent at simulation time 73.000,000,010 s with resource class Event and nice 0
2020-05-23 22:01:51,925 DEBUG - #preProcessEvent at simulation time 73.000,000,010 s with resource class Event and nice 0
2020-05-23 22:01:51,928 DEBUG - #preProcessEvent at simulation time 74.000,000,000 s with resource class VehicleInfo and nice -99999800
2020-05-23 22:01:51,930 DEBUG - #preProcessEvent at simulation time 74.000,000,010 s with resource class Event and nice 0
2020-05-23 22:01:51,930 DEBUG - #preProcessEvent at simulation time 74.000,000,010 s with resource class Event and nice 0
2020-05-23 22:01:51,930 DEBUG - #preProcessEvent at simulation time 74.001,400,000 s with resource class ReceivedV2XMessage and nice -99999100
2020-05-23 22:01:51,935 DEBUG - #preProcessEvent at simulation time 75.000,000,000 s with resource class VehicleInfo and nice -99999800
2020-05-23 22:01:51,936 DEBUG - #preProcessEvent at simulation time 75.000,000,010 s with resource class Event and nice 0
2020-05-23 22:01:51,936 DEBUG - #preProcessEvent at simulation time 75.000,000,010 s with resource class Event and nice 0
2020-05-23 22:01:51,941 DEBUG - #preProcessEvent at simulation time 76.000,000,000 s with resource class VehicleInfo and nice -99999800
2020-05-23 22:01:51,944 DEBUG - #preProcessEvent at simulation time 76.000,000,010 s with resource class Event and nice 0
2020-05-23 22:01:51,944 DEBUG - #preProcessEvent at simulation time 76.000,000,010 s with resource class Event and nice 0
2020-05-23 22:01:51,944 DEBUG - #preProcessEvent at simulation time 76.001,900,000 s with resource class ReceivedV2XMessage and nice -99999100
2020-05-23 22:01:52,003 DEBUG - #preProcessEvent at simulation time 77.000,000,000 s with resource class VehicleInfo and nice -99999800
2020-05-23 22:01:52,011 DEBUG - #preProcessEvent at simulation time 77.000,000,010 s with resource class Event and nice 0
2020-05-23 22:01:52,011 DEBUG - #preProcessEvent at simulation time 77.000,000,010 s with resource class Event and nice 0
2020-05-23 22:01:52,023 DEBUG - #preProcessEvent at simulation time 78.000,000,000 s with resource class VehicleInfo and nice -99999800
2020-05-23 22:01:52,025 DEBUG - #preProcessEvent at simulation time 78.000,000,010 s with resource class Event and nice 0
2020-05-23 22:01:52,026 DEBUG - #preProcessEvent at simulation time 78.000,000,010 s with resource class Event and nice 0
2020-05-23 22:01:52,026 DEBUG - #preProcessEvent at simulation time 78.002,400,000 s with resource class ReceivedV2XMessage and nice -99999100
2020-05-23 22:01:52,035 DEBUG - #preProcessEvent at simulation time 79.000,000,000 s with resource class VehicleInfo and nice -99999800
2020-05-23 22:01:52,037 DEBUG - #preProcessEvent at simulation time 79.000,000,010 s with resource class Event and nice 0
2020-05-23 22:01:52,037 DEBUG - #preProcessEvent at simulation time 79.000,000,010 s with resource class Event and nice 0
2020-05-23 22:01:52,044 DEBUG - #preProcessEvent at simulation time 80.000,000,000 s with resource class VehicleInfo and nice -99999800
2020-05-23 22:01:52,046 DEBUG - #preProcessEvent at simulation time 80.000,000,010 s with resource class Event and nice 0
2020-05-23 22:01:52,046 DEBUG - #preProcessEvent at simulation time 80.000,000,010 s with resource class Event and nice 0
2020-05-23 22:01:52,047 DEBUG - #preProcessEvent at simulation time 80.000,400,000 s with resource class ReceivedV2XMessage and nice -99999100
2020-05-23 22:01:52,055 DEBUG - #preProcessEvent at simulation time 81.000,000,000 s with resource class VehicleInfo and nice -99999800
2020-05-23 22:01:52,058 DEBUG - #preProcessEvent at simulation time 81.000,000,010 s with resource class Event and nice 0
2020-05-23 22:01:52,058 DEBUG - #preProcessEvent at simulation time 81.000,000,010 s with resource class Event and nice 0
2020-05-23 22:01:52,064 DEBUG - #preProcessEvent at simulation time 82.000,000,000 s with resource class VehicleInfo and nice -99999800
2020-05-23 22:01:52,066 DEBUG - #preProcessEvent at simulation time 82.000,000,010 s with resource class Event and nice 0
2020-05-23 22:01:52,066 DEBUG - #preProcessEvent at simulation time 82.000,000,010 s with resource class Event and nice 0
2020-05-23 22:01:52,066 DEBUG - #preProcessEvent at simulation time 82.000,900,000 s with resource class ReceivedV2XMessage and nice -99999100
2020-05-23 22:01:52,072 DEBUG - #preProcessEvent at simulation time 83.000,000,000 s with resource class VehicleInfo and nice -99999800
2020-05-23 22:01:52,072 DEBUG - #preProcessEvent at simulation time 83.000,000,010 s with resource class Event and nice 0
2020-05-23 22:01:52,072 DEBUG - #preProcessEvent at simulation time 83.000,000,010 s with resource class Event and nice 0
2020-05-23 22:01:52,075 DEBUG - #preProcessEvent at simulation time 84.000,000,000 s with resource class VehicleInfo and nice -99999800
2020-05-23 22:01:52,076 DEBUG - #preProcessEvent at simulation time 84.000,000,010 s with resource class Event and nice 0
2020-05-23 22:01:52,076 DEBUG - #preProcessEvent at simulation time 84.000,000,010 s with resource class Event and nice 0
2020-05-23 22:01:52,076 DEBUG - #preProcessEvent at simulation time 84.001,400,000 s with resource class ReceivedV2XMessage and nice -99999100
2020-05-23 22:01:52,078 DEBUG - #preProcessEvent at simulation time 85.000,000,000 s with resource class VehicleInfo and nice -99999800
2020-05-23 22:01:52,080 DEBUG - #preProcessEvent at simulation time 85.000,000,010 s with resource class Event and nice 0
2020-05-23 22:01:52,080 DEBUG - #preProcessEvent at simulation time 85.000,000,010 s with resource class Event and nice 0
2020-05-23 22:01:52,084 DEBUG - #preProcessEvent at simulation time 86.000,000,000 s with resource class VehicleInfo and nice -99999800
2020-05-23 22:01:52,085 DEBUG - #preProcessEvent at simulation time 86.000,000,010 s with resource class Event and nice 0
2020-05-23 22:01:52,085 DEBUG - #preProcessEvent at simulation time 86.000,000,010 s with resource class Event and nice 0
2020-05-23 22:01:52,085 DEBUG - #preProcessEvent at simulation time 86.000,400,000 s with resource class ReceivedV2XMessage and nice -99999100
2020-05-23 22:01:52,089 DEBUG - #preProcessEvent at simulation time 87.000,000,000 s with resource class VehicleInfo and nice -99999800
2020-05-23 22:01:52,089 DEBUG - #preProcessEvent at simulation time 87.000,000,010 s with resource class Event and nice 0
2020-05-23 22:01:52,090 DEBUG - #preProcessEvent at simulation time 87.000,000,010 s with resource class Event and nice 0
2020-05-23 22:01:52,093 DEBUG - #preProcessEvent at simulation time 88.000,000,000 s with resource class VehicleInfo and nice -99999800
2020-05-23 22:01:52,094 DEBUG - #preProcessEvent at simulation time 88.000,000,010 s with resource class Event and nice 0
2020-05-23 22:01:52,094 DEBUG - #preProcessEvent at simulation time 88.000,000,010 s with resource class Event and nice 0
2020-05-23 22:01:52,094 DEBUG - #preProcessEvent at simulation time 88.002,400,000 s with resource class ReceivedV2XMessage and nice -99999100
2020-05-23 22:01:52,098 DEBUG - #preProcessEvent at simulation time 89.000,000,000 s with resource class VehicleInfo and nice -99999800
2020-05-23 22:01:52,099 DEBUG - #preProcessEvent at simulation time 89.000,000,010 s with resource class Event and nice 0
2020-05-23 22:01:52,099 DEBUG - #preProcessEvent at simulation time 89.000,000,010 s with resource class Event and nice 0
2020-05-23 22:01:52,101 DEBUG - #preProcessEvent at simulation time 90.000,000,000 s with resource class VehicleInfo and nice -99999800
2020-05-23 22:01:52,103 DEBUG - #preProcessEvent at simulation time 90.000,000,010 s with resource class Event and nice 0
2020-05-23 22:01:52,103 DEBUG - #preProcessEvent at simulation time 90.000,000,010 s with resource class Event and nice 0
2020-05-23 22:01:52,103 DEBUG - #preProcessEvent at simulation time 90.000,900,000 s with resource class ReceivedV2XMessage and nice -99999100
2020-05-23 22:01:52,105 DEBUG - #preProcessEvent at simulation time 91.000,000,000 s with resource class VehicleInfo and nice -99999800
2020-05-23 22:01:52,108 DEBUG - #preProcessEvent at simulation time 91.000,000,010 s with resource class Event and nice 0
2020-05-23 22:01:52,108 DEBUG - #preProcessEvent at simulation time 91.000,000,010 s with resource class Event and nice 0
2020-05-23 22:01:52,110 DEBUG - #preProcessEvent at simulation time 92.000,000,000 s with resource class VehicleInfo and nice -99999800
2020-05-23 22:01:52,111 DEBUG - #preProcessEvent at simulation time 92.000,000,010 s with resource class Event and nice 0
2020-05-23 22:01:52,111 DEBUG - #preProcessEvent at simulation time 92.000,000,010 s with resource class Event and nice 0
2020-05-23 22:01:52,111 DEBUG - #preProcessEvent at simulation time 92.001,900,000 s with resource class ReceivedV2XMessage and nice -99999100
2020-05-23 22:01:52,112 DEBUG - #preProcessEvent at simulation time 93.000,000,000 s with resource class VehicleInfo and nice -99999800
2020-05-23 22:01:52,113 DEBUG - #preProcessEvent at simulation time 93.000,000,010 s with resource class Event and nice 0
2020-05-23 22:01:52,113 DEBUG - #preProcessEvent at simulation time 93.000,000,010 s with resource class Event and nice 0
2020-05-23 22:01:52,115 DEBUG - #preProcessEvent at simulation time 94.000,000,000 s with resource class VehicleInfo and nice -99999800
2020-05-23 22:01:52,117 DEBUG - #preProcessEvent at simulation time 94.000,000,010 s with resource class Event and nice 0
2020-05-23 22:01:52,117 DEBUG - #preProcessEvent at simulation time 94.000,000,010 s with resource class Event and nice 0
2020-05-23 22:01:52,117 DEBUG - #preProcessEvent at simulation time 94.002,400,000 s with resource class ReceivedV2XMessage and nice -99999100
2020-05-23 22:01:52,119 DEBUG - #preProcessEvent at simulation time 95.000,000,000 s with resource class VehicleInfo and nice -99999800
2020-05-23 22:01:52,121 DEBUG - #preProcessEvent at simulation time 95.000,000,010 s with resource class Event and nice 0
2020-05-23 22:01:52,121 DEBUG - #preProcessEvent at simulation time 95.000,000,010 s with resource class Event and nice 0
2020-05-23 22:01:52,125 DEBUG - #preProcessEvent at simulation time 96.000,000,000 s with resource class VehicleInfo and nice -99999800
2020-05-23 22:01:52,126 DEBUG - #preProcessEvent at simulation time 96.000,000,010 s with resource class Event and nice 0
2020-05-23 22:01:52,126 DEBUG - #preProcessEvent at simulation time 96.000,000,010 s with resource class Event and nice 0
2020-05-23 22:01:52,126 DEBUG - #preProcessEvent at simulation time 96.000,400,000 s with resource class ReceivedV2XMessage and nice -99999100
2020-05-23 22:01:52,128 DEBUG - #preProcessEvent at simulation time 97.000,000,000 s with resource class VehicleInfo and nice -99999800
2020-05-23 22:01:52,128 DEBUG - #preProcessEvent at simulation time 97.000,000,010 s with resource class Event and nice 0
2020-05-23 22:01:52,128 DEBUG - #preProcessEvent at simulation time 97.000,000,010 s with resource class Event and nice 0
2020-05-23 22:01:52,130 DEBUG - #preProcessEvent at simulation time 98.000,000,000 s with resource class VehicleInfo and nice -99999800
2020-05-23 22:01:52,131 DEBUG - #preProcessEvent at simulation time 98.000,000,010 s with resource class Event and nice 0
2020-05-23 22:01:52,131 DEBUG - #preProcessEvent at simulation time 98.000,000,010 s with resource class Event and nice 0
2020-05-23 22:01:52,131 DEBUG - #preProcessEvent at simulation time 98.001,900,000 s with resource class ReceivedV2XMessage and nice -99999100
2020-05-23 22:01:52,133 DEBUG - #preProcessEvent at simulation time 99.000,000,000 s with resource class VehicleInfo and nice -99999800
2020-05-23 22:01:52,134 DEBUG - #preProcessEvent at simulation time 99.000,000,010 s with resource class Event and nice 0
2020-05-23 22:01:52,134 DEBUG - #preProcessEvent at simulation time 99.000,000,010 s with resource class Event and nice 0
2020-05-23 22:01:52,136 DEBUG - #preProcessEvent at simulation time 100.000,000,000 s with resource class VehicleInfo and nice -99999800
2020-05-23 22:01:52,137 DEBUG - #preProcessEvent at simulation time 100.000,000,010 s with resource class Event and nice 0
2020-05-23 22:01:52,137 DEBUG - #preProcessEvent at simulation time 100.000,000,010 s with resource class Event and nice 0
2020-05-23 22:01:52,137 DEBUG - #preProcessEvent at simulation time 100.002,400,000 s with resource class ReceivedV2XMessage and nice -99999100
2020-05-23 22:01:52,139 DEBUG - #preProcessEvent at simulation time 101.000,000,000 s with resource class VehicleInfo and nice -99999800
2020-05-23 22:01:52,140 DEBUG - #preProcessEvent at simulation time 101.000,000,010 s with resource class Event and nice 0
2020-05-23 22:01:52,140 DEBUG - #preProcessEvent at simulation time 101.000,000,010 s with resource class Event and nice 0
2020-05-23 22:01:52,141 DEBUG - #preProcessEvent at simulation time 102.000,000,000 s with resource class VehicleInfo and nice -99999800
2020-05-23 22:01:52,142 DEBUG - #preProcessEvent at simulation time 102.000,000,010 s with resource class Event and nice 0
2020-05-23 22:01:52,142 DEBUG - #preProcessEvent at simulation time 102.000,000,010 s with resource class Event and nice 0
2020-05-23 22:01:52,142 DEBUG - #preProcessEvent at simulation time 102.000,400,000 s with resource class ReceivedV2XMessage and nice -99999100
2020-05-23 22:01:52,144 DEBUG - #preProcessEvent at simulation time 103.000,000,000 s with resource class VehicleInfo and nice -99999800
2020-05-23 22:01:52,145 DEBUG - #preProcessEvent at simulation time 103.000,000,010 s with resource class Event and nice 0
2020-05-23 22:01:52,146 DEBUG - #preProcessEvent at simulation time 103.000,000,010 s with resource class Event and nice 0
2020-05-23 22:01:52,151 DEBUG - #preProcessEvent at simulation time 104.000,000,000 s with resource class VehicleInfo and nice -99999800
2020-05-23 22:01:52,152 DEBUG - #preProcessEvent at simulation time 104.000,000,010 s with resource class Event and nice 0
2020-05-23 22:01:52,152 DEBUG - #preProcessEvent at simulation time 104.000,000,010 s with resource class Event and nice 0
2020-05-23 22:01:52,152 DEBUG - #preProcessEvent at simulation time 104.002,400,000 s with resource class ReceivedV2XMessage and nice -99999100
2020-05-23 22:01:52,158 DEBUG - #preProcessEvent at simulation time 105.000,000,000 s with resource class VehicleInfo and nice -99999800
2020-05-23 22:01:52,167 DEBUG - #preProcessEvent at simulation time 105.000,000,010 s with resource class Event and nice 0
2020-05-23 22:01:52,169 DEBUG - #preProcessEvent at simulation time 105.000,000,010 s with resource class Event and nice 0
2020-05-23 22:01:52,171 DEBUG - #preProcessEvent at simulation time 106.000,000,000 s with resource class VehicleInfo and nice -99999800
2020-05-23 22:01:52,218 DEBUG - #preProcessEvent at simulation time 106.000,000,010 s with resource class Event and nice 0
2020-05-23 22:01:52,218 DEBUG - #preProcessEvent at simulation time 106.000,000,010 s with resource class Event and nice 0
2020-05-23 22:01:52,218 DEBUG - #preProcessEvent at simulation time 106.001,400,000 s with resource class ReceivedV2XMessage and nice -99999100
2020-05-23 22:01:52,231 DEBUG - #preProcessEvent at simulation time 107.000,000,000 s with resource class VehicleInfo and nice -99999800
2020-05-23 22:01:52,233 DEBUG - #preProcessEvent at simulation time 107.000,000,010 s with resource class Event and nice 0
2020-05-23 22:01:52,233 DEBUG - #preProcessEvent at simulation time 107.000,000,010 s with resource class Event and nice 0
2020-05-23 22:01:52,235 DEBUG - #preProcessEvent at simulation time 108.000,000,000 s with resource class VehicleInfo and nice -99999800
2020-05-23 22:01:52,236 DEBUG - #preProcessEvent at simulation time 108.000,000,010 s with resource class Event and nice 0
2020-05-23 22:01:52,236 DEBUG - #preProcessEvent at simulation time 108.000,000,010 s with resource class Event and nice 0
2020-05-23 22:01:52,236 DEBUG - #preProcessEvent at simulation time 108.001,900,000 s with resource class ReceivedV2XMessage and nice -99999100
2020-05-23 22:01:52,239 DEBUG - #tearDown at simulation time 109.000,000,000 s
