2020-05-23 21:56:07,984 WARN - Could not check operating system of Application. Skipping check.
2020-05-23 21:56:07,985 DEBUG - Successfully instantiated the class com.dcaiti.vsimrti.app.tutorials.barnim.WeatherWarningAppCell
2020-05-23 21:56:07,985 DEBUG - Successfully instantiated the class com.dcaiti.vsimrti.app.tutorials.barnim.SlowDownApp
2020-05-23 21:56:07,985 DEBUG - #tearUp at simulation time 126.000,000,000 s
2020-05-23 21:56:07,987 DEBUG - #preProcessEvent at simulation time 126.000,000,000 s with resource class VehicleInfo and nice -99999900
2020-05-23 21:56:08,051 DEBUG - #preProcessEvent at simulation time 127.000,000,000 s with resource class VehicleInfo and nice -99999800
2020-05-23 21:56:08,137 DEBUG - #preProcessEvent at simulation time 128.000,000,000 s with resource class VehicleInfo and nice -99999800
2020-05-23 21:56:08,162 DEBUG - #preProcessEvent at simulation time 129.000,000,000 s with resource class VehicleInfo and nice -99999800
2020-05-23 21:56:08,202 DEBUG - #preProcessEvent at simulation time 130.000,000,000 s with resource class VehicleInfo and nice -99999800
2020-05-23 21:56:08,357 DEBUG - #preProcessEvent at simulation time 131.000,000,000 s with resource class VehicleInfo and nice -99999800
2020-05-23 21:56:08,384 DEBUG - #preProcessEvent at simulation time 132.000,000,000 s with resource class VehicleInfo and nice -99999800
2020-05-23 21:56:08,493 DEBUG - #preProcessEvent at simulation time 133.000,000,000 s with resource class VehicleInfo and nice -99999800
2020-05-23 21:56:08,522 DEBUG - #preProcessEvent at simulation time 134.000,000,000 s with resource class VehicleInfo and nice -99999800
2020-05-23 21:56:08,641 DEBUG - #preProcessEvent at simulation time 135.000,000,000 s with resource class VehicleInfo and nice -99999800
2020-05-23 21:56:08,698 DEBUG - #preProcessEvent at simulation time 136.000,000,000 s with resource class VehicleInfo and nice -99999800
2020-05-23 21:56:08,859 DEBUG - #preProcessEvent at simulation time 137.000,000,000 s with resource class VehicleInfo and nice -99999800
2020-05-23 21:56:08,906 DEBUG - #preProcessEvent at simulation time 138.000,000,000 s with resource class VehicleInfo and nice -99999800
2020-05-23 21:56:08,939 DEBUG - #preProcessEvent at simulation time 139.000,000,000 s with resource class VehicleInfo and nice -99999800
2020-05-23 21:56:09,092 DEBUG - #preProcessEvent at simulation time 140.000,000,000 s with resource class VehicleInfo and nice -99999800
2020-05-23 21:56:09,151 DEBUG - #preProcessEvent at simulation time 141.000,000,000 s with resource class VehicleInfo and nice -99999800
2020-05-23 21:56:09,280 DEBUG - #preProcessEvent at simulation time 142.000,000,000 s with resource class VehicleInfo and nice -99999800
2020-05-23 21:56:09,309 DEBUG - #preProcessEvent at simulation time 143.000,000,000 s with resource class VehicleInfo and nice -99999800
2020-05-23 21:56:09,391 DEBUG - #preProcessEvent at simulation time 144.000,000,000 s with resource class VehicleInfo and nice -99999800
2020-05-23 21:56:09,417 DEBUG - #preProcessEvent at simulation time 145.000,000,000 s with resource class VehicleInfo and nice -99999800
2020-05-23 21:56:09,474 DEBUG - #preProcessEvent at simulation time 146.000,000,000 s with resource class VehicleInfo and nice -99999800
2020-05-23 21:56:09,506 DEBUG - #preProcessEvent at simulation time 147.000,000,000 s with resource class VehicleInfo and nice -99999800
2020-05-23 21:56:09,581 DEBUG - #preProcessEvent at simulation time 148.000,000,000 s with resource class VehicleInfo and nice -99999800
2020-05-23 21:56:09,733 DEBUG - #preProcessEvent at simulation time 149.000,000,000 s with resource class VehicleInfo and nice -99999800
2020-05-23 21:56:09,801 DEBUG - #preProcessEvent at simulation time 150.000,000,000 s with resource class VehicleInfo and nice -99999800
2020-05-23 21:56:09,998 DEBUG - #preProcessEvent at simulation time 151.000,000,000 s with resource class VehicleInfo and nice -99999800
2020-05-23 21:56:10,083 DEBUG - #preProcessEvent at simulation time 152.000,000,000 s with resource class VehicleInfo and nice -99999800
2020-05-23 21:56:10,159 DEBUG - #preProcessEvent at simulation time 153.000,000,000 s with resource class VehicleInfo and nice -99999800
2020-05-23 21:56:10,251 DEBUG - #preProcessEvent at simulation time 154.000,000,000 s with resource class VehicleInfo and nice -99999800
2020-05-23 21:56:10,279 DEBUG - #preProcessEvent at simulation time 155.000,000,000 s with resource class VehicleInfo and nice -99999800
2020-05-23 21:56:10,350 DEBUG - #preProcessEvent at simulation time 156.000,000,000 s with resource class VehicleInfo and nice -99999800
2020-05-23 21:56:10,421 DEBUG - #preProcessEvent at simulation time 157.000,000,000 s with resource class VehicleInfo and nice -99999800
2020-05-23 21:56:10,454 DEBUG - #preProcessEvent at simulation time 158.000,000,000 s with resource class VehicleInfo and nice -99999800
2020-05-23 21:56:10,485 DEBUG - #preProcessEvent at simulation time 159.000,000,000 s with resource class VehicleInfo and nice -99999800
2020-05-23 21:56:10,599 DEBUG - #preProcessEvent at simulation time 160.000,000,000 s with resource class VehicleInfo and nice -99999800
2020-05-23 21:56:10,736 DEBUG - #preProcessEvent at simulation time 161.000,000,000 s with resource class VehicleInfo and nice -99999800
2020-05-23 21:56:10,839 DEBUG - #preProcessEvent at simulation time 162.000,000,000 s with resource class VehicleInfo and nice -99999800
2020-05-23 21:56:10,929 DEBUG - #preProcessEvent at simulation time 163.000,000,000 s with resource class VehicleInfo and nice -99999800
2020-05-23 21:56:11,026 DEBUG - #preProcessEvent at simulation time 164.000,000,000 s with resource class VehicleInfo and nice -99999800
2020-05-23 21:56:11,136 DEBUG - #preProcessEvent at simulation time 165.000,000,000 s with resource class VehicleInfo and nice -99999800
2020-05-23 21:56:11,240 DEBUG - #preProcessEvent at simulation time 166.000,000,000 s with resource class VehicleInfo and nice -99999800
2020-05-23 21:56:11,593 DEBUG - #preProcessEvent at simulation time 167.000,000,000 s with resource class VehicleInfo and nice -99999800
2020-05-23 21:56:11,632 DEBUG - #preProcessEvent at simulation time 168.000,000,000 s with resource class VehicleInfo and nice -99999800
2020-05-23 21:56:11,684 DEBUG - #preProcessEvent at simulation time 169.000,000,000 s with resource class VehicleInfo and nice -99999800
2020-05-23 21:56:11,925 DEBUG - #preProcessEvent at simulation time 170.000,000,000 s with resource class VehicleInfo and nice -99999800
2020-05-23 21:56:12,065 DEBUG - #preProcessEvent at simulation time 171.000,000,000 s with resource class VehicleInfo and nice -99999800
2020-05-23 21:56:12,182 DEBUG - #preProcessEvent at simulation time 172.000,000,000 s with resource class VehicleInfo and nice -99999800
2020-05-23 21:56:12,283 DEBUG - #preProcessEvent at simulation time 173.000,000,000 s with resource class VehicleInfo and nice -99999800
2020-05-23 21:56:12,484 DEBUG - #preProcessEvent at simulation time 174.000,000,000 s with resource class VehicleInfo and nice -99999800
2020-05-23 21:56:12,626 DEBUG - #preProcessEvent at simulation time 175.000,000,000 s with resource class VehicleInfo and nice -99999800
2020-05-23 21:56:12,756 DEBUG - #preProcessEvent at simulation time 176.000,000,000 s with resource class VehicleInfo and nice -99999800
2020-05-23 21:56:12,872 DEBUG - #preProcessEvent at simulation time 177.000,000,000 s with resource class VehicleInfo and nice -99999800
2020-05-23 21:56:13,005 DEBUG - #preProcessEvent at simulation time 178.000,000,000 s with resource class VehicleInfo and nice -99999800
2020-05-23 21:56:13,143 DEBUG - #preProcessEvent at simulation time 179.000,000,000 s with resource class VehicleInfo and nice -99999800
2020-05-23 21:56:13,265 DEBUG - #preProcessEvent at simulation time 180.000,000,000 s with resource class VehicleInfo and nice -99999800
2020-05-23 21:56:13,487 DEBUG - #preProcessEvent at simulation time 181.000,000,000 s with resource class VehicleInfo and nice -99999800
2020-05-23 21:56:13,668 DEBUG - #preProcessEvent at simulation time 182.000,000,000 s with resource class VehicleInfo and nice -99999800
2020-05-23 21:56:13,783 DEBUG - #preProcessEvent at simulation time 183.000,000,000 s with resource class VehicleInfo and nice -99999800
2020-05-23 21:56:13,883 DEBUG - #preProcessEvent at simulation time 184.000,000,000 s with resource class VehicleInfo and nice -99999800
2020-05-23 21:56:14,041 DEBUG - #preProcessEvent at simulation time 185.000,000,000 s with resource class VehicleInfo and nice -99999800
2020-05-23 21:56:14,235 DEBUG - #preProcessEvent at simulation time 186.000,000,000 s with resource class VehicleInfo and nice -99999800
2020-05-23 21:56:14,284 DEBUG - #preProcessEvent at simulation time 187.000,000,000 s with resource class VehicleInfo and nice -99999800
2020-05-23 21:56:14,434 DEBUG - #preProcessEvent at simulation time 188.000,000,000 s with resource class VehicleInfo and nice -99999800
2020-05-23 21:56:14,483 DEBUG - #preProcessEvent at simulation time 189.000,000,000 s with resource class VehicleInfo and nice -99999800
2020-05-23 21:56:14,628 DEBUG - #preProcessEvent at simulation time 190.000,000,000 s with resource class VehicleInfo and nice -99999800
2020-05-23 21:56:14,799 DEBUG - #preProcessEvent at simulation time 191.000,000,000 s with resource class VehicleInfo and nice -99999800
2020-05-23 21:56:14,964 DEBUG - #preProcessEvent at simulation time 192.000,000,000 s with resource class VehicleInfo and nice -99999800
2020-05-23 21:56:15,015 DEBUG - #preProcessEvent at simulation time 193.000,000,000 s with resource class VehicleInfo and nice -99999800
2020-05-23 21:56:15,177 DEBUG - #preProcessEvent at simulation time 194.000,000,000 s with resource class VehicleInfo and nice -99999800
2020-05-23 21:56:15,246 DEBUG - #preProcessEvent at simulation time 195.000,000,000 s with resource class VehicleInfo and nice -99999800
2020-05-23 21:56:15,412 DEBUG - #preProcessEvent at simulation time 196.000,000,000 s with resource class VehicleInfo and nice -99999800
2020-05-23 21:56:15,492 DEBUG - #preProcessEvent at simulation time 197.000,000,000 s with resource class VehicleInfo and nice -99999800
2020-05-23 21:56:15,578 DEBUG - #preProcessEvent at simulation time 198.000,000,000 s with resource class VehicleInfo and nice -99999800
2020-05-23 21:56:15,675 DEBUG - #preProcessEvent at simulation time 199.000,000,000 s with resource class VehicleInfo and nice -99999800
2020-05-23 21:56:15,747 DEBUG - #preProcessEvent at simulation time 200.000,000,000 s with resource class VehicleInfo and nice -99999800
2020-05-23 21:56:15,955 DEBUG - #preProcessEvent at simulation time 201.000,000,000 s with resource class VehicleInfo and nice -99999800
2020-05-23 21:56:16,074 DEBUG - #preProcessEvent at simulation time 202.000,000,000 s with resource class VehicleInfo and nice -99999800
2020-05-23 21:56:16,123 DEBUG - #preProcessEvent at simulation time 203.000,000,000 s with resource class VehicleInfo and nice -99999800
2020-05-23 21:56:16,289 DEBUG - #preProcessEvent at simulation time 204.000,000,000 s with resource class VehicleInfo and nice -99999800
2020-05-23 21:56:16,336 DEBUG - #preProcessEvent at simulation time 205.000,000,000 s with resource class VehicleInfo and nice -99999800
2020-05-23 21:56:16,535 DEBUG - #preProcessEvent at simulation time 206.000,000,000 s with resource class VehicleInfo and nice -99999800
2020-05-23 21:56:16,618 DEBUG - #preProcessEvent at simulation time 207.000,000,000 s with resource class VehicleInfo and nice -99999800
2020-05-23 21:56:16,678 DEBUG - #preProcessEvent at simulation time 208.000,000,000 s with resource class VehicleInfo and nice -99999800
2020-05-23 21:56:16,770 DEBUG - #preProcessEvent at simulation time 209.000,000,000 s with resource class VehicleInfo and nice -99999800
2020-05-23 21:56:16,945 DEBUG - #preProcessEvent at simulation time 210.000,000,000 s with resource class VehicleInfo and nice -99999800
2020-05-23 21:56:17,086 DEBUG - #preProcessEvent at simulation time 211.000,000,000 s with resource class VehicleInfo and nice -99999800
2020-05-23 21:56:17,216 DEBUG - #preProcessEvent at simulation time 212.000,000,000 s with resource class VehicleInfo and nice -99999800
2020-05-23 21:56:17,260 DEBUG - #preProcessEvent at simulation time 213.000,000,000 s with resource class VehicleInfo and nice -99999800
2020-05-23 21:56:17,305 DEBUG - #preProcessEvent at simulation time 214.000,000,000 s with resource class VehicleInfo and nice -99999800
2020-05-23 21:56:17,477 DEBUG - #preProcessEvent at simulation time 215.000,000,000 s with resource class VehicleInfo and nice -99999800
2020-05-23 21:56:17,627 DEBUG - #preProcessEvent at simulation time 216.000,000,000 s with resource class VehicleInfo and nice -99999800
2020-05-23 21:56:17,662 DEBUG - #preProcessEvent at simulation time 217.000,000,000 s with resource class VehicleInfo and nice -99999800
2020-05-23 21:56:17,721 DEBUG - #preProcessEvent at simulation time 218.000,000,000 s with resource class VehicleInfo and nice -99999800
2020-05-23 21:56:17,847 DEBUG - #preProcessEvent at simulation time 219.000,000,000 s with resource class VehicleInfo and nice -99999800
2020-05-23 21:56:17,889 DEBUG - #preProcessEvent at simulation time 220.000,000,000 s with resource class VehicleInfo and nice -99999800
2020-05-23 21:56:18,070 DEBUG - #preProcessEvent at simulation time 221.000,000,000 s with resource class VehicleInfo and nice -99999800
2020-05-23 21:56:18,166 DEBUG - #preProcessEvent at simulation time 222.000,000,000 s with resource class VehicleInfo and nice -99999800
2020-05-23 21:56:18,205 DEBUG - #preProcessEvent at simulation time 223.000,000,000 s with resource class VehicleInfo and nice -99999800
2020-05-23 21:56:18,354 DEBUG - #preProcessEvent at simulation time 224.000,000,000 s with resource class VehicleInfo and nice -99999800
2020-05-23 21:56:18,523 DEBUG - #preProcessEvent at simulation time 225.000,000,000 s with resource class VehicleInfo and nice -99999800
2020-05-23 21:56:18,676 DEBUG - #preProcessEvent at simulation time 226.000,000,000 s with resource class VehicleInfo and nice -99999800
2020-05-23 21:56:18,779 DEBUG - #preProcessEvent at simulation time 227.000,000,000 s with resource class VehicleInfo and nice -99999800
2020-05-23 21:56:18,888 DEBUG - #preProcessEvent at simulation time 228.000,000,000 s with resource class VehicleInfo and nice -99999800
2020-05-23 21:56:18,945 DEBUG - #preProcessEvent at simulation time 229.000,000,000 s with resource class VehicleInfo and nice -99999800
2020-05-23 21:56:19,096 DEBUG - #preProcessEvent at simulation time 230.000,000,000 s with resource class VehicleInfo and nice -99999800
2020-05-23 21:56:19,182 DEBUG - #preProcessEvent at simulation time 231.000,000,000 s with resource class VehicleInfo and nice -99999800
2020-05-23 21:56:19,339 DEBUG - #preProcessEvent at simulation time 232.000,000,000 s with resource class VehicleInfo and nice -99999800
2020-05-23 21:56:19,450 DEBUG - #preProcessEvent at simulation time 233.000,000,000 s with resource class VehicleInfo and nice -99999800
2020-05-23 21:56:19,499 DEBUG - #preProcessEvent at simulation time 234.000,000,000 s with resource class VehicleInfo and nice -99999800
2020-05-23 21:56:19,643 DEBUG - #preProcessEvent at simulation time 235.000,000,000 s with resource class VehicleInfo and nice -99999800
2020-05-23 21:56:19,721 DEBUG - #preProcessEvent at simulation time 236.000,000,000 s with resource class VehicleInfo and nice -99999800
2020-05-23 21:56:19,836 DEBUG - #preProcessEvent at simulation time 237.000,000,000 s with resource class VehicleInfo and nice -99999800
2020-05-23 21:56:19,877 DEBUG - #preProcessEvent at simulation time 238.000,000,000 s with resource class VehicleInfo and nice -99999800
2020-05-23 21:56:19,937 DEBUG - #preProcessEvent at simulation time 239.000,000,000 s with resource class VehicleInfo and nice -99999800
2020-05-23 21:56:20,094 DEBUG - #preProcessEvent at simulation time 240.000,000,000 s with resource class VehicleInfo and nice -99999800
2020-05-23 21:56:20,186 DEBUG - #preProcessEvent at simulation time 241.000,000,000 s with resource class VehicleInfo and nice -99999800
2020-05-23 21:56:20,304 DEBUG - #preProcessEvent at simulation time 242.000,000,000 s with resource class VehicleInfo and nice -99999800
2020-05-23 21:56:20,413 DEBUG - #preProcessEvent at simulation time 243.000,000,000 s with resource class VehicleInfo and nice -99999800
2020-05-23 21:56:20,469 DEBUG - #preProcessEvent at simulation time 244.000,000,000 s with resource class VehicleInfo and nice -99999800
2020-05-23 21:56:20,509 DEBUG - #preProcessEvent at simulation time 245.000,000,000 s with resource class VehicleInfo and nice -99999800
2020-05-23 21:56:20,797 DEBUG - #preProcessEvent at simulation time 246.000,000,000 s with resource class VehicleInfo and nice -99999800
2020-05-23 21:56:20,875 DEBUG - #preProcessEvent at simulation time 247.000,000,000 s with resource class VehicleInfo and nice -99999800
2020-05-23 21:56:20,921 DEBUG - #preProcessEvent at simulation time 248.000,000,000 s with resource class VehicleInfo and nice -99999800
2020-05-23 21:56:21,068 DEBUG - #preProcessEvent at simulation time 249.000,000,000 s with resource class VehicleInfo and nice -99999800
2020-05-23 21:56:21,111 DEBUG - #preProcessEvent at simulation time 250.000,000,000 s with resource class VehicleInfo and nice -99999800
2020-05-23 21:56:21,311 DEBUG - #preProcessEvent at simulation time 251.000,000,000 s with resource class VehicleInfo and nice -99999800
2020-05-23 21:56:21,389 DEBUG - #preProcessEvent at simulation time 252.000,000,000 s with resource class VehicleInfo and nice -99999800
2020-05-23 21:56:21,431 DEBUG - #preProcessEvent at simulation time 253.000,000,000 s with resource class VehicleInfo and nice -99999800
2020-05-23 21:56:21,466 DEBUG - #preProcessEvent at simulation time 254.000,000,000 s with resource class VehicleInfo and nice -99999800
2020-05-23 21:56:21,537 DEBUG - #preProcessEvent at simulation time 255.000,000,000 s with resource class VehicleInfo and nice -99999800
2020-05-23 21:56:21,795 DEBUG - #preProcessEvent at simulation time 256.000,000,000 s with resource class VehicleInfo and nice -99999800
2020-05-23 21:56:21,874 DEBUG - #preProcessEvent at simulation time 257.000,000,000 s with resource class VehicleInfo and nice -99999800
2020-05-23 21:56:21,922 DEBUG - #preProcessEvent at simulation time 258.000,000,000 s with resource class VehicleInfo and nice -99999800
2020-05-23 21:56:22,391 DEBUG - #preProcessEvent at simulation time 259.000,000,000 s with resource class VehicleInfo and nice -99999800
2020-05-23 21:56:22,490 DEBUG - #preProcessEvent at simulation time 260.000,000,000 s with resource class VehicleInfo and nice -99999800
2020-05-23 21:56:22,804 DEBUG - #preProcessEvent at simulation time 261.000,000,000 s with resource class VehicleInfo and nice -99999800
2020-05-23 21:56:23,069 DEBUG - #preProcessEvent at simulation time 262.000,000,000 s with resource class VehicleInfo and nice -99999800
2020-05-23 21:56:23,310 DEBUG - #preProcessEvent at simulation time 263.000,000,000 s with resource class VehicleInfo and nice -99999800
2020-05-23 21:56:23,498 DEBUG - #preProcessEvent at simulation time 264.000,000,000 s with resource class VehicleInfo and nice -99999800
2020-05-23 21:56:23,626 DEBUG - #preProcessEvent at simulation time 265.000,000,000 s with resource class VehicleInfo and nice -99999800
2020-05-23 21:56:23,919 DEBUG - #preProcessEvent at simulation time 266.000,000,000 s with resource class VehicleInfo and nice -99999800
2020-05-23 21:56:24,038 DEBUG - #preProcessEvent at simulation time 267.000,000,000 s with resource class VehicleInfo and nice -99999800
2020-05-23 21:56:24,321 DEBUG - #preProcessEvent at simulation time 268.000,000,000 s with resource class VehicleInfo and nice -99999800
2020-05-23 21:56:24,431 DEBUG - #preProcessEvent at simulation time 269.000,000,000 s with resource class VehicleInfo and nice -99999800
2020-05-23 21:56:24,737 DEBUG - #preProcessEvent at simulation time 270.000,000,000 s with resource class VehicleInfo and nice -99999800
2020-05-23 21:56:24,834 DEBUG - #preProcessEvent at simulation time 271.000,000,000 s with resource class VehicleInfo and nice -99999800
2020-05-23 21:56:25,056 DEBUG - #preProcessEvent at simulation time 272.000,000,000 s with resource class VehicleInfo and nice -99999800
2020-05-23 21:56:25,185 DEBUG - #preProcessEvent at simulation time 273.000,000,000 s with resource class VehicleInfo and nice -99999800
2020-05-23 21:56:25,335 DEBUG - #preProcessEvent at simulation time 274.000,000,000 s with resource class VehicleInfo and nice -99999800
2020-05-23 21:56:25,589 DEBUG - #preProcessEvent at simulation time 275.000,000,000 s with resource class VehicleInfo and nice -99999800
2020-05-23 21:56:25,707 DEBUG - #preProcessEvent at simulation time 276.000,000,000 s with resource class VehicleInfo and nice -99999800
2020-05-23 21:56:25,919 DEBUG - #preProcessEvent at simulation time 277.000,000,000 s with resource class VehicleInfo and nice -99999800
2020-05-23 21:56:26,105 DEBUG - #preProcessEvent at simulation time 278.000,000,000 s with resource class VehicleInfo and nice -99999800
2020-05-23 21:56:26,262 DEBUG - #preProcessEvent at simulation time 279.000,000,000 s with resource class VehicleInfo and nice -99999800
2020-05-23 21:56:26,505 DEBUG - #preProcessEvent at simulation time 280.000,000,000 s with resource class VehicleInfo and nice -99999800
2020-05-23 21:56:26,619 DEBUG - #preProcessEvent at simulation time 281.000,000,000 s with resource class VehicleInfo and nice -99999800
2020-05-23 21:56:26,708 DEBUG - #preProcessEvent at simulation time 282.000,000,000 s with resource class VehicleInfo and nice -99999800
2020-05-23 21:56:26,965 DEBUG - #preProcessEvent at simulation time 283.000,000,000 s with resource class VehicleInfo and nice -99999800
2020-05-23 21:56:27,226 DEBUG - #preProcessEvent at simulation time 284.000,000,000 s with resource class VehicleInfo and nice -99999800
2020-05-23 21:56:27,427 DEBUG - #preProcessEvent at simulation time 285.000,000,000 s with resource class VehicleInfo and nice -99999800
2020-05-23 21:56:27,636 DEBUG - #preProcessEvent at simulation time 286.000,000,000 s with resource class VehicleInfo and nice -99999800
2020-05-23 21:56:27,820 DEBUG - #preProcessEvent at simulation time 287.000,000,000 s with resource class VehicleInfo and nice -99999800
2020-05-23 21:56:27,968 DEBUG - #preProcessEvent at simulation time 288.000,000,000 s with resource class VehicleInfo and nice -99999800
2020-05-23 21:56:28,136 DEBUG - #preProcessEvent at simulation time 289.000,000,000 s with resource class VehicleInfo and nice -99999800
2020-05-23 21:56:28,409 DEBUG - #preProcessEvent at simulation time 290.000,000,000 s with resource class VehicleInfo and nice -99999800
2020-05-23 21:56:28,512 DEBUG - #preProcessEvent at simulation time 291.000,000,000 s with resource class VehicleInfo and nice -99999800
2020-05-23 21:56:28,674 DEBUG - #preProcessEvent at simulation time 292.000,000,000 s with resource class VehicleInfo and nice -99999800
2020-05-23 21:56:28,854 DEBUG - #preProcessEvent at simulation time 293.000,000,000 s with resource class VehicleInfo and nice -99999800
2020-05-23 21:56:28,928 DEBUG - #preProcessEvent at simulation time 294.000,000,000 s with resource class VehicleInfo and nice -99999800
2020-05-23 21:56:29,162 DEBUG - #preProcessEvent at simulation time 295.000,000,000 s with resource class VehicleInfo and nice -99999800
2020-05-23 21:56:29,380 DEBUG - #preProcessEvent at simulation time 296.000,000,000 s with resource class VehicleInfo and nice -99999800
2020-05-23 21:56:29,447 DEBUG - #preProcessEvent at simulation time 297.000,000,000 s with resource class VehicleInfo and nice -99999800
2020-05-23 21:56:29,663 DEBUG - #preProcessEvent at simulation time 298.000,000,000 s with resource class VehicleInfo and nice -99999800
2020-05-23 21:56:29,766 DEBUG - #preProcessEvent at simulation time 299.000,000,000 s with resource class VehicleInfo and nice -99999800
2020-05-23 21:56:29,835 DEBUG - #preProcessEvent at simulation time 300.000,000,000 s with resource class VehicleInfo and nice -99999800
2020-05-23 21:56:30,083 DEBUG - #preProcessEvent at simulation time 301.000,000,000 s with resource class VehicleInfo and nice -99999800
2020-05-23 21:56:30,159 DEBUG - #preProcessEvent at simulation time 302.000,000,000 s with resource class VehicleInfo and nice -99999800
2020-05-23 21:56:30,222 DEBUG - #preProcessEvent at simulation time 303.000,000,000 s with resource class VehicleInfo and nice -99999800
2020-05-23 21:56:30,278 DEBUG - #preProcessEvent at simulation time 304.000,000,000 s with resource class VehicleInfo and nice -99999800
2020-05-23 21:56:30,421 DEBUG - #preProcessEvent at simulation time 305.000,000,000 s with resource class VehicleInfo and nice -99999800
2020-05-23 21:56:30,615 DEBUG - #preProcessEvent at simulation time 306.000,000,000 s with resource class VehicleInfo and nice -99999800
2020-05-23 21:56:30,764 DEBUG - #preProcessEvent at simulation time 307.000,000,000 s with resource class VehicleInfo and nice -99999800
2020-05-23 21:56:30,888 DEBUG - #preProcessEvent at simulation time 308.000,000,000 s with resource class VehicleInfo and nice -99999800
2020-05-23 21:56:30,950 DEBUG - #preProcessEvent at simulation time 309.000,000,000 s with resource class VehicleInfo and nice -99999800
2020-05-23 21:56:31,145 DEBUG - #preProcessEvent at simulation time 310.000,000,000 s with resource class VehicleInfo and nice -99999800
2020-05-23 21:56:31,313 DEBUG - #preProcessEvent at simulation time 311.000,000,000 s with resource class VehicleInfo and nice -99999800
2020-05-23 21:56:31,368 DEBUG - #preProcessEvent at simulation time 312.000,000,000 s with resource class VehicleInfo and nice -99999800
2020-05-23 21:56:31,434 DEBUG - #preProcessEvent at simulation time 313.000,000,000 s with resource class VehicleInfo and nice -99999800
2020-05-23 21:56:31,483 DEBUG - #preProcessEvent at simulation time 314.000,000,000 s with resource class VehicleInfo and nice -99999800
2020-05-23 21:56:31,762 DEBUG - #preProcessEvent at simulation time 315.000,000,000 s with resource class VehicleInfo and nice -99999800
2020-05-23 21:56:31,894 DEBUG - #preProcessEvent at simulation time 316.000,000,000 s with resource class VehicleInfo and nice -99999800
2020-05-23 21:56:31,970 DEBUG - #preProcessEvent at simulation time 317.000,000,000 s with resource class VehicleInfo and nice -99999800
2020-05-23 21:56:32,091 DEBUG - #preProcessEvent at simulation time 318.000,000,000 s with resource class VehicleInfo and nice -99999800
2020-05-23 21:56:32,195 DEBUG - #preProcessEvent at simulation time 319.000,000,000 s with resource class VehicleInfo and nice -99999800
2020-05-23 21:56:32,347 DEBUG - #preProcessEvent at simulation time 320.000,000,000 s with resource class VehicleInfo and nice -99999800
2020-05-23 21:56:32,491 DEBUG - #preProcessEvent at simulation time 321.000,000,000 s with resource class VehicleInfo and nice -99999800
2020-05-23 21:56:32,589 DEBUG - #preProcessEvent at simulation time 322.000,000,000 s with resource class VehicleInfo and nice -99999800
2020-05-23 21:56:32,686 DEBUG - #preProcessEvent at simulation time 323.000,000,000 s with resource class VehicleInfo and nice -99999800
2020-05-23 21:56:32,741 DEBUG - #preProcessEvent at simulation time 324.000,000,000 s with resource class VehicleInfo and nice -99999800
2020-05-23 21:56:32,914 DEBUG - #preProcessEvent at simulation time 325.000,000,000 s with resource class VehicleInfo and nice -99999800
2020-05-23 21:56:33,033 DEBUG - #preProcessEvent at simulation time 326.000,000,000 s with resource class VehicleInfo and nice -99999800
2020-05-23 21:56:33,168 DEBUG - #preProcessEvent at simulation time 327.000,000,000 s with resource class VehicleInfo and nice -99999800
2020-05-23 21:56:33,268 DEBUG - #preProcessEvent at simulation time 328.000,000,000 s with resource class VehicleInfo and nice -99999800
2020-05-23 21:56:33,318 DEBUG - #preProcessEvent at simulation time 329.000,000,000 s with resource class VehicleInfo and nice -99999800
2020-05-23 21:56:33,485 DEBUG - #preProcessEvent at simulation time 330.000,000,000 s with resource class VehicleInfo and nice -99999800
2020-05-23 21:56:33,599 DEBUG - #preProcessEvent at simulation time 331.000,000,000 s with resource class VehicleInfo and nice -99999800
2020-05-23 21:56:33,667 DEBUG - #preProcessEvent at simulation time 332.000,000,000 s with resource class VehicleInfo and nice -99999800
2020-05-23 21:56:33,737 DEBUG - #preProcessEvent at simulation time 333.000,000,000 s with resource class VehicleInfo and nice -99999800
2020-05-23 21:56:33,841 DEBUG - #preProcessEvent at simulation time 334.000,000,000 s with resource class VehicleInfo and nice -99999800
2020-05-23 21:56:33,893 DEBUG - #preProcessEvent at simulation time 335.000,000,000 s with resource class VehicleInfo and nice -99999800
2020-05-23 21:56:34,096 DEBUG - #preProcessEvent at simulation time 336.000,000,000 s with resource class VehicleInfo and nice -99999800
2020-05-23 21:56:34,189 DEBUG - #preProcessEvent at simulation time 337.000,000,000 s with resource class VehicleInfo and nice -99999800
2020-05-23 21:56:34,245 DEBUG - #preProcessEvent at simulation time 338.000,000,000 s with resource class VehicleInfo and nice -99999800
2020-05-23 21:56:34,299 DEBUG - #preProcessEvent at simulation time 339.000,000,000 s with resource class VehicleInfo and nice -99999800
2020-05-23 21:56:34,549 DEBUG - #preProcessEvent at simulation time 340.000,000,000 s with resource class VehicleInfo and nice -99999800
2020-05-23 21:56:34,689 DEBUG - #preProcessEvent at simulation time 341.000,000,000 s with resource class VehicleInfo and nice -99999800
2020-05-23 21:56:34,906 DEBUG - #preProcessEvent at simulation time 342.000,000,000 s with resource class VehicleInfo and nice -99999800
2020-05-23 21:56:34,980 DEBUG - #preProcessEvent at simulation time 343.000,000,000 s with resource class VehicleInfo and nice -99999800
2020-05-23 21:56:35,138 DEBUG - #preProcessEvent at simulation time 344.000,000,000 s with resource class VehicleInfo and nice -99999800
2020-05-23 21:56:35,259 DEBUG - #preProcessEvent at simulation time 345.000,000,000 s with resource class VehicleInfo and nice -99999800
2020-05-23 21:56:35,331 DEBUG - #preProcessEvent at simulation time 346.000,000,000 s with resource class VehicleInfo and nice -99999800
2020-05-23 21:56:35,401 DEBUG - #preProcessEvent at simulation time 347.000,000,000 s with resource class VehicleInfo and nice -99999800
2020-05-23 21:56:35,444 DEBUG - #preProcessEvent at simulation time 348.000,000,000 s with resource class VehicleInfo and nice -99999800
2020-05-23 21:56:35,478 DEBUG - #preProcessEvent at simulation time 349.000,000,000 s with resource class VehicleInfo and nice -99999800
2020-05-23 21:56:35,536 DEBUG - #preProcessEvent at simulation time 350.000,000,000 s with resource class VehicleInfo and nice -99999800
2020-05-23 21:56:35,786 DEBUG - #preProcessEvent at simulation time 351.000,000,000 s with resource class VehicleInfo and nice -99999800
2020-05-23 21:56:35,838 DEBUG - #preProcessEvent at simulation time 352.000,000,000 s with resource class VehicleInfo and nice -99999800
2020-05-23 21:56:35,880 DEBUG - #preProcessEvent at simulation time 353.000,000,000 s with resource class VehicleInfo and nice -99999800
2020-05-23 21:56:35,964 DEBUG - #preProcessEvent at simulation time 354.000,000,000 s with resource class VehicleInfo and nice -99999800
2020-05-23 21:56:36,125 DEBUG - #preProcessEvent at simulation time 355.000,000,000 s with resource class VehicleInfo and nice -99999800
2020-05-23 21:56:36,261 DEBUG - #preProcessEvent at simulation time 356.000,000,000 s with resource class VehicleInfo and nice -99999800
2020-05-23 21:56:36,308 DEBUG - #preProcessEvent at simulation time 357.000,000,000 s with resource class VehicleInfo and nice -99999800
2020-05-23 21:56:36,459 DEBUG - #preProcessEvent at simulation time 358.000,000,000 s with resource class VehicleInfo and nice -99999800
2020-05-23 21:56:36,497 DEBUG - #preProcessEvent at simulation time 359.000,000,000 s with resource class VehicleInfo and nice -99999800
2020-05-23 21:56:36,683 DEBUG - #preProcessEvent at simulation time 360.000,000,000 s with resource class VehicleInfo and nice -99999800
2020-05-23 21:56:36,915 DEBUG - #preProcessEvent at simulation time 361.000,000,000 s with resource class VehicleInfo and nice -99999800
2020-05-23 21:56:36,964 DEBUG - #preProcessEvent at simulation time 362.000,000,000 s with resource class VehicleInfo and nice -99999800
2020-05-23 21:56:37,148 DEBUG - #preProcessEvent at simulation time 363.000,000,000 s with resource class VehicleInfo and nice -99999800
2020-05-23 21:56:37,288 DEBUG - #preProcessEvent at simulation time 364.000,000,000 s with resource class VehicleInfo and nice -99999800
2020-05-23 21:56:37,338 DEBUG - #preProcessEvent at simulation time 365.000,000,000 s with resource class VehicleInfo and nice -99999800
2020-05-23 21:56:37,561 DEBUG - #preProcessEvent at simulation time 366.000,000,000 s with resource class VehicleInfo and nice -99999800
2020-05-23 21:56:37,655 DEBUG - #preProcessEvent at simulation time 367.000,000,000 s with resource class VehicleInfo and nice -99999800
2020-05-23 21:56:37,770 DEBUG - #preProcessEvent at simulation time 368.000,000,000 s with resource class VehicleInfo and nice -99999800
2020-05-23 21:56:37,850 DEBUG - #preProcessEvent at simulation time 369.000,000,000 s with resource class VehicleInfo and nice -99999800
2020-05-23 21:56:37,888 DEBUG - #preProcessEvent at simulation time 370.000,000,000 s with resource class VehicleInfo and nice -99999800
2020-05-23 21:56:38,108 DEBUG - #preProcessEvent at simulation time 371.000,000,000 s with resource class VehicleInfo and nice -99999800
2020-05-23 21:56:38,230 DEBUG - #preProcessEvent at simulation time 372.000,000,000 s with resource class VehicleInfo and nice -99999800
2020-05-23 21:56:38,323 DEBUG - #preProcessEvent at simulation time 373.000,000,000 s with resource class VehicleInfo and nice -99999800
2020-05-23 21:56:38,488 DEBUG - #preProcessEvent at simulation time 374.000,000,000 s with resource class VehicleInfo and nice -99999800
2020-05-23 21:56:38,551 DEBUG - #preProcessEvent at simulation time 375.000,000,000 s with resource class VehicleInfo and nice -99999800
2020-05-23 21:56:38,688 DEBUG - #preProcessEvent at simulation time 376.000,000,000 s with resource class VehicleInfo and nice -99999800
2020-05-23 21:56:38,821 DEBUG - #preProcessEvent at simulation time 377.000,000,000 s with resource class VehicleInfo and nice -99999800
2020-05-23 21:56:38,902 DEBUG - #preProcessEvent at simulation time 378.000,000,000 s with resource class VehicleInfo and nice -99999800
2020-05-23 21:56:38,966 DEBUG - #preProcessEvent at simulation time 379.000,000,000 s with resource class VehicleInfo and nice -99999800
2020-05-23 21:56:39,119 DEBUG - #preProcessEvent at simulation time 380.000,000,000 s with resource class VehicleInfo and nice -99999800
2020-05-23 21:56:39,199 DEBUG - #preProcessEvent at simulation time 381.000,000,000 s with resource class VehicleInfo and nice -99999800
2020-05-23 21:56:39,403 DEBUG - #preProcessEvent at simulation time 382.000,000,000 s with resource class VehicleInfo and nice -99999800
2020-05-23 21:56:39,477 DEBUG - #preProcessEvent at simulation time 383.000,000,000 s with resource class VehicleInfo and nice -99999800
2020-05-23 21:56:39,520 DEBUG - #preProcessEvent at simulation time 384.000,000,000 s with resource class VehicleInfo and nice -99999800
2020-05-23 21:56:39,680 DEBUG - #preProcessEvent at simulation time 385.000,000,000 s with resource class VehicleInfo and nice -99999800
2020-05-23 21:56:39,751 DEBUG - #preProcessEvent at simulation time 386.000,000,000 s with resource class VehicleInfo and nice -99999800
2020-05-23 21:56:39,904 DEBUG - #preProcessEvent at simulation time 387.000,000,000 s with resource class VehicleInfo and nice -99999800
2020-05-23 21:56:39,989 DEBUG - #preProcessEvent at simulation time 388.000,000,000 s with resource class VehicleInfo and nice -99999800
2020-05-23 21:56:40,121 DEBUG - #preProcessEvent at simulation time 389.000,000,000 s with resource class VehicleInfo and nice -99999800
2020-05-23 21:56:40,170 DEBUG - #preProcessEvent at simulation time 390.000,000,000 s with resource class VehicleInfo and nice -99999800
2020-05-23 21:56:40,300 DEBUG - #preProcessEvent at simulation time 391.000,000,000 s with resource class VehicleInfo and nice -99999800
2020-05-23 21:56:40,345 DEBUG - #preProcessEvent at simulation time 392.000,000,000 s with resource class VehicleInfo and nice -99999800
2020-05-23 21:56:40,398 DEBUG - #preProcessEvent at simulation time 393.000,000,000 s with resource class VehicleInfo and nice -99999800
2020-05-23 21:56:40,447 DEBUG - #preProcessEvent at simulation time 394.000,000,000 s with resource class VehicleInfo and nice -99999800
2020-05-23 21:56:40,550 DEBUG - #preProcessEvent at simulation time 395.000,000,000 s with resource class VehicleInfo and nice -99999800
2020-05-23 21:56:40,841 DEBUG - #preProcessEvent at simulation time 396.000,000,000 s with resource class VehicleInfo and nice -99999800
2020-05-23 21:56:40,886 DEBUG - #preProcessEvent at simulation time 397.000,000,000 s with resource class VehicleInfo and nice -99999800
2020-05-23 21:56:41,047 DEBUG - #preProcessEvent at simulation time 398.000,000,000 s with resource class VehicleInfo and nice -99999800
2020-05-23 21:56:41,091 DEBUG - #preProcessEvent at simulation time 399.000,000,000 s with resource class VehicleInfo and nice -99999800
2020-05-23 21:56:41,184 DEBUG - #preProcessEvent at simulation time 400.000,000,000 s with resource class VehicleInfo and nice -99999800
2020-05-23 21:56:41,362 DEBUG - #preProcessEvent at simulation time 401.000,000,000 s with resource class VehicleInfo and nice -99999800
2020-05-23 21:56:41,486 DEBUG - #preProcessEvent at simulation time 402.000,000,000 s with resource class VehicleInfo and nice -99999800
2020-05-23 21:56:41,551 DEBUG - #preProcessEvent at simulation time 403.000,000,000 s with resource class VehicleInfo and nice -99999800
2020-05-23 21:56:41,641 DEBUG - #preProcessEvent at simulation time 404.000,000,000 s with resource class VehicleInfo and nice -99999800
2020-05-23 21:56:41,672 DEBUG - #preProcessEvent at simulation time 405.000,000,000 s with resource class VehicleInfo and nice -99999800
2020-05-23 21:56:41,750 DEBUG - #preProcessEvent at simulation time 406.000,000,000 s with resource class VehicleInfo and nice -99999800
2020-05-23 21:56:41,815 DEBUG - #preProcessEvent at simulation time 407.000,000,000 s with resource class VehicleInfo and nice -99999800
2020-05-23 21:56:41,852 DEBUG - #preProcessEvent at simulation time 408.000,000,000 s with resource class VehicleInfo and nice -99999800
2020-05-23 21:56:41,931 DEBUG - #preProcessEvent at simulation time 409.000,000,000 s with resource class VehicleInfo and nice -99999800
2020-05-23 21:56:42,064 DEBUG - #preProcessEvent at simulation time 410.000,000,000 s with resource class VehicleInfo and nice -99999800
2020-05-23 21:56:42,141 DEBUG - #preProcessEvent at simulation time 411.000,000,000 s with resource class VehicleInfo and nice -99999800
2020-05-23 21:56:42,182 DEBUG - #preProcessEvent at simulation time 412.000,000,000 s with resource class VehicleInfo and nice -99999800
2020-05-23 21:56:42,216 DEBUG - #preProcessEvent at simulation time 413.000,000,000 s with resource class VehicleInfo and nice -99999800
2020-05-23 21:56:42,274 DEBUG - #preProcessEvent at simulation time 414.000,000,000 s with resource class VehicleInfo and nice -99999800
2020-05-23 21:56:42,356 DEBUG - #preProcessEvent at simulation time 415.000,000,000 s with resource class VehicleInfo and nice -99999800
2020-05-23 21:56:42,488 DEBUG - #preProcessEvent at simulation time 416.000,000,000 s with resource class VehicleInfo and nice -99999800
2020-05-23 21:56:42,549 DEBUG - #preProcessEvent at simulation time 417.000,000,000 s with resource class VehicleInfo and nice -99999800
2020-05-23 21:56:42,598 DEBUG - #preProcessEvent at simulation time 418.000,000,000 s with resource class VehicleInfo and nice -99999800
2020-05-23 21:56:42,631 DEBUG - #preProcessEvent at simulation time 419.000,000,000 s with resource class VehicleInfo and nice -99999800
2020-05-23 21:56:42,681 DEBUG - #preProcessEvent at simulation time 420.000,000,000 s with resource class VehicleInfo and nice -99999800
2020-05-23 21:56:42,814 DEBUG - #preProcessEvent at simulation time 421.000,000,000 s with resource class VehicleInfo and nice -99999800
2020-05-23 21:56:42,855 DEBUG - #preProcessEvent at simulation time 422.000,000,000 s with resource class VehicleInfo and nice -99999800
2020-05-23 21:56:42,902 DEBUG - #preProcessEvent at simulation time 423.000,000,000 s with resource class VehicleInfo and nice -99999800
2020-05-23 21:56:42,988 DEBUG - #preProcessEvent at simulation time 424.000,000,000 s with resource class VehicleInfo and nice -99999800
2020-05-23 21:56:43,021 DEBUG - #preProcessEvent at simulation time 425.000,000,000 s with resource class VehicleInfo and nice -99999800
2020-05-23 21:56:43,104 DEBUG - #preProcessEvent at simulation time 426.000,000,000 s with resource class VehicleInfo and nice -99999800
2020-05-23 21:56:43,210 DEBUG - #preProcessEvent at simulation time 427.000,000,000 s with resource class VehicleInfo and nice -99999800
2020-05-23 21:56:43,245 DEBUG - #preProcessEvent at simulation time 428.000,000,000 s with resource class VehicleInfo and nice -99999800
2020-05-23 21:56:43,273 DEBUG - #preProcessEvent at simulation time 429.000,000,000 s with resource class VehicleInfo and nice -99999800
2020-05-23 21:56:43,339 DEBUG - #preProcessEvent at simulation time 430.000,000,000 s with resource class VehicleInfo and nice -99999800
2020-05-23 21:56:43,412 DEBUG - #preProcessEvent at simulation time 431.000,000,000 s with resource class VehicleInfo and nice -99999800
2020-05-23 21:56:43,455 DEBUG - #preProcessEvent at simulation time 432.000,000,000 s with resource class VehicleInfo and nice -99999800
2020-05-23 21:56:43,573 DEBUG - #preProcessEvent at simulation time 433.000,000,000 s with resource class VehicleInfo and nice -99999800
2020-05-23 21:56:43,642 DEBUG - #preProcessEvent at simulation time 434.000,000,000 s with resource class VehicleInfo and nice -99999800
2020-05-23 21:56:43,686 DEBUG - #preProcessEvent at simulation time 435.000,000,000 s with resource class VehicleInfo and nice -99999800
2020-05-23 21:56:43,763 DEBUG - #preProcessEvent at simulation time 436.000,000,000 s with resource class VehicleInfo and nice -99999800
2020-05-23 21:56:43,848 DEBUG - #preProcessEvent at simulation time 437.000,000,000 s with resource class VehicleInfo and nice -99999800
2020-05-23 21:56:43,883 DEBUG - #preProcessEvent at simulation time 438.000,000,000 s with resource class VehicleInfo and nice -99999800
2020-05-23 21:56:43,972 DEBUG - #preProcessEvent at simulation time 439.000,000,000 s with resource class VehicleInfo and nice -99999800
2020-05-23 21:56:44,029 DEBUG - #preProcessEvent at simulation time 440.000,000,000 s with resource class VehicleInfo and nice -99999800
2020-05-23 21:56:44,073 DEBUG - #preProcessEvent at simulation time 441.000,000,000 s with resource class VehicleInfo and nice -99999800
2020-05-23 21:56:44,183 DEBUG - #preProcessEvent at simulation time 442.000,000,000 s with resource class VehicleInfo and nice -99999800
2020-05-23 21:56:44,221 DEBUG - #preProcessEvent at simulation time 443.000,000,000 s with resource class VehicleInfo and nice -99999800
2020-05-23 21:56:44,249 DEBUG - #preProcessEvent at simulation time 444.000,000,000 s with resource class VehicleInfo and nice -99999800
2020-05-23 21:56:44,281 DEBUG - #preProcessEvent at simulation time 445.000,000,000 s with resource class VehicleInfo and nice -99999800
2020-05-23 21:56:44,402 DEBUG - #preProcessEvent at simulation time 446.000,000,000 s with resource class VehicleInfo and nice -99999800
2020-05-23 21:56:44,454 DEBUG - #preProcessEvent at simulation time 447.000,000,000 s with resource class VehicleInfo and nice -99999800
2020-05-23 21:56:44,514 DEBUG - #preProcessEvent at simulation time 448.000,000,000 s with resource class VehicleInfo and nice -99999800
2020-05-23 21:56:44,650 DEBUG - #preProcessEvent at simulation time 449.000,000,000 s with resource class VehicleInfo and nice -99999800
2020-05-23 21:56:44,706 DEBUG - #preProcessEvent at simulation time 450.000,000,000 s with resource class VehicleInfo and nice -99999800
2020-05-23 21:56:44,809 DEBUG - #preProcessEvent at simulation time 451.000,000,000 s with resource class VehicleInfo and nice -99999800
2020-05-23 21:56:44,848 DEBUG - #preProcessEvent at simulation time 452.000,000,000 s with resource class VehicleInfo and nice -99999800
2020-05-23 21:56:44,923 DEBUG - #preProcessEvent at simulation time 453.000,000,000 s with resource class VehicleInfo and nice -99999800
2020-05-23 21:56:44,995 DEBUG - #preProcessEvent at simulation time 454.000,000,000 s with resource class VehicleInfo and nice -99999800
2020-05-23 21:56:45,026 DEBUG - #preProcessEvent at simulation time 455.000,000,000 s with resource class VehicleInfo and nice -99999800
2020-05-23 21:56:45,081 DEBUG - #preProcessEvent at simulation time 456.000,000,000 s with resource class VehicleInfo and nice -99999800
2020-05-23 21:56:45,216 DEBUG - #preProcessEvent at simulation time 457.000,000,000 s with resource class VehicleInfo and nice -99999800
2020-05-23 21:56:45,252 DEBUG - #preProcessEvent at simulation time 458.000,000,000 s with resource class VehicleInfo and nice -99999800
2020-05-23 21:56:45,281 DEBUG - #preProcessEvent at simulation time 459.000,000,000 s with resource class VehicleInfo and nice -99999800
2020-05-23 21:56:45,334 DEBUG - #preProcessEvent at simulation time 460.000,000,000 s with resource class VehicleInfo and nice -99999800
2020-05-23 21:56:45,426 DEBUG - #preProcessEvent at simulation time 461.000,000,000 s with resource class VehicleInfo and nice -99999800
2020-05-23 21:56:45,455 DEBUG - #preProcessEvent at simulation time 462.000,000,000 s with resource class VehicleInfo and nice -99999800
2020-05-23 21:56:45,482 DEBUG - #preProcessEvent at simulation time 463.000,000,000 s with resource class VehicleInfo and nice -99999800
2020-05-23 21:56:45,513 DEBUG - #preProcessEvent at simulation time 464.000,000,000 s with resource class VehicleInfo and nice -99999800
2020-05-23 21:56:45,612 DEBUG - #preProcessEvent at simulation time 465.000,000,000 s with resource class VehicleInfo and nice -99999800
2020-05-23 21:56:45,737 DEBUG - #preProcessEvent at simulation time 466.000,000,000 s with resource class VehicleInfo and nice -99999800
2020-05-23 21:56:45,812 DEBUG - #preProcessEvent at simulation time 467.000,000,000 s with resource class VehicleInfo and nice -99999800
2020-05-23 21:56:45,845 DEBUG - #preProcessEvent at simulation time 468.000,000,000 s with resource class VehicleInfo and nice -99999800
2020-05-23 21:56:45,886 DEBUG - #preProcessEvent at simulation time 469.000,000,000 s with resource class VehicleInfo and nice -99999800
2020-05-23 21:56:45,938 DEBUG - #preProcessEvent at simulation time 470.000,000,000 s with resource class VehicleInfo and nice -99999800
2020-05-23 21:56:46,052 DEBUG - #preProcessEvent at simulation time 471.000,000,000 s with resource class VehicleInfo and nice -99999800
2020-05-23 21:56:46,080 DEBUG - #preProcessEvent at simulation time 472.000,000,000 s with resource class VehicleInfo and nice -99999800
2020-05-23 21:56:46,119 DEBUG - #preProcessEvent at simulation time 473.000,000,000 s with resource class VehicleInfo and nice -99999800
2020-05-23 21:56:46,186 DEBUG - #preProcessEvent at simulation time 474.000,000,000 s with resource class VehicleInfo and nice -99999800
2020-05-23 21:56:46,226 DEBUG - #preProcessEvent at simulation time 475.000,000,000 s with resource class VehicleInfo and nice -99999800
2020-05-23 21:56:46,272 DEBUG - #preProcessEvent at simulation time 476.000,000,000 s with resource class VehicleInfo and nice -99999800
2020-05-23 21:56:46,303 DEBUG - #preProcessEvent at simulation time 477.000,000,000 s with resource class VehicleInfo and nice -99999800
2020-05-23 21:56:46,392 DEBUG - #preProcessEvent at simulation time 478.000,000,000 s with resource class VehicleInfo and nice -99999800
2020-05-23 21:56:46,421 DEBUG - #preProcessEvent at simulation time 479.000,000,000 s with resource class VehicleInfo and nice -99999800
2020-05-23 21:56:46,453 DEBUG - #preProcessEvent at simulation time 480.000,000,000 s with resource class VehicleInfo and nice -99999800
2020-05-23 21:56:46,496 DEBUG - #preProcessEvent at simulation time 481.000,000,000 s with resource class VehicleInfo and nice -99999800
2020-05-23 21:56:46,557 DEBUG - #preProcessEvent at simulation time 482.000,000,000 s with resource class VehicleInfo and nice -99999800
2020-05-23 21:56:46,584 DEBUG - #preProcessEvent at simulation time 483.000,000,000 s with resource class VehicleInfo and nice -99999800
2020-05-23 21:56:46,614 DEBUG - #preProcessEvent at simulation time 484.000,000,000 s with resource class VehicleInfo and nice -99999800
2020-05-23 21:56:46,651 DEBUG - #preProcessEvent at simulation time 485.000,000,000 s with resource class VehicleInfo and nice -99999800
2020-05-23 21:56:46,695 DEBUG - #preProcessEvent at simulation time 486.000,000,000 s with resource class VehicleInfo and nice -99999800
2020-05-23 21:56:46,748 DEBUG - #preProcessEvent at simulation time 487.000,000,000 s with resource class VehicleInfo and nice -99999800
2020-05-23 21:56:46,826 DEBUG - #preProcessEvent at simulation time 488.000,000,000 s with resource class VehicleInfo and nice -99999800
2020-05-23 21:56:46,857 DEBUG - #preProcessEvent at simulation time 489.000,000,000 s with resource class VehicleInfo and nice -99999800
2020-05-23 21:56:46,885 DEBUG - #preProcessEvent at simulation time 490.000,000,000 s with resource class VehicleInfo and nice -99999800
2020-05-23 21:56:46,953 DEBUG - #preProcessEvent at simulation time 491.000,000,000 s with resource class VehicleInfo and nice -99999800
2020-05-23 21:56:46,982 DEBUG - #preProcessEvent at simulation time 492.000,000,000 s with resource class VehicleInfo and nice -99999800
2020-05-23 21:56:47,005 DEBUG - #preProcessEvent at simulation time 493.000,000,000 s with resource class VehicleInfo and nice -99999800
2020-05-23 21:56:47,029 DEBUG - #preProcessEvent at simulation time 494.000,000,000 s with resource class VehicleInfo and nice -99999800
2020-05-23 21:56:47,055 DEBUG - #preProcessEvent at simulation time 495.000,000,000 s with resource class VehicleInfo and nice -99999800
2020-05-23 21:56:47,102 DEBUG - #preProcessEvent at simulation time 496.000,000,000 s with resource class VehicleInfo and nice -99999800
2020-05-23 21:56:47,155 DEBUG - #preProcessEvent at simulation time 497.000,000,000 s with resource class VehicleInfo and nice -99999800
2020-05-23 21:56:47,184 DEBUG - #preProcessEvent at simulation time 498.000,000,000 s with resource class VehicleInfo and nice -99999800
2020-05-23 21:56:47,217 DEBUG - #preProcessEvent at simulation time 499.000,000,000 s with resource class VehicleInfo and nice -99999800
2020-05-23 21:56:47,245 DEBUG - #preProcessEvent at simulation time 500.000,000,000 s with resource class VehicleInfo and nice -99999800
2020-05-23 21:56:47,334 DEBUG - #preProcessEvent at simulation time 501.000,000,000 s with resource class VehicleInfo and nice -99999800
2020-05-23 21:56:47,364 DEBUG - #preProcessEvent at simulation time 502.000,000,000 s with resource class VehicleInfo and nice -99999800
2020-05-23 21:56:47,389 DEBUG - #preProcessEvent at simulation time 503.000,000,000 s with resource class VehicleInfo and nice -99999800
2020-05-23 21:56:47,413 DEBUG - #preProcessEvent at simulation time 504.000,000,000 s with resource class VehicleInfo and nice -99999800
2020-05-23 21:56:47,435 DEBUG - #preProcessEvent at simulation time 505.000,000,000 s with resource class VehicleInfo and nice -99999800
2020-05-23 21:56:47,467 DEBUG - #preProcessEvent at simulation time 506.000,000,000 s with resource class VehicleInfo and nice -99999800
2020-05-23 21:56:47,489 DEBUG - #preProcessEvent at simulation time 507.000,000,000 s with resource class VehicleInfo and nice -99999800
2020-05-23 21:56:47,529 DEBUG - #preProcessEvent at simulation time 508.000,000,000 s with resource class VehicleInfo and nice -99999800
2020-05-23 21:56:47,557 DEBUG - #preProcessEvent at simulation time 509.000,000,000 s with resource class VehicleInfo and nice -99999800
2020-05-23 21:56:47,578 DEBUG - #preProcessEvent at simulation time 510.000,000,000 s with resource class VehicleInfo and nice -99999800
2020-05-23 21:56:47,609 DEBUG - #preProcessEvent at simulation time 511.000,000,000 s with resource class VehicleInfo and nice -99999800
2020-05-23 21:56:47,631 DEBUG - #preProcessEvent at simulation time 512.000,000,000 s with resource class VehicleInfo and nice -99999800
2020-05-23 21:56:47,653 DEBUG - #preProcessEvent at simulation time 513.000,000,000 s with resource class VehicleInfo and nice -99999800
2020-05-23 21:56:47,673 DEBUG - #preProcessEvent at simulation time 514.000,000,000 s with resource class VehicleInfo and nice -99999800
2020-05-23 21:56:47,695 DEBUG - #preProcessEvent at simulation time 515.000,000,000 s with resource class VehicleInfo and nice -99999800
2020-05-23 21:56:47,754 DEBUG - #preProcessEvent at simulation time 516.000,000,000 s with resource class VehicleInfo and nice -99999800
2020-05-23 21:56:47,777 DEBUG - #preProcessEvent at simulation time 517.000,000,000 s with resource class VehicleInfo and nice -99999800
2020-05-23 21:56:47,799 DEBUG - #preProcessEvent at simulation time 518.000,000,000 s with resource class VehicleInfo and nice -99999800
2020-05-23 21:56:47,817 DEBUG - #preProcessEvent at simulation time 519.000,000,000 s with resource class VehicleInfo and nice -99999800
2020-05-23 21:56:47,836 DEBUG - #preProcessEvent at simulation time 520.000,000,000 s with resource class VehicleInfo and nice -99999800
2020-05-23 21:56:47,864 DEBUG - #preProcessEvent at simulation time 521.000,000,000 s with resource class VehicleInfo and nice -99999800
2020-05-23 21:56:47,881 DEBUG - #preProcessEvent at simulation time 522.000,000,000 s with resource class VehicleInfo and nice -99999800
2020-05-23 21:56:47,905 DEBUG - #preProcessEvent at simulation time 523.000,000,000 s with resource class VehicleInfo and nice -99999800
2020-05-23 21:56:47,930 DEBUG - #preProcessEvent at simulation time 524.000,000,000 s with resource class VehicleInfo and nice -99999800
2020-05-23 21:56:47,952 DEBUG - #preProcessEvent at simulation time 525.000,000,000 s with resource class VehicleInfo and nice -99999800
2020-05-23 21:56:47,980 DEBUG - #preProcessEvent at simulation time 526.000,000,000 s with resource class VehicleInfo and nice -99999800
2020-05-23 21:56:47,994 DEBUG - #preProcessEvent at simulation time 527.000,000,000 s with resource class VehicleInfo and nice -99999800
2020-05-23 21:56:48,018 DEBUG - #preProcessEvent at simulation time 528.000,000,000 s with resource class VehicleInfo and nice -99999800
2020-05-23 21:56:48,033 DEBUG - #preProcessEvent at simulation time 529.000,000,000 s with resource class VehicleInfo and nice -99999800
2020-05-23 21:56:48,047 DEBUG - #preProcessEvent at simulation time 530.000,000,000 s with resource class VehicleInfo and nice -99999800
2020-05-23 21:56:48,078 DEBUG - #preProcessEvent at simulation time 531.000,000,000 s with resource class VehicleInfo and nice -99999800
2020-05-23 21:56:48,091 DEBUG - #preProcessEvent at simulation time 532.000,000,000 s with resource class VehicleInfo and nice -99999800
2020-05-23 21:56:48,116 DEBUG - #preProcessEvent at simulation time 533.000,000,000 s with resource class VehicleInfo and nice -99999800
2020-05-23 21:56:48,131 DEBUG - #preProcessEvent at simulation time 534.000,000,000 s with resource class VehicleInfo and nice -99999800
2020-05-23 21:56:48,147 DEBUG - #preProcessEvent at simulation time 535.000,000,000 s with resource class VehicleInfo and nice -99999800
2020-05-23 21:56:48,171 DEBUG - #preProcessEvent at simulation time 536.000,000,000 s with resource class VehicleInfo and nice -99999800
2020-05-23 21:56:48,183 DEBUG - #preProcessEvent at simulation time 537.000,000,000 s with resource class VehicleInfo and nice -99999800
2020-05-23 21:56:48,196 DEBUG - #preProcessEvent at simulation time 538.000,000,000 s with resource class VehicleInfo and nice -99999800
2020-05-23 21:56:48,214 DEBUG - #preProcessEvent at simulation time 539.000,000,000 s with resource class VehicleInfo and nice -99999800
2020-05-23 21:56:48,233 DEBUG - #preProcessEvent at simulation time 540.000,000,000 s with resource class VehicleInfo and nice -99999800
2020-05-23 21:56:48,255 DEBUG - #preProcessEvent at simulation time 541.000,000,000 s with resource class VehicleInfo and nice -99999800
2020-05-23 21:56:48,272 DEBUG - #preProcessEvent at simulation time 542.000,000,000 s with resource class VehicleInfo and nice -99999800
2020-05-23 21:56:48,285 DEBUG - #preProcessEvent at simulation time 543.000,000,000 s with resource class VehicleInfo and nice -99999800
2020-05-23 21:56:48,298 DEBUG - #preProcessEvent at simulation time 544.000,000,000 s with resource class VehicleInfo and nice -99999800
2020-05-23 21:56:48,321 DEBUG - #preProcessEvent at simulation time 545.000,000,000 s with resource class VehicleInfo and nice -99999800
2020-05-23 21:56:48,343 DEBUG - #preProcessEvent at simulation time 546.000,000,000 s with resource class VehicleInfo and nice -99999800
2020-05-23 21:56:48,360 DEBUG - #preProcessEvent at simulation time 547.000,000,000 s with resource class VehicleInfo and nice -99999800
2020-05-23 21:56:48,373 DEBUG - #preProcessEvent at simulation time 548.000,000,000 s with resource class VehicleInfo and nice -99999800
2020-05-23 21:56:48,387 DEBUG - #preProcessEvent at simulation time 549.000,000,000 s with resource class VehicleInfo and nice -99999800
2020-05-23 21:56:48,399 DEBUG - #preProcessEvent at simulation time 550.000,000,000 s with resource class VehicleInfo and nice -99999800
2020-05-23 21:56:48,422 DEBUG - #preProcessEvent at simulation time 551.000,000,000 s with resource class VehicleInfo and nice -99999800
2020-05-23 21:56:48,432 DEBUG - #preProcessEvent at simulation time 552.000,000,000 s with resource class VehicleInfo and nice -99999800
2020-05-23 21:56:48,442 DEBUG - #preProcessEvent at simulation time 553.000,000,000 s with resource class VehicleInfo and nice -99999800
2020-05-23 21:56:48,455 DEBUG - #preProcessEvent at simulation time 554.000,000,000 s with resource class VehicleInfo and nice -99999800
2020-05-23 21:56:48,467 DEBUG - #preProcessEvent at simulation time 555.000,000,000 s with resource class VehicleInfo and nice -99999800
2020-05-23 21:56:48,486 DEBUG - #preProcessEvent at simulation time 556.000,000,000 s with resource class VehicleInfo and nice -99999800
2020-05-23 21:56:48,501 DEBUG - #preProcessEvent at simulation time 557.000,000,000 s with resource class VehicleInfo and nice -99999800
2020-05-23 21:56:48,524 DEBUG - #preProcessEvent at simulation time 558.000,000,000 s with resource class VehicleInfo and nice -99999800
2020-05-23 21:56:48,541 DEBUG - #preProcessEvent at simulation time 559.000,000,000 s with resource class VehicleInfo and nice -99999800
2020-05-23 21:56:48,557 DEBUG - #preProcessEvent at simulation time 560.000,000,000 s with resource class VehicleInfo and nice -99999800
2020-05-23 21:56:48,575 DEBUG - #preProcessEvent at simulation time 561.000,000,000 s with resource class VehicleInfo and nice -99999800
2020-05-23 21:56:48,587 DEBUG - #preProcessEvent at simulation time 562.000,000,000 s with resource class VehicleInfo and nice -99999800
2020-05-23 21:56:48,600 DEBUG - #preProcessEvent at simulation time 563.000,000,000 s with resource class VehicleInfo and nice -99999800
2020-05-23 21:56:48,618 DEBUG - #preProcessEvent at simulation time 564.000,000,000 s with resource class VehicleInfo and nice -99999800
2020-05-23 21:56:48,633 DEBUG - #preProcessEvent at simulation time 565.000,000,000 s with resource class VehicleInfo and nice -99999800
2020-05-23 21:56:48,657 DEBUG - #preProcessEvent at simulation time 566.000,000,000 s with resource class VehicleInfo and nice -99999800
2020-05-23 21:56:48,672 DEBUG - #preProcessEvent at simulation time 567.000,000,000 s with resource class VehicleInfo and nice -99999800
2020-05-23 21:56:48,687 DEBUG - #preProcessEvent at simulation time 568.000,000,000 s with resource class VehicleInfo and nice -99999800
2020-05-23 21:56:48,705 DEBUG - #preProcessEvent at simulation time 569.000,000,000 s with resource class VehicleInfo and nice -99999800
2020-05-23 21:56:48,737 DEBUG - #preProcessEvent at simulation time 570.000,000,000 s with resource class VehicleInfo and nice -99999800
2020-05-23 21:56:48,767 DEBUG - #preProcessEvent at simulation time 571.000,000,000 s with resource class VehicleInfo and nice -99999800
2020-05-23 21:56:48,786 DEBUG - #preProcessEvent at simulation time 572.000,000,000 s with resource class VehicleInfo and nice -99999800
2020-05-23 21:56:48,804 DEBUG - #preProcessEvent at simulation time 573.000,000,000 s with resource class VehicleInfo and nice -99999800
2020-05-23 21:56:48,822 DEBUG - #preProcessEvent at simulation time 574.000,000,000 s with resource class VehicleInfo and nice -99999800
2020-05-23 21:56:48,835 DEBUG - #preProcessEvent at simulation time 575.000,000,000 s with resource class VehicleInfo and nice -99999800
2020-05-23 21:56:48,861 DEBUG - #preProcessEvent at simulation time 576.000,000,000 s with resource class VehicleInfo and nice -99999800
2020-05-23 21:56:48,875 DEBUG - #preProcessEvent at simulation time 577.000,000,000 s with resource class VehicleInfo and nice -99999800
2020-05-23 21:56:48,898 DEBUG - #preProcessEvent at simulation time 578.000,000,000 s with resource class VehicleInfo and nice -99999800
2020-05-23 21:56:48,925 DEBUG - #preProcessEvent at simulation time 579.000,000,000 s with resource class VehicleInfo and nice -99999800
2020-05-23 21:56:48,938 DEBUG - #preProcessEvent at simulation time 580.000,000,000 s with resource class VehicleInfo and nice -99999800
2020-05-23 21:56:48,969 DEBUG - #preProcessEvent at simulation time 581.000,000,000 s with resource class VehicleInfo and nice -99999800
2020-05-23 21:56:48,991 DEBUG - #preProcessEvent at simulation time 582.000,000,000 s with resource class VehicleInfo and nice -99999800
2020-05-23 21:56:49,011 DEBUG - #preProcessEvent at simulation time 583.000,000,000 s with resource class VehicleInfo and nice -99999800
2020-05-23 21:56:49,034 DEBUG - #preProcessEvent at simulation time 584.000,000,000 s with resource class VehicleInfo and nice -99999800
2020-05-23 21:56:49,055 DEBUG - #tearDown at simulation time 585.000,000,000 s
