2020-05-23 22:01:50,639 INFO - Initialize application (at simulation time 10.000,000,000 s)
2020-05-23 22:01:50,643 INFO - Activated Cell Module (at simulation time 10.000,000,000 s)
2020-05-23 22:01:50,644 DEBUG - No Sensor/Event detected (at simulation time 10.000,000,000 s)
2020-05-23 22:01:50,658 DEBUG - No Sensor/Event detected (at simulation time 11.000,000,000 s)
2020-05-23 22:01:50,672 DEBUG - No Sensor/Event detected (at simulation time 12.000,000,000 s)
2020-05-23 22:01:50,679 DEBUG - No Sensor/Event detected (at simulation time 13.000,000,000 s)
2020-05-23 22:01:50,693 DEBUG - No Sensor/Event detected (at simulation time 14.000,000,000 s)
2020-05-23 22:01:50,705 DEBUG - No Sensor/Event detected (at simulation time 15.000,000,000 s)
2020-05-23 22:01:50,725 DEBUG - No Sensor/Event detected (at simulation time 16.000,000,000 s)
2020-05-23 22:01:50,733 DEBUG - No Sensor/Event detected (at simulation time 17.000,000,000 s)
2020-05-23 22:01:50,744 DEBUG - No Sensor/Event detected (at simulation time 18.000,000,000 s)
2020-05-23 22:01:50,759 DEBUG - No Sensor/Event detected (at simulation time 19.000,000,000 s)
2020-05-23 22:01:50,785 DEBUG - No Sensor/Event detected (at simulation time 20.000,000,000 s)
2020-05-23 22:01:50,828 DEBUG - No Sensor/Event detected (at simulation time 21.000,000,000 s)
2020-05-23 22:01:50,848 DEBUG - No Sensor/Event detected (at simulation time 22.000,000,000 s)
2020-05-23 22:01:50,861 DEBUG - No Sensor/Event detected (at simulation time 23.000,000,000 s)
2020-05-23 22:01:50,881 DEBUG - No Sensor/Event detected (at simulation time 24.000,000,000 s)
2020-05-23 22:01:50,907 DEBUG - No Sensor/Event detected (at simulation time 25.000,000,000 s)
2020-05-23 22:01:50,933 DEBUG - No Sensor/Event detected (at simulation time 26.000,000,000 s)
2020-05-23 22:01:51,041 DEBUG - No Sensor/Event detected (at simulation time 27.000,000,000 s)
2020-05-23 22:01:51,069 DEBUG - No Sensor/Event detected (at simulation time 28.000,000,000 s)
2020-05-23 22:01:51,083 DEBUG - No Sensor/Event detected (at simulation time 29.000,000,000 s)
2020-05-23 22:01:51,093 DEBUG - No Sensor/Event detected (at simulation time 30.000,000,000 s)
2020-05-23 22:01:51,111 DEBUG - No Sensor/Event detected (at simulation time 31.000,000,000 s)
2020-05-23 22:01:51,118 DEBUG - No Sensor/Event detected (at simulation time 32.000,000,000 s)
2020-05-23 22:01:51,134 DEBUG - No Sensor/Event detected (at simulation time 33.000,000,000 s)
2020-05-23 22:01:51,206 DEBUG - No Sensor/Event detected (at simulation time 34.000,000,000 s)
2020-05-23 22:01:51,222 DEBUG - No Sensor/Event detected (at simulation time 35.000,000,000 s)
2020-05-23 22:01:51,234 DEBUG - No Sensor/Event detected (at simulation time 36.000,000,000 s)
2020-05-23 22:01:51,245 DEBUG - No Sensor/Event detected (at simulation time 37.000,000,000 s)
2020-05-23 22:01:51,252 DEBUG - No Sensor/Event detected (at simulation time 38.000,000,000 s)
2020-05-23 22:01:51,260 DEBUG - No Sensor/Event detected (at simulation time 39.000,000,000 s)
2020-05-23 22:01:51,267 DEBUG - No Sensor/Event detected (at simulation time 40.000,000,000 s)
2020-05-23 22:01:51,276 DEBUG - No Sensor/Event detected (at simulation time 41.000,000,000 s)
2020-05-23 22:01:51,280 DEBUG - No Sensor/Event detected (at simulation time 42.000,000,000 s)
2020-05-23 22:01:51,286 DEBUG - No Sensor/Event detected (at simulation time 43.000,000,000 s)
2020-05-23 22:01:51,290 DEBUG - No Sensor/Event detected (at simulation time 44.000,000,000 s)
2020-05-23 22:01:51,320 DEBUG - No Sensor/Event detected (at simulation time 45.000,000,000 s)
2020-05-23 22:01:51,325 DEBUG - No Sensor/Event detected (at simulation time 46.000,000,000 s)
2020-05-23 22:01:51,329 DEBUG - No Sensor/Event detected (at simulation time 47.000,000,000 s)
2020-05-23 22:01:51,334 DEBUG - No Sensor/Event detected (at simulation time 48.000,000,000 s)
2020-05-23 22:01:51,340 DEBUG - No Sensor/Event detected (at simulation time 49.000,000,000 s)
2020-05-23 22:01:51,344 DEBUG - No Sensor/Event detected (at simulation time 50.000,000,000 s)
2020-05-23 22:01:51,638 INFO - Processing DEN message (at simulation time 50.445,495,428 s)
2020-05-23 22:01:51,638 DEBUG - Handle Environment Warning Message. Processing...
2020-05-23 22:01:51,638 DEBUG - DENM content: Sensor Type: Ice (at simulation time 50.445,495,428 s)
2020-05-23 22:01:51,638 DEBUG - DENM content: Event position: GeoPoint{lat|lon=[40.811919,-73.961224]} (at simulation time 50.445,495,428 s)
2020-05-23 22:01:51,638 DEBUG - DENM content: Event Strength: 1 (at simulation time 50.445,495,428 s)
2020-05-23 22:01:51,638 DEBUG - DENM content: Road Id of the Sender: 195743140_42421857_1506591534 (at simulation time 50.445,495,428 s)
2020-05-23 22:01:51,638 DEBUG - CurrVehicle: position: com.dcaiti.vsimrti.lib.routing.scenariodatabase.road.ScenarioDatabaseRoadPosition@a2c0c278 (at simulation time 50.445,495,428 s)
2020-05-23 22:01:51,638 DEBUG - CurrVehicle: route: 1 (at simulation time 50.445,495,428 s)
2020-05-23 22:01:51,638 INFO - The Event is on the vehicle's route 195743140_42421857_1506591534 = 195743140_42421857_1506591534 (at simulation time 50.445,495,428 s)
2020-05-23 22:01:51,642 INFO - Sending Change Route Command at position: GeoPoint{lat|lon=[40.811919,-73.961224]} (at simulation time 50.445,495,428 s)
2020-05-23 22:01:51,648 DEBUG - No Sensor/Event detected (at simulation time 51.000,000,000 s)
2020-05-23 22:01:51,654 INFO - Processing DEN message (at simulation time 51.279,055,440 s)
2020-05-23 22:01:51,654 DEBUG - Handle Environment Warning Message. Processing...
2020-05-23 22:01:51,654 INFO - Route already changed (at simulation time 51.279,055,440 s)
2020-05-23 22:01:51,659 DEBUG - No Sensor/Event detected (at simulation time 52.000,000,000 s)
2020-05-23 22:01:51,669 INFO - Processing DEN message (at simulation time 52.384,759,575 s)
2020-05-23 22:01:51,669 DEBUG - Handle Environment Warning Message. Processing...
2020-05-23 22:01:51,669 INFO - Route already changed (at simulation time 52.384,759,575 s)
2020-05-23 22:01:51,673 DEBUG - No Sensor/Event detected (at simulation time 53.000,000,000 s)
2020-05-23 22:01:51,680 INFO - Processing DEN message (at simulation time 53.243,372,845 s)
2020-05-23 22:01:51,680 DEBUG - Handle Environment Warning Message. Processing...
2020-05-23 22:01:51,680 INFO - Route already changed (at simulation time 53.243,372,845 s)
2020-05-23 22:01:51,685 DEBUG - No Sensor/Event detected (at simulation time 54.000,000,000 s)
2020-05-23 22:01:51,692 DEBUG - No Sensor/Event detected (at simulation time 55.000,000,000 s)
2020-05-23 22:01:51,699 DEBUG - No Sensor/Event detected (at simulation time 56.000,000,000 s)
2020-05-23 22:01:51,713 DEBUG - No Sensor/Event detected (at simulation time 57.000,000,000 s)
2020-05-23 22:01:51,718 DEBUG - No Sensor/Event detected (at simulation time 58.000,000,000 s)
2020-05-23 22:01:51,723 DEBUG - No Sensor/Event detected (at simulation time 59.000,000,000 s)
2020-05-23 22:01:51,727 DEBUG - No Sensor/Event detected (at simulation time 60.000,000,000 s)
2020-05-23 22:01:51,735 DEBUG - No Sensor/Event detected (at simulation time 61.000,000,000 s)
2020-05-23 22:01:51,739 DEBUG - No Sensor/Event detected (at simulation time 62.000,000,000 s)
2020-05-23 22:01:51,743 INFO - Sensor Ice event detected (at simulation time 63.000,000,000 s)
2020-05-23 22:01:51,743 DEBUG - Position: GeoPoint{lat|lon=[40.811869,-73.961261]} (at simulation time 63.000,000,000 s)
2020-05-23 22:01:51,743 DEBUG - Event strength to: 1 (at simulation time 63.000,000,000 s)
2020-05-23 22:01:51,743 DEBUG - SensorType to: Ice (at simulation time 63.000,000,000 s)
2020-05-23 22:01:51,743 DEBUG - RoadId on which the event take place: 195743140_42421857_1506591534 (at simulation time 63.000,000,000 s)
2020-05-23 22:01:51,743 INFO - Sending DENM (at simulation time 63.000,000,000 s)
2020-05-23 22:01:51,754 INFO - Processing DEN message (at simulation time 63.213,569,718 s)
2020-05-23 22:01:51,754 DEBUG - Handle Environment Warning Message. Processing...
2020-05-23 22:01:51,754 INFO - Route already changed (at simulation time 63.213,569,718 s)
2020-05-23 22:01:51,769 INFO - Sensor Ice event detected (at simulation time 64.000,000,000 s)
2020-05-23 22:01:51,770 DEBUG - Position: GeoPoint{lat|lon=[40.811796,-73.961314]} (at simulation time 64.000,000,000 s)
2020-05-23 22:01:51,770 DEBUG - Event strength to: 1 (at simulation time 64.000,000,000 s)
2020-05-23 22:01:51,770 DEBUG - SensorType to: Ice (at simulation time 64.000,000,000 s)
2020-05-23 22:01:51,770 DEBUG - RoadId on which the event take place: 195743140_1506591534_42428844 (at simulation time 64.000,000,000 s)
2020-05-23 22:01:51,770 INFO - Sending DENM (at simulation time 64.000,000,000 s)
2020-05-23 22:01:51,854 INFO - Processing DEN message (at simulation time 64.278,731,808 s)
2020-05-23 22:01:51,854 DEBUG - Handle Environment Warning Message. Processing...
2020-05-23 22:01:51,854 INFO - Route already changed (at simulation time 64.278,731,808 s)
2020-05-23 22:01:51,860 INFO - Sensor Ice event detected (at simulation time 65.000,000,000 s)
2020-05-23 22:01:51,860 DEBUG - Position: GeoPoint{lat|lon=[40.811727,-73.961364]} (at simulation time 65.000,000,000 s)
2020-05-23 22:01:51,861 DEBUG - Event strength to: 1 (at simulation time 65.000,000,000 s)
2020-05-23 22:01:51,861 DEBUG - SensorType to: Ice (at simulation time 65.000,000,000 s)
2020-05-23 22:01:51,861 DEBUG - RoadId on which the event take place: 195743140_1506591534_42428844 (at simulation time 65.000,000,000 s)
2020-05-23 22:01:51,861 INFO - Sending DENM (at simulation time 65.000,000,000 s)
2020-05-23 22:01:51,872 INFO - Processing DEN message (at simulation time 65.235,814,700 s)
2020-05-23 22:01:51,872 DEBUG - Handle Environment Warning Message. Processing...
2020-05-23 22:01:51,873 INFO - Route already changed (at simulation time 65.235,814,700 s)
2020-05-23 22:01:51,876 DEBUG - No Sensor/Event detected (at simulation time 66.000,000,000 s)
2020-05-23 22:01:51,890 DEBUG - No Sensor/Event detected (at simulation time 67.000,000,000 s)
2020-05-23 22:01:51,894 DEBUG - No Sensor/Event detected (at simulation time 68.000,000,000 s)
2020-05-23 22:01:51,903 DEBUG - No Sensor/Event detected (at simulation time 69.000,000,000 s)
2020-05-23 22:01:51,907 DEBUG - No Sensor/Event detected (at simulation time 70.000,000,000 s)
2020-05-23 22:01:51,915 DEBUG - No Sensor/Event detected (at simulation time 71.000,000,000 s)
2020-05-23 22:01:51,919 DEBUG - No Sensor/Event detected (at simulation time 72.000,000,000 s)
2020-05-23 22:01:51,925 DEBUG - No Sensor/Event detected (at simulation time 73.000,000,000 s)
2020-05-23 22:01:51,928 DEBUG - No Sensor/Event detected (at simulation time 74.000,000,000 s)
2020-05-23 22:01:51,934 DEBUG - No Sensor/Event detected (at simulation time 75.000,000,000 s)
2020-05-23 22:01:51,941 DEBUG - No Sensor/Event detected (at simulation time 76.000,000,000 s)
2020-05-23 22:01:51,987 DEBUG - No Sensor/Event detected (at simulation time 77.000,000,000 s)
2020-05-23 22:01:52,018 INFO - Processing DEN message (at simulation time 77.531,353,164 s)
2020-05-23 22:01:52,018 DEBUG - Handle Environment Warning Message. Processing...
2020-05-23 22:01:52,018 INFO - Route already changed (at simulation time 77.531,353,164 s)
2020-05-23 22:01:52,023 DEBUG - No Sensor/Event detected (at simulation time 78.000,000,000 s)
2020-05-23 22:01:52,031 INFO - Processing DEN message (at simulation time 78.226,889,954 s)
2020-05-23 22:01:52,031 DEBUG - Handle Environment Warning Message. Processing...
2020-05-23 22:01:52,031 INFO - Route already changed (at simulation time 78.226,889,954 s)
2020-05-23 22:01:52,035 DEBUG - No Sensor/Event detected (at simulation time 79.000,000,000 s)
2020-05-23 22:01:52,041 INFO - Processing DEN message (at simulation time 79.268,131,515 s)
2020-05-23 22:01:52,041 DEBUG - Handle Environment Warning Message. Processing...
2020-05-23 22:01:52,041 INFO - Route already changed (at simulation time 79.268,131,515 s)
2020-05-23 22:01:52,043 DEBUG - No Sensor/Event detected (at simulation time 80.000,000,000 s)
2020-05-23 22:01:52,054 DEBUG - No Sensor/Event detected (at simulation time 81.000,000,000 s)
2020-05-23 22:01:52,064 DEBUG - No Sensor/Event detected (at simulation time 82.000,000,000 s)
2020-05-23 22:01:52,072 DEBUG - No Sensor/Event detected (at simulation time 83.000,000,000 s)
2020-05-23 22:01:52,075 DEBUG - No Sensor/Event detected (at simulation time 84.000,000,000 s)
2020-05-23 22:01:52,078 DEBUG - No Sensor/Event detected (at simulation time 85.000,000,000 s)
2020-05-23 22:01:52,083 DEBUG - No Sensor/Event detected (at simulation time 86.000,000,000 s)
2020-05-23 22:01:52,089 DEBUG - No Sensor/Event detected (at simulation time 87.000,000,000 s)
2020-05-23 22:01:52,093 INFO - Shutdown application (at simulation time 88.000,000,000 s)
