2020-05-23 21:56:19,089 INFO - Initialize application (at simulation time 230.000,000,000 s)
2020-05-23 21:56:19,090 INFO - Activated AdHoc Module (at simulation time 230.000,000,000 s)
2020-05-23 21:56:19,090 DEBUG - No Sensor/Event detected (at simulation time 230.000,000,000 s)
2020-05-23 21:56:19,182 DEBUG - No Sensor/Event detected (at simulation time 231.000,000,000 s)
2020-05-23 21:56:19,338 DEBUG - No Sensor/Event detected (at simulation time 232.000,000,000 s)
2020-05-23 21:56:19,448 DEBUG - No Sensor/Event detected (at simulation time 233.000,000,000 s)
2020-05-23 21:56:19,498 DEBUG - No Sensor/Event detected (at simulation time 234.000,000,000 s)
2020-05-23 21:56:19,643 DEBUG - No Sensor/Event detected (at simulation time 235.000,000,000 s)
2020-05-23 21:56:19,721 DEBUG - No Sensor/Event detected (at simulation time 236.000,000,000 s)
2020-05-23 21:56:19,835 DEBUG - No Sensor/Event detected (at simulation time 237.000,000,000 s)
2020-05-23 21:56:19,876 DEBUG - No Sensor/Event detected (at simulation time 238.000,000,000 s)
2020-05-23 21:56:19,937 DEBUG - No Sensor/Event detected (at simulation time 239.000,000,000 s)
2020-05-23 21:56:20,094 DEBUG - No Sensor/Event detected (at simulation time 240.000,000,000 s)
2020-05-23 21:56:20,185 DEBUG - No Sensor/Event detected (at simulation time 241.000,000,000 s)
2020-05-23 21:56:20,304 DEBUG - No Sensor/Event detected (at simulation time 242.000,000,000 s)
2020-05-23 21:56:20,413 DEBUG - No Sensor/Event detected (at simulation time 243.000,000,000 s)
2020-05-23 21:56:20,468 DEBUG - No Sensor/Event detected (at simulation time 244.000,000,000 s)
2020-05-23 21:56:20,508 DEBUG - No Sensor/Event detected (at simulation time 245.000,000,000 s)
2020-05-23 21:56:20,796 DEBUG - No Sensor/Event detected (at simulation time 246.000,000,000 s)
2020-05-23 21:56:20,875 DEBUG - No Sensor/Event detected (at simulation time 247.000,000,000 s)
2020-05-23 21:56:20,919 DEBUG - No Sensor/Event detected (at simulation time 248.000,000,000 s)
2020-05-23 21:56:21,068 DEBUG - No Sensor/Event detected (at simulation time 249.000,000,000 s)
2020-05-23 21:56:21,111 DEBUG - No Sensor/Event detected (at simulation time 250.000,000,000 s)
2020-05-23 21:56:21,311 DEBUG - No Sensor/Event detected (at simulation time 251.000,000,000 s)
2020-05-23 21:56:21,388 DEBUG - No Sensor/Event detected (at simulation time 252.000,000,000 s)
2020-05-23 21:56:21,431 DEBUG - No Sensor/Event detected (at simulation time 253.000,000,000 s)
2020-05-23 21:56:21,466 DEBUG - No Sensor/Event detected (at simulation time 254.000,000,000 s)
2020-05-23 21:56:21,537 DEBUG - No Sensor/Event detected (at simulation time 255.000,000,000 s)
2020-05-23 21:56:21,794 DEBUG - No Sensor/Event detected (at simulation time 256.000,000,000 s)
2020-05-23 21:56:21,874 DEBUG - No Sensor/Event detected (at simulation time 257.000,000,000 s)
2020-05-23 21:56:21,922 DEBUG - No Sensor/Event detected (at simulation time 258.000,000,000 s)
2020-05-23 21:56:22,248 INFO - Processing DEN message (at simulation time 258.004,500,000 s)
2020-05-23 21:56:22,248 DEBUG - Handle Environment Warning Message. Processing...
2020-05-23 21:56:22,248 DEBUG - DENM content: Sensor Type: Ice (at simulation time 258.004,500,000 s)
2020-05-23 21:56:22,248 DEBUG - DENM content: Event position: GeoPoint{lat|lon=[52.627894,13.564133]} (at simulation time 258.004,500,000 s)
2020-05-23 21:56:22,248 DEBUG - DENM content: Event Strength: 1 (at simulation time 258.004,500,000 s)
2020-05-23 21:56:22,248 DEBUG - DENM content: Road Id of the Sender: 311964536_1313885442_2879911873 (at simulation time 258.004,500,000 s)
2020-05-23 21:56:22,248 DEBUG - CurrVehicle: position: com.dcaiti.vsimrti.lib.routing.scenariodatabase.road.ScenarioDatabaseRoadPosition@63a8bf42 (at simulation time 258.004,500,000 s)
2020-05-23 21:56:22,248 DEBUG - CurrVehicle: route: 1 (at simulation time 258.004,500,000 s)
2020-05-23 21:56:22,248 INFO - The Event is on the vehicle's route 311964536_1313885442_2879911873 = 311964536_1313885442_2879911873 (at simulation time 258.004,500,000 s)
2020-05-23 21:56:22,282 INFO - Sending Change Route Command at position: GeoPoint{lat|lon=[52.627894,13.564133]} (at simulation time 258.004,500,000 s)
2020-05-23 21:56:22,342 INFO - Processing DEN message (at simulation time 258.007,000,000 s)
2020-05-23 21:56:22,342 DEBUG - Handle Environment Warning Message. Processing...
2020-05-23 21:56:22,342 INFO - Route already changed (at simulation time 258.007,000,000 s)
2020-05-23 21:56:22,343 INFO - Processing DEN message (at simulation time 258.007,400,000 s)
2020-05-23 21:56:22,343 DEBUG - Handle Environment Warning Message. Processing...
2020-05-23 21:56:22,343 INFO - Route already changed (at simulation time 258.007,400,000 s)
2020-05-23 21:56:22,343 INFO - Processing DEN message (at simulation time 258.007,600,000 s)
2020-05-23 21:56:22,344 DEBUG - Handle Environment Warning Message. Processing...
2020-05-23 21:56:22,344 INFO - Route already changed (at simulation time 258.007,600,000 s)
2020-05-23 21:56:22,345 INFO - Processing DEN message (at simulation time 258.008,500,000 s)
2020-05-23 21:56:22,345 DEBUG - Handle Environment Warning Message. Processing...
2020-05-23 21:56:22,345 INFO - Route already changed (at simulation time 258.008,500,000 s)
2020-05-23 21:56:22,346 INFO - Processing DEN message (at simulation time 258.009,500,000 s)
2020-05-23 21:56:22,346 DEBUG - Handle Environment Warning Message. Processing...
2020-05-23 21:56:22,346 INFO - Route already changed (at simulation time 258.009,500,000 s)
2020-05-23 21:56:22,346 INFO - Processing DEN message (at simulation time 258.010,000,000 s)
2020-05-23 21:56:22,346 DEBUG - Handle Environment Warning Message. Processing...
2020-05-23 21:56:22,346 INFO - Route already changed (at simulation time 258.010,000,000 s)
2020-05-23 21:56:22,391 DEBUG - No Sensor/Event detected (at simulation time 259.000,000,000 s)
2020-05-23 21:56:22,443 INFO - Processing DEN message (at simulation time 259.006,100,000 s)
2020-05-23 21:56:22,443 DEBUG - Handle Environment Warning Message. Processing...
2020-05-23 21:56:22,443 INFO - Route already changed (at simulation time 259.006,100,000 s)
2020-05-23 21:56:22,443 INFO - Processing DEN message (at simulation time 259.006,500,000 s)
2020-05-23 21:56:22,443 DEBUG - Handle Environment Warning Message. Processing...
2020-05-23 21:56:22,443 INFO - Route already changed (at simulation time 259.006,500,000 s)
2020-05-23 21:56:22,444 INFO - Processing DEN message (at simulation time 259.006,500,000 s)
2020-05-23 21:56:22,444 DEBUG - Handle Environment Warning Message. Processing...
2020-05-23 21:56:22,444 INFO - Route already changed (at simulation time 259.006,500,000 s)
2020-05-23 21:56:22,444 INFO - Processing DEN message (at simulation time 259.007,000,000 s)
2020-05-23 21:56:22,444 DEBUG - Handle Environment Warning Message. Processing...
2020-05-23 21:56:22,444 INFO - Route already changed (at simulation time 259.007,000,000 s)
2020-05-23 21:56:22,445 INFO - Processing DEN message (at simulation time 259.008,500,000 s)
2020-05-23 21:56:22,445 DEBUG - Handle Environment Warning Message. Processing...
2020-05-23 21:56:22,445 INFO - Route already changed (at simulation time 259.008,500,000 s)
2020-05-23 21:56:22,446 INFO - Processing DEN message (at simulation time 259.009,500,000 s)
2020-05-23 21:56:22,446 DEBUG - Handle Environment Warning Message. Processing...
2020-05-23 21:56:22,446 INFO - Route already changed (at simulation time 259.009,500,000 s)
2020-05-23 21:56:22,447 INFO - Processing DEN message (at simulation time 259.010,400,000 s)
2020-05-23 21:56:22,447 DEBUG - Handle Environment Warning Message. Processing...
2020-05-23 21:56:22,447 INFO - Route already changed (at simulation time 259.010,400,000 s)
2020-05-23 21:56:22,490 DEBUG - No Sensor/Event detected (at simulation time 260.000,000,000 s)
2020-05-23 21:56:22,754 INFO - Processing DEN message (at simulation time 260.004,500,000 s)
2020-05-23 21:56:22,754 DEBUG - Handle Environment Warning Message. Processing...
2020-05-23 21:56:22,754 INFO - Route already changed (at simulation time 260.004,500,000 s)
2020-05-23 21:56:22,757 INFO - Processing DEN message (at simulation time 260.006,000,000 s)
2020-05-23 21:56:22,757 DEBUG - Handle Environment Warning Message. Processing...
2020-05-23 21:56:22,757 INFO - Route already changed (at simulation time 260.006,000,000 s)
2020-05-23 21:56:22,757 INFO - Processing DEN message (at simulation time 260.006,100,000 s)
2020-05-23 21:56:22,757 DEBUG - Handle Environment Warning Message. Processing...
2020-05-23 21:56:22,758 INFO - Route already changed (at simulation time 260.006,100,000 s)
2020-05-23 21:56:22,758 INFO - Processing DEN message (at simulation time 260.007,000,000 s)
2020-05-23 21:56:22,758 DEBUG - Handle Environment Warning Message. Processing...
2020-05-23 21:56:22,758 INFO - Route already changed (at simulation time 260.007,000,000 s)
2020-05-23 21:56:22,759 INFO - Processing DEN message (at simulation time 260.007,100,000 s)
2020-05-23 21:56:22,761 DEBUG - Handle Environment Warning Message. Processing...
2020-05-23 21:56:22,761 INFO - Route already changed (at simulation time 260.007,100,000 s)
2020-05-23 21:56:22,762 INFO - Processing DEN message (at simulation time 260.007,500,000 s)
2020-05-23 21:56:22,762 DEBUG - Handle Environment Warning Message. Processing...
2020-05-23 21:56:22,762 INFO - Route already changed (at simulation time 260.007,500,000 s)
2020-05-23 21:56:22,762 INFO - Processing DEN message (at simulation time 260.008,000,000 s)
2020-05-23 21:56:22,762 DEBUG - Handle Environment Warning Message. Processing...
2020-05-23 21:56:22,762 INFO - Route already changed (at simulation time 260.008,000,000 s)
2020-05-23 21:56:22,804 DEBUG - No Sensor/Event detected (at simulation time 261.000,000,000 s)
2020-05-23 21:56:22,889 INFO - Processing DEN message (at simulation time 261.003,500,000 s)
2020-05-23 21:56:22,889 DEBUG - Handle Environment Warning Message. Processing...
2020-05-23 21:56:22,889 INFO - Route already changed (at simulation time 261.003,500,000 s)
2020-05-23 21:56:22,891 INFO - Processing DEN message (at simulation time 261.004,100,000 s)
2020-05-23 21:56:22,891 DEBUG - Handle Environment Warning Message. Processing...
2020-05-23 21:56:22,891 INFO - Route already changed (at simulation time 261.004,100,000 s)
2020-05-23 21:56:22,893 INFO - Processing DEN message (at simulation time 261.005,500,000 s)
2020-05-23 21:56:22,893 DEBUG - Handle Environment Warning Message. Processing...
2020-05-23 21:56:22,893 INFO - Route already changed (at simulation time 261.005,500,000 s)
2020-05-23 21:56:22,902 INFO - Processing DEN message (at simulation time 261.006,600,000 s)
2020-05-23 21:56:22,902 DEBUG - Handle Environment Warning Message. Processing...
2020-05-23 21:56:22,902 INFO - Route already changed (at simulation time 261.006,600,000 s)
2020-05-23 21:56:22,903 INFO - Processing DEN message (at simulation time 261.007,500,000 s)
2020-05-23 21:56:22,903 DEBUG - Handle Environment Warning Message. Processing...
2020-05-23 21:56:22,903 INFO - Route already changed (at simulation time 261.007,500,000 s)
2020-05-23 21:56:22,903 INFO - Processing DEN message (at simulation time 261.007,500,000 s)
2020-05-23 21:56:22,903 DEBUG - Handle Environment Warning Message. Processing...
2020-05-23 21:56:22,903 INFO - Route already changed (at simulation time 261.007,500,000 s)
2020-05-23 21:56:22,904 INFO - Processing DEN message (at simulation time 261.008,000,000 s)
2020-05-23 21:56:22,904 DEBUG - Handle Environment Warning Message. Processing...
2020-05-23 21:56:22,904 INFO - Route already changed (at simulation time 261.008,000,000 s)
2020-05-23 21:56:23,069 DEBUG - No Sensor/Event detected (at simulation time 262.000,000,000 s)
2020-05-23 21:56:23,167 INFO - Processing DEN message (at simulation time 262.004,400,000 s)
2020-05-23 21:56:23,167 DEBUG - Handle Environment Warning Message. Processing...
2020-05-23 21:56:23,167 INFO - Route already changed (at simulation time 262.004,400,000 s)
2020-05-23 21:56:23,172 INFO - Processing DEN message (at simulation time 262.006,500,000 s)
2020-05-23 21:56:23,172 DEBUG - Handle Environment Warning Message. Processing...
2020-05-23 21:56:23,172 INFO - Route already changed (at simulation time 262.006,500,000 s)
2020-05-23 21:56:23,174 INFO - Processing DEN message (at simulation time 262.006,900,000 s)
2020-05-23 21:56:23,174 DEBUG - Handle Environment Warning Message. Processing...
2020-05-23 21:56:23,174 INFO - Route already changed (at simulation time 262.006,900,000 s)
2020-05-23 21:56:23,174 INFO - Processing DEN message (at simulation time 262.006,900,000 s)
2020-05-23 21:56:23,174 DEBUG - Handle Environment Warning Message. Processing...
2020-05-23 21:56:23,174 INFO - Route already changed (at simulation time 262.006,900,000 s)
2020-05-23 21:56:23,180 INFO - Processing DEN message (at simulation time 262.008,000,000 s)
2020-05-23 21:56:23,180 DEBUG - Handle Environment Warning Message. Processing...
2020-05-23 21:56:23,180 INFO - Route already changed (at simulation time 262.008,000,000 s)
2020-05-23 21:56:23,181 INFO - Processing DEN message (at simulation time 262.008,400,000 s)
2020-05-23 21:56:23,181 DEBUG - Handle Environment Warning Message. Processing...
2020-05-23 21:56:23,181 INFO - Route already changed (at simulation time 262.008,400,000 s)
2020-05-23 21:56:23,182 INFO - Processing DEN message (at simulation time 262.011,400,000 s)
2020-05-23 21:56:23,182 DEBUG - Handle Environment Warning Message. Processing...
2020-05-23 21:56:23,182 INFO - Route already changed (at simulation time 262.011,400,000 s)
2020-05-23 21:56:23,232 DEBUG - No Sensor/Event detected (at simulation time 263.000,000,000 s)
2020-05-23 21:56:23,381 INFO - Processing DEN message (at simulation time 263.004,000,000 s)
2020-05-23 21:56:23,381 DEBUG - Handle Environment Warning Message. Processing...
2020-05-23 21:56:23,381 INFO - Route already changed (at simulation time 263.004,000,000 s)
2020-05-23 21:56:23,381 INFO - Processing DEN message (at simulation time 263.004,100,000 s)
2020-05-23 21:56:23,381 DEBUG - Handle Environment Warning Message. Processing...
2020-05-23 21:56:23,381 INFO - Route already changed (at simulation time 263.004,100,000 s)
2020-05-23 21:56:23,385 INFO - Processing DEN message (at simulation time 263.005,600,000 s)
2020-05-23 21:56:23,385 DEBUG - Handle Environment Warning Message. Processing...
2020-05-23 21:56:23,385 INFO - Route already changed (at simulation time 263.005,600,000 s)
2020-05-23 21:56:23,386 INFO - Processing DEN message (at simulation time 263.006,500,000 s)
2020-05-23 21:56:23,386 DEBUG - Handle Environment Warning Message. Processing...
2020-05-23 21:56:23,386 INFO - Route already changed (at simulation time 263.006,500,000 s)
2020-05-23 21:56:23,387 INFO - Processing DEN message (at simulation time 263.006,600,000 s)
2020-05-23 21:56:23,387 DEBUG - Handle Environment Warning Message. Processing...
2020-05-23 21:56:23,387 INFO - Route already changed (at simulation time 263.006,600,000 s)
2020-05-23 21:56:23,387 INFO - Processing DEN message (at simulation time 263.007,500,000 s)
2020-05-23 21:56:23,387 DEBUG - Handle Environment Warning Message. Processing...
2020-05-23 21:56:23,387 INFO - Route already changed (at simulation time 263.007,500,000 s)
2020-05-23 21:56:23,389 INFO - Processing DEN message (at simulation time 263.008,500,000 s)
2020-05-23 21:56:23,389 DEBUG - Handle Environment Warning Message. Processing...
2020-05-23 21:56:23,389 INFO - Route already changed (at simulation time 263.008,500,000 s)
2020-05-23 21:56:23,498 DEBUG - No Sensor/Event detected (at simulation time 264.000,000,000 s)
2020-05-23 21:56:23,571 INFO - Processing DEN message (at simulation time 264.004,600,000 s)
2020-05-23 21:56:23,571 DEBUG - Handle Environment Warning Message. Processing...
2020-05-23 21:56:23,571 INFO - Route already changed (at simulation time 264.004,600,000 s)
2020-05-23 21:56:23,572 INFO - Processing DEN message (at simulation time 264.006,000,000 s)
2020-05-23 21:56:23,572 DEBUG - Handle Environment Warning Message. Processing...
2020-05-23 21:56:23,572 INFO - Route already changed (at simulation time 264.006,000,000 s)
2020-05-23 21:56:23,573 INFO - Processing DEN message (at simulation time 264.006,700,000 s)
2020-05-23 21:56:23,573 DEBUG - Handle Environment Warning Message. Processing...
2020-05-23 21:56:23,573 INFO - Route already changed (at simulation time 264.006,700,000 s)
2020-05-23 21:56:23,573 INFO - Processing DEN message (at simulation time 264.007,100,000 s)
2020-05-23 21:56:23,573 DEBUG - Handle Environment Warning Message. Processing...
2020-05-23 21:56:23,573 INFO - Route already changed (at simulation time 264.007,100,000 s)
2020-05-23 21:56:23,574 INFO - Processing DEN message (at simulation time 264.008,000,000 s)
2020-05-23 21:56:23,574 DEBUG - Handle Environment Warning Message. Processing...
2020-05-23 21:56:23,574 INFO - Route already changed (at simulation time 264.008,000,000 s)
2020-05-23 21:56:23,574 INFO - Processing DEN message (at simulation time 264.008,000,000 s)
2020-05-23 21:56:23,574 DEBUG - Handle Environment Warning Message. Processing...
2020-05-23 21:56:23,574 INFO - Route already changed (at simulation time 264.008,000,000 s)
2020-05-23 21:56:23,574 INFO - Processing DEN message (at simulation time 264.008,100,000 s)
2020-05-23 21:56:23,574 DEBUG - Handle Environment Warning Message. Processing...
2020-05-23 21:56:23,574 INFO - Route already changed (at simulation time 264.008,100,000 s)
2020-05-23 21:56:23,577 INFO - Processing DEN message (at simulation time 264.010,000,000 s)
2020-05-23 21:56:23,577 DEBUG - Handle Environment Warning Message. Processing...
2020-05-23 21:56:23,577 INFO - Route already changed (at simulation time 264.010,000,000 s)
2020-05-23 21:56:23,626 DEBUG - No Sensor/Event detected (at simulation time 265.000,000,000 s)
2020-05-23 21:56:23,768 INFO - Processing DEN message (at simulation time 265.003,100,000 s)
2020-05-23 21:56:23,768 DEBUG - Handle Environment Warning Message. Processing...
2020-05-23 21:56:23,768 INFO - Route already changed (at simulation time 265.003,100,000 s)
2020-05-23 21:56:23,821 INFO - Processing DEN message (at simulation time 265.003,600,000 s)
2020-05-23 21:56:23,821 DEBUG - Handle Environment Warning Message. Processing...
2020-05-23 21:56:23,821 INFO - Route already changed (at simulation time 265.003,600,000 s)
2020-05-23 21:56:23,830 INFO - Processing DEN message (at simulation time 265.004,200,000 s)
2020-05-23 21:56:23,830 DEBUG - Handle Environment Warning Message. Processing...
2020-05-23 21:56:23,830 INFO - Route already changed (at simulation time 265.004,200,000 s)
2020-05-23 21:56:23,831 INFO - Processing DEN message (at simulation time 265.004,600,000 s)
2020-05-23 21:56:23,831 DEBUG - Handle Environment Warning Message. Processing...
2020-05-23 21:56:23,831 INFO - Route already changed (at simulation time 265.004,600,000 s)
2020-05-23 21:56:23,831 INFO - Processing DEN message (at simulation time 265.005,000,000 s)
2020-05-23 21:56:23,831 DEBUG - Handle Environment Warning Message. Processing...
2020-05-23 21:56:23,831 INFO - Route already changed (at simulation time 265.005,000,000 s)
2020-05-23 21:56:23,834 INFO - Processing DEN message (at simulation time 265.006,000,000 s)
2020-05-23 21:56:23,834 DEBUG - Handle Environment Warning Message. Processing...
2020-05-23 21:56:23,834 INFO - Route already changed (at simulation time 265.006,000,000 s)
2020-05-23 21:56:23,835 INFO - Processing DEN message (at simulation time 265.007,000,000 s)
2020-05-23 21:56:23,835 DEBUG - Handle Environment Warning Message. Processing...
2020-05-23 21:56:23,835 INFO - Route already changed (at simulation time 265.007,000,000 s)
2020-05-23 21:56:23,838 INFO - Processing DEN message (at simulation time 265.008,000,000 s)
2020-05-23 21:56:23,838 DEBUG - Handle Environment Warning Message. Processing...
2020-05-23 21:56:23,838 INFO - Route already changed (at simulation time 265.008,000,000 s)
2020-05-23 21:56:23,919 DEBUG - No Sensor/Event detected (at simulation time 266.000,000,000 s)
2020-05-23 21:56:23,985 INFO - Processing DEN message (at simulation time 266.004,500,000 s)
2020-05-23 21:56:23,985 DEBUG - Handle Environment Warning Message. Processing...
2020-05-23 21:56:23,985 INFO - Route already changed (at simulation time 266.004,500,000 s)
2020-05-23 21:56:23,985 INFO - Processing DEN message (at simulation time 266.004,600,000 s)
2020-05-23 21:56:23,985 DEBUG - Handle Environment Warning Message. Processing...
2020-05-23 21:56:23,985 INFO - Route already changed (at simulation time 266.004,600,000 s)
2020-05-23 21:56:23,986 INFO - Processing DEN message (at simulation time 266.004,700,000 s)
2020-05-23 21:56:23,986 DEBUG - Handle Environment Warning Message. Processing...
2020-05-23 21:56:23,986 INFO - Route already changed (at simulation time 266.004,700,000 s)
2020-05-23 21:56:23,987 INFO - Processing DEN message (at simulation time 266.005,600,000 s)
2020-05-23 21:56:23,987 DEBUG - Handle Environment Warning Message. Processing...
2020-05-23 21:56:23,987 INFO - Route already changed (at simulation time 266.005,600,000 s)
2020-05-23 21:56:23,987 INFO - Processing DEN message (at simulation time 266.006,000,000 s)
2020-05-23 21:56:23,987 DEBUG - Handle Environment Warning Message. Processing...
2020-05-23 21:56:23,987 INFO - Route already changed (at simulation time 266.006,000,000 s)
2020-05-23 21:56:23,988 INFO - Processing DEN message (at simulation time 266.006,600,000 s)
2020-05-23 21:56:23,988 DEBUG - Handle Environment Warning Message. Processing...
2020-05-23 21:56:23,988 INFO - Route already changed (at simulation time 266.006,600,000 s)
2020-05-23 21:56:23,989 INFO - Processing DEN message (at simulation time 266.007,500,000 s)
2020-05-23 21:56:23,989 DEBUG - Handle Environment Warning Message. Processing...
2020-05-23 21:56:23,989 INFO - Route already changed (at simulation time 266.007,500,000 s)
2020-05-23 21:56:23,989 INFO - Processing DEN message (at simulation time 266.008,000,000 s)
2020-05-23 21:56:23,989 DEBUG - Handle Environment Warning Message. Processing...
2020-05-23 21:56:23,989 INFO - Route already changed (at simulation time 266.008,000,000 s)
2020-05-23 21:56:24,038 DEBUG - No Sensor/Event detected (at simulation time 267.000,000,000 s)
2020-05-23 21:56:24,104 INFO - Processing DEN message (at simulation time 267.003,600,000 s)
2020-05-23 21:56:24,104 DEBUG - Handle Environment Warning Message. Processing...
2020-05-23 21:56:24,104 INFO - Route already changed (at simulation time 267.003,600,000 s)
2020-05-23 21:56:24,104 INFO - Processing DEN message (at simulation time 267.004,100,000 s)
2020-05-23 21:56:24,104 DEBUG - Handle Environment Warning Message. Processing...
2020-05-23 21:56:24,104 INFO - Route already changed (at simulation time 267.004,100,000 s)
2020-05-23 21:56:24,108 INFO - Processing DEN message (at simulation time 267.005,500,000 s)
2020-05-23 21:56:24,108 DEBUG - Handle Environment Warning Message. Processing...
2020-05-23 21:56:24,108 INFO - Route already changed (at simulation time 267.005,500,000 s)
2020-05-23 21:56:24,108 INFO - Processing DEN message (at simulation time 267.006,000,000 s)
2020-05-23 21:56:24,108 DEBUG - Handle Environment Warning Message. Processing...
2020-05-23 21:56:24,108 INFO - Route already changed (at simulation time 267.006,000,000 s)
2020-05-23 21:56:24,109 INFO - Processing DEN message (at simulation time 267.006,100,000 s)
2020-05-23 21:56:24,109 DEBUG - Handle Environment Warning Message. Processing...
2020-05-23 21:56:24,109 INFO - Route already changed (at simulation time 267.006,100,000 s)
2020-05-23 21:56:24,116 INFO - Processing DEN message (at simulation time 267.007,000,000 s)
2020-05-23 21:56:24,116 DEBUG - Handle Environment Warning Message. Processing...
2020-05-23 21:56:24,116 INFO - Route already changed (at simulation time 267.007,000,000 s)
2020-05-23 21:56:24,117 INFO - Processing DEN message (at simulation time 267.007,200,000 s)
2020-05-23 21:56:24,117 DEBUG - Handle Environment Warning Message. Processing...
2020-05-23 21:56:24,117 INFO - Route already changed (at simulation time 267.007,200,000 s)
2020-05-23 21:56:24,128 INFO - Processing DEN message (at simulation time 267.007,500,000 s)
2020-05-23 21:56:24,128 DEBUG - Handle Environment Warning Message. Processing...
2020-05-23 21:56:24,128 INFO - Route already changed (at simulation time 267.007,500,000 s)
2020-05-23 21:56:24,320 DEBUG - No Sensor/Event detected (at simulation time 268.000,000,000 s)
2020-05-23 21:56:24,388 INFO - Processing DEN message (at simulation time 268.004,700,000 s)
2020-05-23 21:56:24,388 DEBUG - Handle Environment Warning Message. Processing...
2020-05-23 21:56:24,388 INFO - Route already changed (at simulation time 268.004,700,000 s)
2020-05-23 21:56:24,388 INFO - Processing DEN message (at simulation time 268.005,100,000 s)
2020-05-23 21:56:24,388 DEBUG - Handle Environment Warning Message. Processing...
2020-05-23 21:56:24,388 INFO - Route already changed (at simulation time 268.005,100,000 s)
2020-05-23 21:56:24,389 INFO - Processing DEN message (at simulation time 268.005,500,000 s)
2020-05-23 21:56:24,389 DEBUG - Handle Environment Warning Message. Processing...
2020-05-23 21:56:24,389 INFO - Route already changed (at simulation time 268.005,500,000 s)
2020-05-23 21:56:24,389 INFO - Processing DEN message (at simulation time 268.005,600,000 s)
2020-05-23 21:56:24,389 DEBUG - Handle Environment Warning Message. Processing...
2020-05-23 21:56:24,389 INFO - Route already changed (at simulation time 268.005,600,000 s)
2020-05-23 21:56:24,390 INFO - Processing DEN message (at simulation time 268.006,500,000 s)
2020-05-23 21:56:24,390 DEBUG - Handle Environment Warning Message. Processing...
2020-05-23 21:56:24,390 INFO - Route already changed (at simulation time 268.006,500,000 s)
2020-05-23 21:56:24,392 INFO - Processing DEN message (at simulation time 268.007,100,000 s)
2020-05-23 21:56:24,392 DEBUG - Handle Environment Warning Message. Processing...
2020-05-23 21:56:24,392 INFO - Route already changed (at simulation time 268.007,100,000 s)
2020-05-23 21:56:24,393 INFO - Processing DEN message (at simulation time 268.007,500,000 s)
2020-05-23 21:56:24,393 DEBUG - Handle Environment Warning Message. Processing...
2020-05-23 21:56:24,393 INFO - Route already changed (at simulation time 268.007,500,000 s)
2020-05-23 21:56:24,394 INFO - Processing DEN message (at simulation time 268.009,500,000 s)
2020-05-23 21:56:24,394 DEBUG - Handle Environment Warning Message. Processing...
2020-05-23 21:56:24,394 INFO - Route already changed (at simulation time 268.009,500,000 s)
2020-05-23 21:56:24,431 DEBUG - No Sensor/Event detected (at simulation time 269.000,000,000 s)
2020-05-23 21:56:24,481 INFO - Processing DEN message (at simulation time 269.003,200,000 s)
2020-05-23 21:56:24,482 DEBUG - Handle Environment Warning Message. Processing...
2020-05-23 21:56:24,482 INFO - Route already changed (at simulation time 269.003,200,000 s)
2020-05-23 21:56:24,484 INFO - Processing DEN message (at simulation time 269.006,100,000 s)
2020-05-23 21:56:24,484 DEBUG - Handle Environment Warning Message. Processing...
2020-05-23 21:56:24,484 INFO - Route already changed (at simulation time 269.006,100,000 s)
2020-05-23 21:56:24,485 INFO - Processing DEN message (at simulation time 269.007,000,000 s)
2020-05-23 21:56:24,485 DEBUG - Handle Environment Warning Message. Processing...
2020-05-23 21:56:24,485 INFO - Route already changed (at simulation time 269.007,000,000 s)
2020-05-23 21:56:24,486 INFO - Processing DEN message (at simulation time 269.007,600,000 s)
2020-05-23 21:56:24,486 DEBUG - Handle Environment Warning Message. Processing...
2020-05-23 21:56:24,486 INFO - Route already changed (at simulation time 269.007,600,000 s)
2020-05-23 21:56:24,486 INFO - Processing DEN message (at simulation time 269.008,000,000 s)
2020-05-23 21:56:24,486 DEBUG - Handle Environment Warning Message. Processing...
2020-05-23 21:56:24,486 INFO - Route already changed (at simulation time 269.008,000,000 s)
2020-05-23 21:56:24,486 INFO - Processing DEN message (at simulation time 269.008,100,000 s)
2020-05-23 21:56:24,486 DEBUG - Handle Environment Warning Message. Processing...
2020-05-23 21:56:24,486 INFO - Route already changed (at simulation time 269.008,100,000 s)
2020-05-23 21:56:24,487 INFO - Processing DEN message (at simulation time 269.009,000,000 s)
2020-05-23 21:56:24,487 DEBUG - Handle Environment Warning Message. Processing...
2020-05-23 21:56:24,487 INFO - Route already changed (at simulation time 269.009,000,000 s)
2020-05-23 21:56:24,488 INFO - Processing DEN message (at simulation time 269.010,000,000 s)
2020-05-23 21:56:24,488 DEBUG - Handle Environment Warning Message. Processing...
2020-05-23 21:56:24,488 INFO - Route already changed (at simulation time 269.010,000,000 s)
2020-05-23 21:56:24,737 DEBUG - No Sensor/Event detected (at simulation time 270.000,000,000 s)
2020-05-23 21:56:24,785 INFO - Processing DEN message (at simulation time 270.003,500,000 s)
2020-05-23 21:56:24,785 DEBUG - Handle Environment Warning Message. Processing...
2020-05-23 21:56:24,785 INFO - Route already changed (at simulation time 270.003,500,000 s)
2020-05-23 21:56:24,786 INFO - Processing DEN message (at simulation time 270.004,700,000 s)
2020-05-23 21:56:24,786 DEBUG - Handle Environment Warning Message. Processing...
2020-05-23 21:56:24,786 INFO - Route already changed (at simulation time 270.004,700,000 s)
2020-05-23 21:56:24,788 INFO - Processing DEN message (at simulation time 270.006,100,000 s)
2020-05-23 21:56:24,788 DEBUG - Handle Environment Warning Message. Processing...
2020-05-23 21:56:24,788 INFO - Route already changed (at simulation time 270.006,100,000 s)
2020-05-23 21:56:24,789 INFO - Processing DEN message (at simulation time 270.006,500,000 s)
2020-05-23 21:56:24,789 DEBUG - Handle Environment Warning Message. Processing...
2020-05-23 21:56:24,789 INFO - Route already changed (at simulation time 270.006,500,000 s)
2020-05-23 21:56:24,789 INFO - Processing DEN message (at simulation time 270.006,600,000 s)
2020-05-23 21:56:24,789 DEBUG - Handle Environment Warning Message. Processing...
2020-05-23 21:56:24,789 INFO - Route already changed (at simulation time 270.006,600,000 s)
2020-05-23 21:56:24,789 INFO - Processing DEN message (at simulation time 270.006,600,000 s)
2020-05-23 21:56:24,789 DEBUG - Handle Environment Warning Message. Processing...
2020-05-23 21:56:24,789 INFO - Route already changed (at simulation time 270.006,600,000 s)
2020-05-23 21:56:24,789 INFO - Processing DEN message (at simulation time 270.007,000,000 s)
2020-05-23 21:56:24,789 DEBUG - Handle Environment Warning Message. Processing...
2020-05-23 21:56:24,789 INFO - Route already changed (at simulation time 270.007,000,000 s)
2020-05-23 21:56:24,792 INFO - Processing DEN message (at simulation time 270.009,500,000 s)
2020-05-23 21:56:24,792 DEBUG - Handle Environment Warning Message. Processing...
2020-05-23 21:56:24,792 INFO - Route already changed (at simulation time 270.009,500,000 s)
2020-05-23 21:56:24,833 DEBUG - No Sensor/Event detected (at simulation time 271.000,000,000 s)
2020-05-23 21:56:24,884 INFO - Processing DEN message (at simulation time 271.003,100,000 s)
2020-05-23 21:56:24,884 DEBUG - Handle Environment Warning Message. Processing...
2020-05-23 21:56:24,884 INFO - Route already changed (at simulation time 271.003,100,000 s)
2020-05-23 21:56:24,885 INFO - Processing DEN message (at simulation time 271.003,700,000 s)
2020-05-23 21:56:24,885 DEBUG - Handle Environment Warning Message. Processing...
2020-05-23 21:56:24,885 INFO - Route already changed (at simulation time 271.003,700,000 s)
2020-05-23 21:56:24,885 INFO - Processing DEN message (at simulation time 271.004,200,000 s)
2020-05-23 21:56:24,885 DEBUG - Handle Environment Warning Message. Processing...
2020-05-23 21:56:24,885 INFO - Route already changed (at simulation time 271.004,200,000 s)
2020-05-23 21:56:24,891 INFO - Processing DEN message (at simulation time 271.005,100,000 s)
2020-05-23 21:56:24,891 DEBUG - Handle Environment Warning Message. Processing...
2020-05-23 21:56:24,891 INFO - Route already changed (at simulation time 271.005,100,000 s)
2020-05-23 21:56:24,892 INFO - Processing DEN message (at simulation time 271.005,500,000 s)
2020-05-23 21:56:24,892 DEBUG - Handle Environment Warning Message. Processing...
2020-05-23 21:56:24,892 INFO - Route already changed (at simulation time 271.005,500,000 s)
2020-05-23 21:56:24,895 INFO - Processing DEN message (at simulation time 271.007,100,000 s)
2020-05-23 21:56:24,895 DEBUG - Handle Environment Warning Message. Processing...
2020-05-23 21:56:24,895 INFO - Route already changed (at simulation time 271.007,100,000 s)
2020-05-23 21:56:24,895 INFO - Processing DEN message (at simulation time 271.007,600,000 s)
2020-05-23 21:56:24,895 DEBUG - Handle Environment Warning Message. Processing...
2020-05-23 21:56:24,895 INFO - Route already changed (at simulation time 271.007,600,000 s)
2020-05-23 21:56:24,895 INFO - Processing DEN message (at simulation time 271.008,100,000 s)
2020-05-23 21:56:24,895 DEBUG - Handle Environment Warning Message. Processing...
2020-05-23 21:56:24,895 INFO - Route already changed (at simulation time 271.008,100,000 s)
2020-05-23 21:56:25,055 DEBUG - No Sensor/Event detected (at simulation time 272.000,000,000 s)
2020-05-23 21:56:25,133 INFO - Processing DEN message (at simulation time 272.003,700,000 s)
2020-05-23 21:56:25,133 DEBUG - Handle Environment Warning Message. Processing...
2020-05-23 21:56:25,133 INFO - Route already changed (at simulation time 272.003,700,000 s)
2020-05-23 21:56:25,134 INFO - Processing DEN message (at simulation time 272.004,100,000 s)
2020-05-23 21:56:25,134 DEBUG - Handle Environment Warning Message. Processing...
2020-05-23 21:56:25,134 INFO - Route already changed (at simulation time 272.004,100,000 s)
2020-05-23 21:56:25,136 INFO - Processing DEN message (at simulation time 272.004,600,000 s)
2020-05-23 21:56:25,136 DEBUG - Handle Environment Warning Message. Processing...
2020-05-23 21:56:25,136 INFO - Route already changed (at simulation time 272.004,600,000 s)
2020-05-23 21:56:25,136 INFO - Processing DEN message (at simulation time 272.004,700,000 s)
2020-05-23 21:56:25,136 DEBUG - Handle Environment Warning Message. Processing...
2020-05-23 21:56:25,136 INFO - Route already changed (at simulation time 272.004,700,000 s)
2020-05-23 21:56:25,139 INFO - Processing DEN message (at simulation time 272.006,600,000 s)
2020-05-23 21:56:25,139 DEBUG - Handle Environment Warning Message. Processing...
2020-05-23 21:56:25,139 INFO - Route already changed (at simulation time 272.006,600,000 s)
2020-05-23 21:56:25,139 INFO - Processing DEN message (at simulation time 272.007,100,000 s)
2020-05-23 21:56:25,139 DEBUG - Handle Environment Warning Message. Processing...
2020-05-23 21:56:25,139 INFO - Route already changed (at simulation time 272.007,100,000 s)
2020-05-23 21:56:25,140 INFO - Processing DEN message (at simulation time 272.007,600,000 s)
2020-05-23 21:56:25,140 DEBUG - Handle Environment Warning Message. Processing...
2020-05-23 21:56:25,140 INFO - Route already changed (at simulation time 272.007,600,000 s)
2020-05-23 21:56:25,140 INFO - Processing DEN message (at simulation time 272.008,000,000 s)
2020-05-23 21:56:25,140 DEBUG - Handle Environment Warning Message. Processing...
2020-05-23 21:56:25,140 INFO - Route already changed (at simulation time 272.008,000,000 s)
2020-05-23 21:56:25,185 DEBUG - No Sensor/Event detected (at simulation time 273.000,000,000 s)
2020-05-23 21:56:25,264 INFO - Processing DEN message (at simulation time 273.001,700,000 s)
2020-05-23 21:56:25,264 DEBUG - Handle Environment Warning Message. Processing...
2020-05-23 21:56:25,264 INFO - Route already changed (at simulation time 273.001,700,000 s)
2020-05-23 21:56:25,266 INFO - Processing DEN message (at simulation time 273.003,200,000 s)
2020-05-23 21:56:25,266 DEBUG - Handle Environment Warning Message. Processing...
2020-05-23 21:56:25,266 INFO - Route already changed (at simulation time 273.003,200,000 s)
2020-05-23 21:56:25,266 INFO - Processing DEN message (at simulation time 273.003,200,000 s)
2020-05-23 21:56:25,266 DEBUG - Handle Environment Warning Message. Processing...
2020-05-23 21:56:25,266 INFO - Route already changed (at simulation time 273.003,200,000 s)
2020-05-23 21:56:25,266 INFO - Processing DEN message (at simulation time 273.003,600,000 s)
2020-05-23 21:56:25,266 DEBUG - Handle Environment Warning Message. Processing...
2020-05-23 21:56:25,266 INFO - Route already changed (at simulation time 273.003,600,000 s)
2020-05-23 21:56:25,269 INFO - Processing DEN message (at simulation time 273.005,600,000 s)
2020-05-23 21:56:25,269 DEBUG - Handle Environment Warning Message. Processing...
2020-05-23 21:56:25,269 INFO - Route already changed (at simulation time 273.005,600,000 s)
2020-05-23 21:56:25,271 INFO - Processing DEN message (at simulation time 273.006,100,000 s)
2020-05-23 21:56:25,271 DEBUG - Handle Environment Warning Message. Processing...
2020-05-23 21:56:25,271 INFO - Route already changed (at simulation time 273.006,100,000 s)
2020-05-23 21:56:25,271 INFO - Processing DEN message (at simulation time 273.006,600,000 s)
2020-05-23 21:56:25,271 DEBUG - Handle Environment Warning Message. Processing...
2020-05-23 21:56:25,271 INFO - Route already changed (at simulation time 273.006,600,000 s)
2020-05-23 21:56:25,271 INFO - Processing DEN message (at simulation time 273.006,600,000 s)
2020-05-23 21:56:25,271 DEBUG - Handle Environment Warning Message. Processing...
2020-05-23 21:56:25,271 INFO - Route already changed (at simulation time 273.006,600,000 s)
2020-05-23 21:56:25,335 DEBUG - No Sensor/Event detected (at simulation time 274.000,000,000 s)
2020-05-23 21:56:25,429 INFO - Processing DEN message (at simulation time 274.002,700,000 s)
2020-05-23 21:56:25,429 DEBUG - Handle Environment Warning Message. Processing...
2020-05-23 21:56:25,429 INFO - Route already changed (at simulation time 274.002,700,000 s)
2020-05-23 21:56:25,429 INFO - Processing DEN message (at simulation time 274.002,800,000 s)
2020-05-23 21:56:25,429 DEBUG - Handle Environment Warning Message. Processing...
2020-05-23 21:56:25,429 INFO - Route already changed (at simulation time 274.002,800,000 s)
2020-05-23 21:56:25,431 INFO - Processing DEN message (at simulation time 274.004,200,000 s)
2020-05-23 21:56:25,431 DEBUG - Handle Environment Warning Message. Processing...
2020-05-23 21:56:25,431 INFO - Route already changed (at simulation time 274.004,200,000 s)
2020-05-23 21:56:25,431 INFO - Processing DEN message (at simulation time 274.004,200,000 s)
2020-05-23 21:56:25,431 DEBUG - Handle Environment Warning Message. Processing...
2020-05-23 21:56:25,431 INFO - Route already changed (at simulation time 274.004,200,000 s)
2020-05-23 21:56:25,432 INFO - Processing DEN message (at simulation time 274.004,600,000 s)
2020-05-23 21:56:25,432 DEBUG - Handle Environment Warning Message. Processing...
2020-05-23 21:56:25,432 INFO - Route already changed (at simulation time 274.004,600,000 s)
2020-05-23 21:56:25,434 INFO - Processing DEN message (at simulation time 274.006,100,000 s)
2020-05-23 21:56:25,434 DEBUG - Handle Environment Warning Message. Processing...
2020-05-23 21:56:25,434 INFO - Route already changed (at simulation time 274.006,100,000 s)
2020-05-23 21:56:25,438 INFO - Processing DEN message (at simulation time 274.006,600,000 s)
2020-05-23 21:56:25,438 DEBUG - Handle Environment Warning Message. Processing...
2020-05-23 21:56:25,438 INFO - Route already changed (at simulation time 274.006,600,000 s)
2020-05-23 21:56:25,439 INFO - Processing DEN message (at simulation time 274.007,100,000 s)
2020-05-23 21:56:25,439 DEBUG - Handle Environment Warning Message. Processing...
2020-05-23 21:56:25,439 INFO - Route already changed (at simulation time 274.007,100,000 s)
2020-05-23 21:56:25,440 INFO - Processing DEN message (at simulation time 274.007,600,000 s)
2020-05-23 21:56:25,440 DEBUG - Handle Environment Warning Message. Processing...
2020-05-23 21:56:25,440 INFO - Route already changed (at simulation time 274.007,600,000 s)
2020-05-23 21:56:25,589 DEBUG - No Sensor/Event detected (at simulation time 275.000,000,000 s)
2020-05-23 21:56:25,646 INFO - Processing DEN message (at simulation time 275.002,700,000 s)
2020-05-23 21:56:25,646 DEBUG - Handle Environment Warning Message. Processing...
2020-05-23 21:56:25,646 INFO - Route already changed (at simulation time 275.002,700,000 s)
2020-05-23 21:56:25,647 INFO - Processing DEN message (at simulation time 275.003,300,000 s)
2020-05-23 21:56:25,647 DEBUG - Handle Environment Warning Message. Processing...
2020-05-23 21:56:25,647 INFO - Route already changed (at simulation time 275.003,300,000 s)
2020-05-23 21:56:25,647 INFO - Processing DEN message (at simulation time 275.003,600,000 s)
2020-05-23 21:56:25,647 DEBUG - Handle Environment Warning Message. Processing...
2020-05-23 21:56:25,647 INFO - Route already changed (at simulation time 275.003,600,000 s)
2020-05-23 21:56:25,648 INFO - Processing DEN message (at simulation time 275.004,200,000 s)
2020-05-23 21:56:25,648 DEBUG - Handle Environment Warning Message. Processing...
2020-05-23 21:56:25,648 INFO - Route already changed (at simulation time 275.004,200,000 s)
2020-05-23 21:56:25,650 INFO - Processing DEN message (at simulation time 275.005,200,000 s)
2020-05-23 21:56:25,650 DEBUG - Handle Environment Warning Message. Processing...
2020-05-23 21:56:25,650 INFO - Route already changed (at simulation time 275.005,200,000 s)
2020-05-23 21:56:25,650 INFO - Processing DEN message (at simulation time 275.005,600,000 s)
2020-05-23 21:56:25,650 DEBUG - Handle Environment Warning Message. Processing...
2020-05-23 21:56:25,650 INFO - Route already changed (at simulation time 275.005,600,000 s)
2020-05-23 21:56:25,652 INFO - Processing DEN message (at simulation time 275.006,600,000 s)
2020-05-23 21:56:25,652 DEBUG - Handle Environment Warning Message. Processing...
2020-05-23 21:56:25,652 INFO - Route already changed (at simulation time 275.006,600,000 s)
2020-05-23 21:56:25,652 INFO - Processing DEN message (at simulation time 275.006,600,000 s)
2020-05-23 21:56:25,652 DEBUG - Handle Environment Warning Message. Processing...
2020-05-23 21:56:25,652 INFO - Route already changed (at simulation time 275.006,600,000 s)
2020-05-23 21:56:25,652 INFO - Processing DEN message (at simulation time 275.007,100,000 s)
2020-05-23 21:56:25,652 DEBUG - Handle Environment Warning Message. Processing...
2020-05-23 21:56:25,652 INFO - Route already changed (at simulation time 275.007,100,000 s)
2020-05-23 21:56:25,707 DEBUG - No Sensor/Event detected (at simulation time 276.000,000,000 s)
2020-05-23 21:56:25,874 INFO - Processing DEN message (at simulation time 276.002,700,000 s)
2020-05-23 21:56:25,874 DEBUG - Handle Environment Warning Message. Processing...
2020-05-23 21:56:25,874 INFO - Route already changed (at simulation time 276.002,700,000 s)
2020-05-23 21:56:25,874 INFO - Processing DEN message (at simulation time 276.003,100,000 s)
2020-05-23 21:56:25,874 DEBUG - Handle Environment Warning Message. Processing...
2020-05-23 21:56:25,875 INFO - Route already changed (at simulation time 276.003,100,000 s)
2020-05-23 21:56:25,875 INFO - Processing DEN message (at simulation time 276.003,200,000 s)
2020-05-23 21:56:25,875 DEBUG - Handle Environment Warning Message. Processing...
2020-05-23 21:56:25,875 INFO - Route already changed (at simulation time 276.003,200,000 s)
2020-05-23 21:56:25,875 INFO - Processing DEN message (at simulation time 276.003,300,000 s)
2020-05-23 21:56:25,875 DEBUG - Handle Environment Warning Message. Processing...
2020-05-23 21:56:25,875 INFO - Route already changed (at simulation time 276.003,300,000 s)
2020-05-23 21:56:25,878 INFO - Processing DEN message (at simulation time 276.005,100,000 s)
2020-05-23 21:56:25,878 DEBUG - Handle Environment Warning Message. Processing...
2020-05-23 21:56:25,878 INFO - Route already changed (at simulation time 276.005,100,000 s)
2020-05-23 21:56:25,878 INFO - Processing DEN message (at simulation time 276.005,100,000 s)
2020-05-23 21:56:25,878 DEBUG - Handle Environment Warning Message. Processing...
2020-05-23 21:56:25,878 INFO - Route already changed (at simulation time 276.005,100,000 s)
2020-05-23 21:56:25,879 INFO - Processing DEN message (at simulation time 276.005,600,000 s)
2020-05-23 21:56:25,879 DEBUG - Handle Environment Warning Message. Processing...
2020-05-23 21:56:25,879 INFO - Route already changed (at simulation time 276.005,600,000 s)
2020-05-23 21:56:25,879 INFO - Processing DEN message (at simulation time 276.005,700,000 s)
2020-05-23 21:56:25,879 DEBUG - Handle Environment Warning Message. Processing...
2020-05-23 21:56:25,879 INFO - Route already changed (at simulation time 276.005,700,000 s)
2020-05-23 21:56:25,881 INFO - Processing DEN message (at simulation time 276.006,600,000 s)
2020-05-23 21:56:25,881 DEBUG - Handle Environment Warning Message. Processing...
2020-05-23 21:56:25,881 INFO - Route already changed (at simulation time 276.006,600,000 s)
2020-05-23 21:56:25,919 DEBUG - No Sensor/Event detected (at simulation time 277.000,000,000 s)
2020-05-23 21:56:26,050 INFO - Processing DEN message (at simulation time 277.003,600,000 s)
2020-05-23 21:56:26,050 DEBUG - Handle Environment Warning Message. Processing...
2020-05-23 21:56:26,050 INFO - Route already changed (at simulation time 277.003,600,000 s)
2020-05-23 21:56:26,050 INFO - Processing DEN message (at simulation time 277.003,700,000 s)
2020-05-23 21:56:26,050 DEBUG - Handle Environment Warning Message. Processing...
2020-05-23 21:56:26,050 INFO - Route already changed (at simulation time 277.003,700,000 s)
2020-05-23 21:56:26,051 INFO - Processing DEN message (at simulation time 277.004,200,000 s)
2020-05-23 21:56:26,051 DEBUG - Handle Environment Warning Message. Processing...
2020-05-23 21:56:26,051 INFO - Route already changed (at simulation time 277.004,200,000 s)
2020-05-23 21:56:26,052 INFO - Processing DEN message (at simulation time 277.004,600,000 s)
2020-05-23 21:56:26,052 DEBUG - Handle Environment Warning Message. Processing...
2020-05-23 21:56:26,052 INFO - Route already changed (at simulation time 277.004,600,000 s)
2020-05-23 21:56:26,053 INFO - Processing DEN message (at simulation time 277.004,800,000 s)
2020-05-23 21:56:26,053 DEBUG - Handle Environment Warning Message. Processing...
2020-05-23 21:56:26,053 INFO - Route already changed (at simulation time 277.004,800,000 s)
2020-05-23 21:56:26,054 INFO - Processing DEN message (at simulation time 277.005,200,000 s)
2020-05-23 21:56:26,054 DEBUG - Handle Environment Warning Message. Processing...
2020-05-23 21:56:26,054 INFO - Route already changed (at simulation time 277.005,200,000 s)
2020-05-23 21:56:26,054 INFO - Processing DEN message (at simulation time 277.005,600,000 s)
2020-05-23 21:56:26,054 DEBUG - Handle Environment Warning Message. Processing...
2020-05-23 21:56:26,054 INFO - Route already changed (at simulation time 277.005,600,000 s)
2020-05-23 21:56:26,056 INFO - Processing DEN message (at simulation time 277.005,700,000 s)
2020-05-23 21:56:26,056 DEBUG - Handle Environment Warning Message. Processing...
2020-05-23 21:56:26,056 INFO - Route already changed (at simulation time 277.005,700,000 s)
2020-05-23 21:56:26,059 INFO - Processing DEN message (at simulation time 277.007,100,000 s)
2020-05-23 21:56:26,059 DEBUG - Handle Environment Warning Message. Processing...
2020-05-23 21:56:26,059 INFO - Route already changed (at simulation time 277.007,100,000 s)
2020-05-23 21:56:26,104 DEBUG - No Sensor/Event detected (at simulation time 278.000,000,000 s)
2020-05-23 21:56:26,262 DEBUG - No Sensor/Event detected (at simulation time 279.000,000,000 s)
2020-05-23 21:56:26,504 DEBUG - No Sensor/Event detected (at simulation time 280.000,000,000 s)
2020-05-23 21:56:26,619 DEBUG - No Sensor/Event detected (at simulation time 281.000,000,000 s)
2020-05-23 21:56:26,707 DEBUG - No Sensor/Event detected (at simulation time 282.000,000,000 s)
2020-05-23 21:56:26,965 DEBUG - No Sensor/Event detected (at simulation time 283.000,000,000 s)
2020-05-23 21:56:27,224 DEBUG - No Sensor/Event detected (at simulation time 284.000,000,000 s)
2020-05-23 21:56:27,426 DEBUG - No Sensor/Event detected (at simulation time 285.000,000,000 s)
2020-05-23 21:56:27,636 DEBUG - No Sensor/Event detected (at simulation time 286.000,000,000 s)
2020-05-23 21:56:27,820 DEBUG - No Sensor/Event detected (at simulation time 287.000,000,000 s)
2020-05-23 21:56:27,967 DEBUG - No Sensor/Event detected (at simulation time 288.000,000,000 s)
2020-05-23 21:56:28,136 DEBUG - No Sensor/Event detected (at simulation time 289.000,000,000 s)
2020-05-23 21:56:28,408 DEBUG - No Sensor/Event detected (at simulation time 290.000,000,000 s)
2020-05-23 21:56:28,511 DEBUG - No Sensor/Event detected (at simulation time 291.000,000,000 s)
2020-05-23 21:56:28,674 DEBUG - No Sensor/Event detected (at simulation time 292.000,000,000 s)
2020-05-23 21:56:28,854 DEBUG - No Sensor/Event detected (at simulation time 293.000,000,000 s)
2020-05-23 21:56:28,919 DEBUG - No Sensor/Event detected (at simulation time 294.000,000,000 s)
2020-05-23 21:56:29,162 DEBUG - No Sensor/Event detected (at simulation time 295.000,000,000 s)
2020-05-23 21:56:29,365 DEBUG - No Sensor/Event detected (at simulation time 296.000,000,000 s)
2020-05-23 21:56:29,446 DEBUG - No Sensor/Event detected (at simulation time 297.000,000,000 s)
2020-05-23 21:56:29,662 DEBUG - No Sensor/Event detected (at simulation time 298.000,000,000 s)
2020-05-23 21:56:29,766 DEBUG - No Sensor/Event detected (at simulation time 299.000,000,000 s)
2020-05-23 21:56:29,835 DEBUG - No Sensor/Event detected (at simulation time 300.000,000,000 s)
2020-05-23 21:56:30,082 DEBUG - No Sensor/Event detected (at simulation time 301.000,000,000 s)
2020-05-23 21:56:30,159 DEBUG - No Sensor/Event detected (at simulation time 302.000,000,000 s)
2020-05-23 21:56:30,221 DEBUG - No Sensor/Event detected (at simulation time 303.000,000,000 s)
2020-05-23 21:56:30,278 DEBUG - No Sensor/Event detected (at simulation time 304.000,000,000 s)
2020-05-23 21:56:30,421 DEBUG - No Sensor/Event detected (at simulation time 305.000,000,000 s)
2020-05-23 21:56:30,615 DEBUG - No Sensor/Event detected (at simulation time 306.000,000,000 s)
2020-05-23 21:56:30,763 DEBUG - No Sensor/Event detected (at simulation time 307.000,000,000 s)
2020-05-23 21:56:30,887 DEBUG - No Sensor/Event detected (at simulation time 308.000,000,000 s)
2020-05-23 21:56:30,949 DEBUG - No Sensor/Event detected (at simulation time 309.000,000,000 s)
2020-05-23 21:56:31,145 DEBUG - No Sensor/Event detected (at simulation time 310.000,000,000 s)
2020-05-23 21:56:31,312 DEBUG - No Sensor/Event detected (at simulation time 311.000,000,000 s)
2020-05-23 21:56:31,368 DEBUG - No Sensor/Event detected (at simulation time 312.000,000,000 s)
2020-05-23 21:56:31,434 DEBUG - No Sensor/Event detected (at simulation time 313.000,000,000 s)
2020-05-23 21:56:31,482 DEBUG - No Sensor/Event detected (at simulation time 314.000,000,000 s)
2020-05-23 21:56:31,762 DEBUG - No Sensor/Event detected (at simulation time 315.000,000,000 s)
2020-05-23 21:56:31,888 DEBUG - No Sensor/Event detected (at simulation time 316.000,000,000 s)
2020-05-23 21:56:31,970 DEBUG - No Sensor/Event detected (at simulation time 317.000,000,000 s)
2020-05-23 21:56:32,091 DEBUG - No Sensor/Event detected (at simulation time 318.000,000,000 s)
2020-05-23 21:56:32,194 DEBUG - No Sensor/Event detected (at simulation time 319.000,000,000 s)
2020-05-23 21:56:32,346 DEBUG - No Sensor/Event detected (at simulation time 320.000,000,000 s)
2020-05-23 21:56:32,491 DEBUG - No Sensor/Event detected (at simulation time 321.000,000,000 s)
2020-05-23 21:56:32,589 DEBUG - No Sensor/Event detected (at simulation time 322.000,000,000 s)
2020-05-23 21:56:32,685 DEBUG - No Sensor/Event detected (at simulation time 323.000,000,000 s)
2020-05-23 21:56:32,740 DEBUG - No Sensor/Event detected (at simulation time 324.000,000,000 s)
2020-05-23 21:56:32,914 DEBUG - No Sensor/Event detected (at simulation time 325.000,000,000 s)
2020-05-23 21:56:33,033 DEBUG - No Sensor/Event detected (at simulation time 326.000,000,000 s)
2020-05-23 21:56:33,167 DEBUG - No Sensor/Event detected (at simulation time 327.000,000,000 s)
2020-05-23 21:56:33,267 DEBUG - No Sensor/Event detected (at simulation time 328.000,000,000 s)
2020-05-23 21:56:33,317 DEBUG - No Sensor/Event detected (at simulation time 329.000,000,000 s)
2020-05-23 21:56:33,484 DEBUG - No Sensor/Event detected (at simulation time 330.000,000,000 s)
2020-05-23 21:56:33,598 DEBUG - No Sensor/Event detected (at simulation time 331.000,000,000 s)
2020-05-23 21:56:33,666 DEBUG - No Sensor/Event detected (at simulation time 332.000,000,000 s)
2020-05-23 21:56:33,736 DEBUG - No Sensor/Event detected (at simulation time 333.000,000,000 s)
2020-05-23 21:56:33,841 DEBUG - No Sensor/Event detected (at simulation time 334.000,000,000 s)
2020-05-23 21:56:33,893 DEBUG - No Sensor/Event detected (at simulation time 335.000,000,000 s)
2020-05-23 21:56:34,095 DEBUG - No Sensor/Event detected (at simulation time 336.000,000,000 s)
2020-05-23 21:56:34,189 DEBUG - No Sensor/Event detected (at simulation time 337.000,000,000 s)
2020-05-23 21:56:34,245 DEBUG - No Sensor/Event detected (at simulation time 338.000,000,000 s)
2020-05-23 21:56:34,298 DEBUG - No Sensor/Event detected (at simulation time 339.000,000,000 s)
2020-05-23 21:56:34,548 DEBUG - No Sensor/Event detected (at simulation time 340.000,000,000 s)
2020-05-23 21:56:34,689 DEBUG - No Sensor/Event detected (at simulation time 341.000,000,000 s)
2020-05-23 21:56:34,906 DEBUG - No Sensor/Event detected (at simulation time 342.000,000,000 s)
2020-05-23 21:56:34,980 DEBUG - No Sensor/Event detected (at simulation time 343.000,000,000 s)
2020-05-23 21:56:35,138 DEBUG - No Sensor/Event detected (at simulation time 344.000,000,000 s)
2020-05-23 21:56:35,258 DEBUG - No Sensor/Event detected (at simulation time 345.000,000,000 s)
2020-05-23 21:56:35,330 DEBUG - No Sensor/Event detected (at simulation time 346.000,000,000 s)
2020-05-23 21:56:35,400 DEBUG - No Sensor/Event detected (at simulation time 347.000,000,000 s)
2020-05-23 21:56:35,443 DEBUG - No Sensor/Event detected (at simulation time 348.000,000,000 s)
2020-05-23 21:56:35,478 DEBUG - No Sensor/Event detected (at simulation time 349.000,000,000 s)
2020-05-23 21:56:35,535 DEBUG - No Sensor/Event detected (at simulation time 350.000,000,000 s)
2020-05-23 21:56:35,786 DEBUG - No Sensor/Event detected (at simulation time 351.000,000,000 s)
2020-05-23 21:56:35,838 DEBUG - No Sensor/Event detected (at simulation time 352.000,000,000 s)
2020-05-23 21:56:35,879 DEBUG - No Sensor/Event detected (at simulation time 353.000,000,000 s)
2020-05-23 21:56:35,964 DEBUG - No Sensor/Event detected (at simulation time 354.000,000,000 s)
2020-05-23 21:56:36,125 DEBUG - No Sensor/Event detected (at simulation time 355.000,000,000 s)
2020-05-23 21:56:36,260 DEBUG - No Sensor/Event detected (at simulation time 356.000,000,000 s)
2020-05-23 21:56:36,308 DEBUG - No Sensor/Event detected (at simulation time 357.000,000,000 s)
2020-05-23 21:56:36,458 DEBUG - No Sensor/Event detected (at simulation time 358.000,000,000 s)
2020-05-23 21:56:36,497 DEBUG - No Sensor/Event detected (at simulation time 359.000,000,000 s)
2020-05-23 21:56:36,682 DEBUG - No Sensor/Event detected (at simulation time 360.000,000,000 s)
2020-05-23 21:56:36,915 DEBUG - No Sensor/Event detected (at simulation time 361.000,000,000 s)
2020-05-23 21:56:36,964 DEBUG - No Sensor/Event detected (at simulation time 362.000,000,000 s)
2020-05-23 21:56:37,147 DEBUG - No Sensor/Event detected (at simulation time 363.000,000,000 s)
2020-05-23 21:56:37,288 DEBUG - No Sensor/Event detected (at simulation time 364.000,000,000 s)
2020-05-23 21:56:37,338 DEBUG - No Sensor/Event detected (at simulation time 365.000,000,000 s)
2020-05-23 21:56:37,560 DEBUG - No Sensor/Event detected (at simulation time 366.000,000,000 s)
2020-05-23 21:56:37,654 DEBUG - No Sensor/Event detected (at simulation time 367.000,000,000 s)
2020-05-23 21:56:37,769 DEBUG - No Sensor/Event detected (at simulation time 368.000,000,000 s)
2020-05-23 21:56:37,849 DEBUG - No Sensor/Event detected (at simulation time 369.000,000,000 s)
2020-05-23 21:56:37,887 DEBUG - No Sensor/Event detected (at simulation time 370.000,000,000 s)
2020-05-23 21:56:38,107 DEBUG - No Sensor/Event detected (at simulation time 371.000,000,000 s)
2020-05-23 21:56:38,229 DEBUG - No Sensor/Event detected (at simulation time 372.000,000,000 s)
2020-05-23 21:56:38,322 DEBUG - No Sensor/Event detected (at simulation time 373.000,000,000 s)
2020-05-23 21:56:38,487 DEBUG - No Sensor/Event detected (at simulation time 374.000,000,000 s)
2020-05-23 21:56:38,550 DEBUG - No Sensor/Event detected (at simulation time 375.000,000,000 s)
2020-05-23 21:56:38,687 DEBUG - No Sensor/Event detected (at simulation time 376.000,000,000 s)
2020-05-23 21:56:38,821 DEBUG - No Sensor/Event detected (at simulation time 377.000,000,000 s)
2020-05-23 21:56:38,902 DEBUG - No Sensor/Event detected (at simulation time 378.000,000,000 s)
2020-05-23 21:56:38,966 DEBUG - No Sensor/Event detected (at simulation time 379.000,000,000 s)
2020-05-23 21:56:39,117 DEBUG - No Sensor/Event detected (at simulation time 380.000,000,000 s)
2020-05-23 21:56:39,198 DEBUG - No Sensor/Event detected (at simulation time 381.000,000,000 s)
2020-05-23 21:56:39,403 DEBUG - No Sensor/Event detected (at simulation time 382.000,000,000 s)
2020-05-23 21:56:39,476 DEBUG - No Sensor/Event detected (at simulation time 383.000,000,000 s)
2020-05-23 21:56:39,519 DEBUG - No Sensor/Event detected (at simulation time 384.000,000,000 s)
2020-05-23 21:56:39,680 DEBUG - No Sensor/Event detected (at simulation time 385.000,000,000 s)
2020-05-23 21:56:39,750 DEBUG - No Sensor/Event detected (at simulation time 386.000,000,000 s)
2020-05-23 21:56:39,903 DEBUG - No Sensor/Event detected (at simulation time 387.000,000,000 s)
2020-05-23 21:56:39,989 DEBUG - No Sensor/Event detected (at simulation time 388.000,000,000 s)
2020-05-23 21:56:40,121 DEBUG - No Sensor/Event detected (at simulation time 389.000,000,000 s)
2020-05-23 21:56:40,164 DEBUG - No Sensor/Event detected (at simulation time 390.000,000,000 s)
2020-05-23 21:56:40,300 DEBUG - No Sensor/Event detected (at simulation time 391.000,000,000 s)
2020-05-23 21:56:40,345 DEBUG - No Sensor/Event detected (at simulation time 392.000,000,000 s)
2020-05-23 21:56:40,398 DEBUG - No Sensor/Event detected (at simulation time 393.000,000,000 s)
2020-05-23 21:56:40,447 DEBUG - No Sensor/Event detected (at simulation time 394.000,000,000 s)
2020-05-23 21:56:40,549 DEBUG - No Sensor/Event detected (at simulation time 395.000,000,000 s)
2020-05-23 21:56:40,841 DEBUG - No Sensor/Event detected (at simulation time 396.000,000,000 s)
2020-05-23 21:56:40,885 DEBUG - No Sensor/Event detected (at simulation time 397.000,000,000 s)
2020-05-23 21:56:41,047 DEBUG - No Sensor/Event detected (at simulation time 398.000,000,000 s)
2020-05-23 21:56:41,091 DEBUG - No Sensor/Event detected (at simulation time 399.000,000,000 s)
2020-05-23 21:56:41,184 DEBUG - No Sensor/Event detected (at simulation time 400.000,000,000 s)
2020-05-23 21:56:41,361 DEBUG - No Sensor/Event detected (at simulation time 401.000,000,000 s)
2020-05-23 21:56:41,485 DEBUG - No Sensor/Event detected (at simulation time 402.000,000,000 s)
2020-05-23 21:56:41,551 DEBUG - No Sensor/Event detected (at simulation time 403.000,000,000 s)
2020-05-23 21:56:41,641 DEBUG - No Sensor/Event detected (at simulation time 404.000,000,000 s)
2020-05-23 21:56:41,672 DEBUG - No Sensor/Event detected (at simulation time 405.000,000,000 s)
2020-05-23 21:56:41,750 DEBUG - No Sensor/Event detected (at simulation time 406.000,000,000 s)
2020-05-23 21:56:41,815 DEBUG - No Sensor/Event detected (at simulation time 407.000,000,000 s)
2020-05-23 21:56:41,852 DEBUG - No Sensor/Event detected (at simulation time 408.000,000,000 s)
2020-05-23 21:56:41,930 DEBUG - No Sensor/Event detected (at simulation time 409.000,000,000 s)
2020-05-23 21:56:42,063 DEBUG - No Sensor/Event detected (at simulation time 410.000,000,000 s)
2020-05-23 21:56:42,135 DEBUG - No Sensor/Event detected (at simulation time 411.000,000,000 s)
2020-05-23 21:56:42,182 DEBUG - No Sensor/Event detected (at simulation time 412.000,000,000 s)
2020-05-23 21:56:42,216 DEBUG - No Sensor/Event detected (at simulation time 413.000,000,000 s)
2020-05-23 21:56:42,273 DEBUG - No Sensor/Event detected (at simulation time 414.000,000,000 s)
2020-05-23 21:56:42,356 DEBUG - No Sensor/Event detected (at simulation time 415.000,000,000 s)
2020-05-23 21:56:42,487 DEBUG - No Sensor/Event detected (at simulation time 416.000,000,000 s)
2020-05-23 21:56:42,548 DEBUG - No Sensor/Event detected (at simulation time 417.000,000,000 s)
2020-05-23 21:56:42,598 DEBUG - No Sensor/Event detected (at simulation time 418.000,000,000 s)
2020-05-23 21:56:42,630 DEBUG - No Sensor/Event detected (at simulation time 419.000,000,000 s)
2020-05-23 21:56:42,680 DEBUG - No Sensor/Event detected (at simulation time 420.000,000,000 s)
2020-05-23 21:56:42,813 DEBUG - No Sensor/Event detected (at simulation time 421.000,000,000 s)
2020-05-23 21:56:42,855 DEBUG - No Sensor/Event detected (at simulation time 422.000,000,000 s)
2020-05-23 21:56:42,902 DEBUG - No Sensor/Event detected (at simulation time 423.000,000,000 s)
2020-05-23 21:56:42,988 DEBUG - No Sensor/Event detected (at simulation time 424.000,000,000 s)
2020-05-23 21:56:43,020 DEBUG - No Sensor/Event detected (at simulation time 425.000,000,000 s)
2020-05-23 21:56:43,104 DEBUG - No Sensor/Event detected (at simulation time 426.000,000,000 s)
2020-05-23 21:56:43,209 DEBUG - No Sensor/Event detected (at simulation time 427.000,000,000 s)
2020-05-23 21:56:43,244 DEBUG - No Sensor/Event detected (at simulation time 428.000,000,000 s)
2020-05-23 21:56:43,273 DEBUG - No Sensor/Event detected (at simulation time 429.000,000,000 s)
2020-05-23 21:56:43,338 DEBUG - No Sensor/Event detected (at simulation time 430.000,000,000 s)
2020-05-23 21:56:43,412 DEBUG - No Sensor/Event detected (at simulation time 431.000,000,000 s)
2020-05-23 21:56:43,455 DEBUG - No Sensor/Event detected (at simulation time 432.000,000,000 s)
2020-05-23 21:56:43,573 DEBUG - No Sensor/Event detected (at simulation time 433.000,000,000 s)
2020-05-23 21:56:43,641 DEBUG - No Sensor/Event detected (at simulation time 434.000,000,000 s)
2020-05-23 21:56:43,685 DEBUG - No Sensor/Event detected (at simulation time 435.000,000,000 s)
2020-05-23 21:56:43,763 DEBUG - No Sensor/Event detected (at simulation time 436.000,000,000 s)
2020-05-23 21:56:43,848 DEBUG - No Sensor/Event detected (at simulation time 437.000,000,000 s)
2020-05-23 21:56:43,883 DEBUG - No Sensor/Event detected (at simulation time 438.000,000,000 s)
2020-05-23 21:56:43,971 DEBUG - No Sensor/Event detected (at simulation time 439.000,000,000 s)
2020-05-23 21:56:44,028 DEBUG - No Sensor/Event detected (at simulation time 440.000,000,000 s)
2020-05-23 21:56:44,073 DEBUG - No Sensor/Event detected (at simulation time 441.000,000,000 s)
2020-05-23 21:56:44,182 DEBUG - No Sensor/Event detected (at simulation time 442.000,000,000 s)
2020-05-23 21:56:44,220 DEBUG - No Sensor/Event detected (at simulation time 443.000,000,000 s)
2020-05-23 21:56:44,249 DEBUG - No Sensor/Event detected (at simulation time 444.000,000,000 s)
2020-05-23 21:56:44,280 DEBUG - No Sensor/Event detected (at simulation time 445.000,000,000 s)
2020-05-23 21:56:44,401 DEBUG - No Sensor/Event detected (at simulation time 446.000,000,000 s)
2020-05-23 21:56:44,453 DEBUG - No Sensor/Event detected (at simulation time 447.000,000,000 s)
2020-05-23 21:56:44,513 DEBUG - No Sensor/Event detected (at simulation time 448.000,000,000 s)
2020-05-23 21:56:44,650 DEBUG - No Sensor/Event detected (at simulation time 449.000,000,000 s)
2020-05-23 21:56:44,706 DEBUG - No Sensor/Event detected (at simulation time 450.000,000,000 s)
2020-05-23 21:56:44,809 DEBUG - No Sensor/Event detected (at simulation time 451.000,000,000 s)
2020-05-23 21:56:44,847 DEBUG - No Sensor/Event detected (at simulation time 452.000,000,000 s)
2020-05-23 21:56:44,923 DEBUG - No Sensor/Event detected (at simulation time 453.000,000,000 s)
2020-05-23 21:56:44,995 DEBUG - No Sensor/Event detected (at simulation time 454.000,000,000 s)
2020-05-23 21:56:45,026 DEBUG - No Sensor/Event detected (at simulation time 455.000,000,000 s)
2020-05-23 21:56:45,080 DEBUG - No Sensor/Event detected (at simulation time 456.000,000,000 s)
2020-05-23 21:56:45,216 DEBUG - No Sensor/Event detected (at simulation time 457.000,000,000 s)
2020-05-23 21:56:45,252 DEBUG - No Sensor/Event detected (at simulation time 458.000,000,000 s)
2020-05-23 21:56:45,280 DEBUG - No Sensor/Event detected (at simulation time 459.000,000,000 s)
2020-05-23 21:56:45,333 DEBUG - No Sensor/Event detected (at simulation time 460.000,000,000 s)
2020-05-23 21:56:45,425 DEBUG - No Sensor/Event detected (at simulation time 461.000,000,000 s)
2020-05-23 21:56:45,455 DEBUG - No Sensor/Event detected (at simulation time 462.000,000,000 s)
2020-05-23 21:56:45,481 DEBUG - No Sensor/Event detected (at simulation time 463.000,000,000 s)
2020-05-23 21:56:45,513 DEBUG - No Sensor/Event detected (at simulation time 464.000,000,000 s)
2020-05-23 21:56:45,611 DEBUG - No Sensor/Event detected (at simulation time 465.000,000,000 s)
2020-05-23 21:56:45,734 DEBUG - No Sensor/Event detected (at simulation time 466.000,000,000 s)
2020-05-23 21:56:45,812 DEBUG - No Sensor/Event detected (at simulation time 467.000,000,000 s)
2020-05-23 21:56:45,844 DEBUG - No Sensor/Event detected (at simulation time 468.000,000,000 s)
2020-05-23 21:56:45,886 DEBUG - No Sensor/Event detected (at simulation time 469.000,000,000 s)
2020-05-23 21:56:45,937 DEBUG - No Sensor/Event detected (at simulation time 470.000,000,000 s)
2020-05-23 21:56:46,051 DEBUG - No Sensor/Event detected (at simulation time 471.000,000,000 s)
2020-05-23 21:56:46,079 DEBUG - No Sensor/Event detected (at simulation time 472.000,000,000 s)
2020-05-23 21:56:46,118 DEBUG - No Sensor/Event detected (at simulation time 473.000,000,000 s)
2020-05-23 21:56:46,186 DEBUG - No Sensor/Event detected (at simulation time 474.000,000,000 s)
2020-05-23 21:56:46,226 DEBUG - No Sensor/Event detected (at simulation time 475.000,000,000 s)
2020-05-23 21:56:46,272 DEBUG - No Sensor/Event detected (at simulation time 476.000,000,000 s)
2020-05-23 21:56:46,303 DEBUG - No Sensor/Event detected (at simulation time 477.000,000,000 s)
2020-05-23 21:56:46,392 DEBUG - No Sensor/Event detected (at simulation time 478.000,000,000 s)
2020-05-23 21:56:46,421 DEBUG - No Sensor/Event detected (at simulation time 479.000,000,000 s)
2020-05-23 21:56:46,453 DEBUG - No Sensor/Event detected (at simulation time 480.000,000,000 s)
2020-05-23 21:56:46,496 DEBUG - No Sensor/Event detected (at simulation time 481.000,000,000 s)
2020-05-23 21:56:46,557 DEBUG - No Sensor/Event detected (at simulation time 482.000,000,000 s)
2020-05-23 21:56:46,584 DEBUG - No Sensor/Event detected (at simulation time 483.000,000,000 s)
2020-05-23 21:56:46,614 DEBUG - No Sensor/Event detected (at simulation time 484.000,000,000 s)
2020-05-23 21:56:46,651 DEBUG - No Sensor/Event detected (at simulation time 485.000,000,000 s)
2020-05-23 21:56:46,694 DEBUG - No Sensor/Event detected (at simulation time 486.000,000,000 s)
2020-05-23 21:56:46,747 DEBUG - No Sensor/Event detected (at simulation time 487.000,000,000 s)
2020-05-23 21:56:46,825 DEBUG - No Sensor/Event detected (at simulation time 488.000,000,000 s)
2020-05-23 21:56:46,857 DEBUG - No Sensor/Event detected (at simulation time 489.000,000,000 s)
2020-05-23 21:56:46,885 DEBUG - No Sensor/Event detected (at simulation time 490.000,000,000 s)
2020-05-23 21:56:46,952 DEBUG - No Sensor/Event detected (at simulation time 491.000,000,000 s)
2020-05-23 21:56:46,982 DEBUG - No Sensor/Event detected (at simulation time 492.000,000,000 s)
2020-05-23 21:56:47,004 DEBUG - No Sensor/Event detected (at simulation time 493.000,000,000 s)
2020-05-23 21:56:47,029 DEBUG - No Sensor/Event detected (at simulation time 494.000,000,000 s)
2020-05-23 21:56:47,054 DEBUG - No Sensor/Event detected (at simulation time 495.000,000,000 s)
2020-05-23 21:56:47,100 DEBUG - No Sensor/Event detected (at simulation time 496.000,000,000 s)
2020-05-23 21:56:47,154 DEBUG - No Sensor/Event detected (at simulation time 497.000,000,000 s)
2020-05-23 21:56:47,184 DEBUG - No Sensor/Event detected (at simulation time 498.000,000,000 s)
2020-05-23 21:56:47,216 DEBUG - No Sensor/Event detected (at simulation time 499.000,000,000 s)
2020-05-23 21:56:47,244 DEBUG - No Sensor/Event detected (at simulation time 500.000,000,000 s)
2020-05-23 21:56:47,333 DEBUG - No Sensor/Event detected (at simulation time 501.000,000,000 s)
2020-05-23 21:56:47,364 DEBUG - No Sensor/Event detected (at simulation time 502.000,000,000 s)
2020-05-23 21:56:47,389 DEBUG - No Sensor/Event detected (at simulation time 503.000,000,000 s)
2020-05-23 21:56:47,412 DEBUG - No Sensor/Event detected (at simulation time 504.000,000,000 s)
2020-05-23 21:56:47,435 DEBUG - No Sensor/Event detected (at simulation time 505.000,000,000 s)
2020-05-23 21:56:47,467 DEBUG - No Sensor/Event detected (at simulation time 506.000,000,000 s)
2020-05-23 21:56:47,488 DEBUG - No Sensor/Event detected (at simulation time 507.000,000,000 s)
2020-05-23 21:56:47,529 DEBUG - No Sensor/Event detected (at simulation time 508.000,000,000 s)
2020-05-23 21:56:47,557 DEBUG - No Sensor/Event detected (at simulation time 509.000,000,000 s)
2020-05-23 21:56:47,578 DEBUG - No Sensor/Event detected (at simulation time 510.000,000,000 s)
2020-05-23 21:56:47,608 DEBUG - No Sensor/Event detected (at simulation time 511.000,000,000 s)
2020-05-23 21:56:47,631 DEBUG - No Sensor/Event detected (at simulation time 512.000,000,000 s)
2020-05-23 21:56:47,653 DEBUG - No Sensor/Event detected (at simulation time 513.000,000,000 s)
2020-05-23 21:56:47,673 DEBUG - No Sensor/Event detected (at simulation time 514.000,000,000 s)
2020-05-23 21:56:47,695 DEBUG - No Sensor/Event detected (at simulation time 515.000,000,000 s)
2020-05-23 21:56:47,753 DEBUG - No Sensor/Event detected (at simulation time 516.000,000,000 s)
2020-05-23 21:56:47,777 DEBUG - No Sensor/Event detected (at simulation time 517.000,000,000 s)
2020-05-23 21:56:47,799 DEBUG - No Sensor/Event detected (at simulation time 518.000,000,000 s)
2020-05-23 21:56:47,817 DEBUG - No Sensor/Event detected (at simulation time 519.000,000,000 s)
2020-05-23 21:56:47,836 DEBUG - No Sensor/Event detected (at simulation time 520.000,000,000 s)
2020-05-23 21:56:47,864 DEBUG - No Sensor/Event detected (at simulation time 521.000,000,000 s)
2020-05-23 21:56:47,881 DEBUG - No Sensor/Event detected (at simulation time 522.000,000,000 s)
2020-05-23 21:56:47,905 DEBUG - No Sensor/Event detected (at simulation time 523.000,000,000 s)
2020-05-23 21:56:47,930 DEBUG - No Sensor/Event detected (at simulation time 524.000,000,000 s)
2020-05-23 21:56:47,951 DEBUG - No Sensor/Event detected (at simulation time 525.000,000,000 s)
2020-05-23 21:56:47,979 DEBUG - No Sensor/Event detected (at simulation time 526.000,000,000 s)
2020-05-23 21:56:47,994 DEBUG - No Sensor/Event detected (at simulation time 527.000,000,000 s)
2020-05-23 21:56:48,018 DEBUG - No Sensor/Event detected (at simulation time 528.000,000,000 s)
2020-05-23 21:56:48,033 DEBUG - No Sensor/Event detected (at simulation time 529.000,000,000 s)
2020-05-23 21:56:48,047 DEBUG - No Sensor/Event detected (at simulation time 530.000,000,000 s)
2020-05-23 21:56:48,078 DEBUG - No Sensor/Event detected (at simulation time 531.000,000,000 s)
2020-05-23 21:56:48,090 DEBUG - No Sensor/Event detected (at simulation time 532.000,000,000 s)
2020-05-23 21:56:48,116 DEBUG - No Sensor/Event detected (at simulation time 533.000,000,000 s)
2020-05-23 21:56:48,131 DEBUG - No Sensor/Event detected (at simulation time 534.000,000,000 s)
2020-05-23 21:56:48,147 DEBUG - No Sensor/Event detected (at simulation time 535.000,000,000 s)
2020-05-23 21:56:48,171 DEBUG - No Sensor/Event detected (at simulation time 536.000,000,000 s)
2020-05-23 21:56:48,183 DEBUG - No Sensor/Event detected (at simulation time 537.000,000,000 s)
2020-05-23 21:56:48,195 DEBUG - No Sensor/Event detected (at simulation time 538.000,000,000 s)
2020-05-23 21:56:48,214 DEBUG - No Sensor/Event detected (at simulation time 539.000,000,000 s)
2020-05-23 21:56:48,233 DEBUG - No Sensor/Event detected (at simulation time 540.000,000,000 s)
2020-05-23 21:56:48,254 DEBUG - No Sensor/Event detected (at simulation time 541.000,000,000 s)
2020-05-23 21:56:48,272 DEBUG - No Sensor/Event detected (at simulation time 542.000,000,000 s)
2020-05-23 21:56:48,285 DEBUG - No Sensor/Event detected (at simulation time 543.000,000,000 s)
2020-05-23 21:56:48,298 DEBUG - No Sensor/Event detected (at simulation time 544.000,000,000 s)
2020-05-23 21:56:48,321 DEBUG - No Sensor/Event detected (at simulation time 545.000,000,000 s)
2020-05-23 21:56:48,343 DEBUG - No Sensor/Event detected (at simulation time 546.000,000,000 s)
2020-05-23 21:56:48,360 DEBUG - No Sensor/Event detected (at simulation time 547.000,000,000 s)
2020-05-23 21:56:48,373 DEBUG - No Sensor/Event detected (at simulation time 548.000,000,000 s)
2020-05-23 21:56:48,387 DEBUG - No Sensor/Event detected (at simulation time 549.000,000,000 s)
2020-05-23 21:56:48,399 DEBUG - No Sensor/Event detected (at simulation time 550.000,000,000 s)
2020-05-23 21:56:48,421 DEBUG - No Sensor/Event detected (at simulation time 551.000,000,000 s)
2020-05-23 21:56:48,432 DEBUG - No Sensor/Event detected (at simulation time 552.000,000,000 s)
2020-05-23 21:56:48,443 INFO - Shutdown application (at simulation time 553.000,000,000 s)
