2020-05-23 21:56:14,213 WARN - Could not check operating system of Application. Skipping check.
2020-05-23 21:56:14,214 DEBUG - Successfully instantiated the class com.dcaiti.vsimrti.app.tutorials.barnim.WeatherWarningAppCell
2020-05-23 21:56:14,215 DEBUG - Successfully instantiated the class com.dcaiti.vsimrti.app.tutorials.barnim.SlowDownApp
2020-05-23 21:56:14,216 DEBUG - #tearUp at simulation time 186.000,000,000 s
2020-05-23 21:56:14,217 DEBUG - #preProcessEvent at simulation time 186.000,000,000 s with resource class VehicleInfo and nice -99999900
2020-05-23 21:56:14,306 DEBUG - #preProcessEvent at simulation time 187.000,000,000 s with resource class VehicleInfo and nice -99999800
2020-05-23 21:56:14,439 DEBUG - #preProcessEvent at simulation time 188.000,000,000 s with resource class VehicleInfo and nice -99999800
2020-05-23 21:56:14,487 DEBUG - #preProcessEvent at simulation time 189.000,000,000 s with resource class VehicleInfo and nice -99999800
2020-05-23 21:56:14,634 DEBUG - #preProcessEvent at simulation time 190.000,000,000 s with resource class VehicleInfo and nice -99999800
2020-05-23 21:56:14,803 DEBUG - #preProcessEvent at simulation time 191.000,000,000 s with resource class VehicleInfo and nice -99999800
2020-05-23 21:56:14,970 DEBUG - #preProcessEvent at simulation time 192.000,000,000 s with resource class VehicleInfo and nice -99999800
2020-05-23 21:56:15,023 DEBUG - #preProcessEvent at simulation time 193.000,000,000 s with resource class VehicleInfo and nice -99999800
2020-05-23 21:56:15,179 DEBUG - #preProcessEvent at simulation time 194.000,000,000 s with resource class VehicleInfo and nice -99999800
2020-05-23 21:56:15,249 DEBUG - #preProcessEvent at simulation time 195.000,000,000 s with resource class VehicleInfo and nice -99999800
2020-05-23 21:56:15,415 DEBUG - #preProcessEvent at simulation time 196.000,000,000 s with resource class VehicleInfo and nice -99999800
2020-05-23 21:56:15,497 DEBUG - #preProcessEvent at simulation time 197.000,000,000 s with resource class VehicleInfo and nice -99999800
2020-05-23 21:56:15,582 DEBUG - #preProcessEvent at simulation time 198.000,000,000 s with resource class VehicleInfo and nice -99999800
2020-05-23 21:56:15,679 DEBUG - #preProcessEvent at simulation time 199.000,000,000 s with resource class VehicleInfo and nice -99999800
2020-05-23 21:56:15,749 DEBUG - #preProcessEvent at simulation time 200.000,000,000 s with resource class VehicleInfo and nice -99999800
2020-05-23 21:56:15,956 DEBUG - #preProcessEvent at simulation time 201.000,000,000 s with resource class VehicleInfo and nice -99999800
2020-05-23 21:56:16,076 DEBUG - #preProcessEvent at simulation time 202.000,000,000 s with resource class VehicleInfo and nice -99999800
2020-05-23 21:56:16,125 DEBUG - #preProcessEvent at simulation time 203.000,000,000 s with resource class VehicleInfo and nice -99999800
2020-05-23 21:56:16,292 DEBUG - #preProcessEvent at simulation time 204.000,000,000 s with resource class VehicleInfo and nice -99999800
2020-05-23 21:56:16,347 DEBUG - #preProcessEvent at simulation time 205.000,000,000 s with resource class VehicleInfo and nice -99999800
2020-05-23 21:56:16,537 DEBUG - #preProcessEvent at simulation time 206.000,000,000 s with resource class VehicleInfo and nice -99999800
2020-05-23 21:56:16,619 DEBUG - #preProcessEvent at simulation time 207.000,000,000 s with resource class VehicleInfo and nice -99999800
2020-05-23 21:56:16,680 DEBUG - #preProcessEvent at simulation time 208.000,000,000 s with resource class VehicleInfo and nice -99999800
2020-05-23 21:56:16,771 DEBUG - #preProcessEvent at simulation time 209.000,000,000 s with resource class VehicleInfo and nice -99999800
2020-05-23 21:56:16,946 DEBUG - #preProcessEvent at simulation time 210.000,000,000 s with resource class VehicleInfo and nice -99999800
2020-05-23 21:56:17,088 DEBUG - #preProcessEvent at simulation time 211.000,000,000 s with resource class VehicleInfo and nice -99999800
2020-05-23 21:56:17,218 DEBUG - #preProcessEvent at simulation time 212.000,000,000 s with resource class VehicleInfo and nice -99999800
2020-05-23 21:56:17,260 DEBUG - #preProcessEvent at simulation time 213.000,000,000 s with resource class VehicleInfo and nice -99999800
2020-05-23 21:56:17,338 DEBUG - #preProcessEvent at simulation time 214.000,000,000 s with resource class VehicleInfo and nice -99999800
2020-05-23 21:56:17,478 DEBUG - #preProcessEvent at simulation time 215.000,000,000 s with resource class VehicleInfo and nice -99999800
2020-05-23 21:56:17,628 DEBUG - #preProcessEvent at simulation time 216.000,000,000 s with resource class VehicleInfo and nice -99999800
2020-05-23 21:56:17,663 DEBUG - #preProcessEvent at simulation time 217.000,000,000 s with resource class VehicleInfo and nice -99999800
2020-05-23 21:56:17,724 DEBUG - #preProcessEvent at simulation time 218.000,000,000 s with resource class VehicleInfo and nice -99999800
2020-05-23 21:56:17,848 DEBUG - #preProcessEvent at simulation time 219.000,000,000 s with resource class VehicleInfo and nice -99999800
2020-05-23 21:56:17,893 DEBUG - #preProcessEvent at simulation time 220.000,000,000 s with resource class VehicleInfo and nice -99999800
2020-05-23 21:56:18,071 DEBUG - #preProcessEvent at simulation time 221.000,000,000 s with resource class VehicleInfo and nice -99999800
2020-05-23 21:56:18,167 DEBUG - #preProcessEvent at simulation time 222.000,000,000 s with resource class VehicleInfo and nice -99999800
2020-05-23 21:56:18,208 DEBUG - #preProcessEvent at simulation time 223.000,000,000 s with resource class VehicleInfo and nice -99999800
2020-05-23 21:56:18,355 DEBUG - #preProcessEvent at simulation time 224.000,000,000 s with resource class VehicleInfo and nice -99999800
2020-05-23 21:56:18,524 DEBUG - #preProcessEvent at simulation time 225.000,000,000 s with resource class VehicleInfo and nice -99999800
2020-05-23 21:56:18,677 DEBUG - #preProcessEvent at simulation time 226.000,000,000 s with resource class VehicleInfo and nice -99999800
2020-05-23 21:56:18,780 DEBUG - #preProcessEvent at simulation time 227.000,000,000 s with resource class VehicleInfo and nice -99999800
2020-05-23 21:56:18,889 DEBUG - #preProcessEvent at simulation time 228.000,000,000 s with resource class VehicleInfo and nice -99999800
2020-05-23 21:56:18,946 DEBUG - #preProcessEvent at simulation time 229.000,000,000 s with resource class VehicleInfo and nice -99999800
2020-05-23 21:56:19,097 DEBUG - #preProcessEvent at simulation time 230.000,000,000 s with resource class VehicleInfo and nice -99999800
2020-05-23 21:56:19,183 DEBUG - #preProcessEvent at simulation time 231.000,000,000 s with resource class VehicleInfo and nice -99999800
2020-05-23 21:56:19,343 DEBUG - #preProcessEvent at simulation time 232.000,000,000 s with resource class VehicleInfo and nice -99999800
2020-05-23 21:56:19,451 DEBUG - #preProcessEvent at simulation time 233.000,000,000 s with resource class VehicleInfo and nice -99999800
2020-05-23 21:56:19,500 DEBUG - #preProcessEvent at simulation time 234.000,000,000 s with resource class VehicleInfo and nice -99999800
2020-05-23 21:56:19,644 DEBUG - #preProcessEvent at simulation time 235.000,000,000 s with resource class VehicleInfo and nice -99999800
2020-05-23 21:56:19,733 DEBUG - #preProcessEvent at simulation time 236.000,000,000 s with resource class VehicleInfo and nice -99999800
2020-05-23 21:56:19,837 DEBUG - #preProcessEvent at simulation time 237.000,000,000 s with resource class VehicleInfo and nice -99999800
2020-05-23 21:56:19,877 DEBUG - #preProcessEvent at simulation time 238.000,000,000 s with resource class VehicleInfo and nice -99999800
2020-05-23 21:56:19,938 DEBUG - #preProcessEvent at simulation time 239.000,000,000 s with resource class VehicleInfo and nice -99999800
2020-05-23 21:56:20,095 DEBUG - #preProcessEvent at simulation time 240.000,000,000 s with resource class VehicleInfo and nice -99999800
2020-05-23 21:56:20,187 DEBUG - #preProcessEvent at simulation time 241.000,000,000 s with resource class VehicleInfo and nice -99999800
2020-05-23 21:56:20,305 DEBUG - #preProcessEvent at simulation time 242.000,000,000 s with resource class VehicleInfo and nice -99999800
2020-05-23 21:56:20,414 DEBUG - #preProcessEvent at simulation time 243.000,000,000 s with resource class VehicleInfo and nice -99999800
2020-05-23 21:56:20,469 DEBUG - #preProcessEvent at simulation time 244.000,000,000 s with resource class VehicleInfo and nice -99999800
2020-05-23 21:56:20,510 DEBUG - #preProcessEvent at simulation time 245.000,000,000 s with resource class VehicleInfo and nice -99999800
2020-05-23 21:56:20,798 DEBUG - #preProcessEvent at simulation time 246.000,000,000 s with resource class VehicleInfo and nice -99999800
2020-05-23 21:56:20,876 DEBUG - #preProcessEvent at simulation time 247.000,000,000 s with resource class VehicleInfo and nice -99999800
2020-05-23 21:56:20,930 DEBUG - #preProcessEvent at simulation time 248.000,000,000 s with resource class VehicleInfo and nice -99999800
2020-05-23 21:56:21,069 DEBUG - #preProcessEvent at simulation time 249.000,000,000 s with resource class VehicleInfo and nice -99999800
2020-05-23 21:56:21,111 DEBUG - #preProcessEvent at simulation time 250.000,000,000 s with resource class VehicleInfo and nice -99999800
2020-05-23 21:56:21,311 DEBUG - #preProcessEvent at simulation time 251.000,000,000 s with resource class VehicleInfo and nice -99999800
2020-05-23 21:56:21,390 DEBUG - #preProcessEvent at simulation time 252.000,000,000 s with resource class VehicleInfo and nice -99999800
2020-05-23 21:56:21,432 DEBUG - #preProcessEvent at simulation time 253.000,000,000 s with resource class VehicleInfo and nice -99999800
2020-05-23 21:56:21,467 DEBUG - #preProcessEvent at simulation time 254.000,000,000 s with resource class VehicleInfo and nice -99999800
2020-05-23 21:56:21,539 DEBUG - #preProcessEvent at simulation time 255.000,000,000 s with resource class VehicleInfo and nice -99999800
2020-05-23 21:56:21,796 DEBUG - #preProcessEvent at simulation time 256.000,000,000 s with resource class VehicleInfo and nice -99999800
2020-05-23 21:56:21,875 DEBUG - #preProcessEvent at simulation time 257.000,000,000 s with resource class VehicleInfo and nice -99999800
2020-05-23 21:56:21,929 DEBUG - #preProcessEvent at simulation time 258.000,000,000 s with resource class VehicleInfo and nice -99999800
2020-05-23 21:56:22,392 DEBUG - #preProcessEvent at simulation time 259.000,000,000 s with resource class VehicleInfo and nice -99999800
2020-05-23 21:56:22,491 DEBUG - #preProcessEvent at simulation time 260.000,000,000 s with resource class VehicleInfo and nice -99999800
2020-05-23 21:56:22,806 DEBUG - #preProcessEvent at simulation time 261.000,000,000 s with resource class VehicleInfo and nice -99999800
2020-05-23 21:56:23,070 DEBUG - #preProcessEvent at simulation time 262.000,000,000 s with resource class VehicleInfo and nice -99999800
2020-05-23 21:56:23,312 DEBUG - #preProcessEvent at simulation time 263.000,000,000 s with resource class VehicleInfo and nice -99999800
2020-05-23 21:56:23,528 DEBUG - #preProcessEvent at simulation time 264.000,000,000 s with resource class VehicleInfo and nice -99999800
2020-05-23 21:56:23,631 DEBUG - #preProcessEvent at simulation time 265.000,000,000 s with resource class VehicleInfo and nice -99999800
2020-05-23 21:56:23,926 DEBUG - #preProcessEvent at simulation time 266.000,000,000 s with resource class VehicleInfo and nice -99999800
2020-05-23 21:56:24,044 DEBUG - #preProcessEvent at simulation time 267.000,000,000 s with resource class VehicleInfo and nice -99999800
2020-05-23 21:56:24,331 DEBUG - #preProcessEvent at simulation time 268.000,000,000 s with resource class VehicleInfo and nice -99999800
2020-05-23 21:56:24,436 DEBUG - #preProcessEvent at simulation time 269.000,000,000 s with resource class VehicleInfo and nice -99999800
2020-05-23 21:56:24,744 DEBUG - #preProcessEvent at simulation time 270.000,000,000 s with resource class VehicleInfo and nice -99999800
2020-05-23 21:56:24,841 DEBUG - #preProcessEvent at simulation time 271.000,000,000 s with resource class VehicleInfo and nice -99999800
2020-05-23 21:56:25,065 DEBUG - #preProcessEvent at simulation time 272.000,000,000 s with resource class VehicleInfo and nice -99999800
2020-05-23 21:56:25,197 DEBUG - #preProcessEvent at simulation time 273.000,000,000 s with resource class VehicleInfo and nice -99999800
2020-05-23 21:56:25,342 DEBUG - #preProcessEvent at simulation time 274.000,000,000 s with resource class VehicleInfo and nice -99999800
2020-05-23 21:56:25,605 DEBUG - #preProcessEvent at simulation time 275.000,000,000 s with resource class VehicleInfo and nice -99999800
2020-05-23 21:56:25,730 DEBUG - #preProcessEvent at simulation time 276.000,000,000 s with resource class VehicleInfo and nice -99999800
2020-05-23 21:56:25,940 DEBUG - #preProcessEvent at simulation time 277.000,000,000 s with resource class VehicleInfo and nice -99999800
2020-05-23 21:56:26,172 DEBUG - #preProcessEvent at simulation time 278.000,000,000 s with resource class VehicleInfo and nice -99999800
2020-05-23 21:56:26,268 DEBUG - #preProcessEvent at simulation time 279.000,000,000 s with resource class VehicleInfo and nice -99999800
2020-05-23 21:56:26,509 DEBUG - #preProcessEvent at simulation time 280.000,000,000 s with resource class VehicleInfo and nice -99999800
2020-05-23 21:56:26,625 DEBUG - #preProcessEvent at simulation time 281.000,000,000 s with resource class VehicleInfo and nice -99999800
2020-05-23 21:56:26,771 DEBUG - #preProcessEvent at simulation time 282.000,000,000 s with resource class VehicleInfo and nice -99999800
2020-05-23 21:56:26,968 DEBUG - #preProcessEvent at simulation time 283.000,000,000 s with resource class VehicleInfo and nice -99999800
2020-05-23 21:56:27,230 DEBUG - #preProcessEvent at simulation time 284.000,000,000 s with resource class VehicleInfo and nice -99999800
2020-05-23 21:56:27,433 DEBUG - #preProcessEvent at simulation time 285.000,000,000 s with resource class VehicleInfo and nice -99999800
2020-05-23 21:56:27,641 DEBUG - #preProcessEvent at simulation time 286.000,000,000 s with resource class VehicleInfo and nice -99999800
2020-05-23 21:56:27,825 DEBUG - #preProcessEvent at simulation time 287.000,000,000 s with resource class VehicleInfo and nice -99999800
2020-05-23 21:56:27,972 DEBUG - #preProcessEvent at simulation time 288.000,000,000 s with resource class VehicleInfo and nice -99999800
2020-05-23 21:56:28,145 DEBUG - #preProcessEvent at simulation time 289.000,000,000 s with resource class VehicleInfo and nice -99999800
2020-05-23 21:56:28,414 DEBUG - #preProcessEvent at simulation time 290.000,000,000 s with resource class VehicleInfo and nice -99999800
2020-05-23 21:56:28,532 DEBUG - #preProcessEvent at simulation time 291.000,000,000 s with resource class VehicleInfo and nice -99999800
2020-05-23 21:56:28,684 DEBUG - #preProcessEvent at simulation time 292.000,000,000 s with resource class VehicleInfo and nice -99999800
2020-05-23 21:56:28,857 DEBUG - #preProcessEvent at simulation time 293.000,000,000 s with resource class VehicleInfo and nice -99999800
2020-05-23 21:56:28,932 DEBUG - #preProcessEvent at simulation time 294.000,000,000 s with resource class VehicleInfo and nice -99999800
2020-05-23 21:56:29,165 DEBUG - #preProcessEvent at simulation time 295.000,000,000 s with resource class VehicleInfo and nice -99999800
2020-05-23 21:56:29,387 DEBUG - #preProcessEvent at simulation time 296.000,000,000 s with resource class VehicleInfo and nice -99999800
2020-05-23 21:56:29,449 DEBUG - #preProcessEvent at simulation time 297.000,000,000 s with resource class VehicleInfo and nice -99999800
2020-05-23 21:56:29,664 DEBUG - #preProcessEvent at simulation time 298.000,000,000 s with resource class VehicleInfo and nice -99999800
2020-05-23 21:56:29,770 DEBUG - #preProcessEvent at simulation time 299.000,000,000 s with resource class VehicleInfo and nice -99999800
2020-05-23 21:56:29,838 DEBUG - #preProcessEvent at simulation time 300.000,000,000 s with resource class VehicleInfo and nice -99999800
2020-05-23 21:56:30,086 DEBUG - #preProcessEvent at simulation time 301.000,000,000 s with resource class VehicleInfo and nice -99999800
2020-05-23 21:56:30,162 DEBUG - #preProcessEvent at simulation time 302.000,000,000 s with resource class VehicleInfo and nice -99999800
2020-05-23 21:56:30,225 DEBUG - #preProcessEvent at simulation time 303.000,000,000 s with resource class VehicleInfo and nice -99999800
2020-05-23 21:56:30,281 DEBUG - #preProcessEvent at simulation time 304.000,000,000 s with resource class VehicleInfo and nice -99999800
2020-05-23 21:56:30,434 DEBUG - #preProcessEvent at simulation time 305.000,000,000 s with resource class VehicleInfo and nice -99999800
2020-05-23 21:56:30,618 DEBUG - #preProcessEvent at simulation time 306.000,000,000 s with resource class VehicleInfo and nice -99999800
2020-05-23 21:56:30,771 DEBUG - #preProcessEvent at simulation time 307.000,000,000 s with resource class VehicleInfo and nice -99999800
2020-05-23 21:56:30,891 DEBUG - #preProcessEvent at simulation time 308.000,000,000 s with resource class VehicleInfo and nice -99999800
2020-05-23 21:56:30,956 DEBUG - #preProcessEvent at simulation time 309.000,000,000 s with resource class VehicleInfo and nice -99999800
2020-05-23 21:56:31,147 DEBUG - #preProcessEvent at simulation time 310.000,000,000 s with resource class VehicleInfo and nice -99999800
2020-05-23 21:56:31,315 DEBUG - #preProcessEvent at simulation time 311.000,000,000 s with resource class VehicleInfo and nice -99999800
2020-05-23 21:56:31,370 DEBUG - #preProcessEvent at simulation time 312.000,000,000 s with resource class VehicleInfo and nice -99999800
2020-05-23 21:56:31,437 DEBUG - #preProcessEvent at simulation time 313.000,000,000 s with resource class VehicleInfo and nice -99999800
2020-05-23 21:56:31,489 DEBUG - #preProcessEvent at simulation time 314.000,000,000 s with resource class VehicleInfo and nice -99999800
2020-05-23 21:56:31,765 DEBUG - #preProcessEvent at simulation time 315.000,000,000 s with resource class VehicleInfo and nice -99999800
2020-05-23 21:56:31,898 DEBUG - #preProcessEvent at simulation time 316.000,000,000 s with resource class VehicleInfo and nice -99999800
2020-05-23 21:56:31,989 DEBUG - #preProcessEvent at simulation time 317.000,000,000 s with resource class VehicleInfo and nice -99999800
2020-05-23 21:56:32,094 DEBUG - #preProcessEvent at simulation time 318.000,000,000 s with resource class VehicleInfo and nice -99999800
2020-05-23 21:56:32,198 DEBUG - #preProcessEvent at simulation time 319.000,000,000 s with resource class VehicleInfo and nice -99999800
2020-05-23 21:56:32,349 DEBUG - #preProcessEvent at simulation time 320.000,000,000 s with resource class VehicleInfo and nice -99999800
2020-05-23 21:56:32,494 DEBUG - #preProcessEvent at simulation time 321.000,000,000 s with resource class VehicleInfo and nice -99999800
2020-05-23 21:56:32,599 DEBUG - #preProcessEvent at simulation time 322.000,000,000 s with resource class VehicleInfo and nice -99999800
2020-05-23 21:56:32,688 DEBUG - #preProcessEvent at simulation time 323.000,000,000 s with resource class VehicleInfo and nice -99999800
2020-05-23 21:56:32,749 DEBUG - #preProcessEvent at simulation time 324.000,000,000 s with resource class VehicleInfo and nice -99999800
2020-05-23 21:56:32,916 DEBUG - #preProcessEvent at simulation time 325.000,000,000 s with resource class VehicleInfo and nice -99999800
2020-05-23 21:56:33,039 DEBUG - #preProcessEvent at simulation time 326.000,000,000 s with resource class VehicleInfo and nice -99999800
2020-05-23 21:56:33,171 DEBUG - #preProcessEvent at simulation time 327.000,000,000 s with resource class VehicleInfo and nice -99999800
2020-05-23 21:56:33,270 DEBUG - #preProcessEvent at simulation time 328.000,000,000 s with resource class VehicleInfo and nice -99999800
2020-05-23 21:56:33,322 DEBUG - #preProcessEvent at simulation time 329.000,000,000 s with resource class VehicleInfo and nice -99999800
2020-05-23 21:56:33,487 DEBUG - #preProcessEvent at simulation time 330.000,000,000 s with resource class VehicleInfo and nice -99999800
2020-05-23 21:56:33,601 DEBUG - #preProcessEvent at simulation time 331.000,000,000 s with resource class VehicleInfo and nice -99999800
2020-05-23 21:56:33,670 DEBUG - #preProcessEvent at simulation time 332.000,000,000 s with resource class VehicleInfo and nice -99999800
2020-05-23 21:56:33,746 DEBUG - #preProcessEvent at simulation time 333.000,000,000 s with resource class VehicleInfo and nice -99999800
2020-05-23 21:56:33,845 DEBUG - #preProcessEvent at simulation time 334.000,000,000 s with resource class VehicleInfo and nice -99999800
2020-05-23 21:56:33,896 DEBUG - #preProcessEvent at simulation time 335.000,000,000 s with resource class VehicleInfo and nice -99999800
2020-05-23 21:56:34,099 DEBUG - #preProcessEvent at simulation time 336.000,000,000 s with resource class VehicleInfo and nice -99999800
2020-05-23 21:56:34,196 DEBUG - #preProcessEvent at simulation time 337.000,000,000 s with resource class VehicleInfo and nice -99999800
2020-05-23 21:56:34,248 DEBUG - #preProcessEvent at simulation time 338.000,000,000 s with resource class VehicleInfo and nice -99999800
2020-05-23 21:56:34,301 DEBUG - #preProcessEvent at simulation time 339.000,000,000 s with resource class VehicleInfo and nice -99999800
2020-05-23 21:56:34,551 DEBUG - #preProcessEvent at simulation time 340.000,000,000 s with resource class VehicleInfo and nice -99999800
2020-05-23 21:56:34,692 DEBUG - #preProcessEvent at simulation time 341.000,000,000 s with resource class VehicleInfo and nice -99999800
2020-05-23 21:56:34,927 DEBUG - #preProcessEvent at simulation time 342.000,000,000 s with resource class VehicleInfo and nice -99999800
2020-05-23 21:56:34,981 DEBUG - #preProcessEvent at simulation time 343.000,000,000 s with resource class VehicleInfo and nice -99999800
2020-05-23 21:56:35,141 DEBUG - #preProcessEvent at simulation time 344.000,000,000 s with resource class VehicleInfo and nice -99999800
2020-05-23 21:56:35,261 DEBUG - #preProcessEvent at simulation time 345.000,000,000 s with resource class VehicleInfo and nice -99999800
2020-05-23 21:56:35,333 DEBUG - #preProcessEvent at simulation time 346.000,000,000 s with resource class VehicleInfo and nice -99999800
2020-05-23 21:56:35,403 DEBUG - #preProcessEvent at simulation time 347.000,000,000 s with resource class VehicleInfo and nice -99999800
2020-05-23 21:56:35,447 DEBUG - #preProcessEvent at simulation time 348.000,000,000 s with resource class VehicleInfo and nice -99999800
2020-05-23 21:56:35,479 DEBUG - #preProcessEvent at simulation time 349.000,000,000 s with resource class VehicleInfo and nice -99999800
2020-05-23 21:56:35,539 DEBUG - #preProcessEvent at simulation time 350.000,000,000 s with resource class VehicleInfo and nice -99999800
2020-05-23 21:56:35,791 DEBUG - #preProcessEvent at simulation time 351.000,000,000 s with resource class VehicleInfo and nice -99999800
2020-05-23 21:56:35,840 DEBUG - #preProcessEvent at simulation time 352.000,000,000 s with resource class VehicleInfo and nice -99999800
2020-05-23 21:56:35,882 DEBUG - #preProcessEvent at simulation time 353.000,000,000 s with resource class VehicleInfo and nice -99999800
2020-05-23 21:56:35,973 DEBUG - #preProcessEvent at simulation time 354.000,000,000 s with resource class VehicleInfo and nice -99999800
2020-05-23 21:56:36,127 DEBUG - #preProcessEvent at simulation time 355.000,000,000 s with resource class VehicleInfo and nice -99999800
2020-05-23 21:56:36,263 DEBUG - #preProcessEvent at simulation time 356.000,000,000 s with resource class VehicleInfo and nice -99999800
2020-05-23 21:56:36,310 DEBUG - #preProcessEvent at simulation time 357.000,000,000 s with resource class VehicleInfo and nice -99999800
2020-05-23 21:56:36,461 DEBUG - #preProcessEvent at simulation time 358.000,000,000 s with resource class VehicleInfo and nice -99999800
2020-05-23 21:56:36,507 DEBUG - #preProcessEvent at simulation time 359.000,000,000 s with resource class VehicleInfo and nice -99999800
2020-05-23 21:56:36,686 DEBUG - #preProcessEvent at simulation time 360.000,000,000 s with resource class VehicleInfo and nice -99999800
2020-05-23 21:56:36,919 DEBUG - #preProcessEvent at simulation time 361.000,000,000 s with resource class VehicleInfo and nice -99999800
2020-05-23 21:56:36,967 DEBUG - #preProcessEvent at simulation time 362.000,000,000 s with resource class VehicleInfo and nice -99999800
2020-05-23 21:56:37,151 DEBUG - #preProcessEvent at simulation time 363.000,000,000 s with resource class VehicleInfo and nice -99999800
2020-05-23 21:56:37,291 DEBUG - #preProcessEvent at simulation time 364.000,000,000 s with resource class VehicleInfo and nice -99999800
2020-05-23 21:56:37,341 DEBUG - #preProcessEvent at simulation time 365.000,000,000 s with resource class VehicleInfo and nice -99999800
2020-05-23 21:56:37,564 DEBUG - #preProcessEvent at simulation time 366.000,000,000 s with resource class VehicleInfo and nice -99999800
2020-05-23 21:56:37,658 DEBUG - #preProcessEvent at simulation time 367.000,000,000 s with resource class VehicleInfo and nice -99999800
2020-05-23 21:56:37,795 DEBUG - #preProcessEvent at simulation time 368.000,000,000 s with resource class VehicleInfo and nice -99999800
2020-05-23 21:56:37,852 DEBUG - #preProcessEvent at simulation time 369.000,000,000 s with resource class VehicleInfo and nice -99999800
2020-05-23 21:56:37,937 DEBUG - #preProcessEvent at simulation time 370.000,000,000 s with resource class VehicleInfo and nice -99999800
2020-05-23 21:56:38,112 DEBUG - #preProcessEvent at simulation time 371.000,000,000 s with resource class VehicleInfo and nice -99999800
2020-05-23 21:56:38,234 DEBUG - #preProcessEvent at simulation time 372.000,000,000 s with resource class VehicleInfo and nice -99999800
2020-05-23 21:56:38,325 DEBUG - #preProcessEvent at simulation time 373.000,000,000 s with resource class VehicleInfo and nice -99999800
2020-05-23 21:56:38,493 DEBUG - #preProcessEvent at simulation time 374.000,000,000 s with resource class VehicleInfo and nice -99999800
2020-05-23 21:56:38,555 DEBUG - #preProcessEvent at simulation time 375.000,000,000 s with resource class VehicleInfo and nice -99999800
2020-05-23 21:56:38,707 DEBUG - #preProcessEvent at simulation time 376.000,000,000 s with resource class VehicleInfo and nice -99999800
2020-05-23 21:56:38,827 DEBUG - #preProcessEvent at simulation time 377.000,000,000 s with resource class VehicleInfo and nice -99999800
2020-05-23 21:56:38,905 DEBUG - #preProcessEvent at simulation time 378.000,000,000 s with resource class VehicleInfo and nice -99999800
2020-05-23 21:56:38,969 DEBUG - #preProcessEvent at simulation time 379.000,000,000 s with resource class VehicleInfo and nice -99999800
2020-05-23 21:56:39,123 DEBUG - #preProcessEvent at simulation time 380.000,000,000 s with resource class VehicleInfo and nice -99999800
2020-05-23 21:56:39,201 DEBUG - #preProcessEvent at simulation time 381.000,000,000 s with resource class VehicleInfo and nice -99999800
2020-05-23 21:56:39,414 DEBUG - #preProcessEvent at simulation time 382.000,000,000 s with resource class VehicleInfo and nice -99999800
2020-05-23 21:56:39,479 DEBUG - #preProcessEvent at simulation time 383.000,000,000 s with resource class VehicleInfo and nice -99999800
2020-05-23 21:56:39,522 DEBUG - #preProcessEvent at simulation time 384.000,000,000 s with resource class VehicleInfo and nice -99999800
2020-05-23 21:56:39,683 DEBUG - #preProcessEvent at simulation time 385.000,000,000 s with resource class VehicleInfo and nice -99999800
2020-05-23 21:56:39,755 DEBUG - #preProcessEvent at simulation time 386.000,000,000 s with resource class VehicleInfo and nice -99999800
2020-05-23 21:56:39,906 DEBUG - #preProcessEvent at simulation time 387.000,000,000 s with resource class VehicleInfo and nice -99999800
2020-05-23 21:56:39,993 DEBUG - #preProcessEvent at simulation time 388.000,000,000 s with resource class VehicleInfo and nice -99999800
2020-05-23 21:56:40,124 DEBUG - #preProcessEvent at simulation time 389.000,000,000 s with resource class VehicleInfo and nice -99999800
2020-05-23 21:56:40,179 DEBUG - #preProcessEvent at simulation time 390.000,000,000 s with resource class VehicleInfo and nice -99999800
2020-05-23 21:56:40,301 DEBUG - #preProcessEvent at simulation time 391.000,000,000 s with resource class VehicleInfo and nice -99999800
2020-05-23 21:56:40,347 DEBUG - #preProcessEvent at simulation time 392.000,000,000 s with resource class VehicleInfo and nice -99999800
2020-05-23 21:56:40,403 DEBUG - #preProcessEvent at simulation time 393.000,000,000 s with resource class VehicleInfo and nice -99999800
2020-05-23 21:56:40,450 DEBUG - #preProcessEvent at simulation time 394.000,000,000 s with resource class VehicleInfo and nice -99999800
2020-05-23 21:56:40,553 DEBUG - #preProcessEvent at simulation time 395.000,000,000 s with resource class VehicleInfo and nice -99999800
2020-05-23 21:56:40,844 DEBUG - #preProcessEvent at simulation time 396.000,000,000 s with resource class VehicleInfo and nice -99999800
2020-05-23 21:56:40,891 DEBUG - #preProcessEvent at simulation time 397.000,000,000 s with resource class VehicleInfo and nice -99999800
2020-05-23 21:56:41,049 DEBUG - #preProcessEvent at simulation time 398.000,000,000 s with resource class VehicleInfo and nice -99999800
2020-05-23 21:56:41,093 DEBUG - #preProcessEvent at simulation time 399.000,000,000 s with resource class VehicleInfo and nice -99999800
2020-05-23 21:56:41,186 DEBUG - #preProcessEvent at simulation time 400.000,000,000 s with resource class VehicleInfo and nice -99999800
2020-05-23 21:56:41,366 DEBUG - #preProcessEvent at simulation time 401.000,000,000 s with resource class VehicleInfo and nice -99999800
2020-05-23 21:56:41,491 DEBUG - #preProcessEvent at simulation time 402.000,000,000 s with resource class VehicleInfo and nice -99999800
2020-05-23 21:56:41,555 DEBUG - #preProcessEvent at simulation time 403.000,000,000 s with resource class VehicleInfo and nice -99999800
2020-05-23 21:56:41,643 DEBUG - #preProcessEvent at simulation time 404.000,000,000 s with resource class VehicleInfo and nice -99999800
2020-05-23 21:56:41,676 DEBUG - #preProcessEvent at simulation time 405.000,000,000 s with resource class VehicleInfo and nice -99999800
2020-05-23 21:56:41,771 DEBUG - #preProcessEvent at simulation time 406.000,000,000 s with resource class VehicleInfo and nice -99999800
2020-05-23 21:56:41,817 DEBUG - #preProcessEvent at simulation time 407.000,000,000 s with resource class VehicleInfo and nice -99999800
2020-05-23 21:56:41,854 DEBUG - #preProcessEvent at simulation time 408.000,000,000 s with resource class VehicleInfo and nice -99999800
2020-05-23 21:56:41,933 DEBUG - #preProcessEvent at simulation time 409.000,000,000 s with resource class VehicleInfo and nice -99999800
2020-05-23 21:56:42,067 DEBUG - #preProcessEvent at simulation time 410.000,000,000 s with resource class VehicleInfo and nice -99999800
2020-05-23 21:56:42,146 DEBUG - #preProcessEvent at simulation time 411.000,000,000 s with resource class VehicleInfo and nice -99999800
2020-05-23 21:56:42,184 DEBUG - #preProcessEvent at simulation time 412.000,000,000 s with resource class VehicleInfo and nice -99999800
2020-05-23 21:56:42,218 DEBUG - #preProcessEvent at simulation time 413.000,000,000 s with resource class VehicleInfo and nice -99999800
2020-05-23 21:56:42,277 DEBUG - #preProcessEvent at simulation time 414.000,000,000 s with resource class VehicleInfo and nice -99999800
2020-05-23 21:56:42,373 DEBUG - #preProcessEvent at simulation time 415.000,000,000 s with resource class VehicleInfo and nice -99999800
2020-05-23 21:56:42,490 DEBUG - #preProcessEvent at simulation time 416.000,000,000 s with resource class VehicleInfo and nice -99999800
2020-05-23 21:56:42,556 DEBUG - #preProcessEvent at simulation time 417.000,000,000 s with resource class VehicleInfo and nice -99999800
2020-05-23 21:56:42,600 DEBUG - #preProcessEvent at simulation time 418.000,000,000 s with resource class VehicleInfo and nice -99999800
2020-05-23 21:56:42,632 DEBUG - #preProcessEvent at simulation time 419.000,000,000 s with resource class VehicleInfo and nice -99999800
2020-05-23 21:56:42,682 DEBUG - #preProcessEvent at simulation time 420.000,000,000 s with resource class VehicleInfo and nice -99999800
2020-05-23 21:56:42,816 DEBUG - #preProcessEvent at simulation time 421.000,000,000 s with resource class VehicleInfo and nice -99999800
2020-05-23 21:56:42,857 DEBUG - #preProcessEvent at simulation time 422.000,000,000 s with resource class VehicleInfo and nice -99999800
2020-05-23 21:56:42,904 DEBUG - #preProcessEvent at simulation time 423.000,000,000 s with resource class VehicleInfo and nice -99999800
2020-05-23 21:56:42,991 DEBUG - #preProcessEvent at simulation time 424.000,000,000 s with resource class VehicleInfo and nice -99999800
2020-05-23 21:56:43,024 DEBUG - #preProcessEvent at simulation time 425.000,000,000 s with resource class VehicleInfo and nice -99999800
2020-05-23 21:56:43,106 DEBUG - #preProcessEvent at simulation time 426.000,000,000 s with resource class VehicleInfo and nice -99999800
2020-05-23 21:56:43,214 DEBUG - #preProcessEvent at simulation time 427.000,000,000 s with resource class VehicleInfo and nice -99999800
2020-05-23 21:56:43,246 DEBUG - #preProcessEvent at simulation time 428.000,000,000 s with resource class VehicleInfo and nice -99999800
2020-05-23 21:56:43,275 DEBUG - #preProcessEvent at simulation time 429.000,000,000 s with resource class VehicleInfo and nice -99999800
2020-05-23 21:56:43,354 DEBUG - #preProcessEvent at simulation time 430.000,000,000 s with resource class VehicleInfo and nice -99999800
2020-05-23 21:56:43,415 DEBUG - #preProcessEvent at simulation time 431.000,000,000 s with resource class VehicleInfo and nice -99999800
2020-05-23 21:56:43,462 DEBUG - #preProcessEvent at simulation time 432.000,000,000 s with resource class VehicleInfo and nice -99999800
2020-05-23 21:56:43,581 DEBUG - #preProcessEvent at simulation time 433.000,000,000 s with resource class VehicleInfo and nice -99999800
2020-05-23 21:56:43,644 DEBUG - #preProcessEvent at simulation time 434.000,000,000 s with resource class VehicleInfo and nice -99999800
2020-05-23 21:56:43,688 DEBUG - #preProcessEvent at simulation time 435.000,000,000 s with resource class VehicleInfo and nice -99999800
2020-05-23 21:56:43,764 DEBUG - #preProcessEvent at simulation time 436.000,000,000 s with resource class VehicleInfo and nice -99999800
2020-05-23 21:56:43,850 DEBUG - #preProcessEvent at simulation time 437.000,000,000 s with resource class VehicleInfo and nice -99999800
2020-05-23 21:56:43,887 DEBUG - #preProcessEvent at simulation time 438.000,000,000 s with resource class VehicleInfo and nice -99999800
2020-05-23 21:56:43,973 DEBUG - #preProcessEvent at simulation time 439.000,000,000 s with resource class VehicleInfo and nice -99999800
2020-05-23 21:56:44,030 DEBUG - #preProcessEvent at simulation time 440.000,000,000 s with resource class VehicleInfo and nice -99999800
2020-05-23 21:56:44,076 DEBUG - #preProcessEvent at simulation time 441.000,000,000 s with resource class VehicleInfo and nice -99999800
2020-05-23 21:56:44,185 DEBUG - #preProcessEvent at simulation time 442.000,000,000 s with resource class VehicleInfo and nice -99999800
2020-05-23 21:56:44,222 DEBUG - #preProcessEvent at simulation time 443.000,000,000 s with resource class VehicleInfo and nice -99999800
2020-05-23 21:56:44,250 DEBUG - #preProcessEvent at simulation time 444.000,000,000 s with resource class VehicleInfo and nice -99999800
2020-05-23 21:56:44,283 DEBUG - #preProcessEvent at simulation time 445.000,000,000 s with resource class VehicleInfo and nice -99999800
2020-05-23 21:56:44,404 DEBUG - #preProcessEvent at simulation time 446.000,000,000 s with resource class VehicleInfo and nice -99999800
2020-05-23 21:56:44,455 DEBUG - #preProcessEvent at simulation time 447.000,000,000 s with resource class VehicleInfo and nice -99999800
2020-05-23 21:56:44,517 DEBUG - #preProcessEvent at simulation time 448.000,000,000 s with resource class VehicleInfo and nice -99999800
2020-05-23 21:56:44,651 DEBUG - #preProcessEvent at simulation time 449.000,000,000 s with resource class VehicleInfo and nice -99999800
2020-05-23 21:56:44,710 DEBUG - #preProcessEvent at simulation time 450.000,000,000 s with resource class VehicleInfo and nice -99999800
2020-05-23 21:56:44,811 DEBUG - #preProcessEvent at simulation time 451.000,000,000 s with resource class VehicleInfo and nice -99999800
2020-05-23 21:56:44,849 DEBUG - #preProcessEvent at simulation time 452.000,000,000 s with resource class VehicleInfo and nice -99999800
2020-05-23 21:56:44,928 DEBUG - #preProcessEvent at simulation time 453.000,000,000 s with resource class VehicleInfo and nice -99999800
2020-05-23 21:56:44,997 DEBUG - #preProcessEvent at simulation time 454.000,000,000 s with resource class VehicleInfo and nice -99999800
2020-05-23 21:56:45,027 DEBUG - #preProcessEvent at simulation time 455.000,000,000 s with resource class VehicleInfo and nice -99999800
2020-05-23 21:56:45,082 DEBUG - #preProcessEvent at simulation time 456.000,000,000 s with resource class VehicleInfo and nice -99999800
2020-05-23 21:56:45,217 DEBUG - #preProcessEvent at simulation time 457.000,000,000 s with resource class VehicleInfo and nice -99999800
2020-05-23 21:56:45,253 DEBUG - #preProcessEvent at simulation time 458.000,000,000 s with resource class VehicleInfo and nice -99999800
2020-05-23 21:56:45,281 DEBUG - #preProcessEvent at simulation time 459.000,000,000 s with resource class VehicleInfo and nice -99999800
2020-05-23 21:56:45,335 DEBUG - #preProcessEvent at simulation time 460.000,000,000 s with resource class VehicleInfo and nice -99999800
2020-05-23 21:56:45,427 DEBUG - #preProcessEvent at simulation time 461.000,000,000 s with resource class VehicleInfo and nice -99999800
2020-05-23 21:56:45,456 DEBUG - #preProcessEvent at simulation time 462.000,000,000 s with resource class VehicleInfo and nice -99999800
2020-05-23 21:56:45,483 DEBUG - #preProcessEvent at simulation time 463.000,000,000 s with resource class VehicleInfo and nice -99999800
2020-05-23 21:56:45,515 DEBUG - #preProcessEvent at simulation time 464.000,000,000 s with resource class VehicleInfo and nice -99999800
2020-05-23 21:56:45,613 DEBUG - #preProcessEvent at simulation time 465.000,000,000 s with resource class VehicleInfo and nice -99999800
2020-05-23 21:56:45,755 DEBUG - #preProcessEvent at simulation time 466.000,000,000 s with resource class VehicleInfo and nice -99999800
2020-05-23 21:56:45,814 DEBUG - #preProcessEvent at simulation time 467.000,000,000 s with resource class VehicleInfo and nice -99999800
2020-05-23 21:56:45,846 DEBUG - #preProcessEvent at simulation time 468.000,000,000 s with resource class VehicleInfo and nice -99999800
2020-05-23 21:56:45,888 DEBUG - #preProcessEvent at simulation time 469.000,000,000 s with resource class VehicleInfo and nice -99999800
2020-05-23 21:56:45,940 DEBUG - #preProcessEvent at simulation time 470.000,000,000 s with resource class VehicleInfo and nice -99999800
2020-05-23 21:56:46,052 DEBUG - #preProcessEvent at simulation time 471.000,000,000 s with resource class VehicleInfo and nice -99999800
2020-05-23 21:56:46,082 DEBUG - #preProcessEvent at simulation time 472.000,000,000 s with resource class VehicleInfo and nice -99999800
2020-05-23 21:56:46,120 DEBUG - #preProcessEvent at simulation time 473.000,000,000 s with resource class VehicleInfo and nice -99999800
2020-05-23 21:56:46,187 DEBUG - #preProcessEvent at simulation time 474.000,000,000 s with resource class VehicleInfo and nice -99999800
2020-05-23 21:56:46,226 DEBUG - #preProcessEvent at simulation time 475.000,000,000 s with resource class VehicleInfo and nice -99999800
2020-05-23 21:56:46,272 DEBUG - #preProcessEvent at simulation time 476.000,000,000 s with resource class VehicleInfo and nice -99999800
2020-05-23 21:56:46,305 DEBUG - #preProcessEvent at simulation time 477.000,000,000 s with resource class VehicleInfo and nice -99999800
2020-05-23 21:56:46,393 DEBUG - #preProcessEvent at simulation time 478.000,000,000 s with resource class VehicleInfo and nice -99999800
2020-05-23 21:56:46,422 DEBUG - #preProcessEvent at simulation time 479.000,000,000 s with resource class VehicleInfo and nice -99999800
2020-05-23 21:56:46,454 DEBUG - #preProcessEvent at simulation time 480.000,000,000 s with resource class VehicleInfo and nice -99999800
2020-05-23 21:56:46,497 DEBUG - #preProcessEvent at simulation time 481.000,000,000 s with resource class VehicleInfo and nice -99999800
2020-05-23 21:56:46,558 DEBUG - #preProcessEvent at simulation time 482.000,000,000 s with resource class VehicleInfo and nice -99999800
2020-05-23 21:56:46,585 DEBUG - #preProcessEvent at simulation time 483.000,000,000 s with resource class VehicleInfo and nice -99999800
2020-05-23 21:56:46,615 DEBUG - #preProcessEvent at simulation time 484.000,000,000 s with resource class VehicleInfo and nice -99999800
2020-05-23 21:56:46,652 DEBUG - #preProcessEvent at simulation time 485.000,000,000 s with resource class VehicleInfo and nice -99999800
2020-05-23 21:56:46,696 DEBUG - #preProcessEvent at simulation time 486.000,000,000 s with resource class VehicleInfo and nice -99999800
2020-05-23 21:56:46,749 DEBUG - #preProcessEvent at simulation time 487.000,000,000 s with resource class VehicleInfo and nice -99999800
2020-05-23 21:56:46,826 DEBUG - #preProcessEvent at simulation time 488.000,000,000 s with resource class VehicleInfo and nice -99999800
2020-05-23 21:56:46,859 DEBUG - #preProcessEvent at simulation time 489.000,000,000 s with resource class VehicleInfo and nice -99999800
2020-05-23 21:56:46,886 DEBUG - #preProcessEvent at simulation time 490.000,000,000 s with resource class VehicleInfo and nice -99999800
2020-05-23 21:56:46,953 DEBUG - #preProcessEvent at simulation time 491.000,000,000 s with resource class VehicleInfo and nice -99999800
2020-05-23 21:56:46,983 DEBUG - #preProcessEvent at simulation time 492.000,000,000 s with resource class VehicleInfo and nice -99999800
2020-05-23 21:56:47,005 DEBUG - #preProcessEvent at simulation time 493.000,000,000 s with resource class VehicleInfo and nice -99999800
2020-05-23 21:56:47,030 DEBUG - #preProcessEvent at simulation time 494.000,000,000 s with resource class VehicleInfo and nice -99999800
2020-05-23 21:56:47,055 DEBUG - #preProcessEvent at simulation time 495.000,000,000 s with resource class VehicleInfo and nice -99999800
2020-05-23 21:56:47,103 DEBUG - #preProcessEvent at simulation time 496.000,000,000 s with resource class VehicleInfo and nice -99999800
2020-05-23 21:56:47,156 DEBUG - #preProcessEvent at simulation time 497.000,000,000 s with resource class VehicleInfo and nice -99999800
2020-05-23 21:56:47,185 DEBUG - #preProcessEvent at simulation time 498.000,000,000 s with resource class VehicleInfo and nice -99999800
2020-05-23 21:56:47,219 DEBUG - #preProcessEvent at simulation time 499.000,000,000 s with resource class VehicleInfo and nice -99999800
2020-05-23 21:56:47,247 DEBUG - #preProcessEvent at simulation time 500.000,000,000 s with resource class VehicleInfo and nice -99999800
2020-05-23 21:56:47,335 DEBUG - #preProcessEvent at simulation time 501.000,000,000 s with resource class VehicleInfo and nice -99999800
2020-05-23 21:56:47,365 DEBUG - #preProcessEvent at simulation time 502.000,000,000 s with resource class VehicleInfo and nice -99999800
2020-05-23 21:56:47,390 DEBUG - #preProcessEvent at simulation time 503.000,000,000 s with resource class VehicleInfo and nice -99999800
2020-05-23 21:56:47,414 DEBUG - #preProcessEvent at simulation time 504.000,000,000 s with resource class VehicleInfo and nice -99999800
2020-05-23 21:56:47,436 DEBUG - #preProcessEvent at simulation time 505.000,000,000 s with resource class VehicleInfo and nice -99999800
2020-05-23 21:56:47,467 DEBUG - #preProcessEvent at simulation time 506.000,000,000 s with resource class VehicleInfo and nice -99999800
2020-05-23 21:56:47,490 DEBUG - #preProcessEvent at simulation time 507.000,000,000 s with resource class VehicleInfo and nice -99999800
2020-05-23 21:56:47,530 DEBUG - #preProcessEvent at simulation time 508.000,000,000 s with resource class VehicleInfo and nice -99999800
2020-05-23 21:56:47,558 DEBUG - #preProcessEvent at simulation time 509.000,000,000 s with resource class VehicleInfo and nice -99999800
2020-05-23 21:56:47,579 DEBUG - #preProcessEvent at simulation time 510.000,000,000 s with resource class VehicleInfo and nice -99999800
2020-05-23 21:56:47,610 DEBUG - #preProcessEvent at simulation time 511.000,000,000 s with resource class VehicleInfo and nice -99999800
2020-05-23 21:56:47,631 DEBUG - #preProcessEvent at simulation time 512.000,000,000 s with resource class VehicleInfo and nice -99999800
2020-05-23 21:56:47,654 DEBUG - #preProcessEvent at simulation time 513.000,000,000 s with resource class VehicleInfo and nice -99999800
2020-05-23 21:56:47,674 DEBUG - #preProcessEvent at simulation time 514.000,000,000 s with resource class VehicleInfo and nice -99999800
2020-05-23 21:56:47,696 DEBUG - #preProcessEvent at simulation time 515.000,000,000 s with resource class VehicleInfo and nice -99999800
2020-05-23 21:56:47,757 DEBUG - #preProcessEvent at simulation time 516.000,000,000 s with resource class VehicleInfo and nice -99999800
2020-05-23 21:56:47,778 DEBUG - #preProcessEvent at simulation time 517.000,000,000 s with resource class VehicleInfo and nice -99999800
2020-05-23 21:56:47,800 DEBUG - #preProcessEvent at simulation time 518.000,000,000 s with resource class VehicleInfo and nice -99999800
2020-05-23 21:56:47,819 DEBUG - #preProcessEvent at simulation time 519.000,000,000 s with resource class VehicleInfo and nice -99999800
2020-05-23 21:56:47,837 DEBUG - #preProcessEvent at simulation time 520.000,000,000 s with resource class VehicleInfo and nice -99999800
2020-05-23 21:56:47,865 DEBUG - #preProcessEvent at simulation time 521.000,000,000 s with resource class VehicleInfo and nice -99999800
2020-05-23 21:56:47,882 DEBUG - #preProcessEvent at simulation time 522.000,000,000 s with resource class VehicleInfo and nice -99999800
2020-05-23 21:56:47,906 DEBUG - #preProcessEvent at simulation time 523.000,000,000 s with resource class VehicleInfo and nice -99999800
2020-05-23 21:56:47,931 DEBUG - #preProcessEvent at simulation time 524.000,000,000 s with resource class VehicleInfo and nice -99999800
2020-05-23 21:56:47,952 DEBUG - #preProcessEvent at simulation time 525.000,000,000 s with resource class VehicleInfo and nice -99999800
2020-05-23 21:56:47,980 DEBUG - #preProcessEvent at simulation time 526.000,000,000 s with resource class VehicleInfo and nice -99999800
2020-05-23 21:56:47,995 DEBUG - #preProcessEvent at simulation time 527.000,000,000 s with resource class VehicleInfo and nice -99999800
2020-05-23 21:56:48,019 DEBUG - #preProcessEvent at simulation time 528.000,000,000 s with resource class VehicleInfo and nice -99999800
2020-05-23 21:56:48,034 DEBUG - #preProcessEvent at simulation time 529.000,000,000 s with resource class VehicleInfo and nice -99999800
2020-05-23 21:56:48,048 DEBUG - #preProcessEvent at simulation time 530.000,000,000 s with resource class VehicleInfo and nice -99999800
2020-05-23 21:56:48,079 DEBUG - #preProcessEvent at simulation time 531.000,000,000 s with resource class VehicleInfo and nice -99999800
2020-05-23 21:56:48,092 DEBUG - #preProcessEvent at simulation time 532.000,000,000 s with resource class VehicleInfo and nice -99999800
2020-05-23 21:56:48,117 DEBUG - #preProcessEvent at simulation time 533.000,000,000 s with resource class VehicleInfo and nice -99999800
2020-05-23 21:56:48,131 DEBUG - #preProcessEvent at simulation time 534.000,000,000 s with resource class VehicleInfo and nice -99999800
2020-05-23 21:56:48,148 DEBUG - #preProcessEvent at simulation time 535.000,000,000 s with resource class VehicleInfo and nice -99999800
2020-05-23 21:56:48,171 DEBUG - #preProcessEvent at simulation time 536.000,000,000 s with resource class VehicleInfo and nice -99999800
2020-05-23 21:56:48,183 DEBUG - #preProcessEvent at simulation time 537.000,000,000 s with resource class VehicleInfo and nice -99999800
2020-05-23 21:56:48,196 DEBUG - #preProcessEvent at simulation time 538.000,000,000 s with resource class VehicleInfo and nice -99999800
2020-05-23 21:56:48,215 DEBUG - #preProcessEvent at simulation time 539.000,000,000 s with resource class VehicleInfo and nice -99999800
2020-05-23 21:56:48,233 DEBUG - #preProcessEvent at simulation time 540.000,000,000 s with resource class VehicleInfo and nice -99999800
2020-05-23 21:56:48,255 DEBUG - #preProcessEvent at simulation time 541.000,000,000 s with resource class VehicleInfo and nice -99999800
2020-05-23 21:56:48,272 DEBUG - #preProcessEvent at simulation time 542.000,000,000 s with resource class VehicleInfo and nice -99999800
2020-05-23 21:56:48,285 DEBUG - #preProcessEvent at simulation time 543.000,000,000 s with resource class VehicleInfo and nice -99999800
2020-05-23 21:56:48,298 DEBUG - #preProcessEvent at simulation time 544.000,000,000 s with resource class VehicleInfo and nice -99999800
2020-05-23 21:56:48,321 DEBUG - #preProcessEvent at simulation time 545.000,000,000 s with resource class VehicleInfo and nice -99999800
2020-05-23 21:56:48,343 DEBUG - #preProcessEvent at simulation time 546.000,000,000 s with resource class VehicleInfo and nice -99999800
2020-05-23 21:56:48,361 DEBUG - #preProcessEvent at simulation time 547.000,000,000 s with resource class VehicleInfo and nice -99999800
2020-05-23 21:56:48,373 DEBUG - #preProcessEvent at simulation time 548.000,000,000 s with resource class VehicleInfo and nice -99999800
2020-05-23 21:56:48,387 DEBUG - #preProcessEvent at simulation time 549.000,000,000 s with resource class VehicleInfo and nice -99999800
2020-05-23 21:56:48,399 DEBUG - #preProcessEvent at simulation time 550.000,000,000 s with resource class VehicleInfo and nice -99999800
2020-05-23 21:56:48,422 DEBUG - #preProcessEvent at simulation time 551.000,000,000 s with resource class VehicleInfo and nice -99999800
2020-05-23 21:56:48,433 DEBUG - #preProcessEvent at simulation time 552.000,000,000 s with resource class VehicleInfo and nice -99999800
2020-05-23 21:56:48,443 DEBUG - #preProcessEvent at simulation time 553.000,000,000 s with resource class VehicleInfo and nice -99999800
2020-05-23 21:56:48,455 DEBUG - #preProcessEvent at simulation time 554.000,000,000 s with resource class VehicleInfo and nice -99999800
2020-05-23 21:56:48,467 DEBUG - #preProcessEvent at simulation time 555.000,000,000 s with resource class VehicleInfo and nice -99999800
2020-05-23 21:56:48,486 DEBUG - #preProcessEvent at simulation time 556.000,000,000 s with resource class VehicleInfo and nice -99999800
2020-05-23 21:56:48,502 DEBUG - #preProcessEvent at simulation time 557.000,000,000 s with resource class VehicleInfo and nice -99999800
2020-05-23 21:56:48,524 DEBUG - #preProcessEvent at simulation time 558.000,000,000 s with resource class VehicleInfo and nice -99999800
2020-05-23 21:56:48,541 DEBUG - #preProcessEvent at simulation time 559.000,000,000 s with resource class VehicleInfo and nice -99999800
2020-05-23 21:56:48,557 DEBUG - #preProcessEvent at simulation time 560.000,000,000 s with resource class VehicleInfo and nice -99999800
2020-05-23 21:56:48,575 DEBUG - #preProcessEvent at simulation time 561.000,000,000 s with resource class VehicleInfo and nice -99999800
2020-05-23 21:56:48,587 DEBUG - #preProcessEvent at simulation time 562.000,000,000 s with resource class VehicleInfo and nice -99999800
2020-05-23 21:56:48,600 DEBUG - #preProcessEvent at simulation time 563.000,000,000 s with resource class VehicleInfo and nice -99999800
2020-05-23 21:56:48,618 DEBUG - #preProcessEvent at simulation time 564.000,000,000 s with resource class VehicleInfo and nice -99999800
2020-05-23 21:56:48,633 DEBUG - #preProcessEvent at simulation time 565.000,000,000 s with resource class VehicleInfo and nice -99999800
2020-05-23 21:56:48,657 DEBUG - #preProcessEvent at simulation time 566.000,000,000 s with resource class VehicleInfo and nice -99999800
2020-05-23 21:56:48,673 DEBUG - #preProcessEvent at simulation time 567.000,000,000 s with resource class VehicleInfo and nice -99999800
2020-05-23 21:56:48,687 DEBUG - #preProcessEvent at simulation time 568.000,000,000 s with resource class VehicleInfo and nice -99999800
2020-05-23 21:56:48,709 DEBUG - #preProcessEvent at simulation time 569.000,000,000 s with resource class VehicleInfo and nice -99999800
2020-05-23 21:56:48,738 DEBUG - #preProcessEvent at simulation time 570.000,000,000 s with resource class VehicleInfo and nice -99999800
2020-05-23 21:56:48,767 DEBUG - #preProcessEvent at simulation time 571.000,000,000 s with resource class VehicleInfo and nice -99999800
2020-05-23 21:56:48,787 DEBUG - #preProcessEvent at simulation time 572.000,000,000 s with resource class VehicleInfo and nice -99999800
2020-05-23 21:56:48,804 DEBUG - #preProcessEvent at simulation time 573.000,000,000 s with resource class VehicleInfo and nice -99999800
2020-05-23 21:56:48,822 DEBUG - #preProcessEvent at simulation time 574.000,000,000 s with resource class VehicleInfo and nice -99999800
2020-05-23 21:56:48,835 DEBUG - #preProcessEvent at simulation time 575.000,000,000 s with resource class VehicleInfo and nice -99999800
2020-05-23 21:56:48,861 DEBUG - #preProcessEvent at simulation time 576.000,000,000 s with resource class VehicleInfo and nice -99999800
2020-05-23 21:56:48,875 DEBUG - #preProcessEvent at simulation time 577.000,000,000 s with resource class VehicleInfo and nice -99999800
2020-05-23 21:56:48,898 DEBUG - #preProcessEvent at simulation time 578.000,000,000 s with resource class VehicleInfo and nice -99999800
2020-05-23 21:56:48,926 DEBUG - #preProcessEvent at simulation time 579.000,000,000 s with resource class VehicleInfo and nice -99999800
2020-05-23 21:56:48,938 DEBUG - #preProcessEvent at simulation time 580.000,000,000 s with resource class VehicleInfo and nice -99999800
2020-05-23 21:56:48,970 DEBUG - #preProcessEvent at simulation time 581.000,000,000 s with resource class VehicleInfo and nice -99999800
2020-05-23 21:56:48,991 DEBUG - #preProcessEvent at simulation time 582.000,000,000 s with resource class VehicleInfo and nice -99999800
2020-05-23 21:56:49,011 DEBUG - #preProcessEvent at simulation time 583.000,000,000 s with resource class VehicleInfo and nice -99999800
2020-05-23 21:56:49,034 DEBUG - #preProcessEvent at simulation time 584.000,000,000 s with resource class VehicleInfo and nice -99999800
2020-05-23 21:56:49,054 DEBUG - #preProcessEvent at simulation time 585.000,000,000 s with resource class VehicleInfo and nice -99999800
2020-05-23 21:56:49,096 DEBUG - #preProcessEvent at simulation time 586.000,000,000 s with resource class VehicleInfo and nice -99999800
2020-05-23 21:56:49,121 DEBUG - #preProcessEvent at simulation time 587.000,000,000 s with resource class VehicleInfo and nice -99999800
2020-05-23 21:56:49,140 DEBUG - #preProcessEvent at simulation time 588.000,000,000 s with resource class VehicleInfo and nice -99999800
2020-05-23 21:56:49,155 DEBUG - #preProcessEvent at simulation time 589.000,000,000 s with resource class VehicleInfo and nice -99999800
2020-05-23 21:56:49,169 DEBUG - #preProcessEvent at simulation time 590.000,000,000 s with resource class VehicleInfo and nice -99999800
2020-05-23 21:56:49,191 DEBUG - #preProcessEvent at simulation time 591.000,000,000 s with resource class VehicleInfo and nice -99999800
2020-05-23 21:56:49,207 DEBUG - #preProcessEvent at simulation time 592.000,000,000 s with resource class VehicleInfo and nice -99999800
2020-05-23 21:56:49,225 DEBUG - #preProcessEvent at simulation time 593.000,000,000 s with resource class VehicleInfo and nice -99999800
2020-05-23 21:56:49,244 DEBUG - #preProcessEvent at simulation time 594.000,000,000 s with resource class VehicleInfo and nice -99999800
2020-05-23 21:56:49,259 DEBUG - #preProcessEvent at simulation time 595.000,000,000 s with resource class VehicleInfo and nice -99999800
2020-05-23 21:56:49,284 DEBUG - #preProcessEvent at simulation time 596.000,000,000 s with resource class VehicleInfo and nice -99999800
2020-05-23 21:56:49,298 DEBUG - #preProcessEvent at simulation time 597.000,000,000 s with resource class VehicleInfo and nice -99999800
2020-05-23 21:56:49,323 DEBUG - #preProcessEvent at simulation time 598.000,000,000 s with resource class VehicleInfo and nice -99999800
2020-05-23 21:56:49,337 DEBUG - #preProcessEvent at simulation time 599.000,000,000 s with resource class VehicleInfo and nice -99999800
2020-05-23 21:56:49,350 DEBUG - #preProcessEvent at simulation time 600.000,000,000 s with resource class VehicleInfo and nice -99999800
2020-05-23 21:56:49,376 DEBUG - #preProcessEvent at simulation time 601.000,000,000 s with resource class VehicleInfo and nice -99999800
2020-05-23 21:56:49,389 DEBUG - #preProcessEvent at simulation time 602.000,000,000 s with resource class VehicleInfo and nice -99999800
2020-05-23 21:56:49,407 DEBUG - #preProcessEvent at simulation time 603.000,000,000 s with resource class VehicleInfo and nice -99999800
2020-05-23 21:56:49,418 DEBUG - #preProcessEvent at simulation time 604.000,000,000 s with resource class VehicleInfo and nice -99999800
2020-05-23 21:56:49,431 DEBUG - #preProcessEvent at simulation time 605.000,000,000 s with resource class VehicleInfo and nice -99999800
2020-05-23 21:56:49,460 DEBUG - #preProcessEvent at simulation time 606.000,000,000 s with resource class VehicleInfo and nice -99999800
2020-05-23 21:56:49,472 DEBUG - #preProcessEvent at simulation time 607.000,000,000 s with resource class VehicleInfo and nice -99999800
2020-05-23 21:56:49,484 DEBUG - #preProcessEvent at simulation time 608.000,000,000 s with resource class VehicleInfo and nice -99999800
2020-05-23 21:56:49,511 DEBUG - #preProcessEvent at simulation time 609.000,000,000 s with resource class VehicleInfo and nice -99999800
2020-05-23 21:56:49,524 DEBUG - #preProcessEvent at simulation time 610.000,000,000 s with resource class VehicleInfo and nice -99999800
2020-05-23 21:56:49,543 DEBUG - #preProcessEvent at simulation time 611.000,000,000 s with resource class VehicleInfo and nice -99999800
2020-05-23 21:56:49,558 DEBUG - #preProcessEvent at simulation time 612.000,000,000 s with resource class VehicleInfo and nice -99999800
2020-05-23 21:56:49,569 DEBUG - #preProcessEvent at simulation time 613.000,000,000 s with resource class VehicleInfo and nice -99999800
2020-05-23 21:56:49,579 DEBUG - #preProcessEvent at simulation time 614.000,000,000 s with resource class VehicleInfo and nice -99999800
2020-05-23 21:56:49,594 DEBUG - #preProcessEvent at simulation time 615.000,000,000 s with resource class VehicleInfo and nice -99999800
2020-05-23 21:56:49,612 DEBUG - #preProcessEvent at simulation time 616.000,000,000 s with resource class VehicleInfo and nice -99999800
2020-05-23 21:56:49,623 DEBUG - #preProcessEvent at simulation time 617.000,000,000 s with resource class VehicleInfo and nice -99999800
2020-05-23 21:56:49,634 DEBUG - #preProcessEvent at simulation time 618.000,000,000 s with resource class VehicleInfo and nice -99999800
2020-05-23 21:56:49,644 DEBUG - #preProcessEvent at simulation time 619.000,000,000 s with resource class VehicleInfo and nice -99999800
2020-05-23 21:56:49,659 DEBUG - #preProcessEvent at simulation time 620.000,000,000 s with resource class VehicleInfo and nice -99999800
2020-05-23 21:56:49,674 DEBUG - #preProcessEvent at simulation time 621.000,000,000 s with resource class VehicleInfo and nice -99999800
2020-05-23 21:56:49,682 DEBUG - #preProcessEvent at simulation time 622.000,000,000 s with resource class VehicleInfo and nice -99999800
2020-05-23 21:56:49,693 DEBUG - #preProcessEvent at simulation time 623.000,000,000 s with resource class VehicleInfo and nice -99999800
2020-05-23 21:56:49,705 DEBUG - #preProcessEvent at simulation time 624.000,000,000 s with resource class VehicleInfo and nice -99999800
2020-05-23 21:56:49,733 DEBUG - #preProcessEvent at simulation time 625.000,000,000 s with resource class VehicleInfo and nice -99999800
2020-05-23 21:56:49,751 DEBUG - #preProcessEvent at simulation time 626.000,000,000 s with resource class VehicleInfo and nice -99999800
2020-05-23 21:56:49,760 DEBUG - #preProcessEvent at simulation time 627.000,000,000 s with resource class VehicleInfo and nice -99999800
2020-05-23 21:56:49,770 DEBUG - #preProcessEvent at simulation time 628.000,000,000 s with resource class VehicleInfo and nice -99999800
2020-05-23 21:56:49,786 DEBUG - #preProcessEvent at simulation time 629.000,000,000 s with resource class VehicleInfo and nice -99999800
2020-05-23 21:56:49,798 DEBUG - #preProcessEvent at simulation time 630.000,000,000 s with resource class VehicleInfo and nice -99999800
2020-05-23 21:56:49,813 DEBUG - #preProcessEvent at simulation time 631.000,000,000 s with resource class VehicleInfo and nice -99999800
2020-05-23 21:56:49,823 DEBUG - #preProcessEvent at simulation time 632.000,000,000 s with resource class VehicleInfo and nice -99999800
2020-05-23 21:56:49,831 DEBUG - #preProcessEvent at simulation time 633.000,000,000 s with resource class VehicleInfo and nice -99999800
2020-05-23 21:56:49,840 DEBUG - #preProcessEvent at simulation time 634.000,000,000 s with resource class VehicleInfo and nice -99999800
2020-05-23 21:56:49,849 DEBUG - #preProcessEvent at simulation time 635.000,000,000 s with resource class VehicleInfo and nice -99999800
2020-05-23 21:56:49,865 DEBUG - #preProcessEvent at simulation time 636.000,000,000 s with resource class VehicleInfo and nice -99999800
2020-05-23 21:56:49,873 DEBUG - #preProcessEvent at simulation time 637.000,000,000 s with resource class VehicleInfo and nice -99999800
2020-05-23 21:56:49,883 DEBUG - #preProcessEvent at simulation time 638.000,000,000 s with resource class VehicleInfo and nice -99999800
2020-05-23 21:56:49,900 DEBUG - #preProcessEvent at simulation time 639.000,000,000 s with resource class VehicleInfo and nice -99999800
2020-05-23 21:56:49,918 DEBUG - #preProcessEvent at simulation time 640.000,000,000 s with resource class VehicleInfo and nice -99999800
2020-05-23 21:56:49,932 DEBUG - #preProcessEvent at simulation time 641.000,000,000 s with resource class VehicleInfo and nice -99999800
2020-05-23 21:56:49,943 DEBUG - #preProcessEvent at simulation time 642.000,000,000 s with resource class VehicleInfo and nice -99999800
2020-05-23 21:56:49,954 DEBUG - #preProcessEvent at simulation time 643.000,000,000 s with resource class VehicleInfo and nice -99999800
2020-05-23 21:56:49,964 DEBUG - #preProcessEvent at simulation time 644.000,000,000 s with resource class VehicleInfo and nice -99999800
2020-05-23 21:56:49,974 DEBUG - #preProcessEvent at simulation time 645.000,000,000 s with resource class VehicleInfo and nice -99999800
2020-05-23 21:56:49,988 DEBUG - #preProcessEvent at simulation time 646.000,000,000 s with resource class VehicleInfo and nice -99999800
2020-05-23 21:56:49,999 DEBUG - #preProcessEvent at simulation time 647.000,000,000 s with resource class VehicleInfo and nice -99999800
2020-05-23 21:56:50,008 DEBUG - #preProcessEvent at simulation time 648.000,000,000 s with resource class VehicleInfo and nice -99999800
2020-05-23 21:56:50,020 DEBUG - #preProcessEvent at simulation time 649.000,000,000 s with resource class VehicleInfo and nice -99999800
2020-05-23 21:56:50,030 DEBUG - #preProcessEvent at simulation time 650.000,000,000 s with resource class VehicleInfo and nice -99999800
2020-05-23 21:56:50,043 DEBUG - #preProcessEvent at simulation time 651.000,000,000 s with resource class VehicleInfo and nice -99999800
2020-05-23 21:56:50,054 DEBUG - #preProcessEvent at simulation time 652.000,000,000 s with resource class VehicleInfo and nice -99999800
2020-05-23 21:56:50,065 DEBUG - #preProcessEvent at simulation time 653.000,000,000 s with resource class VehicleInfo and nice -99999800
2020-05-23 21:56:50,073 DEBUG - #preProcessEvent at simulation time 654.000,000,000 s with resource class VehicleInfo and nice -99999800
2020-05-23 21:56:50,082 DEBUG - #preProcessEvent at simulation time 655.000,000,000 s with resource class VehicleInfo and nice -99999800
2020-05-23 21:56:50,099 DEBUG - #preProcessEvent at simulation time 656.000,000,000 s with resource class VehicleInfo and nice -99999800
2020-05-23 21:56:50,119 DEBUG - #preProcessEvent at simulation time 657.000,000,000 s with resource class VehicleInfo and nice -99999800
2020-05-23 21:56:50,129 DEBUG - #preProcessEvent at simulation time 658.000,000,000 s with resource class VehicleInfo and nice -99999800
2020-05-23 21:56:50,139 DEBUG - #preProcessEvent at simulation time 659.000,000,000 s with resource class VehicleInfo and nice -99999800
2020-05-23 21:56:50,148 DEBUG - #preProcessEvent at simulation time 660.000,000,000 s with resource class VehicleInfo and nice -99999800
2020-05-23 21:56:50,164 DEBUG - #preProcessEvent at simulation time 661.000,000,000 s with resource class VehicleInfo and nice -99999800
2020-05-23 21:56:50,173 DEBUG - #preProcessEvent at simulation time 662.000,000,000 s with resource class VehicleInfo and nice -99999800
2020-05-23 21:56:50,182 DEBUG - #preProcessEvent at simulation time 663.000,000,000 s with resource class VehicleInfo and nice -99999800
2020-05-23 21:56:50,191 DEBUG - #preProcessEvent at simulation time 664.000,000,000 s with resource class VehicleInfo and nice -99999800
2020-05-23 21:56:50,201 DEBUG - #preProcessEvent at simulation time 665.000,000,000 s with resource class VehicleInfo and nice -99999800
2020-05-23 21:56:50,216 DEBUG - #preProcessEvent at simulation time 666.000,000,000 s with resource class VehicleInfo and nice -99999800
2020-05-23 21:56:50,223 DEBUG - #preProcessEvent at simulation time 667.000,000,000 s with resource class VehicleInfo and nice -99999800
2020-05-23 21:56:50,231 DEBUG - #preProcessEvent at simulation time 668.000,000,000 s with resource class VehicleInfo and nice -99999800
2020-05-23 21:56:50,245 DEBUG - #preProcessEvent at simulation time 669.000,000,000 s with resource class VehicleInfo and nice -99999800
2020-05-23 21:56:50,258 DEBUG - #tearDown at simulation time 670.000,000,000 s
