2020-05-23 22:01:50,783 INFO - Initialize application (at simulation time 20.000,000,000 s)
2020-05-23 22:01:50,784 INFO - Activated Cell Module (at simulation time 20.000,000,000 s)
2020-05-23 22:01:50,785 DEBUG - No Sensor/Event detected (at simulation time 20.000,000,000 s)
2020-05-23 22:01:50,829 DEBUG - No Sensor/Event detected (at simulation time 21.000,000,000 s)
2020-05-23 22:01:50,849 DEBUG - No Sensor/Event detected (at simulation time 22.000,000,000 s)
2020-05-23 22:01:50,863 DEBUG - No Sensor/Event detected (at simulation time 23.000,000,000 s)
2020-05-23 22:01:50,883 DEBUG - No Sensor/Event detected (at simulation time 24.000,000,000 s)
2020-05-23 22:01:50,908 DEBUG - No Sensor/Event detected (at simulation time 25.000,000,000 s)
2020-05-23 22:01:50,937 DEBUG - No Sensor/Event detected (at simulation time 26.000,000,000 s)
2020-05-23 22:01:51,054 DEBUG - No Sensor/Event detected (at simulation time 27.000,000,000 s)
2020-05-23 22:01:51,071 DEBUG - No Sensor/Event detected (at simulation time 28.000,000,000 s)
2020-05-23 22:01:51,085 DEBUG - No Sensor/Event detected (at simulation time 29.000,000,000 s)
2020-05-23 22:01:51,093 DEBUG - No Sensor/Event detected (at simulation time 30.000,000,000 s)
2020-05-23 22:01:51,112 DEBUG - No Sensor/Event detected (at simulation time 31.000,000,000 s)
2020-05-23 22:01:51,119 DEBUG - No Sensor/Event detected (at simulation time 32.000,000,000 s)
2020-05-23 22:01:51,136 DEBUG - No Sensor/Event detected (at simulation time 33.000,000,000 s)
2020-05-23 22:01:51,208 DEBUG - No Sensor/Event detected (at simulation time 34.000,000,000 s)
2020-05-23 22:01:51,223 DEBUG - No Sensor/Event detected (at simulation time 35.000,000,000 s)
2020-05-23 22:01:51,235 DEBUG - No Sensor/Event detected (at simulation time 36.000,000,000 s)
2020-05-23 22:01:51,246 DEBUG - No Sensor/Event detected (at simulation time 37.000,000,000 s)
2020-05-23 22:01:51,254 DEBUG - No Sensor/Event detected (at simulation time 38.000,000,000 s)
2020-05-23 22:01:51,261 DEBUG - No Sensor/Event detected (at simulation time 39.000,000,000 s)
2020-05-23 22:01:51,268 DEBUG - No Sensor/Event detected (at simulation time 40.000,000,000 s)
2020-05-23 22:01:51,276 DEBUG - No Sensor/Event detected (at simulation time 41.000,000,000 s)
2020-05-23 22:01:51,281 DEBUG - No Sensor/Event detected (at simulation time 42.000,000,000 s)
2020-05-23 22:01:51,287 DEBUG - No Sensor/Event detected (at simulation time 43.000,000,000 s)
2020-05-23 22:01:51,291 DEBUG - No Sensor/Event detected (at simulation time 44.000,000,000 s)
2020-05-23 22:01:51,321 DEBUG - No Sensor/Event detected (at simulation time 45.000,000,000 s)
2020-05-23 22:01:51,325 DEBUG - No Sensor/Event detected (at simulation time 46.000,000,000 s)
2020-05-23 22:01:51,330 DEBUG - No Sensor/Event detected (at simulation time 47.000,000,000 s)
2020-05-23 22:01:51,335 DEBUG - No Sensor/Event detected (at simulation time 48.000,000,000 s)
2020-05-23 22:01:51,340 DEBUG - No Sensor/Event detected (at simulation time 49.000,000,000 s)
2020-05-23 22:01:51,345 DEBUG - No Sensor/Event detected (at simulation time 50.000,000,000 s)
2020-05-23 22:01:51,548 INFO - Processing DEN message (at simulation time 50.301,985,580 s)
2020-05-23 22:01:51,548 DEBUG - Handle Environment Warning Message. Processing...
2020-05-23 22:01:51,548 DEBUG - DENM content: Sensor Type: Ice (at simulation time 50.301,985,580 s)
2020-05-23 22:01:51,548 DEBUG - DENM content: Event position: GeoPoint{lat|lon=[40.811919,-73.961224]} (at simulation time 50.301,985,580 s)
2020-05-23 22:01:51,548 DEBUG - DENM content: Event Strength: 1 (at simulation time 50.301,985,580 s)
2020-05-23 22:01:51,548 DEBUG - DENM content: Road Id of the Sender: 195743140_42421857_1506591534 (at simulation time 50.301,985,580 s)
2020-05-23 22:01:51,548 DEBUG - CurrVehicle: position: com.dcaiti.vsimrti.lib.routing.scenariodatabase.road.ScenarioDatabaseRoadPosition@be724256 (at simulation time 50.301,985,580 s)
2020-05-23 22:01:51,548 DEBUG - CurrVehicle: route: 1 (at simulation time 50.301,985,580 s)
2020-05-23 22:01:51,548 INFO - The Event is on the vehicle's route 195743140_42421857_1506591534 = 195743140_42421857_1506591534 (at simulation time 50.301,985,580 s)
2020-05-23 22:01:51,599 INFO - Sending Change Route Command at position: GeoPoint{lat|lon=[40.811919,-73.961224]} (at simulation time 50.301,985,580 s)
2020-05-23 22:01:51,649 DEBUG - No Sensor/Event detected (at simulation time 51.000,000,000 s)
2020-05-23 22:01:51,653 INFO - Processing DEN message (at simulation time 51.259,488,585 s)
2020-05-23 22:01:51,653 DEBUG - Handle Environment Warning Message. Processing...
2020-05-23 22:01:51,653 INFO - Route already changed (at simulation time 51.259,488,585 s)
2020-05-23 22:01:51,660 DEBUG - No Sensor/Event detected (at simulation time 52.000,000,000 s)
2020-05-23 22:01:51,668 INFO - Processing DEN message (at simulation time 52.305,544,474 s)
2020-05-23 22:01:51,668 DEBUG - Handle Environment Warning Message. Processing...
2020-05-23 22:01:51,668 INFO - Route already changed (at simulation time 52.305,544,474 s)
2020-05-23 22:01:51,674 DEBUG - No Sensor/Event detected (at simulation time 53.000,000,000 s)
2020-05-23 22:01:51,679 INFO - Processing DEN message (at simulation time 53.215,952,531 s)
2020-05-23 22:01:51,680 DEBUG - Handle Environment Warning Message. Processing...
2020-05-23 22:01:51,680 INFO - Route already changed (at simulation time 53.215,952,531 s)
2020-05-23 22:01:51,686 DEBUG - No Sensor/Event detected (at simulation time 54.000,000,000 s)
2020-05-23 22:01:51,692 DEBUG - No Sensor/Event detected (at simulation time 55.000,000,000 s)
2020-05-23 22:01:51,700 DEBUG - No Sensor/Event detected (at simulation time 56.000,000,000 s)
2020-05-23 22:01:51,714 DEBUG - No Sensor/Event detected (at simulation time 57.000,000,000 s)
2020-05-23 22:01:51,719 DEBUG - No Sensor/Event detected (at simulation time 58.000,000,000 s)
2020-05-23 22:01:51,724 DEBUG - No Sensor/Event detected (at simulation time 59.000,000,000 s)
2020-05-23 22:01:51,728 DEBUG - No Sensor/Event detected (at simulation time 60.000,000,000 s)
2020-05-23 22:01:51,735 DEBUG - No Sensor/Event detected (at simulation time 61.000,000,000 s)
2020-05-23 22:01:51,740 DEBUG - No Sensor/Event detected (at simulation time 62.000,000,000 s)
2020-05-23 22:01:51,744 DEBUG - No Sensor/Event detected (at simulation time 63.000,000,000 s)
2020-05-23 22:01:51,753 INFO - Processing DEN message (at simulation time 63.197,921,236 s)
2020-05-23 22:01:51,753 DEBUG - Handle Environment Warning Message. Processing...
2020-05-23 22:01:51,753 INFO - Route already changed (at simulation time 63.197,921,236 s)
2020-05-23 22:01:51,775 DEBUG - No Sensor/Event detected (at simulation time 64.000,000,000 s)
2020-05-23 22:01:51,853 INFO - Processing DEN message (at simulation time 64.208,125,115 s)
2020-05-23 22:01:51,853 DEBUG - Handle Environment Warning Message. Processing...
2020-05-23 22:01:51,853 INFO - Route already changed (at simulation time 64.208,125,115 s)
2020-05-23 22:01:51,862 DEBUG - No Sensor/Event detected (at simulation time 65.000,000,000 s)
2020-05-23 22:01:51,871 INFO - Processing DEN message (at simulation time 65.185,931,436 s)
2020-05-23 22:01:51,871 DEBUG - Handle Environment Warning Message. Processing...
2020-05-23 22:01:51,871 INFO - Route already changed (at simulation time 65.185,931,436 s)
2020-05-23 22:01:51,877 DEBUG - No Sensor/Event detected (at simulation time 66.000,000,000 s)
2020-05-23 22:01:51,890 DEBUG - No Sensor/Event detected (at simulation time 67.000,000,000 s)
2020-05-23 22:01:51,895 DEBUG - No Sensor/Event detected (at simulation time 68.000,000,000 s)
2020-05-23 22:01:51,904 DEBUG - No Sensor/Event detected (at simulation time 69.000,000,000 s)
2020-05-23 22:01:51,907 DEBUG - No Sensor/Event detected (at simulation time 70.000,000,000 s)
2020-05-23 22:01:51,916 DEBUG - No Sensor/Event detected (at simulation time 71.000,000,000 s)
2020-05-23 22:01:51,920 DEBUG - No Sensor/Event detected (at simulation time 72.000,000,000 s)
2020-05-23 22:01:51,925 DEBUG - No Sensor/Event detected (at simulation time 73.000,000,000 s)
2020-05-23 22:01:51,928 DEBUG - No Sensor/Event detected (at simulation time 74.000,000,000 s)
2020-05-23 22:01:51,935 DEBUG - No Sensor/Event detected (at simulation time 75.000,000,000 s)
2020-05-23 22:01:51,942 DEBUG - No Sensor/Event detected (at simulation time 76.000,000,000 s)
2020-05-23 22:01:52,007 DEBUG - No Sensor/Event detected (at simulation time 77.000,000,000 s)
2020-05-23 22:01:52,018 INFO - Processing DEN message (at simulation time 77.421,411,594 s)
2020-05-23 22:01:52,018 DEBUG - Handle Environment Warning Message. Processing...
2020-05-23 22:01:52,018 INFO - Route already changed (at simulation time 77.421,411,594 s)
2020-05-23 22:01:52,024 DEBUG - No Sensor/Event detected (at simulation time 78.000,000,000 s)
2020-05-23 22:01:52,030 INFO - Processing DEN message (at simulation time 78.184,635,365 s)
2020-05-23 22:01:52,030 DEBUG - Handle Environment Warning Message. Processing...
2020-05-23 22:01:52,030 INFO - Route already changed (at simulation time 78.184,635,365 s)
2020-05-23 22:01:52,036 DEBUG - No Sensor/Event detected (at simulation time 79.000,000,000 s)
2020-05-23 22:01:52,040 INFO - Processing DEN message (at simulation time 79.224,068,339 s)
2020-05-23 22:01:52,040 DEBUG - Handle Environment Warning Message. Processing...
2020-05-23 22:01:52,040 INFO - Route already changed (at simulation time 79.224,068,339 s)
2020-05-23 22:01:52,044 DEBUG - No Sensor/Event detected (at simulation time 80.000,000,000 s)
2020-05-23 22:01:52,055 DEBUG - No Sensor/Event detected (at simulation time 81.000,000,000 s)
2020-05-23 22:01:52,064 DEBUG - No Sensor/Event detected (at simulation time 82.000,000,000 s)
2020-05-23 22:01:52,072 DEBUG - No Sensor/Event detected (at simulation time 83.000,000,000 s)
2020-05-23 22:01:52,075 DEBUG - No Sensor/Event detected (at simulation time 84.000,000,000 s)
2020-05-23 22:01:52,078 DEBUG - No Sensor/Event detected (at simulation time 85.000,000,000 s)
2020-05-23 22:01:52,084 DEBUG - No Sensor/Event detected (at simulation time 86.000,000,000 s)
2020-05-23 22:01:52,089 DEBUG - No Sensor/Event detected (at simulation time 87.000,000,000 s)
2020-05-23 22:01:52,093 DEBUG - No Sensor/Event detected (at simulation time 88.000,000,000 s)
2020-05-23 22:01:52,098 DEBUG - No Sensor/Event detected (at simulation time 89.000,000,000 s)
2020-05-23 22:01:52,101 DEBUG - No Sensor/Event detected (at simulation time 90.000,000,000 s)
2020-05-23 22:01:52,108 DEBUG - No Sensor/Event detected (at simulation time 91.000,000,000 s)
2020-05-23 22:01:52,110 DEBUG - No Sensor/Event detected (at simulation time 92.000,000,000 s)
2020-05-23 22:01:52,112 DEBUG - No Sensor/Event detected (at simulation time 93.000,000,000 s)
2020-05-23 22:01:52,115 DEBUG - No Sensor/Event detected (at simulation time 94.000,000,000 s)
2020-05-23 22:01:52,119 DEBUG - No Sensor/Event detected (at simulation time 95.000,000,000 s)
2020-05-23 22:01:52,125 DEBUG - No Sensor/Event detected (at simulation time 96.000,000,000 s)
2020-05-23 22:01:52,128 DEBUG - No Sensor/Event detected (at simulation time 97.000,000,000 s)
2020-05-23 22:01:52,130 DEBUG - No Sensor/Event detected (at simulation time 98.000,000,000 s)
2020-05-23 22:01:52,134 DEBUG - No Sensor/Event detected (at simulation time 99.000,000,000 s)
2020-05-23 22:01:52,136 DEBUG - No Sensor/Event detected (at simulation time 100.000,000,000 s)
2020-05-23 22:01:52,140 DEBUG - No Sensor/Event detected (at simulation time 101.000,000,000 s)
2020-05-23 22:01:52,142 DEBUG - No Sensor/Event detected (at simulation time 102.000,000,000 s)
2020-05-23 22:01:52,145 DEBUG - No Sensor/Event detected (at simulation time 103.000,000,000 s)
2020-05-23 22:01:52,151 DEBUG - No Sensor/Event detected (at simulation time 104.000,000,000 s)
2020-05-23 22:01:52,158 DEBUG - No Sensor/Event detected (at simulation time 105.000,000,000 s)
2020-05-23 22:01:52,171 DEBUG - No Sensor/Event detected (at simulation time 106.000,000,000 s)
2020-05-23 22:01:52,232 DEBUG - No Sensor/Event detected (at simulation time 107.000,000,000 s)
2020-05-23 22:01:52,235 DEBUG - No Sensor/Event detected (at simulation time 108.000,000,000 s)
2020-05-23 22:01:52,239 DEBUG - No Sensor/Event detected (at simulation time 109.000,000,000 s)
2020-05-23 22:01:52,244 INFO - Processing DEN message (at simulation time 109.152,487,161 s)
2020-05-23 22:01:52,244 DEBUG - Handle Environment Warning Message. Processing...
2020-05-23 22:01:52,244 INFO - Route already changed (at simulation time 109.152,487,161 s)
2020-05-23 22:01:52,249 DEBUG - No Sensor/Event detected (at simulation time 110.000,000,000 s)
2020-05-23 22:01:52,254 INFO - Processing DEN message (at simulation time 110.194,176,383 s)
2020-05-23 22:01:52,254 DEBUG - Handle Environment Warning Message. Processing...
2020-05-23 22:01:52,254 INFO - Route already changed (at simulation time 110.194,176,383 s)
2020-05-23 22:01:52,257 DEBUG - No Sensor/Event detected (at simulation time 111.000,000,000 s)
2020-05-23 22:01:52,259 INFO - Processing DEN message (at simulation time 111.327,871,568 s)
2020-05-23 22:01:52,260 DEBUG - Handle Environment Warning Message. Processing...
2020-05-23 22:01:52,260 INFO - Route already changed (at simulation time 111.327,871,568 s)
2020-05-23 22:01:52,262 DEBUG - No Sensor/Event detected (at simulation time 112.000,000,000 s)
2020-05-23 22:01:52,267 INFO - Processing DEN message (at simulation time 112.227,743,144 s)
2020-05-23 22:01:52,267 DEBUG - Handle Environment Warning Message. Processing...
2020-05-23 22:01:52,267 INFO - Route already changed (at simulation time 112.227,743,144 s)
2020-05-23 22:01:52,269 DEBUG - No Sensor/Event detected (at simulation time 113.000,000,000 s)
2020-05-23 22:01:52,271 DEBUG - No Sensor/Event detected (at simulation time 114.000,000,000 s)
2020-05-23 22:01:52,273 DEBUG - No Sensor/Event detected (at simulation time 115.000,000,000 s)
2020-05-23 22:01:52,275 DEBUG - No Sensor/Event detected (at simulation time 116.000,000,000 s)
2020-05-23 22:01:52,276 DEBUG - No Sensor/Event detected (at simulation time 117.000,000,000 s)
2020-05-23 22:01:52,278 DEBUG - No Sensor/Event detected (at simulation time 118.000,000,000 s)
2020-05-23 22:01:52,281 DEBUG - No Sensor/Event detected (at simulation time 119.000,000,000 s)
2020-05-23 22:01:52,284 DEBUG - No Sensor/Event detected (at simulation time 120.000,000,000 s)
2020-05-23 22:01:52,286 DEBUG - No Sensor/Event detected (at simulation time 121.000,000,000 s)
2020-05-23 22:01:52,288 INFO - Sensor Ice event detected (at simulation time 122.000,000,000 s)
2020-05-23 22:01:52,288 DEBUG - Position: GeoPoint{lat|lon=[40.811893,-73.961315]} (at simulation time 122.000,000,000 s)
2020-05-23 22:01:52,288 DEBUG - Event strength to: 1 (at simulation time 122.000,000,000 s)
2020-05-23 22:01:52,288 DEBUG - SensorType to: Ice (at simulation time 122.000,000,000 s)
2020-05-23 22:01:52,288 DEBUG - RoadId on which the event take place: 5672571_1332860731_1506591534 (at simulation time 122.000,000,000 s)
2020-05-23 22:01:52,288 INFO - Sending DENM (at simulation time 122.000,000,000 s)
2020-05-23 22:01:52,294 INFO - Processing DEN message (at simulation time 122.396,732,812 s)
2020-05-23 22:01:52,294 DEBUG - Handle Environment Warning Message. Processing...
2020-05-23 22:01:52,294 INFO - Route already changed (at simulation time 122.396,732,812 s)
2020-05-23 22:01:52,297 INFO - Sensor Ice event detected (at simulation time 123.000,000,000 s)
2020-05-23 22:01:52,297 DEBUG - Position: GeoPoint{lat|lon=[40.811828,-73.961291]} (at simulation time 123.000,000,000 s)
2020-05-23 22:01:52,297 DEBUG - Event strength to: 1 (at simulation time 123.000,000,000 s)
2020-05-23 22:01:52,297 DEBUG - SensorType to: Ice (at simulation time 123.000,000,000 s)
2020-05-23 22:01:52,297 DEBUG - RoadId on which the event take place: 195743140_1506591534_42428844 (at simulation time 123.000,000,000 s)
2020-05-23 22:01:52,297 INFO - Sending DENM (at simulation time 123.000,000,000 s)
2020-05-23 22:01:52,300 INFO - Processing DEN message (at simulation time 123.200,788,080 s)
2020-05-23 22:01:52,300 DEBUG - Handle Environment Warning Message. Processing...
2020-05-23 22:01:52,300 INFO - Route already changed (at simulation time 123.200,788,080 s)
2020-05-23 22:01:52,301 INFO - Sensor Ice event detected (at simulation time 124.000,000,000 s)
2020-05-23 22:01:52,302 DEBUG - Position: GeoPoint{lat|lon=[40.811779,-73.961327]} (at simulation time 124.000,000,000 s)
2020-05-23 22:01:52,302 DEBUG - Event strength to: 1 (at simulation time 124.000,000,000 s)
2020-05-23 22:01:52,302 DEBUG - SensorType to: Ice (at simulation time 124.000,000,000 s)
2020-05-23 22:01:52,302 DEBUG - RoadId on which the event take place: 195743140_1506591534_42428844 (at simulation time 124.000,000,000 s)
2020-05-23 22:01:52,302 INFO - Sending DENM (at simulation time 124.000,000,000 s)
2020-05-23 22:01:52,305 INFO - Processing DEN message (at simulation time 124.373,171,631 s)
2020-05-23 22:01:52,305 DEBUG - Handle Environment Warning Message. Processing...
2020-05-23 22:01:52,305 INFO - Route already changed (at simulation time 124.373,171,631 s)
2020-05-23 22:01:52,307 INFO - Sensor Ice event detected (at simulation time 125.000,000,000 s)
2020-05-23 22:01:52,307 DEBUG - Position: GeoPoint{lat|lon=[40.811729,-73.961363]} (at simulation time 125.000,000,000 s)
2020-05-23 22:01:52,307 DEBUG - Event strength to: 1 (at simulation time 125.000,000,000 s)
2020-05-23 22:01:52,307 DEBUG - SensorType to: Ice (at simulation time 125.000,000,000 s)
2020-05-23 22:01:52,307 DEBUG - RoadId on which the event take place: 195743140_1506591534_42428844 (at simulation time 125.000,000,000 s)
2020-05-23 22:01:52,307 INFO - Sending DENM (at simulation time 125.000,000,000 s)
2020-05-23 22:01:52,310 INFO - Processing DEN message (at simulation time 125.266,060,668 s)
2020-05-23 22:01:52,310 DEBUG - Handle Environment Warning Message. Processing...
2020-05-23 22:01:52,310 INFO - Route already changed (at simulation time 125.266,060,668 s)
2020-05-23 22:01:52,312 DEBUG - No Sensor/Event detected (at simulation time 126.000,000,000 s)
2020-05-23 22:01:52,317 DEBUG - No Sensor/Event detected (at simulation time 127.000,000,000 s)
2020-05-23 22:01:52,318 DEBUG - No Sensor/Event detected (at simulation time 128.000,000,000 s)
2020-05-23 22:01:52,320 DEBUG - No Sensor/Event detected (at simulation time 129.000,000,000 s)
2020-05-23 22:01:52,321 DEBUG - No Sensor/Event detected (at simulation time 130.000,000,000 s)
2020-05-23 22:01:52,324 DEBUG - No Sensor/Event detected (at simulation time 131.000,000,000 s)
2020-05-23 22:01:52,325 DEBUG - No Sensor/Event detected (at simulation time 132.000,000,000 s)
2020-05-23 22:01:52,327 DEBUG - No Sensor/Event detected (at simulation time 133.000,000,000 s)
2020-05-23 22:01:52,329 DEBUG - No Sensor/Event detected (at simulation time 134.000,000,000 s)
2020-05-23 22:01:52,333 DEBUG - No Sensor/Event detected (at simulation time 135.000,000,000 s)
2020-05-23 22:01:52,335 DEBUG - No Sensor/Event detected (at simulation time 136.000,000,000 s)
2020-05-23 22:01:52,337 DEBUG - No Sensor/Event detected (at simulation time 137.000,000,000 s)
2020-05-23 22:01:52,338 DEBUG - No Sensor/Event detected (at simulation time 138.000,000,000 s)
2020-05-23 22:01:52,339 DEBUG - No Sensor/Event detected (at simulation time 139.000,000,000 s)
2020-05-23 22:01:52,340 DEBUG - No Sensor/Event detected (at simulation time 140.000,000,000 s)
2020-05-23 22:01:52,342 DEBUG - No Sensor/Event detected (at simulation time 141.000,000,000 s)
2020-05-23 22:01:52,346 DEBUG - No Sensor/Event detected (at simulation time 142.000,000,000 s)
2020-05-23 22:01:52,431 DEBUG - No Sensor/Event detected (at simulation time 143.000,000,000 s)
2020-05-23 22:01:52,435 DEBUG - No Sensor/Event detected (at simulation time 144.000,000,000 s)
2020-05-23 22:01:52,441 DEBUG - No Sensor/Event detected (at simulation time 145.000,000,000 s)
2020-05-23 22:01:52,442 DEBUG - No Sensor/Event detected (at simulation time 146.000,000,000 s)
2020-05-23 22:01:52,446 DEBUG - No Sensor/Event detected (at simulation time 147.000,000,000 s)
2020-05-23 22:01:52,450 DEBUG - No Sensor/Event detected (at simulation time 148.000,000,000 s)
2020-05-23 22:01:52,453 INFO - Shutdown application (at simulation time 149.000,000,000 s)
