2020-05-23 22:01:50,723 INFO - Initialize application (at simulation time 16.000,000,000 s)
2020-05-23 22:01:50,725 INFO - Activated Cell Module (at simulation time 16.000,000,000 s)
2020-05-23 22:01:50,725 DEBUG - No Sensor/Event detected (at simulation time 16.000,000,000 s)
2020-05-23 22:01:50,733 DEBUG - No Sensor/Event detected (at simulation time 17.000,000,000 s)
2020-05-23 22:01:50,744 DEBUG - No Sensor/Event detected (at simulation time 18.000,000,000 s)
2020-05-23 22:01:50,758 DEBUG - No Sensor/Event detected (at simulation time 19.000,000,000 s)
2020-05-23 22:01:50,785 DEBUG - No Sensor/Event detected (at simulation time 20.000,000,000 s)
2020-05-23 22:01:50,828 DEBUG - No Sensor/Event detected (at simulation time 21.000,000,000 s)
2020-05-23 22:01:50,848 DEBUG - No Sensor/Event detected (at simulation time 22.000,000,000 s)
2020-05-23 22:01:50,860 DEBUG - No Sensor/Event detected (at simulation time 23.000,000,000 s)
2020-05-23 22:01:50,880 DEBUG - No Sensor/Event detected (at simulation time 24.000,000,000 s)
2020-05-23 22:01:50,907 DEBUG - No Sensor/Event detected (at simulation time 25.000,000,000 s)
2020-05-23 22:01:50,928 DEBUG - No Sensor/Event detected (at simulation time 26.000,000,000 s)
2020-05-23 22:01:51,025 DEBUG - No Sensor/Event detected (at simulation time 27.000,000,000 s)
2020-05-23 22:01:51,069 DEBUG - No Sensor/Event detected (at simulation time 28.000,000,000 s)
2020-05-23 22:01:51,081 DEBUG - No Sensor/Event detected (at simulation time 29.000,000,000 s)
2020-05-23 22:01:51,092 DEBUG - No Sensor/Event detected (at simulation time 30.000,000,000 s)
2020-05-23 22:01:51,111 DEBUG - No Sensor/Event detected (at simulation time 31.000,000,000 s)
2020-05-23 22:01:51,118 DEBUG - No Sensor/Event detected (at simulation time 32.000,000,000 s)
2020-05-23 22:01:51,132 DEBUG - No Sensor/Event detected (at simulation time 33.000,000,000 s)
2020-05-23 22:01:51,206 DEBUG - No Sensor/Event detected (at simulation time 34.000,000,000 s)
2020-05-23 22:01:51,222 DEBUG - No Sensor/Event detected (at simulation time 35.000,000,000 s)
2020-05-23 22:01:51,233 DEBUG - No Sensor/Event detected (at simulation time 36.000,000,000 s)
2020-05-23 22:01:51,245 DEBUG - No Sensor/Event detected (at simulation time 37.000,000,000 s)
2020-05-23 22:01:51,252 DEBUG - No Sensor/Event detected (at simulation time 38.000,000,000 s)
2020-05-23 22:01:51,260 DEBUG - No Sensor/Event detected (at simulation time 39.000,000,000 s)
2020-05-23 22:01:51,267 DEBUG - No Sensor/Event detected (at simulation time 40.000,000,000 s)
2020-05-23 22:01:51,276 DEBUG - No Sensor/Event detected (at simulation time 41.000,000,000 s)
2020-05-23 22:01:51,279 DEBUG - No Sensor/Event detected (at simulation time 42.000,000,000 s)
2020-05-23 22:01:51,286 DEBUG - No Sensor/Event detected (at simulation time 43.000,000,000 s)
2020-05-23 22:01:51,290 DEBUG - No Sensor/Event detected (at simulation time 44.000,000,000 s)
2020-05-23 22:01:51,320 DEBUG - No Sensor/Event detected (at simulation time 45.000,000,000 s)
2020-05-23 22:01:51,325 DEBUG - No Sensor/Event detected (at simulation time 46.000,000,000 s)
2020-05-23 22:01:51,329 DEBUG - No Sensor/Event detected (at simulation time 47.000,000,000 s)
2020-05-23 22:01:51,334 DEBUG - No Sensor/Event detected (at simulation time 48.000,000,000 s)
2020-05-23 22:01:51,339 DEBUG - No Sensor/Event detected (at simulation time 49.000,000,000 s)
2020-05-23 22:01:51,343 DEBUG - No Sensor/Event detected (at simulation time 50.000,000,000 s)
2020-05-23 22:01:51,628 INFO - Processing DEN message (at simulation time 50.334,510,760 s)
2020-05-23 22:01:51,628 DEBUG - Handle Environment Warning Message. Processing...
2020-05-23 22:01:51,628 DEBUG - DENM content: Sensor Type: Ice (at simulation time 50.334,510,760 s)
2020-05-23 22:01:51,628 DEBUG - DENM content: Event position: GeoPoint{lat|lon=[40.811919,-73.961224]} (at simulation time 50.334,510,760 s)
2020-05-23 22:01:51,628 DEBUG - DENM content: Event Strength: 1 (at simulation time 50.334,510,760 s)
2020-05-23 22:01:51,628 DEBUG - DENM content: Road Id of the Sender: 195743140_42421857_1506591534 (at simulation time 50.334,510,760 s)
2020-05-23 22:01:51,628 DEBUG - CurrVehicle: position: com.dcaiti.vsimrti.lib.routing.scenariodatabase.road.ScenarioDatabaseRoadPosition@28872bfd (at simulation time 50.334,510,760 s)
2020-05-23 22:01:51,629 DEBUG - CurrVehicle: route: 1 (at simulation time 50.334,510,760 s)
2020-05-23 22:01:51,629 INFO - The Event is on the vehicle's route 195743140_42421857_1506591534 = 195743140_42421857_1506591534 (at simulation time 50.334,510,760 s)
2020-05-23 22:01:51,636 INFO - Sending Change Route Command at position: GeoPoint{lat|lon=[40.811919,-73.961224]} (at simulation time 50.334,510,760 s)
2020-05-23 22:01:51,648 DEBUG - No Sensor/Event detected (at simulation time 51.000,000,000 s)
2020-05-23 22:01:51,653 INFO - Processing DEN message (at simulation time 51.209,456,774 s)
2020-05-23 22:01:51,653 DEBUG - Handle Environment Warning Message. Processing...
2020-05-23 22:01:51,653 INFO - Route already changed (at simulation time 51.209,456,774 s)
2020-05-23 22:01:51,659 DEBUG - No Sensor/Event detected (at simulation time 52.000,000,000 s)
2020-05-23 22:01:51,668 INFO - Processing DEN message (at simulation time 52.289,031,921 s)
2020-05-23 22:01:51,668 DEBUG - Handle Environment Warning Message. Processing...
2020-05-23 22:01:51,668 INFO - Route already changed (at simulation time 52.289,031,921 s)
2020-05-23 22:01:51,673 DEBUG - No Sensor/Event detected (at simulation time 53.000,000,000 s)
2020-05-23 22:01:51,680 INFO - Processing DEN message (at simulation time 53.233,907,936 s)
2020-05-23 22:01:51,680 DEBUG - Handle Environment Warning Message. Processing...
2020-05-23 22:01:51,680 INFO - Route already changed (at simulation time 53.233,907,936 s)
2020-05-23 22:01:51,685 DEBUG - No Sensor/Event detected (at simulation time 54.000,000,000 s)
2020-05-23 22:01:51,692 DEBUG - No Sensor/Event detected (at simulation time 55.000,000,000 s)
2020-05-23 22:01:51,699 DEBUG - No Sensor/Event detected (at simulation time 56.000,000,000 s)
2020-05-23 22:01:51,713 DEBUG - No Sensor/Event detected (at simulation time 57.000,000,000 s)
2020-05-23 22:01:51,718 DEBUG - No Sensor/Event detected (at simulation time 58.000,000,000 s)
2020-05-23 22:01:51,723 DEBUG - No Sensor/Event detected (at simulation time 59.000,000,000 s)
2020-05-23 22:01:51,727 DEBUG - No Sensor/Event detected (at simulation time 60.000,000,000 s)
2020-05-23 22:01:51,735 DEBUG - No Sensor/Event detected (at simulation time 61.000,000,000 s)
2020-05-23 22:01:51,739 DEBUG - No Sensor/Event detected (at simulation time 62.000,000,000 s)
2020-05-23 22:01:51,743 DEBUG - No Sensor/Event detected (at simulation time 63.000,000,000 s)
2020-05-23 22:01:51,754 INFO - Processing DEN message (at simulation time 63.242,389,710 s)
2020-05-23 22:01:51,754 DEBUG - Handle Environment Warning Message. Processing...
2020-05-23 22:01:51,754 INFO - Route already changed (at simulation time 63.242,389,710 s)
2020-05-23 22:01:51,769 DEBUG - No Sensor/Event detected (at simulation time 64.000,000,000 s)
2020-05-23 22:01:51,853 INFO - Processing DEN message (at simulation time 64.228,382,475 s)
2020-05-23 22:01:51,853 DEBUG - Handle Environment Warning Message. Processing...
2020-05-23 22:01:51,854 INFO - Route already changed (at simulation time 64.228,382,475 s)
2020-05-23 22:01:51,860 DEBUG - No Sensor/Event detected (at simulation time 65.000,000,000 s)
2020-05-23 22:01:51,872 INFO - Processing DEN message (at simulation time 65.232,383,903 s)
2020-05-23 22:01:51,872 DEBUG - Handle Environment Warning Message. Processing...
2020-05-23 22:01:51,872 INFO - Route already changed (at simulation time 65.232,383,903 s)
2020-05-23 22:01:51,876 DEBUG - No Sensor/Event detected (at simulation time 66.000,000,000 s)
2020-05-23 22:01:51,890 DEBUG - No Sensor/Event detected (at simulation time 67.000,000,000 s)
2020-05-23 22:01:51,894 DEBUG - No Sensor/Event detected (at simulation time 68.000,000,000 s)
2020-05-23 22:01:51,903 DEBUG - No Sensor/Event detected (at simulation time 69.000,000,000 s)
2020-05-23 22:01:51,907 DEBUG - No Sensor/Event detected (at simulation time 70.000,000,000 s)
2020-05-23 22:01:51,915 DEBUG - No Sensor/Event detected (at simulation time 71.000,000,000 s)
2020-05-23 22:01:51,919 DEBUG - No Sensor/Event detected (at simulation time 72.000,000,000 s)
2020-05-23 22:01:51,925 DEBUG - No Sensor/Event detected (at simulation time 73.000,000,000 s)
2020-05-23 22:01:51,927 DEBUG - No Sensor/Event detected (at simulation time 74.000,000,000 s)
2020-05-23 22:01:51,934 DEBUG - No Sensor/Event detected (at simulation time 75.000,000,000 s)
2020-05-23 22:01:51,941 DEBUG - No Sensor/Event detected (at simulation time 76.000,000,000 s)
2020-05-23 22:01:51,986 DEBUG - No Sensor/Event detected (at simulation time 77.000,000,000 s)
2020-05-23 22:01:52,017 INFO - Processing DEN message (at simulation time 77.342,327,720 s)
2020-05-23 22:01:52,017 DEBUG - Handle Environment Warning Message. Processing...
2020-05-23 22:01:52,018 INFO - Route already changed (at simulation time 77.342,327,720 s)
2020-05-23 22:01:52,023 DEBUG - No Sensor/Event detected (at simulation time 78.000,000,000 s)
2020-05-23 22:01:52,030 INFO - Processing DEN message (at simulation time 78.181,989,716 s)
2020-05-23 22:01:52,030 DEBUG - Handle Environment Warning Message. Processing...
2020-05-23 22:01:52,030 INFO - Route already changed (at simulation time 78.181,989,716 s)
2020-05-23 22:01:52,035 DEBUG - No Sensor/Event detected (at simulation time 79.000,000,000 s)
2020-05-23 22:01:52,040 INFO - Processing DEN message (at simulation time 79.259,681,696 s)
2020-05-23 22:01:52,040 DEBUG - Handle Environment Warning Message. Processing...
2020-05-23 22:01:52,040 INFO - Route already changed (at simulation time 79.259,681,696 s)
2020-05-23 22:01:52,043 DEBUG - No Sensor/Event detected (at simulation time 80.000,000,000 s)
2020-05-23 22:01:52,054 DEBUG - No Sensor/Event detected (at simulation time 81.000,000,000 s)
2020-05-23 22:01:52,064 DEBUG - No Sensor/Event detected (at simulation time 82.000,000,000 s)
2020-05-23 22:01:52,072 DEBUG - No Sensor/Event detected (at simulation time 83.000,000,000 s)
2020-05-23 22:01:52,074 DEBUG - No Sensor/Event detected (at simulation time 84.000,000,000 s)
2020-05-23 22:01:52,078 DEBUG - No Sensor/Event detected (at simulation time 85.000,000,000 s)
2020-05-23 22:01:52,083 DEBUG - No Sensor/Event detected (at simulation time 86.000,000,000 s)
2020-05-23 22:01:52,089 DEBUG - No Sensor/Event detected (at simulation time 87.000,000,000 s)
2020-05-23 22:01:52,092 DEBUG - No Sensor/Event detected (at simulation time 88.000,000,000 s)
2020-05-23 22:01:52,098 DEBUG - No Sensor/Event detected (at simulation time 89.000,000,000 s)
2020-05-23 22:01:52,101 DEBUG - No Sensor/Event detected (at simulation time 90.000,000,000 s)
2020-05-23 22:01:52,105 DEBUG - No Sensor/Event detected (at simulation time 91.000,000,000 s)
2020-05-23 22:01:52,110 DEBUG - No Sensor/Event detected (at simulation time 92.000,000,000 s)
2020-05-23 22:01:52,112 DEBUG - No Sensor/Event detected (at simulation time 93.000,000,000 s)
2020-05-23 22:01:52,115 DEBUG - No Sensor/Event detected (at simulation time 94.000,000,000 s)
2020-05-23 22:01:52,119 DEBUG - No Sensor/Event detected (at simulation time 95.000,000,000 s)
2020-05-23 22:01:52,125 DEBUG - No Sensor/Event detected (at simulation time 96.000,000,000 s)
2020-05-23 22:01:52,128 DEBUG - No Sensor/Event detected (at simulation time 97.000,000,000 s)
2020-05-23 22:01:52,130 DEBUG - No Sensor/Event detected (at simulation time 98.000,000,000 s)
2020-05-23 22:01:52,133 DEBUG - No Sensor/Event detected (at simulation time 99.000,000,000 s)
2020-05-23 22:01:52,136 DEBUG - No Sensor/Event detected (at simulation time 100.000,000,000 s)
2020-05-23 22:01:52,139 DEBUG - No Sensor/Event detected (at simulation time 101.000,000,000 s)
2020-05-23 22:01:52,141 DEBUG - No Sensor/Event detected (at simulation time 102.000,000,000 s)
2020-05-23 22:01:52,144 DEBUG - No Sensor/Event detected (at simulation time 103.000,000,000 s)
2020-05-23 22:01:52,150 DEBUG - No Sensor/Event detected (at simulation time 104.000,000,000 s)
2020-05-23 22:01:52,158 DEBUG - No Sensor/Event detected (at simulation time 105.000,000,000 s)
2020-05-23 22:01:52,171 DEBUG - No Sensor/Event detected (at simulation time 106.000,000,000 s)
2020-05-23 22:01:52,231 DEBUG - No Sensor/Event detected (at simulation time 107.000,000,000 s)
2020-05-23 22:01:52,235 DEBUG - No Sensor/Event detected (at simulation time 108.000,000,000 s)
2020-05-23 22:01:52,238 INFO - Sensor Ice event detected (at simulation time 109.000,000,000 s)
2020-05-23 22:01:52,238 DEBUG - Position: GeoPoint{lat|lon=[40.811891,-73.961313]} (at simulation time 109.000,000,000 s)
2020-05-23 22:01:52,238 DEBUG - Event strength to: 1 (at simulation time 109.000,000,000 s)
2020-05-23 22:01:52,238 DEBUG - SensorType to: Ice (at simulation time 109.000,000,000 s)
2020-05-23 22:01:52,238 DEBUG - RoadId on which the event take place: 5672571_1332860731_1506591534 (at simulation time 109.000,000,000 s)
2020-05-23 22:01:52,238 INFO - Sending DENM (at simulation time 109.000,000,000 s)
2020-05-23 22:01:52,245 INFO - Processing DEN message (at simulation time 109.264,599,574 s)
2020-05-23 22:01:52,245 DEBUG - Handle Environment Warning Message. Processing...
2020-05-23 22:01:52,245 INFO - Route already changed (at simulation time 109.264,599,574 s)
2020-05-23 22:01:52,247 INFO - Sensor Ice event detected (at simulation time 110.000,000,000 s)
2020-05-23 22:01:52,247 DEBUG - Position: GeoPoint{lat|lon=[40.811824,-73.961293]} (at simulation time 110.000,000,000 s)
2020-05-23 22:01:52,248 DEBUG - Event strength to: 1 (at simulation time 110.000,000,000 s)
2020-05-23 22:01:52,248 DEBUG - SensorType to: Ice (at simulation time 110.000,000,000 s)
2020-05-23 22:01:52,248 DEBUG - RoadId on which the event take place: 195743140_1506591534_42428844 (at simulation time 110.000,000,000 s)
2020-05-23 22:01:52,248 INFO - Sending DENM (at simulation time 110.000,000,000 s)
2020-05-23 22:01:52,254 INFO - Processing DEN message (at simulation time 110.212,364,412 s)
2020-05-23 22:01:52,254 DEBUG - Handle Environment Warning Message. Processing...
2020-05-23 22:01:52,254 INFO - Route already changed (at simulation time 110.212,364,412 s)
2020-05-23 22:01:52,257 INFO - Sensor Ice event detected (at simulation time 111.000,000,000 s)
2020-05-23 22:01:52,257 DEBUG - Position: GeoPoint{lat|lon=[40.811774,-73.961330]} (at simulation time 111.000,000,000 s)
2020-05-23 22:01:52,257 DEBUG - Event strength to: 1 (at simulation time 111.000,000,000 s)
2020-05-23 22:01:52,257 DEBUG - SensorType to: Ice (at simulation time 111.000,000,000 s)
2020-05-23 22:01:52,257 DEBUG - RoadId on which the event take place: 195743140_1506591534_42428844 (at simulation time 111.000,000,000 s)
2020-05-23 22:01:52,257 INFO - Sending DENM (at simulation time 111.000,000,000 s)
2020-05-23 22:01:52,260 INFO - Processing DEN message (at simulation time 111.335,103,401 s)
2020-05-23 22:01:52,260 DEBUG - Handle Environment Warning Message. Processing...
2020-05-23 22:01:52,260 INFO - Route already changed (at simulation time 111.335,103,401 s)
2020-05-23 22:01:52,261 INFO - Sensor Ice event detected (at simulation time 112.000,000,000 s)
2020-05-23 22:01:52,261 DEBUG - Position: GeoPoint{lat|lon=[40.811723,-73.961367]} (at simulation time 112.000,000,000 s)
2020-05-23 22:01:52,261 DEBUG - Event strength to: 1 (at simulation time 112.000,000,000 s)
2020-05-23 22:01:52,261 DEBUG - SensorType to: Ice (at simulation time 112.000,000,000 s)
2020-05-23 22:01:52,261 DEBUG - RoadId on which the event take place: 195743140_1506591534_42428844 (at simulation time 112.000,000,000 s)
2020-05-23 22:01:52,262 INFO - Sending DENM (at simulation time 112.000,000,000 s)
2020-05-23 22:01:52,266 INFO - Processing DEN message (at simulation time 112.210,966,301 s)
2020-05-23 22:01:52,266 DEBUG - Handle Environment Warning Message. Processing...
2020-05-23 22:01:52,267 INFO - Route already changed (at simulation time 112.210,966,301 s)
2020-05-23 22:01:52,269 DEBUG - No Sensor/Event detected (at simulation time 113.000,000,000 s)
2020-05-23 22:01:52,271 DEBUG - No Sensor/Event detected (at simulation time 114.000,000,000 s)
2020-05-23 22:01:52,272 DEBUG - No Sensor/Event detected (at simulation time 115.000,000,000 s)
2020-05-23 22:01:52,275 DEBUG - No Sensor/Event detected (at simulation time 116.000,000,000 s)
2020-05-23 22:01:52,276 DEBUG - No Sensor/Event detected (at simulation time 117.000,000,000 s)
2020-05-23 22:01:52,278 DEBUG - No Sensor/Event detected (at simulation time 118.000,000,000 s)
2020-05-23 22:01:52,281 DEBUG - No Sensor/Event detected (at simulation time 119.000,000,000 s)
2020-05-23 22:01:52,284 DEBUG - No Sensor/Event detected (at simulation time 120.000,000,000 s)
2020-05-23 22:01:52,286 DEBUG - No Sensor/Event detected (at simulation time 121.000,000,000 s)
2020-05-23 22:01:52,288 DEBUG - No Sensor/Event detected (at simulation time 122.000,000,000 s)
2020-05-23 22:01:52,293 INFO - Processing DEN message (at simulation time 122.381,035,801 s)
2020-05-23 22:01:52,293 DEBUG - Handle Environment Warning Message. Processing...
2020-05-23 22:01:52,293 INFO - Route already changed (at simulation time 122.381,035,801 s)
2020-05-23 22:01:52,297 DEBUG - No Sensor/Event detected (at simulation time 123.000,000,000 s)
2020-05-23 22:01:52,300 INFO - Processing DEN message (at simulation time 123.237,784,436 s)
2020-05-23 22:01:52,300 DEBUG - Handle Environment Warning Message. Processing...
2020-05-23 22:01:52,300 INFO - Route already changed (at simulation time 123.237,784,436 s)
2020-05-23 22:01:52,301 DEBUG - No Sensor/Event detected (at simulation time 124.000,000,000 s)
2020-05-23 22:01:52,305 INFO - Processing DEN message (at simulation time 124.262,898,162 s)
2020-05-23 22:01:52,305 DEBUG - Handle Environment Warning Message. Processing...
2020-05-23 22:01:52,305 INFO - Route already changed (at simulation time 124.262,898,162 s)
2020-05-23 22:01:52,307 DEBUG - No Sensor/Event detected (at simulation time 125.000,000,000 s)
2020-05-23 22:01:52,310 INFO - Processing DEN message (at simulation time 125.185,238,215 s)
2020-05-23 22:01:52,310 DEBUG - Handle Environment Warning Message. Processing...
2020-05-23 22:01:52,310 INFO - Route already changed (at simulation time 125.185,238,215 s)
2020-05-23 22:01:52,311 DEBUG - No Sensor/Event detected (at simulation time 126.000,000,000 s)
2020-05-23 22:01:52,317 DEBUG - No Sensor/Event detected (at simulation time 127.000,000,000 s)
2020-05-23 22:01:52,318 DEBUG - No Sensor/Event detected (at simulation time 128.000,000,000 s)
2020-05-23 22:01:52,320 DEBUG - No Sensor/Event detected (at simulation time 129.000,000,000 s)
2020-05-23 22:01:52,321 DEBUG - No Sensor/Event detected (at simulation time 130.000,000,000 s)
2020-05-23 22:01:52,324 DEBUG - No Sensor/Event detected (at simulation time 131.000,000,000 s)
2020-05-23 22:01:52,325 DEBUG - No Sensor/Event detected (at simulation time 132.000,000,000 s)
2020-05-23 22:01:52,327 DEBUG - No Sensor/Event detected (at simulation time 133.000,000,000 s)
2020-05-23 22:01:52,329 DEBUG - No Sensor/Event detected (at simulation time 134.000,000,000 s)
2020-05-23 22:01:52,332 DEBUG - No Sensor/Event detected (at simulation time 135.000,000,000 s)
2020-05-23 22:01:52,335 INFO - Shutdown application (at simulation time 136.000,000,000 s)
