2020-05-23 21:57:36,499 INFO - Initialize application (at simulation time 16.000,000,000 s)
2020-05-23 21:57:36,502 INFO - Activated Cell Module (at simulation time 16.000,000,000 s)
2020-05-23 21:57:36,503 DEBUG - No Sensor/Event detected (at simulation time 16.000,000,000 s)
2020-05-23 21:57:36,518 INFO - Received message from cell from WeatherServer (at simulation time 16.277,257,653 s)
2020-05-23 21:57:36,518 INFO - Processing DEN message (at simulation time 16.277,257,653 s)
2020-05-23 21:57:36,519 DEBUG - Handle Environment Warning Message. Processing...
2020-05-23 21:57:36,519 DEBUG - DENM content: Sensor Type: Ice (at simulation time 16.277,257,653 s)
2020-05-23 21:57:36,519 DEBUG - DENM content: Event position: GeoPoint{lat|lon=[40.810904,-73.961969]} (at simulation time 16.277,257,653 s)
2020-05-23 21:57:36,519 DEBUG - DENM content: Event Strength: 0 (at simulation time 16.277,257,653 s)
2020-05-23 21:57:36,519 DEBUG - DENM content: Road Id of the Sender: 195743140_42428844_1506591536 (at simulation time 16.277,257,653 s)
2020-05-23 21:57:36,519 DEBUG - CurrVehicle: position: com.dcaiti.vsimrti.lib.routing.scenariodatabase.road.ScenarioDatabaseRoadPosition@54ddef9 (at simulation time 16.277,257,653 s)
2020-05-23 21:57:36,519 DEBUG - CurrVehicle: route: 1 (at simulation time 16.277,257,653 s)
2020-05-23 21:57:36,519 INFO - The Event is on the vehicle's route 195743140_42428844_1506591536 = 195743140_42428844_1506591536 (at simulation time 16.277,257,653 s)
2020-05-23 21:57:36,526 INFO - Sending Change Route Command at position: GeoPoint{lat|lon=[40.805107,-73.959934]} (at simulation time 16.277,257,653 s)
2020-05-23 21:57:36,538 DEBUG - No Sensor/Event detected (at simulation time 17.000,000,000 s)
2020-05-23 21:57:36,567 DEBUG - No Sensor/Event detected (at simulation time 18.000,000,000 s)
2020-05-23 21:57:36,583 INFO - Received message from cell from WeatherServer (at simulation time 18.260,613,174 s)
2020-05-23 21:57:36,584 INFO - Processing DEN message (at simulation time 18.260,613,174 s)
2020-05-23 21:57:36,584 DEBUG - Handle Environment Warning Message. Processing...
2020-05-23 21:57:36,584 INFO - Route already changed (at simulation time 18.260,613,174 s)
2020-05-23 21:57:36,595 DEBUG - No Sensor/Event detected (at simulation time 19.000,000,000 s)
2020-05-23 21:57:36,614 DEBUG - No Sensor/Event detected (at simulation time 20.000,000,000 s)
2020-05-23 21:57:36,653 INFO - Received message from cell from WeatherServer (at simulation time 20.196,509,018 s)
2020-05-23 21:57:36,653 INFO - Processing DEN message (at simulation time 20.196,509,018 s)
2020-05-23 21:57:36,653 DEBUG - Handle Environment Warning Message. Processing...
2020-05-23 21:57:36,653 INFO - Route already changed (at simulation time 20.196,509,018 s)
2020-05-23 21:57:36,706 DEBUG - No Sensor/Event detected (at simulation time 21.000,000,000 s)
2020-05-23 21:57:36,722 DEBUG - No Sensor/Event detected (at simulation time 22.000,000,000 s)
2020-05-23 21:57:36,736 INFO - Received message from cell from WeatherServer (at simulation time 22.203,426,418 s)
2020-05-23 21:57:36,736 INFO - Processing DEN message (at simulation time 22.203,426,418 s)
2020-05-23 21:57:36,736 DEBUG - Handle Environment Warning Message. Processing...
2020-05-23 21:57:36,736 INFO - Route already changed (at simulation time 22.203,426,418 s)
2020-05-23 21:57:36,743 DEBUG - No Sensor/Event detected (at simulation time 23.000,000,000 s)
2020-05-23 21:57:36,749 DEBUG - No Sensor/Event detected (at simulation time 24.000,000,000 s)
2020-05-23 21:57:36,787 INFO - Received message from cell from WeatherServer (at simulation time 24.204,299,429 s)
2020-05-23 21:57:36,787 INFO - Processing DEN message (at simulation time 24.204,299,429 s)
2020-05-23 21:57:36,787 DEBUG - Handle Environment Warning Message. Processing...
2020-05-23 21:57:36,787 INFO - Route already changed (at simulation time 24.204,299,429 s)
2020-05-23 21:57:36,790 DEBUG - No Sensor/Event detected (at simulation time 25.000,000,000 s)
2020-05-23 21:57:36,801 DEBUG - No Sensor/Event detected (at simulation time 26.000,000,000 s)
2020-05-23 21:57:36,812 INFO - Received message from cell from WeatherServer (at simulation time 26.316,061,797 s)
2020-05-23 21:57:36,812 INFO - Processing DEN message (at simulation time 26.316,061,797 s)
2020-05-23 21:57:36,813 DEBUG - Handle Environment Warning Message. Processing...
2020-05-23 21:57:36,813 INFO - Route already changed (at simulation time 26.316,061,797 s)
2020-05-23 21:57:36,816 DEBUG - No Sensor/Event detected (at simulation time 27.000,000,000 s)
2020-05-23 21:57:36,822 DEBUG - No Sensor/Event detected (at simulation time 28.000,000,000 s)
2020-05-23 21:57:36,832 INFO - Received message from cell from WeatherServer (at simulation time 28.219,145,697 s)
2020-05-23 21:57:36,832 INFO - Processing DEN message (at simulation time 28.219,145,697 s)
2020-05-23 21:57:36,832 DEBUG - Handle Environment Warning Message. Processing...
2020-05-23 21:57:36,832 INFO - Route already changed (at simulation time 28.219,145,697 s)
2020-05-23 21:57:36,836 DEBUG - No Sensor/Event detected (at simulation time 29.000,000,000 s)
2020-05-23 21:57:36,848 DEBUG - No Sensor/Event detected (at simulation time 30.000,000,000 s)
2020-05-23 21:57:36,937 INFO - Received message from cell from WeatherServer (at simulation time 30.182,875,383 s)
2020-05-23 21:57:36,937 INFO - Processing DEN message (at simulation time 30.182,875,383 s)
2020-05-23 21:57:36,937 DEBUG - Handle Environment Warning Message. Processing...
2020-05-23 21:57:36,937 INFO - Route already changed (at simulation time 30.182,875,383 s)
2020-05-23 21:57:36,945 DEBUG - No Sensor/Event detected (at simulation time 31.000,000,000 s)
2020-05-23 21:57:36,959 DEBUG - No Sensor/Event detected (at simulation time 32.000,000,000 s)
2020-05-23 21:57:36,973 INFO - Received message from cell from WeatherServer (at simulation time 32.225,579,353 s)
2020-05-23 21:57:36,973 INFO - Processing DEN message (at simulation time 32.225,579,353 s)
2020-05-23 21:57:36,973 DEBUG - Handle Environment Warning Message. Processing...
2020-05-23 21:57:36,973 INFO - Route already changed (at simulation time 32.225,579,353 s)
2020-05-23 21:57:36,987 DEBUG - No Sensor/Event detected (at simulation time 33.000,000,000 s)
2020-05-23 21:57:36,992 DEBUG - No Sensor/Event detected (at simulation time 34.000,000,000 s)
2020-05-23 21:57:37,002 INFO - Received message from cell from WeatherServer (at simulation time 34.275,887,879 s)
2020-05-23 21:57:37,002 INFO - Processing DEN message (at simulation time 34.275,887,879 s)
2020-05-23 21:57:37,002 DEBUG - Handle Environment Warning Message. Processing...
2020-05-23 21:57:37,002 INFO - Route already changed (at simulation time 34.275,887,879 s)
2020-05-23 21:57:37,012 DEBUG - No Sensor/Event detected (at simulation time 35.000,000,000 s)
2020-05-23 21:57:37,019 DEBUG - No Sensor/Event detected (at simulation time 36.000,000,000 s)
2020-05-23 21:57:37,028 INFO - Received message from cell from WeatherServer (at simulation time 36.281,589,322 s)
2020-05-23 21:57:37,028 INFO - Processing DEN message (at simulation time 36.281,589,322 s)
2020-05-23 21:57:37,028 DEBUG - Handle Environment Warning Message. Processing...
2020-05-23 21:57:37,028 INFO - Route already changed (at simulation time 36.281,589,322 s)
2020-05-23 21:57:37,043 DEBUG - No Sensor/Event detected (at simulation time 37.000,000,000 s)
2020-05-23 21:57:37,057 DEBUG - No Sensor/Event detected (at simulation time 38.000,000,000 s)
2020-05-23 21:57:37,092 INFO - Received message from cell from WeatherServer (at simulation time 38.237,859,745 s)
2020-05-23 21:57:37,092 INFO - Processing DEN message (at simulation time 38.237,859,745 s)
2020-05-23 21:57:37,093 DEBUG - Handle Environment Warning Message. Processing...
2020-05-23 21:57:37,093 INFO - Route already changed (at simulation time 38.237,859,745 s)
2020-05-23 21:57:37,101 DEBUG - No Sensor/Event detected (at simulation time 39.000,000,000 s)
2020-05-23 21:57:37,111 DEBUG - No Sensor/Event detected (at simulation time 40.000,000,000 s)
2020-05-23 21:57:37,128 INFO - Received message from cell from WeatherServer (at simulation time 40.265,936,374 s)
2020-05-23 21:57:37,128 INFO - Processing DEN message (at simulation time 40.265,936,374 s)
2020-05-23 21:57:37,128 DEBUG - Handle Environment Warning Message. Processing...
2020-05-23 21:57:37,128 INFO - Route already changed (at simulation time 40.265,936,374 s)
2020-05-23 21:57:37,133 DEBUG - No Sensor/Event detected (at simulation time 41.000,000,000 s)
2020-05-23 21:57:37,144 DEBUG - No Sensor/Event detected (at simulation time 42.000,000,000 s)
2020-05-23 21:57:37,158 INFO - Received message from cell from WeatherServer (at simulation time 42.737,846,638 s)
2020-05-23 21:57:37,158 INFO - Processing DEN message (at simulation time 42.737,846,638 s)
2020-05-23 21:57:37,158 DEBUG - Handle Environment Warning Message. Processing...
2020-05-23 21:57:37,158 INFO - Route already changed (at simulation time 42.737,846,638 s)
2020-05-23 21:57:37,162 DEBUG - No Sensor/Event detected (at simulation time 43.000,000,000 s)
2020-05-23 21:57:37,169 DEBUG - No Sensor/Event detected (at simulation time 44.000,000,000 s)
2020-05-23 21:57:37,178 INFO - Received message from cell from WeatherServer (at simulation time 44.248,917,116 s)
2020-05-23 21:57:37,178 INFO - Processing DEN message (at simulation time 44.248,917,116 s)
2020-05-23 21:57:37,179 DEBUG - Handle Environment Warning Message. Processing...
2020-05-23 21:57:37,179 INFO - Route already changed (at simulation time 44.248,917,116 s)
2020-05-23 21:57:37,186 DEBUG - No Sensor/Event detected (at simulation time 45.000,000,000 s)
2020-05-23 21:57:37,194 DEBUG - No Sensor/Event detected (at simulation time 46.000,000,000 s)
2020-05-23 21:57:37,203 INFO - Received message from cell from WeatherServer (at simulation time 46.426,558,074 s)
2020-05-23 21:57:37,203 INFO - Processing DEN message (at simulation time 46.426,558,074 s)
2020-05-23 21:57:37,203 DEBUG - Handle Environment Warning Message. Processing...
2020-05-23 21:57:37,203 INFO - Route already changed (at simulation time 46.426,558,074 s)
2020-05-23 21:57:37,215 DEBUG - No Sensor/Event detected (at simulation time 47.000,000,000 s)
2020-05-23 21:57:37,222 DEBUG - No Sensor/Event detected (at simulation time 48.000,000,000 s)
2020-05-23 21:57:37,233 INFO - Received message from cell from WeatherServer (at simulation time 48.181,989,716 s)
2020-05-23 21:57:37,233 INFO - Processing DEN message (at simulation time 48.181,989,716 s)
2020-05-23 21:57:37,233 DEBUG - Handle Environment Warning Message. Processing...
2020-05-23 21:57:37,233 INFO - Route already changed (at simulation time 48.181,989,716 s)
2020-05-23 21:57:37,258 DEBUG - No Sensor/Event detected (at simulation time 49.000,000,000 s)
2020-05-23 21:57:37,320 DEBUG - No Sensor/Event detected (at simulation time 50.000,000,000 s)
2020-05-23 21:57:37,346 INFO - Processing DEN message (at simulation time 50.198,904,641 s)
2020-05-23 21:57:37,346 DEBUG - Handle Environment Warning Message. Processing...
2020-05-23 21:57:37,346 INFO - Route already changed (at simulation time 50.198,904,641 s)
2020-05-23 21:57:37,347 INFO - Received message from cell from WeatherServer (at simulation time 50.209,195,658 s)
2020-05-23 21:57:37,347 INFO - Processing DEN message (at simulation time 50.209,195,658 s)
2020-05-23 21:57:37,347 DEBUG - Handle Environment Warning Message. Processing...
2020-05-23 21:57:37,347 INFO - Route already changed (at simulation time 50.209,195,658 s)
2020-05-23 21:57:37,352 DEBUG - No Sensor/Event detected (at simulation time 51.000,000,000 s)
2020-05-23 21:57:37,359 INFO - Processing DEN message (at simulation time 51.453,188,487 s)
2020-05-23 21:57:37,359 DEBUG - Handle Environment Warning Message. Processing...
2020-05-23 21:57:37,359 INFO - Route already changed (at simulation time 51.453,188,487 s)
2020-05-23 21:57:37,363 DEBUG - No Sensor/Event detected (at simulation time 52.000,000,000 s)
2020-05-23 21:57:37,379 INFO - Processing DEN message (at simulation time 52.325,517,292 s)
2020-05-23 21:57:37,379 DEBUG - Handle Environment Warning Message. Processing...
2020-05-23 21:57:37,379 INFO - Route already changed (at simulation time 52.325,517,292 s)
2020-05-23 21:57:37,380 INFO - Received message from cell from WeatherServer (at simulation time 52.428,793,679 s)
2020-05-23 21:57:37,380 INFO - Processing DEN message (at simulation time 52.428,793,679 s)
2020-05-23 21:57:37,380 DEBUG - Handle Environment Warning Message. Processing...
2020-05-23 21:57:37,380 INFO - Route already changed (at simulation time 52.428,793,679 s)
2020-05-23 21:57:37,383 DEBUG - No Sensor/Event detected (at simulation time 53.000,000,000 s)
2020-05-23 21:57:37,387 INFO - Processing DEN message (at simulation time 53.199,477,728 s)
2020-05-23 21:57:37,387 DEBUG - Handle Environment Warning Message. Processing...
2020-05-23 21:57:37,387 INFO - Route already changed (at simulation time 53.199,477,728 s)
2020-05-23 21:57:37,392 DEBUG - No Sensor/Event detected (at simulation time 54.000,000,000 s)
2020-05-23 21:57:37,400 INFO - Received message from cell from WeatherServer (at simulation time 54.230,020,919 s)
2020-05-23 21:57:37,400 INFO - Processing DEN message (at simulation time 54.230,020,919 s)
2020-05-23 21:57:37,400 DEBUG - Handle Environment Warning Message. Processing...
2020-05-23 21:57:37,400 INFO - Route already changed (at simulation time 54.230,020,919 s)
2020-05-23 21:57:37,406 DEBUG - No Sensor/Event detected (at simulation time 55.000,000,000 s)
2020-05-23 21:57:37,415 DEBUG - No Sensor/Event detected (at simulation time 56.000,000,000 s)
2020-05-23 21:57:37,426 INFO - Received message from cell from WeatherServer (at simulation time 56.130,460,792 s)
2020-05-23 21:57:37,426 INFO - Processing DEN message (at simulation time 56.130,460,792 s)
2020-05-23 21:57:37,426 DEBUG - Handle Environment Warning Message. Processing...
2020-05-23 21:57:37,426 INFO - Route already changed (at simulation time 56.130,460,792 s)
2020-05-23 21:57:37,524 DEBUG - No Sensor/Event detected (at simulation time 57.000,000,000 s)
2020-05-23 21:57:37,531 DEBUG - No Sensor/Event detected (at simulation time 58.000,000,000 s)
2020-05-23 21:57:37,542 INFO - Received message from cell from WeatherServer (at simulation time 58.276,449,781 s)
2020-05-23 21:57:37,542 INFO - Processing DEN message (at simulation time 58.276,449,781 s)
2020-05-23 21:57:37,543 DEBUG - Handle Environment Warning Message. Processing...
2020-05-23 21:57:37,543 INFO - Route already changed (at simulation time 58.276,449,781 s)
2020-05-23 21:57:37,549 DEBUG - No Sensor/Event detected (at simulation time 59.000,000,000 s)
2020-05-23 21:57:37,557 DEBUG - No Sensor/Event detected (at simulation time 60.000,000,000 s)
2020-05-23 21:57:37,566 INFO - Received message from cell from WeatherServer (at simulation time 60.252,661,583 s)
2020-05-23 21:57:37,566 INFO - Processing DEN message (at simulation time 60.252,661,583 s)
2020-05-23 21:57:37,566 DEBUG - Handle Environment Warning Message. Processing...
2020-05-23 21:57:37,566 INFO - Route already changed (at simulation time 60.252,661,583 s)
2020-05-23 21:57:37,570 DEBUG - No Sensor/Event detected (at simulation time 61.000,000,000 s)
2020-05-23 21:57:37,576 DEBUG - No Sensor/Event detected (at simulation time 62.000,000,000 s)
2020-05-23 21:57:37,581 INFO - Received message from cell from WeatherServer (at simulation time 62.331,923,848 s)
2020-05-23 21:57:37,581 INFO - Processing DEN message (at simulation time 62.331,923,848 s)
2020-05-23 21:57:37,581 DEBUG - Handle Environment Warning Message. Processing...
2020-05-23 21:57:37,582 INFO - Route already changed (at simulation time 62.331,923,848 s)
2020-05-23 21:57:37,585 DEBUG - No Sensor/Event detected (at simulation time 63.000,000,000 s)
2020-05-23 21:57:37,591 INFO - Processing DEN message (at simulation time 63.245,017,834 s)
2020-05-23 21:57:37,591 DEBUG - Handle Environment Warning Message. Processing...
2020-05-23 21:57:37,591 INFO - Route already changed (at simulation time 63.245,017,834 s)
2020-05-23 21:57:37,596 DEBUG - No Sensor/Event detected (at simulation time 64.000,000,000 s)
2020-05-23 21:57:37,608 INFO - Processing DEN message (at simulation time 64.337,549,171 s)
2020-05-23 21:57:37,608 DEBUG - Handle Environment Warning Message. Processing...
2020-05-23 21:57:37,608 INFO - Route already changed (at simulation time 64.337,549,171 s)
2020-05-23 21:57:37,610 INFO - Received message from cell from WeatherServer (at simulation time 64.527,481,201 s)
2020-05-23 21:57:37,610 INFO - Processing DEN message (at simulation time 64.527,481,201 s)
2020-05-23 21:57:37,610 DEBUG - Handle Environment Warning Message. Processing...
2020-05-23 21:57:37,610 INFO - Route already changed (at simulation time 64.527,481,201 s)
2020-05-23 21:57:37,612 DEBUG - No Sensor/Event detected (at simulation time 65.000,000,000 s)
2020-05-23 21:57:37,618 INFO - Processing DEN message (at simulation time 65.173,139,984 s)
2020-05-23 21:57:37,618 DEBUG - Handle Environment Warning Message. Processing...
2020-05-23 21:57:37,618 INFO - Route already changed (at simulation time 65.173,139,984 s)
2020-05-23 21:57:37,621 DEBUG - No Sensor/Event detected (at simulation time 66.000,000,000 s)
2020-05-23 21:57:37,628 INFO - Received message from cell from WeatherServer (at simulation time 66.284,095,071 s)
2020-05-23 21:57:37,628 INFO - Processing DEN message (at simulation time 66.284,095,071 s)
2020-05-23 21:57:37,628 DEBUG - Handle Environment Warning Message. Processing...
2020-05-23 21:57:37,628 INFO - Route already changed (at simulation time 66.284,095,071 s)
2020-05-23 21:57:37,639 DEBUG - No Sensor/Event detected (at simulation time 67.000,000,000 s)
2020-05-23 21:57:37,654 DEBUG - No Sensor/Event detected (at simulation time 68.000,000,000 s)
2020-05-23 21:57:37,749 INFO - Received message from cell from WeatherServer (at simulation time 68.251,833,101 s)
2020-05-23 21:57:37,749 INFO - Processing DEN message (at simulation time 68.251,833,101 s)
2020-05-23 21:57:37,749 DEBUG - Handle Environment Warning Message. Processing...
2020-05-23 21:57:37,749 INFO - Route already changed (at simulation time 68.251,833,101 s)
2020-05-23 21:57:37,752 DEBUG - No Sensor/Event detected (at simulation time 69.000,000,000 s)
2020-05-23 21:57:37,760 DEBUG - No Sensor/Event detected (at simulation time 70.000,000,000 s)
2020-05-23 21:57:37,768 INFO - Received message from cell from WeatherServer (at simulation time 70.332,391,127 s)
2020-05-23 21:57:37,768 INFO - Processing DEN message (at simulation time 70.332,391,127 s)
2020-05-23 21:57:37,768 DEBUG - Handle Environment Warning Message. Processing...
2020-05-23 21:57:37,768 INFO - Route already changed (at simulation time 70.332,391,127 s)
2020-05-23 21:57:37,773 DEBUG - No Sensor/Event detected (at simulation time 71.000,000,000 s)
2020-05-23 21:57:37,777 DEBUG - No Sensor/Event detected (at simulation time 72.000,000,000 s)
2020-05-23 21:57:37,783 INFO - Received message from cell from WeatherServer (at simulation time 72.225,450,671 s)
2020-05-23 21:57:37,783 INFO - Processing DEN message (at simulation time 72.225,450,671 s)
2020-05-23 21:57:37,783 DEBUG - Handle Environment Warning Message. Processing...
2020-05-23 21:57:37,783 INFO - Route already changed (at simulation time 72.225,450,671 s)
2020-05-23 21:57:37,788 DEBUG - No Sensor/Event detected (at simulation time 73.000,000,000 s)
2020-05-23 21:57:37,797 DEBUG - No Sensor/Event detected (at simulation time 74.000,000,000 s)
2020-05-23 21:57:37,803 INFO - Received message from cell from WeatherServer (at simulation time 74.225,752,290 s)
2020-05-23 21:57:37,803 INFO - Processing DEN message (at simulation time 74.225,752,290 s)
2020-05-23 21:57:37,803 DEBUG - Handle Environment Warning Message. Processing...
2020-05-23 21:57:37,803 INFO - Route already changed (at simulation time 74.225,752,290 s)
2020-05-23 21:57:37,809 DEBUG - No Sensor/Event detected (at simulation time 75.000,000,000 s)
2020-05-23 21:57:37,814 DEBUG - No Sensor/Event detected (at simulation time 76.000,000,000 s)
2020-05-23 21:57:37,819 INFO - Received message from cell from WeatherServer (at simulation time 76.331,143,111 s)
2020-05-23 21:57:37,819 INFO - Processing DEN message (at simulation time 76.331,143,111 s)
2020-05-23 21:57:37,819 DEBUG - Handle Environment Warning Message. Processing...
2020-05-23 21:57:37,819 INFO - Route already changed (at simulation time 76.331,143,111 s)
2020-05-23 21:57:37,825 DEBUG - No Sensor/Event detected (at simulation time 77.000,000,000 s)
2020-05-23 21:57:37,830 INFO - Processing DEN message (at simulation time 77.301,074,719 s)
2020-05-23 21:57:37,830 DEBUG - Handle Environment Warning Message. Processing...
2020-05-23 21:57:37,830 INFO - Route already changed (at simulation time 77.301,074,719 s)
2020-05-23 21:57:37,834 DEBUG - No Sensor/Event detected (at simulation time 78.000,000,000 s)
2020-05-23 21:57:37,889 INFO - Processing DEN message (at simulation time 78.136,390,316 s)
2020-05-23 21:57:37,889 DEBUG - Handle Environment Warning Message. Processing...
2020-05-23 21:57:37,889 INFO - Route already changed (at simulation time 78.136,390,316 s)
2020-05-23 21:57:37,898 INFO - Received message from cell from WeatherServer (at simulation time 78.250,537,756 s)
2020-05-23 21:57:37,898 INFO - Processing DEN message (at simulation time 78.250,537,756 s)
2020-05-23 21:57:37,898 DEBUG - Handle Environment Warning Message. Processing...
2020-05-23 21:57:37,898 INFO - Route already changed (at simulation time 78.250,537,756 s)
2020-05-23 21:57:37,911 DEBUG - No Sensor/Event detected (at simulation time 79.000,000,000 s)
2020-05-23 21:57:37,915 INFO - Processing DEN message (at simulation time 79.311,837,842 s)
2020-05-23 21:57:37,915 DEBUG - Handle Environment Warning Message. Processing...
2020-05-23 21:57:37,915 INFO - Route already changed (at simulation time 79.311,837,842 s)
2020-05-23 21:57:37,918 DEBUG - No Sensor/Event detected (at simulation time 80.000,000,000 s)
2020-05-23 21:57:37,929 INFO - Received message from cell from WeatherServer (at simulation time 80.448,925,547 s)
2020-05-23 21:57:37,929 INFO - Processing DEN message (at simulation time 80.448,925,547 s)
2020-05-23 21:57:37,929 DEBUG - Handle Environment Warning Message. Processing...
2020-05-23 21:57:37,929 INFO - Route already changed (at simulation time 80.448,925,547 s)
2020-05-23 21:57:37,934 DEBUG - No Sensor/Event detected (at simulation time 81.000,000,000 s)
2020-05-23 21:57:37,939 DEBUG - No Sensor/Event detected (at simulation time 82.000,000,000 s)
2020-05-23 21:57:37,946 INFO - Received message from cell from WeatherServer (at simulation time 82.274,163,174 s)
2020-05-23 21:57:37,946 INFO - Processing DEN message (at simulation time 82.274,163,174 s)
2020-05-23 21:57:37,946 DEBUG - Handle Environment Warning Message. Processing...
2020-05-23 21:57:37,946 INFO - Route already changed (at simulation time 82.274,163,174 s)
2020-05-23 21:57:37,949 INFO - Sensor Ice event detected (at simulation time 83.000,000,000 s)
2020-05-23 21:57:37,949 DEBUG - Position: GeoPoint{lat|lon=[40.811875,-73.961256]} (at simulation time 83.000,000,000 s)
2020-05-23 21:57:37,949 DEBUG - Event strength to: 1 (at simulation time 83.000,000,000 s)
2020-05-23 21:57:37,949 DEBUG - SensorType to: Ice (at simulation time 83.000,000,000 s)
2020-05-23 21:57:37,949 DEBUG - RoadId on which the event take place: 195743140_42421857_1506591534 (at simulation time 83.000,000,000 s)
2020-05-23 21:57:37,949 INFO - Sending DENM (at simulation time 83.000,000,000 s)
2020-05-23 21:57:37,954 INFO - Processing DEN message (at simulation time 83.172,922,129 s)
2020-05-23 21:57:37,954 DEBUG - Handle Environment Warning Message. Processing...
2020-05-23 21:57:37,954 INFO - Route already changed (at simulation time 83.172,922,129 s)
2020-05-23 21:57:37,958 INFO - Sensor Ice event detected (at simulation time 84.000,000,000 s)
2020-05-23 21:57:37,959 DEBUG - Position: GeoPoint{lat|lon=[40.811802,-73.961310]} (at simulation time 84.000,000,000 s)
2020-05-23 21:57:37,959 DEBUG - Event strength to: 1 (at simulation time 84.000,000,000 s)
2020-05-23 21:57:37,959 DEBUG - SensorType to: Ice (at simulation time 84.000,000,000 s)
2020-05-23 21:57:37,959 DEBUG - RoadId on which the event take place: 195743140_1506591534_42428844 (at simulation time 84.000,000,000 s)
2020-05-23 21:57:37,959 INFO - Sending DENM (at simulation time 84.000,000,000 s)
2020-05-23 21:57:37,965 INFO - Received message from cell from WeatherServer (at simulation time 84.265,899,569 s)
2020-05-23 21:57:37,965 INFO - Processing DEN message (at simulation time 84.265,899,569 s)
2020-05-23 21:57:37,965 DEBUG - Handle Environment Warning Message. Processing...
2020-05-23 21:57:37,965 INFO - Route already changed (at simulation time 84.265,899,569 s)
2020-05-23 21:57:37,965 INFO - Processing DEN message (at simulation time 84.294,616,745 s)
2020-05-23 21:57:37,965 DEBUG - Handle Environment Warning Message. Processing...
2020-05-23 21:57:37,965 INFO - Route already changed (at simulation time 84.294,616,745 s)
2020-05-23 21:57:37,967 INFO - Sensor Ice event detected (at simulation time 85.000,000,000 s)
2020-05-23 21:57:37,967 DEBUG - Position: GeoPoint{lat|lon=[40.811733,-73.961361]} (at simulation time 85.000,000,000 s)
2020-05-23 21:57:37,967 DEBUG - Event strength to: 1 (at simulation time 85.000,000,000 s)
2020-05-23 21:57:37,967 DEBUG - SensorType to: Ice (at simulation time 85.000,000,000 s)
2020-05-23 21:57:37,967 DEBUG - RoadId on which the event take place: 195743140_1506591534_42428844 (at simulation time 85.000,000,000 s)
2020-05-23 21:57:37,967 INFO - Sending DENM (at simulation time 85.000,000,000 s)
2020-05-23 21:57:37,972 INFO - Processing DEN message (at simulation time 85.289,686,262 s)
2020-05-23 21:57:37,972 DEBUG - Handle Environment Warning Message. Processing...
2020-05-23 21:57:37,972 INFO - Route already changed (at simulation time 85.289,686,262 s)
2020-05-23 21:57:37,975 DEBUG - No Sensor/Event detected (at simulation time 86.000,000,000 s)
2020-05-23 21:57:37,980 INFO - Received message from cell from WeatherServer (at simulation time 86.458,352,458 s)
2020-05-23 21:57:37,980 INFO - Processing DEN message (at simulation time 86.458,352,458 s)
2020-05-23 21:57:37,980 DEBUG - Handle Environment Warning Message. Processing...
2020-05-23 21:57:37,980 INFO - Route already changed (at simulation time 86.458,352,458 s)
2020-05-23 21:57:37,982 DEBUG - No Sensor/Event detected (at simulation time 87.000,000,000 s)
2020-05-23 21:57:37,986 DEBUG - No Sensor/Event detected (at simulation time 88.000,000,000 s)
2020-05-23 21:57:37,991 INFO - Received message from cell from WeatherServer (at simulation time 88.345,171,872 s)
2020-05-23 21:57:37,991 INFO - Processing DEN message (at simulation time 88.345,171,872 s)
2020-05-23 21:57:37,991 DEBUG - Handle Environment Warning Message. Processing...
2020-05-23 21:57:37,991 INFO - Route already changed (at simulation time 88.345,171,872 s)
2020-05-23 21:57:37,994 DEBUG - No Sensor/Event detected (at simulation time 89.000,000,000 s)
2020-05-23 21:57:37,998 DEBUG - No Sensor/Event detected (at simulation time 90.000,000,000 s)
2020-05-23 21:57:38,003 INFO - Received message from cell from WeatherServer (at simulation time 90.376,651,889 s)
2020-05-23 21:57:38,003 INFO - Processing DEN message (at simulation time 90.376,651,889 s)
2020-05-23 21:57:38,003 DEBUG - Handle Environment Warning Message. Processing...
2020-05-23 21:57:38,003 INFO - Route already changed (at simulation time 90.376,651,889 s)
2020-05-23 21:57:38,006 DEBUG - No Sensor/Event detected (at simulation time 91.000,000,000 s)
2020-05-23 21:57:38,010 DEBUG - No Sensor/Event detected (at simulation time 92.000,000,000 s)
2020-05-23 21:57:38,012 INFO - Received message from cell from WeatherServer (at simulation time 92.141,966,139 s)
2020-05-23 21:57:38,012 INFO - Processing DEN message (at simulation time 92.141,966,139 s)
2020-05-23 21:57:38,012 DEBUG - Handle Environment Warning Message. Processing...
2020-05-23 21:57:38,012 INFO - Route already changed (at simulation time 92.141,966,139 s)
2020-05-23 21:57:38,014 DEBUG - No Sensor/Event detected (at simulation time 93.000,000,000 s)
2020-05-23 21:57:38,017 DEBUG - No Sensor/Event detected (at simulation time 94.000,000,000 s)
2020-05-23 21:57:38,022 INFO - Received message from cell from WeatherServer (at simulation time 94.428,308,910 s)
2020-05-23 21:57:38,022 INFO - Processing DEN message (at simulation time 94.428,308,910 s)
2020-05-23 21:57:38,022 DEBUG - Handle Environment Warning Message. Processing...
2020-05-23 21:57:38,022 INFO - Route already changed (at simulation time 94.428,308,910 s)
2020-05-23 21:57:38,026 DEBUG - No Sensor/Event detected (at simulation time 95.000,000,000 s)
2020-05-23 21:57:38,033 INFO - Processing DEN message (at simulation time 95.365,163,381 s)
2020-05-23 21:57:38,033 DEBUG - Handle Environment Warning Message. Processing...
2020-05-23 21:57:38,033 INFO - Route already changed (at simulation time 95.365,163,381 s)
2020-05-23 21:57:38,075 DEBUG - No Sensor/Event detected (at simulation time 96.000,000,000 s)
2020-05-23 21:57:38,147 INFO - Received message from cell from WeatherServer (at simulation time 96.200,211,551 s)
2020-05-23 21:57:38,147 INFO - Processing DEN message (at simulation time 96.200,211,551 s)
2020-05-23 21:57:38,147 DEBUG - Handle Environment Warning Message. Processing...
2020-05-23 21:57:38,147 INFO - Route already changed (at simulation time 96.200,211,551 s)
2020-05-23 21:57:38,147 INFO - Processing DEN message (at simulation time 96.279,896,674 s)
2020-05-23 21:57:38,147 DEBUG - Handle Environment Warning Message. Processing...
2020-05-23 21:57:38,147 INFO - Route already changed (at simulation time 96.279,896,674 s)
2020-05-23 21:57:38,154 DEBUG - No Sensor/Event detected (at simulation time 97.000,000,000 s)
2020-05-23 21:57:38,159 INFO - Processing DEN message (at simulation time 97.190,074,173 s)
2020-05-23 21:57:38,159 DEBUG - Handle Environment Warning Message. Processing...
2020-05-23 21:57:38,159 INFO - Route already changed (at simulation time 97.190,074,173 s)
2020-05-23 21:57:38,162 DEBUG - No Sensor/Event detected (at simulation time 98.000,000,000 s)
2020-05-23 21:57:38,169 INFO - Received message from cell from WeatherServer (at simulation time 98.350,192,732 s)
2020-05-23 21:57:38,169 INFO - Processing DEN message (at simulation time 98.350,192,732 s)
2020-05-23 21:57:38,169 DEBUG - Handle Environment Warning Message. Processing...
2020-05-23 21:57:38,169 INFO - Route already changed (at simulation time 98.350,192,732 s)
2020-05-23 21:57:38,172 DEBUG - No Sensor/Event detected (at simulation time 99.000,000,000 s)
2020-05-23 21:57:38,175 DEBUG - No Sensor/Event detected (at simulation time 100.000,000,000 s)
2020-05-23 21:57:38,180 INFO - Received message from cell from WeatherServer (at simulation time 100.256,593,728 s)
2020-05-23 21:57:38,180 INFO - Processing DEN message (at simulation time 100.256,593,728 s)
2020-05-23 21:57:38,180 DEBUG - Handle Environment Warning Message. Processing...
2020-05-23 21:57:38,180 INFO - Route already changed (at simulation time 100.256,593,728 s)
2020-05-23 21:57:38,184 DEBUG - No Sensor/Event detected (at simulation time 101.000,000,000 s)
2020-05-23 21:57:38,187 DEBUG - No Sensor/Event detected (at simulation time 102.000,000,000 s)
2020-05-23 21:57:38,192 INFO - Received message from cell from WeatherServer (at simulation time 102.204,902,105 s)
2020-05-23 21:57:38,192 INFO - Processing DEN message (at simulation time 102.204,902,105 s)
2020-05-23 21:57:38,192 DEBUG - Handle Environment Warning Message. Processing...
2020-05-23 21:57:38,193 INFO - Route already changed (at simulation time 102.204,902,105 s)
2020-05-23 21:57:38,195 DEBUG - No Sensor/Event detected (at simulation time 103.000,000,000 s)
2020-05-23 21:57:38,198 DEBUG - No Sensor/Event detected (at simulation time 104.000,000,000 s)
2020-05-23 21:57:38,201 INFO - Received message from cell from WeatherServer (at simulation time 104.441,369,283 s)
2020-05-23 21:57:38,201 INFO - Processing DEN message (at simulation time 104.441,369,283 s)
2020-05-23 21:57:38,201 DEBUG - Handle Environment Warning Message. Processing...
2020-05-23 21:57:38,201 INFO - Route already changed (at simulation time 104.441,369,283 s)
2020-05-23 21:57:38,203 DEBUG - No Sensor/Event detected (at simulation time 105.000,000,000 s)
2020-05-23 21:57:38,207 DEBUG - No Sensor/Event detected (at simulation time 106.000,000,000 s)
2020-05-23 21:57:38,210 INFO - Received message from cell from WeatherServer (at simulation time 106.190,580,748 s)
2020-05-23 21:57:38,210 INFO - Processing DEN message (at simulation time 106.190,580,748 s)
2020-05-23 21:57:38,210 DEBUG - Handle Environment Warning Message. Processing...
2020-05-23 21:57:38,210 INFO - Route already changed (at simulation time 106.190,580,748 s)
2020-05-23 21:57:38,212 DEBUG - No Sensor/Event detected (at simulation time 107.000,000,000 s)
2020-05-23 21:57:38,215 INFO - Shutdown application (at simulation time 108.000,000,000 s)
