2020-05-23 21:57:36,497 WARN - Could not check operating system of Application. Skipping check.
2020-05-23 21:57:36,499 DEBUG - Successfully instantiated the class com.columbia.vsimrti.applications.lasalle.vehicle.LasalleWeatherWarningAppCell
2020-05-23 21:57:36,499 DEBUG - Successfully instantiated the class com.columbia.vsimrti.applications.lasalle.vehicle.LasalleSlowDownApp
2020-05-23 21:57:36,499 DEBUG - #tearUp at simulation time 16.000,000,000 s
2020-05-23 21:57:36,503 DEBUG - #preProcessEvent at simulation time 16.000,000,000 s with resource class VehicleInfo and nice -99999900
2020-05-23 21:57:36,518 DEBUG - #preProcessEvent at simulation time 16.277,257,653 s with resource class ReceivedV2XMessage and nice -99999100
2020-05-23 21:57:36,519 DEBUG - NavigationModule#calculateRoutes: Calculate routes to [RoutingPosition [position=GeoPoint{lat|lon=[40.810505,-73.961977]}, connectionID=null, nodeID=null, heading=null]] with params [RoutingParameters [numAlternativeRoutes=0, routingCostFunction=com.dcaiti.vsimrti.lib.routing.util.ReRouteSpecificConnectionsCostFunction@5546e754, considerTurnCosts=false]]
2020-05-23 21:57:36,530 DEBUG - NavigationModule#switchRoute: Initiated route switch to [5481847054,5481847055,6791817303,6791817302,6791817304,561035342,2541754741,42421857,1506616204,42428850,6886295091,1506591534,42428844,1506591536,1504153604]
2020-05-23 21:57:36,530 INFO - NavigationModule#switchRoute: Stay on route 1
2020-05-23 21:57:36,538 DEBUG - #preProcessEvent at simulation time 17.000,000,000 s with resource class VehicleInfo and nice -99999800
2020-05-23 21:57:36,567 DEBUG - #preProcessEvent at simulation time 18.000,000,000 s with resource class VehicleInfo and nice -99999800
2020-05-23 21:57:36,583 DEBUG - #preProcessEvent at simulation time 18.260,613,174 s with resource class ReceivedV2XMessage and nice -99999100
2020-05-23 21:57:36,594 DEBUG - #preProcessEvent at simulation time 19.000,000,000 s with resource class VehicleInfo and nice -99999800
2020-05-23 21:57:36,614 DEBUG - #preProcessEvent at simulation time 20.000,000,000 s with resource class VehicleInfo and nice -99999800
2020-05-23 21:57:36,653 DEBUG - #preProcessEvent at simulation time 20.196,509,018 s with resource class ReceivedV2XMessage and nice -99999100
2020-05-23 21:57:36,706 DEBUG - #preProcessEvent at simulation time 21.000,000,000 s with resource class VehicleInfo and nice -99999800
2020-05-23 21:57:36,721 DEBUG - #preProcessEvent at simulation time 22.000,000,000 s with resource class VehicleInfo and nice -99999800
2020-05-23 21:57:36,736 DEBUG - #preProcessEvent at simulation time 22.203,426,418 s with resource class ReceivedV2XMessage and nice -99999100
2020-05-23 21:57:36,743 DEBUG - #preProcessEvent at simulation time 23.000,000,000 s with resource class VehicleInfo and nice -99999800
2020-05-23 21:57:36,749 DEBUG - #preProcessEvent at simulation time 24.000,000,000 s with resource class VehicleInfo and nice -99999800
2020-05-23 21:57:36,786 DEBUG - #preProcessEvent at simulation time 24.204,299,429 s with resource class ReceivedV2XMessage and nice -99999100
2020-05-23 21:57:36,789 DEBUG - #preProcessEvent at simulation time 25.000,000,000 s with resource class VehicleInfo and nice -99999800
2020-05-23 21:57:36,801 DEBUG - #preProcessEvent at simulation time 26.000,000,000 s with resource class VehicleInfo and nice -99999800
2020-05-23 21:57:36,812 DEBUG - #preProcessEvent at simulation time 26.316,061,797 s with resource class ReceivedV2XMessage and nice -99999100
2020-05-23 21:57:36,816 DEBUG - #preProcessEvent at simulation time 27.000,000,000 s with resource class VehicleInfo and nice -99999800
2020-05-23 21:57:36,822 DEBUG - #preProcessEvent at simulation time 28.000,000,000 s with resource class VehicleInfo and nice -99999800
2020-05-23 21:57:36,832 DEBUG - #preProcessEvent at simulation time 28.219,145,697 s with resource class ReceivedV2XMessage and nice -99999100
2020-05-23 21:57:36,836 DEBUG - #preProcessEvent at simulation time 29.000,000,000 s with resource class VehicleInfo and nice -99999800
2020-05-23 21:57:36,848 DEBUG - #preProcessEvent at simulation time 30.000,000,000 s with resource class VehicleInfo and nice -99999800
2020-05-23 21:57:36,937 DEBUG - #preProcessEvent at simulation time 30.182,875,383 s with resource class ReceivedV2XMessage and nice -99999100
2020-05-23 21:57:36,945 DEBUG - #preProcessEvent at simulation time 31.000,000,000 s with resource class VehicleInfo and nice -99999800
2020-05-23 21:57:36,959 DEBUG - #preProcessEvent at simulation time 32.000,000,000 s with resource class VehicleInfo and nice -99999800
2020-05-23 21:57:36,973 DEBUG - #preProcessEvent at simulation time 32.225,579,353 s with resource class ReceivedV2XMessage and nice -99999100
2020-05-23 21:57:36,987 DEBUG - #preProcessEvent at simulation time 33.000,000,000 s with resource class VehicleInfo and nice -99999800
2020-05-23 21:57:36,992 DEBUG - #preProcessEvent at simulation time 34.000,000,000 s with resource class VehicleInfo and nice -99999800
2020-05-23 21:57:37,002 DEBUG - #preProcessEvent at simulation time 34.275,887,879 s with resource class ReceivedV2XMessage and nice -99999100
2020-05-23 21:57:37,012 DEBUG - #preProcessEvent at simulation time 35.000,000,000 s with resource class VehicleInfo and nice -99999800
2020-05-23 21:57:37,019 DEBUG - #preProcessEvent at simulation time 36.000,000,000 s with resource class VehicleInfo and nice -99999800
2020-05-23 21:57:37,028 DEBUG - #preProcessEvent at simulation time 36.281,589,322 s with resource class ReceivedV2XMessage and nice -99999100
2020-05-23 21:57:37,042 DEBUG - #preProcessEvent at simulation time 37.000,000,000 s with resource class VehicleInfo and nice -99999800
2020-05-23 21:57:37,057 DEBUG - #preProcessEvent at simulation time 38.000,000,000 s with resource class VehicleInfo and nice -99999800
2020-05-23 21:57:37,092 DEBUG - #preProcessEvent at simulation time 38.237,859,745 s with resource class ReceivedV2XMessage and nice -99999100
2020-05-23 21:57:37,101 DEBUG - #preProcessEvent at simulation time 39.000,000,000 s with resource class VehicleInfo and nice -99999800
2020-05-23 21:57:37,111 DEBUG - #preProcessEvent at simulation time 40.000,000,000 s with resource class VehicleInfo and nice -99999800
2020-05-23 21:57:37,128 DEBUG - #preProcessEvent at simulation time 40.265,936,374 s with resource class ReceivedV2XMessage and nice -99999100
2020-05-23 21:57:37,133 DEBUG - #preProcessEvent at simulation time 41.000,000,000 s with resource class VehicleInfo and nice -99999800
2020-05-23 21:57:37,144 DEBUG - #preProcessEvent at simulation time 42.000,000,000 s with resource class VehicleInfo and nice -99999800
2020-05-23 21:57:37,158 DEBUG - #preProcessEvent at simulation time 42.737,846,638 s with resource class ReceivedV2XMessage and nice -99999100
2020-05-23 21:57:37,162 DEBUG - #preProcessEvent at simulation time 43.000,000,000 s with resource class VehicleInfo and nice -99999800
2020-05-23 21:57:37,169 DEBUG - #preProcessEvent at simulation time 44.000,000,000 s with resource class VehicleInfo and nice -99999800
2020-05-23 21:57:37,178 DEBUG - #preProcessEvent at simulation time 44.248,917,116 s with resource class ReceivedV2XMessage and nice -99999100
2020-05-23 21:57:37,186 DEBUG - #preProcessEvent at simulation time 45.000,000,000 s with resource class VehicleInfo and nice -99999800
2020-05-23 21:57:37,194 DEBUG - #preProcessEvent at simulation time 46.000,000,000 s with resource class VehicleInfo and nice -99999800
2020-05-23 21:57:37,203 DEBUG - #preProcessEvent at simulation time 46.426,558,074 s with resource class ReceivedV2XMessage and nice -99999100
2020-05-23 21:57:37,208 DEBUG - #preProcessEvent at simulation time 47.000,000,000 s with resource class VehicleInfo and nice -99999800
2020-05-23 21:57:37,221 DEBUG - #preProcessEvent at simulation time 48.000,000,000 s with resource class VehicleInfo and nice -99999800
2020-05-23 21:57:37,233 DEBUG - #preProcessEvent at simulation time 48.181,989,716 s with resource class ReceivedV2XMessage and nice -99999100
2020-05-23 21:57:37,258 DEBUG - #preProcessEvent at simulation time 49.000,000,000 s with resource class VehicleInfo and nice -99999800
2020-05-23 21:57:37,320 DEBUG - #preProcessEvent at simulation time 50.000,000,000 s with resource class VehicleInfo and nice -99999800
2020-05-23 21:57:37,346 DEBUG - #preProcessEvent at simulation time 50.198,904,641 s with resource class ReceivedV2XMessage and nice -99999100
2020-05-23 21:57:37,347 DEBUG - #preProcessEvent at simulation time 50.209,195,658 s with resource class ReceivedV2XMessage and nice -99999100
2020-05-23 21:57:37,352 DEBUG - #preProcessEvent at simulation time 51.000,000,000 s with resource class VehicleInfo and nice -99999800
2020-05-23 21:57:37,359 DEBUG - #preProcessEvent at simulation time 51.453,188,487 s with resource class ReceivedV2XMessage and nice -99999100
2020-05-23 21:57:37,363 DEBUG - #preProcessEvent at simulation time 52.000,000,000 s with resource class VehicleInfo and nice -99999800
2020-05-23 21:57:37,379 DEBUG - #preProcessEvent at simulation time 52.325,517,292 s with resource class ReceivedV2XMessage and nice -99999100
2020-05-23 21:57:37,380 DEBUG - #preProcessEvent at simulation time 52.428,793,679 s with resource class ReceivedV2XMessage and nice -99999100
2020-05-23 21:57:37,383 DEBUG - #preProcessEvent at simulation time 53.000,000,000 s with resource class VehicleInfo and nice -99999800
2020-05-23 21:57:37,387 DEBUG - #preProcessEvent at simulation time 53.199,477,728 s with resource class ReceivedV2XMessage and nice -99999100
2020-05-23 21:57:37,392 DEBUG - #preProcessEvent at simulation time 54.000,000,000 s with resource class VehicleInfo and nice -99999800
2020-05-23 21:57:37,400 DEBUG - #preProcessEvent at simulation time 54.230,020,919 s with resource class ReceivedV2XMessage and nice -99999100
2020-05-23 21:57:37,406 DEBUG - #preProcessEvent at simulation time 55.000,000,000 s with resource class VehicleInfo and nice -99999800
2020-05-23 21:57:37,415 DEBUG - #preProcessEvent at simulation time 56.000,000,000 s with resource class VehicleInfo and nice -99999800
2020-05-23 21:57:37,426 DEBUG - #preProcessEvent at simulation time 56.130,460,792 s with resource class ReceivedV2XMessage and nice -99999100
2020-05-23 21:57:37,523 DEBUG - #preProcessEvent at simulation time 57.000,000,000 s with resource class VehicleInfo and nice -99999800
2020-05-23 21:57:37,531 DEBUG - #preProcessEvent at simulation time 58.000,000,000 s with resource class VehicleInfo and nice -99999800
2020-05-23 21:57:37,542 DEBUG - #preProcessEvent at simulation time 58.276,449,781 s with resource class ReceivedV2XMessage and nice -99999100
2020-05-23 21:57:37,549 DEBUG - #preProcessEvent at simulation time 59.000,000,000 s with resource class VehicleInfo and nice -99999800
2020-05-23 21:57:37,557 DEBUG - #preProcessEvent at simulation time 60.000,000,000 s with resource class VehicleInfo and nice -99999800
2020-05-23 21:57:37,566 DEBUG - #preProcessEvent at simulation time 60.252,661,583 s with resource class ReceivedV2XMessage and nice -99999100
2020-05-23 21:57:37,570 DEBUG - #preProcessEvent at simulation time 61.000,000,000 s with resource class VehicleInfo and nice -99999800
2020-05-23 21:57:37,576 DEBUG - #preProcessEvent at simulation time 62.000,000,000 s with resource class VehicleInfo and nice -99999800
2020-05-23 21:57:37,581 DEBUG - #preProcessEvent at simulation time 62.331,923,848 s with resource class ReceivedV2XMessage and nice -99999100
2020-05-23 21:57:37,585 DEBUG - #preProcessEvent at simulation time 63.000,000,000 s with resource class VehicleInfo and nice -99999800
2020-05-23 21:57:37,591 DEBUG - #preProcessEvent at simulation time 63.245,017,834 s with resource class ReceivedV2XMessage and nice -99999100
2020-05-23 21:57:37,595 DEBUG - #preProcessEvent at simulation time 64.000,000,000 s with resource class VehicleInfo and nice -99999800
2020-05-23 21:57:37,608 DEBUG - #preProcessEvent at simulation time 64.337,549,171 s with resource class ReceivedV2XMessage and nice -99999100
2020-05-23 21:57:37,610 DEBUG - #preProcessEvent at simulation time 64.527,481,201 s with resource class ReceivedV2XMessage and nice -99999100
2020-05-23 21:57:37,612 DEBUG - #preProcessEvent at simulation time 65.000,000,000 s with resource class VehicleInfo and nice -99999800
2020-05-23 21:57:37,618 DEBUG - #preProcessEvent at simulation time 65.173,139,984 s with resource class ReceivedV2XMessage and nice -99999100
2020-05-23 21:57:37,621 DEBUG - #preProcessEvent at simulation time 66.000,000,000 s with resource class VehicleInfo and nice -99999800
2020-05-23 21:57:37,628 DEBUG - #preProcessEvent at simulation time 66.284,095,071 s with resource class ReceivedV2XMessage and nice -99999100
2020-05-23 21:57:37,639 DEBUG - #preProcessEvent at simulation time 67.000,000,000 s with resource class VehicleInfo and nice -99999800
2020-05-23 21:57:37,654 DEBUG - #preProcessEvent at simulation time 68.000,000,000 s with resource class VehicleInfo and nice -99999800
2020-05-23 21:57:37,749 DEBUG - #preProcessEvent at simulation time 68.251,833,101 s with resource class ReceivedV2XMessage and nice -99999100
2020-05-23 21:57:37,752 DEBUG - #preProcessEvent at simulation time 69.000,000,000 s with resource class VehicleInfo and nice -99999800
2020-05-23 21:57:37,760 DEBUG - #preProcessEvent at simulation time 70.000,000,000 s with resource class VehicleInfo and nice -99999800
2020-05-23 21:57:37,768 DEBUG - #preProcessEvent at simulation time 70.332,391,127 s with resource class ReceivedV2XMessage and nice -99999100
2020-05-23 21:57:37,773 DEBUG - #preProcessEvent at simulation time 71.000,000,000 s with resource class VehicleInfo and nice -99999800
2020-05-23 21:57:37,777 DEBUG - #preProcessEvent at simulation time 72.000,000,000 s with resource class VehicleInfo and nice -99999800
2020-05-23 21:57:37,783 DEBUG - #preProcessEvent at simulation time 72.225,450,671 s with resource class ReceivedV2XMessage and nice -99999100
2020-05-23 21:57:37,788 DEBUG - #preProcessEvent at simulation time 73.000,000,000 s with resource class VehicleInfo and nice -99999800
2020-05-23 21:57:37,797 DEBUG - #preProcessEvent at simulation time 74.000,000,000 s with resource class VehicleInfo and nice -99999800
2020-05-23 21:57:37,803 DEBUG - #preProcessEvent at simulation time 74.225,752,290 s with resource class ReceivedV2XMessage and nice -99999100
2020-05-23 21:57:37,809 DEBUG - #preProcessEvent at simulation time 75.000,000,000 s with resource class VehicleInfo and nice -99999800
2020-05-23 21:57:37,814 DEBUG - #preProcessEvent at simulation time 76.000,000,000 s with resource class VehicleInfo and nice -99999800
2020-05-23 21:57:37,819 DEBUG - #preProcessEvent at simulation time 76.331,143,111 s with resource class ReceivedV2XMessage and nice -99999100
2020-05-23 21:57:37,825 DEBUG - #preProcessEvent at simulation time 77.000,000,000 s with resource class VehicleInfo and nice -99999800
2020-05-23 21:57:37,830 DEBUG - #preProcessEvent at simulation time 77.301,074,719 s with resource class ReceivedV2XMessage and nice -99999100
2020-05-23 21:57:37,834 DEBUG - #preProcessEvent at simulation time 78.000,000,000 s with resource class VehicleInfo and nice -99999800
2020-05-23 21:57:37,889 DEBUG - #preProcessEvent at simulation time 78.136,390,316 s with resource class ReceivedV2XMessage and nice -99999100
2020-05-23 21:57:37,898 DEBUG - #preProcessEvent at simulation time 78.250,537,756 s with resource class ReceivedV2XMessage and nice -99999100
2020-05-23 21:57:37,911 DEBUG - #preProcessEvent at simulation time 79.000,000,000 s with resource class VehicleInfo and nice -99999800
2020-05-23 21:57:37,915 DEBUG - #preProcessEvent at simulation time 79.311,837,842 s with resource class ReceivedV2XMessage and nice -99999100
2020-05-23 21:57:37,918 DEBUG - #preProcessEvent at simulation time 80.000,000,000 s with resource class VehicleInfo and nice -99999800
2020-05-23 21:57:37,929 DEBUG - #preProcessEvent at simulation time 80.448,925,547 s with resource class ReceivedV2XMessage and nice -99999100
2020-05-23 21:57:37,934 DEBUG - #preProcessEvent at simulation time 81.000,000,000 s with resource class VehicleInfo and nice -99999800
2020-05-23 21:57:37,939 DEBUG - #preProcessEvent at simulation time 82.000,000,000 s with resource class VehicleInfo and nice -99999800
2020-05-23 21:57:37,946 DEBUG - #preProcessEvent at simulation time 82.274,163,174 s with resource class ReceivedV2XMessage and nice -99999100
2020-05-23 21:57:37,949 DEBUG - #preProcessEvent at simulation time 83.000,000,000 s with resource class VehicleInfo and nice -99999800
2020-05-23 21:57:37,954 DEBUG - #preProcessEvent at simulation time 83.172,922,129 s with resource class ReceivedV2XMessage and nice -99999100
2020-05-23 21:57:37,958 DEBUG - #preProcessEvent at simulation time 84.000,000,000 s with resource class VehicleInfo and nice -99999800
2020-05-23 21:57:37,965 DEBUG - #preProcessEvent at simulation time 84.265,899,569 s with resource class ReceivedV2XMessage and nice -99999100
2020-05-23 21:57:37,965 DEBUG - #preProcessEvent at simulation time 84.294,616,745 s with resource class ReceivedV2XMessage and nice -99999100
2020-05-23 21:57:37,967 DEBUG - #preProcessEvent at simulation time 85.000,000,000 s with resource class VehicleInfo and nice -99999800
2020-05-23 21:57:37,972 DEBUG - #preProcessEvent at simulation time 85.289,686,262 s with resource class ReceivedV2XMessage and nice -99999100
2020-05-23 21:57:37,975 DEBUG - #preProcessEvent at simulation time 86.000,000,000 s with resource class VehicleInfo and nice -99999800
2020-05-23 21:57:37,980 DEBUG - #preProcessEvent at simulation time 86.458,352,458 s with resource class ReceivedV2XMessage and nice -99999100
2020-05-23 21:57:37,982 DEBUG - #preProcessEvent at simulation time 87.000,000,000 s with resource class VehicleInfo and nice -99999800
2020-05-23 21:57:37,986 DEBUG - #preProcessEvent at simulation time 88.000,000,000 s with resource class VehicleInfo and nice -99999800
2020-05-23 21:57:37,991 DEBUG - #preProcessEvent at simulation time 88.345,171,872 s with resource class ReceivedV2XMessage and nice -99999100
2020-05-23 21:57:37,994 DEBUG - #preProcessEvent at simulation time 89.000,000,000 s with resource class VehicleInfo and nice -99999800
2020-05-23 21:57:37,998 DEBUG - #preProcessEvent at simulation time 90.000,000,000 s with resource class VehicleInfo and nice -99999800
2020-05-23 21:57:38,003 DEBUG - #preProcessEvent at simulation time 90.376,651,889 s with resource class ReceivedV2XMessage and nice -99999100
2020-05-23 21:57:38,006 DEBUG - #preProcessEvent at simulation time 91.000,000,000 s with resource class VehicleInfo and nice -99999800
2020-05-23 21:57:38,010 DEBUG - #preProcessEvent at simulation time 92.000,000,000 s with resource class VehicleInfo and nice -99999800
2020-05-23 21:57:38,012 DEBUG - #preProcessEvent at simulation time 92.141,966,139 s with resource class ReceivedV2XMessage and nice -99999100
2020-05-23 21:57:38,014 DEBUG - #preProcessEvent at simulation time 93.000,000,000 s with resource class VehicleInfo and nice -99999800
2020-05-23 21:57:38,016 DEBUG - #preProcessEvent at simulation time 94.000,000,000 s with resource class VehicleInfo and nice -99999800
2020-05-23 21:57:38,022 DEBUG - #preProcessEvent at simulation time 94.428,308,910 s with resource class ReceivedV2XMessage and nice -99999100
2020-05-23 21:57:38,026 DEBUG - #preProcessEvent at simulation time 95.000,000,000 s with resource class VehicleInfo and nice -99999800
2020-05-23 21:57:38,033 DEBUG - #preProcessEvent at simulation time 95.365,163,381 s with resource class ReceivedV2XMessage and nice -99999100
2020-05-23 21:57:38,075 DEBUG - #preProcessEvent at simulation time 96.000,000,000 s with resource class VehicleInfo and nice -99999800
2020-05-23 21:57:38,147 DEBUG - #preProcessEvent at simulation time 96.200,211,551 s with resource class ReceivedV2XMessage and nice -99999100
2020-05-23 21:57:38,147 DEBUG - #preProcessEvent at simulation time 96.279,896,674 s with resource class ReceivedV2XMessage and nice -99999100
2020-05-23 21:57:38,154 DEBUG - #preProcessEvent at simulation time 97.000,000,000 s with resource class VehicleInfo and nice -99999800
2020-05-23 21:57:38,159 DEBUG - #preProcessEvent at simulation time 97.190,074,173 s with resource class ReceivedV2XMessage and nice -99999100
2020-05-23 21:57:38,162 DEBUG - #preProcessEvent at simulation time 98.000,000,000 s with resource class VehicleInfo and nice -99999800
2020-05-23 21:57:38,169 DEBUG - #preProcessEvent at simulation time 98.350,192,732 s with resource class ReceivedV2XMessage and nice -99999100
2020-05-23 21:57:38,172 DEBUG - #preProcessEvent at simulation time 99.000,000,000 s with resource class VehicleInfo and nice -99999800
2020-05-23 21:57:38,175 DEBUG - #preProcessEvent at simulation time 100.000,000,000 s with resource class VehicleInfo and nice -99999800
2020-05-23 21:57:38,180 DEBUG - #preProcessEvent at simulation time 100.256,593,728 s with resource class ReceivedV2XMessage and nice -99999100
2020-05-23 21:57:38,184 DEBUG - #preProcessEvent at simulation time 101.000,000,000 s with resource class VehicleInfo and nice -99999800
2020-05-23 21:57:38,186 DEBUG - #preProcessEvent at simulation time 102.000,000,000 s with resource class VehicleInfo and nice -99999800
2020-05-23 21:57:38,192 DEBUG - #preProcessEvent at simulation time 102.204,902,105 s with resource class ReceivedV2XMessage and nice -99999100
2020-05-23 21:57:38,195 DEBUG - #preProcessEvent at simulation time 103.000,000,000 s with resource class VehicleInfo and nice -99999800
2020-05-23 21:57:38,198 DEBUG - #preProcessEvent at simulation time 104.000,000,000 s with resource class VehicleInfo and nice -99999800
2020-05-23 21:57:38,201 DEBUG - #preProcessEvent at simulation time 104.441,369,283 s with resource class ReceivedV2XMessage and nice -99999100
2020-05-23 21:57:38,203 DEBUG - #preProcessEvent at simulation time 105.000,000,000 s with resource class VehicleInfo and nice -99999800
2020-05-23 21:57:38,207 DEBUG - #preProcessEvent at simulation time 106.000,000,000 s with resource class VehicleInfo and nice -99999800
2020-05-23 21:57:38,210 DEBUG - #preProcessEvent at simulation time 106.190,580,748 s with resource class ReceivedV2XMessage and nice -99999100
2020-05-23 21:57:38,212 DEBUG - #preProcessEvent at simulation time 107.000,000,000 s with resource class VehicleInfo and nice -99999800
2020-05-23 21:57:38,215 DEBUG - #tearDown at simulation time 108.000,000,000 s
