2020-05-23 21:57:36,174 INFO - Initialize application (at simulation time 12.000,000,000 s)
2020-05-23 21:57:36,179 INFO - Activated AdHoc Module (at simulation time 12.000,000,000 s)
2020-05-23 21:57:36,262 INFO - Received event: 12000 (at simulation time IntraVehicleMsg)
2020-05-23 21:57:36,296 INFO - Received event: 13000 (at simulation time IntraVehicleMsg)
2020-05-23 21:57:36,333 INFO - Received event: 14000 (at simulation time IntraVehicleMsg)
2020-05-23 21:57:36,335 INFO - Received V2X Message from rsu_0 (at simulation time 14.000,400,000 s)
2020-05-23 21:57:36,488 INFO - Received event: 15000 (at simulation time IntraVehicleMsg)
2020-05-23 21:57:36,512 INFO - Received event: 16000 (at simulation time IntraVehicleMsg)
2020-05-23 21:57:36,514 INFO - Received V2X Message from rsu_0 (at simulation time 16.002,400,000 s)
2020-05-23 21:57:36,541 INFO - Received event: 17000 (at simulation time IntraVehicleMsg)
2020-05-23 21:57:36,571 INFO - Received event: 18000 (at simulation time IntraVehicleMsg)
2020-05-23 21:57:36,572 INFO - Received V2X Message from rsu_0 (at simulation time 18.001,400,000 s)
2020-05-23 21:57:36,597 INFO - Received event: 19000 (at simulation time IntraVehicleMsg)
2020-05-23 21:57:36,625 INFO - Received event: 20000 (at simulation time IntraVehicleMsg)
2020-05-23 21:57:36,626 INFO - Received V2X Message from rsu_0 (at simulation time 20.000,400,000 s)
2020-05-23 21:57:36,716 INFO - Received event: 21000 (at simulation time IntraVehicleMsg)
2020-05-23 21:57:36,727 INFO - Received event: 22000 (at simulation time IntraVehicleMsg)
2020-05-23 21:57:36,728 INFO - Received V2X Message from rsu_0 (at simulation time 22.000,900,000 s)
2020-05-23 21:57:36,745 INFO - Received event: 23000 (at simulation time IntraVehicleMsg)
2020-05-23 21:57:36,752 INFO - Received event: 24000 (at simulation time IntraVehicleMsg)
2020-05-23 21:57:36,753 INFO - Received V2X Message from rsu_0 (at simulation time 24.002,400,000 s)
2020-05-23 21:57:36,797 INFO - Received event: 25000 (at simulation time IntraVehicleMsg)
2020-05-23 21:57:36,804 INFO - Received event: 26000 (at simulation time IntraVehicleMsg)
2020-05-23 21:57:36,806 INFO - Received V2X Message from rsu_0 (at simulation time 26.001,900,000 s)
2020-05-23 21:57:36,818 INFO - Received event: 27000 (at simulation time IntraVehicleMsg)
2020-05-23 21:57:36,825 INFO - Received event: 28000 (at simulation time IntraVehicleMsg)
2020-05-23 21:57:36,826 INFO - Received V2X Message from rsu_0 (at simulation time 28.000,400,000 s)
2020-05-23 21:57:36,841 INFO - Received event: 29000 (at simulation time IntraVehicleMsg)
2020-05-23 21:57:36,875 INFO - Received event: 30000 (at simulation time IntraVehicleMsg)
2020-05-23 21:57:36,875 INFO - Received V2X Message from rsu_0 (at simulation time 30.000,400,000 s)
2020-05-23 21:57:36,947 INFO - Received event: 31000 (at simulation time IntraVehicleMsg)
2020-05-23 21:57:36,962 INFO - Received event: 32000 (at simulation time IntraVehicleMsg)
2020-05-23 21:57:36,965 INFO - Received V2X Message from rsu_0 (at simulation time 32.001,900,000 s)
2020-05-23 21:57:36,988 INFO - Received event: 33000 (at simulation time IntraVehicleMsg)
2020-05-23 21:57:36,996 INFO - Received event: 34000 (at simulation time IntraVehicleMsg)
2020-05-23 21:57:36,997 INFO - Received V2X Message from rsu_0 (at simulation time 34.000,400,000 s)
2020-05-23 21:57:37,015 INFO - Received event: 35000 (at simulation time IntraVehicleMsg)
2020-05-23 21:57:37,023 INFO - Received event: 36000 (at simulation time IntraVehicleMsg)
2020-05-23 21:57:37,024 INFO - Received V2X Message from rsu_0 (at simulation time 36.002,400,000 s)
2020-05-23 21:57:37,044 INFO - Received event: 37000 (at simulation time IntraVehicleMsg)
2020-05-23 21:57:37,071 INFO - Received event: 38000 (at simulation time IntraVehicleMsg)
2020-05-23 21:57:37,076 INFO - Received V2X Message from rsu_0 (at simulation time 38.000,400,000 s)
2020-05-23 21:57:37,107 INFO - Received event: 39000 (at simulation time IntraVehicleMsg)
2020-05-23 21:57:37,120 INFO - Received event: 40000 (at simulation time IntraVehicleMsg)
2020-05-23 21:57:37,122 INFO - Received V2X Message from rsu_0 (at simulation time 40.001,400,000 s)
2020-05-23 21:57:37,138 INFO - Received event: 41000 (at simulation time IntraVehicleMsg)
2020-05-23 21:57:37,146 INFO - Received event: 42000 (at simulation time IntraVehicleMsg)
2020-05-23 21:57:37,146 INFO - Received V2X Message from rsu_0 (at simulation time 42.000,400,000 s)
2020-05-23 21:57:37,163 INFO - Received event: 43000 (at simulation time IntraVehicleMsg)
2020-05-23 21:57:37,173 INFO - Received event: 44000 (at simulation time IntraVehicleMsg)
2020-05-23 21:57:37,174 INFO - Received V2X Message from rsu_0 (at simulation time 44.001,400,000 s)
2020-05-23 21:57:37,190 INFO - Received event: 45000 (at simulation time IntraVehicleMsg)
2020-05-23 21:57:37,196 INFO - Received event: 46000 (at simulation time IntraVehicleMsg)
2020-05-23 21:57:37,197 INFO - Received V2X Message from rsu_0 (at simulation time 46.001,900,000 s)
2020-05-23 21:57:37,217 INFO - Received event: 47000 (at simulation time IntraVehicleMsg)
2020-05-23 21:57:37,227 INFO - Received event: 48000 (at simulation time IntraVehicleMsg)
2020-05-23 21:57:37,228 INFO - Received V2X Message from rsu_0 (at simulation time 48.001,900,000 s)
2020-05-23 21:57:37,260 INFO - Received event: 49000 (at simulation time IntraVehicleMsg)
2020-05-23 21:57:37,330 INFO - Received event: 50000 (at simulation time IntraVehicleMsg)
2020-05-23 21:57:37,335 INFO - Received V2X Message from rsu_0 (at simulation time 50.000,900,000 s)
2020-05-23 21:57:37,354 INFO - Received event: 51000 (at simulation time IntraVehicleMsg)
2020-05-23 21:57:37,366 INFO - Received event: 52000 (at simulation time IntraVehicleMsg)
2020-05-23 21:57:37,367 INFO - Received V2X Message from rsu_0 (at simulation time 52.002,400,000 s)
2020-05-23 21:57:37,384 INFO - Received event: 53000 (at simulation time IntraVehicleMsg)
2020-05-23 21:57:37,395 INFO - Received event: 54000 (at simulation time IntraVehicleMsg)
2020-05-23 21:57:37,396 INFO - Received V2X Message from rsu_0 (at simulation time 54.002,400,000 s)
2020-05-23 21:57:37,410 INFO - Received event: 55000 (at simulation time IntraVehicleMsg)
2020-05-23 21:57:37,419 INFO - Received event: 56000 (at simulation time IntraVehicleMsg)
2020-05-23 21:57:37,419 INFO - Received V2X Message from rsu_0 (at simulation time 56.000,400,000 s)
2020-05-23 21:57:37,526 INFO - Received event: 57000 (at simulation time IntraVehicleMsg)
2020-05-23 21:57:37,537 INFO - Received event: 58000 (at simulation time IntraVehicleMsg)
2020-05-23 21:57:37,537 INFO - Received V2X Message from rsu_0 (at simulation time 58.001,900,000 s)
2020-05-23 21:57:37,550 INFO - Received event: 59000 (at simulation time IntraVehicleMsg)
2020-05-23 21:57:37,562 INFO - Received event: 60000 (at simulation time IntraVehicleMsg)
2020-05-23 21:57:37,563 INFO - Received V2X Message from rsu_0 (at simulation time 60.000,900,000 s)
2020-05-23 21:57:37,572 INFO - Received event: 61000 (at simulation time IntraVehicleMsg)
2020-05-23 21:57:37,578 INFO - Received event: 62000 (at simulation time IntraVehicleMsg)
2020-05-23 21:57:37,578 INFO - Received V2X Message from rsu_0 (at simulation time 62.001,900,000 s)
2020-05-23 21:57:37,588 INFO - Received event: 63000 (at simulation time IntraVehicleMsg)
2020-05-23 21:57:37,600 INFO - Received event: 64000 (at simulation time IntraVehicleMsg)
2020-05-23 21:57:37,601 INFO - Received V2X Message from rsu_0 (at simulation time 64.001,400,000 s)
2020-05-23 21:57:37,615 INFO - Received event: 65000 (at simulation time IntraVehicleMsg)
2020-05-23 21:57:37,625 INFO - Received event: 66000 (at simulation time IntraVehicleMsg)
2020-05-23 21:57:37,625 INFO - Received V2X Message from rsu_0 (at simulation time 66.001,400,000 s)
2020-05-23 21:57:37,644 INFO - Received event: 67000 (at simulation time IntraVehicleMsg)
2020-05-23 21:57:37,731 INFO - Received event: 68000 (at simulation time IntraVehicleMsg)
2020-05-23 21:57:37,740 INFO - Received V2X Message from rsu_0 (at simulation time 68.000,400,000 s)
2020-05-23 21:57:37,752 INFO - Reading sensor (at simulation time 69.000,000,000 s)
2020-05-23 21:57:37,753 INFO - Received event: 69000 (at simulation time IntraVehicleMsg)
2020-05-23 21:57:37,760 INFO - Reading sensor (at simulation time 70.000,000,000 s)
2020-05-23 21:57:37,764 INFO - Received event: 70000 (at simulation time IntraVehicleMsg)
2020-05-23 21:57:37,765 INFO - Received V2X Message from rsu_0 (at simulation time 70.002,400,000 s)
2020-05-23 21:57:37,773 INFO - Reading sensor (at simulation time 71.000,000,000 s)
2020-05-23 21:57:37,774 INFO - Received event: 71000 (at simulation time IntraVehicleMsg)
2020-05-23 21:57:37,777 INFO - Reading sensor (at simulation time 72.000,000,000 s)
2020-05-23 21:57:37,779 INFO - Received event: 72000 (at simulation time IntraVehicleMsg)
2020-05-23 21:57:37,780 INFO - Received V2X Message from rsu_0 (at simulation time 72.000,900,000 s)
2020-05-23 21:57:37,789 INFO - Received event: 73000 (at simulation time IntraVehicleMsg)
2020-05-23 21:57:37,800 INFO - Received event: 74000 (at simulation time IntraVehicleMsg)
2020-05-23 21:57:37,800 INFO - Received V2X Message from rsu_0 (at simulation time 74.001,900,000 s)
2020-05-23 21:57:37,811 INFO - Received event: 75000 (at simulation time IntraVehicleMsg)
2020-05-23 21:57:37,815 INFO - Received event: 76000 (at simulation time IntraVehicleMsg)
2020-05-23 21:57:37,816 INFO - Received V2X Message from rsu_0 (at simulation time 76.001,900,000 s)
2020-05-23 21:57:37,826 INFO - Received event: 77000 (at simulation time IntraVehicleMsg)
2020-05-23 21:57:37,859 INFO - Received event: 78000 (at simulation time IntraVehicleMsg)
2020-05-23 21:57:37,860 INFO - Received V2X Message from rsu_0 (at simulation time 78.000,400,000 s)
2020-05-23 21:57:37,912 INFO - Received event: 79000 (at simulation time IntraVehicleMsg)
2020-05-23 21:57:37,924 INFO - Received event: 80000 (at simulation time IntraVehicleMsg)
2020-05-23 21:57:37,925 INFO - Received V2X Message from rsu_0 (at simulation time 80.001,400,000 s)
2020-05-23 21:57:37,934 INFO - Received event: 81000 (at simulation time IntraVehicleMsg)
2020-05-23 21:57:37,942 INFO - Received event: 82000 (at simulation time IntraVehicleMsg)
2020-05-23 21:57:37,943 INFO - Received V2X Message from rsu_0 (at simulation time 82.000,900,000 s)
2020-05-23 21:57:37,951 INFO - Received event: 83000 (at simulation time IntraVehicleMsg)
2020-05-23 21:57:37,961 INFO - Received event: 84000 (at simulation time IntraVehicleMsg)
2020-05-23 21:57:37,961 INFO - Received V2X Message from rsu_0 (at simulation time 84.000,400,000 s)
2020-05-23 21:57:37,969 INFO - Received event: 85000 (at simulation time IntraVehicleMsg)
2020-05-23 21:57:37,977 INFO - Received event: 86000 (at simulation time IntraVehicleMsg)
2020-05-23 21:57:37,978 INFO - Received V2X Message from rsu_0 (at simulation time 86.000,400,000 s)
2020-05-23 21:57:37,983 INFO - Received event: 87000 (at simulation time IntraVehicleMsg)
2020-05-23 21:57:37,987 INFO - Received event: 88000 (at simulation time IntraVehicleMsg)
2020-05-23 21:57:37,989 INFO - Received V2X Message from rsu_0 (at simulation time 88.001,400,000 s)
2020-05-23 21:57:37,995 INFO - Received event: 89000 (at simulation time IntraVehicleMsg)
2020-05-23 21:57:37,998 INFO - Shutdown application (at simulation time 90.000,000,000 s)
