2020-05-23 21:57:36,171 DEBUG - Successfully instantiated the class com.columbia.vsimrti.applications.lasalle.vehicle.LasalleVehicle
2020-05-23 21:57:36,173 DEBUG - Successfully instantiated the class com.columbia.vsimrti.applications.lasalle.vehicle.LasalleVehicleSlave
2020-05-23 21:57:36,173 DEBUG - #tearUp at simulation time 12.000,000,000 s
2020-05-23 21:57:36,181 DEBUG - #preProcessEvent at simulation time 12.000,000,000 s with resource class VehicleInfo and nice -99999900
2020-05-23 21:57:36,262 DEBUG - #preProcessEvent at simulation time 12.000,000,010 s with resource class Event and nice 0
2020-05-23 21:57:36,262 DEBUG - #preProcessEvent at simulation time 12.000,000,010 s with resource class Event and nice 0
2020-05-23 21:57:36,280 DEBUG - #preProcessEvent at simulation time 13.000,000,000 s with resource class VehicleInfo and nice -99999800
2020-05-23 21:57:36,296 DEBUG - #preProcessEvent at simulation time 13.000,000,010 s with resource class Event and nice 0
2020-05-23 21:57:36,296 DEBUG - #preProcessEvent at simulation time 13.000,000,010 s with resource class Event and nice 0
2020-05-23 21:57:36,325 DEBUG - #preProcessEvent at simulation time 14.000,000,000 s with resource class VehicleInfo and nice -99999800
2020-05-23 21:57:36,333 DEBUG - #preProcessEvent at simulation time 14.000,000,010 s with resource class Event and nice 0
2020-05-23 21:57:36,333 DEBUG - #preProcessEvent at simulation time 14.000,000,010 s with resource class Event and nice 0
2020-05-23 21:57:36,334 DEBUG - #preProcessEvent at simulation time 14.000,400,000 s with resource class ReceivedV2XMessage and nice -99999100
2020-05-23 21:57:36,448 DEBUG - #preProcessEvent at simulation time 15.000,000,000 s with resource class VehicleInfo and nice -99999800
2020-05-23 21:57:36,487 DEBUG - #preProcessEvent at simulation time 15.000,000,010 s with resource class Event and nice 0
2020-05-23 21:57:36,488 DEBUG - #preProcessEvent at simulation time 15.000,000,010 s with resource class Event and nice 0
2020-05-23 21:57:36,503 DEBUG - #preProcessEvent at simulation time 16.000,000,000 s with resource class VehicleInfo and nice -99999800
2020-05-23 21:57:36,512 DEBUG - #preProcessEvent at simulation time 16.000,000,010 s with resource class Event and nice 0
2020-05-23 21:57:36,512 DEBUG - #preProcessEvent at simulation time 16.000,000,010 s with resource class Event and nice 0
2020-05-23 21:57:36,513 DEBUG - #preProcessEvent at simulation time 16.002,400,000 s with resource class ReceivedV2XMessage and nice -99999100
2020-05-23 21:57:36,539 DEBUG - #preProcessEvent at simulation time 17.000,000,000 s with resource class VehicleInfo and nice -99999800
2020-05-23 21:57:36,540 DEBUG - #preProcessEvent at simulation time 17.000,000,010 s with resource class Event and nice 0
2020-05-23 21:57:36,541 DEBUG - #preProcessEvent at simulation time 17.000,000,010 s with resource class Event and nice 0
2020-05-23 21:57:36,567 DEBUG - #preProcessEvent at simulation time 18.000,000,000 s with resource class VehicleInfo and nice -99999800
2020-05-23 21:57:36,571 DEBUG - #preProcessEvent at simulation time 18.000,000,010 s with resource class Event and nice 0
2020-05-23 21:57:36,571 DEBUG - #preProcessEvent at simulation time 18.000,000,010 s with resource class Event and nice 0
2020-05-23 21:57:36,572 DEBUG - #preProcessEvent at simulation time 18.001,400,000 s with resource class ReceivedV2XMessage and nice -99999100
2020-05-23 21:57:36,595 DEBUG - #preProcessEvent at simulation time 19.000,000,000 s with resource class VehicleInfo and nice -99999800
2020-05-23 21:57:36,597 DEBUG - #preProcessEvent at simulation time 19.000,000,010 s with resource class Event and nice 0
2020-05-23 21:57:36,597 DEBUG - #preProcessEvent at simulation time 19.000,000,010 s with resource class Event and nice 0
2020-05-23 21:57:36,614 DEBUG - #preProcessEvent at simulation time 20.000,000,000 s with resource class VehicleInfo and nice -99999800
2020-05-23 21:57:36,625 DEBUG - #preProcessEvent at simulation time 20.000,000,010 s with resource class Event and nice 0
2020-05-23 21:57:36,625 DEBUG - #preProcessEvent at simulation time 20.000,000,010 s with resource class Event and nice 0
2020-05-23 21:57:36,626 DEBUG - #preProcessEvent at simulation time 20.000,400,000 s with resource class ReceivedV2XMessage and nice -99999100
2020-05-23 21:57:36,706 DEBUG - #preProcessEvent at simulation time 21.000,000,000 s with resource class VehicleInfo and nice -99999800
2020-05-23 21:57:36,716 DEBUG - #preProcessEvent at simulation time 21.000,000,010 s with resource class Event and nice 0
2020-05-23 21:57:36,716 DEBUG - #preProcessEvent at simulation time 21.000,000,010 s with resource class Event and nice 0
2020-05-23 21:57:36,722 DEBUG - #preProcessEvent at simulation time 22.000,000,000 s with resource class VehicleInfo and nice -99999800
2020-05-23 21:57:36,727 DEBUG - #preProcessEvent at simulation time 22.000,000,010 s with resource class Event and nice 0
2020-05-23 21:57:36,727 DEBUG - #preProcessEvent at simulation time 22.000,000,010 s with resource class Event and nice 0
2020-05-23 21:57:36,728 DEBUG - #preProcessEvent at simulation time 22.000,900,000 s with resource class ReceivedV2XMessage and nice -99999100
2020-05-23 21:57:36,743 DEBUG - #preProcessEvent at simulation time 23.000,000,000 s with resource class VehicleInfo and nice -99999800
2020-05-23 21:57:36,745 DEBUG - #preProcessEvent at simulation time 23.000,000,010 s with resource class Event and nice 0
2020-05-23 21:57:36,745 DEBUG - #preProcessEvent at simulation time 23.000,000,010 s with resource class Event and nice 0
2020-05-23 21:57:36,749 DEBUG - #preProcessEvent at simulation time 24.000,000,000 s with resource class VehicleInfo and nice -99999800
2020-05-23 21:57:36,752 DEBUG - #preProcessEvent at simulation time 24.000,000,010 s with resource class Event and nice 0
2020-05-23 21:57:36,752 DEBUG - #preProcessEvent at simulation time 24.000,000,010 s with resource class Event and nice 0
2020-05-23 21:57:36,753 DEBUG - #preProcessEvent at simulation time 24.002,400,000 s with resource class ReceivedV2XMessage and nice -99999100
2020-05-23 21:57:36,790 DEBUG - #preProcessEvent at simulation time 25.000,000,000 s with resource class VehicleInfo and nice -99999800
2020-05-23 21:57:36,796 DEBUG - #preProcessEvent at simulation time 25.000,000,010 s with resource class Event and nice 0
2020-05-23 21:57:36,797 DEBUG - #preProcessEvent at simulation time 25.000,000,010 s with resource class Event and nice 0
2020-05-23 21:57:36,801 DEBUG - #preProcessEvent at simulation time 26.000,000,000 s with resource class VehicleInfo and nice -99999800
2020-05-23 21:57:36,804 DEBUG - #preProcessEvent at simulation time 26.000,000,010 s with resource class Event and nice 0
2020-05-23 21:57:36,804 DEBUG - #preProcessEvent at simulation time 26.000,000,010 s with resource class Event and nice 0
2020-05-23 21:57:36,806 DEBUG - #preProcessEvent at simulation time 26.001,900,000 s with resource class ReceivedV2XMessage and nice -99999100
2020-05-23 21:57:36,817 DEBUG - #preProcessEvent at simulation time 27.000,000,000 s with resource class VehicleInfo and nice -99999800
2020-05-23 21:57:36,818 DEBUG - #preProcessEvent at simulation time 27.000,000,010 s with resource class Event and nice 0
2020-05-23 21:57:36,818 DEBUG - #preProcessEvent at simulation time 27.000,000,010 s with resource class Event and nice 0
2020-05-23 21:57:36,822 DEBUG - #preProcessEvent at simulation time 28.000,000,000 s with resource class VehicleInfo and nice -99999800
2020-05-23 21:57:36,825 DEBUG - #preProcessEvent at simulation time 28.000,000,010 s with resource class Event and nice 0
2020-05-23 21:57:36,825 DEBUG - #preProcessEvent at simulation time 28.000,000,010 s with resource class Event and nice 0
2020-05-23 21:57:36,826 DEBUG - #preProcessEvent at simulation time 28.000,400,000 s with resource class ReceivedV2XMessage and nice -99999100
2020-05-23 21:57:36,837 DEBUG - #preProcessEvent at simulation time 29.000,000,000 s with resource class VehicleInfo and nice -99999800
2020-05-23 21:57:36,839 DEBUG - #preProcessEvent at simulation time 29.000,000,010 s with resource class Event and nice 0
2020-05-23 21:57:36,841 DEBUG - #preProcessEvent at simulation time 29.000,000,010 s with resource class Event and nice 0
2020-05-23 21:57:36,849 DEBUG - #preProcessEvent at simulation time 30.000,000,000 s with resource class VehicleInfo and nice -99999800
2020-05-23 21:57:36,875 DEBUG - #preProcessEvent at simulation time 30.000,000,010 s with resource class Event and nice 0
2020-05-23 21:57:36,875 DEBUG - #preProcessEvent at simulation time 30.000,000,010 s with resource class Event and nice 0
2020-05-23 21:57:36,875 DEBUG - #preProcessEvent at simulation time 30.000,400,000 s with resource class ReceivedV2XMessage and nice -99999100
2020-05-23 21:57:36,945 DEBUG - #preProcessEvent at simulation time 31.000,000,000 s with resource class VehicleInfo and nice -99999800
2020-05-23 21:57:36,947 DEBUG - #preProcessEvent at simulation time 31.000,000,010 s with resource class Event and nice 0
2020-05-23 21:57:36,947 DEBUG - #preProcessEvent at simulation time 31.000,000,010 s with resource class Event and nice 0
2020-05-23 21:57:36,959 DEBUG - #preProcessEvent at simulation time 32.000,000,000 s with resource class VehicleInfo and nice -99999800
2020-05-23 21:57:36,962 DEBUG - #preProcessEvent at simulation time 32.000,000,010 s with resource class Event and nice 0
2020-05-23 21:57:36,963 DEBUG - #preProcessEvent at simulation time 32.000,000,010 s with resource class Event and nice 0
2020-05-23 21:57:36,965 DEBUG - #preProcessEvent at simulation time 32.001,900,000 s with resource class ReceivedV2XMessage and nice -99999100
2020-05-23 21:57:36,987 DEBUG - #preProcessEvent at simulation time 33.000,000,000 s with resource class VehicleInfo and nice -99999800
2020-05-23 21:57:36,988 DEBUG - #preProcessEvent at simulation time 33.000,000,010 s with resource class Event and nice 0
2020-05-23 21:57:36,988 DEBUG - #preProcessEvent at simulation time 33.000,000,010 s with resource class Event and nice 0
2020-05-23 21:57:36,993 DEBUG - #preProcessEvent at simulation time 34.000,000,000 s with resource class VehicleInfo and nice -99999800
2020-05-23 21:57:36,996 DEBUG - #preProcessEvent at simulation time 34.000,000,010 s with resource class Event and nice 0
2020-05-23 21:57:36,996 DEBUG - #preProcessEvent at simulation time 34.000,000,010 s with resource class Event and nice 0
2020-05-23 21:57:36,997 DEBUG - #preProcessEvent at simulation time 34.000,400,000 s with resource class ReceivedV2XMessage and nice -99999100
2020-05-23 21:57:37,012 DEBUG - #preProcessEvent at simulation time 35.000,000,000 s with resource class VehicleInfo and nice -99999800
2020-05-23 21:57:37,015 DEBUG - #preProcessEvent at simulation time 35.000,000,010 s with resource class Event and nice 0
2020-05-23 21:57:37,015 DEBUG - #preProcessEvent at simulation time 35.000,000,010 s with resource class Event and nice 0
2020-05-23 21:57:37,019 DEBUG - #preProcessEvent at simulation time 36.000,000,000 s with resource class VehicleInfo and nice -99999800
2020-05-23 21:57:37,023 DEBUG - #preProcessEvent at simulation time 36.000,000,010 s with resource class Event and nice 0
2020-05-23 21:57:37,023 DEBUG - #preProcessEvent at simulation time 36.000,000,010 s with resource class Event and nice 0
2020-05-23 21:57:37,024 DEBUG - #preProcessEvent at simulation time 36.002,400,000 s with resource class ReceivedV2XMessage and nice -99999100
2020-05-23 21:57:37,043 DEBUG - #preProcessEvent at simulation time 37.000,000,000 s with resource class VehicleInfo and nice -99999800
2020-05-23 21:57:37,044 DEBUG - #preProcessEvent at simulation time 37.000,000,010 s with resource class Event and nice 0
2020-05-23 21:57:37,044 DEBUG - #preProcessEvent at simulation time 37.000,000,010 s with resource class Event and nice 0
2020-05-23 21:57:37,057 DEBUG - #preProcessEvent at simulation time 38.000,000,000 s with resource class VehicleInfo and nice -99999800
2020-05-23 21:57:37,070 DEBUG - #preProcessEvent at simulation time 38.000,000,010 s with resource class Event and nice 0
2020-05-23 21:57:37,072 DEBUG - #preProcessEvent at simulation time 38.000,000,010 s with resource class Event and nice 0
2020-05-23 21:57:37,076 DEBUG - #preProcessEvent at simulation time 38.000,400,000 s with resource class ReceivedV2XMessage and nice -99999100
2020-05-23 21:57:37,103 DEBUG - #preProcessEvent at simulation time 39.000,000,000 s with resource class VehicleInfo and nice -99999800
2020-05-23 21:57:37,107 DEBUG - #preProcessEvent at simulation time 39.000,000,010 s with resource class Event and nice 0
2020-05-23 21:57:37,107 DEBUG - #preProcessEvent at simulation time 39.000,000,010 s with resource class Event and nice 0
2020-05-23 21:57:37,112 DEBUG - #preProcessEvent at simulation time 40.000,000,000 s with resource class VehicleInfo and nice -99999800
2020-05-23 21:57:37,120 DEBUG - #preProcessEvent at simulation time 40.000,000,010 s with resource class Event and nice 0
2020-05-23 21:57:37,121 DEBUG - #preProcessEvent at simulation time 40.000,000,010 s with resource class Event and nice 0
2020-05-23 21:57:37,122 DEBUG - #preProcessEvent at simulation time 40.001,400,000 s with resource class ReceivedV2XMessage and nice -99999100
2020-05-23 21:57:37,134 DEBUG - #preProcessEvent at simulation time 41.000,000,000 s with resource class VehicleInfo and nice -99999800
2020-05-23 21:57:37,138 DEBUG - #preProcessEvent at simulation time 41.000,000,010 s with resource class Event and nice 0
2020-05-23 21:57:37,138 DEBUG - #preProcessEvent at simulation time 41.000,000,010 s with resource class Event and nice 0
2020-05-23 21:57:37,144 DEBUG - #preProcessEvent at simulation time 42.000,000,000 s with resource class VehicleInfo and nice -99999800
2020-05-23 21:57:37,146 DEBUG - #preProcessEvent at simulation time 42.000,000,010 s with resource class Event and nice 0
2020-05-23 21:57:37,146 DEBUG - #preProcessEvent at simulation time 42.000,000,010 s with resource class Event and nice 0
2020-05-23 21:57:37,146 DEBUG - #preProcessEvent at simulation time 42.000,400,000 s with resource class ReceivedV2XMessage and nice -99999100
2020-05-23 21:57:37,162 DEBUG - #preProcessEvent at simulation time 43.000,000,000 s with resource class VehicleInfo and nice -99999800
2020-05-23 21:57:37,163 DEBUG - #preProcessEvent at simulation time 43.000,000,010 s with resource class Event and nice 0
2020-05-23 21:57:37,163 DEBUG - #preProcessEvent at simulation time 43.000,000,010 s with resource class Event and nice 0
2020-05-23 21:57:37,169 DEBUG - #preProcessEvent at simulation time 44.000,000,000 s with resource class VehicleInfo and nice -99999800
2020-05-23 21:57:37,173 DEBUG - #preProcessEvent at simulation time 44.000,000,010 s with resource class Event and nice 0
2020-05-23 21:57:37,173 DEBUG - #preProcessEvent at simulation time 44.000,000,010 s with resource class Event and nice 0
2020-05-23 21:57:37,174 DEBUG - #preProcessEvent at simulation time 44.001,400,000 s with resource class ReceivedV2XMessage and nice -99999100
2020-05-23 21:57:37,186 DEBUG - #preProcessEvent at simulation time 45.000,000,000 s with resource class VehicleInfo and nice -99999800
2020-05-23 21:57:37,190 DEBUG - #preProcessEvent at simulation time 45.000,000,010 s with resource class Event and nice 0
2020-05-23 21:57:37,190 DEBUG - #preProcessEvent at simulation time 45.000,000,010 s with resource class Event and nice 0
2020-05-23 21:57:37,194 DEBUG - #preProcessEvent at simulation time 46.000,000,000 s with resource class VehicleInfo and nice -99999800
2020-05-23 21:57:37,196 DEBUG - #preProcessEvent at simulation time 46.000,000,010 s with resource class Event and nice 0
2020-05-23 21:57:37,196 DEBUG - #preProcessEvent at simulation time 46.000,000,010 s with resource class Event and nice 0
2020-05-23 21:57:37,197 DEBUG - #preProcessEvent at simulation time 46.001,900,000 s with resource class ReceivedV2XMessage and nice -99999100
2020-05-23 21:57:37,215 DEBUG - #preProcessEvent at simulation time 47.000,000,000 s with resource class VehicleInfo and nice -99999800
2020-05-23 21:57:37,217 DEBUG - #preProcessEvent at simulation time 47.000,000,010 s with resource class Event and nice 0
2020-05-23 21:57:37,217 DEBUG - #preProcessEvent at simulation time 47.000,000,010 s with resource class Event and nice 0
2020-05-23 21:57:37,222 DEBUG - #preProcessEvent at simulation time 48.000,000,000 s with resource class VehicleInfo and nice -99999800
2020-05-23 21:57:37,227 DEBUG - #preProcessEvent at simulation time 48.000,000,010 s with resource class Event and nice 0
2020-05-23 21:57:37,227 DEBUG - #preProcessEvent at simulation time 48.000,000,010 s with resource class Event and nice 0
2020-05-23 21:57:37,228 DEBUG - #preProcessEvent at simulation time 48.001,900,000 s with resource class ReceivedV2XMessage and nice -99999100
2020-05-23 21:57:37,258 DEBUG - #preProcessEvent at simulation time 49.000,000,000 s with resource class VehicleInfo and nice -99999800
2020-05-23 21:57:37,260 DEBUG - #preProcessEvent at simulation time 49.000,000,010 s with resource class Event and nice 0
2020-05-23 21:57:37,260 DEBUG - #preProcessEvent at simulation time 49.000,000,010 s with resource class Event and nice 0
2020-05-23 21:57:37,320 DEBUG - #preProcessEvent at simulation time 50.000,000,000 s with resource class VehicleInfo and nice -99999800
2020-05-23 21:57:37,329 DEBUG - #preProcessEvent at simulation time 50.000,000,010 s with resource class Event and nice 0
2020-05-23 21:57:37,330 DEBUG - #preProcessEvent at simulation time 50.000,000,010 s with resource class Event and nice 0
2020-05-23 21:57:37,335 DEBUG - #preProcessEvent at simulation time 50.000,900,000 s with resource class ReceivedV2XMessage and nice -99999100
2020-05-23 21:57:37,353 DEBUG - #preProcessEvent at simulation time 51.000,000,000 s with resource class VehicleInfo and nice -99999800
2020-05-23 21:57:37,354 DEBUG - #preProcessEvent at simulation time 51.000,000,010 s with resource class Event and nice 0
2020-05-23 21:57:37,355 DEBUG - #preProcessEvent at simulation time 51.000,000,010 s with resource class Event and nice 0
2020-05-23 21:57:37,363 DEBUG - #preProcessEvent at simulation time 52.000,000,000 s with resource class VehicleInfo and nice -99999800
2020-05-23 21:57:37,366 DEBUG - #preProcessEvent at simulation time 52.000,000,010 s with resource class Event and nice 0
2020-05-23 21:57:37,366 DEBUG - #preProcessEvent at simulation time 52.000,000,010 s with resource class Event and nice 0
2020-05-23 21:57:37,367 DEBUG - #preProcessEvent at simulation time 52.002,400,000 s with resource class ReceivedV2XMessage and nice -99999100
2020-05-23 21:57:37,383 DEBUG - #preProcessEvent at simulation time 53.000,000,000 s with resource class VehicleInfo and nice -99999800
2020-05-23 21:57:37,384 DEBUG - #preProcessEvent at simulation time 53.000,000,010 s with resource class Event and nice 0
2020-05-23 21:57:37,384 DEBUG - #preProcessEvent at simulation time 53.000,000,010 s with resource class Event and nice 0
2020-05-23 21:57:37,392 DEBUG - #preProcessEvent at simulation time 54.000,000,000 s with resource class VehicleInfo and nice -99999800
2020-05-23 21:57:37,395 DEBUG - #preProcessEvent at simulation time 54.000,000,010 s with resource class Event and nice 0
2020-05-23 21:57:37,395 DEBUG - #preProcessEvent at simulation time 54.000,000,010 s with resource class Event and nice 0
2020-05-23 21:57:37,396 DEBUG - #preProcessEvent at simulation time 54.002,400,000 s with resource class ReceivedV2XMessage and nice -99999100
2020-05-23 21:57:37,406 DEBUG - #preProcessEvent at simulation time 55.000,000,000 s with resource class VehicleInfo and nice -99999800
2020-05-23 21:57:37,410 DEBUG - #preProcessEvent at simulation time 55.000,000,010 s with resource class Event and nice 0
2020-05-23 21:57:37,410 DEBUG - #preProcessEvent at simulation time 55.000,000,010 s with resource class Event and nice 0
2020-05-23 21:57:37,415 DEBUG - #preProcessEvent at simulation time 56.000,000,000 s with resource class VehicleInfo and nice -99999800
2020-05-23 21:57:37,419 DEBUG - #preProcessEvent at simulation time 56.000,000,010 s with resource class Event and nice 0
2020-05-23 21:57:37,419 DEBUG - #preProcessEvent at simulation time 56.000,000,010 s with resource class Event and nice 0
2020-05-23 21:57:37,419 DEBUG - #preProcessEvent at simulation time 56.000,400,000 s with resource class ReceivedV2XMessage and nice -99999100
2020-05-23 21:57:37,525 DEBUG - #preProcessEvent at simulation time 57.000,000,000 s with resource class VehicleInfo and nice -99999800
2020-05-23 21:57:37,526 DEBUG - #preProcessEvent at simulation time 57.000,000,010 s with resource class Event and nice 0
2020-05-23 21:57:37,526 DEBUG - #preProcessEvent at simulation time 57.000,000,010 s with resource class Event and nice 0
2020-05-23 21:57:37,531 DEBUG - #preProcessEvent at simulation time 58.000,000,000 s with resource class VehicleInfo and nice -99999800
2020-05-23 21:57:37,537 DEBUG - #preProcessEvent at simulation time 58.000,000,010 s with resource class Event and nice 0
2020-05-23 21:57:37,537 DEBUG - #preProcessEvent at simulation time 58.000,000,010 s with resource class Event and nice 0
2020-05-23 21:57:37,537 DEBUG - #preProcessEvent at simulation time 58.001,900,000 s with resource class ReceivedV2XMessage and nice -99999100
2020-05-23 21:57:37,549 DEBUG - #preProcessEvent at simulation time 59.000,000,000 s with resource class VehicleInfo and nice -99999800
2020-05-23 21:57:37,550 DEBUG - #preProcessEvent at simulation time 59.000,000,010 s with resource class Event and nice 0
2020-05-23 21:57:37,550 DEBUG - #preProcessEvent at simulation time 59.000,000,010 s with resource class Event and nice 0
2020-05-23 21:57:37,558 DEBUG - #preProcessEvent at simulation time 60.000,000,000 s with resource class VehicleInfo and nice -99999800
2020-05-23 21:57:37,562 DEBUG - #preProcessEvent at simulation time 60.000,000,010 s with resource class Event and nice 0
2020-05-23 21:57:37,563 DEBUG - #preProcessEvent at simulation time 60.000,000,010 s with resource class Event and nice 0
2020-05-23 21:57:37,563 DEBUG - #preProcessEvent at simulation time 60.000,900,000 s with resource class ReceivedV2XMessage and nice -99999100
2020-05-23 21:57:37,571 DEBUG - #preProcessEvent at simulation time 61.000,000,000 s with resource class VehicleInfo and nice -99999800
2020-05-23 21:57:37,572 DEBUG - #preProcessEvent at simulation time 61.000,000,010 s with resource class Event and nice 0
2020-05-23 21:57:37,572 DEBUG - #preProcessEvent at simulation time 61.000,000,010 s with resource class Event and nice 0
2020-05-23 21:57:37,576 DEBUG - #preProcessEvent at simulation time 62.000,000,000 s with resource class VehicleInfo and nice -99999800
2020-05-23 21:57:37,578 DEBUG - #preProcessEvent at simulation time 62.000,000,010 s with resource class Event and nice 0
2020-05-23 21:57:37,578 DEBUG - #preProcessEvent at simulation time 62.000,000,010 s with resource class Event and nice 0
2020-05-23 21:57:37,578 DEBUG - #preProcessEvent at simulation time 62.001,900,000 s with resource class ReceivedV2XMessage and nice -99999100
2020-05-23 21:57:37,586 DEBUG - #preProcessEvent at simulation time 63.000,000,000 s with resource class VehicleInfo and nice -99999800
2020-05-23 21:57:37,588 DEBUG - #preProcessEvent at simulation time 63.000,000,010 s with resource class Event and nice 0
2020-05-23 21:57:37,588 DEBUG - #preProcessEvent at simulation time 63.000,000,010 s with resource class Event and nice 0
2020-05-23 21:57:37,598 DEBUG - #preProcessEvent at simulation time 64.000,000,000 s with resource class VehicleInfo and nice -99999800
2020-05-23 21:57:37,600 DEBUG - #preProcessEvent at simulation time 64.000,000,010 s with resource class Event and nice 0
2020-05-23 21:57:37,600 DEBUG - #preProcessEvent at simulation time 64.000,000,010 s with resource class Event and nice 0
2020-05-23 21:57:37,601 DEBUG - #preProcessEvent at simulation time 64.001,400,000 s with resource class ReceivedV2XMessage and nice -99999100
2020-05-23 21:57:37,613 DEBUG - #preProcessEvent at simulation time 65.000,000,000 s with resource class VehicleInfo and nice -99999800
2020-05-23 21:57:37,615 DEBUG - #preProcessEvent at simulation time 65.000,000,010 s with resource class Event and nice 0
2020-05-23 21:57:37,615 DEBUG - #preProcessEvent at simulation time 65.000,000,010 s with resource class Event and nice 0
2020-05-23 21:57:37,621 DEBUG - #preProcessEvent at simulation time 66.000,000,000 s with resource class VehicleInfo and nice -99999800
2020-05-23 21:57:37,625 DEBUG - #preProcessEvent at simulation time 66.000,000,010 s with resource class Event and nice 0
2020-05-23 21:57:37,625 DEBUG - #preProcessEvent at simulation time 66.000,000,010 s with resource class Event and nice 0
2020-05-23 21:57:37,625 DEBUG - #preProcessEvent at simulation time 66.001,400,000 s with resource class ReceivedV2XMessage and nice -99999100
2020-05-23 21:57:37,639 DEBUG - #preProcessEvent at simulation time 67.000,000,000 s with resource class VehicleInfo and nice -99999800
2020-05-23 21:57:37,644 DEBUG - #preProcessEvent at simulation time 67.000,000,010 s with resource class Event and nice 0
2020-05-23 21:57:37,644 DEBUG - #preProcessEvent at simulation time 67.000,000,010 s with resource class Event and nice 0
2020-05-23 21:57:37,654 DEBUG - #preProcessEvent at simulation time 68.000,000,000 s with resource class VehicleInfo and nice -99999800
2020-05-23 21:57:37,731 DEBUG - #preProcessEvent at simulation time 68.000,000,010 s with resource class Event and nice 0
2020-05-23 21:57:37,731 DEBUG - #preProcessEvent at simulation time 68.000,000,010 s with resource class Event and nice 0
2020-05-23 21:57:37,740 DEBUG - #preProcessEvent at simulation time 68.000,400,000 s with resource class ReceivedV2XMessage and nice -99999100
2020-05-23 21:57:37,752 DEBUG - #preProcessEvent at simulation time 69.000,000,000 s with resource class VehicleInfo and nice -99999800
2020-05-23 21:57:37,753 DEBUG - #preProcessEvent at simulation time 69.000,000,010 s with resource class Event and nice 0
2020-05-23 21:57:37,753 DEBUG - #preProcessEvent at simulation time 69.000,000,010 s with resource class Event and nice 0
2020-05-23 21:57:37,760 DEBUG - #preProcessEvent at simulation time 70.000,000,000 s with resource class VehicleInfo and nice -99999800
2020-05-23 21:57:37,764 DEBUG - #preProcessEvent at simulation time 70.000,000,010 s with resource class Event and nice 0
2020-05-23 21:57:37,764 DEBUG - #preProcessEvent at simulation time 70.000,000,010 s with resource class Event and nice 0
2020-05-23 21:57:37,765 DEBUG - #preProcessEvent at simulation time 70.002,400,000 s with resource class ReceivedV2XMessage and nice -99999100
2020-05-23 21:57:37,773 DEBUG - #preProcessEvent at simulation time 71.000,000,000 s with resource class VehicleInfo and nice -99999800
2020-05-23 21:57:37,774 DEBUG - #preProcessEvent at simulation time 71.000,000,010 s with resource class Event and nice 0
2020-05-23 21:57:37,774 DEBUG - #preProcessEvent at simulation time 71.000,000,010 s with resource class Event and nice 0
2020-05-23 21:57:37,777 DEBUG - #preProcessEvent at simulation time 72.000,000,000 s with resource class VehicleInfo and nice -99999800
2020-05-23 21:57:37,779 DEBUG - #preProcessEvent at simulation time 72.000,000,010 s with resource class Event and nice 0
2020-05-23 21:57:37,779 DEBUG - #preProcessEvent at simulation time 72.000,000,010 s with resource class Event and nice 0
2020-05-23 21:57:37,780 DEBUG - #preProcessEvent at simulation time 72.000,900,000 s with resource class ReceivedV2XMessage and nice -99999100
2020-05-23 21:57:37,788 DEBUG - #preProcessEvent at simulation time 73.000,000,000 s with resource class VehicleInfo and nice -99999800
2020-05-23 21:57:37,789 DEBUG - #preProcessEvent at simulation time 73.000,000,010 s with resource class Event and nice 0
2020-05-23 21:57:37,789 DEBUG - #preProcessEvent at simulation time 73.000,000,010 s with resource class Event and nice 0
2020-05-23 21:57:37,797 DEBUG - #preProcessEvent at simulation time 74.000,000,000 s with resource class VehicleInfo and nice -99999800
2020-05-23 21:57:37,799 DEBUG - #preProcessEvent at simulation time 74.000,000,010 s with resource class Event and nice 0
2020-05-23 21:57:37,800 DEBUG - #preProcessEvent at simulation time 74.000,000,010 s with resource class Event and nice 0
2020-05-23 21:57:37,800 DEBUG - #preProcessEvent at simulation time 74.001,900,000 s with resource class ReceivedV2XMessage and nice -99999100
2020-05-23 21:57:37,809 DEBUG - #preProcessEvent at simulation time 75.000,000,000 s with resource class VehicleInfo and nice -99999800
2020-05-23 21:57:37,811 DEBUG - #preProcessEvent at simulation time 75.000,000,010 s with resource class Event and nice 0
2020-05-23 21:57:37,811 DEBUG - #preProcessEvent at simulation time 75.000,000,010 s with resource class Event and nice 0
2020-05-23 21:57:37,814 DEBUG - #preProcessEvent at simulation time 76.000,000,000 s with resource class VehicleInfo and nice -99999800
2020-05-23 21:57:37,815 DEBUG - #preProcessEvent at simulation time 76.000,000,010 s with resource class Event and nice 0
2020-05-23 21:57:37,816 DEBUG - #preProcessEvent at simulation time 76.000,000,010 s with resource class Event and nice 0
2020-05-23 21:57:37,816 DEBUG - #preProcessEvent at simulation time 76.001,900,000 s with resource class ReceivedV2XMessage and nice -99999100
2020-05-23 21:57:37,825 DEBUG - #preProcessEvent at simulation time 77.000,000,000 s with resource class VehicleInfo and nice -99999800
2020-05-23 21:57:37,826 DEBUG - #preProcessEvent at simulation time 77.000,000,010 s with resource class Event and nice 0
2020-05-23 21:57:37,826 DEBUG - #preProcessEvent at simulation time 77.000,000,010 s with resource class Event and nice 0
2020-05-23 21:57:37,834 DEBUG - #preProcessEvent at simulation time 78.000,000,000 s with resource class VehicleInfo and nice -99999800
2020-05-23 21:57:37,859 DEBUG - #preProcessEvent at simulation time 78.000,000,010 s with resource class Event and nice 0
2020-05-23 21:57:37,859 DEBUG - #preProcessEvent at simulation time 78.000,000,010 s with resource class Event and nice 0
2020-05-23 21:57:37,860 DEBUG - #preProcessEvent at simulation time 78.000,400,000 s with resource class ReceivedV2XMessage and nice -99999100
2020-05-23 21:57:37,911 DEBUG - #preProcessEvent at simulation time 79.000,000,000 s with resource class VehicleInfo and nice -99999800
2020-05-23 21:57:37,912 DEBUG - #preProcessEvent at simulation time 79.000,000,010 s with resource class Event and nice 0
2020-05-23 21:57:37,912 DEBUG - #preProcessEvent at simulation time 79.000,000,010 s with resource class Event and nice 0
2020-05-23 21:57:37,918 DEBUG - #preProcessEvent at simulation time 80.000,000,000 s with resource class VehicleInfo and nice -99999800
2020-05-23 21:57:37,924 DEBUG - #preProcessEvent at simulation time 80.000,000,010 s with resource class Event and nice 0
2020-05-23 21:57:37,925 DEBUG - #preProcessEvent at simulation time 80.000,000,010 s with resource class Event and nice 0
2020-05-23 21:57:37,925 DEBUG - #preProcessEvent at simulation time 80.001,400,000 s with resource class ReceivedV2XMessage and nice -99999100
2020-05-23 21:57:37,934 DEBUG - #preProcessEvent at simulation time 81.000,000,000 s with resource class VehicleInfo and nice -99999800
2020-05-23 21:57:37,934 DEBUG - #preProcessEvent at simulation time 81.000,000,010 s with resource class Event and nice 0
2020-05-23 21:57:37,934 DEBUG - #preProcessEvent at simulation time 81.000,000,010 s with resource class Event and nice 0
2020-05-23 21:57:37,939 DEBUG - #preProcessEvent at simulation time 82.000,000,000 s with resource class VehicleInfo and nice -99999800
2020-05-23 21:57:37,942 DEBUG - #preProcessEvent at simulation time 82.000,000,010 s with resource class Event and nice 0
2020-05-23 21:57:37,942 DEBUG - #preProcessEvent at simulation time 82.000,000,010 s with resource class Event and nice 0
2020-05-23 21:57:37,943 DEBUG - #preProcessEvent at simulation time 82.000,900,000 s with resource class ReceivedV2XMessage and nice -99999100
2020-05-23 21:57:37,949 DEBUG - #preProcessEvent at simulation time 83.000,000,000 s with resource class VehicleInfo and nice -99999800
2020-05-23 21:57:37,951 DEBUG - #preProcessEvent at simulation time 83.000,000,010 s with resource class Event and nice 0
2020-05-23 21:57:37,951 DEBUG - #preProcessEvent at simulation time 83.000,000,010 s with resource class Event and nice 0
2020-05-23 21:57:37,959 DEBUG - #preProcessEvent at simulation time 84.000,000,000 s with resource class VehicleInfo and nice -99999800
2020-05-23 21:57:37,960 DEBUG - #preProcessEvent at simulation time 84.000,000,010 s with resource class Event and nice 0
2020-05-23 21:57:37,961 DEBUG - #preProcessEvent at simulation time 84.000,000,010 s with resource class Event and nice 0
2020-05-23 21:57:37,961 DEBUG - #preProcessEvent at simulation time 84.000,400,000 s with resource class ReceivedV2XMessage and nice -99999100
2020-05-23 21:57:37,967 DEBUG - #preProcessEvent at simulation time 85.000,000,000 s with resource class VehicleInfo and nice -99999800
2020-05-23 21:57:37,969 DEBUG - #preProcessEvent at simulation time 85.000,000,010 s with resource class Event and nice 0
2020-05-23 21:57:37,969 DEBUG - #preProcessEvent at simulation time 85.000,000,010 s with resource class Event and nice 0
2020-05-23 21:57:37,975 DEBUG - #preProcessEvent at simulation time 86.000,000,000 s with resource class VehicleInfo and nice -99999800
2020-05-23 21:57:37,977 DEBUG - #preProcessEvent at simulation time 86.000,000,010 s with resource class Event and nice 0
2020-05-23 21:57:37,977 DEBUG - #preProcessEvent at simulation time 86.000,000,010 s with resource class Event and nice 0
2020-05-23 21:57:37,978 DEBUG - #preProcessEvent at simulation time 86.000,400,000 s with resource class ReceivedV2XMessage and nice -99999100
2020-05-23 21:57:37,982 DEBUG - #preProcessEvent at simulation time 87.000,000,000 s with resource class VehicleInfo and nice -99999800
2020-05-23 21:57:37,983 DEBUG - #preProcessEvent at simulation time 87.000,000,010 s with resource class Event and nice 0
2020-05-23 21:57:37,983 DEBUG - #preProcessEvent at simulation time 87.000,000,010 s with resource class Event and nice 0
2020-05-23 21:57:37,986 DEBUG - #preProcessEvent at simulation time 88.000,000,000 s with resource class VehicleInfo and nice -99999800
2020-05-23 21:57:37,987 DEBUG - #preProcessEvent at simulation time 88.000,000,010 s with resource class Event and nice 0
2020-05-23 21:57:37,988 DEBUG - #preProcessEvent at simulation time 88.000,000,010 s with resource class Event and nice 0
2020-05-23 21:57:37,988 DEBUG - #preProcessEvent at simulation time 88.001,400,000 s with resource class ReceivedV2XMessage and nice -99999100
2020-05-23 21:57:37,994 DEBUG - #preProcessEvent at simulation time 89.000,000,000 s with resource class VehicleInfo and nice -99999800
2020-05-23 21:57:37,995 DEBUG - #preProcessEvent at simulation time 89.000,000,010 s with resource class Event and nice 0
2020-05-23 21:57:37,995 DEBUG - #preProcessEvent at simulation time 89.000,000,010 s with resource class Event and nice 0
2020-05-23 21:57:37,998 DEBUG - #tearDown at simulation time 90.000,000,000 s
