2020-05-23 21:57:35,731 INFO - Initialize WeatherServer application (at simulation time 0.000,000,000 s)
2020-05-23 21:57:35,734 INFO - Activated Cell Module (at simulation time 0.000,000,000 s)
2020-05-23 21:57:35,734 INFO - Strength: 0 (at simulation time 0.000,000,000 s)
2020-05-23 21:57:35,734 INFO - Sent DENM (at simulation time 0.000,000,000 s)
2020-05-23 21:57:35,839 INFO - Strength: 0 (at simulation time 2.000,000,000 s)
2020-05-23 21:57:35,839 INFO - Sent DENM (at simulation time 2.000,000,000 s)
2020-05-23 21:57:35,846 INFO - Strength: 0 (at simulation time 4.000,000,000 s)
2020-05-23 21:57:35,846 INFO - Sent DENM (at simulation time 4.000,000,000 s)
2020-05-23 21:57:35,878 INFO - Strength: 0 (at simulation time 6.000,000,000 s)
2020-05-23 21:57:35,878 INFO - Sent DENM (at simulation time 6.000,000,000 s)
2020-05-23 21:57:35,980 INFO - Strength: 0 (at simulation time 8.000,000,000 s)
2020-05-23 21:57:35,980 INFO - Sent DENM (at simulation time 8.000,000,000 s)
2020-05-23 21:57:36,017 INFO - Strength: 0 (at simulation time 10.000,000,000 s)
2020-05-23 21:57:36,018 INFO - Sent DENM (at simulation time 10.000,000,000 s)
2020-05-23 21:57:36,201 INFO - Strength: 0 (at simulation time 12.000,000,000 s)
2020-05-23 21:57:36,202 INFO - Sent DENM (at simulation time 12.000,000,000 s)
2020-05-23 21:57:36,329 INFO - Strength: 0 (at simulation time 14.000,000,000 s)
2020-05-23 21:57:36,329 INFO - Sent DENM (at simulation time 14.000,000,000 s)
2020-05-23 21:57:36,510 INFO - Strength: 0 (at simulation time 16.000,000,000 s)
2020-05-23 21:57:36,510 INFO - Sent DENM (at simulation time 16.000,000,000 s)
2020-05-23 21:57:36,569 INFO - Strength: 0 (at simulation time 18.000,000,000 s)
2020-05-23 21:57:36,569 INFO - Sent DENM (at simulation time 18.000,000,000 s)
2020-05-23 21:57:36,619 INFO - Strength: 0 (at simulation time 20.000,000,000 s)
2020-05-23 21:57:36,619 INFO - Sent DENM (at simulation time 20.000,000,000 s)
2020-05-23 21:57:36,726 INFO - Strength: 0 (at simulation time 22.000,000,000 s)
2020-05-23 21:57:36,726 INFO - Sent DENM (at simulation time 22.000,000,000 s)
2020-05-23 21:57:36,751 INFO - Strength: 0 (at simulation time 24.000,000,000 s)
2020-05-23 21:57:36,752 INFO - Sent DENM (at simulation time 24.000,000,000 s)
2020-05-23 21:57:36,803 INFO - Strength: 0 (at simulation time 26.000,000,000 s)
2020-05-23 21:57:36,803 INFO - Sent DENM (at simulation time 26.000,000,000 s)
2020-05-23 21:57:36,824 INFO - Strength: 0 (at simulation time 28.000,000,000 s)
2020-05-23 21:57:36,825 INFO - Sent DENM (at simulation time 28.000,000,000 s)
2020-05-23 21:57:36,855 INFO - Strength: 0 (at simulation time 30.000,000,000 s)
2020-05-23 21:57:36,860 INFO - Sent DENM (at simulation time 30.000,000,000 s)
2020-05-23 21:57:36,961 INFO - Strength: 0 (at simulation time 32.000,000,000 s)
2020-05-23 21:57:36,962 INFO - Sent DENM (at simulation time 32.000,000,000 s)
2020-05-23 21:57:36,995 INFO - Strength: 0 (at simulation time 34.000,000,000 s)
2020-05-23 21:57:36,995 INFO - Sent DENM (at simulation time 34.000,000,000 s)
2020-05-23 21:57:37,022 INFO - Strength: 0 (at simulation time 36.000,000,000 s)
2020-05-23 21:57:37,022 INFO - Sent DENM (at simulation time 36.000,000,000 s)
2020-05-23 21:57:37,063 INFO - Strength: 0 (at simulation time 38.000,000,000 s)
2020-05-23 21:57:37,065 INFO - Sent DENM (at simulation time 38.000,000,000 s)
2020-05-23 21:57:37,114 INFO - Strength: 0 (at simulation time 40.000,000,000 s)
2020-05-23 21:57:37,114 INFO - Sent DENM (at simulation time 40.000,000,000 s)
2020-05-23 21:57:37,145 INFO - Strength: 0 (at simulation time 42.000,000,000 s)
2020-05-23 21:57:37,145 INFO - Sent DENM (at simulation time 42.000,000,000 s)
2020-05-23 21:57:37,171 INFO - Strength: 0 (at simulation time 44.000,000,000 s)
2020-05-23 21:57:37,172 INFO - Sent DENM (at simulation time 44.000,000,000 s)
2020-05-23 21:57:37,196 INFO - Strength: 0 (at simulation time 46.000,000,000 s)
2020-05-23 21:57:37,196 INFO - Sent DENM (at simulation time 46.000,000,000 s)
2020-05-23 21:57:37,226 INFO - Strength: 0 (at simulation time 48.000,000,000 s)
2020-05-23 21:57:37,226 INFO - Sent DENM (at simulation time 48.000,000,000 s)
2020-05-23 21:57:37,323 INFO - Strength: 0 (at simulation time 50.000,000,000 s)
2020-05-23 21:57:37,323 INFO - Sent DENM (at simulation time 50.000,000,000 s)
2020-05-23 21:57:37,365 INFO - Strength: 0 (at simulation time 52.000,000,000 s)
2020-05-23 21:57:37,365 INFO - Sent DENM (at simulation time 52.000,000,000 s)
2020-05-23 21:57:37,394 INFO - Strength: 0 (at simulation time 54.000,000,000 s)
2020-05-23 21:57:37,394 INFO - Sent DENM (at simulation time 54.000,000,000 s)
2020-05-23 21:57:37,418 INFO - Strength: 0 (at simulation time 56.000,000,000 s)
2020-05-23 21:57:37,418 INFO - Sent DENM (at simulation time 56.000,000,000 s)
2020-05-23 21:57:37,535 INFO - Strength: 0 (at simulation time 58.000,000,000 s)
2020-05-23 21:57:37,536 INFO - Sent DENM (at simulation time 58.000,000,000 s)
2020-05-23 21:57:37,559 INFO - Strength: 0 (at simulation time 60.000,000,000 s)
2020-05-23 21:57:37,560 INFO - Sent DENM (at simulation time 60.000,000,000 s)
2020-05-23 21:57:37,577 INFO - Strength: 0 (at simulation time 62.000,000,000 s)
2020-05-23 21:57:37,577 INFO - Sent DENM (at simulation time 62.000,000,000 s)
2020-05-23 21:57:37,599 INFO - Strength: 0 (at simulation time 64.000,000,000 s)
2020-05-23 21:57:37,599 INFO - Sent DENM (at simulation time 64.000,000,000 s)
2020-05-23 21:57:37,624 INFO - Strength: 0 (at simulation time 66.000,000,000 s)
2020-05-23 21:57:37,624 INFO - Sent DENM (at simulation time 66.000,000,000 s)
2020-05-23 21:57:37,658 INFO - Strength: 0 (at simulation time 68.000,000,000 s)
2020-05-23 21:57:37,658 INFO - Sent DENM (at simulation time 68.000,000,000 s)
2020-05-23 21:57:37,761 INFO - Strength: 0 (at simulation time 70.000,000,000 s)
2020-05-23 21:57:37,762 INFO - Sent DENM (at simulation time 70.000,000,000 s)
2020-05-23 21:57:37,779 INFO - Strength: 0 (at simulation time 72.000,000,000 s)
2020-05-23 21:57:37,779 INFO - Sent DENM (at simulation time 72.000,000,000 s)
2020-05-23 21:57:37,799 INFO - Strength: 0 (at simulation time 74.000,000,000 s)
2020-05-23 21:57:37,799 INFO - Sent DENM (at simulation time 74.000,000,000 s)
2020-05-23 21:57:37,815 INFO - Strength: 0 (at simulation time 76.000,000,000 s)
2020-05-23 21:57:37,815 INFO - Sent DENM (at simulation time 76.000,000,000 s)
2020-05-23 21:57:37,836 INFO - Strength: 0 (at simulation time 78.000,000,000 s)
2020-05-23 21:57:37,836 INFO - Sent DENM (at simulation time 78.000,000,000 s)
2020-05-23 21:57:37,919 INFO - Strength: 0 (at simulation time 80.000,000,000 s)
2020-05-23 21:57:37,919 INFO - Sent DENM (at simulation time 80.000,000,000 s)
2020-05-23 21:57:37,942 INFO - Strength: 0 (at simulation time 82.000,000,000 s)
2020-05-23 21:57:37,942 INFO - Sent DENM (at simulation time 82.000,000,000 s)
2020-05-23 21:57:37,960 INFO - Strength: 0 (at simulation time 84.000,000,000 s)
2020-05-23 21:57:37,960 INFO - Sent DENM (at simulation time 84.000,000,000 s)
2020-05-23 21:57:37,976 INFO - Strength: 0 (at simulation time 86.000,000,000 s)
2020-05-23 21:57:37,976 INFO - Sent DENM (at simulation time 86.000,000,000 s)
2020-05-23 21:57:37,987 INFO - Strength: 0 (at simulation time 88.000,000,000 s)
2020-05-23 21:57:37,987 INFO - Sent DENM (at simulation time 88.000,000,000 s)
2020-05-23 21:57:37,999 INFO - Strength: 0 (at simulation time 90.000,000,000 s)
2020-05-23 21:57:37,999 INFO - Sent DENM (at simulation time 90.000,000,000 s)
2020-05-23 21:57:38,010 INFO - Strength: 0 (at simulation time 92.000,000,000 s)
2020-05-23 21:57:38,011 INFO - Sent DENM (at simulation time 92.000,000,000 s)
2020-05-23 21:57:38,017 INFO - Strength: 0 (at simulation time 94.000,000,000 s)
2020-05-23 21:57:38,017 INFO - Sent DENM (at simulation time 94.000,000,000 s)
2020-05-23 21:57:38,139 INFO - Strength: 0 (at simulation time 96.000,000,000 s)
2020-05-23 21:57:38,140 INFO - Sent DENM (at simulation time 96.000,000,000 s)
2020-05-23 21:57:38,164 INFO - Strength: 0 (at simulation time 98.000,000,000 s)
2020-05-23 21:57:38,164 INFO - Sent DENM (at simulation time 98.000,000,000 s)
2020-05-23 21:57:38,176 INFO - Strength: 0 (at simulation time 100.000,000,000 s)
2020-05-23 21:57:38,176 INFO - Sent DENM (at simulation time 100.000,000,000 s)
2020-05-23 21:57:38,188 INFO - Strength: 0 (at simulation time 102.000,000,000 s)
2020-05-23 21:57:38,188 INFO - Sent DENM (at simulation time 102.000,000,000 s)
2020-05-23 21:57:38,198 INFO - Strength: 0 (at simulation time 104.000,000,000 s)
2020-05-23 21:57:38,198 INFO - Sent DENM (at simulation time 104.000,000,000 s)
2020-05-23 21:57:38,208 INFO - Strength: 0 (at simulation time 106.000,000,000 s)
2020-05-23 21:57:38,208 INFO - Sent DENM (at simulation time 106.000,000,000 s)
2020-05-23 21:57:38,215 INFO - Strength: 0 (at simulation time 108.000,000,000 s)
2020-05-23 21:57:38,215 INFO - Sent DENM (at simulation time 108.000,000,000 s)
2020-05-23 21:57:38,225 INFO - Strength: 0 (at simulation time 110.000,000,000 s)
2020-05-23 21:57:38,225 INFO - Sent DENM (at simulation time 110.000,000,000 s)
2020-05-23 21:57:38,231 INFO - Strength: 0 (at simulation time 112.000,000,000 s)
2020-05-23 21:57:38,231 INFO - Sent DENM (at simulation time 112.000,000,000 s)
2020-05-23 21:57:38,307 INFO - Strength: 0 (at simulation time 114.000,000,000 s)
2020-05-23 21:57:38,307 INFO - Sent DENM (at simulation time 114.000,000,000 s)
2020-05-23 21:57:38,314 INFO - Strength: 0 (at simulation time 116.000,000,000 s)
2020-05-23 21:57:38,314 INFO - Sent DENM (at simulation time 116.000,000,000 s)
2020-05-23 21:57:38,322 INFO - Strength: 0 (at simulation time 118.000,000,000 s)
2020-05-23 21:57:38,323 INFO - Sent DENM (at simulation time 118.000,000,000 s)
2020-05-23 21:57:38,328 INFO - Strength: 0 (at simulation time 120.000,000,000 s)
2020-05-23 21:57:38,328 INFO - Sent DENM (at simulation time 120.000,000,000 s)
2020-05-23 21:57:38,332 INFO - Strength: 0 (at simulation time 122.000,000,000 s)
2020-05-23 21:57:38,333 INFO - Sent DENM (at simulation time 122.000,000,000 s)
2020-05-23 21:57:38,336 INFO - Strength: 0 (at simulation time 124.000,000,000 s)
2020-05-23 21:57:38,336 INFO - Sent DENM (at simulation time 124.000,000,000 s)
2020-05-23 21:57:38,342 INFO - Strength: 0 (at simulation time 126.000,000,000 s)
2020-05-23 21:57:38,342 INFO - Sent DENM (at simulation time 126.000,000,000 s)
2020-05-23 21:57:38,346 INFO - Strength: 0 (at simulation time 128.000,000,000 s)
2020-05-23 21:57:38,346 INFO - Sent DENM (at simulation time 128.000,000,000 s)
2020-05-23 21:57:38,349 INFO - Strength: 0 (at simulation time 130.000,000,000 s)
2020-05-23 21:57:38,349 INFO - Sent DENM (at simulation time 130.000,000,000 s)
2020-05-23 21:57:38,352 INFO - Strength: 0 (at simulation time 132.000,000,000 s)
2020-05-23 21:57:38,352 INFO - Sent DENM (at simulation time 132.000,000,000 s)
2020-05-23 21:57:38,356 INFO - Strength: 0 (at simulation time 134.000,000,000 s)
2020-05-23 21:57:38,357 INFO - Sent DENM (at simulation time 134.000,000,000 s)
2020-05-23 21:57:38,360 INFO - Strength: 0 (at simulation time 136.000,000,000 s)
2020-05-23 21:57:38,360 INFO - Sent DENM (at simulation time 136.000,000,000 s)
2020-05-23 21:57:38,363 INFO - Strength: 0 (at simulation time 138.000,000,000 s)
2020-05-23 21:57:38,363 INFO - Sent DENM (at simulation time 138.000,000,000 s)
2020-05-23 21:57:38,366 INFO - Strength: 0 (at simulation time 140.000,000,000 s)
2020-05-23 21:57:38,366 INFO - Sent DENM (at simulation time 140.000,000,000 s)
2020-05-23 21:57:38,371 INFO - Strength: 0 (at simulation time 142.000,000,000 s)
2020-05-23 21:57:38,371 INFO - Sent DENM (at simulation time 142.000,000,000 s)
2020-05-23 21:57:38,375 INFO - Strength: 0 (at simulation time 144.000,000,000 s)
2020-05-23 21:57:38,376 INFO - Sent DENM (at simulation time 144.000,000,000 s)
2020-05-23 21:57:38,378 INFO - Strength: 0 (at simulation time 146.000,000,000 s)
2020-05-23 21:57:38,378 INFO - Sent DENM (at simulation time 146.000,000,000 s)
2020-05-23 21:57:38,381 INFO - Strength: 0 (at simulation time 148.000,000,000 s)
2020-05-23 21:57:38,381 INFO - Sent DENM (at simulation time 148.000,000,000 s)
2020-05-23 21:57:38,384 INFO - Strength: 0 (at simulation time 150.000,000,000 s)
2020-05-23 21:57:38,384 INFO - Sent DENM (at simulation time 150.000,000,000 s)
2020-05-23 21:57:38,388 INFO - Strength: 0 (at simulation time 152.000,000,000 s)
2020-05-23 21:57:38,388 INFO - Sent DENM (at simulation time 152.000,000,000 s)
2020-05-23 21:57:38,391 INFO - Strength: 0 (at simulation time 154.000,000,000 s)
2020-05-23 21:57:38,391 INFO - Sent DENM (at simulation time 154.000,000,000 s)
2020-05-23 21:57:38,394 INFO - Strength: 0 (at simulation time 156.000,000,000 s)
2020-05-23 21:57:38,394 INFO - Sent DENM (at simulation time 156.000,000,000 s)
2020-05-23 21:57:38,398 INFO - Strength: 0 (at simulation time 158.000,000,000 s)
2020-05-23 21:57:38,398 INFO - Sent DENM (at simulation time 158.000,000,000 s)
2020-05-23 21:57:38,401 INFO - Strength: 0 (at simulation time 160.000,000,000 s)
2020-05-23 21:57:38,401 INFO - Sent DENM (at simulation time 160.000,000,000 s)
2020-05-23 21:57:38,406 INFO - Strength: 0 (at simulation time 162.000,000,000 s)
2020-05-23 21:57:38,406 INFO - Sent DENM (at simulation time 162.000,000,000 s)
2020-05-23 21:57:38,410 INFO - Strength: 0 (at simulation time 164.000,000,000 s)
2020-05-23 21:57:38,410 INFO - Sent DENM (at simulation time 164.000,000,000 s)
2020-05-23 21:57:38,413 INFO - Strength: 0 (at simulation time 166.000,000,000 s)
2020-05-23 21:57:38,413 INFO - Sent DENM (at simulation time 166.000,000,000 s)
2020-05-23 21:57:38,415 INFO - Strength: 0 (at simulation time 168.000,000,000 s)
2020-05-23 21:57:38,415 INFO - Sent DENM (at simulation time 168.000,000,000 s)
2020-05-23 21:57:38,418 INFO - Strength: 0 (at simulation time 170.000,000,000 s)
2020-05-23 21:57:38,418 INFO - Sent DENM (at simulation time 170.000,000,000 s)
2020-05-23 21:57:38,424 INFO - Strength: 0 (at simulation time 172.000,000,000 s)
2020-05-23 21:57:38,424 INFO - Sent DENM (at simulation time 172.000,000,000 s)
2020-05-23 21:57:38,571 INFO - Strength: 0 (at simulation time 174.000,000,000 s)
2020-05-23 21:57:38,571 INFO - Sent DENM (at simulation time 174.000,000,000 s)
2020-05-23 21:57:38,576 INFO - Strength: 0 (at simulation time 176.000,000,000 s)
2020-05-23 21:57:38,576 INFO - Sent DENM (at simulation time 176.000,000,000 s)
2020-05-23 21:57:38,580 INFO - Strength: 0 (at simulation time 178.000,000,000 s)
2020-05-23 21:57:38,580 INFO - Sent DENM (at simulation time 178.000,000,000 s)
2020-05-23 21:57:38,586 INFO - Shutdown application (at simulation time 179.000,000,000 s)
