2020-05-23 21:57:35,729 DEBUG - Successfully instantiated the class com.columbia.vsimrti.applications.lasalle.rsu.LasalleWeatherServer
2020-05-23 21:57:35,731 DEBUG - #tearUp at simulation time 0.000,000,000 s
2020-05-23 21:57:35,831 DEBUG - #preProcessEvent at simulation time 0.205,960,276 s with resource class ReceivedV2XMessage and nice -99999100
2020-05-23 21:57:35,839 DEBUG - #preProcessEvent at simulation time 2.000,000,000 s with resource class Event and nice 0
2020-05-23 21:57:35,842 DEBUG - #preProcessEvent at simulation time 2.292,979,273 s with resource class ReceivedV2XMessage and nice -99999100
2020-05-23 21:57:35,846 DEBUG - #preProcessEvent at simulation time 4.000,000,000 s with resource class Event and nice 0
2020-05-23 21:57:35,848 DEBUG - #preProcessEvent at simulation time 4.300,730,429 s with resource class ReceivedV2XMessage and nice -99999100
2020-05-23 21:57:35,878 DEBUG - #preProcessEvent at simulation time 6.000,000,000 s with resource class Event and nice 0
2020-05-23 21:57:35,886 DEBUG - #preProcessEvent at simulation time 6.160,962,006 s with resource class ReceivedV2XMessage and nice -99999100
2020-05-23 21:57:35,979 DEBUG - #preProcessEvent at simulation time 8.000,000,000 s with resource class Event and nice 0
2020-05-23 21:57:35,984 DEBUG - #preProcessEvent at simulation time 8.270,093,189 s with resource class ReceivedV2XMessage and nice -99999100
2020-05-23 21:57:36,017 DEBUG - #preProcessEvent at simulation time 10.000,000,000 s with resource class Event and nice 0
2020-05-23 21:57:36,066 DEBUG - #preProcessEvent at simulation time 10.750,587,371 s with resource class ReceivedV2XMessage and nice -99999100
2020-05-23 21:57:36,201 DEBUG - #preProcessEvent at simulation time 12.000,000,000 s with resource class Event and nice 0
2020-05-23 21:57:36,276 DEBUG - #preProcessEvent at simulation time 12.402,630,089 s with resource class ReceivedV2XMessage and nice -99999100
2020-05-23 21:57:36,328 DEBUG - #preProcessEvent at simulation time 14.000,000,000 s with resource class Event and nice 0
2020-05-23 21:57:36,440 DEBUG - #preProcessEvent at simulation time 14.295,901,330 s with resource class ReceivedV2XMessage and nice -99999100
2020-05-23 21:57:36,509 DEBUG - #preProcessEvent at simulation time 16.000,000,000 s with resource class Event and nice 0
2020-05-23 21:57:36,531 DEBUG - #preProcessEvent at simulation time 16.290,523,247 s with resource class ReceivedV2XMessage and nice -99999100
2020-05-23 21:57:36,569 DEBUG - #preProcessEvent at simulation time 18.000,000,000 s with resource class Event and nice 0
2020-05-23 21:57:36,582 DEBUG - #preProcessEvent at simulation time 18.225,688,665 s with resource class ReceivedV2XMessage and nice -99999100
2020-05-23 21:57:36,619 DEBUG - #preProcessEvent at simulation time 20.000,000,000 s with resource class Event and nice 0
2020-05-23 21:57:36,685 DEBUG - #preProcessEvent at simulation time 20.329,148,235 s with resource class ReceivedV2XMessage and nice -99999100
2020-05-23 21:57:36,726 DEBUG - #preProcessEvent at simulation time 22.000,000,000 s with resource class Event and nice 0
2020-05-23 21:57:36,736 DEBUG - #preProcessEvent at simulation time 22.186,787,469 s with resource class ReceivedV2XMessage and nice -99999100
2020-05-23 21:57:36,751 DEBUG - #preProcessEvent at simulation time 24.000,000,000 s with resource class Event and nice 0
2020-05-23 21:57:36,787 DEBUG - #preProcessEvent at simulation time 24.414,471,485 s with resource class ReceivedV2XMessage and nice -99999100
2020-05-23 21:57:36,803 DEBUG - #preProcessEvent at simulation time 26.000,000,000 s with resource class Event and nice 0
2020-05-23 21:57:36,813 DEBUG - #preProcessEvent at simulation time 26.374,030,947 s with resource class ReceivedV2XMessage and nice -99999100
2020-05-23 21:57:36,824 DEBUG - #preProcessEvent at simulation time 28.000,000,000 s with resource class Event and nice 0
2020-05-23 21:57:36,832 DEBUG - #preProcessEvent at simulation time 28.298,269,043 s with resource class ReceivedV2XMessage and nice -99999100
2020-05-23 21:57:36,855 DEBUG - #preProcessEvent at simulation time 30.000,000,000 s with resource class Event and nice 0
2020-05-23 21:57:36,893 DEBUG - #preProcessEvent at simulation time 30.116,294,542 s with resource class ReceivedV2XMessage and nice -99999100
2020-05-23 21:57:36,961 DEBUG - #preProcessEvent at simulation time 32.000,000,000 s with resource class Event and nice 0
2020-05-23 21:57:36,974 DEBUG - #preProcessEvent at simulation time 32.246,905,893 s with resource class ReceivedV2XMessage and nice -99999100
2020-05-23 21:57:36,995 DEBUG - #preProcessEvent at simulation time 34.000,000,000 s with resource class Event and nice 0
2020-05-23 21:57:37,001 DEBUG - #preProcessEvent at simulation time 34.262,746,852 s with resource class ReceivedV2XMessage and nice -99999100
2020-05-23 21:57:37,022 DEBUG - #preProcessEvent at simulation time 36.000,000,000 s with resource class Event and nice 0
2020-05-23 21:57:37,028 DEBUG - #preProcessEvent at simulation time 36.211,134,443 s with resource class ReceivedV2XMessage and nice -99999100
2020-05-23 21:57:37,061 DEBUG - #preProcessEvent at simulation time 38.000,000,000 s with resource class Event and nice 0
2020-05-23 21:57:37,092 DEBUG - #preProcessEvent at simulation time 38.233,271,773 s with resource class ReceivedV2XMessage and nice -99999100
2020-05-23 21:57:37,113 DEBUG - #preProcessEvent at simulation time 40.000,000,000 s with resource class Event and nice 0
2020-05-23 21:57:37,128 DEBUG - #preProcessEvent at simulation time 40.269,831,631 s with resource class ReceivedV2XMessage and nice -99999100
2020-05-23 21:57:37,145 DEBUG - #preProcessEvent at simulation time 42.000,000,000 s with resource class Event and nice 0
2020-05-23 21:57:37,158 DEBUG - #preProcessEvent at simulation time 42.699,741,903 s with resource class ReceivedV2XMessage and nice -99999100
2020-05-23 21:57:37,171 DEBUG - #preProcessEvent at simulation time 44.000,000,000 s with resource class Event and nice 0
2020-05-23 21:57:37,179 DEBUG - #preProcessEvent at simulation time 44.298,368,615 s with resource class ReceivedV2XMessage and nice -99999100
2020-05-23 21:57:37,196 DEBUG - #preProcessEvent at simulation time 46.000,000,000 s with resource class Event and nice 0
2020-05-23 21:57:37,202 DEBUG - #preProcessEvent at simulation time 46.270,084,607 s with resource class ReceivedV2XMessage and nice -99999100
2020-05-23 21:57:37,225 DEBUG - #preProcessEvent at simulation time 48.000,000,000 s with resource class Event and nice 0
2020-05-23 21:57:37,233 DEBUG - #preProcessEvent at simulation time 48.181,535,325 s with resource class ReceivedV2XMessage and nice -99999100
2020-05-23 21:57:37,323 DEBUG - #preProcessEvent at simulation time 50.000,000,000 s with resource class Event and nice 0
2020-05-23 21:57:37,346 DEBUG - #preProcessEvent at simulation time 50.197,363,350 s with resource class ReceivedV2XMessage and nice -99999100
2020-05-23 21:57:37,347 DEBUG - #preProcessEvent at simulation time 50.212,045,984 s with resource class ReceivedV2XMessage and nice -99999100
2020-05-23 21:57:37,359 DEBUG - #preProcessEvent at simulation time 51.481,944,753 s with resource class ReceivedV2XMessage and nice -99999100
2020-05-23 21:57:37,365 DEBUG - #preProcessEvent at simulation time 52.000,000,000 s with resource class Event and nice 0
2020-05-23 21:57:37,374 DEBUG - #preProcessEvent at simulation time 52.214,191,552 s with resource class ReceivedV2XMessage and nice -99999100
2020-05-23 21:57:37,379 DEBUG - #preProcessEvent at simulation time 52.328,567,380 s with resource class ReceivedV2XMessage and nice -99999100
2020-05-23 21:57:37,387 DEBUG - #preProcessEvent at simulation time 53.191,772,393 s with resource class ReceivedV2XMessage and nice -99999100
2020-05-23 21:57:37,394 DEBUG - #preProcessEvent at simulation time 54.000,000,000 s with resource class Event and nice 0
2020-05-23 21:57:37,399 DEBUG - #preProcessEvent at simulation time 54.128,283,085 s with resource class ReceivedV2XMessage and nice -99999100
2020-05-23 21:57:37,418 DEBUG - #preProcessEvent at simulation time 56.000,000,000 s with resource class Event and nice 0
2020-05-23 21:57:37,427 DEBUG - #preProcessEvent at simulation time 56.216,037,276 s with resource class ReceivedV2XMessage and nice -99999100
2020-05-23 21:57:37,534 DEBUG - #preProcessEvent at simulation time 58.000,000,000 s with resource class Event and nice 0
2020-05-23 21:57:37,544 DEBUG - #preProcessEvent at simulation time 58.450,401,153 s with resource class ReceivedV2XMessage and nice -99999100
2020-05-23 21:57:37,559 DEBUG - #preProcessEvent at simulation time 60.000,000,000 s with resource class Event and nice 0
2020-05-23 21:57:37,567 DEBUG - #preProcessEvent at simulation time 60.372,996,199 s with resource class ReceivedV2XMessage and nice -99999100
2020-05-23 21:57:37,577 DEBUG - #preProcessEvent at simulation time 62.000,000,000 s with resource class Event and nice 0
2020-05-23 21:57:37,582 DEBUG - #preProcessEvent at simulation time 62.370,620,955 s with resource class ReceivedV2XMessage and nice -99999100
2020-05-23 21:57:37,592 DEBUG - #preProcessEvent at simulation time 63.259,578,566 s with resource class ReceivedV2XMessage and nice -99999100
2020-05-23 21:57:37,599 DEBUG - #preProcessEvent at simulation time 64.000,000,000 s with resource class Event and nice 0
2020-05-23 21:57:37,609 DEBUG - #preProcessEvent at simulation time 64.352,400,766 s with resource class ReceivedV2XMessage and nice -99999100
2020-05-23 21:57:37,609 DEBUG - #preProcessEvent at simulation time 64.367,438,832 s with resource class ReceivedV2XMessage and nice -99999100
2020-05-23 21:57:37,619 DEBUG - #preProcessEvent at simulation time 65.461,621,268 s with resource class ReceivedV2XMessage and nice -99999100
2020-05-23 21:57:37,623 DEBUG - #preProcessEvent at simulation time 66.000,000,000 s with resource class Event and nice 0
2020-05-23 21:57:37,628 DEBUG - #preProcessEvent at simulation time 66.255,429,113 s with resource class ReceivedV2XMessage and nice -99999100
2020-05-23 21:57:37,658 DEBUG - #preProcessEvent at simulation time 68.000,000,000 s with resource class Event and nice 0
2020-05-23 21:57:37,748 DEBUG - #preProcessEvent at simulation time 68.178,963,282 s with resource class ReceivedV2XMessage and nice -99999100
2020-05-23 21:57:37,761 DEBUG - #preProcessEvent at simulation time 70.000,000,000 s with resource class Event and nice 0
2020-05-23 21:57:37,769 DEBUG - #preProcessEvent at simulation time 70.576,264,014 s with resource class ReceivedV2XMessage and nice -99999100
2020-05-23 21:57:37,779 DEBUG - #preProcessEvent at simulation time 72.000,000,000 s with resource class Event and nice 0
2020-05-23 21:57:37,784 DEBUG - #preProcessEvent at simulation time 72.320,990,190 s with resource class ReceivedV2XMessage and nice -99999100
2020-05-23 21:57:37,799 DEBUG - #preProcessEvent at simulation time 74.000,000,000 s with resource class Event and nice 0
2020-05-23 21:57:37,803 DEBUG - #preProcessEvent at simulation time 74.236,792,790 s with resource class ReceivedV2XMessage and nice -99999100
2020-05-23 21:57:37,815 DEBUG - #preProcessEvent at simulation time 76.000,000,000 s with resource class Event and nice 0
2020-05-23 21:57:37,818 DEBUG - #preProcessEvent at simulation time 76.236,842,939 s with resource class ReceivedV2XMessage and nice -99999100
2020-05-23 21:57:37,831 DEBUG - #preProcessEvent at simulation time 77.403,128,801 s with resource class ReceivedV2XMessage and nice -99999100
2020-05-23 21:57:37,836 DEBUG - #preProcessEvent at simulation time 78.000,000,000 s with resource class Event and nice 0
2020-05-23 21:57:37,896 DEBUG - #preProcessEvent at simulation time 78.205,249,706 s with resource class ReceivedV2XMessage and nice -99999100
2020-05-23 21:57:37,896 DEBUG - #preProcessEvent at simulation time 78.227,570,617 s with resource class ReceivedV2XMessage and nice -99999100
2020-05-23 21:57:37,916 DEBUG - #preProcessEvent at simulation time 79.414,489,437 s with resource class ReceivedV2XMessage and nice -99999100
2020-05-23 21:57:37,919 DEBUG - #preProcessEvent at simulation time 80.000,000,000 s with resource class Event and nice 0
2020-05-23 21:57:37,928 DEBUG - #preProcessEvent at simulation time 80.413,827,926 s with resource class ReceivedV2XMessage and nice -99999100
2020-05-23 21:57:37,942 DEBUG - #preProcessEvent at simulation time 82.000,000,000 s with resource class Event and nice 0
2020-05-23 21:57:37,946 DEBUG - #preProcessEvent at simulation time 82.317,401,867 s with resource class ReceivedV2XMessage and nice -99999100
2020-05-23 21:57:37,953 DEBUG - #preProcessEvent at simulation time 83.119,732,231 s with resource class ReceivedV2XMessage and nice -99999100
2020-05-23 21:57:37,960 DEBUG - #preProcessEvent at simulation time 84.000,000,000 s with resource class Event and nice 0
2020-05-23 21:57:37,964 DEBUG - #preProcessEvent at simulation time 84.171,778,625 s with resource class ReceivedV2XMessage and nice -99999100
2020-05-23 21:57:37,964 DEBUG - #preProcessEvent at simulation time 84.212,288,705 s with resource class ReceivedV2XMessage and nice -99999100
2020-05-23 21:57:37,972 DEBUG - #preProcessEvent at simulation time 85.244,754,277 s with resource class ReceivedV2XMessage and nice -99999100
2020-05-23 21:57:37,976 DEBUG - #preProcessEvent at simulation time 86.000,000,000 s with resource class Event and nice 0
2020-05-23 21:57:37,979 DEBUG - #preProcessEvent at simulation time 86.394,443,393 s with resource class ReceivedV2XMessage and nice -99999100
2020-05-23 21:57:37,987 DEBUG - #preProcessEvent at simulation time 88.000,000,000 s with resource class Event and nice 0
2020-05-23 21:57:37,991 DEBUG - #preProcessEvent at simulation time 88.369,700,851 s with resource class ReceivedV2XMessage and nice -99999100
2020-05-23 21:57:37,999 DEBUG - #preProcessEvent at simulation time 90.000,000,000 s with resource class Event and nice 0
2020-05-23 21:57:38,004 DEBUG - #preProcessEvent at simulation time 90.477,965,890 s with resource class ReceivedV2XMessage and nice -99999100
2020-05-23 21:57:38,010 DEBUG - #preProcessEvent at simulation time 92.000,000,000 s with resource class Event and nice 0
2020-05-23 21:57:38,012 DEBUG - #preProcessEvent at simulation time 92.167,716,963 s with resource class ReceivedV2XMessage and nice -99999100
2020-05-23 21:57:38,017 DEBUG - #preProcessEvent at simulation time 94.000,000,000 s with resource class Event and nice 0
2020-05-23 21:57:38,021 DEBUG - #preProcessEvent at simulation time 94.341,144,371 s with resource class ReceivedV2XMessage and nice -99999100
2020-05-23 21:57:38,033 DEBUG - #preProcessEvent at simulation time 95.344,869,399 s with resource class ReceivedV2XMessage and nice -99999100
2020-05-23 21:57:38,139 DEBUG - #preProcessEvent at simulation time 96.000,000,000 s with resource class Event and nice 0
2020-05-23 21:57:38,147 DEBUG - #preProcessEvent at simulation time 96.207,171,584 s with resource class ReceivedV2XMessage and nice -99999100
2020-05-23 21:57:38,148 DEBUG - #preProcessEvent at simulation time 96.310,654,943 s with resource class ReceivedV2XMessage and nice -99999100
2020-05-23 21:57:38,160 DEBUG - #preProcessEvent at simulation time 97.220,544,222 s with resource class ReceivedV2XMessage and nice -99999100
2020-05-23 21:57:38,164 DEBUG - #preProcessEvent at simulation time 98.000,000,000 s with resource class Event and nice 0
2020-05-23 21:57:38,168 DEBUG - #preProcessEvent at simulation time 98.137,913,278 s with resource class ReceivedV2XMessage and nice -99999100
2020-05-23 21:57:38,176 DEBUG - #preProcessEvent at simulation time 100.000,000,000 s with resource class Event and nice 0
2020-05-23 21:57:38,180 DEBUG - #preProcessEvent at simulation time 100.256,394,374 s with resource class ReceivedV2XMessage and nice -99999100
2020-05-23 21:57:38,187 DEBUG - #preProcessEvent at simulation time 102.000,000,000 s with resource class Event and nice 0
2020-05-23 21:57:38,192 DEBUG - #preProcessEvent at simulation time 102.130,365,036 s with resource class ReceivedV2XMessage and nice -99999100
2020-05-23 21:57:38,198 DEBUG - #preProcessEvent at simulation time 104.000,000,000 s with resource class Event and nice 0
2020-05-23 21:57:38,201 DEBUG - #preProcessEvent at simulation time 104.479,860,519 s with resource class ReceivedV2XMessage and nice -99999100
2020-05-23 21:57:38,208 DEBUG - #preProcessEvent at simulation time 106.000,000,000 s with resource class Event and nice 0
2020-05-23 21:57:38,210 DEBUG - #preProcessEvent at simulation time 106.197,567,478 s with resource class ReceivedV2XMessage and nice -99999100
2020-05-23 21:57:38,215 DEBUG - #preProcessEvent at simulation time 108.000,000,000 s with resource class Event and nice 0
2020-05-23 21:57:38,217 DEBUG - #preProcessEvent at simulation time 108.305,550,011 s with resource class ReceivedV2XMessage and nice -99999100
2020-05-23 21:57:38,225 DEBUG - #preProcessEvent at simulation time 110.000,000,000 s with resource class Event and nice 0
2020-05-23 21:57:38,228 DEBUG - #preProcessEvent at simulation time 110.272,080,200 s with resource class ReceivedV2XMessage and nice -99999100
2020-05-23 21:57:38,231 DEBUG - #preProcessEvent at simulation time 112.000,000,000 s with resource class Event and nice 0
2020-05-23 21:57:38,281 DEBUG - #preProcessEvent at simulation time 112.282,288,643 s with resource class ReceivedV2XMessage and nice -99999100
2020-05-23 21:57:38,307 DEBUG - #preProcessEvent at simulation time 114.000,000,000 s with resource class Event and nice 0
2020-05-23 21:57:38,309 DEBUG - #preProcessEvent at simulation time 114.322,719,795 s with resource class ReceivedV2XMessage and nice -99999100
2020-05-23 21:57:38,314 DEBUG - #preProcessEvent at simulation time 116.000,000,000 s with resource class Event and nice 0
2020-05-23 21:57:38,318 DEBUG - #preProcessEvent at simulation time 116.299,333,030 s with resource class ReceivedV2XMessage and nice -99999100
2020-05-23 21:57:38,322 DEBUG - #preProcessEvent at simulation time 118.000,000,000 s with resource class Event and nice 0
2020-05-23 21:57:38,326 DEBUG - #preProcessEvent at simulation time 118.306,440,542 s with resource class ReceivedV2XMessage and nice -99999100
2020-05-23 21:57:38,328 DEBUG - #preProcessEvent at simulation time 120.000,000,000 s with resource class Event and nice 0
2020-05-23 21:57:38,330 DEBUG - #preProcessEvent at simulation time 120.194,027,190 s with resource class ReceivedV2XMessage and nice -99999100
2020-05-23 21:57:38,332 DEBUG - #preProcessEvent at simulation time 122.000,000,000 s with resource class Event and nice 0
2020-05-23 21:57:38,333 DEBUG - #preProcessEvent at simulation time 122.305,267,963 s with resource class ReceivedV2XMessage and nice -99999100
2020-05-23 21:57:38,336 DEBUG - #preProcessEvent at simulation time 124.000,000,000 s with resource class Event and nice 0
2020-05-23 21:57:38,339 DEBUG - #preProcessEvent at simulation time 124.420,659,675 s with resource class ReceivedV2XMessage and nice -99999100
2020-05-23 21:57:38,342 DEBUG - #preProcessEvent at simulation time 126.000,000,000 s with resource class Event and nice 0
2020-05-23 21:57:38,343 DEBUG - #preProcessEvent at simulation time 126.368,853,744 s with resource class ReceivedV2XMessage and nice -99999100
2020-05-23 21:57:38,346 DEBUG - #preProcessEvent at simulation time 128.000,000,000 s with resource class Event and nice 0
2020-05-23 21:57:38,347 DEBUG - #preProcessEvent at simulation time 128.632,338,964 s with resource class ReceivedV2XMessage and nice -99999100
2020-05-23 21:57:38,348 DEBUG - #preProcessEvent at simulation time 130.000,000,000 s with resource class Event and nice 0
2020-05-23 21:57:38,350 DEBUG - #preProcessEvent at simulation time 130.356,484,913 s with resource class ReceivedV2XMessage and nice -99999100
2020-05-23 21:57:38,352 DEBUG - #preProcessEvent at simulation time 132.000,000,000 s with resource class Event and nice 0
2020-05-23 21:57:38,353 DEBUG - #preProcessEvent at simulation time 132.595,774,386 s with resource class ReceivedV2XMessage and nice -99999100
2020-05-23 21:57:38,356 DEBUG - #preProcessEvent at simulation time 134.000,000,000 s with resource class Event and nice 0
2020-05-23 21:57:38,358 DEBUG - #preProcessEvent at simulation time 134.406,241,239 s with resource class ReceivedV2XMessage and nice -99999100
2020-05-23 21:57:38,360 DEBUG - #preProcessEvent at simulation time 136.000,000,000 s with resource class Event and nice 0
2020-05-23 21:57:38,361 DEBUG - #preProcessEvent at simulation time 136.349,442,257 s with resource class ReceivedV2XMessage and nice -99999100
2020-05-23 21:57:38,363 DEBUG - #preProcessEvent at simulation time 138.000,000,000 s with resource class Event and nice 0
2020-05-23 21:57:38,364 DEBUG - #preProcessEvent at simulation time 138.315,263,934 s with resource class ReceivedV2XMessage and nice -99999100
2020-05-23 21:57:38,366 DEBUG - #preProcessEvent at simulation time 140.000,000,000 s with resource class Event and nice 0
2020-05-23 21:57:38,369 DEBUG - #preProcessEvent at simulation time 140.278,168,734 s with resource class ReceivedV2XMessage and nice -99999100
2020-05-23 21:57:38,371 DEBUG - #preProcessEvent at simulation time 142.000,000,000 s with resource class Event and nice 0
2020-05-23 21:57:38,374 DEBUG - #preProcessEvent at simulation time 142.208,644,250 s with resource class ReceivedV2XMessage and nice -99999100
2020-05-23 21:57:38,375 DEBUG - #preProcessEvent at simulation time 144.000,000,000 s with resource class Event and nice 0
2020-05-23 21:57:38,376 DEBUG - #preProcessEvent at simulation time 144.385,234,444 s with resource class ReceivedV2XMessage and nice -99999100
2020-05-23 21:57:38,378 DEBUG - #preProcessEvent at simulation time 146.000,000,000 s with resource class Event and nice 0
2020-05-23 21:57:38,379 DEBUG - #preProcessEvent at simulation time 146.334,876,380 s with resource class ReceivedV2XMessage and nice -99999100
2020-05-23 21:57:38,381 DEBUG - #preProcessEvent at simulation time 148.000,000,000 s with resource class Event and nice 0
2020-05-23 21:57:38,382 DEBUG - #preProcessEvent at simulation time 148.229,776,959 s with resource class ReceivedV2XMessage and nice -99999100
2020-05-23 21:57:38,384 DEBUG - #preProcessEvent at simulation time 150.000,000,000 s with resource class Event and nice 0
2020-05-23 21:57:38,386 DEBUG - #preProcessEvent at simulation time 150.352,044,532 s with resource class ReceivedV2XMessage and nice -99999100
2020-05-23 21:57:38,388 DEBUG - #preProcessEvent at simulation time 152.000,000,000 s with resource class Event and nice 0
2020-05-23 21:57:38,389 DEBUG - #preProcessEvent at simulation time 152.302,283,879 s with resource class ReceivedV2XMessage and nice -99999100
2020-05-23 21:57:38,391 DEBUG - #preProcessEvent at simulation time 154.000,000,000 s with resource class Event and nice 0
2020-05-23 21:57:38,392 DEBUG - #preProcessEvent at simulation time 154.463,057,506 s with resource class ReceivedV2XMessage and nice -99999100
2020-05-23 21:57:38,394 DEBUG - #preProcessEvent at simulation time 156.000,000,000 s with resource class Event and nice 0
2020-05-23 21:57:38,395 DEBUG - #preProcessEvent at simulation time 156.245,458,123 s with resource class ReceivedV2XMessage and nice -99999100
2020-05-23 21:57:38,397 DEBUG - #preProcessEvent at simulation time 158.000,000,000 s with resource class Event and nice 0
2020-05-23 21:57:38,399 DEBUG - #preProcessEvent at simulation time 158.374,661,582 s with resource class ReceivedV2XMessage and nice -99999100
2020-05-23 21:57:38,401 DEBUG - #preProcessEvent at simulation time 160.000,000,000 s with resource class Event and nice 0
2020-05-23 21:57:38,403 DEBUG - #preProcessEvent at simulation time 160.298,852,949 s with resource class ReceivedV2XMessage and nice -99999100
2020-05-23 21:57:38,405 DEBUG - #preProcessEvent at simulation time 162.000,000,000 s with resource class Event and nice 0
2020-05-23 21:57:38,408 DEBUG - #preProcessEvent at simulation time 162.260,882,227 s with resource class ReceivedV2XMessage and nice -99999100
2020-05-23 21:57:38,409 DEBUG - #preProcessEvent at simulation time 164.000,000,000 s with resource class Event and nice 0
2020-05-23 21:57:38,411 DEBUG - #preProcessEvent at simulation time 164.292,048,645 s with resource class ReceivedV2XMessage and nice -99999100
2020-05-23 21:57:38,412 DEBUG - #preProcessEvent at simulation time 166.000,000,000 s with resource class Event and nice 0
2020-05-23 21:57:38,413 DEBUG - #preProcessEvent at simulation time 166.153,901,211 s with resource class ReceivedV2XMessage and nice -99999100
2020-05-23 21:57:38,415 DEBUG - #preProcessEvent at simulation time 168.000,000,000 s with resource class Event and nice 0
2020-05-23 21:57:38,416 DEBUG - #preProcessEvent at simulation time 168.191,964,905 s with resource class ReceivedV2XMessage and nice -99999100
2020-05-23 21:57:38,418 DEBUG - #preProcessEvent at simulation time 170.000,000,000 s with resource class Event and nice 0
2020-05-23 21:57:38,419 DEBUG - #preProcessEvent at simulation time 170.209,393,884 s with resource class ReceivedV2XMessage and nice -99999100
2020-05-23 21:57:38,424 DEBUG - #preProcessEvent at simulation time 172.000,000,000 s with resource class Event and nice 0
2020-05-23 21:57:38,551 DEBUG - #preProcessEvent at simulation time 172.225,592,390 s with resource class ReceivedV2XMessage and nice -99999100
2020-05-23 21:57:38,571 DEBUG - #preProcessEvent at simulation time 174.000,000,000 s with resource class Event and nice 0
2020-05-23 21:57:38,573 DEBUG - #preProcessEvent at simulation time 174.258,716,390 s with resource class ReceivedV2XMessage and nice -99999100
2020-05-23 21:57:38,576 DEBUG - #preProcessEvent at simulation time 176.000,000,000 s with resource class Event and nice 0
2020-05-23 21:57:38,577 DEBUG - #preProcessEvent at simulation time 176.148,139,960 s with resource class ReceivedV2XMessage and nice -99999100
2020-05-23 21:57:38,579 DEBUG - #preProcessEvent at simulation time 178.000,000,000 s with resource class Event and nice 0
2020-05-23 21:57:38,581 DEBUG - #preProcessEvent at simulation time 178.166,242,008 s with resource class ReceivedV2XMessage and nice -99999100
2020-05-23 21:57:38,586 DEBUG - #tearDown at simulation time 179.000,000,000 s
