2020-05-23 21:56:03,444 WARN - Could not check operating system of Application. Skipping check.
2020-05-23 21:56:03,454 DEBUG - Successfully instantiated the class com.dcaiti.vsimrti.app.tutorials.barnim.WeatherWarningAppCell
2020-05-23 21:56:03,454 DEBUG - Successfully instantiated the class com.dcaiti.vsimrti.app.tutorials.barnim.SlowDownApp
2020-05-23 21:56:03,454 DEBUG - #tearUp at simulation time 26.000,000,000 s
2020-05-23 21:56:03,458 DEBUG - #preProcessEvent at simulation time 26.000,000,000 s with resource class VehicleInfo and nice -99999900
2020-05-23 21:56:03,477 DEBUG - #preProcessEvent at simulation time 27.000,000,000 s with resource class VehicleInfo and nice -99999800
2020-05-23 21:56:03,496 DEBUG - #preProcessEvent at simulation time 28.000,000,000 s with resource class VehicleInfo and nice -99999800
2020-05-23 21:56:03,503 DEBUG - #preProcessEvent at simulation time 29.000,000,000 s with resource class VehicleInfo and nice -99999800
2020-05-23 21:56:03,516 DEBUG - #preProcessEvent at simulation time 30.000,000,000 s with resource class VehicleInfo and nice -99999800
2020-05-23 21:56:03,563 DEBUG - #preProcessEvent at simulation time 31.000,000,000 s with resource class VehicleInfo and nice -99999800
2020-05-23 21:56:03,583 DEBUG - #preProcessEvent at simulation time 32.000,000,000 s with resource class VehicleInfo and nice -99999800
2020-05-23 21:56:03,596 DEBUG - #preProcessEvent at simulation time 33.000,000,000 s with resource class VehicleInfo and nice -99999800
2020-05-23 21:56:03,610 DEBUG - #preProcessEvent at simulation time 34.000,000,000 s with resource class VehicleInfo and nice -99999800
2020-05-23 21:56:03,616 DEBUG - #preProcessEvent at simulation time 35.000,000,000 s with resource class VehicleInfo and nice -99999800
2020-05-23 21:56:03,641 DEBUG - #preProcessEvent at simulation time 36.000,000,000 s with resource class VehicleInfo and nice -99999800
2020-05-23 21:56:03,650 DEBUG - #preProcessEvent at simulation time 37.000,000,000 s with resource class VehicleInfo and nice -99999800
2020-05-23 21:56:03,663 DEBUG - #preProcessEvent at simulation time 38.000,000,000 s with resource class VehicleInfo and nice -99999800
2020-05-23 21:56:03,670 DEBUG - #preProcessEvent at simulation time 39.000,000,000 s with resource class VehicleInfo and nice -99999800
2020-05-23 21:56:03,687 DEBUG - #preProcessEvent at simulation time 40.000,000,000 s with resource class VehicleInfo and nice -99999800
2020-05-23 21:56:03,776 DEBUG - #preProcessEvent at simulation time 41.000,000,000 s with resource class VehicleInfo and nice -99999800
2020-05-23 21:56:03,790 DEBUG - #preProcessEvent at simulation time 42.000,000,000 s with resource class VehicleInfo and nice -99999800
2020-05-23 21:56:03,799 DEBUG - #preProcessEvent at simulation time 43.000,000,000 s with resource class VehicleInfo and nice -99999800
2020-05-23 21:56:03,814 DEBUG - #preProcessEvent at simulation time 44.000,000,000 s with resource class VehicleInfo and nice -99999800
2020-05-23 21:56:03,829 DEBUG - #preProcessEvent at simulation time 45.000,000,000 s with resource class VehicleInfo and nice -99999800
2020-05-23 21:56:03,876 DEBUG - #preProcessEvent at simulation time 46.000,000,000 s with resource class VehicleInfo and nice -99999800
2020-05-23 21:56:03,887 DEBUG - #preProcessEvent at simulation time 47.000,000,000 s with resource class VehicleInfo and nice -99999800
2020-05-23 21:56:03,902 DEBUG - #preProcessEvent at simulation time 48.000,000,000 s with resource class VehicleInfo and nice -99999800
2020-05-23 21:56:03,943 DEBUG - #preProcessEvent at simulation time 49.000,000,000 s with resource class VehicleInfo and nice -99999800
2020-05-23 21:56:03,962 DEBUG - #preProcessEvent at simulation time 50.000,000,000 s with resource class VehicleInfo and nice -99999800
2020-05-23 21:56:03,980 DEBUG - #preProcessEvent at simulation time 51.000,000,000 s with resource class VehicleInfo and nice -99999800
2020-05-23 21:56:03,994 DEBUG - #preProcessEvent at simulation time 52.000,000,000 s with resource class VehicleInfo and nice -99999800
2020-05-23 21:56:04,003 DEBUG - #preProcessEvent at simulation time 53.000,000,000 s with resource class VehicleInfo and nice -99999800
2020-05-23 21:56:04,019 DEBUG - #preProcessEvent at simulation time 54.000,000,000 s with resource class VehicleInfo and nice -99999800
2020-05-23 21:56:04,028 DEBUG - #preProcessEvent at simulation time 55.000,000,000 s with resource class VehicleInfo and nice -99999800
2020-05-23 21:56:04,078 DEBUG - #preProcessEvent at simulation time 56.000,000,000 s with resource class VehicleInfo and nice -99999800
2020-05-23 21:56:04,098 DEBUG - #preProcessEvent at simulation time 57.000,000,000 s with resource class VehicleInfo and nice -99999800
2020-05-23 21:56:04,140 DEBUG - #preProcessEvent at simulation time 58.000,000,000 s with resource class VehicleInfo and nice -99999800
2020-05-23 21:56:04,150 DEBUG - #preProcessEvent at simulation time 59.000,000,000 s with resource class VehicleInfo and nice -99999800
2020-05-23 21:56:04,167 DEBUG - #preProcessEvent at simulation time 60.000,000,000 s with resource class VehicleInfo and nice -99999800
2020-05-23 21:56:04,186 DEBUG - #preProcessEvent at simulation time 61.000,000,000 s with resource class VehicleInfo and nice -99999800
2020-05-23 21:56:04,205 DEBUG - #preProcessEvent at simulation time 62.000,000,000 s with resource class VehicleInfo and nice -99999800
2020-05-23 21:56:04,216 DEBUG - #preProcessEvent at simulation time 63.000,000,000 s with resource class VehicleInfo and nice -99999800
2020-05-23 21:56:04,230 DEBUG - #preProcessEvent at simulation time 64.000,000,000 s with resource class VehicleInfo and nice -99999800
2020-05-23 21:56:04,240 DEBUG - #preProcessEvent at simulation time 65.000,000,000 s with resource class VehicleInfo and nice -99999800
2020-05-23 21:56:04,277 DEBUG - #preProcessEvent at simulation time 66.000,000,000 s with resource class VehicleInfo and nice -99999800
2020-05-23 21:56:04,292 DEBUG - #preProcessEvent at simulation time 67.000,000,000 s with resource class VehicleInfo and nice -99999800
2020-05-23 21:56:04,358 DEBUG - #preProcessEvent at simulation time 68.000,000,000 s with resource class VehicleInfo and nice -99999800
2020-05-23 21:56:04,374 DEBUG - #preProcessEvent at simulation time 69.000,000,000 s with resource class VehicleInfo and nice -99999800
2020-05-23 21:56:04,396 DEBUG - #preProcessEvent at simulation time 70.000,000,000 s with resource class VehicleInfo and nice -99999800
2020-05-23 21:56:04,416 DEBUG - #preProcessEvent at simulation time 71.000,000,000 s with resource class VehicleInfo and nice -99999800
2020-05-23 21:56:04,432 DEBUG - #preProcessEvent at simulation time 72.000,000,000 s with resource class VehicleInfo and nice -99999800
2020-05-23 21:56:04,443 DEBUG - #preProcessEvent at simulation time 73.000,000,000 s with resource class VehicleInfo and nice -99999800
2020-05-23 21:56:04,468 DEBUG - #preProcessEvent at simulation time 74.000,000,000 s with resource class VehicleInfo and nice -99999800
2020-05-23 21:56:04,479 DEBUG - #preProcessEvent at simulation time 75.000,000,000 s with resource class VehicleInfo and nice -99999800
2020-05-23 21:56:04,533 DEBUG - #preProcessEvent at simulation time 76.000,000,000 s with resource class VehicleInfo and nice -99999800
2020-05-23 21:56:04,547 DEBUG - #preProcessEvent at simulation time 77.000,000,000 s with resource class VehicleInfo and nice -99999800
2020-05-23 21:56:04,562 DEBUG - #preProcessEvent at simulation time 78.000,000,000 s with resource class VehicleInfo and nice -99999800
2020-05-23 21:56:04,574 DEBUG - #preProcessEvent at simulation time 79.000,000,000 s with resource class VehicleInfo and nice -99999800
2020-05-23 21:56:04,594 DEBUG - #preProcessEvent at simulation time 80.000,000,000 s with resource class VehicleInfo and nice -99999800
2020-05-23 21:56:04,629 DEBUG - #preProcessEvent at simulation time 81.000,000,000 s with resource class VehicleInfo and nice -99999800
2020-05-23 21:56:04,648 DEBUG - #preProcessEvent at simulation time 82.000,000,000 s with resource class VehicleInfo and nice -99999800
2020-05-23 21:56:04,663 DEBUG - #preProcessEvent at simulation time 83.000,000,000 s with resource class VehicleInfo and nice -99999800
2020-05-23 21:56:04,681 DEBUG - #preProcessEvent at simulation time 84.000,000,000 s with resource class VehicleInfo and nice -99999800
2020-05-23 21:56:05,255 DEBUG - #preProcessEvent at simulation time 85.000,000,000 s with resource class VehicleInfo and nice -99999800
2020-05-23 21:56:05,335 DEBUG - #preProcessEvent at simulation time 86.000,000,000 s with resource class VehicleInfo and nice -99999800
2020-05-23 21:56:05,375 DEBUG - #preProcessEvent at simulation time 87.000,000,000 s with resource class VehicleInfo and nice -99999800
2020-05-23 21:56:05,396 DEBUG - #preProcessEvent at simulation time 88.000,000,000 s with resource class VehicleInfo and nice -99999800
2020-05-23 21:56:05,416 DEBUG - #preProcessEvent at simulation time 89.000,000,000 s with resource class VehicleInfo and nice -99999800
2020-05-23 21:56:05,441 DEBUG - #preProcessEvent at simulation time 90.000,000,000 s with resource class VehicleInfo and nice -99999800
2020-05-23 21:56:05,495 DEBUG - #preProcessEvent at simulation time 91.000,000,000 s with resource class VehicleInfo and nice -99999800
2020-05-23 21:56:05,647 DEBUG - #preProcessEvent at simulation time 92.000,000,000 s with resource class VehicleInfo and nice -99999800
2020-05-23 21:56:05,677 DEBUG - #preProcessEvent at simulation time 93.000,000,000 s with resource class VehicleInfo and nice -99999800
2020-05-23 21:56:05,801 DEBUG - #preProcessEvent at simulation time 94.000,000,000 s with resource class VehicleInfo and nice -99999800
2020-05-23 21:56:05,843 DEBUG - #preProcessEvent at simulation time 95.000,000,000 s with resource class VehicleInfo and nice -99999800
2020-05-23 21:56:06,019 DEBUG - #preProcessEvent at simulation time 96.000,000,000 s with resource class VehicleInfo and nice -99999800
2020-05-23 21:56:06,062 DEBUG - #preProcessEvent at simulation time 97.000,000,000 s with resource class VehicleInfo and nice -99999800
2020-05-23 21:56:06,089 DEBUG - #preProcessEvent at simulation time 98.000,000,000 s with resource class VehicleInfo and nice -99999800
2020-05-23 21:56:06,224 DEBUG - #preProcessEvent at simulation time 99.000,000,000 s with resource class VehicleInfo and nice -99999800
2020-05-23 21:56:06,261 DEBUG - #preProcessEvent at simulation time 100.000,000,000 s with resource class VehicleInfo and nice -99999800
2020-05-23 21:56:06,306 DEBUG - #preProcessEvent at simulation time 101.000,000,000 s with resource class VehicleInfo and nice -99999800
2020-05-23 21:56:06,380 DEBUG - #preProcessEvent at simulation time 102.000,000,000 s with resource class VehicleInfo and nice -99999800
2020-05-23 21:56:06,408 DEBUG - #preProcessEvent at simulation time 103.000,000,000 s with resource class VehicleInfo and nice -99999800
2020-05-23 21:56:06,429 DEBUG - #preProcessEvent at simulation time 104.000,000,000 s with resource class VehicleInfo and nice -99999800
2020-05-23 21:56:06,470 DEBUG - #preProcessEvent at simulation time 105.000,000,000 s with resource class VehicleInfo and nice -99999800
2020-05-23 21:56:06,532 DEBUG - #preProcessEvent at simulation time 106.000,000,000 s with resource class VehicleInfo and nice -99999800
2020-05-23 21:56:06,629 DEBUG - #preProcessEvent at simulation time 107.000,000,000 s with resource class VehicleInfo and nice -99999800
2020-05-23 21:56:06,669 DEBUG - #preProcessEvent at simulation time 108.000,000,000 s with resource class VehicleInfo and nice -99999800
2020-05-23 21:56:06,695 DEBUG - #preProcessEvent at simulation time 109.000,000,000 s with resource class VehicleInfo and nice -99999800
2020-05-23 21:56:06,812 DEBUG - #preProcessEvent at simulation time 110.000,000,000 s with resource class VehicleInfo and nice -99999800
2020-05-23 21:56:06,854 DEBUG - #preProcessEvent at simulation time 111.000,000,000 s with resource class VehicleInfo and nice -99999800
2020-05-23 21:56:06,936 DEBUG - #preProcessEvent at simulation time 112.000,000,000 s with resource class VehicleInfo and nice -99999800
2020-05-23 21:56:07,000 DEBUG - #preProcessEvent at simulation time 113.000,000,000 s with resource class VehicleInfo and nice -99999800
2020-05-23 21:56:07,036 DEBUG - #preProcessEvent at simulation time 114.000,000,000 s with resource class VehicleInfo and nice -99999800
2020-05-23 21:56:07,063 DEBUG - #preProcessEvent at simulation time 115.000,000,000 s with resource class VehicleInfo and nice -99999800
2020-05-23 21:56:07,107 DEBUG - #preProcessEvent at simulation time 116.000,000,000 s with resource class VehicleInfo and nice -99999800
2020-05-23 21:56:07,233 DEBUG - #preProcessEvent at simulation time 117.000,000,000 s with resource class VehicleInfo and nice -99999800
2020-05-23 21:56:07,264 DEBUG - #preProcessEvent at simulation time 118.000,000,000 s with resource class VehicleInfo and nice -99999800
2020-05-23 21:56:07,306 DEBUG - #preProcessEvent at simulation time 119.000,000,000 s with resource class VehicleInfo and nice -99999800
2020-05-23 21:56:07,446 DEBUG - #preProcessEvent at simulation time 120.000,000,000 s with resource class VehicleInfo and nice -99999800
2020-05-23 21:56:07,494 DEBUG - #preProcessEvent at simulation time 121.000,000,000 s with resource class VehicleInfo and nice -99999800
2020-05-23 21:56:07,527 DEBUG - #preProcessEvent at simulation time 122.000,000,000 s with resource class VehicleInfo and nice -99999800
2020-05-23 21:56:07,642 DEBUG - #preProcessEvent at simulation time 123.000,000,000 s with resource class VehicleInfo and nice -99999800
2020-05-23 21:56:07,674 DEBUG - #preProcessEvent at simulation time 124.000,000,000 s with resource class VehicleInfo and nice -99999800
2020-05-23 21:56:07,807 DEBUG - #preProcessEvent at simulation time 125.000,000,000 s with resource class VehicleInfo and nice -99999800
2020-05-23 21:56:07,991 DEBUG - #preProcessEvent at simulation time 126.000,000,000 s with resource class VehicleInfo and nice -99999800
2020-05-23 21:56:08,020 DEBUG - #preProcessEvent at simulation time 127.000,000,000 s with resource class VehicleInfo and nice -99999800
2020-05-23 21:56:08,133 DEBUG - #preProcessEvent at simulation time 128.000,000,000 s with resource class VehicleInfo and nice -99999800
2020-05-23 21:56:08,160 DEBUG - #preProcessEvent at simulation time 129.000,000,000 s with resource class VehicleInfo and nice -99999800
2020-05-23 21:56:08,198 DEBUG - #preProcessEvent at simulation time 130.000,000,000 s with resource class VehicleInfo and nice -99999800
2020-05-23 21:56:08,355 DEBUG - #preProcessEvent at simulation time 131.000,000,000 s with resource class VehicleInfo and nice -99999800
2020-05-23 21:56:08,382 DEBUG - #preProcessEvent at simulation time 132.000,000,000 s with resource class VehicleInfo and nice -99999800
2020-05-23 21:56:08,491 DEBUG - #preProcessEvent at simulation time 133.000,000,000 s with resource class VehicleInfo and nice -99999800
2020-05-23 21:56:08,519 DEBUG - #preProcessEvent at simulation time 134.000,000,000 s with resource class VehicleInfo and nice -99999800
2020-05-23 21:56:08,639 DEBUG - #preProcessEvent at simulation time 135.000,000,000 s with resource class VehicleInfo and nice -99999800
2020-05-23 21:56:08,693 DEBUG - #preProcessEvent at simulation time 136.000,000,000 s with resource class VehicleInfo and nice -99999800
2020-05-23 21:56:08,853 DEBUG - #preProcessEvent at simulation time 137.000,000,000 s with resource class VehicleInfo and nice -99999800
2020-05-23 21:56:08,901 DEBUG - #preProcessEvent at simulation time 138.000,000,000 s with resource class VehicleInfo and nice -99999800
2020-05-23 21:56:08,937 DEBUG - #preProcessEvent at simulation time 139.000,000,000 s with resource class VehicleInfo and nice -99999800
2020-05-23 21:56:09,090 DEBUG - #preProcessEvent at simulation time 140.000,000,000 s with resource class VehicleInfo and nice -99999800
2020-05-23 21:56:09,144 DEBUG - #preProcessEvent at simulation time 141.000,000,000 s with resource class VehicleInfo and nice -99999800
2020-05-23 21:56:09,277 DEBUG - #preProcessEvent at simulation time 142.000,000,000 s with resource class VehicleInfo and nice -99999800
2020-05-23 21:56:09,302 DEBUG - #preProcessEvent at simulation time 143.000,000,000 s with resource class VehicleInfo and nice -99999800
2020-05-23 21:56:09,389 DEBUG - #preProcessEvent at simulation time 144.000,000,000 s with resource class VehicleInfo and nice -99999800
2020-05-23 21:56:09,415 DEBUG - #preProcessEvent at simulation time 145.000,000,000 s with resource class VehicleInfo and nice -99999800
2020-05-23 21:56:09,467 DEBUG - #preProcessEvent at simulation time 146.000,000,000 s with resource class VehicleInfo and nice -99999800
2020-05-23 21:56:09,503 DEBUG - #preProcessEvent at simulation time 147.000,000,000 s with resource class VehicleInfo and nice -99999800
2020-05-23 21:56:09,541 DEBUG - #preProcessEvent at simulation time 148.000,000,000 s with resource class VehicleInfo and nice -99999800
2020-05-23 21:56:09,724 DEBUG - #preProcessEvent at simulation time 149.000,000,000 s with resource class VehicleInfo and nice -99999800
2020-05-23 21:56:09,799 DEBUG - #preProcessEvent at simulation time 150.000,000,000 s with resource class VehicleInfo and nice -99999800
2020-05-23 21:56:09,993 DEBUG - #preProcessEvent at simulation time 151.000,000,000 s with resource class VehicleInfo and nice -99999800
2020-05-23 21:56:10,080 DEBUG - #preProcessEvent at simulation time 152.000,000,000 s with resource class VehicleInfo and nice -99999800
2020-05-23 21:56:10,157 DEBUG - #preProcessEvent at simulation time 153.000,000,000 s with resource class VehicleInfo and nice -99999800
2020-05-23 21:56:10,249 DEBUG - #preProcessEvent at simulation time 154.000,000,000 s with resource class VehicleInfo and nice -99999800
2020-05-23 21:56:10,276 DEBUG - #preProcessEvent at simulation time 155.000,000,000 s with resource class VehicleInfo and nice -99999800
2020-05-23 21:56:10,345 DEBUG - #preProcessEvent at simulation time 156.000,000,000 s with resource class VehicleInfo and nice -99999800
2020-05-23 21:56:10,419 DEBUG - #preProcessEvent at simulation time 157.000,000,000 s with resource class VehicleInfo and nice -99999800
2020-05-23 21:56:10,451 DEBUG - #preProcessEvent at simulation time 158.000,000,000 s with resource class VehicleInfo and nice -99999800
2020-05-23 21:56:10,483 DEBUG - #preProcessEvent at simulation time 159.000,000,000 s with resource class VehicleInfo and nice -99999800
2020-05-23 21:56:10,569 DEBUG - #preProcessEvent at simulation time 160.000,000,000 s with resource class VehicleInfo and nice -99999800
2020-05-23 21:56:10,733 DEBUG - #preProcessEvent at simulation time 161.000,000,000 s with resource class VehicleInfo and nice -99999800
2020-05-23 21:56:10,831 DEBUG - #preProcessEvent at simulation time 162.000,000,000 s with resource class VehicleInfo and nice -99999800
2020-05-23 21:56:10,910 DEBUG - #preProcessEvent at simulation time 163.000,000,000 s with resource class VehicleInfo and nice -99999800
2020-05-23 21:56:11,018 DEBUG - #preProcessEvent at simulation time 164.000,000,000 s with resource class VehicleInfo and nice -99999800
2020-05-23 21:56:11,134 DEBUG - #preProcessEvent at simulation time 165.000,000,000 s with resource class VehicleInfo and nice -99999800
2020-05-23 21:56:11,227 DEBUG - #preProcessEvent at simulation time 166.000,000,000 s with resource class VehicleInfo and nice -99999800
2020-05-23 21:56:11,589 DEBUG - #preProcessEvent at simulation time 167.000,000,000 s with resource class VehicleInfo and nice -99999800
2020-05-23 21:56:11,628 DEBUG - #preProcessEvent at simulation time 168.000,000,000 s with resource class VehicleInfo and nice -99999800
2020-05-23 21:56:11,680 DEBUG - #preProcessEvent at simulation time 169.000,000,000 s with resource class VehicleInfo and nice -99999800
2020-05-23 21:56:11,921 DEBUG - #preProcessEvent at simulation time 170.000,000,000 s with resource class VehicleInfo and nice -99999800
2020-05-23 21:56:12,061 DEBUG - #preProcessEvent at simulation time 171.000,000,000 s with resource class VehicleInfo and nice -99999800
2020-05-23 21:56:12,146 DEBUG - #preProcessEvent at simulation time 172.000,000,000 s with resource class VehicleInfo and nice -99999800
2020-05-23 21:56:12,276 DEBUG - #preProcessEvent at simulation time 173.000,000,000 s with resource class VehicleInfo and nice -99999800
2020-05-23 21:56:12,478 DEBUG - #preProcessEvent at simulation time 174.000,000,000 s with resource class VehicleInfo and nice -99999800
2020-05-23 21:56:12,618 DEBUG - #preProcessEvent at simulation time 175.000,000,000 s with resource class VehicleInfo and nice -99999800
2020-05-23 21:56:12,747 DEBUG - #preProcessEvent at simulation time 176.000,000,000 s with resource class VehicleInfo and nice -99999800
2020-05-23 21:56:12,864 DEBUG - #preProcessEvent at simulation time 177.000,000,000 s with resource class VehicleInfo and nice -99999800
2020-05-23 21:56:12,998 DEBUG - #preProcessEvent at simulation time 178.000,000,000 s with resource class VehicleInfo and nice -99999800
2020-05-23 21:56:13,135 DEBUG - #preProcessEvent at simulation time 179.000,000,000 s with resource class VehicleInfo and nice -99999800
2020-05-23 21:56:13,260 DEBUG - #preProcessEvent at simulation time 180.000,000,000 s with resource class VehicleInfo and nice -99999800
2020-05-23 21:56:13,482 DEBUG - #preProcessEvent at simulation time 181.000,000,000 s with resource class VehicleInfo and nice -99999800
2020-05-23 21:56:13,662 DEBUG - #preProcessEvent at simulation time 182.000,000,000 s with resource class VehicleInfo and nice -99999800
2020-05-23 21:56:13,777 DEBUG - #preProcessEvent at simulation time 183.000,000,000 s with resource class VehicleInfo and nice -99999800
2020-05-23 21:56:13,879 DEBUG - #preProcessEvent at simulation time 184.000,000,000 s with resource class VehicleInfo and nice -99999800
2020-05-23 21:56:14,030 DEBUG - #preProcessEvent at simulation time 185.000,000,000 s with resource class VehicleInfo and nice -99999800
2020-05-23 21:56:14,229 DEBUG - #preProcessEvent at simulation time 186.000,000,000 s with resource class VehicleInfo and nice -99999800
2020-05-23 21:56:14,281 DEBUG - #preProcessEvent at simulation time 187.000,000,000 s with resource class VehicleInfo and nice -99999800
2020-05-23 21:56:14,431 DEBUG - #preProcessEvent at simulation time 188.000,000,000 s with resource class VehicleInfo and nice -99999800
2020-05-23 21:56:14,476 DEBUG - #preProcessEvent at simulation time 189.000,000,000 s with resource class VehicleInfo and nice -99999800
2020-05-23 21:56:14,621 DEBUG - #preProcessEvent at simulation time 190.000,000,000 s with resource class VehicleInfo and nice -99999800
2020-05-23 21:56:14,790 DEBUG - #preProcessEvent at simulation time 191.000,000,000 s with resource class VehicleInfo and nice -99999800
2020-05-23 21:56:14,961 DEBUG - #preProcessEvent at simulation time 192.000,000,000 s with resource class VehicleInfo and nice -99999800
2020-05-23 21:56:15,011 DEBUG - #preProcessEvent at simulation time 193.000,000,000 s with resource class VehicleInfo and nice -99999800
2020-05-23 21:56:15,174 DEBUG - #preProcessEvent at simulation time 194.000,000,000 s with resource class VehicleInfo and nice -99999800
2020-05-23 21:56:15,244 DEBUG - #preProcessEvent at simulation time 195.000,000,000 s with resource class VehicleInfo and nice -99999800
2020-05-23 21:56:15,407 DEBUG - #preProcessEvent at simulation time 196.000,000,000 s with resource class VehicleInfo and nice -99999800
2020-05-23 21:56:15,489 DEBUG - #preProcessEvent at simulation time 197.000,000,000 s with resource class VehicleInfo and nice -99999800
2020-05-23 21:56:15,570 DEBUG - #preProcessEvent at simulation time 198.000,000,000 s with resource class VehicleInfo and nice -99999800
2020-05-23 21:56:15,682 DEBUG - #preProcessEvent at simulation time 199.000,000,000 s with resource class VehicleInfo and nice -99999800
2020-05-23 21:56:15,756 DEBUG - #preProcessEvent at simulation time 200.000,000,000 s with resource class VehicleInfo and nice -99999800
2020-05-23 21:56:15,961 DEBUG - #preProcessEvent at simulation time 201.000,000,000 s with resource class VehicleInfo and nice -99999800
2020-05-23 21:56:16,081 DEBUG - #preProcessEvent at simulation time 202.000,000,000 s with resource class VehicleInfo and nice -99999800
2020-05-23 21:56:16,130 DEBUG - #preProcessEvent at simulation time 203.000,000,000 s with resource class VehicleInfo and nice -99999800
2020-05-23 21:56:16,296 DEBUG - #preProcessEvent at simulation time 204.000,000,000 s with resource class VehicleInfo and nice -99999800
2020-05-23 21:56:16,363 DEBUG - #preProcessEvent at simulation time 205.000,000,000 s with resource class VehicleInfo and nice -99999800
2020-05-23 21:56:16,563 DEBUG - #preProcessEvent at simulation time 206.000,000,000 s with resource class VehicleInfo and nice -99999800
2020-05-23 21:56:16,622 DEBUG - #preProcessEvent at simulation time 207.000,000,000 s with resource class VehicleInfo and nice -99999800
2020-05-23 21:56:16,684 DEBUG - #preProcessEvent at simulation time 208.000,000,000 s with resource class VehicleInfo and nice -99999800
2020-05-23 21:56:16,779 DEBUG - #preProcessEvent at simulation time 209.000,000,000 s with resource class VehicleInfo and nice -99999800
2020-05-23 21:56:16,950 DEBUG - #preProcessEvent at simulation time 210.000,000,000 s with resource class VehicleInfo and nice -99999800
2020-05-23 21:56:17,093 DEBUG - #preProcessEvent at simulation time 211.000,000,000 s with resource class VehicleInfo and nice -99999800
2020-05-23 21:56:17,221 DEBUG - #preProcessEvent at simulation time 212.000,000,000 s with resource class VehicleInfo and nice -99999800
2020-05-23 21:56:17,263 DEBUG - #preProcessEvent at simulation time 213.000,000,000 s with resource class VehicleInfo and nice -99999800
2020-05-23 21:56:17,345 DEBUG - #preProcessEvent at simulation time 214.000,000,000 s with resource class VehicleInfo and nice -99999800
2020-05-23 21:56:17,481 DEBUG - #preProcessEvent at simulation time 215.000,000,000 s with resource class VehicleInfo and nice -99999800
2020-05-23 21:56:17,630 DEBUG - #preProcessEvent at simulation time 216.000,000,000 s with resource class VehicleInfo and nice -99999800
2020-05-23 21:56:17,666 DEBUG - #preProcessEvent at simulation time 217.000,000,000 s with resource class VehicleInfo and nice -99999800
2020-05-23 21:56:17,737 DEBUG - #preProcessEvent at simulation time 218.000,000,000 s with resource class VehicleInfo and nice -99999800
2020-05-23 21:56:17,851 DEBUG - #preProcessEvent at simulation time 219.000,000,000 s with resource class VehicleInfo and nice -99999800
2020-05-23 21:56:17,906 DEBUG - #preProcessEvent at simulation time 220.000,000,000 s with resource class VehicleInfo and nice -99999800
2020-05-23 21:56:18,081 DEBUG - #preProcessEvent at simulation time 221.000,000,000 s with resource class VehicleInfo and nice -99999800
2020-05-23 21:56:18,170 DEBUG - #preProcessEvent at simulation time 222.000,000,000 s with resource class VehicleInfo and nice -99999800
2020-05-23 21:56:18,213 DEBUG - #preProcessEvent at simulation time 223.000,000,000 s with resource class VehicleInfo and nice -99999800
2020-05-23 21:56:18,358 DEBUG - #preProcessEvent at simulation time 224.000,000,000 s with resource class VehicleInfo and nice -99999800
2020-05-23 21:56:18,531 DEBUG - #preProcessEvent at simulation time 225.000,000,000 s with resource class VehicleInfo and nice -99999800
2020-05-23 21:56:18,681 DEBUG - #preProcessEvent at simulation time 226.000,000,000 s with resource class VehicleInfo and nice -99999800
2020-05-23 21:56:18,795 DEBUG - #preProcessEvent at simulation time 227.000,000,000 s with resource class VehicleInfo and nice -99999800
2020-05-23 21:56:18,896 DEBUG - #preProcessEvent at simulation time 228.000,000,000 s with resource class VehicleInfo and nice -99999800
2020-05-23 21:56:18,950 DEBUG - #preProcessEvent at simulation time 229.000,000,000 s with resource class VehicleInfo and nice -99999800
2020-05-23 21:56:19,105 DEBUG - #preProcessEvent at simulation time 230.000,000,000 s with resource class VehicleInfo and nice -99999800
2020-05-23 21:56:19,187 DEBUG - #preProcessEvent at simulation time 231.000,000,000 s with resource class VehicleInfo and nice -99999800
2020-05-23 21:56:19,349 DEBUG - #preProcessEvent at simulation time 232.000,000,000 s with resource class VehicleInfo and nice -99999800
2020-05-23 21:56:19,455 DEBUG - #preProcessEvent at simulation time 233.000,000,000 s with resource class VehicleInfo and nice -99999800
2020-05-23 21:56:19,505 DEBUG - #preProcessEvent at simulation time 234.000,000,000 s with resource class VehicleInfo and nice -99999800
2020-05-23 21:56:19,648 DEBUG - #preProcessEvent at simulation time 235.000,000,000 s with resource class VehicleInfo and nice -99999800
2020-05-23 21:56:19,752 DEBUG - #preProcessEvent at simulation time 236.000,000,000 s with resource class VehicleInfo and nice -99999800
2020-05-23 21:56:19,840 DEBUG - #preProcessEvent at simulation time 237.000,000,000 s with resource class VehicleInfo and nice -99999800
2020-05-23 21:56:19,880 DEBUG - #preProcessEvent at simulation time 238.000,000,000 s with resource class VehicleInfo and nice -99999800
2020-05-23 21:56:19,948 DEBUG - #preProcessEvent at simulation time 239.000,000,000 s with resource class VehicleInfo and nice -99999800
2020-05-23 21:56:20,099 DEBUG - #preProcessEvent at simulation time 240.000,000,000 s with resource class VehicleInfo and nice -99999800
2020-05-23 21:56:20,190 DEBUG - #preProcessEvent at simulation time 241.000,000,000 s with resource class VehicleInfo and nice -99999800
2020-05-23 21:56:20,312 DEBUG - #preProcessEvent at simulation time 242.000,000,000 s with resource class VehicleInfo and nice -99999800
2020-05-23 21:56:20,420 DEBUG - #preProcessEvent at simulation time 243.000,000,000 s with resource class VehicleInfo and nice -99999800
2020-05-23 21:56:20,472 DEBUG - #preProcessEvent at simulation time 244.000,000,000 s with resource class VehicleInfo and nice -99999800
2020-05-23 21:56:20,534 DEBUG - #preProcessEvent at simulation time 245.000,000,000 s with resource class VehicleInfo and nice -99999800
2020-05-23 21:56:20,801 DEBUG - #preProcessEvent at simulation time 246.000,000,000 s with resource class VehicleInfo and nice -99999800
2020-05-23 21:56:20,880 DEBUG - #preProcessEvent at simulation time 247.000,000,000 s with resource class VehicleInfo and nice -99999800
2020-05-23 21:56:20,937 DEBUG - #preProcessEvent at simulation time 248.000,000,000 s with resource class VehicleInfo and nice -99999800
2020-05-23 21:56:21,072 DEBUG - #preProcessEvent at simulation time 249.000,000,000 s with resource class VehicleInfo and nice -99999800
2020-05-23 21:56:21,119 DEBUG - #preProcessEvent at simulation time 250.000,000,000 s with resource class VehicleInfo and nice -99999800
2020-05-23 21:56:21,314 DEBUG - #preProcessEvent at simulation time 251.000,000,000 s with resource class VehicleInfo and nice -99999800
2020-05-23 21:56:21,396 DEBUG - #preProcessEvent at simulation time 252.000,000,000 s with resource class VehicleInfo and nice -99999800
2020-05-23 21:56:21,436 DEBUG - #preProcessEvent at simulation time 253.000,000,000 s with resource class VehicleInfo and nice -99999800
2020-05-23 21:56:21,469 DEBUG - #preProcessEvent at simulation time 254.000,000,000 s with resource class VehicleInfo and nice -99999800
2020-05-23 21:56:21,548 DEBUG - #preProcessEvent at simulation time 255.000,000,000 s with resource class VehicleInfo and nice -99999800
2020-05-23 21:56:21,800 DEBUG - #preProcessEvent at simulation time 256.000,000,000 s with resource class VehicleInfo and nice -99999800
2020-05-23 21:56:21,879 DEBUG - #preProcessEvent at simulation time 257.000,000,000 s with resource class VehicleInfo and nice -99999800
2020-05-23 21:56:21,947 DEBUG - #preProcessEvent at simulation time 258.000,000,000 s with resource class VehicleInfo and nice -99999800
2020-05-23 21:56:22,400 DEBUG - #preProcessEvent at simulation time 259.000,000,000 s with resource class VehicleInfo and nice -99999800
2020-05-23 21:56:22,504 DEBUG - #preProcessEvent at simulation time 260.000,000,000 s with resource class VehicleInfo and nice -99999800
2020-05-23 21:56:22,815 DEBUG - #preProcessEvent at simulation time 261.000,000,000 s with resource class VehicleInfo and nice -99999800
2020-05-23 21:56:23,085 DEBUG - #preProcessEvent at simulation time 262.000,000,000 s with resource class VehicleInfo and nice -99999800
2020-05-23 21:56:23,322 DEBUG - #preProcessEvent at simulation time 263.000,000,000 s with resource class VehicleInfo and nice -99999800
2020-05-23 21:56:23,543 DEBUG - #preProcessEvent at simulation time 264.000,000,000 s with resource class VehicleInfo and nice -99999800
2020-05-23 21:56:23,640 DEBUG - #preProcessEvent at simulation time 265.000,000,000 s with resource class VehicleInfo and nice -99999800
2020-05-23 21:56:23,939 DEBUG - #preProcessEvent at simulation time 266.000,000,000 s with resource class VehicleInfo and nice -99999800
2020-05-23 21:56:24,073 DEBUG - #preProcessEvent at simulation time 267.000,000,000 s with resource class VehicleInfo and nice -99999800
2020-05-23 21:56:24,352 DEBUG - #preProcessEvent at simulation time 268.000,000,000 s with resource class VehicleInfo and nice -99999800
2020-05-23 21:56:24,447 DEBUG - #preProcessEvent at simulation time 269.000,000,000 s with resource class VehicleInfo and nice -99999800
2020-05-23 21:56:24,750 DEBUG - #preProcessEvent at simulation time 270.000,000,000 s with resource class VehicleInfo and nice -99999800
2020-05-23 21:56:24,860 DEBUG - #preProcessEvent at simulation time 271.000,000,000 s with resource class VehicleInfo and nice -99999800
2020-05-23 21:56:25,078 DEBUG - #preProcessEvent at simulation time 272.000,000,000 s with resource class VehicleInfo and nice -99999800
2020-05-23 21:56:25,211 DEBUG - #preProcessEvent at simulation time 273.000,000,000 s with resource class VehicleInfo and nice -99999800
2020-05-23 21:56:25,352 DEBUG - #preProcessEvent at simulation time 274.000,000,000 s with resource class VehicleInfo and nice -99999800
2020-05-23 21:56:25,620 DEBUG - #preProcessEvent at simulation time 275.000,000,000 s with resource class VehicleInfo and nice -99999800
2020-05-23 21:56:25,779 DEBUG - #preProcessEvent at simulation time 276.000,000,000 s with resource class VehicleInfo and nice -99999800
2020-05-23 21:56:25,963 DEBUG - #preProcessEvent at simulation time 277.000,000,000 s with resource class VehicleInfo and nice -99999800
2020-05-23 21:56:26,186 DEBUG - #preProcessEvent at simulation time 278.000,000,000 s with resource class VehicleInfo and nice -99999800
2020-05-23 21:56:26,281 DEBUG - #preProcessEvent at simulation time 279.000,000,000 s with resource class VehicleInfo and nice -99999800
2020-05-23 21:56:26,519 DEBUG - #preProcessEvent at simulation time 280.000,000,000 s with resource class VehicleInfo and nice -99999800
2020-05-23 21:56:26,634 DEBUG - #preProcessEvent at simulation time 281.000,000,000 s with resource class VehicleInfo and nice -99999800
2020-05-23 21:56:26,863 DEBUG - #preProcessEvent at simulation time 282.000,000,000 s with resource class VehicleInfo and nice -99999800
2020-05-23 21:56:27,037 DEBUG - #preProcessEvent at simulation time 283.000,000,000 s with resource class VehicleInfo and nice -99999800
2020-05-23 21:56:27,242 DEBUG - #preProcessEvent at simulation time 284.000,000,000 s with resource class VehicleInfo and nice -99999800
2020-05-23 21:56:27,444 DEBUG - #preProcessEvent at simulation time 285.000,000,000 s with resource class VehicleInfo and nice -99999800
2020-05-23 21:56:27,648 DEBUG - #preProcessEvent at simulation time 286.000,000,000 s with resource class VehicleInfo and nice -99999800
2020-05-23 21:56:27,837 DEBUG - #preProcessEvent at simulation time 287.000,000,000 s with resource class VehicleInfo and nice -99999800
2020-05-23 21:56:27,980 DEBUG - #preProcessEvent at simulation time 288.000,000,000 s with resource class VehicleInfo and nice -99999800
2020-05-23 21:56:28,161 DEBUG - #preProcessEvent at simulation time 289.000,000,000 s with resource class VehicleInfo and nice -99999800
2020-05-23 21:56:28,424 DEBUG - #preProcessEvent at simulation time 290.000,000,000 s with resource class VehicleInfo and nice -99999800
2020-05-23 21:56:28,566 DEBUG - #preProcessEvent at simulation time 291.000,000,000 s with resource class VehicleInfo and nice -99999800
2020-05-23 21:56:28,695 DEBUG - #preProcessEvent at simulation time 292.000,000,000 s with resource class VehicleInfo and nice -99999800
2020-05-23 21:56:28,865 DEBUG - #preProcessEvent at simulation time 293.000,000,000 s with resource class VehicleInfo and nice -99999800
2020-05-23 21:56:28,939 DEBUG - #preProcessEvent at simulation time 294.000,000,000 s with resource class VehicleInfo and nice -99999800
2020-05-23 21:56:29,169 DEBUG - #preProcessEvent at simulation time 295.000,000,000 s with resource class VehicleInfo and nice -99999800
2020-05-23 21:56:29,400 DEBUG - #preProcessEvent at simulation time 296.000,000,000 s with resource class VehicleInfo and nice -99999800
2020-05-23 21:56:29,453 DEBUG - #preProcessEvent at simulation time 297.000,000,000 s with resource class VehicleInfo and nice -99999800
2020-05-23 21:56:29,670 DEBUG - #preProcessEvent at simulation time 298.000,000,000 s with resource class VehicleInfo and nice -99999800
2020-05-23 21:56:29,781 DEBUG - #preProcessEvent at simulation time 299.000,000,000 s with resource class VehicleInfo and nice -99999800
2020-05-23 21:56:29,843 DEBUG - #preProcessEvent at simulation time 300.000,000,000 s with resource class VehicleInfo and nice -99999800
2020-05-23 21:56:30,092 DEBUG - #preProcessEvent at simulation time 301.000,000,000 s with resource class VehicleInfo and nice -99999800
2020-05-23 21:56:30,165 DEBUG - #preProcessEvent at simulation time 302.000,000,000 s with resource class VehicleInfo and nice -99999800
2020-05-23 21:56:30,230 DEBUG - #preProcessEvent at simulation time 303.000,000,000 s with resource class VehicleInfo and nice -99999800
2020-05-23 21:56:30,285 DEBUG - #preProcessEvent at simulation time 304.000,000,000 s with resource class VehicleInfo and nice -99999800
2020-05-23 21:56:30,440 DEBUG - #preProcessEvent at simulation time 305.000,000,000 s with resource class VehicleInfo and nice -99999800
2020-05-23 21:56:30,632 DEBUG - #preProcessEvent at simulation time 306.000,000,000 s with resource class VehicleInfo and nice -99999800
2020-05-23 21:56:30,783 DEBUG - #preProcessEvent at simulation time 307.000,000,000 s with resource class VehicleInfo and nice -99999800
2020-05-23 21:56:30,896 DEBUG - #preProcessEvent at simulation time 308.000,000,000 s with resource class VehicleInfo and nice -99999800
2020-05-23 21:56:30,963 DEBUG - #preProcessEvent at simulation time 309.000,000,000 s with resource class VehicleInfo and nice -99999800
2020-05-23 21:56:31,152 DEBUG - #preProcessEvent at simulation time 310.000,000,000 s with resource class VehicleInfo and nice -99999800
2020-05-23 21:56:31,321 DEBUG - #preProcessEvent at simulation time 311.000,000,000 s with resource class VehicleInfo and nice -99999800
2020-05-23 21:56:31,376 DEBUG - #preProcessEvent at simulation time 312.000,000,000 s with resource class VehicleInfo and nice -99999800
2020-05-23 21:56:31,439 DEBUG - #preProcessEvent at simulation time 313.000,000,000 s with resource class VehicleInfo and nice -99999800
2020-05-23 21:56:31,500 DEBUG - #preProcessEvent at simulation time 314.000,000,000 s with resource class VehicleInfo and nice -99999800
2020-05-23 21:56:31,767 DEBUG - #preProcessEvent at simulation time 315.000,000,000 s with resource class VehicleInfo and nice -99999800
2020-05-23 21:56:31,903 DEBUG - #preProcessEvent at simulation time 316.000,000,000 s with resource class VehicleInfo and nice -99999800
2020-05-23 21:56:32,007 DEBUG - #preProcessEvent at simulation time 317.000,000,000 s with resource class VehicleInfo and nice -99999800
2020-05-23 21:56:32,096 DEBUG - #preProcessEvent at simulation time 318.000,000,000 s with resource class VehicleInfo and nice -99999800
2020-05-23 21:56:32,201 DEBUG - #preProcessEvent at simulation time 319.000,000,000 s with resource class VehicleInfo and nice -99999800
2020-05-23 21:56:32,352 DEBUG - #preProcessEvent at simulation time 320.000,000,000 s with resource class VehicleInfo and nice -99999800
2020-05-23 21:56:32,497 DEBUG - #preProcessEvent at simulation time 321.000,000,000 s with resource class VehicleInfo and nice -99999800
2020-05-23 21:56:32,602 DEBUG - #preProcessEvent at simulation time 322.000,000,000 s with resource class VehicleInfo and nice -99999800
2020-05-23 21:56:32,689 DEBUG - #preProcessEvent at simulation time 323.000,000,000 s with resource class VehicleInfo and nice -99999800
2020-05-23 21:56:32,750 DEBUG - #preProcessEvent at simulation time 324.000,000,000 s with resource class VehicleInfo and nice -99999800
2020-05-23 21:56:32,916 DEBUG - #preProcessEvent at simulation time 325.000,000,000 s with resource class VehicleInfo and nice -99999800
2020-05-23 21:56:33,040 DEBUG - #preProcessEvent at simulation time 326.000,000,000 s with resource class VehicleInfo and nice -99999800
2020-05-23 21:56:33,178 DEBUG - #preProcessEvent at simulation time 327.000,000,000 s with resource class VehicleInfo and nice -99999800
2020-05-23 21:56:33,271 DEBUG - #preProcessEvent at simulation time 328.000,000,000 s with resource class VehicleInfo and nice -99999800
2020-05-23 21:56:33,324 DEBUG - #preProcessEvent at simulation time 329.000,000,000 s with resource class VehicleInfo and nice -99999800
2020-05-23 21:56:33,488 DEBUG - #preProcessEvent at simulation time 330.000,000,000 s with resource class VehicleInfo and nice -99999800
2020-05-23 21:56:33,602 DEBUG - #preProcessEvent at simulation time 331.000,000,000 s with resource class VehicleInfo and nice -99999800
2020-05-23 21:56:33,672 DEBUG - #preProcessEvent at simulation time 332.000,000,000 s with resource class VehicleInfo and nice -99999800
2020-05-23 21:56:33,747 DEBUG - #preProcessEvent at simulation time 333.000,000,000 s with resource class VehicleInfo and nice -99999800
2020-05-23 21:56:33,846 DEBUG - #preProcessEvent at simulation time 334.000,000,000 s with resource class VehicleInfo and nice -99999800
2020-05-23 21:56:33,896 DEBUG - #preProcessEvent at simulation time 335.000,000,000 s with resource class VehicleInfo and nice -99999800
2020-05-23 21:56:34,100 DEBUG - #preProcessEvent at simulation time 336.000,000,000 s with resource class VehicleInfo and nice -99999800
2020-05-23 21:56:34,196 DEBUG - #preProcessEvent at simulation time 337.000,000,000 s with resource class VehicleInfo and nice -99999800
2020-05-23 21:56:34,249 DEBUG - #preProcessEvent at simulation time 338.000,000,000 s with resource class VehicleInfo and nice -99999800
2020-05-23 21:56:34,302 DEBUG - #preProcessEvent at simulation time 339.000,000,000 s with resource class VehicleInfo and nice -99999800
2020-05-23 21:56:34,552 DEBUG - #preProcessEvent at simulation time 340.000,000,000 s with resource class VehicleInfo and nice -99999800
2020-05-23 21:56:34,693 DEBUG - #preProcessEvent at simulation time 341.000,000,000 s with resource class VehicleInfo and nice -99999800
2020-05-23 21:56:34,928 DEBUG - #preProcessEvent at simulation time 342.000,000,000 s with resource class VehicleInfo and nice -99999800
2020-05-23 21:56:34,983 DEBUG - #preProcessEvent at simulation time 343.000,000,000 s with resource class VehicleInfo and nice -99999800
2020-05-23 21:56:35,143 DEBUG - #preProcessEvent at simulation time 344.000,000,000 s with resource class VehicleInfo and nice -99999800
2020-05-23 21:56:35,262 DEBUG - #preProcessEvent at simulation time 345.000,000,000 s with resource class VehicleInfo and nice -99999800
2020-05-23 21:56:35,334 DEBUG - #preProcessEvent at simulation time 346.000,000,000 s with resource class VehicleInfo and nice -99999800
2020-05-23 21:56:35,404 DEBUG - #preProcessEvent at simulation time 347.000,000,000 s with resource class VehicleInfo and nice -99999800
2020-05-23 21:56:35,448 DEBUG - #preProcessEvent at simulation time 348.000,000,000 s with resource class VehicleInfo and nice -99999800
2020-05-23 21:56:35,481 DEBUG - #preProcessEvent at simulation time 349.000,000,000 s with resource class VehicleInfo and nice -99999800
2020-05-23 21:56:35,543 DEBUG - #preProcessEvent at simulation time 350.000,000,000 s with resource class VehicleInfo and nice -99999800
2020-05-23 21:56:35,797 DEBUG - #preProcessEvent at simulation time 351.000,000,000 s with resource class VehicleInfo and nice -99999800
2020-05-23 21:56:35,840 DEBUG - #preProcessEvent at simulation time 352.000,000,000 s with resource class VehicleInfo and nice -99999800
2020-05-23 21:56:35,882 DEBUG - #preProcessEvent at simulation time 353.000,000,000 s with resource class VehicleInfo and nice -99999800
2020-05-23 21:56:35,975 DEBUG - #preProcessEvent at simulation time 354.000,000,000 s with resource class VehicleInfo and nice -99999800
2020-05-23 21:56:36,127 DEBUG - #preProcessEvent at simulation time 355.000,000,000 s with resource class VehicleInfo and nice -99999800
2020-05-23 21:56:36,264 DEBUG - #preProcessEvent at simulation time 356.000,000,000 s with resource class VehicleInfo and nice -99999800
2020-05-23 21:56:36,311 DEBUG - #preProcessEvent at simulation time 357.000,000,000 s with resource class VehicleInfo and nice -99999800
2020-05-23 21:56:36,462 DEBUG - #preProcessEvent at simulation time 358.000,000,000 s with resource class VehicleInfo and nice -99999800
2020-05-23 21:56:36,521 DEBUG - #preProcessEvent at simulation time 359.000,000,000 s with resource class VehicleInfo and nice -99999800
2020-05-23 21:56:36,687 DEBUG - #preProcessEvent at simulation time 360.000,000,000 s with resource class VehicleInfo and nice -99999800
2020-05-23 21:56:36,921 DEBUG - #preProcessEvent at simulation time 361.000,000,000 s with resource class VehicleInfo and nice -99999800
2020-05-23 21:56:36,969 DEBUG - #preProcessEvent at simulation time 362.000,000,000 s with resource class VehicleInfo and nice -99999800
2020-05-23 21:56:37,152 DEBUG - #preProcessEvent at simulation time 363.000,000,000 s with resource class VehicleInfo and nice -99999800
2020-05-23 21:56:37,292 DEBUG - #preProcessEvent at simulation time 364.000,000,000 s with resource class VehicleInfo and nice -99999800
2020-05-23 21:56:37,342 DEBUG - #preProcessEvent at simulation time 365.000,000,000 s with resource class VehicleInfo and nice -99999800
2020-05-23 21:56:37,565 DEBUG - #preProcessEvent at simulation time 366.000,000,000 s with resource class VehicleInfo and nice -99999800
2020-05-23 21:56:37,659 DEBUG - #preProcessEvent at simulation time 367.000,000,000 s with resource class VehicleInfo and nice -99999800
2020-05-23 21:56:37,798 DEBUG - #preProcessEvent at simulation time 368.000,000,000 s with resource class VehicleInfo and nice -99999800
2020-05-23 21:56:37,853 DEBUG - #preProcessEvent at simulation time 369.000,000,000 s with resource class VehicleInfo and nice -99999800
2020-05-23 21:56:37,939 DEBUG - #preProcessEvent at simulation time 370.000,000,000 s with resource class VehicleInfo and nice -99999800
2020-05-23 21:56:38,114 DEBUG - #preProcessEvent at simulation time 371.000,000,000 s with resource class VehicleInfo and nice -99999800
2020-05-23 21:56:38,236 DEBUG - #preProcessEvent at simulation time 372.000,000,000 s with resource class VehicleInfo and nice -99999800
2020-05-23 21:56:38,327 DEBUG - #preProcessEvent at simulation time 373.000,000,000 s with resource class VehicleInfo and nice -99999800
2020-05-23 21:56:38,494 DEBUG - #preProcessEvent at simulation time 374.000,000,000 s with resource class VehicleInfo and nice -99999800
2020-05-23 21:56:38,556 DEBUG - #preProcessEvent at simulation time 375.000,000,000 s with resource class VehicleInfo and nice -99999800
2020-05-23 21:56:38,714 DEBUG - #preProcessEvent at simulation time 376.000,000,000 s with resource class VehicleInfo and nice -99999800
2020-05-23 21:56:38,827 DEBUG - #preProcessEvent at simulation time 377.000,000,000 s with resource class VehicleInfo and nice -99999800
2020-05-23 21:56:38,905 DEBUG - #preProcessEvent at simulation time 378.000,000,000 s with resource class VehicleInfo and nice -99999800
2020-05-23 21:56:38,971 DEBUG - #preProcessEvent at simulation time 379.000,000,000 s with resource class VehicleInfo and nice -99999800
2020-05-23 21:56:39,129 DEBUG - #preProcessEvent at simulation time 380.000,000,000 s with resource class VehicleInfo and nice -99999800
2020-05-23 21:56:39,203 DEBUG - #preProcessEvent at simulation time 381.000,000,000 s with resource class VehicleInfo and nice -99999800
2020-05-23 21:56:39,415 DEBUG - #preProcessEvent at simulation time 382.000,000,000 s with resource class VehicleInfo and nice -99999800
2020-05-23 21:56:39,481 DEBUG - #preProcessEvent at simulation time 383.000,000,000 s with resource class VehicleInfo and nice -99999800
2020-05-23 21:56:39,528 DEBUG - #preProcessEvent at simulation time 384.000,000,000 s with resource class VehicleInfo and nice -99999800
2020-05-23 21:56:39,684 DEBUG - #preProcessEvent at simulation time 385.000,000,000 s with resource class VehicleInfo and nice -99999800
2020-05-23 21:56:39,757 DEBUG - #preProcessEvent at simulation time 386.000,000,000 s with resource class VehicleInfo and nice -99999800
2020-05-23 21:56:39,908 DEBUG - #preProcessEvent at simulation time 387.000,000,000 s with resource class VehicleInfo and nice -99999800
2020-05-23 21:56:39,998 DEBUG - #preProcessEvent at simulation time 388.000,000,000 s with resource class VehicleInfo and nice -99999800
2020-05-23 21:56:40,126 DEBUG - #preProcessEvent at simulation time 389.000,000,000 s with resource class VehicleInfo and nice -99999800
2020-05-23 21:56:40,179 DEBUG - #preProcessEvent at simulation time 390.000,000,000 s with resource class VehicleInfo and nice -99999800
2020-05-23 21:56:40,302 DEBUG - #preProcessEvent at simulation time 391.000,000,000 s with resource class VehicleInfo and nice -99999800
2020-05-23 21:56:40,349 DEBUG - #preProcessEvent at simulation time 392.000,000,000 s with resource class VehicleInfo and nice -99999800
2020-05-23 21:56:40,404 DEBUG - #preProcessEvent at simulation time 393.000,000,000 s with resource class VehicleInfo and nice -99999800
2020-05-23 21:56:40,451 DEBUG - #preProcessEvent at simulation time 394.000,000,000 s with resource class VehicleInfo and nice -99999800
2020-05-23 21:56:40,554 DEBUG - #preProcessEvent at simulation time 395.000,000,000 s with resource class VehicleInfo and nice -99999800
2020-05-23 21:56:40,845 DEBUG - #preProcessEvent at simulation time 396.000,000,000 s with resource class VehicleInfo and nice -99999800
2020-05-23 21:56:40,892 DEBUG - #preProcessEvent at simulation time 397.000,000,000 s with resource class VehicleInfo and nice -99999800
2020-05-23 21:56:41,050 DEBUG - #preProcessEvent at simulation time 398.000,000,000 s with resource class VehicleInfo and nice -99999800
2020-05-23 21:56:41,094 DEBUG - #preProcessEvent at simulation time 399.000,000,000 s with resource class VehicleInfo and nice -99999800
2020-05-23 21:56:41,187 DEBUG - #preProcessEvent at simulation time 400.000,000,000 s with resource class VehicleInfo and nice -99999800
2020-05-23 21:56:41,366 DEBUG - #preProcessEvent at simulation time 401.000,000,000 s with resource class VehicleInfo and nice -99999800
2020-05-23 21:56:41,498 DEBUG - #preProcessEvent at simulation time 402.000,000,000 s with resource class VehicleInfo and nice -99999800
2020-05-23 21:56:41,556 DEBUG - #preProcessEvent at simulation time 403.000,000,000 s with resource class VehicleInfo and nice -99999800
2020-05-23 21:56:41,644 DEBUG - #preProcessEvent at simulation time 404.000,000,000 s with resource class VehicleInfo and nice -99999800
2020-05-23 21:56:41,677 DEBUG - #preProcessEvent at simulation time 405.000,000,000 s with resource class VehicleInfo and nice -99999800
2020-05-23 21:56:41,772 DEBUG - #preProcessEvent at simulation time 406.000,000,000 s with resource class VehicleInfo and nice -99999800
2020-05-23 21:56:41,818 DEBUG - #preProcessEvent at simulation time 407.000,000,000 s with resource class VehicleInfo and nice -99999800
2020-05-23 21:56:41,855 DEBUG - #preProcessEvent at simulation time 408.000,000,000 s with resource class VehicleInfo and nice -99999800
2020-05-23 21:56:41,951 DEBUG - #preProcessEvent at simulation time 409.000,000,000 s with resource class VehicleInfo and nice -99999800
2020-05-23 21:56:42,069 DEBUG - #preProcessEvent at simulation time 410.000,000,000 s with resource class VehicleInfo and nice -99999800
2020-05-23 21:56:42,147 DEBUG - #preProcessEvent at simulation time 411.000,000,000 s with resource class VehicleInfo and nice -99999800
2020-05-23 21:56:42,185 DEBUG - #preProcessEvent at simulation time 412.000,000,000 s with resource class VehicleInfo and nice -99999800
2020-05-23 21:56:42,220 DEBUG - #preProcessEvent at simulation time 413.000,000,000 s with resource class VehicleInfo and nice -99999800
2020-05-23 21:56:42,278 DEBUG - #preProcessEvent at simulation time 414.000,000,000 s with resource class VehicleInfo and nice -99999800
2020-05-23 21:56:42,374 DEBUG - #preProcessEvent at simulation time 415.000,000,000 s with resource class VehicleInfo and nice -99999800
2020-05-23 21:56:42,491 DEBUG - #preProcessEvent at simulation time 416.000,000,000 s with resource class VehicleInfo and nice -99999800
2020-05-23 21:56:42,560 DEBUG - #preProcessEvent at simulation time 417.000,000,000 s with resource class VehicleInfo and nice -99999800
2020-05-23 21:56:42,601 DEBUG - #preProcessEvent at simulation time 418.000,000,000 s with resource class VehicleInfo and nice -99999800
2020-05-23 21:56:42,633 DEBUG - #preProcessEvent at simulation time 419.000,000,000 s with resource class VehicleInfo and nice -99999800
2020-05-23 21:56:42,683 DEBUG - #preProcessEvent at simulation time 420.000,000,000 s with resource class VehicleInfo and nice -99999800
2020-05-23 21:56:42,818 DEBUG - #preProcessEvent at simulation time 421.000,000,000 s with resource class VehicleInfo and nice -99999800
2020-05-23 21:56:42,859 DEBUG - #preProcessEvent at simulation time 422.000,000,000 s with resource class VehicleInfo and nice -99999800
2020-05-23 21:56:42,904 DEBUG - #preProcessEvent at simulation time 423.000,000,000 s with resource class VehicleInfo and nice -99999800
2020-05-23 21:56:42,991 DEBUG - #preProcessEvent at simulation time 424.000,000,000 s with resource class VehicleInfo and nice -99999800
2020-05-23 21:56:43,026 DEBUG - #preProcessEvent at simulation time 425.000,000,000 s with resource class VehicleInfo and nice -99999800
2020-05-23 21:56:43,106 DEBUG - #preProcessEvent at simulation time 426.000,000,000 s with resource class VehicleInfo and nice -99999800
2020-05-23 21:56:43,215 DEBUG - #preProcessEvent at simulation time 427.000,000,000 s with resource class VehicleInfo and nice -99999800
2020-05-23 21:56:43,249 DEBUG - #preProcessEvent at simulation time 428.000,000,000 s with resource class VehicleInfo and nice -99999800
2020-05-23 21:56:43,276 DEBUG - #preProcessEvent at simulation time 429.000,000,000 s with resource class VehicleInfo and nice -99999800
2020-05-23 21:56:43,356 DEBUG - #preProcessEvent at simulation time 430.000,000,000 s with resource class VehicleInfo and nice -99999800
2020-05-23 21:56:43,416 DEBUG - #preProcessEvent at simulation time 431.000,000,000 s with resource class VehicleInfo and nice -99999800
2020-05-23 21:56:43,464 DEBUG - #preProcessEvent at simulation time 432.000,000,000 s with resource class VehicleInfo and nice -99999800
2020-05-23 21:56:43,582 DEBUG - #preProcessEvent at simulation time 433.000,000,000 s with resource class VehicleInfo and nice -99999800
2020-05-23 21:56:43,645 DEBUG - #preProcessEvent at simulation time 434.000,000,000 s with resource class VehicleInfo and nice -99999800
2020-05-23 21:56:43,689 DEBUG - #preProcessEvent at simulation time 435.000,000,000 s with resource class VehicleInfo and nice -99999800
2020-05-23 21:56:43,765 DEBUG - #preProcessEvent at simulation time 436.000,000,000 s with resource class VehicleInfo and nice -99999800
2020-05-23 21:56:43,852 DEBUG - #preProcessEvent at simulation time 437.000,000,000 s with resource class VehicleInfo and nice -99999800
2020-05-23 21:56:43,888 DEBUG - #preProcessEvent at simulation time 438.000,000,000 s with resource class VehicleInfo and nice -99999800
2020-05-23 21:56:43,974 DEBUG - #preProcessEvent at simulation time 439.000,000,000 s with resource class VehicleInfo and nice -99999800
2020-05-23 21:56:44,031 DEBUG - #preProcessEvent at simulation time 440.000,000,000 s with resource class VehicleInfo and nice -99999800
2020-05-23 21:56:44,077 DEBUG - #preProcessEvent at simulation time 441.000,000,000 s with resource class VehicleInfo and nice -99999800
2020-05-23 21:56:44,186 DEBUG - #preProcessEvent at simulation time 442.000,000,000 s with resource class VehicleInfo and nice -99999800
2020-05-23 21:56:44,225 DEBUG - #tearDown at simulation time 443.000,000,000 s
