2020-05-23 21:57:36,557 INFO - Initialize application (at simulation time 18.000,000,000 s)
2020-05-23 21:57:36,564 INFO - Activated AdHoc Module (at simulation time 18.000,000,000 s)
2020-05-23 21:57:36,571 INFO - Received event: 18000 (at simulation time IntraVehicleMsg)
2020-05-23 21:57:36,598 INFO - Received event: 19000 (at simulation time IntraVehicleMsg)
2020-05-23 21:57:36,626 INFO - Received event: 20000 (at simulation time IntraVehicleMsg)
2020-05-23 21:57:36,627 INFO - Received V2X Message from rsu_0 (at simulation time 20.001,900,000 s)
2020-05-23 21:57:36,717 INFO - Received event: 21000 (at simulation time IntraVehicleMsg)
2020-05-23 21:57:36,727 INFO - Received event: 22000 (at simulation time IntraVehicleMsg)
2020-05-23 21:57:36,728 INFO - Received V2X Message from rsu_0 (at simulation time 22.002,400,000 s)
2020-05-23 21:57:36,745 INFO - Received event: 23000 (at simulation time IntraVehicleMsg)
2020-05-23 21:57:36,752 INFO - Received event: 24000 (at simulation time IntraVehicleMsg)
2020-05-23 21:57:36,753 INFO - Received V2X Message from rsu_0 (at simulation time 24.002,400,000 s)
2020-05-23 21:57:36,797 INFO - Received event: 25000 (at simulation time IntraVehicleMsg)
2020-05-23 21:57:36,805 INFO - Received event: 26000 (at simulation time IntraVehicleMsg)
2020-05-23 21:57:36,806 INFO - Received V2X Message from rsu_0 (at simulation time 26.000,400,000 s)
2020-05-23 21:57:36,818 INFO - Received event: 27000 (at simulation time IntraVehicleMsg)
2020-05-23 21:57:36,826 INFO - Received event: 28000 (at simulation time IntraVehicleMsg)
2020-05-23 21:57:36,826 INFO - Received V2X Message from rsu_0 (at simulation time 28.001,900,000 s)
2020-05-23 21:57:36,842 INFO - Received event: 29000 (at simulation time IntraVehicleMsg)
2020-05-23 21:57:36,875 INFO - Received event: 30000 (at simulation time IntraVehicleMsg)
2020-05-23 21:57:36,876 INFO - Received V2X Message from rsu_0 (at simulation time 30.002,400,000 s)
2020-05-23 21:57:36,948 INFO - Received event: 31000 (at simulation time IntraVehicleMsg)
2020-05-23 21:57:36,963 INFO - Received event: 32000 (at simulation time IntraVehicleMsg)
2020-05-23 21:57:36,965 INFO - Received V2X Message from rsu_0 (at simulation time 32.001,400,000 s)
2020-05-23 21:57:36,989 INFO - Received event: 33000 (at simulation time IntraVehicleMsg)
2020-05-23 21:57:36,997 INFO - Received event: 34000 (at simulation time IntraVehicleMsg)
2020-05-23 21:57:36,997 INFO - Received V2X Message from rsu_0 (at simulation time 34.000,400,000 s)
2020-05-23 21:57:37,015 INFO - Received event: 35000 (at simulation time IntraVehicleMsg)
2020-05-23 21:57:37,023 INFO - Received event: 36000 (at simulation time IntraVehicleMsg)
2020-05-23 21:57:37,024 INFO - Received V2X Message from rsu_0 (at simulation time 36.001,900,000 s)
2020-05-23 21:57:37,045 INFO - Received event: 37000 (at simulation time IntraVehicleMsg)
2020-05-23 21:57:37,074 INFO - Received event: 38000 (at simulation time IntraVehicleMsg)
2020-05-23 21:57:37,077 INFO - Received V2X Message from rsu_0 (at simulation time 38.000,900,000 s)
2020-05-23 21:57:37,108 INFO - Received event: 39000 (at simulation time IntraVehicleMsg)
2020-05-23 21:57:37,121 INFO - Received event: 40000 (at simulation time IntraVehicleMsg)
2020-05-23 21:57:37,122 INFO - Received V2X Message from rsu_0 (at simulation time 40.000,400,000 s)
2020-05-23 21:57:37,139 INFO - Received event: 41000 (at simulation time IntraVehicleMsg)
2020-05-23 21:57:37,146 INFO - Received event: 42000 (at simulation time IntraVehicleMsg)
2020-05-23 21:57:37,146 INFO - Received V2X Message from rsu_0 (at simulation time 42.001,400,000 s)
2020-05-23 21:57:37,163 INFO - Received event: 43000 (at simulation time IntraVehicleMsg)
2020-05-23 21:57:37,173 INFO - Received event: 44000 (at simulation time IntraVehicleMsg)
2020-05-23 21:57:37,174 INFO - Received V2X Message from rsu_0 (at simulation time 44.001,900,000 s)
2020-05-23 21:57:37,191 INFO - Received event: 45000 (at simulation time IntraVehicleMsg)
2020-05-23 21:57:37,197 INFO - Received event: 46000 (at simulation time IntraVehicleMsg)
2020-05-23 21:57:37,197 INFO - Received V2X Message from rsu_0 (at simulation time 46.002,400,000 s)
2020-05-23 21:57:37,218 INFO - Received event: 47000 (at simulation time IntraVehicleMsg)
2020-05-23 21:57:37,228 INFO - Received event: 48000 (at simulation time IntraVehicleMsg)
2020-05-23 21:57:37,228 INFO - Received V2X Message from rsu_0 (at simulation time 48.002,400,000 s)
2020-05-23 21:57:37,260 INFO - Received event: 49000 (at simulation time IntraVehicleMsg)
2020-05-23 21:57:37,330 INFO - Received event: 50000 (at simulation time IntraVehicleMsg)
2020-05-23 21:57:37,335 INFO - Received V2X Message from rsu_0 (at simulation time 50.000,900,000 s)
2020-05-23 21:57:37,355 INFO - Received event: 51000 (at simulation time IntraVehicleMsg)
2020-05-23 21:57:37,366 INFO - Received event: 52000 (at simulation time IntraVehicleMsg)
2020-05-23 21:57:37,367 INFO - Received V2X Message from rsu_0 (at simulation time 52.001,900,000 s)
2020-05-23 21:57:37,384 INFO - Received event: 53000 (at simulation time IntraVehicleMsg)
2020-05-23 21:57:37,395 INFO - Received event: 54000 (at simulation time IntraVehicleMsg)
2020-05-23 21:57:37,395 INFO - Received V2X Message from rsu_0 (at simulation time 54.000,900,000 s)
2020-05-23 21:57:37,410 INFO - Received event: 55000 (at simulation time IntraVehicleMsg)
2020-05-23 21:57:37,419 INFO - Received event: 56000 (at simulation time IntraVehicleMsg)
2020-05-23 21:57:37,419 INFO - Received V2X Message from rsu_0 (at simulation time 56.002,400,000 s)
2020-05-23 21:57:37,526 INFO - Received event: 57000 (at simulation time IntraVehicleMsg)
2020-05-23 21:57:37,537 INFO - Received event: 58000 (at simulation time IntraVehicleMsg)
2020-05-23 21:57:37,537 INFO - Received V2X Message from rsu_0 (at simulation time 58.002,400,000 s)
2020-05-23 21:57:37,550 INFO - Received event: 59000 (at simulation time IntraVehicleMsg)
2020-05-23 21:57:37,563 INFO - Received event: 60000 (at simulation time IntraVehicleMsg)
2020-05-23 21:57:37,563 INFO - Received V2X Message from rsu_0 (at simulation time 60.000,400,000 s)
2020-05-23 21:57:37,573 INFO - Received event: 61000 (at simulation time IntraVehicleMsg)
2020-05-23 21:57:37,578 INFO - Received event: 62000 (at simulation time IntraVehicleMsg)
2020-05-23 21:57:37,578 INFO - Received V2X Message from rsu_0 (at simulation time 62.001,400,000 s)
2020-05-23 21:57:37,589 INFO - Received event: 63000 (at simulation time IntraVehicleMsg)
2020-05-23 21:57:37,600 INFO - Received event: 64000 (at simulation time IntraVehicleMsg)
2020-05-23 21:57:37,601 INFO - Received V2X Message from rsu_0 (at simulation time 64.001,900,000 s)
2020-05-23 21:57:37,615 INFO - Received event: 65000 (at simulation time IntraVehicleMsg)
2020-05-23 21:57:37,625 INFO - Received event: 66000 (at simulation time IntraVehicleMsg)
2020-05-23 21:57:37,625 INFO - Received V2X Message from rsu_0 (at simulation time 66.001,900,000 s)
2020-05-23 21:57:37,644 INFO - Received event: 67000 (at simulation time IntraVehicleMsg)
2020-05-23 21:57:37,732 INFO - Received event: 68000 (at simulation time IntraVehicleMsg)
2020-05-23 21:57:37,743 INFO - Received V2X Message from rsu_0 (at simulation time 68.001,900,000 s)
2020-05-23 21:57:37,755 INFO - Received event: 69000 (at simulation time IntraVehicleMsg)
2020-05-23 21:57:37,764 INFO - Received event: 70000 (at simulation time IntraVehicleMsg)
2020-05-23 21:57:37,765 INFO - Received V2X Message from rsu_0 (at simulation time 70.001,900,000 s)
2020-05-23 21:57:37,775 INFO - Received event: 71000 (at simulation time IntraVehicleMsg)
2020-05-23 21:57:37,780 INFO - Received event: 72000 (at simulation time IntraVehicleMsg)
2020-05-23 21:57:37,780 INFO - Received V2X Message from rsu_0 (at simulation time 72.001,400,000 s)
2020-05-23 21:57:37,789 INFO - Received event: 73000 (at simulation time IntraVehicleMsg)
2020-05-23 21:57:37,800 INFO - Received event: 74000 (at simulation time IntraVehicleMsg)
2020-05-23 21:57:37,800 INFO - Received V2X Message from rsu_0 (at simulation time 74.002,400,000 s)
2020-05-23 21:57:37,811 INFO - Received event: 75000 (at simulation time IntraVehicleMsg)
2020-05-23 21:57:37,816 INFO - Received event: 76000 (at simulation time IntraVehicleMsg)
2020-05-23 21:57:37,816 INFO - Received V2X Message from rsu_0 (at simulation time 76.001,900,000 s)
2020-05-23 21:57:37,827 INFO - Received event: 77000 (at simulation time IntraVehicleMsg)
2020-05-23 21:57:37,859 INFO - Received event: 78000 (at simulation time IntraVehicleMsg)
2020-05-23 21:57:37,861 INFO - Received V2X Message from rsu_0 (at simulation time 78.001,400,000 s)
2020-05-23 21:57:37,912 INFO - Received event: 79000 (at simulation time IntraVehicleMsg)
2020-05-23 21:57:37,925 INFO - Received event: 80000 (at simulation time IntraVehicleMsg)
2020-05-23 21:57:37,925 INFO - Received V2X Message from rsu_0 (at simulation time 80.002,400,000 s)
2020-05-23 21:57:37,934 INFO - Received event: 81000 (at simulation time IntraVehicleMsg)
2020-05-23 21:57:37,943 INFO - Received event: 82000 (at simulation time IntraVehicleMsg)
2020-05-23 21:57:37,943 INFO - Received V2X Message from rsu_0 (at simulation time 82.000,900,000 s)
2020-05-23 21:57:37,951 INFO - Received event: 83000 (at simulation time IntraVehicleMsg)
2020-05-23 21:57:37,961 INFO - Received event: 84000 (at simulation time IntraVehicleMsg)
2020-05-23 21:57:37,961 INFO - Received V2X Message from rsu_0 (at simulation time 84.002,400,000 s)
2020-05-23 21:57:37,969 INFO - Received event: 85000 (at simulation time IntraVehicleMsg)
2020-05-23 21:57:37,978 INFO - Received event: 86000 (at simulation time IntraVehicleMsg)
2020-05-23 21:57:37,978 INFO - Received V2X Message from rsu_0 (at simulation time 86.001,400,000 s)
2020-05-23 21:57:37,983 INFO - Received event: 87000 (at simulation time IntraVehicleMsg)
2020-05-23 21:57:37,986 INFO - Reading sensor (at simulation time 88.000,000,000 s)
2020-05-23 21:57:37,988 INFO - Received event: 88000 (at simulation time IntraVehicleMsg)
2020-05-23 21:57:37,989 INFO - Received V2X Message from rsu_0 (at simulation time 88.001,900,000 s)
2020-05-23 21:57:37,995 INFO - Reading sensor (at simulation time 89.000,000,000 s)
2020-05-23 21:57:37,995 INFO - Received event: 89000 (at simulation time IntraVehicleMsg)
2020-05-23 21:57:37,998 INFO - Reading sensor (at simulation time 90.000,000,000 s)
2020-05-23 21:57:38,001 INFO - Received event: 90000 (at simulation time IntraVehicleMsg)
2020-05-23 21:57:38,001 INFO - Received V2X Message from rsu_0 (at simulation time 90.001,900,000 s)
2020-05-23 21:57:38,006 INFO - Reading sensor (at simulation time 91.000,000,000 s)
2020-05-23 21:57:38,007 INFO - Received event: 91000 (at simulation time IntraVehicleMsg)
2020-05-23 21:57:38,011 INFO - Received event: 92000 (at simulation time IntraVehicleMsg)
2020-05-23 21:57:38,011 INFO - Received V2X Message from rsu_0 (at simulation time 92.002,400,000 s)
2020-05-23 21:57:38,015 INFO - Received event: 93000 (at simulation time IntraVehicleMsg)
2020-05-23 21:57:38,018 INFO - Received event: 94000 (at simulation time IntraVehicleMsg)
2020-05-23 21:57:38,018 INFO - Received V2X Message from rsu_0 (at simulation time 94.002,400,000 s)
2020-05-23 21:57:38,030 INFO - Received event: 95000 (at simulation time IntraVehicleMsg)
2020-05-23 21:57:38,140 INFO - Received event: 96000 (at simulation time IntraVehicleMsg)
2020-05-23 21:57:38,141 INFO - Received V2X Message from rsu_0 (at simulation time 96.002,400,000 s)
2020-05-23 21:57:38,156 INFO - Received event: 97000 (at simulation time IntraVehicleMsg)
2020-05-23 21:57:38,165 INFO - Received event: 98000 (at simulation time IntraVehicleMsg)
2020-05-23 21:57:38,166 INFO - Received V2X Message from rsu_0 (at simulation time 98.000,900,000 s)
2020-05-23 21:57:38,172 INFO - Received event: 99000 (at simulation time IntraVehicleMsg)
2020-05-23 21:57:38,177 INFO - Received event: 100000 (at simulation time IntraVehicleMsg)
2020-05-23 21:57:38,178 INFO - Received V2X Message from rsu_0 (at simulation time 100.002,400,000 s)
2020-05-23 21:57:38,185 INFO - Received event: 101000 (at simulation time IntraVehicleMsg)
2020-05-23 21:57:38,189 INFO - Received event: 102000 (at simulation time IntraVehicleMsg)
2020-05-23 21:57:38,189 INFO - Received V2X Message from rsu_0 (at simulation time 102.000,400,000 s)
2020-05-23 21:57:38,196 INFO - Received event: 103000 (at simulation time IntraVehicleMsg)
2020-05-23 21:57:38,199 INFO - Received event: 104000 (at simulation time IntraVehicleMsg)
2020-05-23 21:57:38,199 INFO - Received V2X Message from rsu_0 (at simulation time 104.000,400,000 s)
2020-05-23 21:57:38,206 INFO - Received event: 105000 (at simulation time IntraVehicleMsg)
2020-05-23 21:57:38,209 INFO - Received event: 106000 (at simulation time IntraVehicleMsg)
2020-05-23 21:57:38,209 INFO - Received V2X Message from rsu_0 (at simulation time 106.000,400,000 s)
2020-05-23 21:57:38,213 INFO - Received event: 107000 (at simulation time IntraVehicleMsg)
2020-05-23 21:57:38,216 INFO - Received event: 108000 (at simulation time IntraVehicleMsg)
2020-05-23 21:57:38,216 INFO - Received V2X Message from rsu_0 (at simulation time 108.001,900,000 s)
2020-05-23 21:57:38,224 INFO - Received event: 109000 (at simulation time IntraVehicleMsg)
2020-05-23 21:57:38,225 INFO - Shutdown application (at simulation time 110.000,000,000 s)
