2020-05-23 21:57:36,553 DEBUG - Successfully instantiated the class com.columbia.vsimrti.applications.lasalle.vehicle.LasalleVehicle
2020-05-23 21:57:36,557 DEBUG - Successfully instantiated the class com.columbia.vsimrti.applications.lasalle.vehicle.LasalleVehicleSlave
2020-05-23 21:57:36,557 DEBUG - #tearUp at simulation time 18.000,000,000 s
2020-05-23 21:57:36,566 DEBUG - #preProcessEvent at simulation time 18.000,000,000 s with resource class VehicleInfo and nice -99999900
2020-05-23 21:57:36,570 DEBUG - #preProcessEvent at simulation time 18.000,000,010 s with resource class Event and nice 0
2020-05-23 21:57:36,571 DEBUG - #preProcessEvent at simulation time 18.000,000,010 s with resource class Event and nice 0
2020-05-23 21:57:36,597 DEBUG - #preProcessEvent at simulation time 19.000,000,000 s with resource class VehicleInfo and nice -99999800
2020-05-23 21:57:36,598 DEBUG - #preProcessEvent at simulation time 19.000,000,010 s with resource class Event and nice 0
2020-05-23 21:57:36,598 DEBUG - #preProcessEvent at simulation time 19.000,000,010 s with resource class Event and nice 0
2020-05-23 21:57:36,618 DEBUG - #preProcessEvent at simulation time 20.000,000,000 s with resource class VehicleInfo and nice -99999800
2020-05-23 21:57:36,626 DEBUG - #preProcessEvent at simulation time 20.000,000,010 s with resource class Event and nice 0
2020-05-23 21:57:36,626 DEBUG - #preProcessEvent at simulation time 20.000,000,010 s with resource class Event and nice 0
2020-05-23 21:57:36,627 DEBUG - #preProcessEvent at simulation time 20.001,900,000 s with resource class ReceivedV2XMessage and nice -99999100
2020-05-23 21:57:36,715 DEBUG - #preProcessEvent at simulation time 21.000,000,000 s with resource class VehicleInfo and nice -99999800
2020-05-23 21:57:36,717 DEBUG - #preProcessEvent at simulation time 21.000,000,010 s with resource class Event and nice 0
2020-05-23 21:57:36,717 DEBUG - #preProcessEvent at simulation time 21.000,000,010 s with resource class Event and nice 0
2020-05-23 21:57:36,724 DEBUG - #preProcessEvent at simulation time 22.000,000,000 s with resource class VehicleInfo and nice -99999800
2020-05-23 21:57:36,727 DEBUG - #preProcessEvent at simulation time 22.000,000,010 s with resource class Event and nice 0
2020-05-23 21:57:36,727 DEBUG - #preProcessEvent at simulation time 22.000,000,010 s with resource class Event and nice 0
2020-05-23 21:57:36,728 DEBUG - #preProcessEvent at simulation time 22.002,400,000 s with resource class ReceivedV2XMessage and nice -99999100
2020-05-23 21:57:36,744 DEBUG - #preProcessEvent at simulation time 23.000,000,000 s with resource class VehicleInfo and nice -99999800
2020-05-23 21:57:36,745 DEBUG - #preProcessEvent at simulation time 23.000,000,010 s with resource class Event and nice 0
2020-05-23 21:57:36,745 DEBUG - #preProcessEvent at simulation time 23.000,000,010 s with resource class Event and nice 0
2020-05-23 21:57:36,750 DEBUG - #preProcessEvent at simulation time 24.000,000,000 s with resource class VehicleInfo and nice -99999800
2020-05-23 21:57:36,752 DEBUG - #preProcessEvent at simulation time 24.000,000,010 s with resource class Event and nice 0
2020-05-23 21:57:36,752 DEBUG - #preProcessEvent at simulation time 24.000,000,010 s with resource class Event and nice 0
2020-05-23 21:57:36,753 DEBUG - #preProcessEvent at simulation time 24.002,400,000 s with resource class ReceivedV2XMessage and nice -99999100
2020-05-23 21:57:36,791 DEBUG - #preProcessEvent at simulation time 25.000,000,000 s with resource class VehicleInfo and nice -99999800
2020-05-23 21:57:36,797 DEBUG - #preProcessEvent at simulation time 25.000,000,010 s with resource class Event and nice 0
2020-05-23 21:57:36,797 DEBUG - #preProcessEvent at simulation time 25.000,000,010 s with resource class Event and nice 0
2020-05-23 21:57:36,801 DEBUG - #preProcessEvent at simulation time 26.000,000,000 s with resource class VehicleInfo and nice -99999800
2020-05-23 21:57:36,805 DEBUG - #preProcessEvent at simulation time 26.000,000,010 s with resource class Event and nice 0
2020-05-23 21:57:36,805 DEBUG - #preProcessEvent at simulation time 26.000,000,010 s with resource class Event and nice 0
2020-05-23 21:57:36,806 DEBUG - #preProcessEvent at simulation time 26.000,400,000 s with resource class ReceivedV2XMessage and nice -99999100
2020-05-23 21:57:36,817 DEBUG - #preProcessEvent at simulation time 27.000,000,000 s with resource class VehicleInfo and nice -99999800
2020-05-23 21:57:36,818 DEBUG - #preProcessEvent at simulation time 27.000,000,010 s with resource class Event and nice 0
2020-05-23 21:57:36,818 DEBUG - #preProcessEvent at simulation time 27.000,000,010 s with resource class Event and nice 0
2020-05-23 21:57:36,823 DEBUG - #preProcessEvent at simulation time 28.000,000,000 s with resource class VehicleInfo and nice -99999800
2020-05-23 21:57:36,826 DEBUG - #preProcessEvent at simulation time 28.000,000,010 s with resource class Event and nice 0
2020-05-23 21:57:36,826 DEBUG - #preProcessEvent at simulation time 28.000,000,010 s with resource class Event and nice 0
2020-05-23 21:57:36,826 DEBUG - #preProcessEvent at simulation time 28.001,900,000 s with resource class ReceivedV2XMessage and nice -99999100
2020-05-23 21:57:36,837 DEBUG - #preProcessEvent at simulation time 29.000,000,000 s with resource class VehicleInfo and nice -99999800
2020-05-23 21:57:36,842 DEBUG - #preProcessEvent at simulation time 29.000,000,010 s with resource class Event and nice 0
2020-05-23 21:57:36,842 DEBUG - #preProcessEvent at simulation time 29.000,000,010 s with resource class Event and nice 0
2020-05-23 21:57:36,853 DEBUG - #preProcessEvent at simulation time 30.000,000,000 s with resource class VehicleInfo and nice -99999800
2020-05-23 21:57:36,875 DEBUG - #preProcessEvent at simulation time 30.000,000,010 s with resource class Event and nice 0
2020-05-23 21:57:36,875 DEBUG - #preProcessEvent at simulation time 30.000,000,010 s with resource class Event and nice 0
2020-05-23 21:57:36,876 DEBUG - #preProcessEvent at simulation time 30.002,400,000 s with resource class ReceivedV2XMessage and nice -99999100
2020-05-23 21:57:36,946 DEBUG - #preProcessEvent at simulation time 31.000,000,000 s with resource class VehicleInfo and nice -99999800
2020-05-23 21:57:36,948 DEBUG - #preProcessEvent at simulation time 31.000,000,010 s with resource class Event and nice 0
2020-05-23 21:57:36,948 DEBUG - #preProcessEvent at simulation time 31.000,000,010 s with resource class Event and nice 0
2020-05-23 21:57:36,960 DEBUG - #preProcessEvent at simulation time 32.000,000,000 s with resource class VehicleInfo and nice -99999800
2020-05-23 21:57:36,963 DEBUG - #preProcessEvent at simulation time 32.000,000,010 s with resource class Event and nice 0
2020-05-23 21:57:36,963 DEBUG - #preProcessEvent at simulation time 32.000,000,010 s with resource class Event and nice 0
2020-05-23 21:57:36,964 DEBUG - #preProcessEvent at simulation time 32.001,400,000 s with resource class ReceivedV2XMessage and nice -99999100
2020-05-23 21:57:36,987 DEBUG - #preProcessEvent at simulation time 33.000,000,000 s with resource class VehicleInfo and nice -99999800
2020-05-23 21:57:36,989 DEBUG - #preProcessEvent at simulation time 33.000,000,010 s with resource class Event and nice 0
2020-05-23 21:57:36,989 DEBUG - #preProcessEvent at simulation time 33.000,000,010 s with resource class Event and nice 0
2020-05-23 21:57:36,994 DEBUG - #preProcessEvent at simulation time 34.000,000,000 s with resource class VehicleInfo and nice -99999800
2020-05-23 21:57:36,997 DEBUG - #preProcessEvent at simulation time 34.000,000,010 s with resource class Event and nice 0
2020-05-23 21:57:36,997 DEBUG - #preProcessEvent at simulation time 34.000,000,010 s with resource class Event and nice 0
2020-05-23 21:57:36,997 DEBUG - #preProcessEvent at simulation time 34.000,400,000 s with resource class ReceivedV2XMessage and nice -99999100
2020-05-23 21:57:37,012 DEBUG - #preProcessEvent at simulation time 35.000,000,000 s with resource class VehicleInfo and nice -99999800
2020-05-23 21:57:37,015 DEBUG - #preProcessEvent at simulation time 35.000,000,010 s with resource class Event and nice 0
2020-05-23 21:57:37,015 DEBUG - #preProcessEvent at simulation time 35.000,000,010 s with resource class Event and nice 0
2020-05-23 21:57:37,021 DEBUG - #preProcessEvent at simulation time 36.000,000,000 s with resource class VehicleInfo and nice -99999800
2020-05-23 21:57:37,023 DEBUG - #preProcessEvent at simulation time 36.000,000,010 s with resource class Event and nice 0
2020-05-23 21:57:37,023 DEBUG - #preProcessEvent at simulation time 36.000,000,010 s with resource class Event and nice 0
2020-05-23 21:57:37,023 DEBUG - #preProcessEvent at simulation time 36.001,900,000 s with resource class ReceivedV2XMessage and nice -99999100
2020-05-23 21:57:37,043 DEBUG - #preProcessEvent at simulation time 37.000,000,000 s with resource class VehicleInfo and nice -99999800
2020-05-23 21:57:37,045 DEBUG - #preProcessEvent at simulation time 37.000,000,010 s with resource class Event and nice 0
2020-05-23 21:57:37,045 DEBUG - #preProcessEvent at simulation time 37.000,000,010 s with resource class Event and nice 0
2020-05-23 21:57:37,059 DEBUG - #preProcessEvent at simulation time 38.000,000,000 s with resource class VehicleInfo and nice -99999800
2020-05-23 21:57:37,074 DEBUG - #preProcessEvent at simulation time 38.000,000,010 s with resource class Event and nice 0
2020-05-23 21:57:37,076 DEBUG - #preProcessEvent at simulation time 38.000,000,010 s with resource class Event and nice 0
2020-05-23 21:57:37,077 DEBUG - #preProcessEvent at simulation time 38.000,900,000 s with resource class ReceivedV2XMessage and nice -99999100
2020-05-23 21:57:37,104 DEBUG - #preProcessEvent at simulation time 39.000,000,000 s with resource class VehicleInfo and nice -99999800
2020-05-23 21:57:37,108 DEBUG - #preProcessEvent at simulation time 39.000,000,010 s with resource class Event and nice 0
2020-05-23 21:57:37,108 DEBUG - #preProcessEvent at simulation time 39.000,000,010 s with resource class Event and nice 0
2020-05-23 21:57:37,112 DEBUG - #preProcessEvent at simulation time 40.000,000,000 s with resource class VehicleInfo and nice -99999800
2020-05-23 21:57:37,121 DEBUG - #preProcessEvent at simulation time 40.000,000,010 s with resource class Event and nice 0
2020-05-23 21:57:37,121 DEBUG - #preProcessEvent at simulation time 40.000,000,010 s with resource class Event and nice 0
2020-05-23 21:57:37,122 DEBUG - #preProcessEvent at simulation time 40.000,400,000 s with resource class ReceivedV2XMessage and nice -99999100
2020-05-23 21:57:37,137 DEBUG - #preProcessEvent at simulation time 41.000,000,000 s with resource class VehicleInfo and nice -99999800
2020-05-23 21:57:37,139 DEBUG - #preProcessEvent at simulation time 41.000,000,010 s with resource class Event and nice 0
2020-05-23 21:57:37,139 DEBUG - #preProcessEvent at simulation time 41.000,000,010 s with resource class Event and nice 0
2020-05-23 21:57:37,144 DEBUG - #preProcessEvent at simulation time 42.000,000,000 s with resource class VehicleInfo and nice -99999800
2020-05-23 21:57:37,146 DEBUG - #preProcessEvent at simulation time 42.000,000,010 s with resource class Event and nice 0
2020-05-23 21:57:37,146 DEBUG - #preProcessEvent at simulation time 42.000,000,010 s with resource class Event and nice 0
2020-05-23 21:57:37,146 DEBUG - #preProcessEvent at simulation time 42.001,400,000 s with resource class ReceivedV2XMessage and nice -99999100
2020-05-23 21:57:37,163 DEBUG - #preProcessEvent at simulation time 43.000,000,000 s with resource class VehicleInfo and nice -99999800
2020-05-23 21:57:37,163 DEBUG - #preProcessEvent at simulation time 43.000,000,010 s with resource class Event and nice 0
2020-05-23 21:57:37,163 DEBUG - #preProcessEvent at simulation time 43.000,000,010 s with resource class Event and nice 0
2020-05-23 21:57:37,169 DEBUG - #preProcessEvent at simulation time 44.000,000,000 s with resource class VehicleInfo and nice -99999800
2020-05-23 21:57:37,173 DEBUG - #preProcessEvent at simulation time 44.000,000,010 s with resource class Event and nice 0
2020-05-23 21:57:37,174 DEBUG - #preProcessEvent at simulation time 44.000,000,010 s with resource class Event and nice 0
2020-05-23 21:57:37,174 DEBUG - #preProcessEvent at simulation time 44.001,900,000 s with resource class ReceivedV2XMessage and nice -99999100
2020-05-23 21:57:37,186 DEBUG - #preProcessEvent at simulation time 45.000,000,000 s with resource class VehicleInfo and nice -99999800
2020-05-23 21:57:37,191 DEBUG - #preProcessEvent at simulation time 45.000,000,010 s with resource class Event and nice 0
2020-05-23 21:57:37,191 DEBUG - #preProcessEvent at simulation time 45.000,000,010 s with resource class Event and nice 0
2020-05-23 21:57:37,195 DEBUG - #preProcessEvent at simulation time 46.000,000,000 s with resource class VehicleInfo and nice -99999800
2020-05-23 21:57:37,197 DEBUG - #preProcessEvent at simulation time 46.000,000,010 s with resource class Event and nice 0
2020-05-23 21:57:37,197 DEBUG - #preProcessEvent at simulation time 46.000,000,010 s with resource class Event and nice 0
2020-05-23 21:57:37,197 DEBUG - #preProcessEvent at simulation time 46.002,400,000 s with resource class ReceivedV2XMessage and nice -99999100
2020-05-23 21:57:37,217 DEBUG - #preProcessEvent at simulation time 47.000,000,000 s with resource class VehicleInfo and nice -99999800
2020-05-23 21:57:37,218 DEBUG - #preProcessEvent at simulation time 47.000,000,010 s with resource class Event and nice 0
2020-05-23 21:57:37,218 DEBUG - #preProcessEvent at simulation time 47.000,000,010 s with resource class Event and nice 0
2020-05-23 21:57:37,223 DEBUG - #preProcessEvent at simulation time 48.000,000,000 s with resource class VehicleInfo and nice -99999800
2020-05-23 21:57:37,228 DEBUG - #preProcessEvent at simulation time 48.000,000,010 s with resource class Event and nice 0
2020-05-23 21:57:37,228 DEBUG - #preProcessEvent at simulation time 48.000,000,010 s with resource class Event and nice 0
2020-05-23 21:57:37,228 DEBUG - #preProcessEvent at simulation time 48.002,400,000 s with resource class ReceivedV2XMessage and nice -99999100
2020-05-23 21:57:37,259 DEBUG - #preProcessEvent at simulation time 49.000,000,000 s with resource class VehicleInfo and nice -99999800
2020-05-23 21:57:37,260 DEBUG - #preProcessEvent at simulation time 49.000,000,010 s with resource class Event and nice 0
2020-05-23 21:57:37,260 DEBUG - #preProcessEvent at simulation time 49.000,000,010 s with resource class Event and nice 0
2020-05-23 21:57:37,322 DEBUG - #preProcessEvent at simulation time 50.000,000,000 s with resource class VehicleInfo and nice -99999800
2020-05-23 21:57:37,330 DEBUG - #preProcessEvent at simulation time 50.000,000,010 s with resource class Event and nice 0
2020-05-23 21:57:37,332 DEBUG - #preProcessEvent at simulation time 50.000,000,010 s with resource class Event and nice 0
2020-05-23 21:57:37,335 DEBUG - #preProcessEvent at simulation time 50.000,900,000 s with resource class ReceivedV2XMessage and nice -99999100
2020-05-23 21:57:37,354 DEBUG - #preProcessEvent at simulation time 51.000,000,000 s with resource class VehicleInfo and nice -99999800
2020-05-23 21:57:37,355 DEBUG - #preProcessEvent at simulation time 51.000,000,010 s with resource class Event and nice 0
2020-05-23 21:57:37,355 DEBUG - #preProcessEvent at simulation time 51.000,000,010 s with resource class Event and nice 0
2020-05-23 21:57:37,364 DEBUG - #preProcessEvent at simulation time 52.000,000,000 s with resource class VehicleInfo and nice -99999800
2020-05-23 21:57:37,366 DEBUG - #preProcessEvent at simulation time 52.000,000,010 s with resource class Event and nice 0
2020-05-23 21:57:37,366 DEBUG - #preProcessEvent at simulation time 52.000,000,010 s with resource class Event and nice 0
2020-05-23 21:57:37,367 DEBUG - #preProcessEvent at simulation time 52.001,900,000 s with resource class ReceivedV2XMessage and nice -99999100
2020-05-23 21:57:37,384 DEBUG - #preProcessEvent at simulation time 53.000,000,000 s with resource class VehicleInfo and nice -99999800
2020-05-23 21:57:37,384 DEBUG - #preProcessEvent at simulation time 53.000,000,010 s with resource class Event and nice 0
2020-05-23 21:57:37,384 DEBUG - #preProcessEvent at simulation time 53.000,000,010 s with resource class Event and nice 0
2020-05-23 21:57:37,393 DEBUG - #preProcessEvent at simulation time 54.000,000,000 s with resource class VehicleInfo and nice -99999800
2020-05-23 21:57:37,395 DEBUG - #preProcessEvent at simulation time 54.000,000,010 s with resource class Event and nice 0
2020-05-23 21:57:37,395 DEBUG - #preProcessEvent at simulation time 54.000,000,010 s with resource class Event and nice 0
2020-05-23 21:57:37,395 DEBUG - #preProcessEvent at simulation time 54.000,900,000 s with resource class ReceivedV2XMessage and nice -99999100
2020-05-23 21:57:37,407 DEBUG - #preProcessEvent at simulation time 55.000,000,000 s with resource class VehicleInfo and nice -99999800
2020-05-23 21:57:37,410 DEBUG - #preProcessEvent at simulation time 55.000,000,010 s with resource class Event and nice 0
2020-05-23 21:57:37,410 DEBUG - #preProcessEvent at simulation time 55.000,000,010 s with resource class Event and nice 0
2020-05-23 21:57:37,417 DEBUG - #preProcessEvent at simulation time 56.000,000,000 s with resource class VehicleInfo and nice -99999800
2020-05-23 21:57:37,419 DEBUG - #preProcessEvent at simulation time 56.000,000,010 s with resource class Event and nice 0
2020-05-23 21:57:37,419 DEBUG - #preProcessEvent at simulation time 56.000,000,010 s with resource class Event and nice 0
2020-05-23 21:57:37,419 DEBUG - #preProcessEvent at simulation time 56.002,400,000 s with resource class ReceivedV2XMessage and nice -99999100
2020-05-23 21:57:37,525 DEBUG - #preProcessEvent at simulation time 57.000,000,000 s with resource class VehicleInfo and nice -99999800
2020-05-23 21:57:37,526 DEBUG - #preProcessEvent at simulation time 57.000,000,010 s with resource class Event and nice 0
2020-05-23 21:57:37,526 DEBUG - #preProcessEvent at simulation time 57.000,000,010 s with resource class Event and nice 0
2020-05-23 21:57:37,531 DEBUG - #preProcessEvent at simulation time 58.000,000,000 s with resource class VehicleInfo and nice -99999800
2020-05-23 21:57:37,537 DEBUG - #preProcessEvent at simulation time 58.000,000,010 s with resource class Event and nice 0
2020-05-23 21:57:37,537 DEBUG - #preProcessEvent at simulation time 58.000,000,010 s with resource class Event and nice 0
2020-05-23 21:57:37,537 DEBUG - #preProcessEvent at simulation time 58.002,400,000 s with resource class ReceivedV2XMessage and nice -99999100
2020-05-23 21:57:37,549 DEBUG - #preProcessEvent at simulation time 59.000,000,000 s with resource class VehicleInfo and nice -99999800
2020-05-23 21:57:37,550 DEBUG - #preProcessEvent at simulation time 59.000,000,010 s with resource class Event and nice 0
2020-05-23 21:57:37,551 DEBUG - #preProcessEvent at simulation time 59.000,000,010 s with resource class Event and nice 0
2020-05-23 21:57:37,558 DEBUG - #preProcessEvent at simulation time 60.000,000,000 s with resource class VehicleInfo and nice -99999800
2020-05-23 21:57:37,563 DEBUG - #preProcessEvent at simulation time 60.000,000,010 s with resource class Event and nice 0
2020-05-23 21:57:37,563 DEBUG - #preProcessEvent at simulation time 60.000,000,010 s with resource class Event and nice 0
2020-05-23 21:57:37,563 DEBUG - #preProcessEvent at simulation time 60.000,400,000 s with resource class ReceivedV2XMessage and nice -99999100
2020-05-23 21:57:37,571 DEBUG - #preProcessEvent at simulation time 61.000,000,000 s with resource class VehicleInfo and nice -99999800
2020-05-23 21:57:37,572 DEBUG - #preProcessEvent at simulation time 61.000,000,010 s with resource class Event and nice 0
2020-05-23 21:57:37,573 DEBUG - #preProcessEvent at simulation time 61.000,000,010 s with resource class Event and nice 0
2020-05-23 21:57:37,577 DEBUG - #preProcessEvent at simulation time 62.000,000,000 s with resource class VehicleInfo and nice -99999800
2020-05-23 21:57:37,578 DEBUG - #preProcessEvent at simulation time 62.000,000,010 s with resource class Event and nice 0
2020-05-23 21:57:37,578 DEBUG - #preProcessEvent at simulation time 62.000,000,010 s with resource class Event and nice 0
2020-05-23 21:57:37,578 DEBUG - #preProcessEvent at simulation time 62.001,400,000 s with resource class ReceivedV2XMessage and nice -99999100
2020-05-23 21:57:37,587 DEBUG - #preProcessEvent at simulation time 63.000,000,000 s with resource class VehicleInfo and nice -99999800
2020-05-23 21:57:37,589 DEBUG - #preProcessEvent at simulation time 63.000,000,010 s with resource class Event and nice 0
2020-05-23 21:57:37,589 DEBUG - #preProcessEvent at simulation time 63.000,000,010 s with resource class Event and nice 0
2020-05-23 21:57:37,598 DEBUG - #preProcessEvent at simulation time 64.000,000,000 s with resource class VehicleInfo and nice -99999800
2020-05-23 21:57:37,600 DEBUG - #preProcessEvent at simulation time 64.000,000,010 s with resource class Event and nice 0
2020-05-23 21:57:37,600 DEBUG - #preProcessEvent at simulation time 64.000,000,010 s with resource class Event and nice 0
2020-05-23 21:57:37,601 DEBUG - #preProcessEvent at simulation time 64.001,900,000 s with resource class ReceivedV2XMessage and nice -99999100
2020-05-23 21:57:37,613 DEBUG - #preProcessEvent at simulation time 65.000,000,000 s with resource class VehicleInfo and nice -99999800
2020-05-23 21:57:37,615 DEBUG - #preProcessEvent at simulation time 65.000,000,010 s with resource class Event and nice 0
2020-05-23 21:57:37,615 DEBUG - #preProcessEvent at simulation time 65.000,000,010 s with resource class Event and nice 0
2020-05-23 21:57:37,623 DEBUG - #preProcessEvent at simulation time 66.000,000,000 s with resource class VehicleInfo and nice -99999800
2020-05-23 21:57:37,625 DEBUG - #preProcessEvent at simulation time 66.000,000,010 s with resource class Event and nice 0
2020-05-23 21:57:37,625 DEBUG - #preProcessEvent at simulation time 66.000,000,010 s with resource class Event and nice 0
2020-05-23 21:57:37,625 DEBUG - #preProcessEvent at simulation time 66.001,900,000 s with resource class ReceivedV2XMessage and nice -99999100
2020-05-23 21:57:37,644 DEBUG - #preProcessEvent at simulation time 67.000,000,000 s with resource class VehicleInfo and nice -99999800
2020-05-23 21:57:37,644 DEBUG - #preProcessEvent at simulation time 67.000,000,010 s with resource class Event and nice 0
2020-05-23 21:57:37,644 DEBUG - #preProcessEvent at simulation time 67.000,000,010 s with resource class Event and nice 0
2020-05-23 21:57:37,656 DEBUG - #preProcessEvent at simulation time 68.000,000,000 s with resource class VehicleInfo and nice -99999800
2020-05-23 21:57:37,732 DEBUG - #preProcessEvent at simulation time 68.000,000,010 s with resource class Event and nice 0
2020-05-23 21:57:37,732 DEBUG - #preProcessEvent at simulation time 68.000,000,010 s with resource class Event and nice 0
2020-05-23 21:57:37,743 DEBUG - #preProcessEvent at simulation time 68.001,900,000 s with resource class ReceivedV2XMessage and nice -99999100
2020-05-23 21:57:37,752 DEBUG - #preProcessEvent at simulation time 69.000,000,000 s with resource class VehicleInfo and nice -99999800
2020-05-23 21:57:37,754 DEBUG - #preProcessEvent at simulation time 69.000,000,010 s with resource class Event and nice 0
2020-05-23 21:57:37,755 DEBUG - #preProcessEvent at simulation time 69.000,000,010 s with resource class Event and nice 0
2020-05-23 21:57:37,760 DEBUG - #preProcessEvent at simulation time 70.000,000,000 s with resource class VehicleInfo and nice -99999800
2020-05-23 21:57:37,764 DEBUG - #preProcessEvent at simulation time 70.000,000,010 s with resource class Event and nice 0
2020-05-23 21:57:37,764 DEBUG - #preProcessEvent at simulation time 70.000,000,010 s with resource class Event and nice 0
2020-05-23 21:57:37,765 DEBUG - #preProcessEvent at simulation time 70.001,900,000 s with resource class ReceivedV2XMessage and nice -99999100
2020-05-23 21:57:37,774 DEBUG - #preProcessEvent at simulation time 71.000,000,000 s with resource class VehicleInfo and nice -99999800
2020-05-23 21:57:37,775 DEBUG - #preProcessEvent at simulation time 71.000,000,010 s with resource class Event and nice 0
2020-05-23 21:57:37,775 DEBUG - #preProcessEvent at simulation time 71.000,000,010 s with resource class Event and nice 0
2020-05-23 21:57:37,778 DEBUG - #preProcessEvent at simulation time 72.000,000,000 s with resource class VehicleInfo and nice -99999800
2020-05-23 21:57:37,780 DEBUG - #preProcessEvent at simulation time 72.000,000,010 s with resource class Event and nice 0
2020-05-23 21:57:37,780 DEBUG - #preProcessEvent at simulation time 72.000,000,010 s with resource class Event and nice 0
2020-05-23 21:57:37,780 DEBUG - #preProcessEvent at simulation time 72.001,400,000 s with resource class ReceivedV2XMessage and nice -99999100
2020-05-23 21:57:37,788 DEBUG - #preProcessEvent at simulation time 73.000,000,000 s with resource class VehicleInfo and nice -99999800
2020-05-23 21:57:37,789 DEBUG - #preProcessEvent at simulation time 73.000,000,010 s with resource class Event and nice 0
2020-05-23 21:57:37,789 DEBUG - #preProcessEvent at simulation time 73.000,000,010 s with resource class Event and nice 0
2020-05-23 21:57:37,798 DEBUG - #preProcessEvent at simulation time 74.000,000,000 s with resource class VehicleInfo and nice -99999800
2020-05-23 21:57:37,800 DEBUG - #preProcessEvent at simulation time 74.000,000,010 s with resource class Event and nice 0
2020-05-23 21:57:37,800 DEBUG - #preProcessEvent at simulation time 74.000,000,010 s with resource class Event and nice 0
2020-05-23 21:57:37,800 DEBUG - #preProcessEvent at simulation time 74.002,400,000 s with resource class ReceivedV2XMessage and nice -99999100
2020-05-23 21:57:37,810 DEBUG - #preProcessEvent at simulation time 75.000,000,000 s with resource class VehicleInfo and nice -99999800
2020-05-23 21:57:37,811 DEBUG - #preProcessEvent at simulation time 75.000,000,010 s with resource class Event and nice 0
2020-05-23 21:57:37,811 DEBUG - #preProcessEvent at simulation time 75.000,000,010 s with resource class Event and nice 0
2020-05-23 21:57:37,814 DEBUG - #preProcessEvent at simulation time 76.000,000,000 s with resource class VehicleInfo and nice -99999800
2020-05-23 21:57:37,816 DEBUG - #preProcessEvent at simulation time 76.000,000,010 s with resource class Event and nice 0
2020-05-23 21:57:37,816 DEBUG - #preProcessEvent at simulation time 76.000,000,010 s with resource class Event and nice 0
2020-05-23 21:57:37,816 DEBUG - #preProcessEvent at simulation time 76.001,900,000 s with resource class ReceivedV2XMessage and nice -99999100
2020-05-23 21:57:37,825 DEBUG - #preProcessEvent at simulation time 77.000,000,000 s with resource class VehicleInfo and nice -99999800
2020-05-23 21:57:37,827 DEBUG - #preProcessEvent at simulation time 77.000,000,010 s with resource class Event and nice 0
2020-05-23 21:57:37,827 DEBUG - #preProcessEvent at simulation time 77.000,000,010 s with resource class Event and nice 0
2020-05-23 21:57:37,834 DEBUG - #preProcessEvent at simulation time 78.000,000,000 s with resource class VehicleInfo and nice -99999800
2020-05-23 21:57:37,859 DEBUG - #preProcessEvent at simulation time 78.000,000,010 s with resource class Event and nice 0
2020-05-23 21:57:37,859 DEBUG - #preProcessEvent at simulation time 78.000,000,010 s with resource class Event and nice 0
2020-05-23 21:57:37,860 DEBUG - #preProcessEvent at simulation time 78.001,400,000 s with resource class ReceivedV2XMessage and nice -99999100
2020-05-23 21:57:37,911 DEBUG - #preProcessEvent at simulation time 79.000,000,000 s with resource class VehicleInfo and nice -99999800
2020-05-23 21:57:37,912 DEBUG - #preProcessEvent at simulation time 79.000,000,010 s with resource class Event and nice 0
2020-05-23 21:57:37,912 DEBUG - #preProcessEvent at simulation time 79.000,000,010 s with resource class Event and nice 0
2020-05-23 21:57:37,919 DEBUG - #preProcessEvent at simulation time 80.000,000,000 s with resource class VehicleInfo and nice -99999800
2020-05-23 21:57:37,925 DEBUG - #preProcessEvent at simulation time 80.000,000,010 s with resource class Event and nice 0
2020-05-23 21:57:37,925 DEBUG - #preProcessEvent at simulation time 80.000,000,010 s with resource class Event and nice 0
2020-05-23 21:57:37,925 DEBUG - #preProcessEvent at simulation time 80.002,400,000 s with resource class ReceivedV2XMessage and nice -99999100
2020-05-23 21:57:37,934 DEBUG - #preProcessEvent at simulation time 81.000,000,000 s with resource class VehicleInfo and nice -99999800
2020-05-23 21:57:37,934 DEBUG - #preProcessEvent at simulation time 81.000,000,010 s with resource class Event and nice 0
2020-05-23 21:57:37,934 DEBUG - #preProcessEvent at simulation time 81.000,000,010 s with resource class Event and nice 0
2020-05-23 21:57:37,939 DEBUG - #preProcessEvent at simulation time 82.000,000,000 s with resource class VehicleInfo and nice -99999800
2020-05-23 21:57:37,943 DEBUG - #preProcessEvent at simulation time 82.000,000,010 s with resource class Event and nice 0
2020-05-23 21:57:37,943 DEBUG - #preProcessEvent at simulation time 82.000,000,010 s with resource class Event and nice 0
2020-05-23 21:57:37,943 DEBUG - #preProcessEvent at simulation time 82.000,900,000 s with resource class ReceivedV2XMessage and nice -99999100
2020-05-23 21:57:37,949 DEBUG - #preProcessEvent at simulation time 83.000,000,000 s with resource class VehicleInfo and nice -99999800
2020-05-23 21:57:37,951 DEBUG - #preProcessEvent at simulation time 83.000,000,010 s with resource class Event and nice 0
2020-05-23 21:57:37,951 DEBUG - #preProcessEvent at simulation time 83.000,000,010 s with resource class Event and nice 0
2020-05-23 21:57:37,959 DEBUG - #preProcessEvent at simulation time 84.000,000,000 s with resource class VehicleInfo and nice -99999800
2020-05-23 21:57:37,961 DEBUG - #preProcessEvent at simulation time 84.000,000,010 s with resource class Event and nice 0
2020-05-23 21:57:37,961 DEBUG - #preProcessEvent at simulation time 84.000,000,010 s with resource class Event and nice 0
2020-05-23 21:57:37,961 DEBUG - #preProcessEvent at simulation time 84.002,400,000 s with resource class ReceivedV2XMessage and nice -99999100
2020-05-23 21:57:37,967 DEBUG - #preProcessEvent at simulation time 85.000,000,000 s with resource class VehicleInfo and nice -99999800
2020-05-23 21:57:37,969 DEBUG - #preProcessEvent at simulation time 85.000,000,010 s with resource class Event and nice 0
2020-05-23 21:57:37,969 DEBUG - #preProcessEvent at simulation time 85.000,000,010 s with resource class Event and nice 0
2020-05-23 21:57:37,975 DEBUG - #preProcessEvent at simulation time 86.000,000,000 s with resource class VehicleInfo and nice -99999800
2020-05-23 21:57:37,978 DEBUG - #preProcessEvent at simulation time 86.000,000,010 s with resource class Event and nice 0
2020-05-23 21:57:37,978 DEBUG - #preProcessEvent at simulation time 86.000,000,010 s with resource class Event and nice 0
2020-05-23 21:57:37,978 DEBUG - #preProcessEvent at simulation time 86.001,400,000 s with resource class ReceivedV2XMessage and nice -99999100
2020-05-23 21:57:37,982 DEBUG - #preProcessEvent at simulation time 87.000,000,000 s with resource class VehicleInfo and nice -99999800
2020-05-23 21:57:37,983 DEBUG - #preProcessEvent at simulation time 87.000,000,010 s with resource class Event and nice 0
2020-05-23 21:57:37,983 DEBUG - #preProcessEvent at simulation time 87.000,000,010 s with resource class Event and nice 0
2020-05-23 21:57:37,986 DEBUG - #preProcessEvent at simulation time 88.000,000,000 s with resource class VehicleInfo and nice -99999800
2020-05-23 21:57:37,988 DEBUG - #preProcessEvent at simulation time 88.000,000,010 s with resource class Event and nice 0
2020-05-23 21:57:37,988 DEBUG - #preProcessEvent at simulation time 88.000,000,010 s with resource class Event and nice 0
2020-05-23 21:57:37,989 DEBUG - #preProcessEvent at simulation time 88.001,900,000 s with resource class ReceivedV2XMessage and nice -99999100
2020-05-23 21:57:37,995 DEBUG - #preProcessEvent at simulation time 89.000,000,000 s with resource class VehicleInfo and nice -99999800
2020-05-23 21:57:37,995 DEBUG - #preProcessEvent at simulation time 89.000,000,010 s with resource class Event and nice 0
2020-05-23 21:57:37,995 DEBUG - #preProcessEvent at simulation time 89.000,000,010 s with resource class Event and nice 0
2020-05-23 21:57:37,998 DEBUG - #preProcessEvent at simulation time 90.000,000,000 s with resource class VehicleInfo and nice -99999800
2020-05-23 21:57:38,001 DEBUG - #preProcessEvent at simulation time 90.000,000,010 s with resource class Event and nice 0
2020-05-23 21:57:38,001 DEBUG - #preProcessEvent at simulation time 90.000,000,010 s with resource class Event and nice 0
2020-05-23 21:57:38,001 DEBUG - #preProcessEvent at simulation time 90.001,900,000 s with resource class ReceivedV2XMessage and nice -99999100
2020-05-23 21:57:38,006 DEBUG - #preProcessEvent at simulation time 91.000,000,000 s with resource class VehicleInfo and nice -99999800
2020-05-23 21:57:38,007 DEBUG - #preProcessEvent at simulation time 91.000,000,010 s with resource class Event and nice 0
2020-05-23 21:57:38,007 DEBUG - #preProcessEvent at simulation time 91.000,000,010 s with resource class Event and nice 0
2020-05-23 21:57:38,010 DEBUG - #preProcessEvent at simulation time 92.000,000,000 s with resource class VehicleInfo and nice -99999800
2020-05-23 21:57:38,011 DEBUG - #preProcessEvent at simulation time 92.000,000,010 s with resource class Event and nice 0
2020-05-23 21:57:38,011 DEBUG - #preProcessEvent at simulation time 92.000,000,010 s with resource class Event and nice 0
2020-05-23 21:57:38,011 DEBUG - #preProcessEvent at simulation time 92.002,400,000 s with resource class ReceivedV2XMessage and nice -99999100
2020-05-23 21:57:38,014 DEBUG - #preProcessEvent at simulation time 93.000,000,000 s with resource class VehicleInfo and nice -99999800
2020-05-23 21:57:38,015 DEBUG - #preProcessEvent at simulation time 93.000,000,010 s with resource class Event and nice 0
2020-05-23 21:57:38,015 DEBUG - #preProcessEvent at simulation time 93.000,000,010 s with resource class Event and nice 0
2020-05-23 21:57:38,017 DEBUG - #preProcessEvent at simulation time 94.000,000,000 s with resource class VehicleInfo and nice -99999800
2020-05-23 21:57:38,018 DEBUG - #preProcessEvent at simulation time 94.000,000,010 s with resource class Event and nice 0
2020-05-23 21:57:38,018 DEBUG - #preProcessEvent at simulation time 94.000,000,010 s with resource class Event and nice 0
2020-05-23 21:57:38,018 DEBUG - #preProcessEvent at simulation time 94.002,400,000 s with resource class ReceivedV2XMessage and nice -99999100
2020-05-23 21:57:38,026 DEBUG - #preProcessEvent at simulation time 95.000,000,000 s with resource class VehicleInfo and nice -99999800
2020-05-23 21:57:38,030 DEBUG - #preProcessEvent at simulation time 95.000,000,010 s with resource class Event and nice 0
2020-05-23 21:57:38,031 DEBUG - #preProcessEvent at simulation time 95.000,000,010 s with resource class Event and nice 0
2020-05-23 21:57:38,075 DEBUG - #preProcessEvent at simulation time 96.000,000,000 s with resource class VehicleInfo and nice -99999800
2020-05-23 21:57:38,140 DEBUG - #preProcessEvent at simulation time 96.000,000,010 s with resource class Event and nice 0
2020-05-23 21:57:38,141 DEBUG - #preProcessEvent at simulation time 96.000,000,010 s with resource class Event and nice 0
2020-05-23 21:57:38,141 DEBUG - #preProcessEvent at simulation time 96.002,400,000 s with resource class ReceivedV2XMessage and nice -99999100
2020-05-23 21:57:38,154 DEBUG - #preProcessEvent at simulation time 97.000,000,000 s with resource class VehicleInfo and nice -99999800
2020-05-23 21:57:38,156 DEBUG - #preProcessEvent at simulation time 97.000,000,010 s with resource class Event and nice 0
2020-05-23 21:57:38,156 DEBUG - #preProcessEvent at simulation time 97.000,000,010 s with resource class Event and nice 0
2020-05-23 21:57:38,163 DEBUG - #preProcessEvent at simulation time 98.000,000,000 s with resource class VehicleInfo and nice -99999800
2020-05-23 21:57:38,165 DEBUG - #preProcessEvent at simulation time 98.000,000,010 s with resource class Event and nice 0
2020-05-23 21:57:38,165 DEBUG - #preProcessEvent at simulation time 98.000,000,010 s with resource class Event and nice 0
2020-05-23 21:57:38,165 DEBUG - #preProcessEvent at simulation time 98.000,900,000 s with resource class ReceivedV2XMessage and nice -99999100
2020-05-23 21:57:38,172 DEBUG - #preProcessEvent at simulation time 99.000,000,000 s with resource class VehicleInfo and nice -99999800
2020-05-23 21:57:38,172 DEBUG - #preProcessEvent at simulation time 99.000,000,010 s with resource class Event and nice 0
2020-05-23 21:57:38,172 DEBUG - #preProcessEvent at simulation time 99.000,000,010 s with resource class Event and nice 0
2020-05-23 21:57:38,175 DEBUG - #preProcessEvent at simulation time 100.000,000,000 s with resource class VehicleInfo and nice -99999800
2020-05-23 21:57:38,177 DEBUG - #preProcessEvent at simulation time 100.000,000,010 s with resource class Event and nice 0
2020-05-23 21:57:38,178 DEBUG - #preProcessEvent at simulation time 100.000,000,010 s with resource class Event and nice 0
2020-05-23 21:57:38,178 DEBUG - #preProcessEvent at simulation time 100.002,400,000 s with resource class ReceivedV2XMessage and nice -99999100
2020-05-23 21:57:38,184 DEBUG - #preProcessEvent at simulation time 101.000,000,000 s with resource class VehicleInfo and nice -99999800
2020-05-23 21:57:38,185 DEBUG - #preProcessEvent at simulation time 101.000,000,010 s with resource class Event and nice 0
2020-05-23 21:57:38,185 DEBUG - #preProcessEvent at simulation time 101.000,000,010 s with resource class Event and nice 0
2020-05-23 21:57:38,187 DEBUG - #preProcessEvent at simulation time 102.000,000,000 s with resource class VehicleInfo and nice -99999800
2020-05-23 21:57:38,188 DEBUG - #preProcessEvent at simulation time 102.000,000,010 s with resource class Event and nice 0
2020-05-23 21:57:38,189 DEBUG - #preProcessEvent at simulation time 102.000,000,010 s with resource class Event and nice 0
2020-05-23 21:57:38,189 DEBUG - #preProcessEvent at simulation time 102.000,400,000 s with resource class ReceivedV2XMessage and nice -99999100
2020-05-23 21:57:38,195 DEBUG - #preProcessEvent at simulation time 103.000,000,000 s with resource class VehicleInfo and nice -99999800
2020-05-23 21:57:38,196 DEBUG - #preProcessEvent at simulation time 103.000,000,010 s with resource class Event and nice 0
2020-05-23 21:57:38,196 DEBUG - #preProcessEvent at simulation time 103.000,000,010 s with resource class Event and nice 0
2020-05-23 21:57:38,198 DEBUG - #preProcessEvent at simulation time 104.000,000,000 s with resource class VehicleInfo and nice -99999800
2020-05-23 21:57:38,199 DEBUG - #preProcessEvent at simulation time 104.000,000,010 s with resource class Event and nice 0
2020-05-23 21:57:38,199 DEBUG - #preProcessEvent at simulation time 104.000,000,010 s with resource class Event and nice 0
2020-05-23 21:57:38,199 DEBUG - #preProcessEvent at simulation time 104.000,400,000 s with resource class ReceivedV2XMessage and nice -99999100
2020-05-23 21:57:38,203 DEBUG - #preProcessEvent at simulation time 105.000,000,000 s with resource class VehicleInfo and nice -99999800
2020-05-23 21:57:38,206 DEBUG - #preProcessEvent at simulation time 105.000,000,010 s with resource class Event and nice 0
2020-05-23 21:57:38,206 DEBUG - #preProcessEvent at simulation time 105.000,000,010 s with resource class Event and nice 0
2020-05-23 21:57:38,207 DEBUG - #preProcessEvent at simulation time 106.000,000,000 s with resource class VehicleInfo and nice -99999800
2020-05-23 21:57:38,208 DEBUG - #preProcessEvent at simulation time 106.000,000,010 s with resource class Event and nice 0
2020-05-23 21:57:38,209 DEBUG - #preProcessEvent at simulation time 106.000,000,010 s with resource class Event and nice 0
2020-05-23 21:57:38,209 DEBUG - #preProcessEvent at simulation time 106.000,400,000 s with resource class ReceivedV2XMessage and nice -99999100
2020-05-23 21:57:38,213 DEBUG - #preProcessEvent at simulation time 107.000,000,000 s with resource class VehicleInfo and nice -99999800
2020-05-23 21:57:38,213 DEBUG - #preProcessEvent at simulation time 107.000,000,010 s with resource class Event and nice 0
2020-05-23 21:57:38,213 DEBUG - #preProcessEvent at simulation time 107.000,000,010 s with resource class Event and nice 0
2020-05-23 21:57:38,214 DEBUG - #preProcessEvent at simulation time 108.000,000,000 s with resource class VehicleInfo and nice -99999800
2020-05-23 21:57:38,215 DEBUG - #preProcessEvent at simulation time 108.000,000,010 s with resource class Event and nice 0
2020-05-23 21:57:38,216 DEBUG - #preProcessEvent at simulation time 108.000,000,010 s with resource class Event and nice 0
2020-05-23 21:57:38,216 DEBUG - #preProcessEvent at simulation time 108.001,900,000 s with resource class ReceivedV2XMessage and nice -99999100
2020-05-23 21:57:38,223 DEBUG - #preProcessEvent at simulation time 109.000,000,000 s with resource class VehicleInfo and nice -99999800
2020-05-23 21:57:38,224 DEBUG - #preProcessEvent at simulation time 109.000,000,010 s with resource class Event and nice 0
2020-05-23 21:57:38,224 DEBUG - #preProcessEvent at simulation time 109.000,000,010 s with resource class Event and nice 0
2020-05-23 21:57:38,225 DEBUG - #tearDown at simulation time 110.000,000,000 s
