2020-05-23 21:57:36,317 INFO - Initialize application (at simulation time 14.000,000,000 s)
2020-05-23 21:57:36,323 INFO - Activated Cell Module (at simulation time 14.000,000,000 s)
2020-05-23 21:57:36,324 DEBUG - No Sensor/Event detected (at simulation time 14.000,000,000 s)
2020-05-23 21:57:36,345 INFO - Received message from cell from WeatherServer (at simulation time 14.214,116,905 s)
2020-05-23 21:57:36,345 INFO - Processing DEN message (at simulation time 14.214,116,905 s)
2020-05-23 21:57:36,345 DEBUG - Handle Environment Warning Message. Processing...
2020-05-23 21:57:36,345 DEBUG - DENM content: Sensor Type: Ice (at simulation time 14.214,116,905 s)
2020-05-23 21:57:36,345 DEBUG - DENM content: Event position: GeoPoint{lat|lon=[40.810904,-73.961969]} (at simulation time 14.214,116,905 s)
2020-05-23 21:57:36,345 DEBUG - DENM content: Event Strength: 0 (at simulation time 14.214,116,905 s)
2020-05-23 21:57:36,345 DEBUG - DENM content: Road Id of the Sender: 195743140_42428844_1506591536 (at simulation time 14.214,116,905 s)
2020-05-23 21:57:36,346 DEBUG - CurrVehicle: position: com.dcaiti.vsimrti.lib.routing.scenariodatabase.road.ScenarioDatabaseRoadPosition@54ddef9 (at simulation time 14.214,116,905 s)
2020-05-23 21:57:36,346 DEBUG - CurrVehicle: route: 1 (at simulation time 14.214,116,905 s)
2020-05-23 21:57:36,346 INFO - The Event is on the vehicle's route 195743140_42428844_1506591536 = 195743140_42428844_1506591536 (at simulation time 14.214,116,905 s)
2020-05-23 21:57:36,437 INFO - Sending Change Route Command at position: GeoPoint{lat|lon=[40.805107,-73.959934]} (at simulation time 14.214,116,905 s)
2020-05-23 21:57:36,448 DEBUG - No Sensor/Event detected (at simulation time 15.000,000,000 s)
2020-05-23 21:57:36,503 DEBUG - No Sensor/Event detected (at simulation time 16.000,000,000 s)
2020-05-23 21:57:36,531 INFO - Received message from cell from WeatherServer (at simulation time 16.284,011,927 s)
2020-05-23 21:57:36,531 INFO - Processing DEN message (at simulation time 16.284,011,927 s)
2020-05-23 21:57:36,531 DEBUG - Handle Environment Warning Message. Processing...
2020-05-23 21:57:36,531 INFO - Route already changed (at simulation time 16.284,011,927 s)
2020-05-23 21:57:36,538 DEBUG - No Sensor/Event detected (at simulation time 17.000,000,000 s)
2020-05-23 21:57:36,567 DEBUG - No Sensor/Event detected (at simulation time 18.000,000,000 s)
2020-05-23 21:57:36,582 INFO - Received message from cell from WeatherServer (at simulation time 18.212,045,745 s)
2020-05-23 21:57:36,582 INFO - Processing DEN message (at simulation time 18.212,045,745 s)
2020-05-23 21:57:36,582 DEBUG - Handle Environment Warning Message. Processing...
2020-05-23 21:57:36,582 INFO - Route already changed (at simulation time 18.212,045,745 s)
2020-05-23 21:57:36,594 DEBUG - No Sensor/Event detected (at simulation time 19.000,000,000 s)
2020-05-23 21:57:36,614 DEBUG - No Sensor/Event detected (at simulation time 20.000,000,000 s)
2020-05-23 21:57:36,684 INFO - Received message from cell from WeatherServer (at simulation time 20.272,407,514 s)
2020-05-23 21:57:36,684 INFO - Processing DEN message (at simulation time 20.272,407,514 s)
2020-05-23 21:57:36,684 DEBUG - Handle Environment Warning Message. Processing...
2020-05-23 21:57:36,685 INFO - Route already changed (at simulation time 20.272,407,514 s)
2020-05-23 21:57:36,706 DEBUG - No Sensor/Event detected (at simulation time 21.000,000,000 s)
2020-05-23 21:57:36,721 DEBUG - No Sensor/Event detected (at simulation time 22.000,000,000 s)
2020-05-23 21:57:36,737 INFO - Received message from cell from WeatherServer (at simulation time 22.236,818,250 s)
2020-05-23 21:57:36,737 INFO - Processing DEN message (at simulation time 22.236,818,250 s)
2020-05-23 21:57:36,737 DEBUG - Handle Environment Warning Message. Processing...
2020-05-23 21:57:36,737 INFO - Route already changed (at simulation time 22.236,818,250 s)
2020-05-23 21:57:36,742 DEBUG - No Sensor/Event detected (at simulation time 23.000,000,000 s)
2020-05-23 21:57:36,749 DEBUG - No Sensor/Event detected (at simulation time 24.000,000,000 s)
2020-05-23 21:57:36,785 INFO - Received message from cell from WeatherServer (at simulation time 24.134,771,017 s)
2020-05-23 21:57:36,785 INFO - Processing DEN message (at simulation time 24.134,771,017 s)
2020-05-23 21:57:36,786 DEBUG - Handle Environment Warning Message. Processing...
2020-05-23 21:57:36,786 INFO - Route already changed (at simulation time 24.134,771,017 s)
2020-05-23 21:57:36,789 DEBUG - No Sensor/Event detected (at simulation time 25.000,000,000 s)
2020-05-23 21:57:36,801 DEBUG - No Sensor/Event detected (at simulation time 26.000,000,000 s)
2020-05-23 21:57:36,812 INFO - Received message from cell from WeatherServer (at simulation time 26.233,339,725 s)
2020-05-23 21:57:36,812 INFO - Processing DEN message (at simulation time 26.233,339,725 s)
2020-05-23 21:57:36,812 DEBUG - Handle Environment Warning Message. Processing...
2020-05-23 21:57:36,812 INFO - Route already changed (at simulation time 26.233,339,725 s)
2020-05-23 21:57:36,816 DEBUG - No Sensor/Event detected (at simulation time 27.000,000,000 s)
2020-05-23 21:57:36,822 DEBUG - No Sensor/Event detected (at simulation time 28.000,000,000 s)
2020-05-23 21:57:36,833 INFO - Received message from cell from WeatherServer (at simulation time 28.331,093,889 s)
2020-05-23 21:57:36,833 INFO - Processing DEN message (at simulation time 28.331,093,889 s)
2020-05-23 21:57:36,833 DEBUG - Handle Environment Warning Message. Processing...
2020-05-23 21:57:36,833 INFO - Route already changed (at simulation time 28.331,093,889 s)
2020-05-23 21:57:36,836 DEBUG - No Sensor/Event detected (at simulation time 29.000,000,000 s)
2020-05-23 21:57:36,848 DEBUG - No Sensor/Event detected (at simulation time 30.000,000,000 s)
2020-05-23 21:57:36,938 INFO - Received message from cell from WeatherServer (at simulation time 30.183,693,282 s)
2020-05-23 21:57:36,938 INFO - Processing DEN message (at simulation time 30.183,693,282 s)
2020-05-23 21:57:36,938 DEBUG - Handle Environment Warning Message. Processing...
2020-05-23 21:57:36,938 INFO - Route already changed (at simulation time 30.183,693,282 s)
2020-05-23 21:57:36,945 DEBUG - No Sensor/Event detected (at simulation time 31.000,000,000 s)
2020-05-23 21:57:36,959 DEBUG - No Sensor/Event detected (at simulation time 32.000,000,000 s)
2020-05-23 21:57:36,974 INFO - Received message from cell from WeatherServer (at simulation time 32.359,194,362 s)
2020-05-23 21:57:36,974 INFO - Processing DEN message (at simulation time 32.359,194,362 s)
2020-05-23 21:57:36,974 DEBUG - Handle Environment Warning Message. Processing...
2020-05-23 21:57:36,974 INFO - Route already changed (at simulation time 32.359,194,362 s)
2020-05-23 21:57:36,987 DEBUG - No Sensor/Event detected (at simulation time 33.000,000,000 s)
2020-05-23 21:57:36,992 DEBUG - No Sensor/Event detected (at simulation time 34.000,000,000 s)
2020-05-23 21:57:37,001 INFO - Received message from cell from WeatherServer (at simulation time 34.263,764,669 s)
2020-05-23 21:57:37,002 INFO - Processing DEN message (at simulation time 34.263,764,669 s)
2020-05-23 21:57:37,002 DEBUG - Handle Environment Warning Message. Processing...
2020-05-23 21:57:37,002 INFO - Route already changed (at simulation time 34.263,764,669 s)
2020-05-23 21:57:37,012 DEBUG - No Sensor/Event detected (at simulation time 35.000,000,000 s)
2020-05-23 21:57:37,019 DEBUG - No Sensor/Event detected (at simulation time 36.000,000,000 s)
2020-05-23 21:57:37,028 INFO - Received message from cell from WeatherServer (at simulation time 36.263,089,632 s)
2020-05-23 21:57:37,028 INFO - Processing DEN message (at simulation time 36.263,089,632 s)
2020-05-23 21:57:37,028 DEBUG - Handle Environment Warning Message. Processing...
2020-05-23 21:57:37,028 INFO - Route already changed (at simulation time 36.263,089,632 s)
2020-05-23 21:57:37,042 DEBUG - No Sensor/Event detected (at simulation time 37.000,000,000 s)
2020-05-23 21:57:37,057 DEBUG - No Sensor/Event detected (at simulation time 38.000,000,000 s)
2020-05-23 21:57:37,092 INFO - Received message from cell from WeatherServer (at simulation time 38.225,831,309 s)
2020-05-23 21:57:37,092 INFO - Processing DEN message (at simulation time 38.225,831,309 s)
2020-05-23 21:57:37,092 DEBUG - Handle Environment Warning Message. Processing...
2020-05-23 21:57:37,092 INFO - Route already changed (at simulation time 38.225,831,309 s)
2020-05-23 21:57:37,101 DEBUG - No Sensor/Event detected (at simulation time 39.000,000,000 s)
2020-05-23 21:57:37,111 DEBUG - No Sensor/Event detected (at simulation time 40.000,000,000 s)
2020-05-23 21:57:37,127 INFO - Received message from cell from WeatherServer (at simulation time 40.219,483,907 s)
2020-05-23 21:57:37,127 INFO - Processing DEN message (at simulation time 40.219,483,907 s)
2020-05-23 21:57:37,127 DEBUG - Handle Environment Warning Message. Processing...
2020-05-23 21:57:37,127 INFO - Route already changed (at simulation time 40.219,483,907 s)
2020-05-23 21:57:37,133 DEBUG - No Sensor/Event detected (at simulation time 41.000,000,000 s)
2020-05-23 21:57:37,144 DEBUG - No Sensor/Event detected (at simulation time 42.000,000,000 s)
2020-05-23 21:57:37,158 INFO - Received message from cell from WeatherServer (at simulation time 42.654,634,598 s)
2020-05-23 21:57:37,158 INFO - Processing DEN message (at simulation time 42.654,634,598 s)
2020-05-23 21:57:37,158 DEBUG - Handle Environment Warning Message. Processing...
2020-05-23 21:57:37,158 INFO - Route already changed (at simulation time 42.654,634,598 s)
2020-05-23 21:57:37,161 DEBUG - No Sensor/Event detected (at simulation time 43.000,000,000 s)
2020-05-23 21:57:37,169 DEBUG - No Sensor/Event detected (at simulation time 44.000,000,000 s)
2020-05-23 21:57:37,179 INFO - Received message from cell from WeatherServer (at simulation time 44.355,543,079 s)
2020-05-23 21:57:37,179 INFO - Processing DEN message (at simulation time 44.355,543,079 s)
2020-05-23 21:57:37,179 DEBUG - Handle Environment Warning Message. Processing...
2020-05-23 21:57:37,179 INFO - Route already changed (at simulation time 44.355,543,079 s)
2020-05-23 21:57:37,186 DEBUG - No Sensor/Event detected (at simulation time 45.000,000,000 s)
2020-05-23 21:57:37,194 DEBUG - No Sensor/Event detected (at simulation time 46.000,000,000 s)
2020-05-23 21:57:37,202 INFO - Received message from cell from WeatherServer (at simulation time 46.333,067,621 s)
2020-05-23 21:57:37,202 INFO - Processing DEN message (at simulation time 46.333,067,621 s)
2020-05-23 21:57:37,202 DEBUG - Handle Environment Warning Message. Processing...
2020-05-23 21:57:37,202 INFO - Route already changed (at simulation time 46.333,067,621 s)
2020-05-23 21:57:37,208 DEBUG - No Sensor/Event detected (at simulation time 47.000,000,000 s)
2020-05-23 21:57:37,221 DEBUG - No Sensor/Event detected (at simulation time 48.000,000,000 s)
2020-05-23 21:57:37,234 INFO - Received message from cell from WeatherServer (at simulation time 48.261,384,330 s)
2020-05-23 21:57:37,234 INFO - Processing DEN message (at simulation time 48.261,384,330 s)
2020-05-23 21:57:37,234 DEBUG - Handle Environment Warning Message. Processing...
2020-05-23 21:57:37,242 INFO - Route already changed (at simulation time 48.261,384,330 s)
2020-05-23 21:57:37,258 DEBUG - No Sensor/Event detected (at simulation time 49.000,000,000 s)
2020-05-23 21:57:37,320 DEBUG - No Sensor/Event detected (at simulation time 50.000,000,000 s)
2020-05-23 21:57:37,346 INFO - Processing DEN message (at simulation time 50.174,290,906 s)
2020-05-23 21:57:37,346 DEBUG - Handle Environment Warning Message. Processing...
2020-05-23 21:57:37,346 INFO - Route already changed (at simulation time 50.174,290,906 s)
2020-05-23 21:57:37,347 INFO - Received message from cell from WeatherServer (at simulation time 50.227,782,973 s)
2020-05-23 21:57:37,347 INFO - Processing DEN message (at simulation time 50.227,782,973 s)
2020-05-23 21:57:37,347 DEBUG - Handle Environment Warning Message. Processing...
2020-05-23 21:57:37,347 INFO - Route already changed (at simulation time 50.227,782,973 s)
2020-05-23 21:57:37,352 DEBUG - No Sensor/Event detected (at simulation time 51.000,000,000 s)
2020-05-23 21:57:37,358 INFO - Processing DEN message (at simulation time 51.391,529,482 s)
2020-05-23 21:57:37,358 DEBUG - Handle Environment Warning Message. Processing...
2020-05-23 21:57:37,358 INFO - Route already changed (at simulation time 51.391,529,482 s)
2020-05-23 21:57:37,363 DEBUG - No Sensor/Event detected (at simulation time 52.000,000,000 s)
2020-05-23 21:57:37,374 INFO - Processing DEN message (at simulation time 52.182,513,623 s)
2020-05-23 21:57:37,374 DEBUG - Handle Environment Warning Message. Processing...
2020-05-23 21:57:37,374 INFO - Route already changed (at simulation time 52.182,513,623 s)
2020-05-23 21:57:37,379 INFO - Received message from cell from WeatherServer (at simulation time 52.321,368,204 s)
2020-05-23 21:57:37,379 INFO - Processing DEN message (at simulation time 52.321,368,204 s)
2020-05-23 21:57:37,379 DEBUG - Handle Environment Warning Message. Processing...
2020-05-23 21:57:37,379 INFO - Route already changed (at simulation time 52.321,368,204 s)
2020-05-23 21:57:37,382 DEBUG - No Sensor/Event detected (at simulation time 53.000,000,000 s)
2020-05-23 21:57:37,388 INFO - Processing DEN message (at simulation time 53.237,113,377 s)
2020-05-23 21:57:37,388 DEBUG - Handle Environment Warning Message. Processing...
2020-05-23 21:57:37,388 INFO - Route already changed (at simulation time 53.237,113,377 s)
2020-05-23 21:57:37,392 DEBUG - No Sensor/Event detected (at simulation time 54.000,000,000 s)
2020-05-23 21:57:37,401 INFO - Received message from cell from WeatherServer (at simulation time 54.264,014,851 s)
2020-05-23 21:57:37,401 INFO - Processing DEN message (at simulation time 54.264,014,851 s)
2020-05-23 21:57:37,401 DEBUG - Handle Environment Warning Message. Processing...
2020-05-23 21:57:37,401 INFO - Route already changed (at simulation time 54.264,014,851 s)
2020-05-23 21:57:37,406 DEBUG - No Sensor/Event detected (at simulation time 55.000,000,000 s)
2020-05-23 21:57:37,415 DEBUG - No Sensor/Event detected (at simulation time 56.000,000,000 s)
2020-05-23 21:57:37,459 INFO - Received message from cell from WeatherServer (at simulation time 56.261,429,796 s)
2020-05-23 21:57:37,459 INFO - Processing DEN message (at simulation time 56.261,429,796 s)
2020-05-23 21:57:37,459 DEBUG - Handle Environment Warning Message. Processing...
2020-05-23 21:57:37,459 INFO - Route already changed (at simulation time 56.261,429,796 s)
2020-05-23 21:57:37,523 DEBUG - No Sensor/Event detected (at simulation time 57.000,000,000 s)
2020-05-23 21:57:37,530 DEBUG - No Sensor/Event detected (at simulation time 58.000,000,000 s)
2020-05-23 21:57:37,542 INFO - Received message from cell from WeatherServer (at simulation time 58.271,197,242 s)
2020-05-23 21:57:37,542 INFO - Processing DEN message (at simulation time 58.271,197,242 s)
2020-05-23 21:57:37,542 DEBUG - Handle Environment Warning Message. Processing...
2020-05-23 21:57:37,542 INFO - Route already changed (at simulation time 58.271,197,242 s)
2020-05-23 21:57:37,549 DEBUG - No Sensor/Event detected (at simulation time 59.000,000,000 s)
2020-05-23 21:57:37,557 DEBUG - No Sensor/Event detected (at simulation time 60.000,000,000 s)
2020-05-23 21:57:37,566 INFO - Received message from cell from WeatherServer (at simulation time 60.341,222,973 s)
2020-05-23 21:57:37,567 INFO - Processing DEN message (at simulation time 60.341,222,973 s)
2020-05-23 21:57:37,567 DEBUG - Handle Environment Warning Message. Processing...
2020-05-23 21:57:37,567 INFO - Route already changed (at simulation time 60.341,222,973 s)
2020-05-23 21:57:37,570 DEBUG - No Sensor/Event detected (at simulation time 61.000,000,000 s)
2020-05-23 21:57:37,576 DEBUG - No Sensor/Event detected (at simulation time 62.000,000,000 s)
2020-05-23 21:57:37,582 INFO - Received message from cell from WeatherServer (at simulation time 62.406,474,900 s)
2020-05-23 21:57:37,582 INFO - Processing DEN message (at simulation time 62.406,474,900 s)
2020-05-23 21:57:37,582 DEBUG - Handle Environment Warning Message. Processing...
2020-05-23 21:57:37,582 INFO - Route already changed (at simulation time 62.406,474,900 s)
2020-05-23 21:57:37,585 DEBUG - No Sensor/Event detected (at simulation time 63.000,000,000 s)
2020-05-23 21:57:37,592 INFO - Processing DEN message (at simulation time 63.280,269,783 s)
2020-05-23 21:57:37,592 DEBUG - Handle Environment Warning Message. Processing...
2020-05-23 21:57:37,592 INFO - Route already changed (at simulation time 63.280,269,783 s)
2020-05-23 21:57:37,595 DEBUG - No Sensor/Event detected (at simulation time 64.000,000,000 s)
2020-05-23 21:57:37,608 INFO - Processing DEN message (at simulation time 64.290,661,988 s)
2020-05-23 21:57:37,608 DEBUG - Handle Environment Warning Message. Processing...
2020-05-23 21:57:37,608 INFO - Route already changed (at simulation time 64.290,661,988 s)
2020-05-23 21:57:37,609 INFO - Received message from cell from WeatherServer (at simulation time 64.402,026,564 s)
2020-05-23 21:57:37,609 INFO - Processing DEN message (at simulation time 64.402,026,564 s)
2020-05-23 21:57:37,609 DEBUG - Handle Environment Warning Message. Processing...
2020-05-23 21:57:37,609 INFO - Route already changed (at simulation time 64.402,026,564 s)
2020-05-23 21:57:37,612 DEBUG - No Sensor/Event detected (at simulation time 65.000,000,000 s)
2020-05-23 21:57:37,618 INFO - Processing DEN message (at simulation time 65.196,666,279 s)
2020-05-23 21:57:37,618 DEBUG - Handle Environment Warning Message. Processing...
2020-05-23 21:57:37,618 INFO - Route already changed (at simulation time 65.196,666,279 s)
2020-05-23 21:57:37,621 DEBUG - No Sensor/Event detected (at simulation time 66.000,000,000 s)
2020-05-23 21:57:37,629 INFO - Received message from cell from WeatherServer (at simulation time 66.315,390,534 s)
2020-05-23 21:57:37,629 INFO - Processing DEN message (at simulation time 66.315,390,534 s)
2020-05-23 21:57:37,629 DEBUG - Handle Environment Warning Message. Processing...
2020-05-23 21:57:37,629 INFO - Route already changed (at simulation time 66.315,390,534 s)
2020-05-23 21:57:37,639 DEBUG - No Sensor/Event detected (at simulation time 67.000,000,000 s)
2020-05-23 21:57:37,653 DEBUG - No Sensor/Event detected (at simulation time 68.000,000,000 s)
2020-05-23 21:57:37,748 INFO - Received message from cell from WeatherServer (at simulation time 68.178,602,326 s)
2020-05-23 21:57:37,748 INFO - Processing DEN message (at simulation time 68.178,602,326 s)
2020-05-23 21:57:37,748 DEBUG - Handle Environment Warning Message. Processing...
2020-05-23 21:57:37,748 INFO - Route already changed (at simulation time 68.178,602,326 s)
2020-05-23 21:57:37,752 DEBUG - No Sensor/Event detected (at simulation time 69.000,000,000 s)
2020-05-23 21:57:37,760 DEBUG - No Sensor/Event detected (at simulation time 70.000,000,000 s)
2020-05-23 21:57:37,768 INFO - Received message from cell from WeatherServer (at simulation time 70.362,185,805 s)
2020-05-23 21:57:37,768 INFO - Processing DEN message (at simulation time 70.362,185,805 s)
2020-05-23 21:57:37,769 DEBUG - Handle Environment Warning Message. Processing...
2020-05-23 21:57:37,769 INFO - Route already changed (at simulation time 70.362,185,805 s)
2020-05-23 21:57:37,773 DEBUG - No Sensor/Event detected (at simulation time 71.000,000,000 s)
2020-05-23 21:57:37,777 DEBUG - No Sensor/Event detected (at simulation time 72.000,000,000 s)
2020-05-23 21:57:37,784 INFO - Received message from cell from WeatherServer (at simulation time 72.404,599,439 s)
2020-05-23 21:57:37,784 INFO - Processing DEN message (at simulation time 72.404,599,439 s)
2020-05-23 21:57:37,784 DEBUG - Handle Environment Warning Message. Processing...
2020-05-23 21:57:37,784 INFO - Route already changed (at simulation time 72.404,599,439 s)
2020-05-23 21:57:37,787 DEBUG - No Sensor/Event detected (at simulation time 73.000,000,000 s)
2020-05-23 21:57:37,797 DEBUG - No Sensor/Event detected (at simulation time 74.000,000,000 s)
2020-05-23 21:57:37,804 INFO - Received message from cell from WeatherServer (at simulation time 74.368,533,042 s)
2020-05-23 21:57:37,804 INFO - Processing DEN message (at simulation time 74.368,533,042 s)
2020-05-23 21:57:37,804 DEBUG - Handle Environment Warning Message. Processing...
2020-05-23 21:57:37,804 INFO - Route already changed (at simulation time 74.368,533,042 s)
2020-05-23 21:57:37,809 DEBUG - No Sensor/Event detected (at simulation time 75.000,000,000 s)
2020-05-23 21:57:37,814 DEBUG - No Sensor/Event detected (at simulation time 76.000,000,000 s)
2020-05-23 21:57:37,819 INFO - Received message from cell from WeatherServer (at simulation time 76.296,891,556 s)
2020-05-23 21:57:37,819 INFO - Processing DEN message (at simulation time 76.296,891,556 s)
2020-05-23 21:57:37,819 DEBUG - Handle Environment Warning Message. Processing...
2020-05-23 21:57:37,819 INFO - Route already changed (at simulation time 76.296,891,556 s)
2020-05-23 21:57:37,824 INFO - Sensor Ice event detected (at simulation time 77.000,000,000 s)
2020-05-23 21:57:37,824 DEBUG - Position: GeoPoint{lat|lon=[40.811859,-73.961268]} (at simulation time 77.000,000,000 s)
2020-05-23 21:57:37,824 DEBUG - Event strength to: 1 (at simulation time 77.000,000,000 s)
2020-05-23 21:57:37,824 DEBUG - SensorType to: Ice (at simulation time 77.000,000,000 s)
2020-05-23 21:57:37,824 DEBUG - RoadId on which the event take place: 195743140_42421857_1506591534 (at simulation time 77.000,000,000 s)
2020-05-23 21:57:37,824 INFO - Sending DENM (at simulation time 77.000,000,000 s)
2020-05-23 21:57:37,830 INFO - Processing DEN message (at simulation time 77.376,820,159 s)
2020-05-23 21:57:37,831 DEBUG - Handle Environment Warning Message. Processing...
2020-05-23 21:57:37,831 INFO - Route already changed (at simulation time 77.376,820,159 s)
2020-05-23 21:57:37,833 INFO - Sensor Ice event detected (at simulation time 78.000,000,000 s)
2020-05-23 21:57:37,833 DEBUG - Position: GeoPoint{lat|lon=[40.811788,-73.961320]} (at simulation time 78.000,000,000 s)
2020-05-23 21:57:37,834 DEBUG - Event strength to: 1 (at simulation time 78.000,000,000 s)
2020-05-23 21:57:37,834 DEBUG - SensorType to: Ice (at simulation time 78.000,000,000 s)
2020-05-23 21:57:37,834 DEBUG - RoadId on which the event take place: 195743140_1506591534_42428844 (at simulation time 78.000,000,000 s)
2020-05-23 21:57:37,834 INFO - Sending DENM (at simulation time 78.000,000,000 s)
2020-05-23 21:57:37,888 INFO - Processing DEN message (at simulation time 78.133,572,425 s)
2020-05-23 21:57:37,888 DEBUG - Handle Environment Warning Message. Processing...
2020-05-23 21:57:37,888 INFO - Route already changed (at simulation time 78.133,572,425 s)
2020-05-23 21:57:37,897 INFO - Received message from cell from WeatherServer (at simulation time 78.249,992,534 s)
2020-05-23 21:57:37,897 INFO - Processing DEN message (at simulation time 78.249,992,534 s)
2020-05-23 21:57:37,897 DEBUG - Handle Environment Warning Message. Processing...
2020-05-23 21:57:37,897 INFO - Route already changed (at simulation time 78.249,992,534 s)
2020-05-23 21:57:37,911 INFO - Sensor Ice event detected (at simulation time 79.000,000,000 s)
2020-05-23 21:57:37,911 DEBUG - Position: GeoPoint{lat|lon=[40.811720,-73.961370]} (at simulation time 79.000,000,000 s)
2020-05-23 21:57:37,911 DEBUG - Event strength to: 1 (at simulation time 79.000,000,000 s)
2020-05-23 21:57:37,911 DEBUG - SensorType to: Ice (at simulation time 79.000,000,000 s)
2020-05-23 21:57:37,911 DEBUG - RoadId on which the event take place: 195743140_1506591534_42428844 (at simulation time 79.000,000,000 s)
2020-05-23 21:57:37,911 INFO - Sending DENM (at simulation time 79.000,000,000 s)
2020-05-23 21:57:37,915 INFO - Processing DEN message (at simulation time 79.284,105,231 s)
2020-05-23 21:57:37,915 DEBUG - Handle Environment Warning Message. Processing...
2020-05-23 21:57:37,915 INFO - Route already changed (at simulation time 79.284,105,231 s)
2020-05-23 21:57:37,918 DEBUG - No Sensor/Event detected (at simulation time 80.000,000,000 s)
2020-05-23 21:57:37,928 INFO - Received message from cell from WeatherServer (at simulation time 80.415,802,110 s)
2020-05-23 21:57:37,928 INFO - Processing DEN message (at simulation time 80.415,802,110 s)
2020-05-23 21:57:37,928 DEBUG - Handle Environment Warning Message. Processing...
2020-05-23 21:57:37,928 INFO - Route already changed (at simulation time 80.415,802,110 s)
2020-05-23 21:57:37,933 DEBUG - No Sensor/Event detected (at simulation time 81.000,000,000 s)
2020-05-23 21:57:37,939 DEBUG - No Sensor/Event detected (at simulation time 82.000,000,000 s)
2020-05-23 21:57:37,946 INFO - Received message from cell from WeatherServer (at simulation time 82.301,996,826 s)
2020-05-23 21:57:37,946 INFO - Processing DEN message (at simulation time 82.301,996,826 s)
2020-05-23 21:57:37,946 DEBUG - Handle Environment Warning Message. Processing...
2020-05-23 21:57:37,946 INFO - Route already changed (at simulation time 82.301,996,826 s)
2020-05-23 21:57:37,948 DEBUG - No Sensor/Event detected (at simulation time 83.000,000,000 s)
2020-05-23 21:57:37,954 INFO - Processing DEN message (at simulation time 83.207,380,182 s)
2020-05-23 21:57:37,954 DEBUG - Handle Environment Warning Message. Processing...
2020-05-23 21:57:37,954 INFO - Route already changed (at simulation time 83.207,380,182 s)
2020-05-23 21:57:37,958 DEBUG - No Sensor/Event detected (at simulation time 84.000,000,000 s)
2020-05-23 21:57:37,964 INFO - Processing DEN message (at simulation time 84.173,630,545 s)
2020-05-23 21:57:37,964 DEBUG - Handle Environment Warning Message. Processing...
2020-05-23 21:57:37,964 INFO - Route already changed (at simulation time 84.173,630,545 s)
2020-05-23 21:57:37,964 INFO - Received message from cell from WeatherServer (at simulation time 84.183,314,035 s)
2020-05-23 21:57:37,964 INFO - Processing DEN message (at simulation time 84.183,314,035 s)
2020-05-23 21:57:37,964 DEBUG - Handle Environment Warning Message. Processing...
2020-05-23 21:57:37,964 INFO - Route already changed (at simulation time 84.183,314,035 s)
2020-05-23 21:57:37,967 DEBUG - No Sensor/Event detected (at simulation time 85.000,000,000 s)
2020-05-23 21:57:37,973 INFO - Processing DEN message (at simulation time 85.310,987,529 s)
2020-05-23 21:57:37,973 DEBUG - Handle Environment Warning Message. Processing...
2020-05-23 21:57:37,973 INFO - Route already changed (at simulation time 85.310,987,529 s)
2020-05-23 21:57:37,975 DEBUG - No Sensor/Event detected (at simulation time 86.000,000,000 s)
2020-05-23 21:57:37,980 INFO - Received message from cell from WeatherServer (at simulation time 86.436,076,416 s)
2020-05-23 21:57:37,980 INFO - Processing DEN message (at simulation time 86.436,076,416 s)
2020-05-23 21:57:37,980 DEBUG - Handle Environment Warning Message. Processing...
2020-05-23 21:57:37,980 INFO - Route already changed (at simulation time 86.436,076,416 s)
2020-05-23 21:57:37,982 DEBUG - No Sensor/Event detected (at simulation time 87.000,000,000 s)
2020-05-23 21:57:37,986 DEBUG - No Sensor/Event detected (at simulation time 88.000,000,000 s)
2020-05-23 21:57:37,992 INFO - Received message from cell from WeatherServer (at simulation time 88.383,010,058 s)
2020-05-23 21:57:37,992 INFO - Processing DEN message (at simulation time 88.383,010,058 s)
2020-05-23 21:57:37,992 DEBUG - Handle Environment Warning Message. Processing...
2020-05-23 21:57:37,992 INFO - Route already changed (at simulation time 88.383,010,058 s)
2020-05-23 21:57:37,994 DEBUG - No Sensor/Event detected (at simulation time 89.000,000,000 s)
2020-05-23 21:57:37,998 DEBUG - No Sensor/Event detected (at simulation time 90.000,000,000 s)
2020-05-23 21:57:38,004 INFO - Received message from cell from WeatherServer (at simulation time 90.440,552,098 s)
2020-05-23 21:57:38,004 INFO - Processing DEN message (at simulation time 90.440,552,098 s)
2020-05-23 21:57:38,004 DEBUG - Handle Environment Warning Message. Processing...
2020-05-23 21:57:38,004 INFO - Route already changed (at simulation time 90.440,552,098 s)
2020-05-23 21:57:38,006 DEBUG - No Sensor/Event detected (at simulation time 91.000,000,000 s)
2020-05-23 21:57:38,010 DEBUG - No Sensor/Event detected (at simulation time 92.000,000,000 s)
2020-05-23 21:57:38,012 INFO - Received message from cell from WeatherServer (at simulation time 92.169,130,130 s)
2020-05-23 21:57:38,012 INFO - Processing DEN message (at simulation time 92.169,130,130 s)
2020-05-23 21:57:38,012 DEBUG - Handle Environment Warning Message. Processing...
2020-05-23 21:57:38,012 INFO - Route already changed (at simulation time 92.169,130,130 s)
2020-05-23 21:57:38,014 DEBUG - No Sensor/Event detected (at simulation time 93.000,000,000 s)
2020-05-23 21:57:38,016 DEBUG - No Sensor/Event detected (at simulation time 94.000,000,000 s)
2020-05-23 21:57:38,022 INFO - Received message from cell from WeatherServer (at simulation time 94.478,254,876 s)
2020-05-23 21:57:38,022 INFO - Processing DEN message (at simulation time 94.478,254,876 s)
2020-05-23 21:57:38,022 DEBUG - Handle Environment Warning Message. Processing...
2020-05-23 21:57:38,022 INFO - Route already changed (at simulation time 94.478,254,876 s)
2020-05-23 21:57:38,026 DEBUG - No Sensor/Event detected (at simulation time 95.000,000,000 s)
2020-05-23 21:57:38,032 INFO - Processing DEN message (at simulation time 95.138,482,106 s)
2020-05-23 21:57:38,032 DEBUG - Handle Environment Warning Message. Processing...
2020-05-23 21:57:38,032 INFO - Route already changed (at simulation time 95.138,482,106 s)
2020-05-23 21:57:38,075 DEBUG - No Sensor/Event detected (at simulation time 96.000,000,000 s)
2020-05-23 21:57:38,148 INFO - Received message from cell from WeatherServer (at simulation time 96.312,438,939 s)
2020-05-23 21:57:38,148 INFO - Processing DEN message (at simulation time 96.312,438,939 s)
2020-05-23 21:57:38,148 DEBUG - Handle Environment Warning Message. Processing...
2020-05-23 21:57:38,148 INFO - Route already changed (at simulation time 96.312,438,939 s)
2020-05-23 21:57:38,148 INFO - Processing DEN message (at simulation time 96.328,604,060 s)
2020-05-23 21:57:38,148 DEBUG - Handle Environment Warning Message. Processing...
2020-05-23 21:57:38,148 INFO - Route already changed (at simulation time 96.328,604,060 s)
2020-05-23 21:57:38,154 DEBUG - No Sensor/Event detected (at simulation time 97.000,000,000 s)
2020-05-23 21:57:38,160 INFO - Processing DEN message (at simulation time 97.324,611,387 s)
2020-05-23 21:57:38,160 DEBUG - Handle Environment Warning Message. Processing...
2020-05-23 21:57:38,160 INFO - Route already changed (at simulation time 97.324,611,387 s)
2020-05-23 21:57:38,162 DEBUG - No Sensor/Event detected (at simulation time 98.000,000,000 s)
2020-05-23 21:57:38,169 INFO - Received message from cell from WeatherServer (at simulation time 98.206,368,597 s)
2020-05-23 21:57:38,169 INFO - Processing DEN message (at simulation time 98.206,368,597 s)
2020-05-23 21:57:38,169 DEBUG - Handle Environment Warning Message. Processing...
2020-05-23 21:57:38,169 INFO - Route already changed (at simulation time 98.206,368,597 s)
2020-05-23 21:57:38,172 DEBUG - No Sensor/Event detected (at simulation time 99.000,000,000 s)
2020-05-23 21:57:38,175 DEBUG - No Sensor/Event detected (at simulation time 100.000,000,000 s)
2020-05-23 21:57:38,181 INFO - Received message from cell from WeatherServer (at simulation time 100.432,917,028 s)
2020-05-23 21:57:38,181 INFO - Processing DEN message (at simulation time 100.432,917,028 s)
2020-05-23 21:57:38,181 DEBUG - Handle Environment Warning Message. Processing...
2020-05-23 21:57:38,181 INFO - Route already changed (at simulation time 100.432,917,028 s)
2020-05-23 21:57:38,184 DEBUG - No Sensor/Event detected (at simulation time 101.000,000,000 s)
2020-05-23 21:57:38,187 INFO - Shutdown application (at simulation time 102.000,000,000 s)
