2020-05-23 21:57:36,314 WARN - Could not check operating system of Application. Skipping check.
2020-05-23 21:57:36,316 DEBUG - Successfully instantiated the class com.columbia.vsimrti.applications.lasalle.vehicle.LasalleWeatherWarningAppCell
2020-05-23 21:57:36,316 DEBUG - Successfully instantiated the class com.columbia.vsimrti.applications.lasalle.vehicle.LasalleSlowDownApp
2020-05-23 21:57:36,316 DEBUG - #tearUp at simulation time 14.000,000,000 s
2020-05-23 21:57:36,323 DEBUG - #preProcessEvent at simulation time 14.000,000,000 s with resource class VehicleInfo and nice -99999900
2020-05-23 21:57:36,345 DEBUG - #preProcessEvent at simulation time 14.214,116,905 s with resource class ReceivedV2XMessage and nice -99999100
2020-05-23 21:57:36,346 DEBUG - NavigationModule#calculateRoutes: Calculate routes to [RoutingPosition [position=GeoPoint{lat|lon=[40.810505,-73.961977]}, connectionID=null, nodeID=null, heading=null]] with params [RoutingParameters [numAlternativeRoutes=0, routingCostFunction=com.dcaiti.vsimrti.lib.routing.util.ReRouteSpecificConnectionsCostFunction@6d4a05f7, considerTurnCosts=false]]
2020-05-23 21:57:36,438 DEBUG - NavigationModule#switchRoute: Initiated route switch to [5481847054,5481847055,6791817303,6791817302,6791817304,561035342,2541754741,42421857,1506616204,42428850,6886295091,1506591534,42428844,1506591536,1504153604]
2020-05-23 21:57:36,438 INFO - NavigationModule#switchRoute: Stay on route 1
2020-05-23 21:57:36,448 DEBUG - #preProcessEvent at simulation time 15.000,000,000 s with resource class VehicleInfo and nice -99999800
2020-05-23 21:57:36,503 DEBUG - #preProcessEvent at simulation time 16.000,000,000 s with resource class VehicleInfo and nice -99999800
2020-05-23 21:57:36,531 DEBUG - #preProcessEvent at simulation time 16.284,011,927 s with resource class ReceivedV2XMessage and nice -99999100
2020-05-23 21:57:36,538 DEBUG - #preProcessEvent at simulation time 17.000,000,000 s with resource class VehicleInfo and nice -99999800
2020-05-23 21:57:36,566 DEBUG - #preProcessEvent at simulation time 18.000,000,000 s with resource class VehicleInfo and nice -99999800
2020-05-23 21:57:36,582 DEBUG - #preProcessEvent at simulation time 18.212,045,745 s with resource class ReceivedV2XMessage and nice -99999100
2020-05-23 21:57:36,594 DEBUG - #preProcessEvent at simulation time 19.000,000,000 s with resource class VehicleInfo and nice -99999800
2020-05-23 21:57:36,614 DEBUG - #preProcessEvent at simulation time 20.000,000,000 s with resource class VehicleInfo and nice -99999800
2020-05-23 21:57:36,683 DEBUG - #preProcessEvent at simulation time 20.272,407,514 s with resource class ReceivedV2XMessage and nice -99999100
2020-05-23 21:57:36,706 DEBUG - #preProcessEvent at simulation time 21.000,000,000 s with resource class VehicleInfo and nice -99999800
2020-05-23 21:57:36,721 DEBUG - #preProcessEvent at simulation time 22.000,000,000 s with resource class VehicleInfo and nice -99999800
2020-05-23 21:57:36,737 DEBUG - #preProcessEvent at simulation time 22.236,818,250 s with resource class ReceivedV2XMessage and nice -99999100
2020-05-23 21:57:36,742 DEBUG - #preProcessEvent at simulation time 23.000,000,000 s with resource class VehicleInfo and nice -99999800
2020-05-23 21:57:36,748 DEBUG - #preProcessEvent at simulation time 24.000,000,000 s with resource class VehicleInfo and nice -99999800
2020-05-23 21:57:36,785 DEBUG - #preProcessEvent at simulation time 24.134,771,017 s with resource class ReceivedV2XMessage and nice -99999100
2020-05-23 21:57:36,789 DEBUG - #preProcessEvent at simulation time 25.000,000,000 s with resource class VehicleInfo and nice -99999800
2020-05-23 21:57:36,800 DEBUG - #preProcessEvent at simulation time 26.000,000,000 s with resource class VehicleInfo and nice -99999800
2020-05-23 21:57:36,812 DEBUG - #preProcessEvent at simulation time 26.233,339,725 s with resource class ReceivedV2XMessage and nice -99999100
2020-05-23 21:57:36,816 DEBUG - #preProcessEvent at simulation time 27.000,000,000 s with resource class VehicleInfo and nice -99999800
2020-05-23 21:57:36,822 DEBUG - #preProcessEvent at simulation time 28.000,000,000 s with resource class VehicleInfo and nice -99999800
2020-05-23 21:57:36,833 DEBUG - #preProcessEvent at simulation time 28.331,093,889 s with resource class ReceivedV2XMessage and nice -99999100
2020-05-23 21:57:36,835 DEBUG - #preProcessEvent at simulation time 29.000,000,000 s with resource class VehicleInfo and nice -99999800
2020-05-23 21:57:36,848 DEBUG - #preProcessEvent at simulation time 30.000,000,000 s with resource class VehicleInfo and nice -99999800
2020-05-23 21:57:36,937 DEBUG - #preProcessEvent at simulation time 30.183,693,282 s with resource class ReceivedV2XMessage and nice -99999100
2020-05-23 21:57:36,945 DEBUG - #preProcessEvent at simulation time 31.000,000,000 s with resource class VehicleInfo and nice -99999800
2020-05-23 21:57:36,959 DEBUG - #preProcessEvent at simulation time 32.000,000,000 s with resource class VehicleInfo and nice -99999800
2020-05-23 21:57:36,974 DEBUG - #preProcessEvent at simulation time 32.359,194,362 s with resource class ReceivedV2XMessage and nice -99999100
2020-05-23 21:57:36,986 DEBUG - #preProcessEvent at simulation time 33.000,000,000 s with resource class VehicleInfo and nice -99999800
2020-05-23 21:57:36,992 DEBUG - #preProcessEvent at simulation time 34.000,000,000 s with resource class VehicleInfo and nice -99999800
2020-05-23 21:57:37,001 DEBUG - #preProcessEvent at simulation time 34.263,764,669 s with resource class ReceivedV2XMessage and nice -99999100
2020-05-23 21:57:37,012 DEBUG - #preProcessEvent at simulation time 35.000,000,000 s with resource class VehicleInfo and nice -99999800
2020-05-23 21:57:37,019 DEBUG - #preProcessEvent at simulation time 36.000,000,000 s with resource class VehicleInfo and nice -99999800
2020-05-23 21:57:37,028 DEBUG - #preProcessEvent at simulation time 36.263,089,632 s with resource class ReceivedV2XMessage and nice -99999100
2020-05-23 21:57:37,041 DEBUG - #preProcessEvent at simulation time 37.000,000,000 s with resource class VehicleInfo and nice -99999800
2020-05-23 21:57:37,057 DEBUG - #preProcessEvent at simulation time 38.000,000,000 s with resource class VehicleInfo and nice -99999800
2020-05-23 21:57:37,091 DEBUG - #preProcessEvent at simulation time 38.225,831,309 s with resource class ReceivedV2XMessage and nice -99999100
2020-05-23 21:57:37,101 DEBUG - #preProcessEvent at simulation time 39.000,000,000 s with resource class VehicleInfo and nice -99999800
2020-05-23 21:57:37,111 DEBUG - #preProcessEvent at simulation time 40.000,000,000 s with resource class VehicleInfo and nice -99999800
2020-05-23 21:57:37,127 DEBUG - #preProcessEvent at simulation time 40.219,483,907 s with resource class ReceivedV2XMessage and nice -99999100
2020-05-23 21:57:37,133 DEBUG - #preProcessEvent at simulation time 41.000,000,000 s with resource class VehicleInfo and nice -99999800
2020-05-23 21:57:37,143 DEBUG - #preProcessEvent at simulation time 42.000,000,000 s with resource class VehicleInfo and nice -99999800
2020-05-23 21:57:37,157 DEBUG - #preProcessEvent at simulation time 42.654,634,598 s with resource class ReceivedV2XMessage and nice -99999100
2020-05-23 21:57:37,161 DEBUG - #preProcessEvent at simulation time 43.000,000,000 s with resource class VehicleInfo and nice -99999800
2020-05-23 21:57:37,168 DEBUG - #preProcessEvent at simulation time 44.000,000,000 s with resource class VehicleInfo and nice -99999800
2020-05-23 21:57:37,179 DEBUG - #preProcessEvent at simulation time 44.355,543,079 s with resource class ReceivedV2XMessage and nice -99999100
2020-05-23 21:57:37,185 DEBUG - #preProcessEvent at simulation time 45.000,000,000 s with resource class VehicleInfo and nice -99999800
2020-05-23 21:57:37,194 DEBUG - #preProcessEvent at simulation time 46.000,000,000 s with resource class VehicleInfo and nice -99999800
2020-05-23 21:57:37,202 DEBUG - #preProcessEvent at simulation time 46.333,067,621 s with resource class ReceivedV2XMessage and nice -99999100
2020-05-23 21:57:37,207 DEBUG - #preProcessEvent at simulation time 47.000,000,000 s with resource class VehicleInfo and nice -99999800
2020-05-23 21:57:37,221 DEBUG - #preProcessEvent at simulation time 48.000,000,000 s with resource class VehicleInfo and nice -99999800
2020-05-23 21:57:37,234 DEBUG - #preProcessEvent at simulation time 48.261,384,330 s with resource class ReceivedV2XMessage and nice -99999100
2020-05-23 21:57:37,258 DEBUG - #preProcessEvent at simulation time 49.000,000,000 s with resource class VehicleInfo and nice -99999800
2020-05-23 21:57:37,319 DEBUG - #preProcessEvent at simulation time 50.000,000,000 s with resource class VehicleInfo and nice -99999800
2020-05-23 21:57:37,345 DEBUG - #preProcessEvent at simulation time 50.174,290,906 s with resource class ReceivedV2XMessage and nice -99999100
2020-05-23 21:57:37,347 DEBUG - #preProcessEvent at simulation time 50.227,782,973 s with resource class ReceivedV2XMessage and nice -99999100
2020-05-23 21:57:37,352 DEBUG - #preProcessEvent at simulation time 51.000,000,000 s with resource class VehicleInfo and nice -99999800
2020-05-23 21:57:37,358 DEBUG - #preProcessEvent at simulation time 51.391,529,482 s with resource class ReceivedV2XMessage and nice -99999100
2020-05-23 21:57:37,363 DEBUG - #preProcessEvent at simulation time 52.000,000,000 s with resource class VehicleInfo and nice -99999800
2020-05-23 21:57:37,374 DEBUG - #preProcessEvent at simulation time 52.182,513,623 s with resource class ReceivedV2XMessage and nice -99999100
2020-05-23 21:57:37,379 DEBUG - #preProcessEvent at simulation time 52.321,368,204 s with resource class ReceivedV2XMessage and nice -99999100
2020-05-23 21:57:37,382 DEBUG - #preProcessEvent at simulation time 53.000,000,000 s with resource class VehicleInfo and nice -99999800
2020-05-23 21:57:37,388 DEBUG - #preProcessEvent at simulation time 53.237,113,377 s with resource class ReceivedV2XMessage and nice -99999100
2020-05-23 21:57:37,392 DEBUG - #preProcessEvent at simulation time 54.000,000,000 s with resource class VehicleInfo and nice -99999800
2020-05-23 21:57:37,401 DEBUG - #preProcessEvent at simulation time 54.264,014,851 s with resource class ReceivedV2XMessage and nice -99999100
2020-05-23 21:57:37,406 DEBUG - #preProcessEvent at simulation time 55.000,000,000 s with resource class VehicleInfo and nice -99999800
2020-05-23 21:57:37,415 DEBUG - #preProcessEvent at simulation time 56.000,000,000 s with resource class VehicleInfo and nice -99999800
2020-05-23 21:57:37,459 DEBUG - #preProcessEvent at simulation time 56.261,429,796 s with resource class ReceivedV2XMessage and nice -99999100
2020-05-23 21:57:37,523 DEBUG - #preProcessEvent at simulation time 57.000,000,000 s with resource class VehicleInfo and nice -99999800
2020-05-23 21:57:37,530 DEBUG - #preProcessEvent at simulation time 58.000,000,000 s with resource class VehicleInfo and nice -99999800
2020-05-23 21:57:37,542 DEBUG - #preProcessEvent at simulation time 58.271,197,242 s with resource class ReceivedV2XMessage and nice -99999100
2020-05-23 21:57:37,549 DEBUG - #preProcessEvent at simulation time 59.000,000,000 s with resource class VehicleInfo and nice -99999800
2020-05-23 21:57:37,557 DEBUG - #preProcessEvent at simulation time 60.000,000,000 s with resource class VehicleInfo and nice -99999800
2020-05-23 21:57:37,566 DEBUG - #preProcessEvent at simulation time 60.341,222,973 s with resource class ReceivedV2XMessage and nice -99999100
2020-05-23 21:57:37,570 DEBUG - #preProcessEvent at simulation time 61.000,000,000 s with resource class VehicleInfo and nice -99999800
2020-05-23 21:57:37,576 DEBUG - #preProcessEvent at simulation time 62.000,000,000 s with resource class VehicleInfo and nice -99999800
2020-05-23 21:57:37,582 DEBUG - #preProcessEvent at simulation time 62.406,474,900 s with resource class ReceivedV2XMessage and nice -99999100
2020-05-23 21:57:37,585 DEBUG - #preProcessEvent at simulation time 63.000,000,000 s with resource class VehicleInfo and nice -99999800
2020-05-23 21:57:37,592 DEBUG - #preProcessEvent at simulation time 63.280,269,783 s with resource class ReceivedV2XMessage and nice -99999100
2020-05-23 21:57:37,595 DEBUG - #preProcessEvent at simulation time 64.000,000,000 s with resource class VehicleInfo and nice -99999800
2020-05-23 21:57:37,608 DEBUG - #preProcessEvent at simulation time 64.290,661,988 s with resource class ReceivedV2XMessage and nice -99999100
2020-05-23 21:57:37,609 DEBUG - #preProcessEvent at simulation time 64.402,026,564 s with resource class ReceivedV2XMessage and nice -99999100
2020-05-23 21:57:37,612 DEBUG - #preProcessEvent at simulation time 65.000,000,000 s with resource class VehicleInfo and nice -99999800
2020-05-23 21:57:37,618 DEBUG - #preProcessEvent at simulation time 65.196,666,279 s with resource class ReceivedV2XMessage and nice -99999100
2020-05-23 21:57:37,621 DEBUG - #preProcessEvent at simulation time 66.000,000,000 s with resource class VehicleInfo and nice -99999800
2020-05-23 21:57:37,628 DEBUG - #preProcessEvent at simulation time 66.315,390,534 s with resource class ReceivedV2XMessage and nice -99999100
2020-05-23 21:57:37,639 DEBUG - #preProcessEvent at simulation time 67.000,000,000 s with resource class VehicleInfo and nice -99999800
2020-05-23 21:57:37,652 DEBUG - #preProcessEvent at simulation time 68.000,000,000 s with resource class VehicleInfo and nice -99999800
2020-05-23 21:57:37,748 DEBUG - #preProcessEvent at simulation time 68.178,602,326 s with resource class ReceivedV2XMessage and nice -99999100
2020-05-23 21:57:37,752 DEBUG - #preProcessEvent at simulation time 69.000,000,000 s with resource class VehicleInfo and nice -99999800
2020-05-23 21:57:37,759 DEBUG - #preProcessEvent at simulation time 70.000,000,000 s with resource class VehicleInfo and nice -99999800
2020-05-23 21:57:37,768 DEBUG - #preProcessEvent at simulation time 70.362,185,805 s with resource class ReceivedV2XMessage and nice -99999100
2020-05-23 21:57:37,773 DEBUG - #preProcessEvent at simulation time 71.000,000,000 s with resource class VehicleInfo and nice -99999800
2020-05-23 21:57:37,777 DEBUG - #preProcessEvent at simulation time 72.000,000,000 s with resource class VehicleInfo and nice -99999800
2020-05-23 21:57:37,784 DEBUG - #preProcessEvent at simulation time 72.404,599,439 s with resource class ReceivedV2XMessage and nice -99999100
2020-05-23 21:57:37,787 DEBUG - #preProcessEvent at simulation time 73.000,000,000 s with resource class VehicleInfo and nice -99999800
2020-05-23 21:57:37,797 DEBUG - #preProcessEvent at simulation time 74.000,000,000 s with resource class VehicleInfo and nice -99999800
2020-05-23 21:57:37,804 DEBUG - #preProcessEvent at simulation time 74.368,533,042 s with resource class ReceivedV2XMessage and nice -99999100
2020-05-23 21:57:37,809 DEBUG - #preProcessEvent at simulation time 75.000,000,000 s with resource class VehicleInfo and nice -99999800
2020-05-23 21:57:37,814 DEBUG - #preProcessEvent at simulation time 76.000,000,000 s with resource class VehicleInfo and nice -99999800
2020-05-23 21:57:37,819 DEBUG - #preProcessEvent at simulation time 76.296,891,556 s with resource class ReceivedV2XMessage and nice -99999100
2020-05-23 21:57:37,824 DEBUG - #preProcessEvent at simulation time 77.000,000,000 s with resource class VehicleInfo and nice -99999800
2020-05-23 21:57:37,830 DEBUG - #preProcessEvent at simulation time 77.376,820,159 s with resource class ReceivedV2XMessage and nice -99999100
2020-05-23 21:57:37,833 DEBUG - #preProcessEvent at simulation time 78.000,000,000 s with resource class VehicleInfo and nice -99999800
2020-05-23 21:57:37,888 DEBUG - #preProcessEvent at simulation time 78.133,572,425 s with resource class ReceivedV2XMessage and nice -99999100
2020-05-23 21:57:37,897 DEBUG - #preProcessEvent at simulation time 78.249,992,534 s with resource class ReceivedV2XMessage and nice -99999100
2020-05-23 21:57:37,910 DEBUG - #preProcessEvent at simulation time 79.000,000,000 s with resource class VehicleInfo and nice -99999800
2020-05-23 21:57:37,915 DEBUG - #preProcessEvent at simulation time 79.284,105,231 s with resource class ReceivedV2XMessage and nice -99999100
2020-05-23 21:57:37,918 DEBUG - #preProcessEvent at simulation time 80.000,000,000 s with resource class VehicleInfo and nice -99999800
2020-05-23 21:57:37,928 DEBUG - #preProcessEvent at simulation time 80.415,802,110 s with resource class ReceivedV2XMessage and nice -99999100
2020-05-23 21:57:37,933 DEBUG - #preProcessEvent at simulation time 81.000,000,000 s with resource class VehicleInfo and nice -99999800
2020-05-23 21:57:37,939 DEBUG - #preProcessEvent at simulation time 82.000,000,000 s with resource class VehicleInfo and nice -99999800
2020-05-23 21:57:37,946 DEBUG - #preProcessEvent at simulation time 82.301,996,826 s with resource class ReceivedV2XMessage and nice -99999100
2020-05-23 21:57:37,948 DEBUG - #preProcessEvent at simulation time 83.000,000,000 s with resource class VehicleInfo and nice -99999800
2020-05-23 21:57:37,954 DEBUG - #preProcessEvent at simulation time 83.207,380,182 s with resource class ReceivedV2XMessage and nice -99999100
2020-05-23 21:57:37,958 DEBUG - #preProcessEvent at simulation time 84.000,000,000 s with resource class VehicleInfo and nice -99999800
2020-05-23 21:57:37,964 DEBUG - #preProcessEvent at simulation time 84.173,630,545 s with resource class ReceivedV2XMessage and nice -99999100
2020-05-23 21:57:37,964 DEBUG - #preProcessEvent at simulation time 84.183,314,035 s with resource class ReceivedV2XMessage and nice -99999100
2020-05-23 21:57:37,967 DEBUG - #preProcessEvent at simulation time 85.000,000,000 s with resource class VehicleInfo and nice -99999800
2020-05-23 21:57:37,973 DEBUG - #preProcessEvent at simulation time 85.310,987,529 s with resource class ReceivedV2XMessage and nice -99999100
2020-05-23 21:57:37,975 DEBUG - #preProcessEvent at simulation time 86.000,000,000 s with resource class VehicleInfo and nice -99999800
2020-05-23 21:57:37,980 DEBUG - #preProcessEvent at simulation time 86.436,076,416 s with resource class ReceivedV2XMessage and nice -99999100
2020-05-23 21:57:37,982 DEBUG - #preProcessEvent at simulation time 87.000,000,000 s with resource class VehicleInfo and nice -99999800
2020-05-23 21:57:37,986 DEBUG - #preProcessEvent at simulation time 88.000,000,000 s with resource class VehicleInfo and nice -99999800
2020-05-23 21:57:37,992 DEBUG - #preProcessEvent at simulation time 88.383,010,058 s with resource class ReceivedV2XMessage and nice -99999100
2020-05-23 21:57:37,994 DEBUG - #preProcessEvent at simulation time 89.000,000,000 s with resource class VehicleInfo and nice -99999800
2020-05-23 21:57:37,998 DEBUG - #preProcessEvent at simulation time 90.000,000,000 s with resource class VehicleInfo and nice -99999800
2020-05-23 21:57:38,004 DEBUG - #preProcessEvent at simulation time 90.440,552,098 s with resource class ReceivedV2XMessage and nice -99999100
2020-05-23 21:57:38,006 DEBUG - #preProcessEvent at simulation time 91.000,000,000 s with resource class VehicleInfo and nice -99999800
2020-05-23 21:57:38,010 DEBUG - #preProcessEvent at simulation time 92.000,000,000 s with resource class VehicleInfo and nice -99999800
2020-05-23 21:57:38,012 DEBUG - #preProcessEvent at simulation time 92.169,130,130 s with resource class ReceivedV2XMessage and nice -99999100
2020-05-23 21:57:38,014 DEBUG - #preProcessEvent at simulation time 93.000,000,000 s with resource class VehicleInfo and nice -99999800
2020-05-23 21:57:38,016 DEBUG - #preProcessEvent at simulation time 94.000,000,000 s with resource class VehicleInfo and nice -99999800
2020-05-23 21:57:38,022 DEBUG - #preProcessEvent at simulation time 94.478,254,876 s with resource class ReceivedV2XMessage and nice -99999100
2020-05-23 21:57:38,026 DEBUG - #preProcessEvent at simulation time 95.000,000,000 s with resource class VehicleInfo and nice -99999800
2020-05-23 21:57:38,032 DEBUG - #preProcessEvent at simulation time 95.138,482,106 s with resource class ReceivedV2XMessage and nice -99999100
2020-05-23 21:57:38,075 DEBUG - #preProcessEvent at simulation time 96.000,000,000 s with resource class VehicleInfo and nice -99999800
2020-05-23 21:57:38,148 DEBUG - #preProcessEvent at simulation time 96.312,438,939 s with resource class ReceivedV2XMessage and nice -99999100
2020-05-23 21:57:38,148 DEBUG - #preProcessEvent at simulation time 96.328,604,060 s with resource class ReceivedV2XMessage and nice -99999100
2020-05-23 21:57:38,154 DEBUG - #preProcessEvent at simulation time 97.000,000,000 s with resource class VehicleInfo and nice -99999800
2020-05-23 21:57:38,160 DEBUG - #preProcessEvent at simulation time 97.324,611,387 s with resource class ReceivedV2XMessage and nice -99999100
2020-05-23 21:57:38,162 DEBUG - #preProcessEvent at simulation time 98.000,000,000 s with resource class VehicleInfo and nice -99999800
2020-05-23 21:57:38,168 DEBUG - #preProcessEvent at simulation time 98.206,368,597 s with resource class ReceivedV2XMessage and nice -99999100
2020-05-23 21:57:38,172 DEBUG - #preProcessEvent at simulation time 99.000,000,000 s with resource class VehicleInfo and nice -99999800
2020-05-23 21:57:38,175 DEBUG - #preProcessEvent at simulation time 100.000,000,000 s with resource class VehicleInfo and nice -99999800
2020-05-23 21:57:38,181 DEBUG - #preProcessEvent at simulation time 100.432,917,028 s with resource class ReceivedV2XMessage and nice -99999100
2020-05-23 21:57:38,184 DEBUG - #preProcessEvent at simulation time 101.000,000,000 s with resource class VehicleInfo and nice -99999800
2020-05-23 21:57:38,187 DEBUG - #tearDown at simulation time 102.000,000,000 s
