2020-05-23 21:55:49,467 INFO  SumoGUIAmbassador - File found, read successfully.
The following object was created (This is the created, internal JSON data object and might differ from the initial JSON-String read).
The normal string representation.
{"updateInterval":1000,"sumoConfigurationFile":"Barnim.sumo.cfg","exitOnInsertionError":true,"additionalSumoParameters":" --time-to-teleport 0  --seed 100000","trafficFlowMeasurementWindowInS":300}
The pretty string representation.
{
  "updateInterval": 1000,
  "sumoConfigurationFile": "Barnim.sumo.cfg",
  "exitOnInsertionError": true,
  "additionalSumoParameters": " --time-to-teleport 0  --seed 100000",
  "trafficFlowMeasurementWindowInS": 300
}
2020-05-23 21:55:49,467 INFO  SumoGUIAmbassador - cSumo.updateInterval: 1000
2020-05-23 21:55:49,467 INFO  SumoGUIAmbassador - cSumo.sumoConfigurationFile: Barnim.sumo.cfg
2020-05-23 21:55:49,467 INFO  SumoGUIAmbassador - cSumo.sumoConfigurationFile: Barnim.sumo.cfg
2020-05-23 21:55:49,489 INFO  SumoGUIAmbassador - routeFilename: Barnim.rou.xml
2020-05-23 21:55:49,503 INFO  SumoGUIAmbassador - stepSize: 1.0
2020-05-23 21:55:56,589 INFO  SumoGUIAmbassador - Start Federate local
2020-05-23 21:55:56,589 INFO  SumoGUIAmbassador - Directory: ./tmp/sumo
2020-05-23 21:55:56,619 WARN  SumoGUIAmbassador - Error while connecting to SUMO. Retrying.
2020-05-23 21:55:57,626 INFO  SumoGUIAmbassador - Process SumoAmbassador : Loading configuration... done.
2020-05-23 21:56:02,668 INFO  SumoGUIAmbassador - Current API version of SUMO is 20 (=SUMO 1.2.0/1.3.0)
2020-05-23 21:56:02,814 INFO  SumoGUIAmbassador - AddedVehicle "veh_0" received at simulation time 5000000000 ns
2020-05-23 21:56:02,828 INFO  SumoGUIAmbassador - Adding new vehicle "veh_0" at simulation time 5000000000 ns (type=Car,routeId=1,laneId=0,departPos=0.0)
2020-05-23 21:56:02,858 INFO  SumoGUIAmbassador - AddedVehicle "veh_1" received at simulation time 7000000000 ns
2020-05-23 21:56:02,858 INFO  SumoGUIAmbassador - Adding new vehicle "veh_1" at simulation time 7000000000 ns (type=Car,routeId=1,laneId=1,departPos=0.0)
2020-05-23 21:56:02,869 INFO  SumoGUIAmbassador - AddedVehicle "veh_2" received at simulation time 9000000000 ns
2020-05-23 21:56:02,869 INFO  SumoGUIAmbassador - Adding new vehicle "veh_2" at simulation time 9000000000 ns (type=Car,routeId=1,laneId=0,departPos=0.0)
2020-05-23 21:56:02,896 INFO  SumoGUIAmbassador - AddedVehicle "veh_3" received at simulation time 11000000000 ns
2020-05-23 21:56:02,897 INFO  SumoGUIAmbassador - Adding new vehicle "veh_3" at simulation time 11000000000 ns (type=Car,routeId=1,laneId=1,departPos=0.0)
2020-05-23 21:56:02,911 INFO  SumoGUIAmbassador - AddedVehicle "veh_4" received at simulation time 13000000000 ns
2020-05-23 21:56:02,911 INFO  SumoGUIAmbassador - Adding new vehicle "veh_4" at simulation time 13000000000 ns (type=electricCar,routeId=1,laneId=0,departPos=0.0)
2020-05-23 21:56:03,148 INFO  SumoGUIAmbassador - AddedVehicle "veh_5" received at simulation time 15000000000 ns
2020-05-23 21:56:03,252 INFO  SumoGUIAmbassador - Adding new vehicle "veh_5" at simulation time 15000000000 ns (type=Car,routeId=1,laneId=1,departPos=0.0)
2020-05-23 21:56:03,289 INFO  SumoGUIAmbassador - AddedVehicle "veh_6" received at simulation time 17000000000 ns
2020-05-23 21:56:03,289 INFO  SumoGUIAmbassador - Adding new vehicle "veh_6" at simulation time 17000000000 ns (type=Car,routeId=1,laneId=0,departPos=0.0)
2020-05-23 21:56:03,308 INFO  SumoGUIAmbassador - AddedVehicle "veh_7" received at simulation time 19000000000 ns
2020-05-23 21:56:03,308 INFO  SumoGUIAmbassador - Adding new vehicle "veh_7" at simulation time 19000000000 ns (type=Car,routeId=1,laneId=1,departPos=0.0)
2020-05-23 21:56:03,374 INFO  SumoGUIAmbassador - AddedVehicle "veh_8" received at simulation time 21000000000 ns
2020-05-23 21:56:03,374 INFO  SumoGUIAmbassador - Adding new vehicle "veh_8" at simulation time 21000000000 ns (type=Car,routeId=1,laneId=0,departPos=0.0)
2020-05-23 21:56:03,394 INFO  SumoGUIAmbassador - AddedVehicle "veh_9" received at simulation time 23000000000 ns
2020-05-23 21:56:03,394 INFO  SumoGUIAmbassador - Adding new vehicle "veh_9" at simulation time 23000000000 ns (type=Car,routeId=1,laneId=1,departPos=0.0)
2020-05-23 21:56:03,411 INFO  SumoGUIAmbassador - AddedVehicle "veh_10" received at simulation time 25000000000 ns
2020-05-23 21:56:03,430 INFO  SumoGUIAmbassador - Adding new vehicle "veh_10" at simulation time 25000000000 ns (type=Car,routeId=1,laneId=0,departPos=0.0)
2020-05-23 21:56:03,480 INFO  SumoGUIAmbassador - AddedVehicle "veh_11" received at simulation time 27000000000 ns
2020-05-23 21:56:03,482 INFO  SumoGUIAmbassador - Adding new vehicle "veh_11" at simulation time 27000000000 ns (type=Car,routeId=1,laneId=1,departPos=0.0)
2020-05-23 21:56:03,504 INFO  SumoGUIAmbassador - AddedVehicle "veh_12" received at simulation time 29000000000 ns
2020-05-23 21:56:03,504 INFO  SumoGUIAmbassador - Adding new vehicle "veh_12" at simulation time 29000000000 ns (type=Car,routeId=1,laneId=0,departPos=0.0)
2020-05-23 21:56:03,564 INFO  SumoGUIAmbassador - AddedVehicle "veh_13" received at simulation time 31000000000 ns
2020-05-23 21:56:03,564 INFO  SumoGUIAmbassador - Adding new vehicle "veh_13" at simulation time 31000000000 ns (type=Car,routeId=1,laneId=1,departPos=0.0)
2020-05-23 21:56:03,597 INFO  SumoGUIAmbassador - AddedVehicle "veh_14" received at simulation time 33000000000 ns
2020-05-23 21:56:03,598 INFO  SumoGUIAmbassador - Adding new vehicle "veh_14" at simulation time 33000000000 ns (type=Car,routeId=1,laneId=0,departPos=0.0)
2020-05-23 21:56:03,616 INFO  SumoGUIAmbassador - AddedVehicle "veh_15" received at simulation time 35000000000 ns
2020-05-23 21:56:03,629 INFO  SumoGUIAmbassador - Adding new vehicle "veh_15" at simulation time 35000000000 ns (type=electricCar,routeId=1,laneId=1,departPos=0.0)
2020-05-23 21:56:03,651 INFO  SumoGUIAmbassador - AddedVehicle "veh_16" received at simulation time 37000000000 ns
2020-05-23 21:56:03,652 INFO  SumoGUIAmbassador - Adding new vehicle "veh_16" at simulation time 37000000000 ns (type=Car,routeId=1,laneId=0,departPos=0.0)
2020-05-23 21:56:03,671 INFO  SumoGUIAmbassador - AddedVehicle "veh_17" received at simulation time 39000000000 ns
2020-05-23 21:56:03,671 INFO  SumoGUIAmbassador - Adding new vehicle "veh_17" at simulation time 39000000000 ns (type=Car,routeId=1,laneId=1,departPos=0.0)
2020-05-23 21:56:03,777 INFO  SumoGUIAmbassador - AddedVehicle "veh_18" received at simulation time 41000000000 ns
2020-05-23 21:56:03,777 INFO  SumoGUIAmbassador - Adding new vehicle "veh_18" at simulation time 41000000000 ns (type=Car,routeId=1,laneId=0,departPos=0.0)
2020-05-23 21:56:03,800 INFO  SumoGUIAmbassador - AddedVehicle "veh_19" received at simulation time 43000000000 ns
2020-05-23 21:56:03,800 INFO  SumoGUIAmbassador - Adding new vehicle "veh_19" at simulation time 43000000000 ns (type=Car,routeId=1,laneId=1,departPos=0.0)
2020-05-23 21:56:03,830 INFO  SumoGUIAmbassador - AddedVehicle "veh_20" received at simulation time 45000000000 ns
2020-05-23 21:56:03,848 INFO  SumoGUIAmbassador - Adding new vehicle "veh_20" at simulation time 45000000000 ns (type=Car,routeId=1,laneId=0,departPos=0.0)
2020-05-23 21:56:03,888 INFO  SumoGUIAmbassador - AddedVehicle "veh_21" received at simulation time 47000000000 ns
2020-05-23 21:56:03,888 INFO  SumoGUIAmbassador - Adding new vehicle "veh_21" at simulation time 47000000000 ns (type=Car,routeId=1,laneId=1,departPos=0.0)
2020-05-23 21:56:03,944 INFO  SumoGUIAmbassador - AddedVehicle "veh_22" received at simulation time 49000000000 ns
2020-05-23 21:56:03,945 INFO  SumoGUIAmbassador - Adding new vehicle "veh_22" at simulation time 49000000000 ns (type=Car,routeId=1,laneId=0,departPos=0.0)
2020-05-23 21:56:03,981 INFO  SumoGUIAmbassador - AddedVehicle "veh_23" received at simulation time 51000000000 ns
2020-05-23 21:56:03,982 INFO  SumoGUIAmbassador - Adding new vehicle "veh_23" at simulation time 51000000000 ns (type=Car,routeId=1,laneId=1,departPos=0.0)
2020-05-23 21:56:04,004 INFO  SumoGUIAmbassador - AddedVehicle "veh_24" received at simulation time 53000000000 ns
2020-05-23 21:56:04,004 INFO  SumoGUIAmbassador - Adding new vehicle "veh_24" at simulation time 53000000000 ns (type=electricCar,routeId=1,laneId=0,departPos=0.0)
2020-05-23 21:56:04,029 INFO  SumoGUIAmbassador - AddedVehicle "veh_25" received at simulation time 55000000000 ns
2020-05-23 21:56:04,042 INFO  SumoGUIAmbassador - Adding new vehicle "veh_25" at simulation time 55000000000 ns (type=Car,routeId=1,laneId=1,departPos=0.0)
2020-05-23 21:56:04,101 INFO  SumoGUIAmbassador - AddedVehicle "veh_26" received at simulation time 57000000000 ns
2020-05-23 21:56:04,101 INFO  SumoGUIAmbassador - Adding new vehicle "veh_26" at simulation time 57000000000 ns (type=Car,routeId=1,laneId=0,departPos=0.0)
2020-05-23 21:56:04,152 INFO  SumoGUIAmbassador - AddedVehicle "veh_27" received at simulation time 59000000000 ns
2020-05-23 21:56:04,152 INFO  SumoGUIAmbassador - Adding new vehicle "veh_27" at simulation time 59000000000 ns (type=Car,routeId=1,laneId=1,departPos=0.0)
2020-05-23 21:56:04,188 INFO  SumoGUIAmbassador - AddedVehicle "veh_28" received at simulation time 61000000000 ns
2020-05-23 21:56:04,189 INFO  SumoGUIAmbassador - Adding new vehicle "veh_28" at simulation time 61000000000 ns (type=Car,routeId=1,laneId=0,departPos=0.0)
2020-05-23 21:56:04,218 INFO  SumoGUIAmbassador - AddedVehicle "veh_29" received at simulation time 63000000000 ns
2020-05-23 21:56:04,218 INFO  SumoGUIAmbassador - Adding new vehicle "veh_29" at simulation time 63000000000 ns (type=Car,routeId=1,laneId=1,departPos=0.0)
2020-05-23 21:56:04,242 INFO  SumoGUIAmbassador - AddedVehicle "veh_30" received at simulation time 65000000000 ns
2020-05-23 21:56:04,261 INFO  SumoGUIAmbassador - Adding new vehicle "veh_30" at simulation time 65000000000 ns (type=Car,routeId=1,laneId=0,departPos=0.0)
2020-05-23 21:56:04,294 INFO  SumoGUIAmbassador - AddedVehicle "veh_31" received at simulation time 67000000000 ns
2020-05-23 21:56:04,295 INFO  SumoGUIAmbassador - Adding new vehicle "veh_31" at simulation time 67000000000 ns (type=Car,routeId=1,laneId=1,departPos=0.0)
2020-05-23 21:56:04,378 INFO  SumoGUIAmbassador - AddedVehicle "veh_32" received at simulation time 69000000000 ns
2020-05-23 21:56:04,378 INFO  SumoGUIAmbassador - Adding new vehicle "veh_32" at simulation time 69000000000 ns (type=Car,routeId=1,laneId=0,departPos=0.0)
2020-05-23 21:56:04,418 INFO  SumoGUIAmbassador - AddedVehicle "veh_33" received at simulation time 71000000000 ns
2020-05-23 21:56:04,418 INFO  SumoGUIAmbassador - Adding new vehicle "veh_33" at simulation time 71000000000 ns (type=Car,routeId=1,laneId=1,departPos=0.0)
2020-05-23 21:56:04,451 INFO  SumoGUIAmbassador - AddedVehicle "veh_34" received at simulation time 73000000000 ns
2020-05-23 21:56:04,452 INFO  SumoGUIAmbassador - Adding new vehicle "veh_34" at simulation time 73000000000 ns (type=electricCar,routeId=1,laneId=0,departPos=0.0)
2020-05-23 21:56:04,481 INFO  SumoGUIAmbassador - AddedVehicle "veh_35" received at simulation time 75000000000 ns
2020-05-23 21:56:04,495 INFO  SumoGUIAmbassador - Adding new vehicle "veh_35" at simulation time 75000000000 ns (type=Car,routeId=1,laneId=1,departPos=0.0)
2020-05-23 21:56:04,549 INFO  SumoGUIAmbassador - AddedVehicle "veh_36" received at simulation time 77000000000 ns
2020-05-23 21:56:04,549 INFO  SumoGUIAmbassador - Adding new vehicle "veh_36" at simulation time 77000000000 ns (type=Car,routeId=1,laneId=0,departPos=0.0)
2020-05-23 21:56:04,576 INFO  SumoGUIAmbassador - AddedVehicle "veh_37" received at simulation time 79000000000 ns
2020-05-23 21:56:04,576 INFO  SumoGUIAmbassador - Adding new vehicle "veh_37" at simulation time 79000000000 ns (type=Car,routeId=1,laneId=1,departPos=0.0)
2020-05-23 21:56:04,598 INFO  SumoGUIAmbassador - Receive ChangeSpeed request at simulation time 80.0 s: vehicleId="veh_0", targetSpeed=6.94444465637207m/s, interval=5000ms
2020-05-23 21:56:04,632 INFO  SumoGUIAmbassador - AddedVehicle "veh_38" received at simulation time 81000000000 ns
2020-05-23 21:56:04,632 INFO  SumoGUIAmbassador - Adding new vehicle "veh_38" at simulation time 81000000000 ns (type=Car,routeId=1,laneId=0,departPos=0.0)
2020-05-23 21:56:04,652 INFO  SumoGUIAmbassador - Receive ChangeSpeed request at simulation time 82.0 s: vehicleId="veh_1", targetSpeed=6.94444465637207m/s, interval=5000ms
2020-05-23 21:56:04,666 INFO  SumoGUIAmbassador - AddedVehicle "veh_39" received at simulation time 83000000000 ns
2020-05-23 21:56:04,666 INFO  SumoGUIAmbassador - Adding new vehicle "veh_39" at simulation time 83000000000 ns (type=Car,routeId=1,laneId=1,departPos=0.0)
2020-05-23 21:56:04,842 INFO  SumoGUIAmbassador - Receive ChangeSpeed request at simulation time 84.0 s: vehicleId="veh_2", targetSpeed=6.94444465637207m/s, interval=5000ms
2020-05-23 21:56:05,079 INFO  SumoGUIAmbassador - Receive ChangeStaticRoute request at simulation time 84.004 s: vehicleId="veh_22", newRouteId=2, current edge: 322230107_3290027832_39933927_3290027832
2020-05-23 21:56:05,144 INFO  SumoGUIAmbassador - Receive ChangeStaticRoute request at simulation time 84.005 s: vehicleId="veh_27", newRouteId=3, current edge: 4067968_28830219_3290027832_599826230
2020-05-23 21:56:05,200 INFO  SumoGUIAmbassador - Receive ChangeStaticRoute request at simulation time 84.005 s: vehicleId="veh_32", newRouteId=4, current edge: 4067968_28830219_3290027832_267925251
2020-05-23 21:56:05,244 INFO  SumoGUIAmbassador - Receive ChangeStaticRoute request at simulation time 84.007 s: vehicleId="veh_37", newRouteId=5, current edge: 4067968_28830219_3290027832_2450938914
2020-05-23 21:56:05,263 INFO  SumoGUIAmbassador - AddedVehicle "veh_40" received at simulation time 85000000000 ns
2020-05-23 21:56:05,281 INFO  SumoGUIAmbassador - Adding new vehicle "veh_40" at simulation time 85000000000 ns (type=Car,routeId=1,laneId=0,departPos=0.0)
2020-05-23 21:56:05,346 INFO  SumoGUIAmbassador - Receive ChangeSpeed request at simulation time 86.0 s: vehicleId="veh_3", targetSpeed=6.94444465637207m/s, interval=5000ms
2020-05-23 21:56:05,380 INFO  SumoGUIAmbassador - AddedVehicle "veh_41" received at simulation time 87000000000 ns
2020-05-23 21:56:05,382 INFO  SumoGUIAmbassador - Adding new vehicle "veh_41" at simulation time 87000000000 ns (type=Car,routeId=1,laneId=1,departPos=0.0)
2020-05-23 21:56:05,402 INFO  SumoGUIAmbassador - Receive ChangeSpeed request at simulation time 88.0 s: vehicleId="veh_4", targetSpeed=6.94444465637207m/s, interval=5000ms
2020-05-23 21:56:05,420 INFO  SumoGUIAmbassador - AddedVehicle "veh_42" received at simulation time 89000000000 ns
2020-05-23 21:56:05,424 INFO  SumoGUIAmbassador - Adding new vehicle "veh_42" at simulation time 89000000000 ns (type=Car,routeId=1,laneId=0,departPos=0.0)
2020-05-23 21:56:05,460 INFO  SumoGUIAmbassador - Receive ChangeSpeed request at simulation time 90.0 s: vehicleId="veh_5", targetSpeed=6.94444465637207m/s, interval=5000ms
2020-05-23 21:56:05,581 INFO  SumoGUIAmbassador - AddedVehicle "veh_43" received at simulation time 91000000000 ns
2020-05-23 21:56:05,628 INFO  SumoGUIAmbassador - Receive ChangeStaticRoute request at simulation time 91.007 s: vehicleId="veh_42", newRouteId=5, current edge: 4067968_28830219_3290027832_2450938914
2020-05-23 21:56:05,629 INFO  SumoGUIAmbassador - Adding new vehicle "veh_43" at simulation time 91000000000 ns (type=Car,routeId=1,laneId=1,departPos=0.0)
2020-05-23 21:56:05,651 INFO  SumoGUIAmbassador - Receive ChangeSpeed request at simulation time 92.0 s: vehicleId="veh_6", targetSpeed=6.94444465637207m/s, interval=5000ms
2020-05-23 21:56:05,684 INFO  SumoGUIAmbassador - AddedVehicle "veh_44" received at simulation time 93000000000 ns
2020-05-23 21:56:05,687 INFO  SumoGUIAmbassador - Adding new vehicle "veh_44" at simulation time 93000000000 ns (type=electricCar,routeId=1,laneId=0,departPos=0.0)
2020-05-23 21:56:05,818 INFO  SumoGUIAmbassador - Receive ChangeSpeed request at simulation time 94.0 s: vehicleId="veh_7", targetSpeed=6.94444465637207m/s, interval=5000ms
2020-05-23 21:56:05,875 INFO  SumoGUIAmbassador - AddedVehicle "veh_45" received at simulation time 95000000000 ns
2020-05-23 21:56:05,967 INFO  SumoGUIAmbassador - Adding new vehicle "veh_45" at simulation time 95000000000 ns (type=Car,routeId=1,laneId=1,departPos=0.0)
2020-05-23 21:56:06,034 INFO  SumoGUIAmbassador - Receive ChangeSpeed request at simulation time 96.0 s: vehicleId="veh_8", targetSpeed=6.94444465637207m/s, interval=5000ms
2020-05-23 21:56:06,073 INFO  SumoGUIAmbassador - AddedVehicle "veh_46" received at simulation time 97000000000 ns
2020-05-23 21:56:06,076 INFO  SumoGUIAmbassador - Adding new vehicle "veh_46" at simulation time 97000000000 ns (type=Car,routeId=1,laneId=0,departPos=0.0)
2020-05-23 21:56:06,096 INFO  SumoGUIAmbassador - Receive ChangeSpeed request at simulation time 98.0 s: vehicleId="veh_9", targetSpeed=6.94444465637207m/s, interval=5000ms
2020-05-23 21:56:06,231 INFO  SumoGUIAmbassador - AddedVehicle "veh_47" received at simulation time 99000000000 ns
2020-05-23 21:56:06,233 INFO  SumoGUIAmbassador - Adding new vehicle "veh_47" at simulation time 99000000000 ns (type=Car,routeId=1,laneId=1,departPos=0.0)
2020-05-23 21:56:06,275 INFO  SumoGUIAmbassador - Receive ChangeSpeed request at simulation time 100.0 s: vehicleId="veh_10", targetSpeed=6.94444465637207m/s, interval=5000ms
2020-05-23 21:56:06,311 INFO  SumoGUIAmbassador - AddedVehicle "veh_48" received at simulation time 101000000000 ns
2020-05-23 21:56:06,312 INFO  SumoGUIAmbassador - Adding new vehicle "veh_48" at simulation time 101000000000 ns (type=Car,routeId=1,laneId=0,departPos=0.0)
2020-05-23 21:56:06,393 INFO  SumoGUIAmbassador - Receive ChangeSpeed request at simulation time 102.0 s: vehicleId="veh_11", targetSpeed=6.94444465637207m/s, interval=5000ms
2020-05-23 21:56:06,414 INFO  SumoGUIAmbassador - AddedVehicle "veh_49" received at simulation time 103000000000 ns
2020-05-23 21:56:06,415 INFO  SumoGUIAmbassador - Adding new vehicle "veh_49" at simulation time 103000000000 ns (type=Car,routeId=1,laneId=1,departPos=0.0)
2020-05-23 21:56:06,436 INFO  SumoGUIAmbassador - Receive ChangeSpeed request at simulation time 104.0 s: vehicleId="veh_12", targetSpeed=6.94444465637207m/s, interval=5000ms
2020-05-23 21:56:06,476 INFO  SumoGUIAmbassador - AddedVehicle "veh_50" received at simulation time 105000000000 ns
2020-05-23 21:56:06,507 INFO  SumoGUIAmbassador - Adding new vehicle "veh_50" at simulation time 105000000000 ns (type=Car,routeId=1,laneId=0,departPos=0.0)
2020-05-23 21:56:06,547 INFO  SumoGUIAmbassador - Receive ChangeSpeed request at simulation time 106.0 s: vehicleId="veh_13", targetSpeed=6.94444465637207m/s, interval=5000ms
2020-05-23 21:56:06,641 INFO  SumoGUIAmbassador - AddedVehicle "veh_51" received at simulation time 107000000000 ns
2020-05-23 21:56:06,646 INFO  SumoGUIAmbassador - Adding new vehicle "veh_51" at simulation time 107000000000 ns (type=Car,routeId=1,laneId=1,departPos=0.0)
2020-05-23 21:56:06,678 INFO  SumoGUIAmbassador - Receive ChangeSpeed request at simulation time 108.0 s: vehicleId="veh_14", targetSpeed=6.94444465637207m/s, interval=5000ms
2020-05-23 21:56:06,719 INFO  SumoGUIAmbassador - AddedVehicle "veh_52" received at simulation time 109000000000 ns
2020-05-23 21:56:06,792 INFO  SumoGUIAmbassador - Adding new vehicle "veh_52" at simulation time 109000000000 ns (type=Car,routeId=1,laneId=0,departPos=0.0)
2020-05-23 21:56:06,822 INFO  SumoGUIAmbassador - Receive ChangeSpeed request at simulation time 110.0 s: vehicleId="veh_15", targetSpeed=6.94444465637207m/s, interval=5000ms
2020-05-23 21:56:06,875 INFO  SumoGUIAmbassador - AddedVehicle "veh_53" received at simulation time 111000000000 ns
2020-05-23 21:56:06,890 INFO  SumoGUIAmbassador - Adding new vehicle "veh_53" at simulation time 111000000000 ns (type=Car,routeId=1,laneId=1,departPos=0.0)
2020-05-23 21:56:06,957 INFO  SumoGUIAmbassador - Receive ChangeSpeed request at simulation time 112.0 s: vehicleId="veh_16", targetSpeed=6.94444465637207m/s, interval=5000ms
2020-05-23 21:56:07,012 INFO  SumoGUIAmbassador - AddedVehicle "veh_54" received at simulation time 113000000000 ns
2020-05-23 21:56:07,014 INFO  SumoGUIAmbassador - Adding new vehicle "veh_54" at simulation time 113000000000 ns (type=Car,routeId=1,laneId=0,departPos=0.0)
2020-05-23 21:56:07,042 INFO  SumoGUIAmbassador - Receive ChangeSpeed request at simulation time 114.0 s: vehicleId="veh_17", targetSpeed=6.94444465637207m/s, interval=5000ms
2020-05-23 21:56:07,070 INFO  SumoGUIAmbassador - AddedVehicle "veh_55" received at simulation time 115000000000 ns
2020-05-23 21:56:07,088 INFO  SumoGUIAmbassador - Adding new vehicle "veh_55" at simulation time 115000000000 ns (type=electricCar,routeId=1,laneId=1,departPos=0.0)
2020-05-23 21:56:07,146 INFO  SumoGUIAmbassador - Receive ChangeSpeed request at simulation time 116.0 s: vehicleId="veh_18", targetSpeed=6.94444465637207m/s, interval=5000ms
2020-05-23 21:56:07,242 INFO  SumoGUIAmbassador - AddedVehicle "veh_56" received at simulation time 117000000000 ns
2020-05-23 21:56:07,245 INFO  SumoGUIAmbassador - Adding new vehicle "veh_56" at simulation time 117000000000 ns (type=Car,routeId=1,laneId=0,departPos=0.0)
2020-05-23 21:56:07,277 INFO  SumoGUIAmbassador - Receive ChangeSpeed request at simulation time 118.0 s: vehicleId="veh_19", targetSpeed=6.94444465637207m/s, interval=5000ms
2020-05-23 21:56:07,340 INFO  SumoGUIAmbassador - AddedVehicle "veh_57" received at simulation time 119000000000 ns
2020-05-23 21:56:07,412 INFO  SumoGUIAmbassador - Adding new vehicle "veh_57" at simulation time 119000000000 ns (type=Car,routeId=1,laneId=1,departPos=0.0)
2020-05-23 21:56:07,455 INFO  SumoGUIAmbassador - Receive ChangeSpeed request at simulation time 120.0 s: vehicleId="veh_20", targetSpeed=6.94444465637207m/s, interval=5000ms
2020-05-23 21:56:07,506 INFO  SumoGUIAmbassador - AddedVehicle "veh_58" received at simulation time 121000000000 ns
2020-05-23 21:56:07,508 INFO  SumoGUIAmbassador - Adding new vehicle "veh_58" at simulation time 121000000000 ns (type=Car,routeId=1,laneId=0,departPos=0.0)
2020-05-23 21:56:07,534 INFO  SumoGUIAmbassador - Receive ChangeSpeed request at simulation time 122.0 s: vehicleId="veh_21", targetSpeed=6.94444465637207m/s, interval=5000ms
2020-05-23 21:56:07,649 INFO  SumoGUIAmbassador - AddedVehicle "veh_59" received at simulation time 123000000000 ns
2020-05-23 21:56:07,650 INFO  SumoGUIAmbassador - Adding new vehicle "veh_59" at simulation time 123000000000 ns (type=Car,routeId=1,laneId=1,departPos=0.0)
2020-05-23 21:56:07,866 INFO  SumoGUIAmbassador - AddedVehicle "veh_60" received at simulation time 125000000000 ns
2020-05-23 21:56:07,957 INFO  SumoGUIAmbassador - Adding new vehicle "veh_60" at simulation time 125000000000 ns (type=Car,routeId=1,laneId=0,departPos=0.0)
2020-05-23 21:56:07,999 INFO  SumoGUIAmbassador - Receive ChangeSpeed request at simulation time 126.0 s: vehicleId="veh_23", targetSpeed=6.94444465637207m/s, interval=5000ms
2020-05-23 21:56:08,058 INFO  SumoGUIAmbassador - AddedVehicle "veh_61" received at simulation time 127000000000 ns
2020-05-23 21:56:08,112 INFO  SumoGUIAmbassador - Adding new vehicle "veh_61" at simulation time 127000000000 ns (type=Car,routeId=1,laneId=1,departPos=0.0)
2020-05-23 21:56:08,141 INFO  SumoGUIAmbassador - Receive ChangeSpeed request at simulation time 128.0 s: vehicleId="veh_24", targetSpeed=6.94444465637207m/s, interval=5000ms
2020-05-23 21:56:08,167 INFO  SumoGUIAmbassador - AddedVehicle "veh_62" received at simulation time 129000000000 ns
2020-05-23 21:56:08,169 INFO  SumoGUIAmbassador - Adding new vehicle "veh_62" at simulation time 129000000000 ns (type=Car,routeId=1,laneId=0,departPos=0.0)
2020-05-23 21:56:08,247 INFO  SumoGUIAmbassador - Receive ChangeSpeed request at simulation time 130.0 s: vehicleId="veh_25", targetSpeed=6.94444465637207m/s, interval=5000ms
2020-05-23 21:56:08,361 INFO  SumoGUIAmbassador - AddedVehicle "veh_63" received at simulation time 131000000000 ns
2020-05-23 21:56:08,363 INFO  SumoGUIAmbassador - Adding new vehicle "veh_63" at simulation time 131000000000 ns (type=Car,routeId=1,laneId=1,departPos=0.0)
2020-05-23 21:56:08,393 INFO  SumoGUIAmbassador - Receive ChangeSpeed request at simulation time 132.0 s: vehicleId="veh_26", targetSpeed=6.94444465637207m/s, interval=5000ms
2020-05-23 21:56:08,499 INFO  SumoGUIAmbassador - AddedVehicle "veh_64" received at simulation time 133000000000 ns
2020-05-23 21:56:08,501 INFO  SumoGUIAmbassador - Adding new vehicle "veh_64" at simulation time 133000000000 ns (type=electricCar,routeId=1,laneId=0,departPos=0.0)
2020-05-23 21:56:08,645 INFO  SumoGUIAmbassador - AddedVehicle "veh_65" received at simulation time 135000000000 ns
2020-05-23 21:56:08,661 INFO  SumoGUIAmbassador - Adding new vehicle "veh_65" at simulation time 135000000000 ns (type=Car,routeId=1,laneId=1,departPos=0.0)
2020-05-23 21:56:08,718 INFO  SumoGUIAmbassador - Receive ChangeSpeed request at simulation time 136.0 s: vehicleId="veh_28", targetSpeed=6.94444465637207m/s, interval=5000ms
2020-05-23 21:56:08,864 INFO  SumoGUIAmbassador - AddedVehicle "veh_66" received at simulation time 137000000000 ns
2020-05-23 21:56:08,868 INFO  SumoGUIAmbassador - Adding new vehicle "veh_66" at simulation time 137000000000 ns (type=Car,routeId=1,laneId=0,departPos=0.0)
2020-05-23 21:56:08,914 INFO  SumoGUIAmbassador - Receive ChangeSpeed request at simulation time 138.0 s: vehicleId="veh_29", targetSpeed=6.94444465637207m/s, interval=5000ms
2020-05-23 21:56:08,978 INFO  SumoGUIAmbassador - AddedVehicle "veh_67" received at simulation time 139000000000 ns
2020-05-23 21:56:09,064 INFO  SumoGUIAmbassador - Adding new vehicle "veh_67" at simulation time 139000000000 ns (type=Car,routeId=1,laneId=1,departPos=0.0)
2020-05-23 21:56:09,099 INFO  SumoGUIAmbassador - Receive ChangeSpeed request at simulation time 140.0 s: vehicleId="veh_30", targetSpeed=6.94444465637207m/s, interval=5000ms
2020-05-23 21:56:09,162 INFO  SumoGUIAmbassador - AddedVehicle "veh_68" received at simulation time 141000000000 ns
2020-05-23 21:56:09,253 INFO  SumoGUIAmbassador - Adding new vehicle "veh_68" at simulation time 141000000000 ns (type=Car,routeId=1,laneId=0,departPos=0.0)
2020-05-23 21:56:09,284 INFO  SumoGUIAmbassador - Receive ChangeSpeed request at simulation time 142.0 s: vehicleId="veh_31", targetSpeed=6.94444465637207m/s, interval=5000ms
2020-05-23 21:56:09,317 INFO  SumoGUIAmbassador - AddedVehicle "veh_69" received at simulation time 143000000000 ns
2020-05-23 21:56:09,364 INFO  SumoGUIAmbassador - Adding new vehicle "veh_69" at simulation time 143000000000 ns (type=Car,routeId=1,laneId=1,departPos=0.0)
2020-05-23 21:56:09,421 INFO  SumoGUIAmbassador - AddedVehicle "veh_70" received at simulation time 145000000000 ns
2020-05-23 21:56:09,442 INFO  SumoGUIAmbassador - Adding new vehicle "veh_70" at simulation time 145000000000 ns (type=Car,routeId=1,laneId=0,departPos=0.0)
2020-05-23 21:56:09,478 INFO  SumoGUIAmbassador - Receive ChangeSpeed request at simulation time 146.0 s: vehicleId="veh_33", targetSpeed=6.94444465637207m/s, interval=5000ms
2020-05-23 21:56:09,509 INFO  SumoGUIAmbassador - AddedVehicle "veh_71" received at simulation time 147000000000 ns
2020-05-23 21:56:09,511 INFO  SumoGUIAmbassador - Adding new vehicle "veh_71" at simulation time 147000000000 ns (type=Car,routeId=1,laneId=1,departPos=0.0)
2020-05-23 21:56:09,599 INFO  SumoGUIAmbassador - Receive ChangeSpeed request at simulation time 148.0 s: vehicleId="veh_34", targetSpeed=6.94444465637207m/s, interval=5000ms
2020-05-23 21:56:09,758 INFO  SumoGUIAmbassador - AddedVehicle "veh_72" received at simulation time 149000000000 ns
2020-05-23 21:56:09,765 INFO  SumoGUIAmbassador - Adding new vehicle "veh_72" at simulation time 149000000000 ns (type=Car,routeId=1,laneId=0,departPos=0.0)
2020-05-23 21:56:09,866 INFO  SumoGUIAmbassador - Receive ChangeSpeed request at simulation time 150.0 s: vehicleId="veh_35", targetSpeed=6.94444465637207m/s, interval=5000ms
2020-05-23 21:56:10,001 INFO  SumoGUIAmbassador - AddedVehicle "veh_73" received at simulation time 151000000000 ns
2020-05-23 21:56:10,047 INFO  SumoGUIAmbassador - Adding new vehicle "veh_73" at simulation time 151000000000 ns (type=Car,routeId=1,laneId=1,departPos=0.0)
2020-05-23 21:56:10,104 INFO  SumoGUIAmbassador - Receive ChangeSpeed request at simulation time 152.0 s: vehicleId="veh_36", targetSpeed=6.94444465637207m/s, interval=5000ms
2020-05-23 21:56:10,163 INFO  SumoGUIAmbassador - AddedVehicle "veh_74" received at simulation time 153000000000 ns
2020-05-23 21:56:10,224 INFO  SumoGUIAmbassador - Adding new vehicle "veh_74" at simulation time 153000000000 ns (type=electricCar,routeId=1,laneId=0,departPos=0.0)
2020-05-23 21:56:10,283 INFO  SumoGUIAmbassador - AddedVehicle "veh_75" received at simulation time 155000000000 ns
2020-05-23 21:56:10,298 INFO  SumoGUIAmbassador - Adding new vehicle "veh_75" at simulation time 155000000000 ns (type=Car,routeId=1,laneId=1,departPos=0.0)
2020-05-23 21:56:10,364 INFO  SumoGUIAmbassador - Receive ChangeSpeed request at simulation time 156.0 s: vehicleId="veh_38", targetSpeed=6.94444465637207m/s, interval=5000ms
2020-05-23 21:56:10,427 INFO  SumoGUIAmbassador - AddedVehicle "veh_76" received at simulation time 157000000000 ns
2020-05-23 21:56:10,429 INFO  SumoGUIAmbassador - Adding new vehicle "veh_76" at simulation time 157000000000 ns (type=Car,routeId=1,laneId=0,departPos=0.0)
2020-05-23 21:56:10,464 INFO  SumoGUIAmbassador - Receive ChangeSpeed request at simulation time 158.0 s: vehicleId="veh_39", targetSpeed=6.94444465637207m/s, interval=5000ms
2020-05-23 21:56:10,490 INFO  SumoGUIAmbassador - AddedVehicle "veh_77" received at simulation time 159000000000 ns
2020-05-23 21:56:10,494 INFO  SumoGUIAmbassador - Adding new vehicle "veh_77" at simulation time 159000000000 ns (type=Car,routeId=1,laneId=1,departPos=0.0)
2020-05-23 21:56:10,615 INFO  SumoGUIAmbassador - Receive ChangeSpeed request at simulation time 160.0 s: vehicleId="veh_40", targetSpeed=6.94444465637207m/s, interval=5000ms
2020-05-23 21:56:10,742 INFO  SumoGUIAmbassador - AddedVehicle "veh_78" received at simulation time 161000000000 ns
2020-05-23 21:56:10,743 INFO  SumoGUIAmbassador - Adding new vehicle "veh_78" at simulation time 161000000000 ns (type=Car,routeId=1,laneId=0,departPos=0.0)
2020-05-23 21:56:10,850 INFO  SumoGUIAmbassador - Receive ChangeSpeed request at simulation time 162.0 s: vehicleId="veh_41", targetSpeed=6.94444465637207m/s, interval=5000ms
2020-05-23 21:56:10,943 INFO  SumoGUIAmbassador - AddedVehicle "veh_79" received at simulation time 163000000000 ns
2020-05-23 21:56:10,950 INFO  SumoGUIAmbassador - Adding new vehicle "veh_79" at simulation time 163000000000 ns (type=Car,routeId=1,laneId=1,departPos=0.0)
2020-05-23 21:56:11,141 INFO  SumoGUIAmbassador - AddedVehicle "veh_80" received at simulation time 165000000000 ns
2020-05-23 21:56:11,173 INFO  SumoGUIAmbassador - Adding new vehicle "veh_80" at simulation time 165000000000 ns (type=Car,routeId=1,laneId=0,departPos=0.0)
2020-05-23 21:56:11,251 INFO  SumoGUIAmbassador - Receive ChangeSpeed request at simulation time 166.0 s: vehicleId="veh_43", targetSpeed=6.94444465637207m/s, interval=5000ms
2020-05-23 21:56:11,437 INFO  SumoGUIAmbassador - Receive ChangeStaticRoute request at simulation time 166.004 s: vehicleId="veh_62", newRouteId=2, current edge: 322230107_3290027832_39933927_3290027832
2020-05-23 21:56:11,470 INFO  SumoGUIAmbassador - Receive ChangeStaticRoute request at simulation time 166.005 s: vehicleId="veh_67", newRouteId=3, current edge: 4067968_28830219_3290027832_599826230
2020-05-23 21:56:11,520 INFO  SumoGUIAmbassador - Receive ChangeStaticRoute request at simulation time 166.005 s: vehicleId="veh_72", newRouteId=4, current edge: 4067968_28830219_3290027832_267925251
2020-05-23 21:56:11,565 INFO  SumoGUIAmbassador - Receive ChangeStaticRoute request at simulation time 166.007 s: vehicleId="veh_77", newRouteId=5, current edge: 4067968_28830219_3290027832_2450938914
2020-05-23 21:56:11,600 INFO  SumoGUIAmbassador - AddedVehicle "veh_81" received at simulation time 167000000000 ns
2020-05-23 21:56:11,606 INFO  SumoGUIAmbassador - Adding new vehicle "veh_81" at simulation time 167000000000 ns (type=Car,routeId=1,laneId=1,departPos=0.0)
2020-05-23 21:56:11,640 INFO  SumoGUIAmbassador - Receive ChangeSpeed request at simulation time 168.0 s: vehicleId="veh_44", targetSpeed=6.94444465637207m/s, interval=5000ms
2020-05-23 21:56:11,692 INFO  SumoGUIAmbassador - AddedVehicle "veh_82" received at simulation time 169000000000 ns
2020-05-23 21:56:11,846 INFO  SumoGUIAmbassador - Adding new vehicle "veh_82" at simulation time 169000000000 ns (type=Car,routeId=1,laneId=0,departPos=0.0)
2020-05-23 21:56:11,932 INFO  SumoGUIAmbassador - Receive ChangeSpeed request at simulation time 170.0 s: vehicleId="veh_45", targetSpeed=6.94444465637207m/s, interval=5000ms
2020-05-23 21:56:12,109 INFO  SumoGUIAmbassador - AddedVehicle "veh_83" received at simulation time 171000000000 ns
2020-05-23 21:56:12,118 INFO  SumoGUIAmbassador - Adding new vehicle "veh_83" at simulation time 171000000000 ns (type=Car,routeId=1,laneId=1,departPos=0.0)
2020-05-23 21:56:12,214 INFO  SumoGUIAmbassador - Receive ChangeSpeed request at simulation time 172.0 s: vehicleId="veh_46", targetSpeed=6.94444465637207m/s, interval=5000ms
2020-05-23 21:56:12,259 INFO  SumoGUIAmbassador - Receive ChangeStaticRoute request at simulation time 172.008 s: vehicleId="veh_82", newRouteId=5, current edge: 4067968_28830219_3290027832_2450938914
2020-05-23 21:56:12,290 INFO  SumoGUIAmbassador - AddedVehicle "veh_84" received at simulation time 173000000000 ns
2020-05-23 21:56:12,325 INFO  SumoGUIAmbassador - Adding new vehicle "veh_84" at simulation time 173000000000 ns (type=electricCar,routeId=1,laneId=0,departPos=0.0)
2020-05-23 21:56:12,538 INFO  SumoGUIAmbassador - Receive ChangeSpeed request at simulation time 174.0 s: vehicleId="veh_47", targetSpeed=6.94444465637207m/s, interval=5000ms
2020-05-23 21:56:12,644 INFO  SumoGUIAmbassador - AddedVehicle "veh_85" received at simulation time 175000000000 ns
2020-05-23 21:56:12,688 INFO  SumoGUIAmbassador - Adding new vehicle "veh_85" at simulation time 175000000000 ns (type=Car,routeId=1,laneId=1,departPos=0.0)
2020-05-23 21:56:12,802 INFO  SumoGUIAmbassador - Receive ChangeSpeed request at simulation time 176.0 s: vehicleId="veh_48", targetSpeed=6.94444465637207m/s, interval=5000ms
2020-05-23 21:56:12,891 INFO  SumoGUIAmbassador - AddedVehicle "veh_86" received at simulation time 177000000000 ns
2020-05-23 21:56:12,926 INFO  SumoGUIAmbassador - Adding new vehicle "veh_86" at simulation time 177000000000 ns (type=Car,routeId=1,laneId=0,departPos=0.0)
2020-05-23 21:56:13,024 INFO  SumoGUIAmbassador - Receive ChangeSpeed request at simulation time 178.0 s: vehicleId="veh_49", targetSpeed=6.94444465637207m/s, interval=5000ms
2020-05-23 21:56:13,183 INFO  SumoGUIAmbassador - AddedVehicle "veh_87" received at simulation time 179000000000 ns
2020-05-23 21:56:13,225 INFO  SumoGUIAmbassador - Adding new vehicle "veh_87" at simulation time 179000000000 ns (type=Car,routeId=1,laneId=1,departPos=0.0)
2020-05-23 21:56:13,274 INFO  SumoGUIAmbassador - Receive ChangeSpeed request at simulation time 180.0 s: vehicleId="veh_50", targetSpeed=6.94444465637207m/s, interval=5000ms
2020-05-23 21:56:13,496 INFO  SumoGUIAmbassador - AddedVehicle "veh_88" received at simulation time 181000000000 ns
2020-05-23 21:56:13,599 INFO  SumoGUIAmbassador - Receive ChangeStaticRoute request at simulation time 181.01 s: vehicleId="veh_87", newRouteId=5, current edge: 4067968_28830219_3290027832_2450938914
2020-05-23 21:56:13,600 INFO  SumoGUIAmbassador - Adding new vehicle "veh_88" at simulation time 181000000000 ns (type=Car,routeId=1,laneId=0,departPos=0.0)
2020-05-23 21:56:13,677 INFO  SumoGUIAmbassador - Receive ChangeSpeed request at simulation time 182.0 s: vehicleId="veh_51", targetSpeed=6.94444465637207m/s, interval=5000ms
2020-05-23 21:56:13,801 INFO  SumoGUIAmbassador - AddedVehicle "veh_89" received at simulation time 183000000000 ns
2020-05-23 21:56:13,818 INFO  SumoGUIAmbassador - Adding new vehicle "veh_89" at simulation time 183000000000 ns (type=Car,routeId=1,laneId=1,departPos=0.0)
2020-05-23 21:56:13,894 INFO  SumoGUIAmbassador - Receive ChangeSpeed request at simulation time 184.0 s: vehicleId="veh_52", targetSpeed=6.94444465637207m/s, interval=5000ms
2020-05-23 21:56:14,050 INFO  SumoGUIAmbassador - AddedVehicle "veh_90" received at simulation time 185000000000 ns
2020-05-23 21:56:14,081 INFO  SumoGUIAmbassador - Adding new vehicle "veh_90" at simulation time 185000000000 ns (type=Car,routeId=1,laneId=0,departPos=0.0)
2020-05-23 21:56:14,244 INFO  SumoGUIAmbassador - Receive ChangeSpeed request at simulation time 186.0 s: vehicleId="veh_53", targetSpeed=6.94444465637207m/s, interval=5000ms
2020-05-23 21:56:14,346 INFO  SumoGUIAmbassador - AddedVehicle "veh_91" received at simulation time 187000000000 ns
2020-05-23 21:56:14,400 INFO  SumoGUIAmbassador - Adding new vehicle "veh_91" at simulation time 187000000000 ns (type=Car,routeId=1,laneId=1,departPos=0.0)
2020-05-23 21:56:14,443 INFO  SumoGUIAmbassador - Receive ChangeSpeed request at simulation time 188.0 s: vehicleId="veh_54", targetSpeed=6.94444465637207m/s, interval=5000ms
2020-05-23 21:56:14,512 INFO  SumoGUIAmbassador - AddedVehicle "veh_92" received at simulation time 189000000000 ns
2020-05-23 21:56:14,519 INFO  SumoGUIAmbassador - Adding new vehicle "veh_92" at simulation time 189000000000 ns (type=Car,routeId=1,laneId=0,departPos=0.0)
2020-05-23 21:56:14,642 INFO  SumoGUIAmbassador - Receive ChangeSpeed request at simulation time 190.0 s: vehicleId="veh_55", targetSpeed=6.94444465637207m/s, interval=5000ms
2020-05-23 21:56:14,817 INFO  SumoGUIAmbassador - AddedVehicle "veh_93" received at simulation time 191000000000 ns
2020-05-23 21:56:14,927 INFO  SumoGUIAmbassador - Adding new vehicle "veh_93" at simulation time 191000000000 ns (type=Car,routeId=1,laneId=1,departPos=0.0)
2020-05-23 21:56:14,975 INFO  SumoGUIAmbassador - Receive ChangeSpeed request at simulation time 192.0 s: vehicleId="veh_56", targetSpeed=6.94444465637207m/s, interval=5000ms
2020-05-23 21:56:15,030 INFO  SumoGUIAmbassador - AddedVehicle "veh_94" received at simulation time 193000000000 ns
2020-05-23 21:56:15,137 INFO  SumoGUIAmbassador - Adding new vehicle "veh_94" at simulation time 193000000000 ns (type=Car,routeId=1,laneId=0,departPos=0.0)
2020-05-23 21:56:15,183 INFO  SumoGUIAmbassador - Receive ChangeSpeed request at simulation time 194.0 s: vehicleId="veh_57", targetSpeed=6.94444465637207m/s, interval=5000ms
2020-05-23 21:56:15,256 INFO  SumoGUIAmbassador - AddedVehicle "veh_95" received at simulation time 195000000000 ns
2020-05-23 21:56:15,354 INFO  SumoGUIAmbassador - Adding new vehicle "veh_95" at simulation time 195000000000 ns (type=electricCar,routeId=1,laneId=1,departPos=0.0)
2020-05-23 21:56:15,421 INFO  SumoGUIAmbassador - Receive ChangeSpeed request at simulation time 196.0 s: vehicleId="veh_58", targetSpeed=6.94444465637207m/s, interval=5000ms
2020-05-23 21:56:15,501 INFO  SumoGUIAmbassador - AddedVehicle "veh_96" received at simulation time 197000000000 ns
2020-05-23 21:56:15,506 INFO  SumoGUIAmbassador - Adding new vehicle "veh_96" at simulation time 197000000000 ns (type=Car,routeId=1,laneId=0,departPos=0.0)
2020-05-23 21:56:15,600 INFO  SumoGUIAmbassador - Receive ChangeSpeed request at simulation time 198.0 s: vehicleId="veh_59", targetSpeed=6.94444465637207m/s, interval=5000ms
2020-05-23 21:56:15,688 INFO  SumoGUIAmbassador - AddedVehicle "veh_97" received at simulation time 199000000000 ns
2020-05-23 21:56:15,694 INFO  SumoGUIAmbassador - Adding new vehicle "veh_97" at simulation time 199000000000 ns (type=Car,routeId=1,laneId=1,departPos=0.0)
2020-05-23 21:56:15,770 INFO  SumoGUIAmbassador - Receive ChangeSpeed request at simulation time 200.0 s: vehicleId="veh_60", targetSpeed=6.94444465637207m/s, interval=5000ms
2020-05-23 21:56:15,967 INFO  SumoGUIAmbassador - AddedVehicle "veh_98" received at simulation time 201000000000 ns
2020-05-23 21:56:16,047 INFO  SumoGUIAmbassador - Adding new vehicle "veh_98" at simulation time 201000000000 ns (type=Car,routeId=1,laneId=0,departPos=0.0)
2020-05-23 21:56:16,090 INFO  SumoGUIAmbassador - Receive ChangeSpeed request at simulation time 202.0 s: vehicleId="veh_61", targetSpeed=6.94444465637207m/s, interval=5000ms
2020-05-23 21:56:16,146 INFO  SumoGUIAmbassador - AddedVehicle "veh_99" received at simulation time 203000000000 ns
2020-05-23 21:56:16,255 INFO  SumoGUIAmbassador - Adding new vehicle "veh_99" at simulation time 203000000000 ns (type=Car,routeId=1,laneId=1,departPos=0.0)
2020-05-23 21:56:16,384 INFO  SumoGUIAmbassador - AddedVehicle "veh_100" received at simulation time 205000000000 ns
2020-05-23 21:56:16,489 INFO  SumoGUIAmbassador - Adding new vehicle "veh_100" at simulation time 205000000000 ns (type=Car,routeId=1,laneId=0,departPos=0.0)
2020-05-23 21:56:16,586 INFO  SumoGUIAmbassador - Receive ChangeSpeed request at simulation time 206.0 s: vehicleId="veh_63", targetSpeed=6.94444465637207m/s, interval=5000ms
2020-05-23 21:56:16,630 INFO  SumoGUIAmbassador - AddedVehicle "veh_101" received at simulation time 207000000000 ns
2020-05-23 21:56:16,638 INFO  SumoGUIAmbassador - Adding new vehicle "veh_101" at simulation time 207000000000 ns (type=Car,routeId=1,laneId=1,departPos=0.0)
2020-05-23 21:56:16,694 INFO  SumoGUIAmbassador - Receive ChangeSpeed request at simulation time 208.0 s: vehicleId="veh_64", targetSpeed=6.94444465637207m/s, interval=5000ms
2020-05-23 21:56:16,862 INFO  SumoGUIAmbassador - AddedVehicle "veh_102" received at simulation time 209000000000 ns
2020-05-23 21:56:16,914 INFO  SumoGUIAmbassador - Adding new vehicle "veh_102" at simulation time 209000000000 ns (type=Car,routeId=1,laneId=0,departPos=0.0)
2020-05-23 21:56:16,962 INFO  SumoGUIAmbassador - Receive ChangeSpeed request at simulation time 210.0 s: vehicleId="veh_65", targetSpeed=6.94444465637207m/s, interval=5000ms
2020-05-23 21:56:17,130 INFO  SumoGUIAmbassador - AddedVehicle "veh_103" received at simulation time 211000000000 ns
2020-05-23 21:56:17,182 INFO  SumoGUIAmbassador - Adding new vehicle "veh_103" at simulation time 211000000000 ns (type=Car,routeId=1,laneId=1,departPos=0.0)
2020-05-23 21:56:17,231 INFO  SumoGUIAmbassador - Receive ChangeSpeed request at simulation time 212.0 s: vehicleId="veh_66", targetSpeed=6.94444465637207m/s, interval=5000ms
2020-05-23 21:56:17,271 INFO  SumoGUIAmbassador - AddedVehicle "veh_104" received at simulation time 213000000000 ns
2020-05-23 21:56:17,281 INFO  SumoGUIAmbassador - Adding new vehicle "veh_104" at simulation time 213000000000 ns (type=electricCar,routeId=1,laneId=0,departPos=0.0)
2020-05-23 21:56:17,489 INFO  SumoGUIAmbassador - AddedVehicle "veh_105" received at simulation time 215000000000 ns
2020-05-23 21:56:17,579 INFO  SumoGUIAmbassador - Adding new vehicle "veh_105" at simulation time 215000000000 ns (type=Car,routeId=1,laneId=1,departPos=0.0)
2020-05-23 21:56:17,636 INFO  SumoGUIAmbassador - Receive ChangeSpeed request at simulation time 216.0 s: vehicleId="veh_68", targetSpeed=6.94444465637207m/s, interval=5000ms
2020-05-23 21:56:17,676 INFO  SumoGUIAmbassador - AddedVehicle "veh_106" received at simulation time 217000000000 ns
2020-05-23 21:56:17,682 INFO  SumoGUIAmbassador - Adding new vehicle "veh_106" at simulation time 217000000000 ns (type=Car,routeId=1,laneId=0,departPos=0.0)
2020-05-23 21:56:17,762 INFO  SumoGUIAmbassador - Receive ChangeSpeed request at simulation time 218.0 s: vehicleId="veh_69", targetSpeed=6.94444465637207m/s, interval=5000ms
2020-05-23 21:56:17,860 INFO  SumoGUIAmbassador - AddedVehicle "veh_107" received at simulation time 219000000000 ns
2020-05-23 21:56:17,864 INFO  SumoGUIAmbassador - Adding new vehicle "veh_107" at simulation time 219000000000 ns (type=Car,routeId=1,laneId=1,departPos=0.0)
2020-05-23 21:56:17,914 INFO  SumoGUIAmbassador - Receive ChangeSpeed request at simulation time 220.0 s: vehicleId="veh_70", targetSpeed=6.94444465637207m/s, interval=5000ms
2020-05-23 21:56:18,119 INFO  SumoGUIAmbassador - AddedVehicle "veh_108" received at simulation time 221000000000 ns
2020-05-23 21:56:18,132 INFO  SumoGUIAmbassador - Adding new vehicle "veh_108" at simulation time 221000000000 ns (type=Car,routeId=1,laneId=0,departPos=0.0)
2020-05-23 21:56:18,178 INFO  SumoGUIAmbassador - Receive ChangeSpeed request at simulation time 222.0 s: vehicleId="veh_71", targetSpeed=6.94444465637207m/s, interval=5000ms
2020-05-23 21:56:18,298 INFO  SumoGUIAmbassador - AddedVehicle "veh_109" received at simulation time 223000000000 ns
2020-05-23 21:56:18,324 INFO  SumoGUIAmbassador - Adding new vehicle "veh_109" at simulation time 223000000000 ns (type=Car,routeId=1,laneId=1,departPos=0.0)
2020-05-23 21:56:18,540 INFO  SumoGUIAmbassador - AddedVehicle "veh_110" received at simulation time 225000000000 ns
2020-05-23 21:56:18,647 INFO  SumoGUIAmbassador - Adding new vehicle "veh_110" at simulation time 225000000000 ns (type=Car,routeId=1,laneId=0,departPos=0.0)
2020-05-23 21:56:18,690 INFO  SumoGUIAmbassador - Receive ChangeSpeed request at simulation time 226.0 s: vehicleId="veh_73", targetSpeed=6.94444465637207m/s, interval=5000ms
2020-05-23 21:56:18,811 INFO  SumoGUIAmbassador - AddedVehicle "veh_111" received at simulation time 227000000000 ns
2020-05-23 21:56:18,856 INFO  SumoGUIAmbassador - Adding new vehicle "veh_111" at simulation time 227000000000 ns (type=Car,routeId=1,laneId=1,departPos=0.0)
2020-05-23 21:56:18,909 INFO  SumoGUIAmbassador - Receive ChangeSpeed request at simulation time 228.0 s: vehicleId="veh_74", targetSpeed=6.94444465637207m/s, interval=5000ms
2020-05-23 21:56:19,013 INFO  SumoGUIAmbassador - AddedVehicle "veh_112" received at simulation time 229000000000 ns
2020-05-23 21:56:19,063 INFO  SumoGUIAmbassador - Adding new vehicle "veh_112" at simulation time 229000000000 ns (type=Car,routeId=1,laneId=0,departPos=0.0)
2020-05-23 21:56:19,115 INFO  SumoGUIAmbassador - Receive ChangeSpeed request at simulation time 230.0 s: vehicleId="veh_75", targetSpeed=6.94444465637207m/s, interval=5000ms
2020-05-23 21:56:19,201 INFO  SumoGUIAmbassador - AddedVehicle "veh_113" received at simulation time 231000000000 ns
2020-05-23 21:56:19,285 INFO  SumoGUIAmbassador - Adding new vehicle "veh_113" at simulation time 231000000000 ns (type=Car,routeId=1,laneId=1,departPos=0.0)
2020-05-23 21:56:19,375 INFO  SumoGUIAmbassador - Receive ChangeSpeed request at simulation time 232.0 s: vehicleId="veh_76", targetSpeed=6.94444465637207m/s, interval=5000ms
2020-05-23 21:56:19,463 INFO  SumoGUIAmbassador - AddedVehicle "veh_114" received at simulation time 233000000000 ns
2020-05-23 21:56:19,467 INFO  SumoGUIAmbassador - Adding new vehicle "veh_114" at simulation time 233000000000 ns (type=Car,routeId=1,laneId=0,departPos=0.0)
2020-05-23 21:56:19,654 INFO  SumoGUIAmbassador - AddedVehicle "veh_115" received at simulation time 235000000000 ns
2020-05-23 21:56:19,679 INFO  SumoGUIAmbassador - Adding new vehicle "veh_115" at simulation time 235000000000 ns (type=electricCar,routeId=1,laneId=1,departPos=0.0)
2020-05-23 21:56:19,803 INFO  SumoGUIAmbassador - Receive ChangeSpeed request at simulation time 236.0 s: vehicleId="veh_78", targetSpeed=6.94444465637207m/s, interval=5000ms
2020-05-23 21:56:19,848 INFO  SumoGUIAmbassador - AddedVehicle "veh_116" received at simulation time 237000000000 ns
2020-05-23 21:56:19,851 INFO  SumoGUIAmbassador - Adding new vehicle "veh_116" at simulation time 237000000000 ns (type=Car,routeId=1,laneId=0,departPos=0.0)
2020-05-23 21:56:19,887 INFO  SumoGUIAmbassador - Receive ChangeSpeed request at simulation time 238.0 s: vehicleId="veh_79", targetSpeed=6.94444465637207m/s, interval=5000ms
2020-05-23 21:56:19,965 INFO  SumoGUIAmbassador - AddedVehicle "veh_117" received at simulation time 239000000000 ns
2020-05-23 21:56:20,064 INFO  SumoGUIAmbassador - Adding new vehicle "veh_117" at simulation time 239000000000 ns (type=Car,routeId=1,laneId=1,departPos=0.0)
2020-05-23 21:56:20,110 INFO  SumoGUIAmbassador - Receive ChangeSpeed request at simulation time 240.0 s: vehicleId="veh_80", targetSpeed=6.94444465637207m/s, interval=5000ms
2020-05-23 21:56:20,200 INFO  SumoGUIAmbassador - AddedVehicle "veh_118" received at simulation time 241000000000 ns
2020-05-23 21:56:20,266 INFO  SumoGUIAmbassador - Adding new vehicle "veh_118" at simulation time 241000000000 ns (type=Car,routeId=1,laneId=0,departPos=0.0)
2020-05-23 21:56:20,334 INFO  SumoGUIAmbassador - Receive ChangeSpeed request at simulation time 242.0 s: vehicleId="veh_81", targetSpeed=6.94444465637207m/s, interval=5000ms
2020-05-23 21:56:20,435 INFO  SumoGUIAmbassador - AddedVehicle "veh_119" received at simulation time 243000000000 ns
2020-05-23 21:56:20,443 INFO  SumoGUIAmbassador - Adding new vehicle "veh_119" at simulation time 243000000000 ns (type=Car,routeId=1,laneId=1,departPos=0.0)
2020-05-23 21:56:20,812 INFO  SumoGUIAmbassador - Receive ChangeSpeed request at simulation time 246.0 s: vehicleId="veh_83", targetSpeed=6.94444465637207m/s, interval=5000ms
2020-05-23 21:56:20,947 INFO  SumoGUIAmbassador - Receive ChangeSpeed request at simulation time 248.0 s: vehicleId="veh_84", targetSpeed=6.94444465637207m/s, interval=5000ms
2020-05-23 21:56:21,136 INFO  SumoGUIAmbassador - Receive ChangeSpeed request at simulation time 250.0 s: vehicleId="veh_85", targetSpeed=6.94444465637207m/s, interval=5000ms
2020-05-23 21:56:21,403 INFO  SumoGUIAmbassador - Receive ChangeSpeed request at simulation time 252.0 s: vehicleId="veh_86", targetSpeed=6.94444465637207m/s, interval=5000ms
2020-05-23 21:56:21,810 INFO  SumoGUIAmbassador - Receive ChangeSpeed request at simulation time 256.0 s: vehicleId="veh_88", targetSpeed=6.94444465637207m/s, interval=5000ms
2020-05-23 21:56:22,037 INFO  SumoGUIAmbassador - Receive ChangeSpeed request at simulation time 258.0 s: vehicleId="veh_89", targetSpeed=6.94444465637207m/s, interval=5000ms
2020-05-23 21:56:22,283 INFO  SumoGUIAmbassador - Receive ChangeStaticRoute request at simulation time 258.004 s: vehicleId="veh_112", newRouteId=3, current edge: 4067968_28830219_3290027832_599826230
2020-05-23 21:56:22,341 INFO  SumoGUIAmbassador - Receive ChangeStaticRoute request at simulation time 258.005 s: vehicleId="veh_117", newRouteId=4, current edge: 4067968_28830219_3290027832_267925251
2020-05-23 21:56:22,522 INFO  SumoGUIAmbassador - Receive ChangeSpeed request at simulation time 260.0 s: vehicleId="veh_90", targetSpeed=6.94444465637207m/s, interval=5000ms
2020-05-23 21:56:23,137 INFO  SumoGUIAmbassador - Receive ChangeSpeed request at simulation time 262.0 s: vehicleId="veh_91", targetSpeed=6.94444465637207m/s, interval=5000ms
2020-05-23 21:56:23,564 INFO  SumoGUIAmbassador - Receive ChangeSpeed request at simulation time 264.0 s: vehicleId="veh_92", targetSpeed=6.94444465637207m/s, interval=5000ms
2020-05-23 21:56:23,979 INFO  SumoGUIAmbassador - Receive ChangeSpeed request at simulation time 266.0 s: vehicleId="veh_93", targetSpeed=6.94444465637207m/s, interval=5000ms
2020-05-23 21:56:24,380 INFO  SumoGUIAmbassador - Receive ChangeSpeed request at simulation time 268.0 s: vehicleId="veh_94", targetSpeed=6.94444465637207m/s, interval=5000ms
2020-05-23 21:56:24,774 INFO  SumoGUIAmbassador - Receive ChangeSpeed request at simulation time 270.0 s: vehicleId="veh_95", targetSpeed=6.94444465637207m/s, interval=5000ms
2020-05-23 21:56:25,107 INFO  SumoGUIAmbassador - Receive ChangeSpeed request at simulation time 272.0 s: vehicleId="veh_96", targetSpeed=6.94444465637207m/s, interval=5000ms
2020-05-23 21:56:25,422 INFO  SumoGUIAmbassador - Receive ChangeSpeed request at simulation time 274.0 s: vehicleId="veh_97", targetSpeed=6.94444465637207m/s, interval=5000ms
2020-05-23 21:56:25,803 INFO  SumoGUIAmbassador - Receive ChangeSpeed request at simulation time 276.0 s: vehicleId="veh_98", targetSpeed=6.94444465637207m/s, interval=5000ms
2020-05-23 21:56:26,212 INFO  SumoGUIAmbassador - Receive ChangeSpeed request at simulation time 278.0 s: vehicleId="veh_99", targetSpeed=6.94444465637207m/s, interval=5000ms
2020-05-23 21:56:26,548 INFO  SumoGUIAmbassador - Receive ChangeSpeed request at simulation time 280.0 s: vehicleId="veh_100", targetSpeed=6.94444465637207m/s, interval=5000ms
2020-05-23 21:56:26,903 INFO  SumoGUIAmbassador - Receive ChangeSpeed request at simulation time 282.0 s: vehicleId="veh_101", targetSpeed=6.94444465637207m/s, interval=5000ms
2020-05-23 21:56:27,097 INFO  SumoGUIAmbassador - Receive ChangeSpeed request at simulation time 283.0 s: vehicleId="veh_0", targetSpeed=0.0m/s, interval=0ms
2020-05-23 21:56:27,264 INFO  SumoGUIAmbassador - Receive ChangeSpeed request at simulation time 284.0 s: vehicleId="veh_102", targetSpeed=6.94444465637207m/s, interval=5000ms
2020-05-23 21:56:27,666 INFO  SumoGUIAmbassador - Receive ChangeSpeed request at simulation time 286.0 s: vehicleId="veh_103", targetSpeed=6.94444465637207m/s, interval=5000ms
2020-05-23 21:56:28,048 INFO  SumoGUIAmbassador - Receive ChangeSpeed request at simulation time 288.0 s: vehicleId="veh_104", targetSpeed=6.94444465637207m/s, interval=5000ms
2020-05-23 21:56:28,208 INFO  SumoGUIAmbassador - Receive ChangeSpeed request at simulation time 289.0 s: vehicleId="veh_2", targetSpeed=0.0m/s, interval=0ms
2020-05-23 21:56:28,437 INFO  SumoGUIAmbassador - Receive ChangeSpeed request at simulation time 290.0 s: vehicleId="veh_105", targetSpeed=6.94444465637207m/s, interval=5000ms
2020-05-23 21:56:28,437 INFO  SumoGUIAmbassador - Receive ChangeSpeed request at simulation time 290.0 s: vehicleId="veh_1", targetSpeed=0.0m/s, interval=0ms
2020-05-23 21:56:28,773 INFO  SumoGUIAmbassador - Receive ChangeSpeed request at simulation time 292.0 s: vehicleId="veh_106", targetSpeed=6.94444465637207m/s, interval=5000ms
2020-05-23 21:56:28,872 INFO  SumoGUIAmbassador - Receive ChangeSpeed request at simulation time 293.0 s: vehicleId="veh_3", targetSpeed=0.0m/s, interval=0ms
2020-05-23 21:56:28,980 INFO  SumoGUIAmbassador - Receive ChangeSpeed request at simulation time 294.0 s: vehicleId="veh_107", targetSpeed=6.94444465637207m/s, interval=5000ms
2020-05-23 21:56:29,005 INFO  SumoGUIAmbassador - Receive ChangeSpeed request at simulation time 294.0 s: vehicleId="veh_4", targetSpeed=0.0m/s, interval=0ms
2020-05-23 21:56:29,411 INFO  SumoGUIAmbassador - Receive ChangeSpeed request at simulation time 296.0 s: vehicleId="veh_108", targetSpeed=6.94444465637207m/s, interval=5000ms
2020-05-23 21:56:29,679 INFO  SumoGUIAmbassador - Receive ChangeSpeed request at simulation time 298.0 s: vehicleId="veh_109", targetSpeed=6.94444465637207m/s, interval=5000ms
2020-05-23 21:56:29,790 INFO  SumoGUIAmbassador - Receive ChangeSpeed request at simulation time 299.0 s: vehicleId="veh_5", targetSpeed=0.0m/s, interval=0ms
2020-05-23 21:56:29,791 INFO  SumoGUIAmbassador - Receive ChangeSpeed request at simulation time 299.0 s: vehicleId="veh_6", targetSpeed=0.0m/s, interval=0ms
2020-05-23 21:56:29,855 INFO  SumoGUIAmbassador - Receive ChangeSpeed request at simulation time 300.0 s: vehicleId="veh_110", targetSpeed=6.94444465637207m/s, interval=5000ms
2020-05-23 21:56:30,176 INFO  SumoGUIAmbassador - Receive ChangeSpeed request at simulation time 302.0 s: vehicleId="veh_111", targetSpeed=6.94444465637207m/s, interval=5000ms
2020-05-23 21:56:30,180 INFO  SumoGUIAmbassador - Receive ChangeSpeed request at simulation time 302.0 s: vehicleId="veh_7", targetSpeed=0.0m/s, interval=0ms
2020-05-23 21:56:30,298 INFO  SumoGUIAmbassador - Receive ChangeSpeed request at simulation time 304.0 s: vehicleId="veh_8", targetSpeed=0.0m/s, interval=0ms
2020-05-23 21:56:30,641 INFO  SumoGUIAmbassador - Receive ChangeSpeed request at simulation time 306.0 s: vehicleId="veh_113", targetSpeed=6.94444465637207m/s, interval=5000ms
2020-05-23 21:56:30,645 INFO  SumoGUIAmbassador - Receive ChangeSpeed request at simulation time 306.0 s: vehicleId="veh_9", targetSpeed=0.0m/s, interval=0ms
2020-05-23 21:56:30,904 INFO  SumoGUIAmbassador - Receive ChangeSpeed request at simulation time 308.0 s: vehicleId="veh_114", targetSpeed=6.94444465637207m/s, interval=5000ms
2020-05-23 21:56:30,905 INFO  SumoGUIAmbassador - Receive ChangeSpeed request at simulation time 308.0 s: vehicleId="veh_10", targetSpeed=0.0m/s, interval=0ms
2020-05-23 21:56:31,160 INFO  SumoGUIAmbassador - Receive ChangeSpeed request at simulation time 310.0 s: vehicleId="veh_115", targetSpeed=6.94444465637207m/s, interval=5000ms
2020-05-23 21:56:31,328 INFO  SumoGUIAmbassador - Receive ChangeSpeed request at simulation time 311.0 s: vehicleId="veh_11", targetSpeed=0.0m/s, interval=0ms
2020-05-23 21:56:31,391 INFO  SumoGUIAmbassador - Receive ChangeSpeed request at simulation time 312.0 s: vehicleId="veh_116", targetSpeed=6.94444465637207m/s, interval=5000ms
2020-05-23 21:56:31,447 INFO  SumoGUIAmbassador - Receive ChangeSpeed request at simulation time 313.0 s: vehicleId="veh_12", targetSpeed=0.0m/s, interval=0ms
2020-05-23 21:56:31,505 INFO  SumoGUIAmbassador - Receive ChangeSpeed request at simulation time 314.0 s: vehicleId="veh_13", targetSpeed=0.0m/s, interval=0ms
2020-05-23 21:56:31,912 INFO  SumoGUIAmbassador - Receive ChangeSpeed request at simulation time 316.0 s: vehicleId="veh_118", targetSpeed=6.94444465637207m/s, interval=5000ms
2020-05-23 21:56:32,020 INFO  SumoGUIAmbassador - Receive ChangeSpeed request at simulation time 317.0 s: vehicleId="veh_14", targetSpeed=0.0m/s, interval=0ms
2020-05-23 21:56:32,113 INFO  SumoGUIAmbassador - Receive ChangeSpeed request at simulation time 318.0 s: vehicleId="veh_119", targetSpeed=6.94444465637207m/s, interval=5000ms
2020-05-23 21:56:32,213 INFO  SumoGUIAmbassador - Receive ChangeSpeed request at simulation time 319.0 s: vehicleId="veh_15", targetSpeed=0.0m/s, interval=0ms
2020-05-23 21:56:32,516 INFO  SumoGUIAmbassador - Receive ChangeSpeed request at simulation time 321.0 s: vehicleId="veh_16", targetSpeed=0.0m/s, interval=0ms
2020-05-23 21:56:32,613 INFO  SumoGUIAmbassador - Receive ChangeSpeed request at simulation time 322.0 s: vehicleId="veh_17", targetSpeed=0.0m/s, interval=0ms
2020-05-23 21:56:32,923 INFO  SumoGUIAmbassador - Receive ChangeSpeed request at simulation time 325.0 s: vehicleId="veh_18", targetSpeed=0.0m/s, interval=0ms
2020-05-23 21:56:33,187 INFO  SumoGUIAmbassador - Receive ChangeSpeed request at simulation time 327.0 s: vehicleId="veh_19", targetSpeed=0.0m/s, interval=0ms
2020-05-23 21:56:33,615 INFO  SumoGUIAmbassador - Receive ChangeSpeed request at simulation time 331.0 s: vehicleId="veh_21", targetSpeed=0.0m/s, interval=0ms
2020-05-23 21:56:33,615 INFO  SumoGUIAmbassador - Receive ChangeSpeed request at simulation time 331.0 s: vehicleId="veh_20", targetSpeed=0.0m/s, interval=0ms
2020-05-23 21:56:34,106 INFO  SumoGUIAmbassador - Receive ChangeSpeed request at simulation time 336.0 s: vehicleId="veh_24", targetSpeed=0.0m/s, interval=0ms
2020-05-23 21:56:34,106 INFO  SumoGUIAmbassador - Receive ChangeSpeed request at simulation time 336.0 s: vehicleId="veh_23", targetSpeed=0.0m/s, interval=0ms
2020-05-23 21:56:34,565 INFO  SumoGUIAmbassador - Receive ChangeSpeed request at simulation time 340.0 s: vehicleId="veh_26", targetSpeed=0.0m/s, interval=0ms
2020-05-23 21:56:34,746 INFO  SumoGUIAmbassador - Receive ChangeSpeed request at simulation time 341.0 s: vehicleId="veh_25", targetSpeed=0.0m/s, interval=0ms
2020-05-23 21:56:35,340 INFO  SumoGUIAmbassador - Receive ChangeSpeed request at simulation time 346.0 s: vehicleId="veh_29", targetSpeed=0.0m/s, interval=0ms
2020-05-23 21:56:35,342 INFO  SumoGUIAmbassador - Receive ChangeSpeed request at simulation time 346.0 s: vehicleId="veh_28", targetSpeed=0.0m/s, interval=0ms
2020-05-23 21:56:35,485 INFO  SumoGUIAmbassador - Receive ChangeSpeed request at simulation time 349.0 s: vehicleId="veh_30", targetSpeed=0.0m/s, interval=0ms
2020-05-23 21:56:35,554 INFO  SumoGUIAmbassador - Receive ChangeSpeed request at simulation time 350.0 s: vehicleId="veh_31", targetSpeed=0.0m/s, interval=0ms
2020-05-23 21:56:36,135 INFO  SumoGUIAmbassador - Receive ChangeSpeed request at simulation time 355.0 s: vehicleId="veh_33", targetSpeed=0.0m/s, interval=0ms
2020-05-23 21:56:36,269 INFO  SumoGUIAmbassador - Receive ChangeSpeed request at simulation time 356.0 s: vehicleId="veh_34", targetSpeed=0.0m/s, interval=0ms
2020-05-23 21:56:36,539 INFO  SumoGUIAmbassador - Receive ChangeSpeed request at simulation time 359.0 s: vehicleId="veh_35", targetSpeed=0.0m/s, interval=0ms
2020-05-23 21:56:36,928 INFO  SumoGUIAmbassador - Receive ChangeSpeed request at simulation time 361.0 s: vehicleId="veh_36", targetSpeed=0.0m/s, interval=0ms
2020-05-23 21:56:37,174 INFO  SumoGUIAmbassador - Receive ChangeSpeed request at simulation time 363.0 s: vehicleId="veh_38", targetSpeed=0.0m/s, interval=0ms
2020-05-23 21:56:37,347 INFO  SumoGUIAmbassador - Receive ChangeSpeed request at simulation time 365.0 s: vehicleId="veh_39", targetSpeed=0.0m/s, interval=0ms
2020-05-23 21:56:37,949 INFO  SumoGUIAmbassador - Receive ChangeSpeed request at simulation time 370.0 s: vehicleId="veh_41", targetSpeed=0.0m/s, interval=0ms
2020-05-23 21:56:37,950 INFO  SumoGUIAmbassador - Receive ChangeSpeed request at simulation time 370.0 s: vehicleId="veh_40", targetSpeed=0.0m/s, interval=0ms
2020-05-23 21:56:38,471 INFO  TraciSimulationFacade - Removed vehicle "veh_22" at simulation time 374000000000ns
2020-05-23 21:56:38,720 INFO  SumoGUIAmbassador - Receive ChangeSpeed request at simulation time 376.0 s: vehicleId="veh_44", targetSpeed=0.0m/s, interval=0ms
2020-05-23 21:56:38,835 INFO  SumoGUIAmbassador - Receive ChangeSpeed request at simulation time 377.0 s: vehicleId="veh_43", targetSpeed=0.0m/s, interval=0ms
2020-05-23 21:56:38,980 INFO  SumoGUIAmbassador - Receive ChangeSpeed request at simulation time 379.0 s: vehicleId="veh_45", targetSpeed=0.0m/s, interval=0ms
2020-05-23 21:56:39,137 INFO  SumoGUIAmbassador - Receive ChangeSpeed request at simulation time 380.0 s: vehicleId="veh_46", targetSpeed=0.0m/s, interval=0ms
2020-05-23 21:56:39,688 INFO  SumoGUIAmbassador - Receive ChangeSpeed request at simulation time 385.0 s: vehicleId="veh_48", targetSpeed=0.0m/s, interval=0ms
2020-05-23 21:56:39,689 INFO  SumoGUIAmbassador - Receive ChangeSpeed request at simulation time 385.0 s: vehicleId="veh_47", targetSpeed=0.0m/s, interval=0ms
2020-05-23 21:56:40,130 INFO  SumoGUIAmbassador - Receive ChangeSpeed request at simulation time 389.0 s: vehicleId="veh_50", targetSpeed=0.0m/s, interval=0ms
2020-05-23 21:56:40,131 INFO  SumoGUIAmbassador - Receive ChangeSpeed request at simulation time 389.0 s: vehicleId="veh_49", targetSpeed=0.0m/s, interval=0ms
2020-05-23 21:56:40,305 INFO  SumoGUIAmbassador - Receive ChangeSpeed request at simulation time 391.0 s: vehicleId="veh_51", targetSpeed=0.0m/s, interval=0ms
2020-05-23 21:56:40,409 INFO  SumoGUIAmbassador - Receive ChangeSpeed request at simulation time 393.0 s: vehicleId="veh_52", targetSpeed=0.0m/s, interval=0ms
2020-05-23 21:56:40,557 INFO  SumoGUIAmbassador - Receive ChangeSpeed request at simulation time 395.0 s: vehicleId="veh_53", targetSpeed=0.0m/s, interval=0ms
2020-05-23 21:56:40,901 INFO  SumoGUIAmbassador - Receive ChangeSpeed request at simulation time 397.0 s: vehicleId="veh_54", targetSpeed=0.0m/s, interval=0ms
2020-05-23 21:56:41,097 INFO  SumoGUIAmbassador - Receive ChangeSpeed request at simulation time 399.0 s: vehicleId="veh_55", targetSpeed=0.0m/s, interval=0ms
2020-05-23 21:56:41,371 INFO  SumoGUIAmbassador - Receive ChangeSpeed request at simulation time 401.0 s: vehicleId="veh_56", targetSpeed=0.0m/s, interval=0ms
2020-05-23 21:56:41,560 INFO  SumoGUIAmbassador - Receive ChangeSpeed request at simulation time 403.0 s: vehicleId="veh_57", targetSpeed=0.0m/s, interval=0ms
2020-05-23 21:56:41,681 INFO  SumoGUIAmbassador - Receive ChangeSpeed request at simulation time 405.0 s: vehicleId="veh_58", targetSpeed=0.0m/s, interval=0ms
2020-05-23 21:56:41,958 INFO  SumoGUIAmbassador - Receive ChangeSpeed request at simulation time 409.0 s: vehicleId="veh_59", targetSpeed=0.0m/s, interval=0ms
2020-05-23 21:56:41,960 INFO  SumoGUIAmbassador - Receive ChangeSpeed request at simulation time 409.0 s: vehicleId="veh_60", targetSpeed=0.0m/s, interval=0ms
2020-05-23 21:56:42,150 INFO  SumoGUIAmbassador - Receive ChangeSpeed request at simulation time 411.0 s: vehicleId="veh_61", targetSpeed=0.0m/s, interval=0ms
2020-05-23 21:56:42,331 INFO  TraciSimulationFacade - Removed vehicle "veh_0" at simulation time 415000000000ns
2020-05-23 21:56:42,382 INFO  SumoGUIAmbassador - Receive ChangeSpeed request at simulation time 415.0 s: vehicleId="veh_63", targetSpeed=0.0m/s, interval=0ms
2020-05-23 21:56:42,500 INFO  SumoGUIAmbassador - Receive ChangeSpeed request at simulation time 416.0 s: vehicleId="veh_64", targetSpeed=0.0m/s, interval=0ms
2020-05-23 21:56:42,668 INFO  TraciSimulationFacade - Removed vehicle "veh_1" at simulation time 420000000000ns
2020-05-23 21:56:42,686 INFO  SumoGUIAmbassador - Receive ChangeSpeed request at simulation time 420.0 s: vehicleId="veh_66", targetSpeed=0.0m/s, interval=0ms
2020-05-23 21:56:42,686 INFO  SumoGUIAmbassador - Receive ChangeSpeed request at simulation time 420.0 s: vehicleId="veh_65", targetSpeed=0.0m/s, interval=0ms
2020-05-23 21:56:42,956 INFO  TraciSimulationFacade - Removed vehicle "veh_2" at simulation time 424000000000ns
2020-05-23 21:56:43,114 INFO  SumoGUIAmbassador - Receive ChangeSpeed request at simulation time 426.0 s: vehicleId="veh_69", targetSpeed=0.0m/s, interval=0ms
2020-05-23 21:56:43,115 INFO  SumoGUIAmbassador - Receive ChangeSpeed request at simulation time 426.0 s: vehicleId="veh_68", targetSpeed=0.0m/s, interval=0ms
2020-05-23 21:56:43,166 INFO  TraciSimulationFacade - Removed vehicle "veh_3" at simulation time 427000000000ns
2020-05-23 21:56:43,279 INFO  SumoGUIAmbassador - Receive ChangeSpeed request at simulation time 429.0 s: vehicleId="veh_70", targetSpeed=0.0m/s, interval=0ms
2020-05-23 21:56:43,296 INFO  TraciSimulationFacade - Removed vehicle "veh_4" at simulation time 430000000000ns
2020-05-23 21:56:43,359 INFO  SumoGUIAmbassador - Receive ChangeSpeed request at simulation time 430.0 s: vehicleId="veh_71", targetSpeed=0.0m/s, interval=0ms
2020-05-23 21:56:43,442 INFO  TraciSimulationFacade - Removed vehicle "veh_5" at simulation time 432000000000ns
2020-05-23 21:56:43,677 INFO  TraciSimulationFacade - Removed vehicle "veh_6" at simulation time 435000000000ns
2020-05-23 21:56:43,752 INFO  TraciSimulationFacade - Removed vehicle "veh_7" at simulation time 436000000000ns
2020-05-23 21:56:43,816 INFO  SumoGUIAmbassador - Receive ChangeSpeed request at simulation time 436.0 s: vehicleId="veh_74", targetSpeed=0.0m/s, interval=0ms
2020-05-23 21:56:43,816 INFO  SumoGUIAmbassador - Receive ChangeSpeed request at simulation time 436.0 s: vehicleId="veh_73", targetSpeed=0.0m/s, interval=0ms
2020-05-23 21:56:43,981 INFO  SumoGUIAmbassador - Receive ChangeSpeed request at simulation time 439.0 s: vehicleId="veh_75", targetSpeed=0.0m/s, interval=0ms
2020-05-23 21:56:44,015 INFO  TraciSimulationFacade - Removed vehicle "veh_8" at simulation time 440000000000ns
2020-05-23 21:56:44,033 INFO  SumoGUIAmbassador - Receive ChangeSpeed request at simulation time 440.0 s: vehicleId="veh_76", targetSpeed=0.0m/s, interval=0ms
2020-05-23 21:56:44,065 INFO  TraciSimulationFacade - Removed vehicle "veh_9" at simulation time 441000000000ns
2020-05-23 21:56:44,213 INFO  TraciSimulationFacade - Removed vehicle "veh_10" at simulation time 443000000000ns
2020-05-23 21:56:44,409 INFO  SumoGUIAmbassador - Receive ChangeSpeed request at simulation time 446.0 s: vehicleId="veh_79", targetSpeed=0.0m/s, interval=0ms
2020-05-23 21:56:44,410 INFO  SumoGUIAmbassador - Receive ChangeSpeed request at simulation time 446.0 s: vehicleId="veh_78", targetSpeed=0.0m/s, interval=0ms
2020-05-23 21:56:44,499 INFO  TraciSimulationFacade - Removed vehicle "veh_27" at simulation time 448000000000ns
2020-05-23 21:56:44,532 INFO  SumoGUIAmbassador - Receive ChangeSpeed request at simulation time 448.0 s: vehicleId="veh_80", targetSpeed=0.0m/s, interval=0ms
2020-05-23 21:56:44,717 INFO  SumoGUIAmbassador - Receive ChangeSpeed request at simulation time 450.0 s: vehicleId="veh_81", targetSpeed=0.0m/s, interval=0ms
2020-05-23 21:56:44,802 INFO  TraciSimulationFacade - Removed vehicle "veh_32" at simulation time 451000000000ns
2020-05-23 21:56:44,898 INFO  TraciSimulationFacade - Removed vehicle "veh_37" at simulation time 453000000000ns
2020-05-23 21:56:45,070 INFO  TraciSimulationFacade - Removed vehicle "veh_42" at simulation time 456000000000ns
2020-05-23 21:56:45,086 INFO  SumoGUIAmbassador - Receive ChangeSpeed request at simulation time 456.0 s: vehicleId="veh_84", targetSpeed=0.0m/s, interval=0ms
2020-05-23 21:56:45,087 INFO  SumoGUIAmbassador - Receive ChangeSpeed request at simulation time 456.0 s: vehicleId="veh_83", targetSpeed=0.0m/s, interval=0ms
2020-05-23 21:56:45,240 INFO  TraciSimulationFacade - Removed vehicle "veh_62" at simulation time 458000000000ns
2020-05-23 21:56:45,284 INFO  SumoGUIAmbassador - Receive ChangeSpeed request at simulation time 459.0 s: vehicleId="veh_85", targetSpeed=0.0m/s, interval=0ms
2020-05-23 21:56:45,375 INFO  SumoGUIAmbassador - Receive ChangeSpeed request at simulation time 460.0 s: vehicleId="veh_86", targetSpeed=0.0m/s, interval=0ms
2020-05-23 21:56:45,657 INFO  TraciSimulationFacade - Removed vehicle "veh_67" at simulation time 466000000000ns
2020-05-23 21:56:45,784 INFO  SumoGUIAmbassador - Receive ChangeSpeed request at simulation time 466.0 s: vehicleId="veh_89", targetSpeed=0.0m/s, interval=0ms
2020-05-23 21:56:45,784 INFO  SumoGUIAmbassador - Receive ChangeSpeed request at simulation time 466.0 s: vehicleId="veh_88", targetSpeed=0.0m/s, interval=0ms
2020-05-23 21:56:45,891 INFO  SumoGUIAmbassador - Receive ChangeSpeed request at simulation time 469.0 s: vehicleId="veh_90", targetSpeed=0.0m/s, interval=0ms
2020-05-23 21:56:45,952 INFO  SumoGUIAmbassador - Receive ChangeSpeed request at simulation time 470.0 s: vehicleId="veh_91", targetSpeed=0.0m/s, interval=0ms
2020-05-23 21:56:46,193 INFO  SumoGUIAmbassador - Receive ChangeSpeed request at simulation time 474.0 s: vehicleId="veh_92", targetSpeed=0.0m/s, interval=0ms
2020-05-23 21:56:46,194 INFO  SumoGUIAmbassador - Receive ChangeSpeed request at simulation time 474.0 s: vehicleId="veh_93", targetSpeed=0.0m/s, interval=0ms
2020-05-23 21:56:46,397 INFO  SumoGUIAmbassador - Receive ChangeSpeed request at simulation time 478.0 s: vehicleId="veh_94", targetSpeed=0.0m/s, interval=0ms
2020-05-23 21:56:46,424 INFO  SumoGUIAmbassador - Receive ChangeSpeed request at simulation time 479.0 s: vehicleId="veh_95", targetSpeed=0.0m/s, interval=0ms
2020-05-23 21:56:46,500 INFO  SumoGUIAmbassador - Receive ChangeSpeed request at simulation time 481.0 s: vehicleId="veh_96", targetSpeed=0.0m/s, interval=0ms
2020-05-23 21:56:46,560 INFO  SumoGUIAmbassador - Receive ChangeSpeed request at simulation time 482.0 s: vehicleId="veh_97", targetSpeed=0.0m/s, interval=0ms
2020-05-23 21:56:46,641 INFO  TraciSimulationFacade - Removed vehicle "veh_11" at simulation time 485000000000ns
2020-05-23 21:56:46,654 INFO  SumoGUIAmbassador - Receive ChangeSpeed request at simulation time 485.0 s: vehicleId="veh_98", targetSpeed=0.0m/s, interval=0ms
2020-05-23 21:56:46,762 INFO  SumoGUIAmbassador - Receive ChangeSpeed request at simulation time 487.0 s: vehicleId="veh_99", targetSpeed=0.0m/s, interval=0ms
2020-05-23 21:56:46,818 INFO  TraciSimulationFacade - Removed vehicle "veh_21" at simulation time 488000000000ns
2020-05-23 21:56:46,861 INFO  SumoGUIAmbassador - Receive ChangeSpeed request at simulation time 489.0 s: vehicleId="veh_100", targetSpeed=0.0m/s, interval=0ms
2020-05-23 21:56:46,877 INFO  TraciSimulationFacade - Removed vehicle "veh_25" at simulation time 490000000000ns
2020-05-23 21:56:46,956 INFO  SumoGUIAmbassador - Receive ChangeSpeed request at simulation time 491.0 s: vehicleId="veh_101", targetSpeed=0.0m/s, interval=0ms
2020-05-23 21:56:46,998 INFO  TraciSimulationFacade - Removed vehicle "veh_12" at simulation time 493000000000ns
2020-05-23 21:56:47,007 INFO  SumoGUIAmbassador - Receive ChangeSpeed request at simulation time 493.0 s: vehicleId="veh_102", targetSpeed=0.0m/s, interval=0ms
2020-05-23 21:56:47,032 INFO  SumoGUIAmbassador - Receive ChangeSpeed request at simulation time 494.0 s: vehicleId="veh_103", targetSpeed=0.0m/s, interval=0ms
2020-05-23 21:56:47,047 INFO  TraciSimulationFacade - Removed vehicle "veh_26" at simulation time 495000000000ns
2020-05-23 21:56:47,177 INFO  TraciSimulationFacade - Removed vehicle "veh_13" at simulation time 498000000000ns
2020-05-23 21:56:47,187 INFO  SumoGUIAmbassador - Receive ChangeSpeed request at simulation time 498.0 s: vehicleId="veh_105", targetSpeed=0.0m/s, interval=0ms
2020-05-23 21:56:47,187 INFO  SumoGUIAmbassador - Receive ChangeSpeed request at simulation time 498.0 s: vehicleId="veh_104", targetSpeed=0.0m/s, interval=0ms
2020-05-23 21:56:47,236 INFO  TraciSimulationFacade - Removed vehicle "veh_28" at simulation time 500000000000ns
2020-05-23 21:56:47,356 INFO  TraciSimulationFacade - Removed vehicle "veh_29" at simulation time 502000000000ns
2020-05-23 21:56:47,366 INFO  SumoGUIAmbassador - Receive ChangeSpeed request at simulation time 502.0 s: vehicleId="veh_107", targetSpeed=0.0m/s, interval=0ms
2020-05-23 21:56:47,366 INFO  SumoGUIAmbassador - Receive ChangeSpeed request at simulation time 502.0 s: vehicleId="veh_106", targetSpeed=0.0m/s, interval=0ms
2020-05-23 21:56:47,406 INFO  TraciSimulationFacade - Removed vehicle "veh_30" at simulation time 504000000000ns
2020-05-23 21:56:47,482 INFO  TraciSimulationFacade - Removed vehicle "veh_31" at simulation time 507000000000ns
2020-05-23 21:56:47,491 INFO  SumoGUIAmbassador - Receive ChangeSpeed request at simulation time 507.0 s: vehicleId="veh_109", targetSpeed=0.0m/s, interval=0ms
2020-05-23 21:56:47,493 INFO  SumoGUIAmbassador - Receive ChangeSpeed request at simulation time 507.0 s: vehicleId="veh_108", targetSpeed=0.0m/s, interval=0ms
2020-05-23 21:56:47,551 INFO  TraciSimulationFacade - Removed vehicle "veh_14" at simulation time 509000000000ns
2020-05-23 21:56:47,604 INFO  TraciSimulationFacade - Removed vehicle "veh_34" at simulation time 511000000000ns
2020-05-23 21:56:47,612 INFO  SumoGUIAmbassador - Receive ChangeSpeed request at simulation time 511.0 s: vehicleId="veh_110", targetSpeed=0.0m/s, interval=0ms
2020-05-23 21:56:47,613 INFO  SumoGUIAmbassador - Receive ChangeSpeed request at simulation time 511.0 s: vehicleId="veh_111", targetSpeed=0.0m/s, interval=0ms
2020-05-23 21:56:47,668 INFO  TraciSimulationFacade - Removed vehicle "veh_15" at simulation time 514000000000ns
2020-05-23 21:56:47,760 INFO  SumoGUIAmbassador - Receive ChangeSpeed request at simulation time 516.0 s: vehicleId="veh_114", targetSpeed=0.0m/s, interval=0ms
2020-05-23 21:56:47,772 INFO  TraciSimulationFacade - Removed vehicle "veh_33" at simulation time 517000000000ns
2020-05-23 21:56:47,779 INFO  SumoGUIAmbassador - Receive ChangeSpeed request at simulation time 517.0 s: vehicleId="veh_113", targetSpeed=0.0m/s, interval=0ms
2020-05-23 21:56:47,795 INFO  TraciSimulationFacade - Removed vehicle "veh_16" at simulation time 518000000000ns
2020-05-23 21:56:47,820 INFO  SumoGUIAmbassador - Receive ChangeSpeed request at simulation time 519.0 s: vehicleId="veh_115", targetSpeed=0.0m/s, interval=0ms
2020-05-23 21:56:47,832 INFO  TraciSimulationFacade - Removed vehicle "veh_17" at simulation time 520000000000ns
2020-05-23 21:56:47,865 INFO  SumoGUIAmbassador - Receive ChangeSpeed request at simulation time 521.0 s: vehicleId="veh_116", targetSpeed=0.0m/s, interval=0ms
2020-05-23 21:56:47,923 INFO  TraciSimulationFacade - Removed vehicle "veh_35" at simulation time 524000000000ns
2020-05-23 21:56:47,953 INFO  SumoGUIAmbassador - Receive ChangeSpeed request at simulation time 525.0 s: vehicleId="veh_118", targetSpeed=0.0m/s, interval=0ms
2020-05-23 21:56:47,981 INFO  SumoGUIAmbassador - Receive ChangeSpeed request at simulation time 526.0 s: vehicleId="veh_119", targetSpeed=0.0m/s, interval=0ms
2020-05-23 21:56:47,990 INFO  TraciSimulationFacade - Removed vehicle "veh_18" at simulation time 527000000000ns
2020-05-23 21:56:48,044 INFO  TraciSimulationFacade - Removed vehicle "veh_19" at simulation time 530000000000ns
2020-05-23 21:56:48,088 INFO  TraciSimulationFacade - Removed vehicle "veh_39" at simulation time 532000000000ns
2020-05-23 21:56:48,127 INFO  TraciSimulationFacade - Removed vehicle "veh_36" at simulation time 534000000000ns
2020-05-23 21:56:48,144 INFO  TraciSimulationFacade - Removed vehicle "veh_38" at simulation time 535000000000ns
2020-05-23 21:56:48,180 INFO  TraciSimulationFacade - Removed vehicle "veh_77" at simulation time 537000000000ns
2020-05-23 21:56:48,229 INFO  TraciSimulationFacade - Removed vehicle "veh_72" at simulation time 540000000000ns
2020-05-23 21:56:48,269 INFO  TraciSimulationFacade - Removed vehicle "veh_82" at simulation time 542000000000ns
2020-05-23 21:56:48,318 INFO  TraciSimulationFacade - Removed vehicle "veh_87" at simulation time 545000000000ns
2020-05-23 21:56:48,440 INFO  TraciSimulationFacade - Removed vehicle "veh_112" at simulation time 553000000000ns
2020-05-23 21:56:48,831 INFO  TraciSimulationFacade - Removed vehicle "veh_40" at simulation time 575000000000ns
2020-05-23 21:56:48,870 INFO  TraciSimulationFacade - Removed vehicle "veh_54" at simulation time 577000000000ns
2020-05-23 21:56:48,920 INFO  TraciSimulationFacade - Removed vehicle "veh_56" at simulation time 579000000000ns
2020-05-23 21:56:48,963 INFO  TraciSimulationFacade - Removed vehicle "veh_57" at simulation time 581000000000ns
2020-05-23 21:56:49,005 INFO  TraciSimulationFacade - Removed vehicle "veh_59" at simulation time 583000000000ns
2020-05-23 21:56:49,048 INFO  TraciSimulationFacade - Removed vehicle "veh_60" at simulation time 585000000000ns
2020-05-23 21:56:49,112 INFO  TraciSimulationFacade - Removed vehicle "veh_61" at simulation time 587000000000ns
2020-05-23 21:56:49,150 INFO  TraciSimulationFacade - Removed vehicle "veh_63" at simulation time 589000000000ns
2020-05-23 21:56:49,185 INFO  TraciSimulationFacade - Removed vehicle "veh_64" at simulation time 591000000000ns
2020-05-23 21:56:49,202 INFO  TraciSimulationFacade - Removed vehicle "veh_44" at simulation time 592000000000ns
2020-05-23 21:56:49,238 INFO  TraciSimulationFacade - Removed vehicle "veh_65" at simulation time 594000000000ns
2020-05-23 21:56:49,280 INFO  TraciSimulationFacade - Removed vehicle "veh_48" at simulation time 596000000000ns
2020-05-23 21:56:49,292 INFO  TraciSimulationFacade - Removed vehicle "veh_66" at simulation time 597000000000ns
2020-05-23 21:56:49,333 INFO  TraciSimulationFacade - Removed vehicle "veh_50" at simulation time 599000000000ns
2020-05-23 21:56:49,346 INFO  TraciSimulationFacade - Removed vehicle "veh_68" at simulation time 600000000000ns
2020-05-23 21:56:49,385 INFO  TraciSimulationFacade - Removed vehicle "veh_69" at simulation time 602000000000ns
2020-05-23 21:56:49,414 INFO  TraciSimulationFacade - Removed vehicle "veh_70" at simulation time 604000000000ns
2020-05-23 21:56:49,480 INFO  TraciSimulationFacade - Removed vehicle "veh_52" at simulation time 608000000000ns
2020-05-23 21:56:49,519 INFO  TraciSimulationFacade - Removed vehicle "veh_71" at simulation time 610000000000ns
2020-05-23 21:56:49,565 INFO  TraciSimulationFacade - Removed vehicle "veh_74" at simulation time 613000000000ns
2020-05-23 21:56:49,589 INFO  TraciSimulationFacade - Removed vehicle "veh_75" at simulation time 615000000000ns
2020-05-23 21:56:49,619 INFO  TraciSimulationFacade - Removed vehicle "veh_76" at simulation time 617000000000ns
2020-05-23 21:56:49,641 INFO  TraciSimulationFacade - Removed vehicle "veh_78" at simulation time 619000000000ns
2020-05-23 21:56:49,671 INFO  TraciSimulationFacade - Removed vehicle "veh_80" at simulation time 621000000000ns
2020-05-23 21:56:49,690 INFO  TraciSimulationFacade - Removed vehicle "veh_20" at simulation time 623000000000ns
2020-05-23 21:56:49,701 INFO  TraciSimulationFacade - Removed vehicle "veh_83" at simulation time 624000000000ns
2020-05-23 21:56:49,748 INFO  TraciSimulationFacade - Removed vehicle "veh_23" at simulation time 626000000000ns
2020-05-23 21:56:49,768 INFO  TraciSimulationFacade - Removed vehicle "veh_117" at simulation time 628000000000ns
2020-05-23 21:56:49,811 INFO  TraciSimulationFacade - Removed vehicle "veh_24" at simulation time 631000000000ns
2020-05-23 21:56:50,198 INFO  TraciSimulationFacade - Removed vehicle "veh_41" at simulation time 665000000000ns
2020-05-23 21:56:50,229 INFO  TraciSimulationFacade - Removed vehicle "veh_88" at simulation time 668000000000ns
2020-05-23 21:56:50,255 INFO  TraciSimulationFacade - Removed vehicle "veh_90" at simulation time 670000000000ns
2020-05-23 21:56:50,281 INFO  TraciSimulationFacade - Removed vehicle "veh_92" at simulation time 672000000000ns
2020-05-23 21:56:50,321 INFO  TraciSimulationFacade - Removed vehicle "veh_85" at simulation time 675000000000ns
2020-05-23 21:56:50,348 INFO  TraciSimulationFacade - Removed vehicle "veh_94" at simulation time 677000000000ns
2020-05-23 21:56:50,356 INFO  TraciSimulationFacade - Removed vehicle "veh_96" at simulation time 678000000000ns
2020-05-23 21:56:50,375 INFO  TraciSimulationFacade - Removed vehicle "veh_98" at simulation time 680000000000ns
2020-05-23 21:56:50,396 INFO  TraciSimulationFacade - Removed vehicle "veh_100" at simulation time 682000000000ns
2020-05-23 21:56:50,412 INFO  TraciSimulationFacade - Removed vehicle "veh_102" at simulation time 684000000000ns
2020-05-23 21:56:50,440 INFO  TraciSimulationFacade - Removed vehicle "veh_104" at simulation time 687000000000ns
2020-05-23 21:56:50,453 INFO  TraciSimulationFacade - Removed vehicle "veh_105" at simulation time 689000000000ns
2020-05-23 21:56:50,469 INFO  TraciSimulationFacade - Removed vehicle "veh_43" at simulation time 691000000000ns
2020-05-23 21:56:50,479 INFO  TraciSimulationFacade - Removed vehicle "veh_106" at simulation time 693000000000ns
2020-05-23 21:56:50,489 INFO  TraciSimulationFacade - Removed vehicle "veh_107" at simulation time 695000000000ns
2020-05-23 21:56:50,522 INFO  TraciSimulationFacade - Removed vehicle "veh_45" at simulation time 697000000000ns
2020-05-23 21:56:50,539 INFO  TraciSimulationFacade - Removed vehicle "veh_46" at simulation time 699000000000ns
2020-05-23 21:56:50,553 INFO  TraciSimulationFacade - Removed vehicle "veh_108" at simulation time 701000000000ns
2020-05-23 21:56:50,564 INFO  TraciSimulationFacade - Removed vehicle "veh_47" at simulation time 703000000000ns
2020-05-23 21:56:50,579 INFO  TraciSimulationFacade - Removed vehicle "veh_110" at simulation time 706000000000ns
2020-05-23 21:56:50,594 INFO  TraciSimulationFacade - Removed vehicle "veh_109" at simulation time 709000000000ns
2020-05-23 21:56:50,609 INFO  TraciSimulationFacade - Removed vehicle "veh_73" at simulation time 711000000000ns
2020-05-23 21:56:50,619 INFO  TraciSimulationFacade - Removed vehicle "veh_49" at simulation time 714000000000ns
2020-05-23 21:56:50,859 INFO  TraciSimulationFacade - Removed vehicle "veh_113" at simulation time 755000000000ns
2020-05-23 21:56:50,881 INFO  TraciSimulationFacade - Removed vehicle "veh_103" at simulation time 757000000000ns
2020-05-23 21:56:50,893 INFO  TraciSimulationFacade - Removed vehicle "veh_115" at simulation time 760000000000ns
2020-05-23 21:56:50,919 INFO  TraciSimulationFacade - Removed vehicle "veh_116" at simulation time 762000000000ns
2020-05-23 21:56:50,931 INFO  TraciSimulationFacade - Removed vehicle "veh_118" at simulation time 765000000000ns
2020-05-23 21:56:50,939 INFO  TraciSimulationFacade - Removed vehicle "veh_119" at simulation time 767000000000ns
2020-05-23 21:56:50,944 INFO  TraciSimulationFacade - Removed vehicle "veh_95" at simulation time 768000000000ns
2020-05-23 21:56:50,951 INFO  TraciSimulationFacade - Removed vehicle "veh_84" at simulation time 770000000000ns
2020-05-23 21:56:50,961 INFO  TraciSimulationFacade - Removed vehicle "veh_111" at simulation time 772000000000ns
2020-05-23 21:56:50,966 INFO  TraciSimulationFacade - Removed vehicle "veh_51" at simulation time 774000000000ns
2020-05-23 21:56:50,973 INFO  TraciSimulationFacade - Removed vehicle "veh_93" at simulation time 776000000000ns
2020-05-23 21:56:50,978 INFO  TraciSimulationFacade - Removed vehicle "veh_99" at simulation time 778000000000ns
2020-05-23 21:56:50,982 INFO  TraciSimulationFacade - Removed vehicle "veh_114" at simulation time 780000000000ns
2020-05-23 21:56:50,987 INFO  TraciSimulationFacade - Removed vehicle "veh_53" at simulation time 782000000000ns
2020-05-23 21:56:50,989 INFO  TraciSimulationFacade - Removed vehicle "veh_55" at simulation time 783000000000ns
2020-05-23 21:56:50,994 INFO  TraciSimulationFacade - Removed vehicle "veh_97" at simulation time 785000000000ns
2020-05-23 21:56:50,998 INFO  TraciSimulationFacade - Removed vehicle "veh_89" at simulation time 787000000000ns
2020-05-23 21:56:51,004 INFO  TraciSimulationFacade - Removed vehicle "veh_58" at simulation time 790000000000ns
2020-05-23 21:56:51,012 INFO  TraciSimulationFacade - Removed vehicle "veh_101" at simulation time 794000000000ns
2020-05-23 21:56:51,016 INFO  TraciSimulationFacade - Removed vehicle "veh_79" at simulation time 797000000000ns
2020-05-23 21:56:51,017 INFO  TraciSimulationFacade - Removed vehicle "veh_81" at simulation time 798000000000ns
2020-05-23 21:56:51,020 INFO  TraciSimulationFacade - Removed vehicle "veh_86" at simulation time 802000000000ns
2020-05-23 21:56:51,021 INFO  TraciSimulationFacade - Removed vehicle "veh_91" at simulation time 803000000000ns
