2020-05-23 22:01:50,668 INFO - Initialize application (at simulation time 12.000,000,000 s)
2020-05-23 22:01:50,670 INFO - Activated AdHoc Module (at simulation time 12.000,000,000 s)
2020-05-23 22:01:50,675 INFO - Received event: 12000 (at simulation time IntraVehicleMsg)
2020-05-23 22:01:50,682 INFO - Received event: 13000 (at simulation time IntraVehicleMsg)
2020-05-23 22:01:50,696 INFO - Received event: 14000 (at simulation time IntraVehicleMsg)
2020-05-23 22:01:50,699 INFO - Received V2X Message from rsu_0 (at simulation time 14.001,400,000 s)
2020-05-23 22:01:50,713 INFO - Received event: 15000 (at simulation time IntraVehicleMsg)
2020-05-23 22:01:50,728 INFO - Received event: 16000 (at simulation time IntraVehicleMsg)
2020-05-23 22:01:50,728 INFO - Received V2X Message from rsu_0 (at simulation time 16.001,900,000 s)
2020-05-23 22:01:50,735 INFO - Received event: 17000 (at simulation time IntraVehicleMsg)
2020-05-23 22:01:50,746 INFO - Received event: 18000 (at simulation time IntraVehicleMsg)
2020-05-23 22:01:50,748 INFO - Received V2X Message from rsu_0 (at simulation time 18.001,400,000 s)
2020-05-23 22:01:50,760 INFO - Received event: 19000 (at simulation time IntraVehicleMsg)
2020-05-23 22:01:50,806 INFO - Received event: 20000 (at simulation time IntraVehicleMsg)
2020-05-23 22:01:50,806 INFO - Received V2X Message from rsu_0 (at simulation time 20.001,400,000 s)
2020-05-23 22:01:50,829 INFO - Received event: 21000 (at simulation time IntraVehicleMsg)
2020-05-23 22:01:50,850 INFO - Received event: 22000 (at simulation time IntraVehicleMsg)
2020-05-23 22:01:50,851 INFO - Received V2X Message from rsu_0 (at simulation time 22.001,900,000 s)
2020-05-23 22:01:50,863 INFO - Received event: 23000 (at simulation time IntraVehicleMsg)
2020-05-23 22:01:50,885 INFO - Received event: 24000 (at simulation time IntraVehicleMsg)
2020-05-23 22:01:50,894 INFO - Received V2X Message from rsu_0 (at simulation time 24.001,900,000 s)
2020-05-23 22:01:50,915 INFO - Received event: 25000 (at simulation time IntraVehicleMsg)
2020-05-23 22:01:50,939 INFO - Received event: 26000 (at simulation time IntraVehicleMsg)
2020-05-23 22:01:50,941 INFO - Received V2X Message from rsu_0 (at simulation time 26.001,400,000 s)
2020-05-23 22:01:51,056 INFO - Received event: 27000 (at simulation time IntraVehicleMsg)
2020-05-23 22:01:51,073 INFO - Received event: 28000 (at simulation time IntraVehicleMsg)
2020-05-23 22:01:51,074 INFO - Received V2X Message from rsu_0 (at simulation time 28.001,900,000 s)
2020-05-23 22:01:51,085 INFO - Received event: 29000 (at simulation time IntraVehicleMsg)
2020-05-23 22:01:51,104 INFO - Received event: 30000 (at simulation time IntraVehicleMsg)
2020-05-23 22:01:51,106 INFO - Received V2X Message from rsu_0 (at simulation time 30.001,400,000 s)
2020-05-23 22:01:51,112 INFO - Received event: 31000 (at simulation time IntraVehicleMsg)
2020-05-23 22:01:51,121 INFO - Received event: 32000 (at simulation time IntraVehicleMsg)
2020-05-23 22:01:51,122 INFO - Received V2X Message from rsu_0 (at simulation time 32.000,900,000 s)
2020-05-23 22:01:51,137 INFO - Received event: 33000 (at simulation time IntraVehicleMsg)
2020-05-23 22:01:51,216 INFO - Received event: 34000 (at simulation time IntraVehicleMsg)
2020-05-23 22:01:51,218 INFO - Received V2X Message from rsu_0 (at simulation time 34.001,400,000 s)
2020-05-23 22:01:51,226 INFO - Received event: 35000 (at simulation time IntraVehicleMsg)
2020-05-23 22:01:51,237 INFO - Received event: 36000 (at simulation time IntraVehicleMsg)
2020-05-23 22:01:51,240 INFO - Received V2X Message from rsu_0 (at simulation time 36.001,900,000 s)
2020-05-23 22:01:51,247 INFO - Received event: 37000 (at simulation time IntraVehicleMsg)
2020-05-23 22:01:51,255 INFO - Received event: 38000 (at simulation time IntraVehicleMsg)
2020-05-23 22:01:51,256 INFO - Received V2X Message from rsu_0 (at simulation time 38.002,400,000 s)
2020-05-23 22:01:51,262 INFO - Received event: 39000 (at simulation time IntraVehicleMsg)
2020-05-23 22:01:51,272 INFO - Received event: 40000 (at simulation time IntraVehicleMsg)
2020-05-23 22:01:51,273 INFO - Received V2X Message from rsu_0 (at simulation time 40.000,400,000 s)
2020-05-23 22:01:51,276 INFO - Received event: 41000 (at simulation time IntraVehicleMsg)
2020-05-23 22:01:51,282 INFO - Received event: 42000 (at simulation time IntraVehicleMsg)
2020-05-23 22:01:51,282 INFO - Received V2X Message from rsu_0 (at simulation time 42.001,900,000 s)
2020-05-23 22:01:51,287 INFO - Received event: 43000 (at simulation time IntraVehicleMsg)
2020-05-23 22:01:51,312 INFO - Received event: 44000 (at simulation time IntraVehicleMsg)
2020-05-23 22:01:51,315 INFO - Received V2X Message from rsu_0 (at simulation time 44.000,400,000 s)
2020-05-23 22:01:51,322 INFO - Received event: 45000 (at simulation time IntraVehicleMsg)
2020-05-23 22:01:51,326 INFO - Received event: 46000 (at simulation time IntraVehicleMsg)
2020-05-23 22:01:51,326 INFO - Received V2X Message from rsu_0 (at simulation time 46.000,400,000 s)
2020-05-23 22:01:51,330 INFO - Received event: 47000 (at simulation time IntraVehicleMsg)
2020-05-23 22:01:51,336 INFO - Received event: 48000 (at simulation time IntraVehicleMsg)
2020-05-23 22:01:51,336 INFO - Received V2X Message from rsu_0 (at simulation time 48.001,900,000 s)
2020-05-23 22:01:51,340 INFO - Received event: 49000 (at simulation time IntraVehicleMsg)
2020-05-23 22:01:51,448 INFO - Received event: 50000 (at simulation time IntraVehicleMsg)
2020-05-23 22:01:51,449 INFO - Received V2X Message from rsu_0 (at simulation time 50.000,400,000 s)
2020-05-23 22:01:51,649 INFO - Received event: 51000 (at simulation time IntraVehicleMsg)
2020-05-23 22:01:51,662 INFO - Received event: 52000 (at simulation time IntraVehicleMsg)
2020-05-23 22:01:51,662 INFO - Received V2X Message from rsu_0 (at simulation time 52.000,400,000 s)
2020-05-23 22:01:51,675 INFO - Received event: 53000 (at simulation time IntraVehicleMsg)
2020-05-23 22:01:51,688 INFO - Received event: 54000 (at simulation time IntraVehicleMsg)
2020-05-23 22:01:51,688 INFO - Received V2X Message from rsu_0 (at simulation time 54.000,900,000 s)
2020-05-23 22:01:51,695 INFO - Received event: 55000 (at simulation time IntraVehicleMsg)
2020-05-23 22:01:51,703 INFO - Received event: 56000 (at simulation time IntraVehicleMsg)
2020-05-23 22:01:51,703 INFO - Received V2X Message from rsu_0 (at simulation time 56.000,400,000 s)
2020-05-23 22:01:51,715 INFO - Received event: 57000 (at simulation time IntraVehicleMsg)
2020-05-23 22:01:51,720 INFO - Received event: 58000 (at simulation time IntraVehicleMsg)
2020-05-23 22:01:51,720 INFO - Received V2X Message from rsu_0 (at simulation time 58.000,400,000 s)
2020-05-23 22:01:51,725 INFO - Received event: 59000 (at simulation time IntraVehicleMsg)
2020-05-23 22:01:51,731 INFO - Received event: 60000 (at simulation time IntraVehicleMsg)
2020-05-23 22:01:51,732 INFO - Received V2X Message from rsu_0 (at simulation time 60.002,400,000 s)
2020-05-23 22:01:51,736 INFO - Received event: 61000 (at simulation time IntraVehicleMsg)
2020-05-23 22:01:51,740 INFO - Received event: 62000 (at simulation time IntraVehicleMsg)
2020-05-23 22:01:51,741 INFO - Received V2X Message from rsu_0 (at simulation time 62.001,400,000 s)
2020-05-23 22:01:51,745 INFO - Received event: 63000 (at simulation time IntraVehicleMsg)
2020-05-23 22:01:51,848 INFO - Received event: 64000 (at simulation time IntraVehicleMsg)
2020-05-23 22:01:51,849 INFO - Received V2X Message from rsu_0 (at simulation time 64.000,400,000 s)
2020-05-23 22:01:51,865 INFO - Received event: 65000 (at simulation time IntraVehicleMsg)
2020-05-23 22:01:51,884 INFO - Received event: 66000 (at simulation time IntraVehicleMsg)
2020-05-23 22:01:51,885 INFO - Received V2X Message from rsu_0 (at simulation time 66.000,400,000 s)
2020-05-23 22:01:51,891 INFO - Received event: 67000 (at simulation time IntraVehicleMsg)
2020-05-23 22:01:51,898 INFO - Received event: 68000 (at simulation time IntraVehicleMsg)
2020-05-23 22:01:51,900 INFO - Received V2X Message from rsu_0 (at simulation time 68.002,400,000 s)
2020-05-23 22:01:51,903 INFO - Reading sensor (at simulation time 69.000,000,000 s)
2020-05-23 22:01:51,904 INFO - Received event: 69000 (at simulation time IntraVehicleMsg)
2020-05-23 22:01:51,907 INFO - Reading sensor (at simulation time 70.000,000,000 s)
2020-05-23 22:01:51,910 INFO - Received event: 70000 (at simulation time IntraVehicleMsg)
2020-05-23 22:01:51,911 INFO - Received V2X Message from rsu_0 (at simulation time 70.001,400,000 s)
2020-05-23 22:01:51,915 INFO - Reading sensor (at simulation time 71.000,000,000 s)
2020-05-23 22:01:51,916 INFO - Received event: 71000 (at simulation time IntraVehicleMsg)
2020-05-23 22:01:51,920 INFO - Reading sensor (at simulation time 72.000,000,000 s)
2020-05-23 22:01:51,922 INFO - Received event: 72000 (at simulation time IntraVehicleMsg)
2020-05-23 22:01:51,922 INFO - Received V2X Message from rsu_0 (at simulation time 72.001,400,000 s)
2020-05-23 22:01:51,925 INFO - Received event: 73000 (at simulation time IntraVehicleMsg)
2020-05-23 22:01:51,929 INFO - Received event: 74000 (at simulation time IntraVehicleMsg)
2020-05-23 22:01:51,931 INFO - Received V2X Message from rsu_0 (at simulation time 74.002,400,000 s)
2020-05-23 22:01:51,936 INFO - Received event: 75000 (at simulation time IntraVehicleMsg)
2020-05-23 22:01:51,943 INFO - Received event: 76000 (at simulation time IntraVehicleMsg)
2020-05-23 22:01:51,944 INFO - Received V2X Message from rsu_0 (at simulation time 76.002,400,000 s)
2020-05-23 22:01:52,009 INFO - Received event: 77000 (at simulation time IntraVehicleMsg)
2020-05-23 22:01:52,025 INFO - Received event: 78000 (at simulation time IntraVehicleMsg)
2020-05-23 22:01:52,026 INFO - Received V2X Message from rsu_0 (at simulation time 78.001,400,000 s)
2020-05-23 22:01:52,037 INFO - Received event: 79000 (at simulation time IntraVehicleMsg)
2020-05-23 22:01:52,046 INFO - Received event: 80000 (at simulation time IntraVehicleMsg)
2020-05-23 22:01:52,047 INFO - Received V2X Message from rsu_0 (at simulation time 80.001,400,000 s)
2020-05-23 22:01:52,055 INFO - Received event: 81000 (at simulation time IntraVehicleMsg)
2020-05-23 22:01:52,065 INFO - Received event: 82000 (at simulation time IntraVehicleMsg)
2020-05-23 22:01:52,066 INFO - Received V2X Message from rsu_0 (at simulation time 82.001,400,000 s)
2020-05-23 22:01:52,072 INFO - Received event: 83000 (at simulation time IntraVehicleMsg)
2020-05-23 22:01:52,076 INFO - Received event: 84000 (at simulation time IntraVehicleMsg)
2020-05-23 22:01:52,076 INFO - Received V2X Message from rsu_0 (at simulation time 84.001,900,000 s)
2020-05-23 22:01:52,080 INFO - Received event: 85000 (at simulation time IntraVehicleMsg)
2020-05-23 22:01:52,085 INFO - Received event: 86000 (at simulation time IntraVehicleMsg)
2020-05-23 22:01:52,085 INFO - Received V2X Message from rsu_0 (at simulation time 86.000,400,000 s)
2020-05-23 22:01:52,089 INFO - Received event: 87000 (at simulation time IntraVehicleMsg)
2020-05-23 22:01:52,094 INFO - Received event: 88000 (at simulation time IntraVehicleMsg)
2020-05-23 22:01:52,094 INFO - Received V2X Message from rsu_0 (at simulation time 88.002,400,000 s)
2020-05-23 22:01:52,098 INFO - Received event: 89000 (at simulation time IntraVehicleMsg)
2020-05-23 22:01:52,101 INFO - Shutdown application (at simulation time 90.000,000,000 s)
