2020-05-23 21:56:06,527 WARN - Could not check operating system of Application. Skipping check.
2020-05-23 21:56:06,528 DEBUG - Successfully instantiated the class com.dcaiti.vsimrti.app.tutorials.barnim.WeatherWarningAppCell
2020-05-23 21:56:06,528 DEBUG - Successfully instantiated the class com.dcaiti.vsimrti.app.tutorials.barnim.SlowDownApp
2020-05-23 21:56:06,528 DEBUG - #tearUp at simulation time 106.000,000,000 s
2020-05-23 21:56:06,529 DEBUG - #preProcessEvent at simulation time 106.000,000,000 s with resource class VehicleInfo and nice -99999900
2020-05-23 21:56:06,628 DEBUG - #preProcessEvent at simulation time 107.000,000,000 s with resource class VehicleInfo and nice -99999800
2020-05-23 21:56:06,668 DEBUG - #preProcessEvent at simulation time 108.000,000,000 s with resource class VehicleInfo and nice -99999800
2020-05-23 21:56:06,693 DEBUG - #preProcessEvent at simulation time 109.000,000,000 s with resource class VehicleInfo and nice -99999800
2020-05-23 21:56:06,810 DEBUG - #preProcessEvent at simulation time 110.000,000,000 s with resource class VehicleInfo and nice -99999800
2020-05-23 21:56:06,853 DEBUG - #preProcessEvent at simulation time 111.000,000,000 s with resource class VehicleInfo and nice -99999800
2020-05-23 21:56:06,934 DEBUG - #preProcessEvent at simulation time 112.000,000,000 s with resource class VehicleInfo and nice -99999800
2020-05-23 21:56:06,999 DEBUG - #preProcessEvent at simulation time 113.000,000,000 s with resource class VehicleInfo and nice -99999800
2020-05-23 21:56:07,034 DEBUG - #preProcessEvent at simulation time 114.000,000,000 s with resource class VehicleInfo and nice -99999800
2020-05-23 21:56:07,062 DEBUG - #preProcessEvent at simulation time 115.000,000,000 s with resource class VehicleInfo and nice -99999800
2020-05-23 21:56:07,106 DEBUG - #preProcessEvent at simulation time 116.000,000,000 s with resource class VehicleInfo and nice -99999800
2020-05-23 21:56:07,230 DEBUG - #preProcessEvent at simulation time 117.000,000,000 s with resource class VehicleInfo and nice -99999800
2020-05-23 21:56:07,262 DEBUG - #preProcessEvent at simulation time 118.000,000,000 s with resource class VehicleInfo and nice -99999800
2020-05-23 21:56:07,305 DEBUG - #preProcessEvent at simulation time 119.000,000,000 s with resource class VehicleInfo and nice -99999800
2020-05-23 21:56:07,444 DEBUG - #preProcessEvent at simulation time 120.000,000,000 s with resource class VehicleInfo and nice -99999800
2020-05-23 21:56:07,492 DEBUG - #preProcessEvent at simulation time 121.000,000,000 s with resource class VehicleInfo and nice -99999800
2020-05-23 21:56:07,526 DEBUG - #preProcessEvent at simulation time 122.000,000,000 s with resource class VehicleInfo and nice -99999800
2020-05-23 21:56:07,640 DEBUG - #preProcessEvent at simulation time 123.000,000,000 s with resource class VehicleInfo and nice -99999800
2020-05-23 21:56:07,669 DEBUG - #preProcessEvent at simulation time 124.000,000,000 s with resource class VehicleInfo and nice -99999800
2020-05-23 21:56:07,802 DEBUG - #preProcessEvent at simulation time 125.000,000,000 s with resource class VehicleInfo and nice -99999800
2020-05-23 21:56:07,989 DEBUG - #preProcessEvent at simulation time 126.000,000,000 s with resource class VehicleInfo and nice -99999800
2020-05-23 21:56:08,019 DEBUG - #preProcessEvent at simulation time 127.000,000,000 s with resource class VehicleInfo and nice -99999800
2020-05-23 21:56:08,130 DEBUG - #preProcessEvent at simulation time 128.000,000,000 s with resource class VehicleInfo and nice -99999800
2020-05-23 21:56:08,159 DEBUG - #preProcessEvent at simulation time 129.000,000,000 s with resource class VehicleInfo and nice -99999800
2020-05-23 21:56:08,192 DEBUG - #preProcessEvent at simulation time 130.000,000,000 s with resource class VehicleInfo and nice -99999800
2020-05-23 21:56:08,354 DEBUG - #preProcessEvent at simulation time 131.000,000,000 s with resource class VehicleInfo and nice -99999800
2020-05-23 21:56:08,381 DEBUG - #preProcessEvent at simulation time 132.000,000,000 s with resource class VehicleInfo and nice -99999800
2020-05-23 21:56:08,489 DEBUG - #preProcessEvent at simulation time 133.000,000,000 s with resource class VehicleInfo and nice -99999800
2020-05-23 21:56:08,518 DEBUG - #preProcessEvent at simulation time 134.000,000,000 s with resource class VehicleInfo and nice -99999800
2020-05-23 21:56:08,636 DEBUG - #preProcessEvent at simulation time 135.000,000,000 s with resource class VehicleInfo and nice -99999800
2020-05-23 21:56:08,691 DEBUG - #preProcessEvent at simulation time 136.000,000,000 s with resource class VehicleInfo and nice -99999800
2020-05-23 21:56:08,851 DEBUG - #preProcessEvent at simulation time 137.000,000,000 s with resource class VehicleInfo and nice -99999800
2020-05-23 21:56:08,896 DEBUG - #preProcessEvent at simulation time 138.000,000,000 s with resource class VehicleInfo and nice -99999800
2020-05-23 21:56:08,935 DEBUG - #preProcessEvent at simulation time 139.000,000,000 s with resource class VehicleInfo and nice -99999800
2020-05-23 21:56:09,089 DEBUG - #preProcessEvent at simulation time 140.000,000,000 s with resource class VehicleInfo and nice -99999800
2020-05-23 21:56:09,143 DEBUG - #preProcessEvent at simulation time 141.000,000,000 s with resource class VehicleInfo and nice -99999800
2020-05-23 21:56:09,276 DEBUG - #preProcessEvent at simulation time 142.000,000,000 s with resource class VehicleInfo and nice -99999800
2020-05-23 21:56:09,301 DEBUG - #preProcessEvent at simulation time 143.000,000,000 s with resource class VehicleInfo and nice -99999800
2020-05-23 21:56:09,388 DEBUG - #preProcessEvent at simulation time 144.000,000,000 s with resource class VehicleInfo and nice -99999800
2020-05-23 21:56:09,413 DEBUG - #preProcessEvent at simulation time 145.000,000,000 s with resource class VehicleInfo and nice -99999800
2020-05-23 21:56:09,464 DEBUG - #preProcessEvent at simulation time 146.000,000,000 s with resource class VehicleInfo and nice -99999800
2020-05-23 21:56:09,502 DEBUG - #preProcessEvent at simulation time 147.000,000,000 s with resource class VehicleInfo and nice -99999800
2020-05-23 21:56:09,540 DEBUG - #preProcessEvent at simulation time 148.000,000,000 s with resource class VehicleInfo and nice -99999800
2020-05-23 21:56:09,723 DEBUG - #preProcessEvent at simulation time 149.000,000,000 s with resource class VehicleInfo and nice -99999800
2020-05-23 21:56:09,798 DEBUG - #preProcessEvent at simulation time 150.000,000,000 s with resource class VehicleInfo and nice -99999800
2020-05-23 21:56:09,989 DEBUG - #preProcessEvent at simulation time 151.000,000,000 s with resource class VehicleInfo and nice -99999800
2020-05-23 21:56:10,077 DEBUG - #preProcessEvent at simulation time 152.000,000,000 s with resource class VehicleInfo and nice -99999800
2020-05-23 21:56:10,156 DEBUG - #preProcessEvent at simulation time 153.000,000,000 s with resource class VehicleInfo and nice -99999800
2020-05-23 21:56:10,248 DEBUG - #preProcessEvent at simulation time 154.000,000,000 s with resource class VehicleInfo and nice -99999800
2020-05-23 21:56:10,275 DEBUG - #preProcessEvent at simulation time 155.000,000,000 s with resource class VehicleInfo and nice -99999800
2020-05-23 21:56:10,343 DEBUG - #preProcessEvent at simulation time 156.000,000,000 s with resource class VehicleInfo and nice -99999800
2020-05-23 21:56:10,417 DEBUG - #preProcessEvent at simulation time 157.000,000,000 s with resource class VehicleInfo and nice -99999800
2020-05-23 21:56:10,448 DEBUG - #preProcessEvent at simulation time 158.000,000,000 s with resource class VehicleInfo and nice -99999800
2020-05-23 21:56:10,482 DEBUG - #preProcessEvent at simulation time 159.000,000,000 s with resource class VehicleInfo and nice -99999800
2020-05-23 21:56:10,568 DEBUG - #preProcessEvent at simulation time 160.000,000,000 s with resource class VehicleInfo and nice -99999800
2020-05-23 21:56:10,731 DEBUG - #preProcessEvent at simulation time 161.000,000,000 s with resource class VehicleInfo and nice -99999800
2020-05-23 21:56:10,776 DEBUG - #preProcessEvent at simulation time 162.000,000,000 s with resource class VehicleInfo and nice -99999800
2020-05-23 21:56:10,902 DEBUG - #preProcessEvent at simulation time 163.000,000,000 s with resource class VehicleInfo and nice -99999800
2020-05-23 21:56:11,017 DEBUG - #preProcessEvent at simulation time 164.000,000,000 s with resource class VehicleInfo and nice -99999800
2020-05-23 21:56:11,133 DEBUG - #preProcessEvent at simulation time 165.000,000,000 s with resource class VehicleInfo and nice -99999800
2020-05-23 21:56:11,225 DEBUG - #preProcessEvent at simulation time 166.000,000,000 s with resource class VehicleInfo and nice -99999800
2020-05-23 21:56:11,585 DEBUG - #preProcessEvent at simulation time 167.000,000,000 s with resource class VehicleInfo and nice -99999800
2020-05-23 21:56:11,625 DEBUG - #preProcessEvent at simulation time 168.000,000,000 s with resource class VehicleInfo and nice -99999800
2020-05-23 21:56:11,675 DEBUG - #preProcessEvent at simulation time 169.000,000,000 s with resource class VehicleInfo and nice -99999800
2020-05-23 21:56:11,915 DEBUG - #preProcessEvent at simulation time 170.000,000,000 s with resource class VehicleInfo and nice -99999800
2020-05-23 21:56:12,057 DEBUG - #preProcessEvent at simulation time 171.000,000,000 s with resource class VehicleInfo and nice -99999800
2020-05-23 21:56:12,144 DEBUG - #preProcessEvent at simulation time 172.000,000,000 s with resource class VehicleInfo and nice -99999800
2020-05-23 21:56:12,273 DEBUG - #preProcessEvent at simulation time 173.000,000,000 s with resource class VehicleInfo and nice -99999800
2020-05-23 21:56:12,471 DEBUG - #preProcessEvent at simulation time 174.000,000,000 s with resource class VehicleInfo and nice -99999800
2020-05-23 21:56:12,611 DEBUG - #preProcessEvent at simulation time 175.000,000,000 s with resource class VehicleInfo and nice -99999800
2020-05-23 21:56:12,714 DEBUG - #preProcessEvent at simulation time 176.000,000,000 s with resource class VehicleInfo and nice -99999800
2020-05-23 21:56:12,862 DEBUG - #preProcessEvent at simulation time 177.000,000,000 s with resource class VehicleInfo and nice -99999800
2020-05-23 21:56:12,993 DEBUG - #preProcessEvent at simulation time 178.000,000,000 s with resource class VehicleInfo and nice -99999800
2020-05-23 21:56:13,131 DEBUG - #preProcessEvent at simulation time 179.000,000,000 s with resource class VehicleInfo and nice -99999800
2020-05-23 21:56:13,257 DEBUG - #preProcessEvent at simulation time 180.000,000,000 s with resource class VehicleInfo and nice -99999800
2020-05-23 21:56:13,479 DEBUG - #preProcessEvent at simulation time 181.000,000,000 s with resource class VehicleInfo and nice -99999800
2020-05-23 21:56:13,648 DEBUG - #preProcessEvent at simulation time 182.000,000,000 s with resource class VehicleInfo and nice -99999800
2020-05-23 21:56:13,760 DEBUG - #preProcessEvent at simulation time 183.000,000,000 s with resource class VehicleInfo and nice -99999800
2020-05-23 21:56:13,876 DEBUG - #preProcessEvent at simulation time 184.000,000,000 s with resource class VehicleInfo and nice -99999800
2020-05-23 21:56:14,028 DEBUG - #preProcessEvent at simulation time 185.000,000,000 s with resource class VehicleInfo and nice -99999800
2020-05-23 21:56:14,227 DEBUG - #preProcessEvent at simulation time 186.000,000,000 s with resource class VehicleInfo and nice -99999800
2020-05-23 21:56:14,278 DEBUG - #preProcessEvent at simulation time 187.000,000,000 s with resource class VehicleInfo and nice -99999800
2020-05-23 21:56:14,428 DEBUG - #preProcessEvent at simulation time 188.000,000,000 s with resource class VehicleInfo and nice -99999800
2020-05-23 21:56:14,472 DEBUG - #preProcessEvent at simulation time 189.000,000,000 s with resource class VehicleInfo and nice -99999800
2020-05-23 21:56:14,599 DEBUG - #preProcessEvent at simulation time 190.000,000,000 s with resource class VehicleInfo and nice -99999800
2020-05-23 21:56:14,785 DEBUG - #preProcessEvent at simulation time 191.000,000,000 s with resource class VehicleInfo and nice -99999800
2020-05-23 21:56:14,958 DEBUG - #preProcessEvent at simulation time 192.000,000,000 s with resource class VehicleInfo and nice -99999800
2020-05-23 21:56:15,007 DEBUG - #preProcessEvent at simulation time 193.000,000,000 s with resource class VehicleInfo and nice -99999800
2020-05-23 21:56:15,172 DEBUG - #preProcessEvent at simulation time 194.000,000,000 s with resource class VehicleInfo and nice -99999800
2020-05-23 21:56:15,235 DEBUG - #preProcessEvent at simulation time 195.000,000,000 s with resource class VehicleInfo and nice -99999800
2020-05-23 21:56:15,404 DEBUG - #preProcessEvent at simulation time 196.000,000,000 s with resource class VehicleInfo and nice -99999800
2020-05-23 21:56:15,487 DEBUG - #preProcessEvent at simulation time 197.000,000,000 s with resource class VehicleInfo and nice -99999800
2020-05-23 21:56:15,566 DEBUG - #preProcessEvent at simulation time 198.000,000,000 s with resource class VehicleInfo and nice -99999800
2020-05-23 21:56:15,674 DEBUG - #preProcessEvent at simulation time 199.000,000,000 s with resource class VehicleInfo and nice -99999800
2020-05-23 21:56:15,746 DEBUG - #preProcessEvent at simulation time 200.000,000,000 s with resource class VehicleInfo and nice -99999800
2020-05-23 21:56:15,954 DEBUG - #preProcessEvent at simulation time 201.000,000,000 s with resource class VehicleInfo and nice -99999800
2020-05-23 21:56:16,074 DEBUG - #preProcessEvent at simulation time 202.000,000,000 s with resource class VehicleInfo and nice -99999800
2020-05-23 21:56:16,122 DEBUG - #preProcessEvent at simulation time 203.000,000,000 s with resource class VehicleInfo and nice -99999800
2020-05-23 21:56:16,288 DEBUG - #preProcessEvent at simulation time 204.000,000,000 s with resource class VehicleInfo and nice -99999800
2020-05-23 21:56:16,336 DEBUG - #preProcessEvent at simulation time 205.000,000,000 s with resource class VehicleInfo and nice -99999800
2020-05-23 21:56:16,534 DEBUG - #preProcessEvent at simulation time 206.000,000,000 s with resource class VehicleInfo and nice -99999800
2020-05-23 21:56:16,617 DEBUG - #preProcessEvent at simulation time 207.000,000,000 s with resource class VehicleInfo and nice -99999800
2020-05-23 21:56:16,677 DEBUG - #preProcessEvent at simulation time 208.000,000,000 s with resource class VehicleInfo and nice -99999800
2020-05-23 21:56:16,768 DEBUG - #preProcessEvent at simulation time 209.000,000,000 s with resource class VehicleInfo and nice -99999800
2020-05-23 21:56:16,945 DEBUG - #preProcessEvent at simulation time 210.000,000,000 s with resource class VehicleInfo and nice -99999800
2020-05-23 21:56:17,086 DEBUG - #preProcessEvent at simulation time 211.000,000,000 s with resource class VehicleInfo and nice -99999800
2020-05-23 21:56:17,215 DEBUG - #preProcessEvent at simulation time 212.000,000,000 s with resource class VehicleInfo and nice -99999800
2020-05-23 21:56:17,259 DEBUG - #preProcessEvent at simulation time 213.000,000,000 s with resource class VehicleInfo and nice -99999800
2020-05-23 21:56:17,305 DEBUG - #preProcessEvent at simulation time 214.000,000,000 s with resource class VehicleInfo and nice -99999800
2020-05-23 21:56:17,477 DEBUG - #preProcessEvent at simulation time 215.000,000,000 s with resource class VehicleInfo and nice -99999800
2020-05-23 21:56:17,626 DEBUG - #preProcessEvent at simulation time 216.000,000,000 s with resource class VehicleInfo and nice -99999800
2020-05-23 21:56:17,662 DEBUG - #preProcessEvent at simulation time 217.000,000,000 s with resource class VehicleInfo and nice -99999800
2020-05-23 21:56:17,721 DEBUG - #preProcessEvent at simulation time 218.000,000,000 s with resource class VehicleInfo and nice -99999800
2020-05-23 21:56:17,846 DEBUG - #preProcessEvent at simulation time 219.000,000,000 s with resource class VehicleInfo and nice -99999800
2020-05-23 21:56:17,888 DEBUG - #preProcessEvent at simulation time 220.000,000,000 s with resource class VehicleInfo and nice -99999800
2020-05-23 21:56:18,069 DEBUG - #preProcessEvent at simulation time 221.000,000,000 s with resource class VehicleInfo and nice -99999800
2020-05-23 21:56:18,165 DEBUG - #preProcessEvent at simulation time 222.000,000,000 s with resource class VehicleInfo and nice -99999800
2020-05-23 21:56:18,204 DEBUG - #preProcessEvent at simulation time 223.000,000,000 s with resource class VehicleInfo and nice -99999800
2020-05-23 21:56:18,353 DEBUG - #preProcessEvent at simulation time 224.000,000,000 s with resource class VehicleInfo and nice -99999800
2020-05-23 21:56:18,522 DEBUG - #preProcessEvent at simulation time 225.000,000,000 s with resource class VehicleInfo and nice -99999800
2020-05-23 21:56:18,675 DEBUG - #preProcessEvent at simulation time 226.000,000,000 s with resource class VehicleInfo and nice -99999800
2020-05-23 21:56:18,778 DEBUG - #preProcessEvent at simulation time 227.000,000,000 s with resource class VehicleInfo and nice -99999800
2020-05-23 21:56:18,887 DEBUG - #preProcessEvent at simulation time 228.000,000,000 s with resource class VehicleInfo and nice -99999800
2020-05-23 21:56:18,944 DEBUG - #preProcessEvent at simulation time 229.000,000,000 s with resource class VehicleInfo and nice -99999800
2020-05-23 21:56:19,095 DEBUG - #preProcessEvent at simulation time 230.000,000,000 s with resource class VehicleInfo and nice -99999800
2020-05-23 21:56:19,182 DEBUG - #preProcessEvent at simulation time 231.000,000,000 s with resource class VehicleInfo and nice -99999800
2020-05-23 21:56:19,338 DEBUG - #preProcessEvent at simulation time 232.000,000,000 s with resource class VehicleInfo and nice -99999800
2020-05-23 21:56:19,447 DEBUG - #preProcessEvent at simulation time 233.000,000,000 s with resource class VehicleInfo and nice -99999800
2020-05-23 21:56:19,496 DEBUG - #preProcessEvent at simulation time 234.000,000,000 s with resource class VehicleInfo and nice -99999800
2020-05-23 21:56:19,642 DEBUG - #preProcessEvent at simulation time 235.000,000,000 s with resource class VehicleInfo and nice -99999800
2020-05-23 21:56:19,720 DEBUG - #preProcessEvent at simulation time 236.000,000,000 s with resource class VehicleInfo and nice -99999800
2020-05-23 21:56:19,835 DEBUG - #preProcessEvent at simulation time 237.000,000,000 s with resource class VehicleInfo and nice -99999800
2020-05-23 21:56:19,875 DEBUG - #preProcessEvent at simulation time 238.000,000,000 s with resource class VehicleInfo and nice -99999800
2020-05-23 21:56:19,936 DEBUG - #preProcessEvent at simulation time 239.000,000,000 s with resource class VehicleInfo and nice -99999800
2020-05-23 21:56:20,093 DEBUG - #preProcessEvent at simulation time 240.000,000,000 s with resource class VehicleInfo and nice -99999800
2020-05-23 21:56:20,184 DEBUG - #preProcessEvent at simulation time 241.000,000,000 s with resource class VehicleInfo and nice -99999800
2020-05-23 21:56:20,303 DEBUG - #preProcessEvent at simulation time 242.000,000,000 s with resource class VehicleInfo and nice -99999800
2020-05-23 21:56:20,412 DEBUG - #preProcessEvent at simulation time 243.000,000,000 s with resource class VehicleInfo and nice -99999800
2020-05-23 21:56:20,468 DEBUG - #preProcessEvent at simulation time 244.000,000,000 s with resource class VehicleInfo and nice -99999800
2020-05-23 21:56:20,507 DEBUG - #preProcessEvent at simulation time 245.000,000,000 s with resource class VehicleInfo and nice -99999800
2020-05-23 21:56:20,795 DEBUG - #preProcessEvent at simulation time 246.000,000,000 s with resource class VehicleInfo and nice -99999800
2020-05-23 21:56:20,874 DEBUG - #preProcessEvent at simulation time 247.000,000,000 s with resource class VehicleInfo and nice -99999800
2020-05-23 21:56:20,916 DEBUG - #preProcessEvent at simulation time 248.000,000,000 s with resource class VehicleInfo and nice -99999800
2020-05-23 21:56:21,067 DEBUG - #preProcessEvent at simulation time 249.000,000,000 s with resource class VehicleInfo and nice -99999800
2020-05-23 21:56:21,110 DEBUG - #preProcessEvent at simulation time 250.000,000,000 s with resource class VehicleInfo and nice -99999800
2020-05-23 21:56:21,310 DEBUG - #preProcessEvent at simulation time 251.000,000,000 s with resource class VehicleInfo and nice -99999800
2020-05-23 21:56:21,387 DEBUG - #preProcessEvent at simulation time 252.000,000,000 s with resource class VehicleInfo and nice -99999800
2020-05-23 21:56:21,430 DEBUG - #preProcessEvent at simulation time 253.000,000,000 s with resource class VehicleInfo and nice -99999800
2020-05-23 21:56:21,465 DEBUG - #preProcessEvent at simulation time 254.000,000,000 s with resource class VehicleInfo and nice -99999800
2020-05-23 21:56:21,535 DEBUG - #preProcessEvent at simulation time 255.000,000,000 s with resource class VehicleInfo and nice -99999800
2020-05-23 21:56:21,793 DEBUG - #preProcessEvent at simulation time 256.000,000,000 s with resource class VehicleInfo and nice -99999800
2020-05-23 21:56:21,872 DEBUG - #preProcessEvent at simulation time 257.000,000,000 s with resource class VehicleInfo and nice -99999800
2020-05-23 21:56:21,921 DEBUG - #preProcessEvent at simulation time 258.000,000,000 s with resource class VehicleInfo and nice -99999800
2020-05-23 21:56:22,389 DEBUG - #preProcessEvent at simulation time 259.000,000,000 s with resource class VehicleInfo and nice -99999800
2020-05-23 21:56:22,489 DEBUG - #preProcessEvent at simulation time 260.000,000,000 s with resource class VehicleInfo and nice -99999800
2020-05-23 21:56:22,803 DEBUG - #preProcessEvent at simulation time 261.000,000,000 s with resource class VehicleInfo and nice -99999800
2020-05-23 21:56:23,068 DEBUG - #preProcessEvent at simulation time 262.000,000,000 s with resource class VehicleInfo and nice -99999800
2020-05-23 21:56:23,231 DEBUG - #preProcessEvent at simulation time 263.000,000,000 s with resource class VehicleInfo and nice -99999800
2020-05-23 21:56:23,497 DEBUG - #preProcessEvent at simulation time 264.000,000,000 s with resource class VehicleInfo and nice -99999800
2020-05-23 21:56:23,625 DEBUG - #preProcessEvent at simulation time 265.000,000,000 s with resource class VehicleInfo and nice -99999800
2020-05-23 21:56:23,918 DEBUG - #preProcessEvent at simulation time 266.000,000,000 s with resource class VehicleInfo and nice -99999800
2020-05-23 21:56:24,038 DEBUG - #preProcessEvent at simulation time 267.000,000,000 s with resource class VehicleInfo and nice -99999800
2020-05-23 21:56:24,318 DEBUG - #preProcessEvent at simulation time 268.000,000,000 s with resource class VehicleInfo and nice -99999800
2020-05-23 21:56:24,430 DEBUG - #preProcessEvent at simulation time 269.000,000,000 s with resource class VehicleInfo and nice -99999800
2020-05-23 21:56:24,735 DEBUG - #preProcessEvent at simulation time 270.000,000,000 s with resource class VehicleInfo and nice -99999800
2020-05-23 21:56:24,832 DEBUG - #preProcessEvent at simulation time 271.000,000,000 s with resource class VehicleInfo and nice -99999800
2020-05-23 21:56:25,050 DEBUG - #preProcessEvent at simulation time 272.000,000,000 s with resource class VehicleInfo and nice -99999800
2020-05-23 21:56:25,181 DEBUG - #preProcessEvent at simulation time 273.000,000,000 s with resource class VehicleInfo and nice -99999800
2020-05-23 21:56:25,334 DEBUG - #preProcessEvent at simulation time 274.000,000,000 s with resource class VehicleInfo and nice -99999800
2020-05-23 21:56:25,588 DEBUG - #preProcessEvent at simulation time 275.000,000,000 s with resource class VehicleInfo and nice -99999800
2020-05-23 21:56:25,706 DEBUG - #preProcessEvent at simulation time 276.000,000,000 s with resource class VehicleInfo and nice -99999800
2020-05-23 21:56:25,918 DEBUG - #preProcessEvent at simulation time 277.000,000,000 s with resource class VehicleInfo and nice -99999800
2020-05-23 21:56:26,103 DEBUG - #preProcessEvent at simulation time 278.000,000,000 s with resource class VehicleInfo and nice -99999800
2020-05-23 21:56:26,260 DEBUG - #preProcessEvent at simulation time 279.000,000,000 s with resource class VehicleInfo and nice -99999800
2020-05-23 21:56:26,502 DEBUG - #preProcessEvent at simulation time 280.000,000,000 s with resource class VehicleInfo and nice -99999800
2020-05-23 21:56:26,618 DEBUG - #preProcessEvent at simulation time 281.000,000,000 s with resource class VehicleInfo and nice -99999800
2020-05-23 21:56:26,705 DEBUG - #preProcessEvent at simulation time 282.000,000,000 s with resource class VehicleInfo and nice -99999800
2020-05-23 21:56:26,964 DEBUG - #preProcessEvent at simulation time 283.000,000,000 s with resource class VehicleInfo and nice -99999800
2020-05-23 21:56:27,223 DEBUG - #preProcessEvent at simulation time 284.000,000,000 s with resource class VehicleInfo and nice -99999800
2020-05-23 21:56:27,425 DEBUG - #preProcessEvent at simulation time 285.000,000,000 s with resource class VehicleInfo and nice -99999800
2020-05-23 21:56:27,632 DEBUG - #preProcessEvent at simulation time 286.000,000,000 s with resource class VehicleInfo and nice -99999800
2020-05-23 21:56:27,818 DEBUG - #preProcessEvent at simulation time 287.000,000,000 s with resource class VehicleInfo and nice -99999800
2020-05-23 21:56:27,959 DEBUG - #preProcessEvent at simulation time 288.000,000,000 s with resource class VehicleInfo and nice -99999800
2020-05-23 21:56:28,135 DEBUG - #preProcessEvent at simulation time 289.000,000,000 s with resource class VehicleInfo and nice -99999800
2020-05-23 21:56:28,407 DEBUG - #preProcessEvent at simulation time 290.000,000,000 s with resource class VehicleInfo and nice -99999800
2020-05-23 21:56:28,507 DEBUG - #preProcessEvent at simulation time 291.000,000,000 s with resource class VehicleInfo and nice -99999800
2020-05-23 21:56:28,673 DEBUG - #preProcessEvent at simulation time 292.000,000,000 s with resource class VehicleInfo and nice -99999800
2020-05-23 21:56:28,853 DEBUG - #preProcessEvent at simulation time 293.000,000,000 s with resource class VehicleInfo and nice -99999800
2020-05-23 21:56:28,919 DEBUG - #preProcessEvent at simulation time 294.000,000,000 s with resource class VehicleInfo and nice -99999800
2020-05-23 21:56:29,161 DEBUG - #preProcessEvent at simulation time 295.000,000,000 s with resource class VehicleInfo and nice -99999800
2020-05-23 21:56:29,365 DEBUG - #preProcessEvent at simulation time 296.000,000,000 s with resource class VehicleInfo and nice -99999800
2020-05-23 21:56:29,446 DEBUG - #preProcessEvent at simulation time 297.000,000,000 s with resource class VehicleInfo and nice -99999800
2020-05-23 21:56:29,629 DEBUG - #preProcessEvent at simulation time 298.000,000,000 s with resource class VehicleInfo and nice -99999800
2020-05-23 21:56:29,714 DEBUG - #preProcessEvent at simulation time 299.000,000,000 s with resource class VehicleInfo and nice -99999800
2020-05-23 21:56:29,834 DEBUG - #preProcessEvent at simulation time 300.000,000,000 s with resource class VehicleInfo and nice -99999800
2020-05-23 21:56:30,081 DEBUG - #preProcessEvent at simulation time 301.000,000,000 s with resource class VehicleInfo and nice -99999800
2020-05-23 21:56:30,158 DEBUG - #preProcessEvent at simulation time 302.000,000,000 s with resource class VehicleInfo and nice -99999800
2020-05-23 21:56:30,220 DEBUG - #preProcessEvent at simulation time 303.000,000,000 s with resource class VehicleInfo and nice -99999800
2020-05-23 21:56:30,277 DEBUG - #preProcessEvent at simulation time 304.000,000,000 s with resource class VehicleInfo and nice -99999800
2020-05-23 21:56:30,420 DEBUG - #preProcessEvent at simulation time 305.000,000,000 s with resource class VehicleInfo and nice -99999800
2020-05-23 21:56:30,614 DEBUG - #preProcessEvent at simulation time 306.000,000,000 s with resource class VehicleInfo and nice -99999800
2020-05-23 21:56:30,763 DEBUG - #preProcessEvent at simulation time 307.000,000,000 s with resource class VehicleInfo and nice -99999800
2020-05-23 21:56:30,886 DEBUG - #preProcessEvent at simulation time 308.000,000,000 s with resource class VehicleInfo and nice -99999800
2020-05-23 21:56:30,949 DEBUG - #preProcessEvent at simulation time 309.000,000,000 s with resource class VehicleInfo and nice -99999800
2020-05-23 21:56:31,144 DEBUG - #preProcessEvent at simulation time 310.000,000,000 s with resource class VehicleInfo and nice -99999800
2020-05-23 21:56:31,312 DEBUG - #preProcessEvent at simulation time 311.000,000,000 s with resource class VehicleInfo and nice -99999800
2020-05-23 21:56:31,367 DEBUG - #preProcessEvent at simulation time 312.000,000,000 s with resource class VehicleInfo and nice -99999800
2020-05-23 21:56:31,433 DEBUG - #preProcessEvent at simulation time 313.000,000,000 s with resource class VehicleInfo and nice -99999800
2020-05-23 21:56:31,481 DEBUG - #preProcessEvent at simulation time 314.000,000,000 s with resource class VehicleInfo and nice -99999800
2020-05-23 21:56:31,761 DEBUG - #preProcessEvent at simulation time 315.000,000,000 s with resource class VehicleInfo and nice -99999800
2020-05-23 21:56:31,882 DEBUG - #preProcessEvent at simulation time 316.000,000,000 s with resource class VehicleInfo and nice -99999800
2020-05-23 21:56:31,970 DEBUG - #preProcessEvent at simulation time 317.000,000,000 s with resource class VehicleInfo and nice -99999800
2020-05-23 21:56:32,090 DEBUG - #preProcessEvent at simulation time 318.000,000,000 s with resource class VehicleInfo and nice -99999800
2020-05-23 21:56:32,193 DEBUG - #preProcessEvent at simulation time 319.000,000,000 s with resource class VehicleInfo and nice -99999800
2020-05-23 21:56:32,345 DEBUG - #preProcessEvent at simulation time 320.000,000,000 s with resource class VehicleInfo and nice -99999800
2020-05-23 21:56:32,490 DEBUG - #preProcessEvent at simulation time 321.000,000,000 s with resource class VehicleInfo and nice -99999800
2020-05-23 21:56:32,588 DEBUG - #preProcessEvent at simulation time 322.000,000,000 s with resource class VehicleInfo and nice -99999800
2020-05-23 21:56:32,685 DEBUG - #preProcessEvent at simulation time 323.000,000,000 s with resource class VehicleInfo and nice -99999800
2020-05-23 21:56:32,739 DEBUG - #preProcessEvent at simulation time 324.000,000,000 s with resource class VehicleInfo and nice -99999800
2020-05-23 21:56:32,912 DEBUG - #preProcessEvent at simulation time 325.000,000,000 s with resource class VehicleInfo and nice -99999800
2020-05-23 21:56:33,032 DEBUG - #preProcessEvent at simulation time 326.000,000,000 s with resource class VehicleInfo and nice -99999800
2020-05-23 21:56:33,165 DEBUG - #preProcessEvent at simulation time 327.000,000,000 s with resource class VehicleInfo and nice -99999800
2020-05-23 21:56:33,266 DEBUG - #preProcessEvent at simulation time 328.000,000,000 s with resource class VehicleInfo and nice -99999800
2020-05-23 21:56:33,307 DEBUG - #preProcessEvent at simulation time 329.000,000,000 s with resource class VehicleInfo and nice -99999800
2020-05-23 21:56:33,484 DEBUG - #preProcessEvent at simulation time 330.000,000,000 s with resource class VehicleInfo and nice -99999800
2020-05-23 21:56:33,598 DEBUG - #preProcessEvent at simulation time 331.000,000,000 s with resource class VehicleInfo and nice -99999800
2020-05-23 21:56:33,665 DEBUG - #preProcessEvent at simulation time 332.000,000,000 s with resource class VehicleInfo and nice -99999800
2020-05-23 21:56:33,735 DEBUG - #preProcessEvent at simulation time 333.000,000,000 s with resource class VehicleInfo and nice -99999800
2020-05-23 21:56:33,840 DEBUG - #preProcessEvent at simulation time 334.000,000,000 s with resource class VehicleInfo and nice -99999800
2020-05-23 21:56:33,892 DEBUG - #preProcessEvent at simulation time 335.000,000,000 s with resource class VehicleInfo and nice -99999800
2020-05-23 21:56:34,094 DEBUG - #preProcessEvent at simulation time 336.000,000,000 s with resource class VehicleInfo and nice -99999800
2020-05-23 21:56:34,188 DEBUG - #preProcessEvent at simulation time 337.000,000,000 s with resource class VehicleInfo and nice -99999800
2020-05-23 21:56:34,244 DEBUG - #preProcessEvent at simulation time 338.000,000,000 s with resource class VehicleInfo and nice -99999800
2020-05-23 21:56:34,298 DEBUG - #preProcessEvent at simulation time 339.000,000,000 s with resource class VehicleInfo and nice -99999800
2020-05-23 21:56:34,548 DEBUG - #preProcessEvent at simulation time 340.000,000,000 s with resource class VehicleInfo and nice -99999800
2020-05-23 21:56:34,688 DEBUG - #preProcessEvent at simulation time 341.000,000,000 s with resource class VehicleInfo and nice -99999800
2020-05-23 21:56:34,901 DEBUG - #preProcessEvent at simulation time 342.000,000,000 s with resource class VehicleInfo and nice -99999800
2020-05-23 21:56:34,979 DEBUG - #preProcessEvent at simulation time 343.000,000,000 s with resource class VehicleInfo and nice -99999800
2020-05-23 21:56:35,137 DEBUG - #preProcessEvent at simulation time 344.000,000,000 s with resource class VehicleInfo and nice -99999800
2020-05-23 21:56:35,257 DEBUG - #preProcessEvent at simulation time 345.000,000,000 s with resource class VehicleInfo and nice -99999800
2020-05-23 21:56:35,329 DEBUG - #preProcessEvent at simulation time 346.000,000,000 s with resource class VehicleInfo and nice -99999800
2020-05-23 21:56:35,399 DEBUG - #preProcessEvent at simulation time 347.000,000,000 s with resource class VehicleInfo and nice -99999800
2020-05-23 21:56:35,443 DEBUG - #preProcessEvent at simulation time 348.000,000,000 s with resource class VehicleInfo and nice -99999800
2020-05-23 21:56:35,477 DEBUG - #preProcessEvent at simulation time 349.000,000,000 s with resource class VehicleInfo and nice -99999800
2020-05-23 21:56:35,533 DEBUG - #preProcessEvent at simulation time 350.000,000,000 s with resource class VehicleInfo and nice -99999800
2020-05-23 21:56:35,777 DEBUG - #preProcessEvent at simulation time 351.000,000,000 s with resource class VehicleInfo and nice -99999800
2020-05-23 21:56:35,837 DEBUG - #preProcessEvent at simulation time 352.000,000,000 s with resource class VehicleInfo and nice -99999800
2020-05-23 21:56:35,878 DEBUG - #preProcessEvent at simulation time 353.000,000,000 s with resource class VehicleInfo and nice -99999800
2020-05-23 21:56:35,963 DEBUG - #preProcessEvent at simulation time 354.000,000,000 s with resource class VehicleInfo and nice -99999800
2020-05-23 21:56:36,123 DEBUG - #preProcessEvent at simulation time 355.000,000,000 s with resource class VehicleInfo and nice -99999800
2020-05-23 21:56:36,258 DEBUG - #preProcessEvent at simulation time 356.000,000,000 s with resource class VehicleInfo and nice -99999800
2020-05-23 21:56:36,307 DEBUG - #preProcessEvent at simulation time 357.000,000,000 s with resource class VehicleInfo and nice -99999800
2020-05-23 21:56:36,457 DEBUG - #preProcessEvent at simulation time 358.000,000,000 s with resource class VehicleInfo and nice -99999800
2020-05-23 21:56:36,496 DEBUG - #preProcessEvent at simulation time 359.000,000,000 s with resource class VehicleInfo and nice -99999800
2020-05-23 21:56:36,681 DEBUG - #preProcessEvent at simulation time 360.000,000,000 s with resource class VehicleInfo and nice -99999800
2020-05-23 21:56:36,915 DEBUG - #preProcessEvent at simulation time 361.000,000,000 s with resource class VehicleInfo and nice -99999800
2020-05-23 21:56:36,963 DEBUG - #preProcessEvent at simulation time 362.000,000,000 s with resource class VehicleInfo and nice -99999800
2020-05-23 21:56:37,146 DEBUG - #preProcessEvent at simulation time 363.000,000,000 s with resource class VehicleInfo and nice -99999800
2020-05-23 21:56:37,287 DEBUG - #preProcessEvent at simulation time 364.000,000,000 s with resource class VehicleInfo and nice -99999800
2020-05-23 21:56:37,337 DEBUG - #preProcessEvent at simulation time 365.000,000,000 s with resource class VehicleInfo and nice -99999800
2020-05-23 21:56:37,558 DEBUG - #preProcessEvent at simulation time 366.000,000,000 s with resource class VehicleInfo and nice -99999800
2020-05-23 21:56:37,653 DEBUG - #preProcessEvent at simulation time 367.000,000,000 s with resource class VehicleInfo and nice -99999800
2020-05-23 21:56:37,768 DEBUG - #preProcessEvent at simulation time 368.000,000,000 s with resource class VehicleInfo and nice -99999800
2020-05-23 21:56:37,847 DEBUG - #preProcessEvent at simulation time 369.000,000,000 s with resource class VehicleInfo and nice -99999800
2020-05-23 21:56:37,887 DEBUG - #preProcessEvent at simulation time 370.000,000,000 s with resource class VehicleInfo and nice -99999800
2020-05-23 21:56:38,106 DEBUG - #preProcessEvent at simulation time 371.000,000,000 s with resource class VehicleInfo and nice -99999800
2020-05-23 21:56:38,223 DEBUG - #preProcessEvent at simulation time 372.000,000,000 s with resource class VehicleInfo and nice -99999800
2020-05-23 21:56:38,321 DEBUG - #preProcessEvent at simulation time 373.000,000,000 s with resource class VehicleInfo and nice -99999800
2020-05-23 21:56:38,486 DEBUG - #preProcessEvent at simulation time 374.000,000,000 s with resource class VehicleInfo and nice -99999800
2020-05-23 21:56:38,547 DEBUG - #preProcessEvent at simulation time 375.000,000,000 s with resource class VehicleInfo and nice -99999800
2020-05-23 21:56:38,686 DEBUG - #preProcessEvent at simulation time 376.000,000,000 s with resource class VehicleInfo and nice -99999800
2020-05-23 21:56:38,820 DEBUG - #preProcessEvent at simulation time 377.000,000,000 s with resource class VehicleInfo and nice -99999800
2020-05-23 21:56:38,900 DEBUG - #preProcessEvent at simulation time 378.000,000,000 s with resource class VehicleInfo and nice -99999800
2020-05-23 21:56:38,965 DEBUG - #preProcessEvent at simulation time 379.000,000,000 s with resource class VehicleInfo and nice -99999800
2020-05-23 21:56:39,113 DEBUG - #preProcessEvent at simulation time 380.000,000,000 s with resource class VehicleInfo and nice -99999800
2020-05-23 21:56:39,197 DEBUG - #preProcessEvent at simulation time 381.000,000,000 s with resource class VehicleInfo and nice -99999800
2020-05-23 21:56:39,401 DEBUG - #preProcessEvent at simulation time 382.000,000,000 s with resource class VehicleInfo and nice -99999800
2020-05-23 21:56:39,476 DEBUG - #preProcessEvent at simulation time 383.000,000,000 s with resource class VehicleInfo and nice -99999800
2020-05-23 21:56:39,519 DEBUG - #preProcessEvent at simulation time 384.000,000,000 s with resource class VehicleInfo and nice -99999800
2020-05-23 21:56:39,679 DEBUG - #preProcessEvent at simulation time 385.000,000,000 s with resource class VehicleInfo and nice -99999800
2020-05-23 21:56:39,746 DEBUG - #preProcessEvent at simulation time 386.000,000,000 s with resource class VehicleInfo and nice -99999800
2020-05-23 21:56:39,902 DEBUG - #preProcessEvent at simulation time 387.000,000,000 s with resource class VehicleInfo and nice -99999800
2020-05-23 21:56:39,988 DEBUG - #preProcessEvent at simulation time 388.000,000,000 s with resource class VehicleInfo and nice -99999800
2020-05-23 21:56:40,120 DEBUG - #preProcessEvent at simulation time 389.000,000,000 s with resource class VehicleInfo and nice -99999800
2020-05-23 21:56:40,164 DEBUG - #preProcessEvent at simulation time 390.000,000,000 s with resource class VehicleInfo and nice -99999800
2020-05-23 21:56:40,299 DEBUG - #preProcessEvent at simulation time 391.000,000,000 s with resource class VehicleInfo and nice -99999800
2020-05-23 21:56:40,344 DEBUG - #preProcessEvent at simulation time 392.000,000,000 s with resource class VehicleInfo and nice -99999800
2020-05-23 21:56:40,397 DEBUG - #preProcessEvent at simulation time 393.000,000,000 s with resource class VehicleInfo and nice -99999800
2020-05-23 21:56:40,446 DEBUG - #preProcessEvent at simulation time 394.000,000,000 s with resource class VehicleInfo and nice -99999800
2020-05-23 21:56:40,549 DEBUG - #preProcessEvent at simulation time 395.000,000,000 s with resource class VehicleInfo and nice -99999800
2020-05-23 21:56:40,841 DEBUG - #preProcessEvent at simulation time 396.000,000,000 s with resource class VehicleInfo and nice -99999800
2020-05-23 21:56:40,884 DEBUG - #preProcessEvent at simulation time 397.000,000,000 s with resource class VehicleInfo and nice -99999800
2020-05-23 21:56:41,045 DEBUG - #preProcessEvent at simulation time 398.000,000,000 s with resource class VehicleInfo and nice -99999800
2020-05-23 21:56:41,090 DEBUG - #preProcessEvent at simulation time 399.000,000,000 s with resource class VehicleInfo and nice -99999800
2020-05-23 21:56:41,183 DEBUG - #preProcessEvent at simulation time 400.000,000,000 s with resource class VehicleInfo and nice -99999800
2020-05-23 21:56:41,361 DEBUG - #preProcessEvent at simulation time 401.000,000,000 s with resource class VehicleInfo and nice -99999800
2020-05-23 21:56:41,484 DEBUG - #preProcessEvent at simulation time 402.000,000,000 s with resource class VehicleInfo and nice -99999800
2020-05-23 21:56:41,549 DEBUG - #preProcessEvent at simulation time 403.000,000,000 s with resource class VehicleInfo and nice -99999800
2020-05-23 21:56:41,640 DEBUG - #preProcessEvent at simulation time 404.000,000,000 s with resource class VehicleInfo and nice -99999800
2020-05-23 21:56:41,671 DEBUG - #preProcessEvent at simulation time 405.000,000,000 s with resource class VehicleInfo and nice -99999800
2020-05-23 21:56:41,749 DEBUG - #preProcessEvent at simulation time 406.000,000,000 s with resource class VehicleInfo and nice -99999800
2020-05-23 21:56:41,814 DEBUG - #preProcessEvent at simulation time 407.000,000,000 s with resource class VehicleInfo and nice -99999800
2020-05-23 21:56:41,851 DEBUG - #preProcessEvent at simulation time 408.000,000,000 s with resource class VehicleInfo and nice -99999800
2020-05-23 21:56:41,929 DEBUG - #preProcessEvent at simulation time 409.000,000,000 s with resource class VehicleInfo and nice -99999800
2020-05-23 21:56:42,063 DEBUG - #preProcessEvent at simulation time 410.000,000,000 s with resource class VehicleInfo and nice -99999800
2020-05-23 21:56:42,125 DEBUG - #preProcessEvent at simulation time 411.000,000,000 s with resource class VehicleInfo and nice -99999800
2020-05-23 21:56:42,181 DEBUG - #preProcessEvent at simulation time 412.000,000,000 s with resource class VehicleInfo and nice -99999800
2020-05-23 21:56:42,215 DEBUG - #preProcessEvent at simulation time 413.000,000,000 s with resource class VehicleInfo and nice -99999800
2020-05-23 21:56:42,273 DEBUG - #preProcessEvent at simulation time 414.000,000,000 s with resource class VehicleInfo and nice -99999800
2020-05-23 21:56:42,354 DEBUG - #preProcessEvent at simulation time 415.000,000,000 s with resource class VehicleInfo and nice -99999800
2020-05-23 21:56:42,487 DEBUG - #preProcessEvent at simulation time 416.000,000,000 s with resource class VehicleInfo and nice -99999800
2020-05-23 21:56:42,541 DEBUG - #preProcessEvent at simulation time 417.000,000,000 s with resource class VehicleInfo and nice -99999800
2020-05-23 21:56:42,597 DEBUG - #preProcessEvent at simulation time 418.000,000,000 s with resource class VehicleInfo and nice -99999800
2020-05-23 21:56:42,630 DEBUG - #preProcessEvent at simulation time 419.000,000,000 s with resource class VehicleInfo and nice -99999800
2020-05-23 21:56:42,680 DEBUG - #preProcessEvent at simulation time 420.000,000,000 s with resource class VehicleInfo and nice -99999800
2020-05-23 21:56:42,813 DEBUG - #preProcessEvent at simulation time 421.000,000,000 s with resource class VehicleInfo and nice -99999800
2020-05-23 21:56:42,854 DEBUG - #preProcessEvent at simulation time 422.000,000,000 s with resource class VehicleInfo and nice -99999800
2020-05-23 21:56:42,901 DEBUG - #preProcessEvent at simulation time 423.000,000,000 s with resource class VehicleInfo and nice -99999800
2020-05-23 21:56:42,987 DEBUG - #preProcessEvent at simulation time 424.000,000,000 s with resource class VehicleInfo and nice -99999800
2020-05-23 21:56:43,020 DEBUG - #preProcessEvent at simulation time 425.000,000,000 s with resource class VehicleInfo and nice -99999800
2020-05-23 21:56:43,103 DEBUG - #preProcessEvent at simulation time 426.000,000,000 s with resource class VehicleInfo and nice -99999800
2020-05-23 21:56:43,209 DEBUG - #preProcessEvent at simulation time 427.000,000,000 s with resource class VehicleInfo and nice -99999800
2020-05-23 21:56:43,244 DEBUG - #preProcessEvent at simulation time 428.000,000,000 s with resource class VehicleInfo and nice -99999800
2020-05-23 21:56:43,273 DEBUG - #preProcessEvent at simulation time 429.000,000,000 s with resource class VehicleInfo and nice -99999800
2020-05-23 21:56:43,337 DEBUG - #preProcessEvent at simulation time 430.000,000,000 s with resource class VehicleInfo and nice -99999800
2020-05-23 21:56:43,412 DEBUG - #preProcessEvent at simulation time 431.000,000,000 s with resource class VehicleInfo and nice -99999800
2020-05-23 21:56:43,454 DEBUG - #preProcessEvent at simulation time 432.000,000,000 s with resource class VehicleInfo and nice -99999800
2020-05-23 21:56:43,550 DEBUG - #preProcessEvent at simulation time 433.000,000,000 s with resource class VehicleInfo and nice -99999800
2020-05-23 21:56:43,641 DEBUG - #preProcessEvent at simulation time 434.000,000,000 s with resource class VehicleInfo and nice -99999800
2020-05-23 21:56:43,685 DEBUG - #preProcessEvent at simulation time 435.000,000,000 s with resource class VehicleInfo and nice -99999800
2020-05-23 21:56:43,762 DEBUG - #preProcessEvent at simulation time 436.000,000,000 s with resource class VehicleInfo and nice -99999800
2020-05-23 21:56:43,848 DEBUG - #preProcessEvent at simulation time 437.000,000,000 s with resource class VehicleInfo and nice -99999800
2020-05-23 21:56:43,883 DEBUG - #preProcessEvent at simulation time 438.000,000,000 s with resource class VehicleInfo and nice -99999800
2020-05-23 21:56:43,969 DEBUG - #preProcessEvent at simulation time 439.000,000,000 s with resource class VehicleInfo and nice -99999800
2020-05-23 21:56:44,028 DEBUG - #preProcessEvent at simulation time 440.000,000,000 s with resource class VehicleInfo and nice -99999800
2020-05-23 21:56:44,073 DEBUG - #preProcessEvent at simulation time 441.000,000,000 s with resource class VehicleInfo and nice -99999800
2020-05-23 21:56:44,182 DEBUG - #preProcessEvent at simulation time 442.000,000,000 s with resource class VehicleInfo and nice -99999800
2020-05-23 21:56:44,220 DEBUG - #preProcessEvent at simulation time 443.000,000,000 s with resource class VehicleInfo and nice -99999800
2020-05-23 21:56:44,248 DEBUG - #preProcessEvent at simulation time 444.000,000,000 s with resource class VehicleInfo and nice -99999800
2020-05-23 21:56:44,280 DEBUG - #preProcessEvent at simulation time 445.000,000,000 s with resource class VehicleInfo and nice -99999800
2020-05-23 21:56:44,400 DEBUG - #preProcessEvent at simulation time 446.000,000,000 s with resource class VehicleInfo and nice -99999800
2020-05-23 21:56:44,453 DEBUG - #preProcessEvent at simulation time 447.000,000,000 s with resource class VehicleInfo and nice -99999800
2020-05-23 21:56:44,511 DEBUG - #preProcessEvent at simulation time 448.000,000,000 s with resource class VehicleInfo and nice -99999800
2020-05-23 21:56:44,650 DEBUG - #preProcessEvent at simulation time 449.000,000,000 s with resource class VehicleInfo and nice -99999800
2020-05-23 21:56:44,705 DEBUG - #preProcessEvent at simulation time 450.000,000,000 s with resource class VehicleInfo and nice -99999800
2020-05-23 21:56:44,808 DEBUG - #preProcessEvent at simulation time 451.000,000,000 s with resource class VehicleInfo and nice -99999800
2020-05-23 21:56:44,847 DEBUG - #preProcessEvent at simulation time 452.000,000,000 s with resource class VehicleInfo and nice -99999800
2020-05-23 21:56:44,923 DEBUG - #preProcessEvent at simulation time 453.000,000,000 s with resource class VehicleInfo and nice -99999800
2020-05-23 21:56:44,994 DEBUG - #preProcessEvent at simulation time 454.000,000,000 s with resource class VehicleInfo and nice -99999800
2020-05-23 21:56:45,025 DEBUG - #preProcessEvent at simulation time 455.000,000,000 s with resource class VehicleInfo and nice -99999800
2020-05-23 21:56:45,080 DEBUG - #preProcessEvent at simulation time 456.000,000,000 s with resource class VehicleInfo and nice -99999800
2020-05-23 21:56:45,215 DEBUG - #preProcessEvent at simulation time 457.000,000,000 s with resource class VehicleInfo and nice -99999800
2020-05-23 21:56:45,251 DEBUG - #preProcessEvent at simulation time 458.000,000,000 s with resource class VehicleInfo and nice -99999800
2020-05-23 21:56:45,280 DEBUG - #preProcessEvent at simulation time 459.000,000,000 s with resource class VehicleInfo and nice -99999800
2020-05-23 21:56:45,333 DEBUG - #preProcessEvent at simulation time 460.000,000,000 s with resource class VehicleInfo and nice -99999800
2020-05-23 21:56:45,425 DEBUG - #preProcessEvent at simulation time 461.000,000,000 s with resource class VehicleInfo and nice -99999800
2020-05-23 21:56:45,454 DEBUG - #preProcessEvent at simulation time 462.000,000,000 s with resource class VehicleInfo and nice -99999800
2020-05-23 21:56:45,481 DEBUG - #preProcessEvent at simulation time 463.000,000,000 s with resource class VehicleInfo and nice -99999800
2020-05-23 21:56:45,512 DEBUG - #preProcessEvent at simulation time 464.000,000,000 s with resource class VehicleInfo and nice -99999800
2020-05-23 21:56:45,611 DEBUG - #preProcessEvent at simulation time 465.000,000,000 s with resource class VehicleInfo and nice -99999800
2020-05-23 21:56:45,722 DEBUG - #preProcessEvent at simulation time 466.000,000,000 s with resource class VehicleInfo and nice -99999800
2020-05-23 21:56:45,812 DEBUG - #preProcessEvent at simulation time 467.000,000,000 s with resource class VehicleInfo and nice -99999800
2020-05-23 21:56:45,844 DEBUG - #preProcessEvent at simulation time 468.000,000,000 s with resource class VehicleInfo and nice -99999800
2020-05-23 21:56:45,885 DEBUG - #preProcessEvent at simulation time 469.000,000,000 s with resource class VehicleInfo and nice -99999800
2020-05-23 21:56:45,936 DEBUG - #preProcessEvent at simulation time 470.000,000,000 s with resource class VehicleInfo and nice -99999800
2020-05-23 21:56:46,050 DEBUG - #preProcessEvent at simulation time 471.000,000,000 s with resource class VehicleInfo and nice -99999800
2020-05-23 21:56:46,079 DEBUG - #preProcessEvent at simulation time 472.000,000,000 s with resource class VehicleInfo and nice -99999800
2020-05-23 21:56:46,118 DEBUG - #preProcessEvent at simulation time 473.000,000,000 s with resource class VehicleInfo and nice -99999800
2020-05-23 21:56:46,185 DEBUG - #preProcessEvent at simulation time 474.000,000,000 s with resource class VehicleInfo and nice -99999800
2020-05-23 21:56:46,225 DEBUG - #preProcessEvent at simulation time 475.000,000,000 s with resource class VehicleInfo and nice -99999800
2020-05-23 21:56:46,271 DEBUG - #preProcessEvent at simulation time 476.000,000,000 s with resource class VehicleInfo and nice -99999800
2020-05-23 21:56:46,303 DEBUG - #preProcessEvent at simulation time 477.000,000,000 s with resource class VehicleInfo and nice -99999800
2020-05-23 21:56:46,391 DEBUG - #preProcessEvent at simulation time 478.000,000,000 s with resource class VehicleInfo and nice -99999800
2020-05-23 21:56:46,420 DEBUG - #preProcessEvent at simulation time 479.000,000,000 s with resource class VehicleInfo and nice -99999800
2020-05-23 21:56:46,453 DEBUG - #preProcessEvent at simulation time 480.000,000,000 s with resource class VehicleInfo and nice -99999800
2020-05-23 21:56:46,496 DEBUG - #preProcessEvent at simulation time 481.000,000,000 s with resource class VehicleInfo and nice -99999800
2020-05-23 21:56:46,556 DEBUG - #preProcessEvent at simulation time 482.000,000,000 s with resource class VehicleInfo and nice -99999800
2020-05-23 21:56:46,583 DEBUG - #preProcessEvent at simulation time 483.000,000,000 s with resource class VehicleInfo and nice -99999800
2020-05-23 21:56:46,614 DEBUG - #preProcessEvent at simulation time 484.000,000,000 s with resource class VehicleInfo and nice -99999800
2020-05-23 21:56:46,650 DEBUG - #preProcessEvent at simulation time 485.000,000,000 s with resource class VehicleInfo and nice -99999800
2020-05-23 21:56:46,694 DEBUG - #preProcessEvent at simulation time 486.000,000,000 s with resource class VehicleInfo and nice -99999800
2020-05-23 21:56:46,746 DEBUG - #preProcessEvent at simulation time 487.000,000,000 s with resource class VehicleInfo and nice -99999800
2020-05-23 21:56:46,825 DEBUG - #preProcessEvent at simulation time 488.000,000,000 s with resource class VehicleInfo and nice -99999800
2020-05-23 21:56:46,857 DEBUG - #preProcessEvent at simulation time 489.000,000,000 s with resource class VehicleInfo and nice -99999800
2020-05-23 21:56:46,884 DEBUG - #preProcessEvent at simulation time 490.000,000,000 s with resource class VehicleInfo and nice -99999800
2020-05-23 21:56:46,952 DEBUG - #preProcessEvent at simulation time 491.000,000,000 s with resource class VehicleInfo and nice -99999800
2020-05-23 21:56:46,981 DEBUG - #preProcessEvent at simulation time 492.000,000,000 s with resource class VehicleInfo and nice -99999800
2020-05-23 21:56:47,004 DEBUG - #preProcessEvent at simulation time 493.000,000,000 s with resource class VehicleInfo and nice -99999800
2020-05-23 21:56:47,028 DEBUG - #preProcessEvent at simulation time 494.000,000,000 s with resource class VehicleInfo and nice -99999800
2020-05-23 21:56:47,054 DEBUG - #preProcessEvent at simulation time 495.000,000,000 s with resource class VehicleInfo and nice -99999800
2020-05-23 21:56:47,100 DEBUG - #preProcessEvent at simulation time 496.000,000,000 s with resource class VehicleInfo and nice -99999800
2020-05-23 21:56:47,153 DEBUG - #preProcessEvent at simulation time 497.000,000,000 s with resource class VehicleInfo and nice -99999800
2020-05-23 21:56:47,184 DEBUG - #preProcessEvent at simulation time 498.000,000,000 s with resource class VehicleInfo and nice -99999800
2020-05-23 21:56:47,216 DEBUG - #preProcessEvent at simulation time 499.000,000,000 s with resource class VehicleInfo and nice -99999800
2020-05-23 21:56:47,244 DEBUG - #preProcessEvent at simulation time 500.000,000,000 s with resource class VehicleInfo and nice -99999800
2020-05-23 21:56:47,332 DEBUG - #preProcessEvent at simulation time 501.000,000,000 s with resource class VehicleInfo and nice -99999800
2020-05-23 21:56:47,363 DEBUG - #preProcessEvent at simulation time 502.000,000,000 s with resource class VehicleInfo and nice -99999800
2020-05-23 21:56:47,388 DEBUG - #preProcessEvent at simulation time 503.000,000,000 s with resource class VehicleInfo and nice -99999800
2020-05-23 21:56:47,412 DEBUG - #preProcessEvent at simulation time 504.000,000,000 s with resource class VehicleInfo and nice -99999800
2020-05-23 21:56:47,434 DEBUG - #preProcessEvent at simulation time 505.000,000,000 s with resource class VehicleInfo and nice -99999800
2020-05-23 21:56:47,466 DEBUG - #preProcessEvent at simulation time 506.000,000,000 s with resource class VehicleInfo and nice -99999800
2020-05-23 21:56:47,488 DEBUG - #preProcessEvent at simulation time 507.000,000,000 s with resource class VehicleInfo and nice -99999800
2020-05-23 21:56:47,528 DEBUG - #preProcessEvent at simulation time 508.000,000,000 s with resource class VehicleInfo and nice -99999800
2020-05-23 21:56:47,556 DEBUG - #preProcessEvent at simulation time 509.000,000,000 s with resource class VehicleInfo and nice -99999800
2020-05-23 21:56:47,577 DEBUG - #preProcessEvent at simulation time 510.000,000,000 s with resource class VehicleInfo and nice -99999800
2020-05-23 21:56:47,607 DEBUG - #preProcessEvent at simulation time 511.000,000,000 s with resource class VehicleInfo and nice -99999800
2020-05-23 21:56:47,630 DEBUG - #preProcessEvent at simulation time 512.000,000,000 s with resource class VehicleInfo and nice -99999800
2020-05-23 21:56:47,652 DEBUG - #preProcessEvent at simulation time 513.000,000,000 s with resource class VehicleInfo and nice -99999800
2020-05-23 21:56:47,672 DEBUG - #preProcessEvent at simulation time 514.000,000,000 s with resource class VehicleInfo and nice -99999800
2020-05-23 21:56:47,694 DEBUG - #preProcessEvent at simulation time 515.000,000,000 s with resource class VehicleInfo and nice -99999800
2020-05-23 21:56:47,752 DEBUG - #preProcessEvent at simulation time 516.000,000,000 s with resource class VehicleInfo and nice -99999800
2020-05-23 21:56:47,776 DEBUG - #preProcessEvent at simulation time 517.000,000,000 s with resource class VehicleInfo and nice -99999800
2020-05-23 21:56:47,799 DEBUG - #preProcessEvent at simulation time 518.000,000,000 s with resource class VehicleInfo and nice -99999800
2020-05-23 21:56:47,816 DEBUG - #preProcessEvent at simulation time 519.000,000,000 s with resource class VehicleInfo and nice -99999800
2020-05-23 21:56:47,836 DEBUG - #preProcessEvent at simulation time 520.000,000,000 s with resource class VehicleInfo and nice -99999800
2020-05-23 21:56:47,863 DEBUG - #preProcessEvent at simulation time 521.000,000,000 s with resource class VehicleInfo and nice -99999800
2020-05-23 21:56:47,881 DEBUG - #preProcessEvent at simulation time 522.000,000,000 s with resource class VehicleInfo and nice -99999800
2020-05-23 21:56:47,903 DEBUG - #preProcessEvent at simulation time 523.000,000,000 s with resource class VehicleInfo and nice -99999800
2020-05-23 21:56:47,930 DEBUG - #preProcessEvent at simulation time 524.000,000,000 s with resource class VehicleInfo and nice -99999800
2020-05-23 21:56:47,951 DEBUG - #preProcessEvent at simulation time 525.000,000,000 s with resource class VehicleInfo and nice -99999800
2020-05-23 21:56:47,979 DEBUG - #preProcessEvent at simulation time 526.000,000,000 s with resource class VehicleInfo and nice -99999800
2020-05-23 21:56:47,993 DEBUG - #preProcessEvent at simulation time 527.000,000,000 s with resource class VehicleInfo and nice -99999800
2020-05-23 21:56:48,017 DEBUG - #preProcessEvent at simulation time 528.000,000,000 s with resource class VehicleInfo and nice -99999800
2020-05-23 21:56:48,033 DEBUG - #preProcessEvent at simulation time 529.000,000,000 s with resource class VehicleInfo and nice -99999800
2020-05-23 21:56:48,047 DEBUG - #preProcessEvent at simulation time 530.000,000,000 s with resource class VehicleInfo and nice -99999800
2020-05-23 21:56:48,078 DEBUG - #preProcessEvent at simulation time 531.000,000,000 s with resource class VehicleInfo and nice -99999800
2020-05-23 21:56:48,090 DEBUG - #preProcessEvent at simulation time 532.000,000,000 s with resource class VehicleInfo and nice -99999800
2020-05-23 21:56:48,116 DEBUG - #preProcessEvent at simulation time 533.000,000,000 s with resource class VehicleInfo and nice -99999800
2020-05-23 21:56:48,130 DEBUG - #preProcessEvent at simulation time 534.000,000,000 s with resource class VehicleInfo and nice -99999800
2020-05-23 21:56:48,147 DEBUG - #preProcessEvent at simulation time 535.000,000,000 s with resource class VehicleInfo and nice -99999800
2020-05-23 21:56:48,170 DEBUG - #preProcessEvent at simulation time 536.000,000,000 s with resource class VehicleInfo and nice -99999800
2020-05-23 21:56:48,182 DEBUG - #preProcessEvent at simulation time 537.000,000,000 s with resource class VehicleInfo and nice -99999800
2020-05-23 21:56:48,195 DEBUG - #preProcessEvent at simulation time 538.000,000,000 s with resource class VehicleInfo and nice -99999800
2020-05-23 21:56:48,213 DEBUG - #preProcessEvent at simulation time 539.000,000,000 s with resource class VehicleInfo and nice -99999800
2020-05-23 21:56:48,232 DEBUG - #preProcessEvent at simulation time 540.000,000,000 s with resource class VehicleInfo and nice -99999800
2020-05-23 21:56:48,254 DEBUG - #preProcessEvent at simulation time 541.000,000,000 s with resource class VehicleInfo and nice -99999800
2020-05-23 21:56:48,271 DEBUG - #preProcessEvent at simulation time 542.000,000,000 s with resource class VehicleInfo and nice -99999800
2020-05-23 21:56:48,284 DEBUG - #preProcessEvent at simulation time 543.000,000,000 s with resource class VehicleInfo and nice -99999800
2020-05-23 21:56:48,297 DEBUG - #preProcessEvent at simulation time 544.000,000,000 s with resource class VehicleInfo and nice -99999800
2020-05-23 21:56:48,321 DEBUG - #preProcessEvent at simulation time 545.000,000,000 s with resource class VehicleInfo and nice -99999800
2020-05-23 21:56:48,342 DEBUG - #preProcessEvent at simulation time 546.000,000,000 s with resource class VehicleInfo and nice -99999800
2020-05-23 21:56:48,360 DEBUG - #preProcessEvent at simulation time 547.000,000,000 s with resource class VehicleInfo and nice -99999800
2020-05-23 21:56:48,372 DEBUG - #preProcessEvent at simulation time 548.000,000,000 s with resource class VehicleInfo and nice -99999800
2020-05-23 21:56:48,386 DEBUG - #preProcessEvent at simulation time 549.000,000,000 s with resource class VehicleInfo and nice -99999800
2020-05-23 21:56:48,398 DEBUG - #preProcessEvent at simulation time 550.000,000,000 s with resource class VehicleInfo and nice -99999800
2020-05-23 21:56:48,421 DEBUG - #preProcessEvent at simulation time 551.000,000,000 s with resource class VehicleInfo and nice -99999800
2020-05-23 21:56:48,432 DEBUG - #preProcessEvent at simulation time 552.000,000,000 s with resource class VehicleInfo and nice -99999800
2020-05-23 21:56:48,442 DEBUG - #preProcessEvent at simulation time 553.000,000,000 s with resource class VehicleInfo and nice -99999800
2020-05-23 21:56:48,454 DEBUG - #preProcessEvent at simulation time 554.000,000,000 s with resource class VehicleInfo and nice -99999800
2020-05-23 21:56:48,466 DEBUG - #preProcessEvent at simulation time 555.000,000,000 s with resource class VehicleInfo and nice -99999800
2020-05-23 21:56:48,485 DEBUG - #preProcessEvent at simulation time 556.000,000,000 s with resource class VehicleInfo and nice -99999800
2020-05-23 21:56:48,501 DEBUG - #preProcessEvent at simulation time 557.000,000,000 s with resource class VehicleInfo and nice -99999800
2020-05-23 21:56:48,523 DEBUG - #preProcessEvent at simulation time 558.000,000,000 s with resource class VehicleInfo and nice -99999800
2020-05-23 21:56:48,540 DEBUG - #preProcessEvent at simulation time 559.000,000,000 s with resource class VehicleInfo and nice -99999800
2020-05-23 21:56:48,556 DEBUG - #preProcessEvent at simulation time 560.000,000,000 s with resource class VehicleInfo and nice -99999800
2020-05-23 21:56:48,574 DEBUG - #preProcessEvent at simulation time 561.000,000,000 s with resource class VehicleInfo and nice -99999800
2020-05-23 21:56:48,587 DEBUG - #preProcessEvent at simulation time 562.000,000,000 s with resource class VehicleInfo and nice -99999800
2020-05-23 21:56:48,599 DEBUG - #preProcessEvent at simulation time 563.000,000,000 s with resource class VehicleInfo and nice -99999800
2020-05-23 21:56:48,617 DEBUG - #preProcessEvent at simulation time 564.000,000,000 s with resource class VehicleInfo and nice -99999800
2020-05-23 21:56:48,632 DEBUG - #preProcessEvent at simulation time 565.000,000,000 s with resource class VehicleInfo and nice -99999800
2020-05-23 21:56:48,656 DEBUG - #preProcessEvent at simulation time 566.000,000,000 s with resource class VehicleInfo and nice -99999800
2020-05-23 21:56:48,672 DEBUG - #preProcessEvent at simulation time 567.000,000,000 s with resource class VehicleInfo and nice -99999800
2020-05-23 21:56:48,686 DEBUG - #preProcessEvent at simulation time 568.000,000,000 s with resource class VehicleInfo and nice -99999800
2020-05-23 21:56:48,704 DEBUG - #preProcessEvent at simulation time 569.000,000,000 s with resource class VehicleInfo and nice -99999800
2020-05-23 21:56:48,737 DEBUG - #preProcessEvent at simulation time 570.000,000,000 s with resource class VehicleInfo and nice -99999800
2020-05-23 21:56:48,766 DEBUG - #preProcessEvent at simulation time 571.000,000,000 s with resource class VehicleInfo and nice -99999800
2020-05-23 21:56:48,785 DEBUG - #preProcessEvent at simulation time 572.000,000,000 s with resource class VehicleInfo and nice -99999800
2020-05-23 21:56:48,803 DEBUG - #preProcessEvent at simulation time 573.000,000,000 s with resource class VehicleInfo and nice -99999800
2020-05-23 21:56:48,821 DEBUG - #preProcessEvent at simulation time 574.000,000,000 s with resource class VehicleInfo and nice -99999800
2020-05-23 21:56:48,834 DEBUG - #preProcessEvent at simulation time 575.000,000,000 s with resource class VehicleInfo and nice -99999800
2020-05-23 21:56:48,860 DEBUG - #preProcessEvent at simulation time 576.000,000,000 s with resource class VehicleInfo and nice -99999800
2020-05-23 21:56:48,875 DEBUG - #preProcessEvent at simulation time 577.000,000,000 s with resource class VehicleInfo and nice -99999800
2020-05-23 21:56:48,897 DEBUG - #preProcessEvent at simulation time 578.000,000,000 s with resource class VehicleInfo and nice -99999800
2020-05-23 21:56:48,924 DEBUG - #preProcessEvent at simulation time 579.000,000,000 s with resource class VehicleInfo and nice -99999800
2020-05-23 21:56:48,937 DEBUG - #preProcessEvent at simulation time 580.000,000,000 s with resource class VehicleInfo and nice -99999800
2020-05-23 21:56:48,968 DEBUG - #preProcessEvent at simulation time 581.000,000,000 s with resource class VehicleInfo and nice -99999800
2020-05-23 21:56:48,990 DEBUG - #preProcessEvent at simulation time 582.000,000,000 s with resource class VehicleInfo and nice -99999800
2020-05-23 21:56:49,009 DEBUG - #preProcessEvent at simulation time 583.000,000,000 s with resource class VehicleInfo and nice -99999800
2020-05-23 21:56:49,033 DEBUG - #preProcessEvent at simulation time 584.000,000,000 s with resource class VehicleInfo and nice -99999800
2020-05-23 21:56:49,052 DEBUG - #preProcessEvent at simulation time 585.000,000,000 s with resource class VehicleInfo and nice -99999800
2020-05-23 21:56:49,095 DEBUG - #preProcessEvent at simulation time 586.000,000,000 s with resource class VehicleInfo and nice -99999800
2020-05-23 21:56:49,119 DEBUG - #preProcessEvent at simulation time 587.000,000,000 s with resource class VehicleInfo and nice -99999800
2020-05-23 21:56:49,139 DEBUG - #preProcessEvent at simulation time 588.000,000,000 s with resource class VehicleInfo and nice -99999800
2020-05-23 21:56:49,154 DEBUG - #preProcessEvent at simulation time 589.000,000,000 s with resource class VehicleInfo and nice -99999800
2020-05-23 21:56:49,168 DEBUG - #preProcessEvent at simulation time 590.000,000,000 s with resource class VehicleInfo and nice -99999800
2020-05-23 21:56:49,190 DEBUG - #preProcessEvent at simulation time 591.000,000,000 s with resource class VehicleInfo and nice -99999800
2020-05-23 21:56:49,206 DEBUG - #preProcessEvent at simulation time 592.000,000,000 s with resource class VehicleInfo and nice -99999800
2020-05-23 21:56:49,224 DEBUG - #preProcessEvent at simulation time 593.000,000,000 s with resource class VehicleInfo and nice -99999800
2020-05-23 21:56:49,243 DEBUG - #preProcessEvent at simulation time 594.000,000,000 s with resource class VehicleInfo and nice -99999800
2020-05-23 21:56:49,258 DEBUG - #preProcessEvent at simulation time 595.000,000,000 s with resource class VehicleInfo and nice -99999800
2020-05-23 21:56:49,283 DEBUG - #preProcessEvent at simulation time 596.000,000,000 s with resource class VehicleInfo and nice -99999800
2020-05-23 21:56:49,297 DEBUG - #preProcessEvent at simulation time 597.000,000,000 s with resource class VehicleInfo and nice -99999800
2020-05-23 21:56:49,322 DEBUG - #preProcessEvent at simulation time 598.000,000,000 s with resource class VehicleInfo and nice -99999800
2020-05-23 21:56:49,337 DEBUG - #tearDown at simulation time 599.000,000,000 s
