2020-05-23 21:57:35,875 INFO - Initialize application (at simulation time 6.000,000,000 s)
2020-05-23 21:57:35,877 INFO - Activated Cell Module (at simulation time 6.000,000,000 s)
2020-05-23 21:57:35,877 DEBUG - No Sensor/Event detected (at simulation time 6.000,000,000 s)
2020-05-23 21:57:35,887 INFO - Received message from cell from WeatherServer (at simulation time 6.231,055,189 s)
2020-05-23 21:57:35,887 INFO - Processing DEN message (at simulation time 6.231,055,189 s)
2020-05-23 21:57:35,887 DEBUG - Handle Environment Warning Message. Processing...
2020-05-23 21:57:35,888 DEBUG - DENM content: Sensor Type: Ice (at simulation time 6.231,055,189 s)
2020-05-23 21:57:35,888 DEBUG - DENM content: Event position: GeoPoint{lat|lon=[40.810904,-73.961969]} (at simulation time 6.231,055,189 s)
2020-05-23 21:57:35,889 DEBUG - DENM content: Event Strength: 0 (at simulation time 6.231,055,189 s)
2020-05-23 21:57:35,889 DEBUG - DENM content: Road Id of the Sender: 195743140_42428844_1506591536 (at simulation time 6.231,055,189 s)
2020-05-23 21:57:35,889 DEBUG - CurrVehicle: position: com.dcaiti.vsimrti.lib.routing.scenariodatabase.road.ScenarioDatabaseRoadPosition@54ddef9 (at simulation time 6.231,055,189 s)
2020-05-23 21:57:35,889 DEBUG - CurrVehicle: route: 1 (at simulation time 6.231,055,189 s)
2020-05-23 21:57:35,889 INFO - The Event is on the vehicle's route 195743140_42428844_1506591536 = 195743140_42428844_1506591536 (at simulation time 6.231,055,189 s)
2020-05-23 21:57:35,960 INFO - Sending Change Route Command at position: GeoPoint{lat|lon=[40.805107,-73.959934]} (at simulation time 6.231,055,189 s)
2020-05-23 21:57:35,965 DEBUG - No Sensor/Event detected (at simulation time 7.000,000,000 s)
2020-05-23 21:57:35,979 DEBUG - No Sensor/Event detected (at simulation time 8.000,000,000 s)
2020-05-23 21:57:35,986 INFO - Received message from cell from WeatherServer (at simulation time 8.364,754,821 s)
2020-05-23 21:57:35,987 INFO - Processing DEN message (at simulation time 8.364,754,821 s)
2020-05-23 21:57:35,987 DEBUG - Handle Environment Warning Message. Processing...
2020-05-23 21:57:35,989 INFO - Route already changed (at simulation time 8.364,754,821 s)
2020-05-23 21:57:35,996 DEBUG - No Sensor/Event detected (at simulation time 9.000,000,000 s)
2020-05-23 21:57:36,016 DEBUG - No Sensor/Event detected (at simulation time 10.000,000,000 s)
2020-05-23 21:57:36,066 INFO - Received message from cell from WeatherServer (at simulation time 10.601,737,862 s)
2020-05-23 21:57:36,066 INFO - Processing DEN message (at simulation time 10.601,737,862 s)
2020-05-23 21:57:36,066 DEBUG - Handle Environment Warning Message. Processing...
2020-05-23 21:57:36,066 INFO - Route already changed (at simulation time 10.601,737,862 s)
2020-05-23 21:57:36,142 DEBUG - No Sensor/Event detected (at simulation time 11.000,000,000 s)
2020-05-23 21:57:36,182 DEBUG - No Sensor/Event detected (at simulation time 12.000,000,000 s)
2020-05-23 21:57:36,275 INFO - Received message from cell from WeatherServer (at simulation time 12.291,130,558 s)
2020-05-23 21:57:36,276 INFO - Processing DEN message (at simulation time 12.291,130,558 s)
2020-05-23 21:57:36,276 DEBUG - Handle Environment Warning Message. Processing...
2020-05-23 21:57:36,276 INFO - Route already changed (at simulation time 12.291,130,558 s)
2020-05-23 21:57:36,282 DEBUG - No Sensor/Event detected (at simulation time 13.000,000,000 s)
2020-05-23 21:57:36,326 DEBUG - No Sensor/Event detected (at simulation time 14.000,000,000 s)
2020-05-23 21:57:36,439 INFO - Received message from cell from WeatherServer (at simulation time 14.285,797,494 s)
2020-05-23 21:57:36,439 INFO - Processing DEN message (at simulation time 14.285,797,494 s)
2020-05-23 21:57:36,439 DEBUG - Handle Environment Warning Message. Processing...
2020-05-23 21:57:36,439 INFO - Route already changed (at simulation time 14.285,797,494 s)
2020-05-23 21:57:36,450 DEBUG - No Sensor/Event detected (at simulation time 15.000,000,000 s)
2020-05-23 21:57:36,506 DEBUG - No Sensor/Event detected (at simulation time 16.000,000,000 s)
2020-05-23 21:57:36,532 INFO - Received message from cell from WeatherServer (at simulation time 16.470,844,524 s)
2020-05-23 21:57:36,532 INFO - Processing DEN message (at simulation time 16.470,844,524 s)
2020-05-23 21:57:36,532 DEBUG - Handle Environment Warning Message. Processing...
2020-05-23 21:57:36,532 INFO - Route already changed (at simulation time 16.470,844,524 s)
2020-05-23 21:57:36,539 DEBUG - No Sensor/Event detected (at simulation time 17.000,000,000 s)
2020-05-23 21:57:36,568 DEBUG - No Sensor/Event detected (at simulation time 18.000,000,000 s)
2020-05-23 21:57:36,588 INFO - Received message from cell from WeatherServer (at simulation time 18.343,048,679 s)
2020-05-23 21:57:36,589 INFO - Processing DEN message (at simulation time 18.343,048,679 s)
2020-05-23 21:57:36,589 DEBUG - Handle Environment Warning Message. Processing...
2020-05-23 21:57:36,589 INFO - Route already changed (at simulation time 18.343,048,679 s)
2020-05-23 21:57:36,596 DEBUG - No Sensor/Event detected (at simulation time 19.000,000,000 s)
2020-05-23 21:57:36,615 DEBUG - No Sensor/Event detected (at simulation time 20.000,000,000 s)
2020-05-23 21:57:36,654 INFO - Received message from cell from WeatherServer (at simulation time 20.201,530,411 s)
2020-05-23 21:57:36,654 INFO - Processing DEN message (at simulation time 20.201,530,411 s)
2020-05-23 21:57:36,654 DEBUG - Handle Environment Warning Message. Processing...
2020-05-23 21:57:36,654 INFO - Route already changed (at simulation time 20.201,530,411 s)
2020-05-23 21:57:36,714 DEBUG - No Sensor/Event detected (at simulation time 21.000,000,000 s)
2020-05-23 21:57:36,724 DEBUG - No Sensor/Event detected (at simulation time 22.000,000,000 s)
2020-05-23 21:57:36,737 INFO - Received message from cell from WeatherServer (at simulation time 22.349,977,764 s)
2020-05-23 21:57:36,738 INFO - Processing DEN message (at simulation time 22.349,977,764 s)
2020-05-23 21:57:36,738 DEBUG - Handle Environment Warning Message. Processing...
2020-05-23 21:57:36,738 INFO - Route already changed (at simulation time 22.349,977,764 s)
2020-05-23 21:57:36,744 DEBUG - No Sensor/Event detected (at simulation time 23.000,000,000 s)
2020-05-23 21:57:36,750 DEBUG - No Sensor/Event detected (at simulation time 24.000,000,000 s)
2020-05-23 21:57:36,786 INFO - Received message from cell from WeatherServer (at simulation time 24.178,387,760 s)
2020-05-23 21:57:36,786 INFO - Processing DEN message (at simulation time 24.178,387,760 s)
2020-05-23 21:57:36,786 DEBUG - Handle Environment Warning Message. Processing...
2020-05-23 21:57:36,786 INFO - Route already changed (at simulation time 24.178,387,760 s)
2020-05-23 21:57:36,790 DEBUG - No Sensor/Event detected (at simulation time 25.000,000,000 s)
2020-05-23 21:57:36,801 DEBUG - No Sensor/Event detected (at simulation time 26.000,000,000 s)
2020-05-23 21:57:36,813 INFO - Received message from cell from WeatherServer (at simulation time 26.363,486,003 s)
2020-05-23 21:57:36,813 INFO - Processing DEN message (at simulation time 26.363,486,003 s)
2020-05-23 21:57:36,813 DEBUG - Handle Environment Warning Message. Processing...
2020-05-23 21:57:36,813 INFO - Route already changed (at simulation time 26.363,486,003 s)
2020-05-23 21:57:36,817 DEBUG - No Sensor/Event detected (at simulation time 27.000,000,000 s)
2020-05-23 21:57:36,823 DEBUG - No Sensor/Event detected (at simulation time 28.000,000,000 s)
2020-05-23 21:57:36,832 INFO - Received message from cell from WeatherServer (at simulation time 28.296,639,726 s)
2020-05-23 21:57:36,832 INFO - Processing DEN message (at simulation time 28.296,639,726 s)
2020-05-23 21:57:36,832 DEBUG - Handle Environment Warning Message. Processing...
2020-05-23 21:57:36,832 INFO - Route already changed (at simulation time 28.296,639,726 s)
2020-05-23 21:57:36,837 DEBUG - No Sensor/Event detected (at simulation time 29.000,000,000 s)
2020-05-23 21:57:36,852 DEBUG - No Sensor/Event detected (at simulation time 30.000,000,000 s)
2020-05-23 21:57:36,938 INFO - Received message from cell from WeatherServer (at simulation time 30.235,291,428 s)
2020-05-23 21:57:36,938 INFO - Processing DEN message (at simulation time 30.235,291,428 s)
2020-05-23 21:57:36,938 DEBUG - Handle Environment Warning Message. Processing...
2020-05-23 21:57:36,938 INFO - Route already changed (at simulation time 30.235,291,428 s)
2020-05-23 21:57:36,946 DEBUG - No Sensor/Event detected (at simulation time 31.000,000,000 s)
2020-05-23 21:57:36,960 DEBUG - No Sensor/Event detected (at simulation time 32.000,000,000 s)
2020-05-23 21:57:36,973 INFO - Received message from cell from WeatherServer (at simulation time 32.186,467,568 s)
2020-05-23 21:57:36,973 INFO - Processing DEN message (at simulation time 32.186,467,568 s)
2020-05-23 21:57:36,973 DEBUG - Handle Environment Warning Message. Processing...
2020-05-23 21:57:36,973 INFO - Route already changed (at simulation time 32.186,467,568 s)
2020-05-23 21:57:36,987 DEBUG - No Sensor/Event detected (at simulation time 33.000,000,000 s)
2020-05-23 21:57:36,993 DEBUG - No Sensor/Event detected (at simulation time 34.000,000,000 s)
2020-05-23 21:57:37,002 INFO - Received message from cell from WeatherServer (at simulation time 34.439,287,859 s)
2020-05-23 21:57:37,002 INFO - Processing DEN message (at simulation time 34.439,287,859 s)
2020-05-23 21:57:37,002 DEBUG - Handle Environment Warning Message. Processing...
2020-05-23 21:57:37,002 INFO - Route already changed (at simulation time 34.439,287,859 s)
2020-05-23 21:57:37,012 DEBUG - No Sensor/Event detected (at simulation time 35.000,000,000 s)
2020-05-23 21:57:37,020 DEBUG - No Sensor/Event detected (at simulation time 36.000,000,000 s)
2020-05-23 21:57:37,029 INFO - Received message from cell from WeatherServer (at simulation time 36.402,925,583 s)
2020-05-23 21:57:37,029 INFO - Processing DEN message (at simulation time 36.402,925,583 s)
2020-05-23 21:57:37,029 DEBUG - Handle Environment Warning Message. Processing...
2020-05-23 21:57:37,029 INFO - Route already changed (at simulation time 36.402,925,583 s)
2020-05-23 21:57:37,043 DEBUG - No Sensor/Event detected (at simulation time 37.000,000,000 s)
2020-05-23 21:57:37,058 DEBUG - No Sensor/Event detected (at simulation time 38.000,000,000 s)
2020-05-23 21:57:37,091 INFO - Received message from cell from WeatherServer (at simulation time 38.219,120,764 s)
2020-05-23 21:57:37,091 INFO - Processing DEN message (at simulation time 38.219,120,764 s)
2020-05-23 21:57:37,091 DEBUG - Handle Environment Warning Message. Processing...
2020-05-23 21:57:37,091 INFO - Route already changed (at simulation time 38.219,120,764 s)
2020-05-23 21:57:37,104 DEBUG - No Sensor/Event detected (at simulation time 39.000,000,000 s)
2020-05-23 21:57:37,112 DEBUG - No Sensor/Event detected (at simulation time 40.000,000,000 s)
2020-05-23 21:57:37,129 INFO - Received message from cell from WeatherServer (at simulation time 40.415,483,483 s)
2020-05-23 21:57:37,129 INFO - Processing DEN message (at simulation time 40.415,483,483 s)
2020-05-23 21:57:37,129 DEBUG - Handle Environment Warning Message. Processing...
2020-05-23 21:57:37,129 INFO - Route already changed (at simulation time 40.415,483,483 s)
2020-05-23 21:57:37,136 DEBUG - No Sensor/Event detected (at simulation time 41.000,000,000 s)
2020-05-23 21:57:37,144 DEBUG - No Sensor/Event detected (at simulation time 42.000,000,000 s)
2020-05-23 21:57:37,158 INFO - Received message from cell from WeatherServer (at simulation time 42.698,883,853 s)
2020-05-23 21:57:37,158 INFO - Processing DEN message (at simulation time 42.698,883,853 s)
2020-05-23 21:57:37,158 DEBUG - Handle Environment Warning Message. Processing...
2020-05-23 21:57:37,158 INFO - Route already changed (at simulation time 42.698,883,853 s)
2020-05-23 21:57:37,163 DEBUG - No Sensor/Event detected (at simulation time 43.000,000,000 s)
2020-05-23 21:57:37,169 DEBUG - No Sensor/Event detected (at simulation time 44.000,000,000 s)
2020-05-23 21:57:37,180 INFO - Received message from cell from WeatherServer (at simulation time 44.367,486,521 s)
2020-05-23 21:57:37,180 INFO - Processing DEN message (at simulation time 44.367,486,521 s)
2020-05-23 21:57:37,180 DEBUG - Handle Environment Warning Message. Processing...
2020-05-23 21:57:37,180 INFO - Route already changed (at simulation time 44.367,486,521 s)
2020-05-23 21:57:37,186 DEBUG - No Sensor/Event detected (at simulation time 45.000,000,000 s)
2020-05-23 21:57:37,195 DEBUG - No Sensor/Event detected (at simulation time 46.000,000,000 s)
2020-05-23 21:57:37,201 INFO - Received message from cell from WeatherServer (at simulation time 46.219,109,573 s)
2020-05-23 21:57:37,201 INFO - Processing DEN message (at simulation time 46.219,109,573 s)
2020-05-23 21:57:37,201 DEBUG - Handle Environment Warning Message. Processing...
2020-05-23 21:57:37,201 INFO - Route already changed (at simulation time 46.219,109,573 s)
2020-05-23 21:57:37,216 DEBUG - No Sensor/Event detected (at simulation time 47.000,000,000 s)
2020-05-23 21:57:37,222 DEBUG - No Sensor/Event detected (at simulation time 48.000,000,000 s)
2020-05-23 21:57:37,234 INFO - Received message from cell from WeatherServer (at simulation time 48.226,889,954 s)
2020-05-23 21:57:37,234 INFO - Processing DEN message (at simulation time 48.226,889,954 s)
2020-05-23 21:57:37,234 DEBUG - Handle Environment Warning Message. Processing...
2020-05-23 21:57:37,234 INFO - Route already changed (at simulation time 48.226,889,954 s)
2020-05-23 21:57:37,259 DEBUG - No Sensor/Event detected (at simulation time 49.000,000,000 s)
2020-05-23 21:57:37,321 INFO - Sensor Ice event detected (at simulation time 50.000,000,000 s)
2020-05-23 21:57:37,321 DEBUG - Position: GeoPoint{lat|lon=[40.811919,-73.961224]} (at simulation time 50.000,000,000 s)
2020-05-23 21:57:37,321 DEBUG - Event strength to: 1 (at simulation time 50.000,000,000 s)
2020-05-23 21:57:37,321 DEBUG - SensorType to: Ice (at simulation time 50.000,000,000 s)
2020-05-23 21:57:37,321 DEBUG - RoadId on which the event take place: 195743140_42421857_1506591534 (at simulation time 50.000,000,000 s)
2020-05-23 21:57:37,321 INFO - Sending DENM (at simulation time 50.000,000,000 s)
2020-05-23 21:57:37,348 INFO - Received message from cell from WeatherServer (at simulation time 50.260,361,979 s)
2020-05-23 21:57:37,348 INFO - Processing DEN message (at simulation time 50.260,361,979 s)
2020-05-23 21:57:37,348 DEBUG - Handle Environment Warning Message. Processing...
2020-05-23 21:57:37,348 INFO - Route already changed (at simulation time 50.260,361,979 s)
2020-05-23 21:57:37,349 INFO - Processing DEN message (at simulation time 50.406,573,976 s)
2020-05-23 21:57:37,349 DEBUG - Handle Environment Warning Message. Processing...
2020-05-23 21:57:37,349 INFO - Route already changed (at simulation time 50.406,573,976 s)
2020-05-23 21:57:37,353 INFO - Sensor Ice event detected (at simulation time 51.000,000,000 s)
2020-05-23 21:57:37,353 DEBUG - Position: GeoPoint{lat|lon=[40.811844,-73.961279]} (at simulation time 51.000,000,000 s)
2020-05-23 21:57:37,353 DEBUG - Event strength to: 1 (at simulation time 51.000,000,000 s)
2020-05-23 21:57:37,353 DEBUG - SensorType to: Ice (at simulation time 51.000,000,000 s)
2020-05-23 21:57:37,353 DEBUG - RoadId on which the event take place: 195743140_42421857_1506591534 (at simulation time 51.000,000,000 s)
2020-05-23 21:57:37,353 INFO - Sending DENM (at simulation time 51.000,000,000 s)
2020-05-23 21:57:37,359 INFO - Processing DEN message (at simulation time 51.481,870,305 s)
2020-05-23 21:57:37,359 DEBUG - Handle Environment Warning Message. Processing...
2020-05-23 21:57:37,359 INFO - Route already changed (at simulation time 51.481,870,305 s)
2020-05-23 21:57:37,364 INFO - Sensor Ice event detected (at simulation time 52.000,000,000 s)
2020-05-23 21:57:37,364 DEBUG - Position: GeoPoint{lat|lon=[40.811774,-73.961330]} (at simulation time 52.000,000,000 s)
2020-05-23 21:57:37,364 DEBUG - Event strength to: 1 (at simulation time 52.000,000,000 s)
2020-05-23 21:57:37,364 DEBUG - SensorType to: Ice (at simulation time 52.000,000,000 s)
2020-05-23 21:57:37,364 DEBUG - RoadId on which the event take place: 195743140_1506591534_42428844 (at simulation time 52.000,000,000 s)
2020-05-23 21:57:37,364 INFO - Sending DENM (at simulation time 52.000,000,000 s)
2020-05-23 21:57:37,375 INFO - Processing DEN message (at simulation time 52.229,284,828 s)
2020-05-23 21:57:37,375 DEBUG - Handle Environment Warning Message. Processing...
2020-05-23 21:57:37,375 INFO - Route already changed (at simulation time 52.229,284,828 s)
2020-05-23 21:57:37,379 INFO - Received message from cell from WeatherServer (at simulation time 52.318,826,299 s)
2020-05-23 21:57:37,379 INFO - Processing DEN message (at simulation time 52.318,826,299 s)
2020-05-23 21:57:37,379 DEBUG - Handle Environment Warning Message. Processing...
2020-05-23 21:57:37,379 INFO - Route already changed (at simulation time 52.318,826,299 s)
2020-05-23 21:57:37,383 INFO - Sensor Ice event detected (at simulation time 53.000,000,000 s)
2020-05-23 21:57:37,383 DEBUG - Position: GeoPoint{lat|lon=[40.811707,-73.961379]} (at simulation time 53.000,000,000 s)
2020-05-23 21:57:37,383 DEBUG - Event strength to: 1 (at simulation time 53.000,000,000 s)
2020-05-23 21:57:37,383 DEBUG - SensorType to: Ice (at simulation time 53.000,000,000 s)
2020-05-23 21:57:37,383 DEBUG - RoadId on which the event take place: 195743140_1506591534_42428844 (at simulation time 53.000,000,000 s)
2020-05-23 21:57:37,383 INFO - Sending DENM (at simulation time 53.000,000,000 s)
2020-05-23 21:57:37,388 INFO - Processing DEN message (at simulation time 53.266,789,979 s)
2020-05-23 21:57:37,388 DEBUG - Handle Environment Warning Message. Processing...
2020-05-23 21:57:37,388 INFO - Route already changed (at simulation time 53.266,789,979 s)
2020-05-23 21:57:37,393 DEBUG - No Sensor/Event detected (at simulation time 54.000,000,000 s)
2020-05-23 21:57:37,400 INFO - Received message from cell from WeatherServer (at simulation time 54.183,192,398 s)
2020-05-23 21:57:37,400 INFO - Processing DEN message (at simulation time 54.183,192,398 s)
2020-05-23 21:57:37,400 DEBUG - Handle Environment Warning Message. Processing...
2020-05-23 21:57:37,400 INFO - Route already changed (at simulation time 54.183,192,398 s)
2020-05-23 21:57:37,406 DEBUG - No Sensor/Event detected (at simulation time 55.000,000,000 s)
2020-05-23 21:57:37,417 DEBUG - No Sensor/Event detected (at simulation time 56.000,000,000 s)
2020-05-23 21:57:37,426 INFO - Received message from cell from WeatherServer (at simulation time 56.183,613,826 s)
2020-05-23 21:57:37,426 INFO - Processing DEN message (at simulation time 56.183,613,826 s)
2020-05-23 21:57:37,426 DEBUG - Handle Environment Warning Message. Processing...
2020-05-23 21:57:37,426 INFO - Route already changed (at simulation time 56.183,613,826 s)
2020-05-23 21:57:37,525 DEBUG - No Sensor/Event detected (at simulation time 57.000,000,000 s)
2020-05-23 21:57:37,531 DEBUG - No Sensor/Event detected (at simulation time 58.000,000,000 s)
2020-05-23 21:57:37,543 INFO - Received message from cell from WeatherServer (at simulation time 58.287,442,912 s)
2020-05-23 21:57:37,543 INFO - Processing DEN message (at simulation time 58.287,442,912 s)
2020-05-23 21:57:37,543 DEBUG - Handle Environment Warning Message. Processing...
2020-05-23 21:57:37,543 INFO - Route already changed (at simulation time 58.287,442,912 s)
2020-05-23 21:57:37,549 DEBUG - No Sensor/Event detected (at simulation time 59.000,000,000 s)
2020-05-23 21:57:37,558 DEBUG - No Sensor/Event detected (at simulation time 60.000,000,000 s)
2020-05-23 21:57:37,567 INFO - Received message from cell from WeatherServer (at simulation time 60.350,986,681 s)
2020-05-23 21:57:37,567 INFO - Processing DEN message (at simulation time 60.350,986,681 s)
2020-05-23 21:57:37,567 DEBUG - Handle Environment Warning Message. Processing...
2020-05-23 21:57:37,567 INFO - Route already changed (at simulation time 60.350,986,681 s)
2020-05-23 21:57:37,571 DEBUG - No Sensor/Event detected (at simulation time 61.000,000,000 s)
2020-05-23 21:57:37,576 DEBUG - No Sensor/Event detected (at simulation time 62.000,000,000 s)
2020-05-23 21:57:37,583 INFO - Received message from cell from WeatherServer (at simulation time 62.606,627,311 s)
2020-05-23 21:57:37,583 INFO - Processing DEN message (at simulation time 62.606,627,311 s)
2020-05-23 21:57:37,583 DEBUG - Handle Environment Warning Message. Processing...
2020-05-23 21:57:37,583 INFO - Route already changed (at simulation time 62.606,627,311 s)
2020-05-23 21:57:37,586 DEBUG - No Sensor/Event detected (at simulation time 63.000,000,000 s)
2020-05-23 21:57:37,592 INFO - Processing DEN message (at simulation time 63.247,683,604 s)
2020-05-23 21:57:37,592 DEBUG - Handle Environment Warning Message. Processing...
2020-05-23 21:57:37,592 INFO - Route already changed (at simulation time 63.247,683,604 s)
2020-05-23 21:57:37,598 DEBUG - No Sensor/Event detected (at simulation time 64.000,000,000 s)
2020-05-23 21:57:37,607 INFO - Processing DEN message (at simulation time 64.230,388,051 s)
2020-05-23 21:57:37,607 DEBUG - Handle Environment Warning Message. Processing...
2020-05-23 21:57:37,608 INFO - Route already changed (at simulation time 64.230,388,051 s)
2020-05-23 21:57:37,609 INFO - Received message from cell from WeatherServer (at simulation time 64.471,012,611 s)
2020-05-23 21:57:37,610 INFO - Processing DEN message (at simulation time 64.471,012,611 s)
2020-05-23 21:57:37,610 DEBUG - Handle Environment Warning Message. Processing...
2020-05-23 21:57:37,610 INFO - Route already changed (at simulation time 64.471,012,611 s)
2020-05-23 21:57:37,613 DEBUG - No Sensor/Event detected (at simulation time 65.000,000,000 s)
2020-05-23 21:57:37,618 INFO - Processing DEN message (at simulation time 65.211,901,274 s)
2020-05-23 21:57:37,618 DEBUG - Handle Environment Warning Message. Processing...
2020-05-23 21:57:37,618 INFO - Route already changed (at simulation time 65.211,901,274 s)
2020-05-23 21:57:37,622 DEBUG - No Sensor/Event detected (at simulation time 66.000,000,000 s)
2020-05-23 21:57:37,628 INFO - Received message from cell from WeatherServer (at simulation time 66.303,137,036 s)
2020-05-23 21:57:37,628 INFO - Processing DEN message (at simulation time 66.303,137,036 s)
2020-05-23 21:57:37,628 DEBUG - Handle Environment Warning Message. Processing...
2020-05-23 21:57:37,628 INFO - Route already changed (at simulation time 66.303,137,036 s)
2020-05-23 21:57:37,642 DEBUG - No Sensor/Event detected (at simulation time 67.000,000,000 s)
2020-05-23 21:57:37,654 DEBUG - No Sensor/Event detected (at simulation time 68.000,000,000 s)
2020-05-23 21:57:37,748 INFO - Received message from cell from WeatherServer (at simulation time 68.183,136,376 s)
2020-05-23 21:57:37,748 INFO - Processing DEN message (at simulation time 68.183,136,376 s)
2020-05-23 21:57:37,748 DEBUG - Handle Environment Warning Message. Processing...
2020-05-23 21:57:37,748 INFO - Route already changed (at simulation time 68.183,136,376 s)
2020-05-23 21:57:37,752 DEBUG - No Sensor/Event detected (at simulation time 69.000,000,000 s)
2020-05-23 21:57:37,760 DEBUG - No Sensor/Event detected (at simulation time 70.000,000,000 s)
2020-05-23 21:57:37,769 INFO - Received message from cell from WeatherServer (at simulation time 70.441,134,712 s)
2020-05-23 21:57:37,769 INFO - Processing DEN message (at simulation time 70.441,134,712 s)
2020-05-23 21:57:37,769 DEBUG - Handle Environment Warning Message. Processing...
2020-05-23 21:57:37,769 INFO - Route already changed (at simulation time 70.441,134,712 s)
2020-05-23 21:57:37,773 DEBUG - No Sensor/Event detected (at simulation time 71.000,000,000 s)
2020-05-23 21:57:37,778 DEBUG - No Sensor/Event detected (at simulation time 72.000,000,000 s)
2020-05-23 21:57:37,783 INFO - Received message from cell from WeatherServer (at simulation time 72.289,172,863 s)
2020-05-23 21:57:37,783 INFO - Processing DEN message (at simulation time 72.289,172,863 s)
2020-05-23 21:57:37,783 DEBUG - Handle Environment Warning Message. Processing...
2020-05-23 21:57:37,784 INFO - Route already changed (at simulation time 72.289,172,863 s)
2020-05-23 21:57:37,788 DEBUG - No Sensor/Event detected (at simulation time 73.000,000,000 s)
2020-05-23 21:57:37,798 DEBUG - No Sensor/Event detected (at simulation time 74.000,000,000 s)
2020-05-23 21:57:37,803 INFO - Received message from cell from WeatherServer (at simulation time 74.195,654,306 s)
2020-05-23 21:57:37,803 INFO - Processing DEN message (at simulation time 74.195,654,306 s)
2020-05-23 21:57:37,803 DEBUG - Handle Environment Warning Message. Processing...
2020-05-23 21:57:37,803 INFO - Route already changed (at simulation time 74.195,654,306 s)
2020-05-23 21:57:37,809 DEBUG - No Sensor/Event detected (at simulation time 75.000,000,000 s)
2020-05-23 21:57:37,815 INFO - Shutdown application (at simulation time 76.000,000,000 s)
