2020-05-23 21:57:35,872 WARN - Could not check operating system of Application. Skipping check.
2020-05-23 21:57:35,874 DEBUG - Successfully instantiated the class com.columbia.vsimrti.applications.lasalle.vehicle.LasalleWeatherWarningAppCell
2020-05-23 21:57:35,874 DEBUG - Successfully instantiated the class com.columbia.vsimrti.applications.lasalle.vehicle.LasalleSlowDownApp
2020-05-23 21:57:35,875 DEBUG - #tearUp at simulation time 6.000,000,000 s
2020-05-23 21:57:35,877 DEBUG - #preProcessEvent at simulation time 6.000,000,000 s with resource class VehicleInfo and nice -99999900
2020-05-23 21:57:35,887 DEBUG - #preProcessEvent at simulation time 6.231,055,189 s with resource class ReceivedV2XMessage and nice -99999100
2020-05-23 21:57:35,891 DEBUG - NavigationModule#calculateRoutes: Calculate routes to [RoutingPosition [position=GeoPoint{lat|lon=[40.810505,-73.961977]}, connectionID=null, nodeID=null, heading=null]] with params [RoutingParameters [numAlternativeRoutes=0, routingCostFunction=com.dcaiti.vsimrti.lib.routing.util.ReRouteSpecificConnectionsCostFunction@52f9e8bb, considerTurnCosts=false]]
2020-05-23 21:57:35,960 DEBUG - NavigationModule#switchRoute: Initiated route switch to [5481847054,5481847055,6791817303,6791817302,6791817304,561035342,2541754741,42421857,1506616204,42428850,6886295091,1506591534,42428844,1506591536,1504153604]
2020-05-23 21:57:35,960 INFO - NavigationModule#switchRoute: Stay on route 1
2020-05-23 21:57:35,964 DEBUG - #preProcessEvent at simulation time 7.000,000,000 s with resource class VehicleInfo and nice -99999800
2020-05-23 21:57:35,978 DEBUG - #preProcessEvent at simulation time 8.000,000,000 s with resource class VehicleInfo and nice -99999800
2020-05-23 21:57:35,985 DEBUG - #preProcessEvent at simulation time 8.364,754,821 s with resource class ReceivedV2XMessage and nice -99999100
2020-05-23 21:57:35,996 DEBUG - #preProcessEvent at simulation time 9.000,000,000 s with resource class VehicleInfo and nice -99999800
2020-05-23 21:57:36,015 DEBUG - #preProcessEvent at simulation time 10.000,000,000 s with resource class VehicleInfo and nice -99999800
2020-05-23 21:57:36,065 DEBUG - #preProcessEvent at simulation time 10.601,737,862 s with resource class ReceivedV2XMessage and nice -99999100
2020-05-23 21:57:36,141 DEBUG - #preProcessEvent at simulation time 11.000,000,000 s with resource class VehicleInfo and nice -99999800
2020-05-23 21:57:36,182 DEBUG - #preProcessEvent at simulation time 12.000,000,000 s with resource class VehicleInfo and nice -99999800
2020-05-23 21:57:36,275 DEBUG - #preProcessEvent at simulation time 12.291,130,558 s with resource class ReceivedV2XMessage and nice -99999100
2020-05-23 21:57:36,282 DEBUG - #preProcessEvent at simulation time 13.000,000,000 s with resource class VehicleInfo and nice -99999800
2020-05-23 21:57:36,325 DEBUG - #preProcessEvent at simulation time 14.000,000,000 s with resource class VehicleInfo and nice -99999800
2020-05-23 21:57:36,439 DEBUG - #preProcessEvent at simulation time 14.285,797,494 s with resource class ReceivedV2XMessage and nice -99999100
2020-05-23 21:57:36,450 DEBUG - #preProcessEvent at simulation time 15.000,000,000 s with resource class VehicleInfo and nice -99999800
2020-05-23 21:57:36,504 DEBUG - #preProcessEvent at simulation time 16.000,000,000 s with resource class VehicleInfo and nice -99999800
2020-05-23 21:57:36,532 DEBUG - #preProcessEvent at simulation time 16.470,844,524 s with resource class ReceivedV2XMessage and nice -99999100
2020-05-23 21:57:36,539 DEBUG - #preProcessEvent at simulation time 17.000,000,000 s with resource class VehicleInfo and nice -99999800
2020-05-23 21:57:36,568 DEBUG - #preProcessEvent at simulation time 18.000,000,000 s with resource class VehicleInfo and nice -99999800
2020-05-23 21:57:36,588 DEBUG - #preProcessEvent at simulation time 18.343,048,679 s with resource class ReceivedV2XMessage and nice -99999100
2020-05-23 21:57:36,596 DEBUG - #preProcessEvent at simulation time 19.000,000,000 s with resource class VehicleInfo and nice -99999800
2020-05-23 21:57:36,614 DEBUG - #preProcessEvent at simulation time 20.000,000,000 s with resource class VehicleInfo and nice -99999800
2020-05-23 21:57:36,654 DEBUG - #preProcessEvent at simulation time 20.201,530,411 s with resource class ReceivedV2XMessage and nice -99999100
2020-05-23 21:57:36,714 DEBUG - #preProcessEvent at simulation time 21.000,000,000 s with resource class VehicleInfo and nice -99999800
2020-05-23 21:57:36,724 DEBUG - #preProcessEvent at simulation time 22.000,000,000 s with resource class VehicleInfo and nice -99999800
2020-05-23 21:57:36,737 DEBUG - #preProcessEvent at simulation time 22.349,977,764 s with resource class ReceivedV2XMessage and nice -99999100
2020-05-23 21:57:36,744 DEBUG - #preProcessEvent at simulation time 23.000,000,000 s with resource class VehicleInfo and nice -99999800
2020-05-23 21:57:36,749 DEBUG - #preProcessEvent at simulation time 24.000,000,000 s with resource class VehicleInfo and nice -99999800
2020-05-23 21:57:36,786 DEBUG - #preProcessEvent at simulation time 24.178,387,760 s with resource class ReceivedV2XMessage and nice -99999100
2020-05-23 21:57:36,790 DEBUG - #preProcessEvent at simulation time 25.000,000,000 s with resource class VehicleInfo and nice -99999800
2020-05-23 21:57:36,801 DEBUG - #preProcessEvent at simulation time 26.000,000,000 s with resource class VehicleInfo and nice -99999800
2020-05-23 21:57:36,813 DEBUG - #preProcessEvent at simulation time 26.363,486,003 s with resource class ReceivedV2XMessage and nice -99999100
2020-05-23 21:57:36,817 DEBUG - #preProcessEvent at simulation time 27.000,000,000 s with resource class VehicleInfo and nice -99999800
2020-05-23 21:57:36,823 DEBUG - #preProcessEvent at simulation time 28.000,000,000 s with resource class VehicleInfo and nice -99999800
2020-05-23 21:57:36,832 DEBUG - #preProcessEvent at simulation time 28.296,639,726 s with resource class ReceivedV2XMessage and nice -99999100
2020-05-23 21:57:36,837 DEBUG - #preProcessEvent at simulation time 29.000,000,000 s with resource class VehicleInfo and nice -99999800
2020-05-23 21:57:36,852 DEBUG - #preProcessEvent at simulation time 30.000,000,000 s with resource class VehicleInfo and nice -99999800
2020-05-23 21:57:36,938 DEBUG - #preProcessEvent at simulation time 30.235,291,428 s with resource class ReceivedV2XMessage and nice -99999100
2020-05-23 21:57:36,945 DEBUG - #preProcessEvent at simulation time 31.000,000,000 s with resource class VehicleInfo and nice -99999800
2020-05-23 21:57:36,960 DEBUG - #preProcessEvent at simulation time 32.000,000,000 s with resource class VehicleInfo and nice -99999800
2020-05-23 21:57:36,973 DEBUG - #preProcessEvent at simulation time 32.186,467,568 s with resource class ReceivedV2XMessage and nice -99999100
2020-05-23 21:57:36,987 DEBUG - #preProcessEvent at simulation time 33.000,000,000 s with resource class VehicleInfo and nice -99999800
2020-05-23 21:57:36,993 DEBUG - #preProcessEvent at simulation time 34.000,000,000 s with resource class VehicleInfo and nice -99999800
2020-05-23 21:57:37,002 DEBUG - #preProcessEvent at simulation time 34.439,287,859 s with resource class ReceivedV2XMessage and nice -99999100
2020-05-23 21:57:37,012 DEBUG - #preProcessEvent at simulation time 35.000,000,000 s with resource class VehicleInfo and nice -99999800
2020-05-23 21:57:37,020 DEBUG - #preProcessEvent at simulation time 36.000,000,000 s with resource class VehicleInfo and nice -99999800
2020-05-23 21:57:37,029 DEBUG - #preProcessEvent at simulation time 36.402,925,583 s with resource class ReceivedV2XMessage and nice -99999100
2020-05-23 21:57:37,043 DEBUG - #preProcessEvent at simulation time 37.000,000,000 s with resource class VehicleInfo and nice -99999800
2020-05-23 21:57:37,058 DEBUG - #preProcessEvent at simulation time 38.000,000,000 s with resource class VehicleInfo and nice -99999800
2020-05-23 21:57:37,090 DEBUG - #preProcessEvent at simulation time 38.219,120,764 s with resource class ReceivedV2XMessage and nice -99999100
2020-05-23 21:57:37,104 DEBUG - #preProcessEvent at simulation time 39.000,000,000 s with resource class VehicleInfo and nice -99999800
2020-05-23 21:57:37,112 DEBUG - #preProcessEvent at simulation time 40.000,000,000 s with resource class VehicleInfo and nice -99999800
2020-05-23 21:57:37,129 DEBUG - #preProcessEvent at simulation time 40.415,483,483 s with resource class ReceivedV2XMessage and nice -99999100
2020-05-23 21:57:37,134 DEBUG - #preProcessEvent at simulation time 41.000,000,000 s with resource class VehicleInfo and nice -99999800
2020-05-23 21:57:37,144 DEBUG - #preProcessEvent at simulation time 42.000,000,000 s with resource class VehicleInfo and nice -99999800
2020-05-23 21:57:37,158 DEBUG - #preProcessEvent at simulation time 42.698,883,853 s with resource class ReceivedV2XMessage and nice -99999100
2020-05-23 21:57:37,163 DEBUG - #preProcessEvent at simulation time 43.000,000,000 s with resource class VehicleInfo and nice -99999800
2020-05-23 21:57:37,169 DEBUG - #preProcessEvent at simulation time 44.000,000,000 s with resource class VehicleInfo and nice -99999800
2020-05-23 21:57:37,180 DEBUG - #preProcessEvent at simulation time 44.367,486,521 s with resource class ReceivedV2XMessage and nice -99999100
2020-05-23 21:57:37,186 DEBUG - #preProcessEvent at simulation time 45.000,000,000 s with resource class VehicleInfo and nice -99999800
2020-05-23 21:57:37,194 DEBUG - #preProcessEvent at simulation time 46.000,000,000 s with resource class VehicleInfo and nice -99999800
2020-05-23 21:57:37,201 DEBUG - #preProcessEvent at simulation time 46.219,109,573 s with resource class ReceivedV2XMessage and nice -99999100
2020-05-23 21:57:37,216 DEBUG - #preProcessEvent at simulation time 47.000,000,000 s with resource class VehicleInfo and nice -99999800
2020-05-23 21:57:37,222 DEBUG - #preProcessEvent at simulation time 48.000,000,000 s with resource class VehicleInfo and nice -99999800
2020-05-23 21:57:37,234 DEBUG - #preProcessEvent at simulation time 48.226,889,954 s with resource class ReceivedV2XMessage and nice -99999100
2020-05-23 21:57:37,259 DEBUG - #preProcessEvent at simulation time 49.000,000,000 s with resource class VehicleInfo and nice -99999800
2020-05-23 21:57:37,321 DEBUG - #preProcessEvent at simulation time 50.000,000,000 s with resource class VehicleInfo and nice -99999800
2020-05-23 21:57:37,348 DEBUG - #preProcessEvent at simulation time 50.260,361,979 s with resource class ReceivedV2XMessage and nice -99999100
2020-05-23 21:57:37,349 DEBUG - #preProcessEvent at simulation time 50.406,573,976 s with resource class ReceivedV2XMessage and nice -99999100
2020-05-23 21:57:37,353 DEBUG - #preProcessEvent at simulation time 51.000,000,000 s with resource class VehicleInfo and nice -99999800
2020-05-23 21:57:37,359 DEBUG - #preProcessEvent at simulation time 51.481,870,305 s with resource class ReceivedV2XMessage and nice -99999100
2020-05-23 21:57:37,363 DEBUG - #preProcessEvent at simulation time 52.000,000,000 s with resource class VehicleInfo and nice -99999800
2020-05-23 21:57:37,375 DEBUG - #preProcessEvent at simulation time 52.229,284,828 s with resource class ReceivedV2XMessage and nice -99999100
2020-05-23 21:57:37,379 DEBUG - #preProcessEvent at simulation time 52.318,826,299 s with resource class ReceivedV2XMessage and nice -99999100
2020-05-23 21:57:37,383 DEBUG - #preProcessEvent at simulation time 53.000,000,000 s with resource class VehicleInfo and nice -99999800
2020-05-23 21:57:37,388 DEBUG - #preProcessEvent at simulation time 53.266,789,979 s with resource class ReceivedV2XMessage and nice -99999100
2020-05-23 21:57:37,393 DEBUG - #preProcessEvent at simulation time 54.000,000,000 s with resource class VehicleInfo and nice -99999800
2020-05-23 21:57:37,400 DEBUG - #preProcessEvent at simulation time 54.183,192,398 s with resource class ReceivedV2XMessage and nice -99999100
2020-05-23 21:57:37,406 DEBUG - #preProcessEvent at simulation time 55.000,000,000 s with resource class VehicleInfo and nice -99999800
2020-05-23 21:57:37,417 DEBUG - #preProcessEvent at simulation time 56.000,000,000 s with resource class VehicleInfo and nice -99999800
2020-05-23 21:57:37,426 DEBUG - #preProcessEvent at simulation time 56.183,613,826 s with resource class ReceivedV2XMessage and nice -99999100
2020-05-23 21:57:37,525 DEBUG - #preProcessEvent at simulation time 57.000,000,000 s with resource class VehicleInfo and nice -99999800
2020-05-23 21:57:37,531 DEBUG - #preProcessEvent at simulation time 58.000,000,000 s with resource class VehicleInfo and nice -99999800
2020-05-23 21:57:37,543 DEBUG - #preProcessEvent at simulation time 58.287,442,912 s with resource class ReceivedV2XMessage and nice -99999100
2020-05-23 21:57:37,549 DEBUG - #preProcessEvent at simulation time 59.000,000,000 s with resource class VehicleInfo and nice -99999800
2020-05-23 21:57:37,558 DEBUG - #preProcessEvent at simulation time 60.000,000,000 s with resource class VehicleInfo and nice -99999800
2020-05-23 21:57:37,567 DEBUG - #preProcessEvent at simulation time 60.350,986,681 s with resource class ReceivedV2XMessage and nice -99999100
2020-05-23 21:57:37,571 DEBUG - #preProcessEvent at simulation time 61.000,000,000 s with resource class VehicleInfo and nice -99999800
2020-05-23 21:57:37,576 DEBUG - #preProcessEvent at simulation time 62.000,000,000 s with resource class VehicleInfo and nice -99999800
2020-05-23 21:57:37,583 DEBUG - #preProcessEvent at simulation time 62.606,627,311 s with resource class ReceivedV2XMessage and nice -99999100
2020-05-23 21:57:37,586 DEBUG - #preProcessEvent at simulation time 63.000,000,000 s with resource class VehicleInfo and nice -99999800
2020-05-23 21:57:37,592 DEBUG - #preProcessEvent at simulation time 63.247,683,604 s with resource class ReceivedV2XMessage and nice -99999100
2020-05-23 21:57:37,598 DEBUG - #preProcessEvent at simulation time 64.000,000,000 s with resource class VehicleInfo and nice -99999800
2020-05-23 21:57:37,607 DEBUG - #preProcessEvent at simulation time 64.230,388,051 s with resource class ReceivedV2XMessage and nice -99999100
2020-05-23 21:57:37,609 DEBUG - #preProcessEvent at simulation time 64.471,012,611 s with resource class ReceivedV2XMessage and nice -99999100
2020-05-23 21:57:37,613 DEBUG - #preProcessEvent at simulation time 65.000,000,000 s with resource class VehicleInfo and nice -99999800
2020-05-23 21:57:37,618 DEBUG - #preProcessEvent at simulation time 65.211,901,274 s with resource class ReceivedV2XMessage and nice -99999100
2020-05-23 21:57:37,622 DEBUG - #preProcessEvent at simulation time 66.000,000,000 s with resource class VehicleInfo and nice -99999800
2020-05-23 21:57:37,628 DEBUG - #preProcessEvent at simulation time 66.303,137,036 s with resource class ReceivedV2XMessage and nice -99999100
2020-05-23 21:57:37,642 DEBUG - #preProcessEvent at simulation time 67.000,000,000 s with resource class VehicleInfo and nice -99999800
2020-05-23 21:57:37,654 DEBUG - #preProcessEvent at simulation time 68.000,000,000 s with resource class VehicleInfo and nice -99999800
2020-05-23 21:57:37,748 DEBUG - #preProcessEvent at simulation time 68.183,136,376 s with resource class ReceivedV2XMessage and nice -99999100
2020-05-23 21:57:37,752 DEBUG - #preProcessEvent at simulation time 69.000,000,000 s with resource class VehicleInfo and nice -99999800
2020-05-23 21:57:37,760 DEBUG - #preProcessEvent at simulation time 70.000,000,000 s with resource class VehicleInfo and nice -99999800
2020-05-23 21:57:37,769 DEBUG - #preProcessEvent at simulation time 70.441,134,712 s with resource class ReceivedV2XMessage and nice -99999100
2020-05-23 21:57:37,773 DEBUG - #preProcessEvent at simulation time 71.000,000,000 s with resource class VehicleInfo and nice -99999800
2020-05-23 21:57:37,778 DEBUG - #preProcessEvent at simulation time 72.000,000,000 s with resource class VehicleInfo and nice -99999800
2020-05-23 21:57:37,783 DEBUG - #preProcessEvent at simulation time 72.289,172,863 s with resource class ReceivedV2XMessage and nice -99999100
2020-05-23 21:57:37,788 DEBUG - #preProcessEvent at simulation time 73.000,000,000 s with resource class VehicleInfo and nice -99999800
2020-05-23 21:57:37,797 DEBUG - #preProcessEvent at simulation time 74.000,000,000 s with resource class VehicleInfo and nice -99999800
2020-05-23 21:57:37,803 DEBUG - #preProcessEvent at simulation time 74.195,654,306 s with resource class ReceivedV2XMessage and nice -99999100
2020-05-23 21:57:37,809 DEBUG - #preProcessEvent at simulation time 75.000,000,000 s with resource class VehicleInfo and nice -99999800
2020-05-23 21:57:37,815 DEBUG - #tearDown at simulation time 76.000,000,000 s
