2020-05-23 22:01:50,691 INFO - Initialize application (at simulation time 14.000,000,000 s)
2020-05-23 22:01:50,692 INFO - Activated Cell Module (at simulation time 14.000,000,000 s)
2020-05-23 22:01:50,692 DEBUG - No Sensor/Event detected (at simulation time 14.000,000,000 s)
2020-05-23 22:01:50,705 DEBUG - No Sensor/Event detected (at simulation time 15.000,000,000 s)
2020-05-23 22:01:50,725 DEBUG - No Sensor/Event detected (at simulation time 16.000,000,000 s)
2020-05-23 22:01:50,733 DEBUG - No Sensor/Event detected (at simulation time 17.000,000,000 s)
2020-05-23 22:01:50,744 DEBUG - No Sensor/Event detected (at simulation time 18.000,000,000 s)
2020-05-23 22:01:50,758 DEBUG - No Sensor/Event detected (at simulation time 19.000,000,000 s)
2020-05-23 22:01:50,785 DEBUG - No Sensor/Event detected (at simulation time 20.000,000,000 s)
2020-05-23 22:01:50,828 DEBUG - No Sensor/Event detected (at simulation time 21.000,000,000 s)
2020-05-23 22:01:50,846 DEBUG - No Sensor/Event detected (at simulation time 22.000,000,000 s)
2020-05-23 22:01:50,859 DEBUG - No Sensor/Event detected (at simulation time 23.000,000,000 s)
2020-05-23 22:01:50,880 DEBUG - No Sensor/Event detected (at simulation time 24.000,000,000 s)
2020-05-23 22:01:50,907 DEBUG - No Sensor/Event detected (at simulation time 25.000,000,000 s)
2020-05-23 22:01:50,928 DEBUG - No Sensor/Event detected (at simulation time 26.000,000,000 s)
2020-05-23 22:01:51,025 DEBUG - No Sensor/Event detected (at simulation time 27.000,000,000 s)
2020-05-23 22:01:51,069 DEBUG - No Sensor/Event detected (at simulation time 28.000,000,000 s)
2020-05-23 22:01:51,081 DEBUG - No Sensor/Event detected (at simulation time 29.000,000,000 s)
2020-05-23 22:01:51,092 DEBUG - No Sensor/Event detected (at simulation time 30.000,000,000 s)
2020-05-23 22:01:51,111 DEBUG - No Sensor/Event detected (at simulation time 31.000,000,000 s)
2020-05-23 22:01:51,118 DEBUG - No Sensor/Event detected (at simulation time 32.000,000,000 s)
2020-05-23 22:01:51,131 DEBUG - No Sensor/Event detected (at simulation time 33.000,000,000 s)
2020-05-23 22:01:51,206 DEBUG - No Sensor/Event detected (at simulation time 34.000,000,000 s)
2020-05-23 22:01:51,222 DEBUG - No Sensor/Event detected (at simulation time 35.000,000,000 s)
2020-05-23 22:01:51,232 DEBUG - No Sensor/Event detected (at simulation time 36.000,000,000 s)
2020-05-23 22:01:51,245 DEBUG - No Sensor/Event detected (at simulation time 37.000,000,000 s)
2020-05-23 22:01:51,252 DEBUG - No Sensor/Event detected (at simulation time 38.000,000,000 s)
2020-05-23 22:01:51,260 DEBUG - No Sensor/Event detected (at simulation time 39.000,000,000 s)
2020-05-23 22:01:51,267 DEBUG - No Sensor/Event detected (at simulation time 40.000,000,000 s)
2020-05-23 22:01:51,276 DEBUG - No Sensor/Event detected (at simulation time 41.000,000,000 s)
2020-05-23 22:01:51,279 DEBUG - No Sensor/Event detected (at simulation time 42.000,000,000 s)
2020-05-23 22:01:51,286 DEBUG - No Sensor/Event detected (at simulation time 43.000,000,000 s)
2020-05-23 22:01:51,290 DEBUG - No Sensor/Event detected (at simulation time 44.000,000,000 s)
2020-05-23 22:01:51,320 DEBUG - No Sensor/Event detected (at simulation time 45.000,000,000 s)
2020-05-23 22:01:51,324 DEBUG - No Sensor/Event detected (at simulation time 46.000,000,000 s)
2020-05-23 22:01:51,329 DEBUG - No Sensor/Event detected (at simulation time 47.000,000,000 s)
2020-05-23 22:01:51,334 DEBUG - No Sensor/Event detected (at simulation time 48.000,000,000 s)
2020-05-23 22:01:51,339 DEBUG - No Sensor/Event detected (at simulation time 49.000,000,000 s)
2020-05-23 22:01:51,343 DEBUG - No Sensor/Event detected (at simulation time 50.000,000,000 s)
2020-05-23 22:01:51,603 INFO - Processing DEN message (at simulation time 50.332,881,443 s)
2020-05-23 22:01:51,603 DEBUG - Handle Environment Warning Message. Processing...
2020-05-23 22:01:51,603 DEBUG - DENM content: Sensor Type: Ice (at simulation time 50.332,881,443 s)
2020-05-23 22:01:51,603 DEBUG - DENM content: Event position: GeoPoint{lat|lon=[40.811919,-73.961224]} (at simulation time 50.332,881,443 s)
2020-05-23 22:01:51,604 DEBUG - DENM content: Event Strength: 1 (at simulation time 50.332,881,443 s)
2020-05-23 22:01:51,604 DEBUG - DENM content: Road Id of the Sender: 195743140_42421857_1506591534 (at simulation time 50.332,881,443 s)
2020-05-23 22:01:51,604 DEBUG - CurrVehicle: position: com.dcaiti.vsimrti.lib.routing.scenariodatabase.road.ScenarioDatabaseRoadPosition@a6d227b1 (at simulation time 50.332,881,443 s)
2020-05-23 22:01:51,604 DEBUG - CurrVehicle: route: 1 (at simulation time 50.332,881,443 s)
2020-05-23 22:01:51,604 INFO - The Event is on the vehicle's route 195743140_42421857_1506591534 = 195743140_42421857_1506591534 (at simulation time 50.332,881,443 s)
2020-05-23 22:01:51,614 INFO - Sending Change Route Command at position: GeoPoint{lat|lon=[40.811919,-73.961224]} (at simulation time 50.332,881,443 s)
2020-05-23 22:01:51,648 DEBUG - No Sensor/Event detected (at simulation time 51.000,000,000 s)
2020-05-23 22:01:51,654 INFO - Processing DEN message (at simulation time 51.397,053,699 s)
2020-05-23 22:01:51,654 DEBUG - Handle Environment Warning Message. Processing...
2020-05-23 22:01:51,654 INFO - Route already changed (at simulation time 51.397,053,699 s)
2020-05-23 22:01:51,659 DEBUG - No Sensor/Event detected (at simulation time 52.000,000,000 s)
2020-05-23 22:01:51,669 INFO - Processing DEN message (at simulation time 52.371,521,822 s)
2020-05-23 22:01:51,669 DEBUG - Handle Environment Warning Message. Processing...
2020-05-23 22:01:51,669 INFO - Route already changed (at simulation time 52.371,521,822 s)
2020-05-23 22:01:51,673 DEBUG - No Sensor/Event detected (at simulation time 53.000,000,000 s)
2020-05-23 22:01:51,681 INFO - Processing DEN message (at simulation time 53.416,099,639 s)
2020-05-23 22:01:51,681 DEBUG - Handle Environment Warning Message. Processing...
2020-05-23 22:01:51,681 INFO - Route already changed (at simulation time 53.416,099,639 s)
2020-05-23 22:01:51,685 DEBUG - No Sensor/Event detected (at simulation time 54.000,000,000 s)
2020-05-23 22:01:51,692 DEBUG - No Sensor/Event detected (at simulation time 55.000,000,000 s)
2020-05-23 22:01:51,699 DEBUG - No Sensor/Event detected (at simulation time 56.000,000,000 s)
2020-05-23 22:01:51,712 DEBUG - No Sensor/Event detected (at simulation time 57.000,000,000 s)
2020-05-23 22:01:51,717 DEBUG - No Sensor/Event detected (at simulation time 58.000,000,000 s)
2020-05-23 22:01:51,723 DEBUG - No Sensor/Event detected (at simulation time 59.000,000,000 s)
2020-05-23 22:01:51,727 DEBUG - No Sensor/Event detected (at simulation time 60.000,000,000 s)
2020-05-23 22:01:51,735 DEBUG - No Sensor/Event detected (at simulation time 61.000,000,000 s)
2020-05-23 22:01:51,739 DEBUG - No Sensor/Event detected (at simulation time 62.000,000,000 s)
2020-05-23 22:01:51,743 DEBUG - No Sensor/Event detected (at simulation time 63.000,000,000 s)
2020-05-23 22:01:51,752 INFO - Processing DEN message (at simulation time 63.182,094,977 s)
2020-05-23 22:01:51,752 DEBUG - Handle Environment Warning Message. Processing...
2020-05-23 22:01:51,752 INFO - Route already changed (at simulation time 63.182,094,977 s)
2020-05-23 22:01:51,763 DEBUG - No Sensor/Event detected (at simulation time 64.000,000,000 s)
2020-05-23 22:01:51,853 INFO - Processing DEN message (at simulation time 64.199,317,966 s)
2020-05-23 22:01:51,853 DEBUG - Handle Environment Warning Message. Processing...
2020-05-23 22:01:51,853 INFO - Route already changed (at simulation time 64.199,317,966 s)
2020-05-23 22:01:51,859 DEBUG - No Sensor/Event detected (at simulation time 65.000,000,000 s)
2020-05-23 22:01:51,873 INFO - Processing DEN message (at simulation time 65.381,931,012 s)
2020-05-23 22:01:51,873 DEBUG - Handle Environment Warning Message. Processing...
2020-05-23 22:01:51,873 INFO - Route already changed (at simulation time 65.381,931,012 s)
2020-05-23 22:01:51,876 DEBUG - No Sensor/Event detected (at simulation time 66.000,000,000 s)
2020-05-23 22:01:51,890 DEBUG - No Sensor/Event detected (at simulation time 67.000,000,000 s)
2020-05-23 22:01:51,894 DEBUG - No Sensor/Event detected (at simulation time 68.000,000,000 s)
2020-05-23 22:01:51,903 DEBUG - No Sensor/Event detected (at simulation time 69.000,000,000 s)
2020-05-23 22:01:51,907 DEBUG - No Sensor/Event detected (at simulation time 70.000,000,000 s)
2020-05-23 22:01:51,915 DEBUG - No Sensor/Event detected (at simulation time 71.000,000,000 s)
2020-05-23 22:01:51,919 DEBUG - No Sensor/Event detected (at simulation time 72.000,000,000 s)
2020-05-23 22:01:51,924 DEBUG - No Sensor/Event detected (at simulation time 73.000,000,000 s)
2020-05-23 22:01:51,927 DEBUG - No Sensor/Event detected (at simulation time 74.000,000,000 s)
2020-05-23 22:01:51,934 DEBUG - No Sensor/Event detected (at simulation time 75.000,000,000 s)
2020-05-23 22:01:51,941 DEBUG - No Sensor/Event detected (at simulation time 76.000,000,000 s)
2020-05-23 22:01:51,975 INFO - Sensor Ice event detected (at simulation time 77.000,000,000 s)
2020-05-23 22:01:51,975 DEBUG - Position: GeoPoint{lat|lon=[40.811858,-73.961269]} (at simulation time 77.000,000,000 s)
2020-05-23 22:01:51,975 DEBUG - Event strength to: 1 (at simulation time 77.000,000,000 s)
2020-05-23 22:01:51,975 DEBUG - SensorType to: Ice (at simulation time 77.000,000,000 s)
2020-05-23 22:01:51,976 DEBUG - RoadId on which the event take place: 195743140_42421857_1506591534 (at simulation time 77.000,000,000 s)
2020-05-23 22:01:51,976 INFO - Sending DENM (at simulation time 77.000,000,000 s)
2020-05-23 22:01:52,018 INFO - Processing DEN message (at simulation time 77.398,374,330 s)
2020-05-23 22:01:52,018 DEBUG - Handle Environment Warning Message. Processing...
2020-05-23 22:01:52,018 INFO - Route already changed (at simulation time 77.398,374,330 s)
2020-05-23 22:01:52,021 INFO - Sensor Ice event detected (at simulation time 78.000,000,000 s)
2020-05-23 22:01:52,021 DEBUG - Position: GeoPoint{lat|lon=[40.811787,-73.961321]} (at simulation time 78.000,000,000 s)
2020-05-23 22:01:52,022 DEBUG - Event strength to: 1 (at simulation time 78.000,000,000 s)
2020-05-23 22:01:52,023 DEBUG - SensorType to: Ice (at simulation time 78.000,000,000 s)
2020-05-23 22:01:52,023 DEBUG - RoadId on which the event take place: 195743140_1506591534_42428844 (at simulation time 78.000,000,000 s)
2020-05-23 22:01:52,023 INFO - Sending DENM (at simulation time 78.000,000,000 s)
2020-05-23 22:01:52,031 INFO - Processing DEN message (at simulation time 78.261,384,330 s)
2020-05-23 22:01:52,031 DEBUG - Handle Environment Warning Message. Processing...
2020-05-23 22:01:52,031 INFO - Route already changed (at simulation time 78.261,384,330 s)
2020-05-23 22:01:52,034 INFO - Sensor Ice event detected (at simulation time 79.000,000,000 s)
2020-05-23 22:01:52,034 DEBUG - Position: GeoPoint{lat|lon=[40.811719,-73.961371]} (at simulation time 79.000,000,000 s)
2020-05-23 22:01:52,034 DEBUG - Event strength to: 1 (at simulation time 79.000,000,000 s)
2020-05-23 22:01:52,034 DEBUG - SensorType to: Ice (at simulation time 79.000,000,000 s)
2020-05-23 22:01:52,034 DEBUG - RoadId on which the event take place: 195743140_1506591534_42428844 (at simulation time 79.000,000,000 s)
2020-05-23 22:01:52,034 INFO - Sending DENM (at simulation time 79.000,000,000 s)
2020-05-23 22:01:52,040 INFO - Processing DEN message (at simulation time 79.175,599,436 s)
2020-05-23 22:01:52,040 DEBUG - Handle Environment Warning Message. Processing...
2020-05-23 22:01:52,040 INFO - Route already changed (at simulation time 79.175,599,436 s)
2020-05-23 22:01:52,043 DEBUG - No Sensor/Event detected (at simulation time 80.000,000,000 s)
2020-05-23 22:01:52,054 DEBUG - No Sensor/Event detected (at simulation time 81.000,000,000 s)
2020-05-23 22:01:52,063 DEBUG - No Sensor/Event detected (at simulation time 82.000,000,000 s)
2020-05-23 22:01:52,072 DEBUG - No Sensor/Event detected (at simulation time 83.000,000,000 s)
2020-05-23 22:01:52,074 DEBUG - No Sensor/Event detected (at simulation time 84.000,000,000 s)
2020-05-23 22:01:52,078 DEBUG - No Sensor/Event detected (at simulation time 85.000,000,000 s)
2020-05-23 22:01:52,083 DEBUG - No Sensor/Event detected (at simulation time 86.000,000,000 s)
2020-05-23 22:01:52,089 DEBUG - No Sensor/Event detected (at simulation time 87.000,000,000 s)
2020-05-23 22:01:52,092 DEBUG - No Sensor/Event detected (at simulation time 88.000,000,000 s)
2020-05-23 22:01:52,098 DEBUG - No Sensor/Event detected (at simulation time 89.000,000,000 s)
2020-05-23 22:01:52,101 DEBUG - No Sensor/Event detected (at simulation time 90.000,000,000 s)
2020-05-23 22:01:52,105 DEBUG - No Sensor/Event detected (at simulation time 91.000,000,000 s)
2020-05-23 22:01:52,110 DEBUG - No Sensor/Event detected (at simulation time 92.000,000,000 s)
2020-05-23 22:01:52,112 DEBUG - No Sensor/Event detected (at simulation time 93.000,000,000 s)
2020-05-23 22:01:52,115 DEBUG - No Sensor/Event detected (at simulation time 94.000,000,000 s)
2020-05-23 22:01:52,119 DEBUG - No Sensor/Event detected (at simulation time 95.000,000,000 s)
2020-05-23 22:01:52,124 DEBUG - No Sensor/Event detected (at simulation time 96.000,000,000 s)
2020-05-23 22:01:52,128 DEBUG - No Sensor/Event detected (at simulation time 97.000,000,000 s)
2020-05-23 22:01:52,130 DEBUG - No Sensor/Event detected (at simulation time 98.000,000,000 s)
2020-05-23 22:01:52,133 DEBUG - No Sensor/Event detected (at simulation time 99.000,000,000 s)
2020-05-23 22:01:52,136 DEBUG - No Sensor/Event detected (at simulation time 100.000,000,000 s)
2020-05-23 22:01:52,139 DEBUG - No Sensor/Event detected (at simulation time 101.000,000,000 s)
2020-05-23 22:01:52,142 INFO - Shutdown application (at simulation time 102.000,000,000 s)
