2020-05-23 22:01:50,688 WARN - Could not check operating system of Application. Skipping check.
2020-05-23 22:01:50,690 DEBUG - Successfully instantiated the class com.columbia.vsimrti.applications.lasalle.vehicle.LasalleWeatherWarningAppCell
2020-05-23 22:01:50,690 DEBUG - Successfully instantiated the class com.columbia.vsimrti.applications.lasalle.vehicle.LasalleSlowDownApp
2020-05-23 22:01:50,690 DEBUG - #tearUp at simulation time 14.000,000,000 s
2020-05-23 22:01:50,692 DEBUG - #preProcessEvent at simulation time 14.000,000,000 s with resource class VehicleInfo and nice -99999900
2020-05-23 22:01:50,705 DEBUG - #preProcessEvent at simulation time 15.000,000,000 s with resource class VehicleInfo and nice -99999800
2020-05-23 22:01:50,725 DEBUG - #preProcessEvent at simulation time 16.000,000,000 s with resource class VehicleInfo and nice -99999800
2020-05-23 22:01:50,732 DEBUG - #preProcessEvent at simulation time 17.000,000,000 s with resource class VehicleInfo and nice -99999800
2020-05-23 22:01:50,744 DEBUG - #preProcessEvent at simulation time 18.000,000,000 s with resource class VehicleInfo and nice -99999800
2020-05-23 22:01:50,753 DEBUG - #preProcessEvent at simulation time 19.000,000,000 s with resource class VehicleInfo and nice -99999800
2020-05-23 22:01:50,785 DEBUG - #preProcessEvent at simulation time 20.000,000,000 s with resource class VehicleInfo and nice -99999800
2020-05-23 22:01:50,828 DEBUG - #preProcessEvent at simulation time 21.000,000,000 s with resource class VehicleInfo and nice -99999800
2020-05-23 22:01:50,846 DEBUG - #preProcessEvent at simulation time 22.000,000,000 s with resource class VehicleInfo and nice -99999800
2020-05-23 22:01:50,859 DEBUG - #preProcessEvent at simulation time 23.000,000,000 s with resource class VehicleInfo and nice -99999800
2020-05-23 22:01:50,880 DEBUG - #preProcessEvent at simulation time 24.000,000,000 s with resource class VehicleInfo and nice -99999800
2020-05-23 22:01:50,907 DEBUG - #preProcessEvent at simulation time 25.000,000,000 s with resource class VehicleInfo and nice -99999800
2020-05-23 22:01:50,927 DEBUG - #preProcessEvent at simulation time 26.000,000,000 s with resource class VehicleInfo and nice -99999800
2020-05-23 22:01:51,024 DEBUG - #preProcessEvent at simulation time 27.000,000,000 s with resource class VehicleInfo and nice -99999800
2020-05-23 22:01:51,069 DEBUG - #preProcessEvent at simulation time 28.000,000,000 s with resource class VehicleInfo and nice -99999800
2020-05-23 22:01:51,080 DEBUG - #preProcessEvent at simulation time 29.000,000,000 s with resource class VehicleInfo and nice -99999800
2020-05-23 22:01:51,092 DEBUG - #preProcessEvent at simulation time 30.000,000,000 s with resource class VehicleInfo and nice -99999800
2020-05-23 22:01:51,111 DEBUG - #preProcessEvent at simulation time 31.000,000,000 s with resource class VehicleInfo and nice -99999800
2020-05-23 22:01:51,118 DEBUG - #preProcessEvent at simulation time 32.000,000,000 s with resource class VehicleInfo and nice -99999800
2020-05-23 22:01:51,131 DEBUG - #preProcessEvent at simulation time 33.000,000,000 s with resource class VehicleInfo and nice -99999800
2020-05-23 22:01:51,206 DEBUG - #preProcessEvent at simulation time 34.000,000,000 s with resource class VehicleInfo and nice -99999800
2020-05-23 22:01:51,221 DEBUG - #preProcessEvent at simulation time 35.000,000,000 s with resource class VehicleInfo and nice -99999800
2020-05-23 22:01:51,232 DEBUG - #preProcessEvent at simulation time 36.000,000,000 s with resource class VehicleInfo and nice -99999800
2020-05-23 22:01:51,245 DEBUG - #preProcessEvent at simulation time 37.000,000,000 s with resource class VehicleInfo and nice -99999800
2020-05-23 22:01:51,252 DEBUG - #preProcessEvent at simulation time 38.000,000,000 s with resource class VehicleInfo and nice -99999800
2020-05-23 22:01:51,260 DEBUG - #preProcessEvent at simulation time 39.000,000,000 s with resource class VehicleInfo and nice -99999800
2020-05-23 22:01:51,267 DEBUG - #preProcessEvent at simulation time 40.000,000,000 s with resource class VehicleInfo and nice -99999800
2020-05-23 22:01:51,275 DEBUG - #preProcessEvent at simulation time 41.000,000,000 s with resource class VehicleInfo and nice -99999800
2020-05-23 22:01:51,279 DEBUG - #preProcessEvent at simulation time 42.000,000,000 s with resource class VehicleInfo and nice -99999800
2020-05-23 22:01:51,285 DEBUG - #preProcessEvent at simulation time 43.000,000,000 s with resource class VehicleInfo and nice -99999800
2020-05-23 22:01:51,290 DEBUG - #preProcessEvent at simulation time 44.000,000,000 s with resource class VehicleInfo and nice -99999800
2020-05-23 22:01:51,320 DEBUG - #preProcessEvent at simulation time 45.000,000,000 s with resource class VehicleInfo and nice -99999800
2020-05-23 22:01:51,324 DEBUG - #preProcessEvent at simulation time 46.000,000,000 s with resource class VehicleInfo and nice -99999800
2020-05-23 22:01:51,329 DEBUG - #preProcessEvent at simulation time 47.000,000,000 s with resource class VehicleInfo and nice -99999800
2020-05-23 22:01:51,334 DEBUG - #preProcessEvent at simulation time 48.000,000,000 s with resource class VehicleInfo and nice -99999800
2020-05-23 22:01:51,339 DEBUG - #preProcessEvent at simulation time 49.000,000,000 s with resource class VehicleInfo and nice -99999800
2020-05-23 22:01:51,343 DEBUG - #preProcessEvent at simulation time 50.000,000,000 s with resource class VehicleInfo and nice -99999800
2020-05-23 22:01:51,603 DEBUG - #preProcessEvent at simulation time 50.332,881,443 s with resource class ReceivedV2XMessage and nice -99999100
2020-05-23 22:01:51,604 DEBUG - NavigationModule#calculateRoutes: Calculate routes to [RoutingPosition [position=GeoPoint{lat|lon=[40.810505,-73.961977]}, connectionID=null, nodeID=null, heading=null]] with params [RoutingParameters [numAlternativeRoutes=0, routingCostFunction=com.dcaiti.vsimrti.lib.routing.util.ReRouteSpecificConnectionsCostFunction@6b9697ae, considerTurnCosts=false]]
2020-05-23 22:01:51,614 DEBUG - NavigationModule#switchRoute: Initiated route switch to [2541754741,42421857,6223571511,42421865,6223571510,6868145377,1506616203,6223571509,1332860731,1506591534,42428844,1506591536,1504153604]
2020-05-23 22:01:51,614 INFO - NavigationModule#switchRoute: Switched to route 2 [6791817303,6791817302,6791817304,561035342,2541754741,42421857,6223571511,42421865,6223571510,6868145377,1506616203,6223571509,1332860731,1506591534,42428844,1506591536,1504153604]
2020-05-23 22:01:51,648 DEBUG - #preProcessEvent at simulation time 51.000,000,000 s with resource class VehicleInfo and nice -99999800
2020-05-23 22:01:51,654 DEBUG - #preProcessEvent at simulation time 51.397,053,699 s with resource class ReceivedV2XMessage and nice -99999100
2020-05-23 22:01:51,658 DEBUG - #preProcessEvent at simulation time 52.000,000,000 s with resource class VehicleInfo and nice -99999800
2020-05-23 22:01:51,669 DEBUG - #preProcessEvent at simulation time 52.371,521,822 s with resource class ReceivedV2XMessage and nice -99999100
2020-05-23 22:01:51,673 DEBUG - #preProcessEvent at simulation time 53.000,000,000 s with resource class VehicleInfo and nice -99999800
2020-05-23 22:01:51,681 DEBUG - #preProcessEvent at simulation time 53.416,099,639 s with resource class ReceivedV2XMessage and nice -99999100
2020-05-23 22:01:51,685 DEBUG - #preProcessEvent at simulation time 54.000,000,000 s with resource class VehicleInfo and nice -99999800
2020-05-23 22:01:51,692 DEBUG - #preProcessEvent at simulation time 55.000,000,000 s with resource class VehicleInfo and nice -99999800
2020-05-23 22:01:51,699 DEBUG - #preProcessEvent at simulation time 56.000,000,000 s with resource class VehicleInfo and nice -99999800
2020-05-23 22:01:51,712 DEBUG - #preProcessEvent at simulation time 57.000,000,000 s with resource class VehicleInfo and nice -99999800
2020-05-23 22:01:51,717 DEBUG - #preProcessEvent at simulation time 58.000,000,000 s with resource class VehicleInfo and nice -99999800
2020-05-23 22:01:51,723 DEBUG - #preProcessEvent at simulation time 59.000,000,000 s with resource class VehicleInfo and nice -99999800
2020-05-23 22:01:51,727 DEBUG - #preProcessEvent at simulation time 60.000,000,000 s with resource class VehicleInfo and nice -99999800
2020-05-23 22:01:51,735 DEBUG - #preProcessEvent at simulation time 61.000,000,000 s with resource class VehicleInfo and nice -99999800
2020-05-23 22:01:51,738 DEBUG - #preProcessEvent at simulation time 62.000,000,000 s with resource class VehicleInfo and nice -99999800
2020-05-23 22:01:51,743 DEBUG - #preProcessEvent at simulation time 63.000,000,000 s with resource class VehicleInfo and nice -99999800
2020-05-23 22:01:51,752 DEBUG - #preProcessEvent at simulation time 63.182,094,977 s with resource class ReceivedV2XMessage and nice -99999100
2020-05-23 22:01:51,763 DEBUG - #preProcessEvent at simulation time 64.000,000,000 s with resource class VehicleInfo and nice -99999800
2020-05-23 22:01:51,853 DEBUG - #preProcessEvent at simulation time 64.199,317,966 s with resource class ReceivedV2XMessage and nice -99999100
2020-05-23 22:01:51,859 DEBUG - #preProcessEvent at simulation time 65.000,000,000 s with resource class VehicleInfo and nice -99999800
2020-05-23 22:01:51,873 DEBUG - #preProcessEvent at simulation time 65.381,931,012 s with resource class ReceivedV2XMessage and nice -99999100
2020-05-23 22:01:51,876 DEBUG - #preProcessEvent at simulation time 66.000,000,000 s with resource class VehicleInfo and nice -99999800
2020-05-23 22:01:51,889 DEBUG - #preProcessEvent at simulation time 67.000,000,000 s with resource class VehicleInfo and nice -99999800
2020-05-23 22:01:51,894 DEBUG - #preProcessEvent at simulation time 68.000,000,000 s with resource class VehicleInfo and nice -99999800
2020-05-23 22:01:51,903 DEBUG - #preProcessEvent at simulation time 69.000,000,000 s with resource class VehicleInfo and nice -99999800
2020-05-23 22:01:51,907 DEBUG - #preProcessEvent at simulation time 70.000,000,000 s with resource class VehicleInfo and nice -99999800
2020-05-23 22:01:51,915 DEBUG - #preProcessEvent at simulation time 71.000,000,000 s with resource class VehicleInfo and nice -99999800
2020-05-23 22:01:51,919 DEBUG - #preProcessEvent at simulation time 72.000,000,000 s with resource class VehicleInfo and nice -99999800
2020-05-23 22:01:51,924 DEBUG - #preProcessEvent at simulation time 73.000,000,000 s with resource class VehicleInfo and nice -99999800
2020-05-23 22:01:51,927 DEBUG - #preProcessEvent at simulation time 74.000,000,000 s with resource class VehicleInfo and nice -99999800
2020-05-23 22:01:51,934 DEBUG - #preProcessEvent at simulation time 75.000,000,000 s with resource class VehicleInfo and nice -99999800
2020-05-23 22:01:51,940 DEBUG - #preProcessEvent at simulation time 76.000,000,000 s with resource class VehicleInfo and nice -99999800
2020-05-23 22:01:51,973 DEBUG - #preProcessEvent at simulation time 77.000,000,000 s with resource class VehicleInfo and nice -99999800
2020-05-23 22:01:52,018 DEBUG - #preProcessEvent at simulation time 77.398,374,330 s with resource class ReceivedV2XMessage and nice -99999100
2020-05-23 22:01:52,021 DEBUG - #preProcessEvent at simulation time 78.000,000,000 s with resource class VehicleInfo and nice -99999800
2020-05-23 22:01:52,031 DEBUG - #preProcessEvent at simulation time 78.261,384,330 s with resource class ReceivedV2XMessage and nice -99999100
2020-05-23 22:01:52,034 DEBUG - #preProcessEvent at simulation time 79.000,000,000 s with resource class VehicleInfo and nice -99999800
2020-05-23 22:01:52,040 DEBUG - #preProcessEvent at simulation time 79.175,599,436 s with resource class ReceivedV2XMessage and nice -99999100
2020-05-23 22:01:52,043 DEBUG - #preProcessEvent at simulation time 80.000,000,000 s with resource class VehicleInfo and nice -99999800
2020-05-23 22:01:52,054 DEBUG - #preProcessEvent at simulation time 81.000,000,000 s with resource class VehicleInfo and nice -99999800
2020-05-23 22:01:52,063 DEBUG - #preProcessEvent at simulation time 82.000,000,000 s with resource class VehicleInfo and nice -99999800
2020-05-23 22:01:52,072 DEBUG - #preProcessEvent at simulation time 83.000,000,000 s with resource class VehicleInfo and nice -99999800
2020-05-23 22:01:52,074 DEBUG - #preProcessEvent at simulation time 84.000,000,000 s with resource class VehicleInfo and nice -99999800
2020-05-23 22:01:52,078 DEBUG - #preProcessEvent at simulation time 85.000,000,000 s with resource class VehicleInfo and nice -99999800
2020-05-23 22:01:52,083 DEBUG - #preProcessEvent at simulation time 86.000,000,000 s with resource class VehicleInfo and nice -99999800
2020-05-23 22:01:52,088 DEBUG - #preProcessEvent at simulation time 87.000,000,000 s with resource class VehicleInfo and nice -99999800
2020-05-23 22:01:52,092 DEBUG - #preProcessEvent at simulation time 88.000,000,000 s with resource class VehicleInfo and nice -99999800
2020-05-23 22:01:52,097 DEBUG - #preProcessEvent at simulation time 89.000,000,000 s with resource class VehicleInfo and nice -99999800
2020-05-23 22:01:52,101 DEBUG - #preProcessEvent at simulation time 90.000,000,000 s with resource class VehicleInfo and nice -99999800
2020-05-23 22:01:52,105 DEBUG - #preProcessEvent at simulation time 91.000,000,000 s with resource class VehicleInfo and nice -99999800
2020-05-23 22:01:52,110 DEBUG - #preProcessEvent at simulation time 92.000,000,000 s with resource class VehicleInfo and nice -99999800
2020-05-23 22:01:52,112 DEBUG - #preProcessEvent at simulation time 93.000,000,000 s with resource class VehicleInfo and nice -99999800
2020-05-23 22:01:52,115 DEBUG - #preProcessEvent at simulation time 94.000,000,000 s with resource class VehicleInfo and nice -99999800
2020-05-23 22:01:52,119 DEBUG - #preProcessEvent at simulation time 95.000,000,000 s with resource class VehicleInfo and nice -99999800
2020-05-23 22:01:52,124 DEBUG - #preProcessEvent at simulation time 96.000,000,000 s with resource class VehicleInfo and nice -99999800
2020-05-23 22:01:52,128 DEBUG - #preProcessEvent at simulation time 97.000,000,000 s with resource class VehicleInfo and nice -99999800
2020-05-23 22:01:52,130 DEBUG - #preProcessEvent at simulation time 98.000,000,000 s with resource class VehicleInfo and nice -99999800
2020-05-23 22:01:52,133 DEBUG - #preProcessEvent at simulation time 99.000,000,000 s with resource class VehicleInfo and nice -99999800
2020-05-23 22:01:52,136 DEBUG - #preProcessEvent at simulation time 100.000,000,000 s with resource class VehicleInfo and nice -99999800
2020-05-23 22:01:52,139 DEBUG - #preProcessEvent at simulation time 101.000,000,000 s with resource class VehicleInfo and nice -99999800
2020-05-23 22:01:52,142 DEBUG - #tearDown at simulation time 102.000,000,000 s
