2020-05-23 22:01:50,611 DEBUG - Successfully instantiated the class com.columbia.vsimrti.applications.lasalle.vehicle.LasalleVehicle
2020-05-23 22:01:50,615 DEBUG - Successfully instantiated the class com.columbia.vsimrti.applications.lasalle.vehicle.LasalleVehicleSlave
2020-05-23 22:01:50,615 DEBUG - #tearUp at simulation time 8.000,000,000 s
2020-05-23 22:01:50,621 DEBUG - #preProcessEvent at simulation time 8.000,000,000 s with resource class VehicleInfo and nice -99999900
2020-05-23 22:01:50,625 DEBUG - #preProcessEvent at simulation time 8.000,000,010 s with resource class Event and nice 0
2020-05-23 22:01:50,625 DEBUG - #preProcessEvent at simulation time 8.000,000,010 s with resource class Event and nice 0
2020-05-23 22:01:50,629 DEBUG - #preProcessEvent at simulation time 9.000,000,000 s with resource class VehicleInfo and nice -99999800
2020-05-23 22:01:50,629 DEBUG - #preProcessEvent at simulation time 9.000,000,010 s with resource class Event and nice 0
2020-05-23 22:01:50,630 DEBUG - #preProcessEvent at simulation time 9.000,000,010 s with resource class Event and nice 0
2020-05-23 22:01:50,644 DEBUG - #preProcessEvent at simulation time 10.000,000,000 s with resource class VehicleInfo and nice -99999800
2020-05-23 22:01:50,652 DEBUG - #preProcessEvent at simulation time 10.000,000,010 s with resource class Event and nice 0
2020-05-23 22:01:50,652 DEBUG - #preProcessEvent at simulation time 10.000,000,010 s with resource class Event and nice 0
2020-05-23 22:01:50,652 DEBUG - #preProcessEvent at simulation time 10.000,900,000 s with resource class ReceivedV2XMessage and nice -99999100
2020-05-23 22:01:50,658 DEBUG - #preProcessEvent at simulation time 11.000,000,000 s with resource class VehicleInfo and nice -99999800
2020-05-23 22:01:50,659 DEBUG - #preProcessEvent at simulation time 11.000,000,010 s with resource class Event and nice 0
2020-05-23 22:01:50,660 DEBUG - #preProcessEvent at simulation time 11.000,000,010 s with resource class Event and nice 0
2020-05-23 22:01:50,673 DEBUG - #preProcessEvent at simulation time 12.000,000,000 s with resource class VehicleInfo and nice -99999800
2020-05-23 22:01:50,675 DEBUG - #preProcessEvent at simulation time 12.000,000,010 s with resource class Event and nice 0
2020-05-23 22:01:50,675 DEBUG - #preProcessEvent at simulation time 12.000,000,010 s with resource class Event and nice 0
2020-05-23 22:01:50,676 DEBUG - #preProcessEvent at simulation time 12.001,900,000 s with resource class ReceivedV2XMessage and nice -99999100
2020-05-23 22:01:50,680 DEBUG - #preProcessEvent at simulation time 13.000,000,000 s with resource class VehicleInfo and nice -99999800
2020-05-23 22:01:50,682 DEBUG - #preProcessEvent at simulation time 13.000,000,010 s with resource class Event and nice 0
2020-05-23 22:01:50,683 DEBUG - #preProcessEvent at simulation time 13.000,000,010 s with resource class Event and nice 0
2020-05-23 22:01:50,693 DEBUG - #preProcessEvent at simulation time 14.000,000,000 s with resource class VehicleInfo and nice -99999800
2020-05-23 22:01:50,697 DEBUG - #preProcessEvent at simulation time 14.000,000,010 s with resource class Event and nice 0
2020-05-23 22:01:50,697 DEBUG - #preProcessEvent at simulation time 14.000,000,010 s with resource class Event and nice 0
2020-05-23 22:01:50,700 DEBUG - #preProcessEvent at simulation time 14.001,900,000 s with resource class ReceivedV2XMessage and nice -99999100
2020-05-23 22:01:50,706 DEBUG - #preProcessEvent at simulation time 15.000,000,000 s with resource class VehicleInfo and nice -99999800
2020-05-23 22:01:50,713 DEBUG - #preProcessEvent at simulation time 15.000,000,010 s with resource class Event and nice 0
2020-05-23 22:01:50,713 DEBUG - #preProcessEvent at simulation time 15.000,000,010 s with resource class Event and nice 0
2020-05-23 22:01:50,726 DEBUG - #preProcessEvent at simulation time 16.000,000,000 s with resource class VehicleInfo and nice -99999800
2020-05-23 22:01:50,728 DEBUG - #preProcessEvent at simulation time 16.000,000,010 s with resource class Event and nice 0
2020-05-23 22:01:50,728 DEBUG - #preProcessEvent at simulation time 16.000,000,010 s with resource class Event and nice 0
2020-05-23 22:01:50,728 DEBUG - #preProcessEvent at simulation time 16.002,400,000 s with resource class ReceivedV2XMessage and nice -99999100
2020-05-23 22:01:50,734 DEBUG - #preProcessEvent at simulation time 17.000,000,000 s with resource class VehicleInfo and nice -99999800
2020-05-23 22:01:50,735 DEBUG - #preProcessEvent at simulation time 17.000,000,010 s with resource class Event and nice 0
2020-05-23 22:01:50,735 DEBUG - #preProcessEvent at simulation time 17.000,000,010 s with resource class Event and nice 0
2020-05-23 22:01:50,745 DEBUG - #preProcessEvent at simulation time 18.000,000,000 s with resource class VehicleInfo and nice -99999800
2020-05-23 22:01:50,747 DEBUG - #preProcessEvent at simulation time 18.000,000,010 s with resource class Event and nice 0
2020-05-23 22:01:50,747 DEBUG - #preProcessEvent at simulation time 18.000,000,010 s with resource class Event and nice 0
2020-05-23 22:01:50,749 DEBUG - #preProcessEvent at simulation time 18.002,400,000 s with resource class ReceivedV2XMessage and nice -99999100
2020-05-23 22:01:50,759 DEBUG - #preProcessEvent at simulation time 19.000,000,000 s with resource class VehicleInfo and nice -99999800
2020-05-23 22:01:50,760 DEBUG - #preProcessEvent at simulation time 19.000,000,010 s with resource class Event and nice 0
2020-05-23 22:01:50,760 DEBUG - #preProcessEvent at simulation time 19.000,000,010 s with resource class Event and nice 0
2020-05-23 22:01:50,786 DEBUG - #preProcessEvent at simulation time 20.000,000,000 s with resource class VehicleInfo and nice -99999800
2020-05-23 22:01:50,806 DEBUG - #preProcessEvent at simulation time 20.000,000,010 s with resource class Event and nice 0
2020-05-23 22:01:50,806 DEBUG - #preProcessEvent at simulation time 20.000,000,010 s with resource class Event and nice 0
2020-05-23 22:01:50,807 DEBUG - #preProcessEvent at simulation time 20.001,900,000 s with resource class ReceivedV2XMessage and nice -99999100
2020-05-23 22:01:50,829 DEBUG - #preProcessEvent at simulation time 21.000,000,000 s with resource class VehicleInfo and nice -99999800
2020-05-23 22:01:50,830 DEBUG - #preProcessEvent at simulation time 21.000,000,010 s with resource class Event and nice 0
2020-05-23 22:01:50,830 DEBUG - #preProcessEvent at simulation time 21.000,000,010 s with resource class Event and nice 0
2020-05-23 22:01:50,849 DEBUG - #preProcessEvent at simulation time 22.000,000,000 s with resource class VehicleInfo and nice -99999800
2020-05-23 22:01:50,850 DEBUG - #preProcessEvent at simulation time 22.000,000,010 s with resource class Event and nice 0
2020-05-23 22:01:50,850 DEBUG - #preProcessEvent at simulation time 22.000,000,010 s with resource class Event and nice 0
2020-05-23 22:01:50,851 DEBUG - #preProcessEvent at simulation time 22.000,400,000 s with resource class ReceivedV2XMessage and nice -99999100
2020-05-23 22:01:50,862 DEBUG - #preProcessEvent at simulation time 23.000,000,000 s with resource class VehicleInfo and nice -99999800
2020-05-23 22:01:50,863 DEBUG - #preProcessEvent at simulation time 23.000,000,010 s with resource class Event and nice 0
2020-05-23 22:01:50,864 DEBUG - #preProcessEvent at simulation time 23.000,000,010 s with resource class Event and nice 0
2020-05-23 22:01:50,881 DEBUG - #preProcessEvent at simulation time 24.000,000,000 s with resource class VehicleInfo and nice -99999800
2020-05-23 22:01:50,885 DEBUG - #preProcessEvent at simulation time 24.000,000,010 s with resource class Event and nice 0
2020-05-23 22:01:50,888 DEBUG - #preProcessEvent at simulation time 24.000,000,010 s with resource class Event and nice 0
2020-05-23 22:01:50,889 DEBUG - #preProcessEvent at simulation time 24.001,400,000 s with resource class ReceivedV2XMessage and nice -99999100
2020-05-23 22:01:50,908 DEBUG - #preProcessEvent at simulation time 25.000,000,000 s with resource class VehicleInfo and nice -99999800
2020-05-23 22:01:50,917 DEBUG - #preProcessEvent at simulation time 25.000,000,010 s with resource class Event and nice 0
2020-05-23 22:01:50,917 DEBUG - #preProcessEvent at simulation time 25.000,000,010 s with resource class Event and nice 0
2020-05-23 22:01:50,935 DEBUG - #preProcessEvent at simulation time 26.000,000,000 s with resource class VehicleInfo and nice -99999800
2020-05-23 22:01:50,940 DEBUG - #preProcessEvent at simulation time 26.000,000,010 s with resource class Event and nice 0
2020-05-23 22:01:50,940 DEBUG - #preProcessEvent at simulation time 26.000,000,010 s with resource class Event and nice 0
2020-05-23 22:01:50,941 DEBUG - #preProcessEvent at simulation time 26.001,900,000 s with resource class ReceivedV2XMessage and nice -99999100
2020-05-23 22:01:51,051 DEBUG - #preProcessEvent at simulation time 27.000,000,000 s with resource class VehicleInfo and nice -99999800
2020-05-23 22:01:51,056 DEBUG - #preProcessEvent at simulation time 27.000,000,010 s with resource class Event and nice 0
2020-05-23 22:01:51,057 DEBUG - #preProcessEvent at simulation time 27.000,000,010 s with resource class Event and nice 0
2020-05-23 22:01:51,070 DEBUG - #preProcessEvent at simulation time 28.000,000,000 s with resource class VehicleInfo and nice -99999800
2020-05-23 22:01:51,073 DEBUG - #preProcessEvent at simulation time 28.000,000,010 s with resource class Event and nice 0
2020-05-23 22:01:51,073 DEBUG - #preProcessEvent at simulation time 28.000,000,010 s with resource class Event and nice 0
2020-05-23 22:01:51,074 DEBUG - #preProcessEvent at simulation time 28.002,400,000 s with resource class ReceivedV2XMessage and nice -99999100
2020-05-23 22:01:51,084 DEBUG - #preProcessEvent at simulation time 29.000,000,000 s with resource class VehicleInfo and nice -99999800
2020-05-23 22:01:51,085 DEBUG - #preProcessEvent at simulation time 29.000,000,010 s with resource class Event and nice 0
2020-05-23 22:01:51,085 DEBUG - #preProcessEvent at simulation time 29.000,000,010 s with resource class Event and nice 0
2020-05-23 22:01:51,093 DEBUG - #preProcessEvent at simulation time 30.000,000,000 s with resource class VehicleInfo and nice -99999800
2020-05-23 22:01:51,105 DEBUG - #preProcessEvent at simulation time 30.000,000,010 s with resource class Event and nice 0
2020-05-23 22:01:51,105 DEBUG - #preProcessEvent at simulation time 30.000,000,010 s with resource class Event and nice 0
2020-05-23 22:01:51,106 DEBUG - #preProcessEvent at simulation time 30.000,900,000 s with resource class ReceivedV2XMessage and nice -99999100
2020-05-23 22:01:51,111 DEBUG - #preProcessEvent at simulation time 31.000,000,000 s with resource class VehicleInfo and nice -99999800
2020-05-23 22:01:51,112 DEBUG - #preProcessEvent at simulation time 31.000,000,010 s with resource class Event and nice 0
2020-05-23 22:01:51,112 DEBUG - #preProcessEvent at simulation time 31.000,000,010 s with resource class Event and nice 0
2020-05-23 22:01:51,119 DEBUG - #preProcessEvent at simulation time 32.000,000,000 s with resource class VehicleInfo and nice -99999800
2020-05-23 22:01:51,121 DEBUG - #preProcessEvent at simulation time 32.000,000,010 s with resource class Event and nice 0
2020-05-23 22:01:51,121 DEBUG - #preProcessEvent at simulation time 32.000,000,010 s with resource class Event and nice 0
2020-05-23 22:01:51,122 DEBUG - #preProcessEvent at simulation time 32.002,400,000 s with resource class ReceivedV2XMessage and nice -99999100
2020-05-23 22:01:51,136 DEBUG - #preProcessEvent at simulation time 33.000,000,000 s with resource class VehicleInfo and nice -99999800
2020-05-23 22:01:51,137 DEBUG - #preProcessEvent at simulation time 33.000,000,010 s with resource class Event and nice 0
2020-05-23 22:01:51,137 DEBUG - #preProcessEvent at simulation time 33.000,000,010 s with resource class Event and nice 0
2020-05-23 22:01:51,207 DEBUG - #preProcessEvent at simulation time 34.000,000,000 s with resource class VehicleInfo and nice -99999800
2020-05-23 22:01:51,217 DEBUG - #preProcessEvent at simulation time 34.000,000,010 s with resource class Event and nice 0
2020-05-23 22:01:51,217 DEBUG - #preProcessEvent at simulation time 34.000,000,010 s with resource class Event and nice 0
2020-05-23 22:01:51,218 DEBUG - #preProcessEvent at simulation time 34.000,400,000 s with resource class ReceivedV2XMessage and nice -99999100
2020-05-23 22:01:51,222 DEBUG - #preProcessEvent at simulation time 35.000,000,000 s with resource class VehicleInfo and nice -99999800
2020-05-23 22:01:51,226 DEBUG - #preProcessEvent at simulation time 35.000,000,010 s with resource class Event and nice 0
2020-05-23 22:01:51,226 DEBUG - #preProcessEvent at simulation time 35.000,000,010 s with resource class Event and nice 0
2020-05-23 22:01:51,234 DEBUG - #preProcessEvent at simulation time 36.000,000,000 s with resource class VehicleInfo and nice -99999800
2020-05-23 22:01:51,237 DEBUG - #preProcessEvent at simulation time 36.000,000,010 s with resource class Event and nice 0
2020-05-23 22:01:51,237 DEBUG - #preProcessEvent at simulation time 36.000,000,010 s with resource class Event and nice 0
2020-05-23 22:01:51,239 DEBUG - #preProcessEvent at simulation time 36.000,900,000 s with resource class ReceivedV2XMessage and nice -99999100
2020-05-23 22:01:51,245 DEBUG - #preProcessEvent at simulation time 37.000,000,000 s with resource class VehicleInfo and nice -99999800
2020-05-23 22:01:51,247 DEBUG - #preProcessEvent at simulation time 37.000,000,010 s with resource class Event and nice 0
2020-05-23 22:01:51,248 DEBUG - #preProcessEvent at simulation time 37.000,000,010 s with resource class Event and nice 0
2020-05-23 22:01:51,253 DEBUG - #preProcessEvent at simulation time 38.000,000,000 s with resource class VehicleInfo and nice -99999800
2020-05-23 22:01:51,255 DEBUG - #preProcessEvent at simulation time 38.000,000,010 s with resource class Event and nice 0
2020-05-23 22:01:51,255 DEBUG - #preProcessEvent at simulation time 38.000,000,010 s with resource class Event and nice 0
2020-05-23 22:01:51,256 DEBUG - #preProcessEvent at simulation time 38.002,400,000 s with resource class ReceivedV2XMessage and nice -99999100
2020-05-23 22:01:51,261 DEBUG - #preProcessEvent at simulation time 39.000,000,000 s with resource class VehicleInfo and nice -99999800
2020-05-23 22:01:51,262 DEBUG - #preProcessEvent at simulation time 39.000,000,010 s with resource class Event and nice 0
2020-05-23 22:01:51,262 DEBUG - #preProcessEvent at simulation time 39.000,000,010 s with resource class Event and nice 0
2020-05-23 22:01:51,268 DEBUG - #preProcessEvent at simulation time 40.000,000,000 s with resource class VehicleInfo and nice -99999800
2020-05-23 22:01:51,272 DEBUG - #preProcessEvent at simulation time 40.000,000,010 s with resource class Event and nice 0
2020-05-23 22:01:51,272 DEBUG - #preProcessEvent at simulation time 40.000,000,010 s with resource class Event and nice 0
2020-05-23 22:01:51,273 DEBUG - #preProcessEvent at simulation time 40.001,900,000 s with resource class ReceivedV2XMessage and nice -99999100
2020-05-23 22:01:51,276 DEBUG - #preProcessEvent at simulation time 41.000,000,000 s with resource class VehicleInfo and nice -99999800
2020-05-23 22:01:51,277 DEBUG - #preProcessEvent at simulation time 41.000,000,010 s with resource class Event and nice 0
2020-05-23 22:01:51,277 DEBUG - #preProcessEvent at simulation time 41.000,000,010 s with resource class Event and nice 0
2020-05-23 22:01:51,280 DEBUG - #preProcessEvent at simulation time 42.000,000,000 s with resource class VehicleInfo and nice -99999800
2020-05-23 22:01:51,282 DEBUG - #preProcessEvent at simulation time 42.000,000,010 s with resource class Event and nice 0
2020-05-23 22:01:51,282 DEBUG - #preProcessEvent at simulation time 42.000,000,010 s with resource class Event and nice 0
2020-05-23 22:01:51,282 DEBUG - #preProcessEvent at simulation time 42.000,400,000 s with resource class ReceivedV2XMessage and nice -99999100
2020-05-23 22:01:51,286 DEBUG - #preProcessEvent at simulation time 43.000,000,000 s with resource class VehicleInfo and nice -99999800
2020-05-23 22:01:51,287 DEBUG - #preProcessEvent at simulation time 43.000,000,010 s with resource class Event and nice 0
2020-05-23 22:01:51,287 DEBUG - #preProcessEvent at simulation time 43.000,000,010 s with resource class Event and nice 0
2020-05-23 22:01:51,290 DEBUG - #preProcessEvent at simulation time 44.000,000,000 s with resource class VehicleInfo and nice -99999800
2020-05-23 22:01:51,312 DEBUG - #preProcessEvent at simulation time 44.000,000,010 s with resource class Event and nice 0
2020-05-23 22:01:51,312 DEBUG - #preProcessEvent at simulation time 44.000,000,010 s with resource class Event and nice 0
2020-05-23 22:01:51,316 DEBUG - #preProcessEvent at simulation time 44.000,900,000 s with resource class ReceivedV2XMessage and nice -99999100
2020-05-23 22:01:51,321 DEBUG - #preProcessEvent at simulation time 45.000,000,000 s with resource class VehicleInfo and nice -99999800
2020-05-23 22:01:51,322 DEBUG - #preProcessEvent at simulation time 45.000,000,010 s with resource class Event and nice 0
2020-05-23 22:01:51,322 DEBUG - #preProcessEvent at simulation time 45.000,000,010 s with resource class Event and nice 0
2020-05-23 22:01:51,325 DEBUG - #preProcessEvent at simulation time 46.000,000,000 s with resource class VehicleInfo and nice -99999800
2020-05-23 22:01:51,326 DEBUG - #preProcessEvent at simulation time 46.000,000,010 s with resource class Event and nice 0
2020-05-23 22:01:51,326 DEBUG - #preProcessEvent at simulation time 46.000,000,010 s with resource class Event and nice 0
2020-05-23 22:01:51,326 DEBUG - #preProcessEvent at simulation time 46.000,400,000 s with resource class ReceivedV2XMessage and nice -99999100
2020-05-23 22:01:51,329 DEBUG - #preProcessEvent at simulation time 47.000,000,000 s with resource class VehicleInfo and nice -99999800
2020-05-23 22:01:51,330 DEBUG - #preProcessEvent at simulation time 47.000,000,010 s with resource class Event and nice 0
2020-05-23 22:01:51,330 DEBUG - #preProcessEvent at simulation time 47.000,000,010 s with resource class Event and nice 0
2020-05-23 22:01:51,334 DEBUG - #preProcessEvent at simulation time 48.000,000,000 s with resource class VehicleInfo and nice -99999800
2020-05-23 22:01:51,336 DEBUG - #preProcessEvent at simulation time 48.000,000,010 s with resource class Event and nice 0
2020-05-23 22:01:51,336 DEBUG - #preProcessEvent at simulation time 48.000,000,010 s with resource class Event and nice 0
2020-05-23 22:01:51,336 DEBUG - #preProcessEvent at simulation time 48.001,400,000 s with resource class ReceivedV2XMessage and nice -99999100
2020-05-23 22:01:51,340 DEBUG - #preProcessEvent at simulation time 49.000,000,000 s with resource class VehicleInfo and nice -99999800
2020-05-23 22:01:51,340 DEBUG - #preProcessEvent at simulation time 49.000,000,010 s with resource class Event and nice 0
2020-05-23 22:01:51,341 DEBUG - #preProcessEvent at simulation time 49.000,000,010 s with resource class Event and nice 0
2020-05-23 22:01:51,345 DEBUG - #preProcessEvent at simulation time 50.000,000,000 s with resource class VehicleInfo and nice -99999800
2020-05-23 22:01:51,448 DEBUG - #preProcessEvent at simulation time 50.000,000,010 s with resource class Event and nice 0
2020-05-23 22:01:51,449 DEBUG - #preProcessEvent at simulation time 50.000,000,010 s with resource class Event and nice 0
2020-05-23 22:01:51,449 DEBUG - #preProcessEvent at simulation time 50.000,900,000 s with resource class ReceivedV2XMessage and nice -99999100
2020-05-23 22:01:51,649 DEBUG - #preProcessEvent at simulation time 51.000,000,000 s with resource class VehicleInfo and nice -99999800
2020-05-23 22:01:51,649 DEBUG - #preProcessEvent at simulation time 51.000,000,010 s with resource class Event and nice 0
2020-05-23 22:01:51,649 DEBUG - #preProcessEvent at simulation time 51.000,000,010 s with resource class Event and nice 0
2020-05-23 22:01:51,660 DEBUG - #preProcessEvent at simulation time 52.000,000,000 s with resource class VehicleInfo and nice -99999800
2020-05-23 22:01:51,662 DEBUG - #preProcessEvent at simulation time 52.000,000,010 s with resource class Event and nice 0
2020-05-23 22:01:51,662 DEBUG - #preProcessEvent at simulation time 52.000,000,010 s with resource class Event and nice 0
2020-05-23 22:01:51,662 DEBUG - #preProcessEvent at simulation time 52.001,900,000 s with resource class ReceivedV2XMessage and nice -99999100
2020-05-23 22:01:51,674 DEBUG - #preProcessEvent at simulation time 53.000,000,000 s with resource class VehicleInfo and nice -99999800
2020-05-23 22:01:51,675 DEBUG - #preProcessEvent at simulation time 53.000,000,010 s with resource class Event and nice 0
2020-05-23 22:01:51,676 DEBUG - #preProcessEvent at simulation time 53.000,000,010 s with resource class Event and nice 0
2020-05-23 22:01:51,686 DEBUG - #preProcessEvent at simulation time 54.000,000,000 s with resource class VehicleInfo and nice -99999800
2020-05-23 22:01:51,688 DEBUG - #preProcessEvent at simulation time 54.000,000,010 s with resource class Event and nice 0
2020-05-23 22:01:51,688 DEBUG - #preProcessEvent at simulation time 54.000,000,010 s with resource class Event and nice 0
2020-05-23 22:01:51,688 DEBUG - #preProcessEvent at simulation time 54.000,400,000 s with resource class ReceivedV2XMessage and nice -99999100
2020-05-23 22:01:51,692 DEBUG - #preProcessEvent at simulation time 55.000,000,000 s with resource class VehicleInfo and nice -99999800
2020-05-23 22:01:51,695 DEBUG - #preProcessEvent at simulation time 55.000,000,010 s with resource class Event and nice 0
2020-05-23 22:01:51,695 DEBUG - #preProcessEvent at simulation time 55.000,000,010 s with resource class Event and nice 0
2020-05-23 22:01:51,699 DEBUG - #preProcessEvent at simulation time 56.000,000,000 s with resource class VehicleInfo and nice -99999800
2020-05-23 22:01:51,703 DEBUG - #preProcessEvent at simulation time 56.000,000,010 s with resource class Event and nice 0
2020-05-23 22:01:51,703 DEBUG - #preProcessEvent at simulation time 56.000,000,010 s with resource class Event and nice 0
2020-05-23 22:01:51,704 DEBUG - #preProcessEvent at simulation time 56.002,400,000 s with resource class ReceivedV2XMessage and nice -99999100
2020-05-23 22:01:51,713 DEBUG - #preProcessEvent at simulation time 57.000,000,000 s with resource class VehicleInfo and nice -99999800
2020-05-23 22:01:51,715 DEBUG - #preProcessEvent at simulation time 57.000,000,010 s with resource class Event and nice 0
2020-05-23 22:01:51,715 DEBUG - #preProcessEvent at simulation time 57.000,000,010 s with resource class Event and nice 0
2020-05-23 22:01:51,718 DEBUG - #preProcessEvent at simulation time 58.000,000,000 s with resource class VehicleInfo and nice -99999800
2020-05-23 22:01:51,720 DEBUG - #preProcessEvent at simulation time 58.000,000,010 s with resource class Event and nice 0
2020-05-23 22:01:51,720 DEBUG - #preProcessEvent at simulation time 58.000,000,010 s with resource class Event and nice 0
2020-05-23 22:01:51,720 DEBUG - #preProcessEvent at simulation time 58.000,900,000 s with resource class ReceivedV2XMessage and nice -99999100
2020-05-23 22:01:51,724 DEBUG - #preProcessEvent at simulation time 59.000,000,000 s with resource class VehicleInfo and nice -99999800
2020-05-23 22:01:51,725 DEBUG - #preProcessEvent at simulation time 59.000,000,010 s with resource class Event and nice 0
2020-05-23 22:01:51,725 DEBUG - #preProcessEvent at simulation time 59.000,000,010 s with resource class Event and nice 0
2020-05-23 22:01:51,728 DEBUG - #preProcessEvent at simulation time 60.000,000,000 s with resource class VehicleInfo and nice -99999800
2020-05-23 22:01:51,731 DEBUG - #preProcessEvent at simulation time 60.000,000,010 s with resource class Event and nice 0
2020-05-23 22:01:51,731 DEBUG - #preProcessEvent at simulation time 60.000,000,010 s with resource class Event and nice 0
2020-05-23 22:01:51,732 DEBUG - #preProcessEvent at simulation time 60.001,900,000 s with resource class ReceivedV2XMessage and nice -99999100
2020-05-23 22:01:51,735 DEBUG - #preProcessEvent at simulation time 61.000,000,000 s with resource class VehicleInfo and nice -99999800
2020-05-23 22:01:51,736 DEBUG - #preProcessEvent at simulation time 61.000,000,010 s with resource class Event and nice 0
2020-05-23 22:01:51,736 DEBUG - #preProcessEvent at simulation time 61.000,000,010 s with resource class Event and nice 0
2020-05-23 22:01:51,739 DEBUG - #preProcessEvent at simulation time 62.000,000,000 s with resource class VehicleInfo and nice -99999800
2020-05-23 22:01:51,740 DEBUG - #preProcessEvent at simulation time 62.000,000,010 s with resource class Event and nice 0
2020-05-23 22:01:51,740 DEBUG - #preProcessEvent at simulation time 62.000,000,010 s with resource class Event and nice 0
2020-05-23 22:01:51,741 DEBUG - #preProcessEvent at simulation time 62.000,900,000 s with resource class ReceivedV2XMessage and nice -99999100
2020-05-23 22:01:51,744 DEBUG - #preProcessEvent at simulation time 63.000,000,000 s with resource class VehicleInfo and nice -99999800
2020-05-23 22:01:51,745 DEBUG - #preProcessEvent at simulation time 63.000,000,010 s with resource class Event and nice 0
2020-05-23 22:01:51,745 DEBUG - #preProcessEvent at simulation time 63.000,000,010 s with resource class Event and nice 0
2020-05-23 22:01:51,773 DEBUG - #preProcessEvent at simulation time 64.000,000,000 s with resource class VehicleInfo and nice -99999800
2020-05-23 22:01:51,848 DEBUG - #preProcessEvent at simulation time 64.000,000,010 s with resource class Event and nice 0
2020-05-23 22:01:51,848 DEBUG - #preProcessEvent at simulation time 64.000,000,010 s with resource class Event and nice 0
2020-05-23 22:01:51,850 DEBUG - #preProcessEvent at simulation time 64.001,400,000 s with resource class ReceivedV2XMessage and nice -99999100
2020-05-23 22:01:51,861 DEBUG - #preProcessEvent at simulation time 65.000,000,000 s with resource class VehicleInfo and nice -99999800
2020-05-23 22:01:51,865 DEBUG - #preProcessEvent at simulation time 65.000,000,010 s with resource class Event and nice 0
2020-05-23 22:01:51,865 DEBUG - #preProcessEvent at simulation time 65.000,000,010 s with resource class Event and nice 0
2020-05-23 22:01:51,877 DEBUG - #preProcessEvent at simulation time 66.000,000,000 s with resource class VehicleInfo and nice -99999800
2020-05-23 22:01:51,884 DEBUG - #preProcessEvent at simulation time 66.000,000,010 s with resource class Event and nice 0
2020-05-23 22:01:51,884 DEBUG - #preProcessEvent at simulation time 66.000,000,010 s with resource class Event and nice 0
2020-05-23 22:01:51,885 DEBUG - #preProcessEvent at simulation time 66.000,900,000 s with resource class ReceivedV2XMessage and nice -99999100
2020-05-23 22:01:51,890 DEBUG - #preProcessEvent at simulation time 67.000,000,000 s with resource class VehicleInfo and nice -99999800
2020-05-23 22:01:51,891 DEBUG - #preProcessEvent at simulation time 67.000,000,010 s with resource class Event and nice 0
2020-05-23 22:01:51,891 DEBUG - #preProcessEvent at simulation time 67.000,000,010 s with resource class Event and nice 0
2020-05-23 22:01:51,894 DEBUG - #preProcessEvent at simulation time 68.000,000,000 s with resource class VehicleInfo and nice -99999800
2020-05-23 22:01:51,898 DEBUG - #preProcessEvent at simulation time 68.000,000,010 s with resource class Event and nice 0
2020-05-23 22:01:51,898 DEBUG - #preProcessEvent at simulation time 68.000,000,010 s with resource class Event and nice 0
2020-05-23 22:01:51,899 DEBUG - #preProcessEvent at simulation time 68.001,900,000 s with resource class ReceivedV2XMessage and nice -99999100
2020-05-23 22:01:51,904 DEBUG - #preProcessEvent at simulation time 69.000,000,000 s with resource class VehicleInfo and nice -99999800
2020-05-23 22:01:51,904 DEBUG - #preProcessEvent at simulation time 69.000,000,010 s with resource class Event and nice 0
2020-05-23 22:01:51,904 DEBUG - #preProcessEvent at simulation time 69.000,000,010 s with resource class Event and nice 0
2020-05-23 22:01:51,907 DEBUG - #preProcessEvent at simulation time 70.000,000,000 s with resource class VehicleInfo and nice -99999800
2020-05-23 22:01:51,910 DEBUG - #preProcessEvent at simulation time 70.000,000,010 s with resource class Event and nice 0
2020-05-23 22:01:51,910 DEBUG - #preProcessEvent at simulation time 70.000,000,010 s with resource class Event and nice 0
2020-05-23 22:01:51,911 DEBUG - #preProcessEvent at simulation time 70.001,900,000 s with resource class ReceivedV2XMessage and nice -99999100
2020-05-23 22:01:51,916 DEBUG - #preProcessEvent at simulation time 71.000,000,000 s with resource class VehicleInfo and nice -99999800
2020-05-23 22:01:51,916 DEBUG - #preProcessEvent at simulation time 71.000,000,010 s with resource class Event and nice 0
2020-05-23 22:01:51,916 DEBUG - #preProcessEvent at simulation time 71.000,000,010 s with resource class Event and nice 0
2020-05-23 22:01:51,920 DEBUG - #preProcessEvent at simulation time 72.000,000,000 s with resource class VehicleInfo and nice -99999800
2020-05-23 22:01:51,922 DEBUG - #preProcessEvent at simulation time 72.000,000,010 s with resource class Event and nice 0
2020-05-23 22:01:51,922 DEBUG - #preProcessEvent at simulation time 72.000,000,010 s with resource class Event and nice 0
2020-05-23 22:01:51,922 DEBUG - #preProcessEvent at simulation time 72.002,400,000 s with resource class ReceivedV2XMessage and nice -99999100
2020-05-23 22:01:51,925 DEBUG - #preProcessEvent at simulation time 73.000,000,000 s with resource class VehicleInfo and nice -99999800
2020-05-23 22:01:51,925 DEBUG - #preProcessEvent at simulation time 73.000,000,010 s with resource class Event and nice 0
2020-05-23 22:01:51,925 DEBUG - #preProcessEvent at simulation time 73.000,000,010 s with resource class Event and nice 0
2020-05-23 22:01:51,928 DEBUG - #preProcessEvent at simulation time 74.000,000,000 s with resource class VehicleInfo and nice -99999800
2020-05-23 22:01:51,929 DEBUG - #preProcessEvent at simulation time 74.000,000,010 s with resource class Event and nice 0
2020-05-23 22:01:51,929 DEBUG - #preProcessEvent at simulation time 74.000,000,010 s with resource class Event and nice 0
2020-05-23 22:01:51,930 DEBUG - #preProcessEvent at simulation time 74.001,900,000 s with resource class ReceivedV2XMessage and nice -99999100
2020-05-23 22:01:51,934 DEBUG - #preProcessEvent at simulation time 75.000,000,000 s with resource class VehicleInfo and nice -99999800
2020-05-23 22:01:51,936 DEBUG - #preProcessEvent at simulation time 75.000,000,010 s with resource class Event and nice 0
2020-05-23 22:01:51,936 DEBUG - #preProcessEvent at simulation time 75.000,000,010 s with resource class Event and nice 0
2020-05-23 22:01:51,941 DEBUG - #preProcessEvent at simulation time 76.000,000,000 s with resource class VehicleInfo and nice -99999800
2020-05-23 22:01:51,944 DEBUG - #preProcessEvent at simulation time 76.000,000,010 s with resource class Event and nice 0
2020-05-23 22:01:51,944 DEBUG - #preProcessEvent at simulation time 76.000,000,010 s with resource class Event and nice 0
2020-05-23 22:01:51,945 DEBUG - #preProcessEvent at simulation time 76.002,400,000 s with resource class ReceivedV2XMessage and nice -99999100
2020-05-23 22:01:52,003 DEBUG - #preProcessEvent at simulation time 77.000,000,000 s with resource class VehicleInfo and nice -99999800
2020-05-23 22:01:52,011 DEBUG - #preProcessEvent at simulation time 77.000,000,010 s with resource class Event and nice 0
2020-05-23 22:01:52,011 DEBUG - #preProcessEvent at simulation time 77.000,000,010 s with resource class Event and nice 0
2020-05-23 22:01:52,024 DEBUG - #tearDown at simulation time 78.000,000,000 s
