2020-05-23 21:57:35,973 INFO - Initialize application (at simulation time 8.000,000,000 s)
2020-05-23 21:57:35,976 INFO - Activated AdHoc Module (at simulation time 8.000,000,000 s)
2020-05-23 21:57:35,981 INFO - Received event: 8000 (at simulation time IntraVehicleMsg)
2020-05-23 21:57:35,998 INFO - Received event: 9000 (at simulation time IntraVehicleMsg)
2020-05-23 21:57:36,027 INFO - Received event: 10000 (at simulation time IntraVehicleMsg)
2020-05-23 21:57:36,028 INFO - Received V2X Message from rsu_0 (at simulation time 10.001,400,000 s)
2020-05-23 21:57:36,155 INFO - Received event: 11000 (at simulation time IntraVehicleMsg)
2020-05-23 21:57:36,262 INFO - Received event: 12000 (at simulation time IntraVehicleMsg)
2020-05-23 21:57:36,263 INFO - Received V2X Message from rsu_0 (at simulation time 12.001,900,000 s)
2020-05-23 21:57:36,297 INFO - Received event: 13000 (at simulation time IntraVehicleMsg)
2020-05-23 21:57:36,334 INFO - Received event: 14000 (at simulation time IntraVehicleMsg)
2020-05-23 21:57:36,335 INFO - Received V2X Message from rsu_0 (at simulation time 14.000,400,000 s)
2020-05-23 21:57:36,488 INFO - Received event: 15000 (at simulation time IntraVehicleMsg)
2020-05-23 21:57:36,513 INFO - Received event: 16000 (at simulation time IntraVehicleMsg)
2020-05-23 21:57:36,513 INFO - Received V2X Message from rsu_0 (at simulation time 16.001,400,000 s)
2020-05-23 21:57:36,541 INFO - Received event: 17000 (at simulation time IntraVehicleMsg)
2020-05-23 21:57:36,571 INFO - Received event: 18000 (at simulation time IntraVehicleMsg)
2020-05-23 21:57:36,572 INFO - Received V2X Message from rsu_0 (at simulation time 18.002,400,000 s)
2020-05-23 21:57:36,598 INFO - Received event: 19000 (at simulation time IntraVehicleMsg)
2020-05-23 21:57:36,626 INFO - Received event: 20000 (at simulation time IntraVehicleMsg)
2020-05-23 21:57:36,627 INFO - Received V2X Message from rsu_0 (at simulation time 20.001,900,000 s)
2020-05-23 21:57:36,717 INFO - Received event: 21000 (at simulation time IntraVehicleMsg)
2020-05-23 21:57:36,727 INFO - Received event: 22000 (at simulation time IntraVehicleMsg)
2020-05-23 21:57:36,728 INFO - Received V2X Message from rsu_0 (at simulation time 22.001,400,000 s)
2020-05-23 21:57:36,745 INFO - Received event: 23000 (at simulation time IntraVehicleMsg)
2020-05-23 21:57:36,752 INFO - Received event: 24000 (at simulation time IntraVehicleMsg)
2020-05-23 21:57:36,753 INFO - Received V2X Message from rsu_0 (at simulation time 24.000,900,000 s)
2020-05-23 21:57:36,797 INFO - Received event: 25000 (at simulation time IntraVehicleMsg)
2020-05-23 21:57:36,805 INFO - Received event: 26000 (at simulation time IntraVehicleMsg)
2020-05-23 21:57:36,805 INFO - Received V2X Message from rsu_0 (at simulation time 26.000,400,000 s)
2020-05-23 21:57:36,818 INFO - Received event: 27000 (at simulation time IntraVehicleMsg)
2020-05-23 21:57:36,826 INFO - Received event: 28000 (at simulation time IntraVehicleMsg)
2020-05-23 21:57:36,826 INFO - Received V2X Message from rsu_0 (at simulation time 28.002,400,000 s)
2020-05-23 21:57:36,842 INFO - Received event: 29000 (at simulation time IntraVehicleMsg)
2020-05-23 21:57:36,875 INFO - Received event: 30000 (at simulation time IntraVehicleMsg)
2020-05-23 21:57:36,876 INFO - Received V2X Message from rsu_0 (at simulation time 30.001,400,000 s)
2020-05-23 21:57:36,948 INFO - Received event: 31000 (at simulation time IntraVehicleMsg)
2020-05-23 21:57:36,963 INFO - Received event: 32000 (at simulation time IntraVehicleMsg)
2020-05-23 21:57:36,964 INFO - Received V2X Message from rsu_0 (at simulation time 32.000,900,000 s)
2020-05-23 21:57:36,989 INFO - Received event: 33000 (at simulation time IntraVehicleMsg)
2020-05-23 21:57:36,996 INFO - Received event: 34000 (at simulation time IntraVehicleMsg)
2020-05-23 21:57:36,997 INFO - Received V2X Message from rsu_0 (at simulation time 34.001,900,000 s)
2020-05-23 21:57:37,015 INFO - Received event: 35000 (at simulation time IntraVehicleMsg)
2020-05-23 21:57:37,023 INFO - Received event: 36000 (at simulation time IntraVehicleMsg)
2020-05-23 21:57:37,023 INFO - Received V2X Message from rsu_0 (at simulation time 36.001,400,000 s)
2020-05-23 21:57:37,044 INFO - Received event: 37000 (at simulation time IntraVehicleMsg)
2020-05-23 21:57:37,073 INFO - Received event: 38000 (at simulation time IntraVehicleMsg)
2020-05-23 21:57:37,078 INFO - Received V2X Message from rsu_0 (at simulation time 38.001,400,000 s)
2020-05-23 21:57:37,108 INFO - Received event: 39000 (at simulation time IntraVehicleMsg)
2020-05-23 21:57:37,121 INFO - Received event: 40000 (at simulation time IntraVehicleMsg)
2020-05-23 21:57:37,122 INFO - Received V2X Message from rsu_0 (at simulation time 40.000,400,000 s)
2020-05-23 21:57:37,139 INFO - Received event: 41000 (at simulation time IntraVehicleMsg)
2020-05-23 21:57:37,146 INFO - Received event: 42000 (at simulation time IntraVehicleMsg)
2020-05-23 21:57:37,146 INFO - Received V2X Message from rsu_0 (at simulation time 42.000,900,000 s)
2020-05-23 21:57:37,163 INFO - Received event: 43000 (at simulation time IntraVehicleMsg)
2020-05-23 21:57:37,173 INFO - Received event: 44000 (at simulation time IntraVehicleMsg)
2020-05-23 21:57:37,174 INFO - Received V2X Message from rsu_0 (at simulation time 44.000,900,000 s)
2020-05-23 21:57:37,191 INFO - Received event: 45000 (at simulation time IntraVehicleMsg)
2020-05-23 21:57:37,196 INFO - Received event: 46000 (at simulation time IntraVehicleMsg)
2020-05-23 21:57:37,197 INFO - Received V2X Message from rsu_0 (at simulation time 46.001,400,000 s)
2020-05-23 21:57:37,218 INFO - Received event: 47000 (at simulation time IntraVehicleMsg)
2020-05-23 21:57:37,228 INFO - Received event: 48000 (at simulation time IntraVehicleMsg)
2020-05-23 21:57:37,228 INFO - Received V2X Message from rsu_0 (at simulation time 48.001,400,000 s)
2020-05-23 21:57:37,260 INFO - Received event: 49000 (at simulation time IntraVehicleMsg)
2020-05-23 21:57:37,330 INFO - Received event: 50000 (at simulation time IntraVehicleMsg)
2020-05-23 21:57:37,335 INFO - Received V2X Message from rsu_0 (at simulation time 50.002,400,000 s)
2020-05-23 21:57:37,355 INFO - Received event: 51000 (at simulation time IntraVehicleMsg)
2020-05-23 21:57:37,366 INFO - Received event: 52000 (at simulation time IntraVehicleMsg)
2020-05-23 21:57:37,367 INFO - Received V2X Message from rsu_0 (at simulation time 52.000,400,000 s)
2020-05-23 21:57:37,384 INFO - Received event: 53000 (at simulation time IntraVehicleMsg)
2020-05-23 21:57:37,395 INFO - Received event: 54000 (at simulation time IntraVehicleMsg)
2020-05-23 21:57:37,396 INFO - Received V2X Message from rsu_0 (at simulation time 54.001,900,000 s)
2020-05-23 21:57:37,410 INFO - Received event: 55000 (at simulation time IntraVehicleMsg)
2020-05-23 21:57:37,417 INFO - Reading sensor (at simulation time 56.000,000,000 s)
2020-05-23 21:57:37,419 INFO - Received event: 56000 (at simulation time IntraVehicleMsg)
2020-05-23 21:57:37,419 INFO - Received V2X Message from rsu_0 (at simulation time 56.001,900,000 s)
2020-05-23 21:57:37,525 INFO - Reading sensor (at simulation time 57.000,000,000 s)
2020-05-23 21:57:37,526 INFO - Received event: 57000 (at simulation time IntraVehicleMsg)
2020-05-23 21:57:37,531 INFO - Reading sensor (at simulation time 58.000,000,000 s)
2020-05-23 21:57:37,537 INFO - Received event: 58000 (at simulation time IntraVehicleMsg)
2020-05-23 21:57:37,537 INFO - Received V2X Message from rsu_0 (at simulation time 58.002,400,000 s)
2020-05-23 21:57:37,549 INFO - Reading sensor (at simulation time 59.000,000,000 s)
2020-05-23 21:57:37,550 INFO - Received event: 59000 (at simulation time IntraVehicleMsg)
2020-05-23 21:57:37,563 INFO - Received event: 60000 (at simulation time IntraVehicleMsg)
2020-05-23 21:57:37,563 INFO - Received V2X Message from rsu_0 (at simulation time 60.001,400,000 s)
2020-05-23 21:57:37,572 INFO - Received event: 61000 (at simulation time IntraVehicleMsg)
2020-05-23 21:57:37,578 INFO - Received event: 62000 (at simulation time IntraVehicleMsg)
2020-05-23 21:57:37,578 INFO - Received V2X Message from rsu_0 (at simulation time 62.001,400,000 s)
2020-05-23 21:57:37,588 INFO - Received event: 63000 (at simulation time IntraVehicleMsg)
2020-05-23 21:57:37,600 INFO - Received event: 64000 (at simulation time IntraVehicleMsg)
2020-05-23 21:57:37,600 INFO - Received V2X Message from rsu_0 (at simulation time 64.000,400,000 s)
2020-05-23 21:57:37,615 INFO - Received event: 65000 (at simulation time IntraVehicleMsg)
2020-05-23 21:57:37,625 INFO - Received event: 66000 (at simulation time IntraVehicleMsg)
2020-05-23 21:57:37,625 INFO - Received V2X Message from rsu_0 (at simulation time 66.002,400,000 s)
2020-05-23 21:57:37,644 INFO - Received event: 67000 (at simulation time IntraVehicleMsg)
2020-05-23 21:57:37,731 INFO - Received event: 68000 (at simulation time IntraVehicleMsg)
2020-05-23 21:57:37,742 INFO - Received V2X Message from rsu_0 (at simulation time 68.001,400,000 s)
2020-05-23 21:57:37,754 INFO - Received event: 69000 (at simulation time IntraVehicleMsg)
2020-05-23 21:57:37,764 INFO - Received event: 70000 (at simulation time IntraVehicleMsg)
2020-05-23 21:57:37,765 INFO - Received V2X Message from rsu_0 (at simulation time 70.002,400,000 s)
2020-05-23 21:57:37,774 INFO - Received event: 71000 (at simulation time IntraVehicleMsg)
2020-05-23 21:57:37,779 INFO - Received event: 72000 (at simulation time IntraVehicleMsg)
2020-05-23 21:57:37,780 INFO - Received V2X Message from rsu_0 (at simulation time 72.001,900,000 s)
2020-05-23 21:57:37,789 INFO - Received event: 73000 (at simulation time IntraVehicleMsg)
2020-05-23 21:57:37,800 INFO - Received event: 74000 (at simulation time IntraVehicleMsg)
2020-05-23 21:57:37,800 INFO - Received V2X Message from rsu_0 (at simulation time 74.000,400,000 s)
2020-05-23 21:57:37,811 INFO - Received event: 75000 (at simulation time IntraVehicleMsg)
2020-05-23 21:57:37,816 INFO - Received event: 76000 (at simulation time IntraVehicleMsg)
2020-05-23 21:57:37,816 INFO - Received V2X Message from rsu_0 (at simulation time 76.001,400,000 s)
2020-05-23 21:57:37,826 INFO - Received event: 77000 (at simulation time IntraVehicleMsg)
2020-05-23 21:57:37,835 INFO - Shutdown application (at simulation time 78.000,000,000 s)
