2020-05-23 21:57:35,971 DEBUG - Successfully instantiated the class com.columbia.vsimrti.applications.lasalle.vehicle.LasalleVehicle
2020-05-23 21:57:35,973 DEBUG - Successfully instantiated the class com.columbia.vsimrti.applications.lasalle.vehicle.LasalleVehicleSlave
2020-05-23 21:57:35,973 DEBUG - #tearUp at simulation time 8.000,000,000 s
2020-05-23 21:57:35,977 DEBUG - #preProcessEvent at simulation time 8.000,000,000 s with resource class VehicleInfo and nice -99999900
2020-05-23 21:57:35,981 DEBUG - #preProcessEvent at simulation time 8.000,000,010 s with resource class Event and nice 0
2020-05-23 21:57:35,981 DEBUG - #preProcessEvent at simulation time 8.000,000,010 s with resource class Event and nice 0
2020-05-23 21:57:35,996 DEBUG - #preProcessEvent at simulation time 9.000,000,000 s with resource class VehicleInfo and nice -99999800
2020-05-23 21:57:35,998 DEBUG - #preProcessEvent at simulation time 9.000,000,010 s with resource class Event and nice 0
2020-05-23 21:57:35,998 DEBUG - #preProcessEvent at simulation time 9.000,000,010 s with resource class Event and nice 0
2020-05-23 21:57:36,016 DEBUG - #preProcessEvent at simulation time 10.000,000,000 s with resource class VehicleInfo and nice -99999800
2020-05-23 21:57:36,027 DEBUG - #preProcessEvent at simulation time 10.000,000,010 s with resource class Event and nice 0
2020-05-23 21:57:36,028 DEBUG - #preProcessEvent at simulation time 10.000,000,010 s with resource class Event and nice 0
2020-05-23 21:57:36,028 DEBUG - #preProcessEvent at simulation time 10.001,400,000 s with resource class ReceivedV2XMessage and nice -99999100
2020-05-23 21:57:36,142 DEBUG - #preProcessEvent at simulation time 11.000,000,000 s with resource class VehicleInfo and nice -99999800
2020-05-23 21:57:36,155 DEBUG - #preProcessEvent at simulation time 11.000,000,010 s with resource class Event and nice 0
2020-05-23 21:57:36,156 DEBUG - #preProcessEvent at simulation time 11.000,000,010 s with resource class Event and nice 0
2020-05-23 21:57:36,182 DEBUG - #preProcessEvent at simulation time 12.000,000,000 s with resource class VehicleInfo and nice -99999800
2020-05-23 21:57:36,262 DEBUG - #preProcessEvent at simulation time 12.000,000,010 s with resource class Event and nice 0
2020-05-23 21:57:36,263 DEBUG - #preProcessEvent at simulation time 12.000,000,010 s with resource class Event and nice 0
2020-05-23 21:57:36,263 DEBUG - #preProcessEvent at simulation time 12.001,900,000 s with resource class ReceivedV2XMessage and nice -99999100
2020-05-23 21:57:36,282 DEBUG - #preProcessEvent at simulation time 13.000,000,000 s with resource class VehicleInfo and nice -99999800
2020-05-23 21:57:36,297 DEBUG - #preProcessEvent at simulation time 13.000,000,010 s with resource class Event and nice 0
2020-05-23 21:57:36,298 DEBUG - #preProcessEvent at simulation time 13.000,000,010 s with resource class Event and nice 0
2020-05-23 21:57:36,326 DEBUG - #preProcessEvent at simulation time 14.000,000,000 s with resource class VehicleInfo and nice -99999800
2020-05-23 21:57:36,333 DEBUG - #preProcessEvent at simulation time 14.000,000,010 s with resource class Event and nice 0
2020-05-23 21:57:36,334 DEBUG - #preProcessEvent at simulation time 14.000,000,010 s with resource class Event and nice 0
2020-05-23 21:57:36,335 DEBUG - #preProcessEvent at simulation time 14.000,400,000 s with resource class ReceivedV2XMessage and nice -99999100
2020-05-23 21:57:36,450 DEBUG - #preProcessEvent at simulation time 15.000,000,000 s with resource class VehicleInfo and nice -99999800
2020-05-23 21:57:36,488 DEBUG - #preProcessEvent at simulation time 15.000,000,010 s with resource class Event and nice 0
2020-05-23 21:57:36,488 DEBUG - #preProcessEvent at simulation time 15.000,000,010 s with resource class Event and nice 0
2020-05-23 21:57:36,506 DEBUG - #preProcessEvent at simulation time 16.000,000,000 s with resource class VehicleInfo and nice -99999800
2020-05-23 21:57:36,512 DEBUG - #preProcessEvent at simulation time 16.000,000,010 s with resource class Event and nice 0
2020-05-23 21:57:36,513 DEBUG - #preProcessEvent at simulation time 16.000,000,010 s with resource class Event and nice 0
2020-05-23 21:57:36,513 DEBUG - #preProcessEvent at simulation time 16.001,400,000 s with resource class ReceivedV2XMessage and nice -99999100
2020-05-23 21:57:36,540 DEBUG - #preProcessEvent at simulation time 17.000,000,000 s with resource class VehicleInfo and nice -99999800
2020-05-23 21:57:36,541 DEBUG - #preProcessEvent at simulation time 17.000,000,010 s with resource class Event and nice 0
2020-05-23 21:57:36,541 DEBUG - #preProcessEvent at simulation time 17.000,000,010 s with resource class Event and nice 0
2020-05-23 21:57:36,568 DEBUG - #preProcessEvent at simulation time 18.000,000,000 s with resource class VehicleInfo and nice -99999800
2020-05-23 21:57:36,571 DEBUG - #preProcessEvent at simulation time 18.000,000,010 s with resource class Event and nice 0
2020-05-23 21:57:36,572 DEBUG - #preProcessEvent at simulation time 18.000,000,010 s with resource class Event and nice 0
2020-05-23 21:57:36,572 DEBUG - #preProcessEvent at simulation time 18.002,400,000 s with resource class ReceivedV2XMessage and nice -99999100
2020-05-23 21:57:36,596 DEBUG - #preProcessEvent at simulation time 19.000,000,000 s with resource class VehicleInfo and nice -99999800
2020-05-23 21:57:36,597 DEBUG - #preProcessEvent at simulation time 19.000,000,010 s with resource class Event and nice 0
2020-05-23 21:57:36,598 DEBUG - #preProcessEvent at simulation time 19.000,000,010 s with resource class Event and nice 0
2020-05-23 21:57:36,615 DEBUG - #preProcessEvent at simulation time 20.000,000,000 s with resource class VehicleInfo and nice -99999800
2020-05-23 21:57:36,625 DEBUG - #preProcessEvent at simulation time 20.000,000,010 s with resource class Event and nice 0
2020-05-23 21:57:36,626 DEBUG - #preProcessEvent at simulation time 20.000,000,010 s with resource class Event and nice 0
2020-05-23 21:57:36,627 DEBUG - #preProcessEvent at simulation time 20.001,900,000 s with resource class ReceivedV2XMessage and nice -99999100
2020-05-23 21:57:36,714 DEBUG - #preProcessEvent at simulation time 21.000,000,000 s with resource class VehicleInfo and nice -99999800
2020-05-23 21:57:36,717 DEBUG - #preProcessEvent at simulation time 21.000,000,010 s with resource class Event and nice 0
2020-05-23 21:57:36,717 DEBUG - #preProcessEvent at simulation time 21.000,000,010 s with resource class Event and nice 0
2020-05-23 21:57:36,724 DEBUG - #preProcessEvent at simulation time 22.000,000,000 s with resource class VehicleInfo and nice -99999800
2020-05-23 21:57:36,727 DEBUG - #preProcessEvent at simulation time 22.000,000,010 s with resource class Event and nice 0
2020-05-23 21:57:36,727 DEBUG - #preProcessEvent at simulation time 22.000,000,010 s with resource class Event and nice 0
2020-05-23 21:57:36,728 DEBUG - #preProcessEvent at simulation time 22.001,400,000 s with resource class ReceivedV2XMessage and nice -99999100
2020-05-23 21:57:36,744 DEBUG - #preProcessEvent at simulation time 23.000,000,000 s with resource class VehicleInfo and nice -99999800
2020-05-23 21:57:36,745 DEBUG - #preProcessEvent at simulation time 23.000,000,010 s with resource class Event and nice 0
2020-05-23 21:57:36,745 DEBUG - #preProcessEvent at simulation time 23.000,000,010 s with resource class Event and nice 0
2020-05-23 21:57:36,750 DEBUG - #preProcessEvent at simulation time 24.000,000,000 s with resource class VehicleInfo and nice -99999800
2020-05-23 21:57:36,752 DEBUG - #preProcessEvent at simulation time 24.000,000,010 s with resource class Event and nice 0
2020-05-23 21:57:36,752 DEBUG - #preProcessEvent at simulation time 24.000,000,010 s with resource class Event and nice 0
2020-05-23 21:57:36,752 DEBUG - #preProcessEvent at simulation time 24.000,900,000 s with resource class ReceivedV2XMessage and nice -99999100
2020-05-23 21:57:36,791 DEBUG - #preProcessEvent at simulation time 25.000,000,000 s with resource class VehicleInfo and nice -99999800
2020-05-23 21:57:36,797 DEBUG - #preProcessEvent at simulation time 25.000,000,010 s with resource class Event and nice 0
2020-05-23 21:57:36,797 DEBUG - #preProcessEvent at simulation time 25.000,000,010 s with resource class Event and nice 0
2020-05-23 21:57:36,801 DEBUG - #preProcessEvent at simulation time 26.000,000,000 s with resource class VehicleInfo and nice -99999800
2020-05-23 21:57:36,805 DEBUG - #preProcessEvent at simulation time 26.000,000,010 s with resource class Event and nice 0
2020-05-23 21:57:36,805 DEBUG - #preProcessEvent at simulation time 26.000,000,010 s with resource class Event and nice 0
2020-05-23 21:57:36,805 DEBUG - #preProcessEvent at simulation time 26.000,400,000 s with resource class ReceivedV2XMessage and nice -99999100
2020-05-23 21:57:36,817 DEBUG - #preProcessEvent at simulation time 27.000,000,000 s with resource class VehicleInfo and nice -99999800
2020-05-23 21:57:36,818 DEBUG - #preProcessEvent at simulation time 27.000,000,010 s with resource class Event and nice 0
2020-05-23 21:57:36,818 DEBUG - #preProcessEvent at simulation time 27.000,000,010 s with resource class Event and nice 0
2020-05-23 21:57:36,823 DEBUG - #preProcessEvent at simulation time 28.000,000,000 s with resource class VehicleInfo and nice -99999800
2020-05-23 21:57:36,825 DEBUG - #preProcessEvent at simulation time 28.000,000,010 s with resource class Event and nice 0
2020-05-23 21:57:36,826 DEBUG - #preProcessEvent at simulation time 28.000,000,010 s with resource class Event and nice 0
2020-05-23 21:57:36,826 DEBUG - #preProcessEvent at simulation time 28.002,400,000 s with resource class ReceivedV2XMessage and nice -99999100
2020-05-23 21:57:36,837 DEBUG - #preProcessEvent at simulation time 29.000,000,000 s with resource class VehicleInfo and nice -99999800
2020-05-23 21:57:36,842 DEBUG - #preProcessEvent at simulation time 29.000,000,010 s with resource class Event and nice 0
2020-05-23 21:57:36,842 DEBUG - #preProcessEvent at simulation time 29.000,000,010 s with resource class Event and nice 0
2020-05-23 21:57:36,852 DEBUG - #preProcessEvent at simulation time 30.000,000,000 s with resource class VehicleInfo and nice -99999800
2020-05-23 21:57:36,875 DEBUG - #preProcessEvent at simulation time 30.000,000,010 s with resource class Event and nice 0
2020-05-23 21:57:36,875 DEBUG - #preProcessEvent at simulation time 30.000,000,010 s with resource class Event and nice 0
2020-05-23 21:57:36,876 DEBUG - #preProcessEvent at simulation time 30.001,400,000 s with resource class ReceivedV2XMessage and nice -99999100
2020-05-23 21:57:36,946 DEBUG - #preProcessEvent at simulation time 31.000,000,000 s with resource class VehicleInfo and nice -99999800
2020-05-23 21:57:36,947 DEBUG - #preProcessEvent at simulation time 31.000,000,010 s with resource class Event and nice 0
2020-05-23 21:57:36,948 DEBUG - #preProcessEvent at simulation time 31.000,000,010 s with resource class Event and nice 0
2020-05-23 21:57:36,960 DEBUG - #preProcessEvent at simulation time 32.000,000,000 s with resource class VehicleInfo and nice -99999800
2020-05-23 21:57:36,963 DEBUG - #preProcessEvent at simulation time 32.000,000,010 s with resource class Event and nice 0
2020-05-23 21:57:36,963 DEBUG - #preProcessEvent at simulation time 32.000,000,010 s with resource class Event and nice 0
2020-05-23 21:57:36,964 DEBUG - #preProcessEvent at simulation time 32.000,900,000 s with resource class ReceivedV2XMessage and nice -99999100
2020-05-23 21:57:36,987 DEBUG - #preProcessEvent at simulation time 33.000,000,000 s with resource class VehicleInfo and nice -99999800
2020-05-23 21:57:36,989 DEBUG - #preProcessEvent at simulation time 33.000,000,010 s with resource class Event and nice 0
2020-05-23 21:57:36,989 DEBUG - #preProcessEvent at simulation time 33.000,000,010 s with resource class Event and nice 0
2020-05-23 21:57:36,994 DEBUG - #preProcessEvent at simulation time 34.000,000,000 s with resource class VehicleInfo and nice -99999800
2020-05-23 21:57:36,996 DEBUG - #preProcessEvent at simulation time 34.000,000,010 s with resource class Event and nice 0
2020-05-23 21:57:36,996 DEBUG - #preProcessEvent at simulation time 34.000,000,010 s with resource class Event and nice 0
2020-05-23 21:57:36,997 DEBUG - #preProcessEvent at simulation time 34.001,900,000 s with resource class ReceivedV2XMessage and nice -99999100
2020-05-23 21:57:37,012 DEBUG - #preProcessEvent at simulation time 35.000,000,000 s with resource class VehicleInfo and nice -99999800
2020-05-23 21:57:37,015 DEBUG - #preProcessEvent at simulation time 35.000,000,010 s with resource class Event and nice 0
2020-05-23 21:57:37,015 DEBUG - #preProcessEvent at simulation time 35.000,000,010 s with resource class Event and nice 0
2020-05-23 21:57:37,020 DEBUG - #preProcessEvent at simulation time 36.000,000,000 s with resource class VehicleInfo and nice -99999800
2020-05-23 21:57:37,023 DEBUG - #preProcessEvent at simulation time 36.000,000,010 s with resource class Event and nice 0
2020-05-23 21:57:37,023 DEBUG - #preProcessEvent at simulation time 36.000,000,010 s with resource class Event and nice 0
2020-05-23 21:57:37,023 DEBUG - #preProcessEvent at simulation time 36.001,400,000 s with resource class ReceivedV2XMessage and nice -99999100
2020-05-23 21:57:37,043 DEBUG - #preProcessEvent at simulation time 37.000,000,000 s with resource class VehicleInfo and nice -99999800
2020-05-23 21:57:37,044 DEBUG - #preProcessEvent at simulation time 37.000,000,010 s with resource class Event and nice 0
2020-05-23 21:57:37,045 DEBUG - #preProcessEvent at simulation time 37.000,000,010 s with resource class Event and nice 0
2020-05-23 21:57:37,058 DEBUG - #preProcessEvent at simulation time 38.000,000,000 s with resource class VehicleInfo and nice -99999800
2020-05-23 21:57:37,073 DEBUG - #preProcessEvent at simulation time 38.000,000,010 s with resource class Event and nice 0
2020-05-23 21:57:37,074 DEBUG - #preProcessEvent at simulation time 38.000,000,010 s with resource class Event and nice 0
2020-05-23 21:57:37,078 DEBUG - #preProcessEvent at simulation time 38.001,400,000 s with resource class ReceivedV2XMessage and nice -99999100
2020-05-23 21:57:37,104 DEBUG - #preProcessEvent at simulation time 39.000,000,000 s with resource class VehicleInfo and nice -99999800
2020-05-23 21:57:37,108 DEBUG - #preProcessEvent at simulation time 39.000,000,010 s with resource class Event and nice 0
2020-05-23 21:57:37,108 DEBUG - #preProcessEvent at simulation time 39.000,000,010 s with resource class Event and nice 0
2020-05-23 21:57:37,112 DEBUG - #preProcessEvent at simulation time 40.000,000,000 s with resource class VehicleInfo and nice -99999800
2020-05-23 21:57:37,121 DEBUG - #preProcessEvent at simulation time 40.000,000,010 s with resource class Event and nice 0
2020-05-23 21:57:37,121 DEBUG - #preProcessEvent at simulation time 40.000,000,010 s with resource class Event and nice 0
2020-05-23 21:57:37,122 DEBUG - #preProcessEvent at simulation time 40.000,400,000 s with resource class ReceivedV2XMessage and nice -99999100
2020-05-23 21:57:37,136 DEBUG - #preProcessEvent at simulation time 41.000,000,000 s with resource class VehicleInfo and nice -99999800
2020-05-23 21:57:37,138 DEBUG - #preProcessEvent at simulation time 41.000,000,010 s with resource class Event and nice 0
2020-05-23 21:57:37,139 DEBUG - #preProcessEvent at simulation time 41.000,000,010 s with resource class Event and nice 0
2020-05-23 21:57:37,144 DEBUG - #preProcessEvent at simulation time 42.000,000,000 s with resource class VehicleInfo and nice -99999800
2020-05-23 21:57:37,146 DEBUG - #preProcessEvent at simulation time 42.000,000,010 s with resource class Event and nice 0
2020-05-23 21:57:37,146 DEBUG - #preProcessEvent at simulation time 42.000,000,010 s with resource class Event and nice 0
2020-05-23 21:57:37,146 DEBUG - #preProcessEvent at simulation time 42.000,900,000 s with resource class ReceivedV2XMessage and nice -99999100
2020-05-23 21:57:37,163 DEBUG - #preProcessEvent at simulation time 43.000,000,000 s with resource class VehicleInfo and nice -99999800
2020-05-23 21:57:37,163 DEBUG - #preProcessEvent at simulation time 43.000,000,010 s with resource class Event and nice 0
2020-05-23 21:57:37,163 DEBUG - #preProcessEvent at simulation time 43.000,000,010 s with resource class Event and nice 0
2020-05-23 21:57:37,169 DEBUG - #preProcessEvent at simulation time 44.000,000,000 s with resource class VehicleInfo and nice -99999800
2020-05-23 21:57:37,173 DEBUG - #preProcessEvent at simulation time 44.000,000,010 s with resource class Event and nice 0
2020-05-23 21:57:37,173 DEBUG - #preProcessEvent at simulation time 44.000,000,010 s with resource class Event and nice 0
2020-05-23 21:57:37,174 DEBUG - #preProcessEvent at simulation time 44.000,900,000 s with resource class ReceivedV2XMessage and nice -99999100
2020-05-23 21:57:37,186 DEBUG - #preProcessEvent at simulation time 45.000,000,000 s with resource class VehicleInfo and nice -99999800
2020-05-23 21:57:37,190 DEBUG - #preProcessEvent at simulation time 45.000,000,010 s with resource class Event and nice 0
2020-05-23 21:57:37,191 DEBUG - #preProcessEvent at simulation time 45.000,000,010 s with resource class Event and nice 0
2020-05-23 21:57:37,195 DEBUG - #preProcessEvent at simulation time 46.000,000,000 s with resource class VehicleInfo and nice -99999800
2020-05-23 21:57:37,196 DEBUG - #preProcessEvent at simulation time 46.000,000,010 s with resource class Event and nice 0
2020-05-23 21:57:37,197 DEBUG - #preProcessEvent at simulation time 46.000,000,010 s with resource class Event and nice 0
2020-05-23 21:57:37,197 DEBUG - #preProcessEvent at simulation time 46.001,400,000 s with resource class ReceivedV2XMessage and nice -99999100
2020-05-23 21:57:37,217 DEBUG - #preProcessEvent at simulation time 47.000,000,000 s with resource class VehicleInfo and nice -99999800
2020-05-23 21:57:37,218 DEBUG - #preProcessEvent at simulation time 47.000,000,010 s with resource class Event and nice 0
2020-05-23 21:57:37,218 DEBUG - #preProcessEvent at simulation time 47.000,000,010 s with resource class Event and nice 0
2020-05-23 21:57:37,222 DEBUG - #preProcessEvent at simulation time 48.000,000,000 s with resource class VehicleInfo and nice -99999800
2020-05-23 21:57:37,227 DEBUG - #preProcessEvent at simulation time 48.000,000,010 s with resource class Event and nice 0
2020-05-23 21:57:37,228 DEBUG - #preProcessEvent at simulation time 48.000,000,010 s with resource class Event and nice 0
2020-05-23 21:57:37,228 DEBUG - #preProcessEvent at simulation time 48.001,400,000 s with resource class ReceivedV2XMessage and nice -99999100
2020-05-23 21:57:37,259 DEBUG - #preProcessEvent at simulation time 49.000,000,000 s with resource class VehicleInfo and nice -99999800
2020-05-23 21:57:37,260 DEBUG - #preProcessEvent at simulation time 49.000,000,010 s with resource class Event and nice 0
2020-05-23 21:57:37,260 DEBUG - #preProcessEvent at simulation time 49.000,000,010 s with resource class Event and nice 0
2020-05-23 21:57:37,322 DEBUG - #preProcessEvent at simulation time 50.000,000,000 s with resource class VehicleInfo and nice -99999800
2020-05-23 21:57:37,330 DEBUG - #preProcessEvent at simulation time 50.000,000,010 s with resource class Event and nice 0
2020-05-23 21:57:37,330 DEBUG - #preProcessEvent at simulation time 50.000,000,010 s with resource class Event and nice 0
2020-05-23 21:57:37,335 DEBUG - #preProcessEvent at simulation time 50.002,400,000 s with resource class ReceivedV2XMessage and nice -99999100
2020-05-23 21:57:37,354 DEBUG - #preProcessEvent at simulation time 51.000,000,000 s with resource class VehicleInfo and nice -99999800
2020-05-23 21:57:37,355 DEBUG - #preProcessEvent at simulation time 51.000,000,010 s with resource class Event and nice 0
2020-05-23 21:57:37,355 DEBUG - #preProcessEvent at simulation time 51.000,000,010 s with resource class Event and nice 0
2020-05-23 21:57:37,364 DEBUG - #preProcessEvent at simulation time 52.000,000,000 s with resource class VehicleInfo and nice -99999800
2020-05-23 21:57:37,366 DEBUG - #preProcessEvent at simulation time 52.000,000,010 s with resource class Event and nice 0
2020-05-23 21:57:37,366 DEBUG - #preProcessEvent at simulation time 52.000,000,010 s with resource class Event and nice 0
2020-05-23 21:57:37,366 DEBUG - #preProcessEvent at simulation time 52.000,400,000 s with resource class ReceivedV2XMessage and nice -99999100
2020-05-23 21:57:37,383 DEBUG - #preProcessEvent at simulation time 53.000,000,000 s with resource class VehicleInfo and nice -99999800
2020-05-23 21:57:37,384 DEBUG - #preProcessEvent at simulation time 53.000,000,010 s with resource class Event and nice 0
2020-05-23 21:57:37,384 DEBUG - #preProcessEvent at simulation time 53.000,000,010 s with resource class Event and nice 0
2020-05-23 21:57:37,393 DEBUG - #preProcessEvent at simulation time 54.000,000,000 s with resource class VehicleInfo and nice -99999800
2020-05-23 21:57:37,395 DEBUG - #preProcessEvent at simulation time 54.000,000,010 s with resource class Event and nice 0
2020-05-23 21:57:37,395 DEBUG - #preProcessEvent at simulation time 54.000,000,010 s with resource class Event and nice 0
2020-05-23 21:57:37,395 DEBUG - #preProcessEvent at simulation time 54.001,900,000 s with resource class ReceivedV2XMessage and nice -99999100
2020-05-23 21:57:37,407 DEBUG - #preProcessEvent at simulation time 55.000,000,000 s with resource class VehicleInfo and nice -99999800
2020-05-23 21:57:37,410 DEBUG - #preProcessEvent at simulation time 55.000,000,010 s with resource class Event and nice 0
2020-05-23 21:57:37,410 DEBUG - #preProcessEvent at simulation time 55.000,000,010 s with resource class Event and nice 0
2020-05-23 21:57:37,417 DEBUG - #preProcessEvent at simulation time 56.000,000,000 s with resource class VehicleInfo and nice -99999800
2020-05-23 21:57:37,419 DEBUG - #preProcessEvent at simulation time 56.000,000,010 s with resource class Event and nice 0
2020-05-23 21:57:37,419 DEBUG - #preProcessEvent at simulation time 56.000,000,010 s with resource class Event and nice 0
2020-05-23 21:57:37,419 DEBUG - #preProcessEvent at simulation time 56.001,900,000 s with resource class ReceivedV2XMessage and nice -99999100
2020-05-23 21:57:37,525 DEBUG - #preProcessEvent at simulation time 57.000,000,000 s with resource class VehicleInfo and nice -99999800
2020-05-23 21:57:37,526 DEBUG - #preProcessEvent at simulation time 57.000,000,010 s with resource class Event and nice 0
2020-05-23 21:57:37,526 DEBUG - #preProcessEvent at simulation time 57.000,000,010 s with resource class Event and nice 0
2020-05-23 21:57:37,531 DEBUG - #preProcessEvent at simulation time 58.000,000,000 s with resource class VehicleInfo and nice -99999800
2020-05-23 21:57:37,537 DEBUG - #preProcessEvent at simulation time 58.000,000,010 s with resource class Event and nice 0
2020-05-23 21:57:37,537 DEBUG - #preProcessEvent at simulation time 58.000,000,010 s with resource class Event and nice 0
2020-05-23 21:57:37,537 DEBUG - #preProcessEvent at simulation time 58.002,400,000 s with resource class ReceivedV2XMessage and nice -99999100
2020-05-23 21:57:37,549 DEBUG - #preProcessEvent at simulation time 59.000,000,000 s with resource class VehicleInfo and nice -99999800
2020-05-23 21:57:37,550 DEBUG - #preProcessEvent at simulation time 59.000,000,010 s with resource class Event and nice 0
2020-05-23 21:57:37,550 DEBUG - #preProcessEvent at simulation time 59.000,000,010 s with resource class Event and nice 0
2020-05-23 21:57:37,558 DEBUG - #preProcessEvent at simulation time 60.000,000,000 s with resource class VehicleInfo and nice -99999800
2020-05-23 21:57:37,563 DEBUG - #preProcessEvent at simulation time 60.000,000,010 s with resource class Event and nice 0
2020-05-23 21:57:37,563 DEBUG - #preProcessEvent at simulation time 60.000,000,010 s with resource class Event and nice 0
2020-05-23 21:57:37,563 DEBUG - #preProcessEvent at simulation time 60.001,400,000 s with resource class ReceivedV2XMessage and nice -99999100
2020-05-23 21:57:37,571 DEBUG - #preProcessEvent at simulation time 61.000,000,000 s with resource class VehicleInfo and nice -99999800
2020-05-23 21:57:37,572 DEBUG - #preProcessEvent at simulation time 61.000,000,010 s with resource class Event and nice 0
2020-05-23 21:57:37,572 DEBUG - #preProcessEvent at simulation time 61.000,000,010 s with resource class Event and nice 0
2020-05-23 21:57:37,576 DEBUG - #preProcessEvent at simulation time 62.000,000,000 s with resource class VehicleInfo and nice -99999800
2020-05-23 21:57:37,578 DEBUG - #preProcessEvent at simulation time 62.000,000,010 s with resource class Event and nice 0
2020-05-23 21:57:37,578 DEBUG - #preProcessEvent at simulation time 62.000,000,010 s with resource class Event and nice 0
2020-05-23 21:57:37,578 DEBUG - #preProcessEvent at simulation time 62.001,400,000 s with resource class ReceivedV2XMessage and nice -99999100
2020-05-23 21:57:37,586 DEBUG - #preProcessEvent at simulation time 63.000,000,000 s with resource class VehicleInfo and nice -99999800
2020-05-23 21:57:37,588 DEBUG - #preProcessEvent at simulation time 63.000,000,010 s with resource class Event and nice 0
2020-05-23 21:57:37,588 DEBUG - #preProcessEvent at simulation time 63.000,000,010 s with resource class Event and nice 0
2020-05-23 21:57:37,598 DEBUG - #preProcessEvent at simulation time 64.000,000,000 s with resource class VehicleInfo and nice -99999800
2020-05-23 21:57:37,600 DEBUG - #preProcessEvent at simulation time 64.000,000,010 s with resource class Event and nice 0
2020-05-23 21:57:37,600 DEBUG - #preProcessEvent at simulation time 64.000,000,010 s with resource class Event and nice 0
2020-05-23 21:57:37,600 DEBUG - #preProcessEvent at simulation time 64.000,400,000 s with resource class ReceivedV2XMessage and nice -99999100
2020-05-23 21:57:37,613 DEBUG - #preProcessEvent at simulation time 65.000,000,000 s with resource class VehicleInfo and nice -99999800
2020-05-23 21:57:37,615 DEBUG - #preProcessEvent at simulation time 65.000,000,010 s with resource class Event and nice 0
2020-05-23 21:57:37,615 DEBUG - #preProcessEvent at simulation time 65.000,000,010 s with resource class Event and nice 0
2020-05-23 21:57:37,622 DEBUG - #preProcessEvent at simulation time 66.000,000,000 s with resource class VehicleInfo and nice -99999800
2020-05-23 21:57:37,625 DEBUG - #preProcessEvent at simulation time 66.000,000,010 s with resource class Event and nice 0
2020-05-23 21:57:37,625 DEBUG - #preProcessEvent at simulation time 66.000,000,010 s with resource class Event and nice 0
2020-05-23 21:57:37,625 DEBUG - #preProcessEvent at simulation time 66.002,400,000 s with resource class ReceivedV2XMessage and nice -99999100
2020-05-23 21:57:37,642 DEBUG - #preProcessEvent at simulation time 67.000,000,000 s with resource class VehicleInfo and nice -99999800
2020-05-23 21:57:37,644 DEBUG - #preProcessEvent at simulation time 67.000,000,010 s with resource class Event and nice 0
2020-05-23 21:57:37,644 DEBUG - #preProcessEvent at simulation time 67.000,000,010 s with resource class Event and nice 0
2020-05-23 21:57:37,655 DEBUG - #preProcessEvent at simulation time 68.000,000,000 s with resource class VehicleInfo and nice -99999800
2020-05-23 21:57:37,731 DEBUG - #preProcessEvent at simulation time 68.000,000,010 s with resource class Event and nice 0
2020-05-23 21:57:37,731 DEBUG - #preProcessEvent at simulation time 68.000,000,010 s with resource class Event and nice 0
2020-05-23 21:57:37,740 DEBUG - #preProcessEvent at simulation time 68.001,400,000 s with resource class ReceivedV2XMessage and nice -99999100
2020-05-23 21:57:37,752 DEBUG - #preProcessEvent at simulation time 69.000,000,000 s with resource class VehicleInfo and nice -99999800
2020-05-23 21:57:37,753 DEBUG - #preProcessEvent at simulation time 69.000,000,010 s with resource class Event and nice 0
2020-05-23 21:57:37,754 DEBUG - #preProcessEvent at simulation time 69.000,000,010 s with resource class Event and nice 0
2020-05-23 21:57:37,760 DEBUG - #preProcessEvent at simulation time 70.000,000,000 s with resource class VehicleInfo and nice -99999800
2020-05-23 21:57:37,764 DEBUG - #preProcessEvent at simulation time 70.000,000,010 s with resource class Event and nice 0
2020-05-23 21:57:37,764 DEBUG - #preProcessEvent at simulation time 70.000,000,010 s with resource class Event and nice 0
2020-05-23 21:57:37,765 DEBUG - #preProcessEvent at simulation time 70.002,400,000 s with resource class ReceivedV2XMessage and nice -99999100
2020-05-23 21:57:37,773 DEBUG - #preProcessEvent at simulation time 71.000,000,000 s with resource class VehicleInfo and nice -99999800
2020-05-23 21:57:37,774 DEBUG - #preProcessEvent at simulation time 71.000,000,010 s with resource class Event and nice 0
2020-05-23 21:57:37,775 DEBUG - #preProcessEvent at simulation time 71.000,000,010 s with resource class Event and nice 0
2020-05-23 21:57:37,778 DEBUG - #preProcessEvent at simulation time 72.000,000,000 s with resource class VehicleInfo and nice -99999800
2020-05-23 21:57:37,779 DEBUG - #preProcessEvent at simulation time 72.000,000,010 s with resource class Event and nice 0
2020-05-23 21:57:37,779 DEBUG - #preProcessEvent at simulation time 72.000,000,010 s with resource class Event and nice 0
2020-05-23 21:57:37,780 DEBUG - #preProcessEvent at simulation time 72.001,900,000 s with resource class ReceivedV2XMessage and nice -99999100
2020-05-23 21:57:37,788 DEBUG - #preProcessEvent at simulation time 73.000,000,000 s with resource class VehicleInfo and nice -99999800
2020-05-23 21:57:37,789 DEBUG - #preProcessEvent at simulation time 73.000,000,010 s with resource class Event and nice 0
2020-05-23 21:57:37,789 DEBUG - #preProcessEvent at simulation time 73.000,000,010 s with resource class Event and nice 0
2020-05-23 21:57:37,798 DEBUG - #preProcessEvent at simulation time 74.000,000,000 s with resource class VehicleInfo and nice -99999800
2020-05-23 21:57:37,800 DEBUG - #preProcessEvent at simulation time 74.000,000,010 s with resource class Event and nice 0
2020-05-23 21:57:37,800 DEBUG - #preProcessEvent at simulation time 74.000,000,010 s with resource class Event and nice 0
2020-05-23 21:57:37,800 DEBUG - #preProcessEvent at simulation time 74.000,400,000 s with resource class ReceivedV2XMessage and nice -99999100
2020-05-23 21:57:37,809 DEBUG - #preProcessEvent at simulation time 75.000,000,000 s with resource class VehicleInfo and nice -99999800
2020-05-23 21:57:37,811 DEBUG - #preProcessEvent at simulation time 75.000,000,010 s with resource class Event and nice 0
2020-05-23 21:57:37,811 DEBUG - #preProcessEvent at simulation time 75.000,000,010 s with resource class Event and nice 0
2020-05-23 21:57:37,814 DEBUG - #preProcessEvent at simulation time 76.000,000,000 s with resource class VehicleInfo and nice -99999800
2020-05-23 21:57:37,816 DEBUG - #preProcessEvent at simulation time 76.000,000,010 s with resource class Event and nice 0
2020-05-23 21:57:37,816 DEBUG - #preProcessEvent at simulation time 76.000,000,010 s with resource class Event and nice 0
2020-05-23 21:57:37,816 DEBUG - #preProcessEvent at simulation time 76.001,400,000 s with resource class ReceivedV2XMessage and nice -99999100
2020-05-23 21:57:37,825 DEBUG - #preProcessEvent at simulation time 77.000,000,000 s with resource class VehicleInfo and nice -99999800
2020-05-23 21:57:37,826 DEBUG - #preProcessEvent at simulation time 77.000,000,010 s with resource class Event and nice 0
2020-05-23 21:57:37,826 DEBUG - #preProcessEvent at simulation time 77.000,000,010 s with resource class Event and nice 0
2020-05-23 21:57:37,834 DEBUG - #tearDown at simulation time 78.000,000,000 s
